[2025-07-23T08:13:55.836+0000] {processor.py:161} INFO - Started process (PID=85) to work on /home/airflow/.local/lib/python3.12/site-packages/airflow/example_dags/example_branch_operator.py
[2025-07-23T08:13:55.844+0000] {processor.py:830} INFO - Processing file /home/airflow/.local/lib/python3.12/site-packages/airflow/example_dags/example_branch_operator.py for tasks to queue
[2025-07-23T08:13:55.853+0000] {logging_mixin.py:188} INFO - [2025-07-23T08:13:55.852+0000] {dagbag.py:545} INFO - Filling up the DagBag from /home/airflow/.local/lib/python3.12/site-packages/airflow/example_dags/example_branch_operator.py
[2025-07-23T08:13:55.993+0000] {processor.py:840} INFO - DAG(s) 'example_branch_operator' retrieved from /home/airflow/.local/lib/python3.12/site-packages/airflow/example_dags/example_branch_operator.py
[2025-07-23T08:13:57.250+0000] {logging_mixin.py:188} INFO - [2025-07-23T08:13:57.250+0000] {dag.py:3096} INFO - Sync 1 DAGs
[2025-07-23T08:13:57.413+0000] {logging_mixin.py:188} INFO - [2025-07-23T08:13:57.412+0000] {dag.py:3954} INFO - Setting next_dagrun for example_branch_operator to 2025-07-22 00:00:00+00:00, run_after=2025-07-23 00:00:00+00:00
[2025-07-23T08:13:57.782+0000] {processor.py:183} INFO - Processing /home/airflow/.local/lib/python3.12/site-packages/airflow/example_dags/example_branch_operator.py took 1.985 seconds
[2025-07-23T08:14:28.136+0000] {processor.py:161} INFO - Started process (PID=142) to work on /home/airflow/.local/lib/python3.12/site-packages/airflow/example_dags/example_branch_operator.py
[2025-07-23T08:14:28.173+0000] {processor.py:830} INFO - Processing file /home/airflow/.local/lib/python3.12/site-packages/airflow/example_dags/example_branch_operator.py for tasks to queue
[2025-07-23T08:14:28.191+0000] {logging_mixin.py:188} INFO - [2025-07-23T08:14:28.191+0000] {dagbag.py:545} INFO - Filling up the DagBag from /home/airflow/.local/lib/python3.12/site-packages/airflow/example_dags/example_branch_operator.py
[2025-07-23T08:14:28.374+0000] {processor.py:840} INFO - DAG(s) 'example_branch_operator' retrieved from /home/airflow/.local/lib/python3.12/site-packages/airflow/example_dags/example_branch_operator.py
[2025-07-23T08:14:28.555+0000] {logging_mixin.py:188} INFO - [2025-07-23T08:14:28.553+0000] {dag.py:3096} INFO - Sync 1 DAGs
[2025-07-23T08:14:28.802+0000] {logging_mixin.py:188} INFO - [2025-07-23T08:14:28.801+0000] {dag.py:3954} INFO - Setting next_dagrun for example_branch_operator to 2025-07-22 00:00:00+00:00, run_after=2025-07-23 00:00:00+00:00
[2025-07-23T08:14:28.977+0000] {processor.py:183} INFO - Processing /home/airflow/.local/lib/python3.12/site-packages/airflow/example_dags/example_branch_operator.py took 0.890 seconds
[2025-07-23T08:14:59.614+0000] {processor.py:161} INFO - Started process (PID=200) to work on /home/airflow/.local/lib/python3.12/site-packages/airflow/example_dags/example_branch_operator.py
[2025-07-23T08:14:59.617+0000] {processor.py:830} INFO - Processing file /home/airflow/.local/lib/python3.12/site-packages/airflow/example_dags/example_branch_operator.py for tasks to queue
[2025-07-23T08:14:59.623+0000] {logging_mixin.py:188} INFO - [2025-07-23T08:14:59.623+0000] {dagbag.py:545} INFO - Filling up the DagBag from /home/airflow/.local/lib/python3.12/site-packages/airflow/example_dags/example_branch_operator.py
[2025-07-23T08:14:59.676+0000] {processor.py:840} INFO - DAG(s) 'example_branch_operator' retrieved from /home/airflow/.local/lib/python3.12/site-packages/airflow/example_dags/example_branch_operator.py
[2025-07-23T08:14:59.863+0000] {logging_mixin.py:188} INFO - [2025-07-23T08:14:59.862+0000] {dag.py:3096} INFO - Sync 1 DAGs
[2025-07-23T08:14:59.989+0000] {logging_mixin.py:188} INFO - [2025-07-23T08:14:59.988+0000] {dag.py:3954} INFO - Setting next_dagrun for example_branch_operator to 2025-07-22 00:00:00+00:00, run_after=2025-07-23 00:00:00+00:00
[2025-07-23T08:15:00.088+0000] {processor.py:183} INFO - Processing /home/airflow/.local/lib/python3.12/site-packages/airflow/example_dags/example_branch_operator.py took 0.488 seconds
[2025-07-23T08:15:30.228+0000] {processor.py:161} INFO - Started process (PID=257) to work on /home/airflow/.local/lib/python3.12/site-packages/airflow/example_dags/example_branch_operator.py
[2025-07-23T08:15:30.231+0000] {processor.py:830} INFO - Processing file /home/airflow/.local/lib/python3.12/site-packages/airflow/example_dags/example_branch_operator.py for tasks to queue
[2025-07-23T08:15:30.240+0000] {logging_mixin.py:188} INFO - [2025-07-23T08:15:30.240+0000] {dagbag.py:545} INFO - Filling up the DagBag from /home/airflow/.local/lib/python3.12/site-packages/airflow/example_dags/example_branch_operator.py
[2025-07-23T08:15:30.299+0000] {processor.py:840} INFO - DAG(s) 'example_branch_operator' retrieved from /home/airflow/.local/lib/python3.12/site-packages/airflow/example_dags/example_branch_operator.py
[2025-07-23T08:15:30.393+0000] {logging_mixin.py:188} INFO - [2025-07-23T08:15:30.393+0000] {dag.py:3096} INFO - Sync 1 DAGs
[2025-07-23T08:15:30.459+0000] {logging_mixin.py:188} INFO - [2025-07-23T08:15:30.459+0000] {dag.py:3954} INFO - Setting next_dagrun for example_branch_operator to 2025-07-22 00:00:00+00:00, run_after=2025-07-23 00:00:00+00:00
[2025-07-23T08:15:30.505+0000] {processor.py:183} INFO - Processing /home/airflow/.local/lib/python3.12/site-packages/airflow/example_dags/example_branch_operator.py took 0.310 seconds
[2025-07-23T08:16:00.724+0000] {processor.py:161} INFO - Started process (PID=315) to work on /home/airflow/.local/lib/python3.12/site-packages/airflow/example_dags/example_branch_operator.py
[2025-07-23T08:16:00.760+0000] {processor.py:830} INFO - Processing file /home/airflow/.local/lib/python3.12/site-packages/airflow/example_dags/example_branch_operator.py for tasks to queue
[2025-07-23T08:16:00.806+0000] {logging_mixin.py:188} INFO - [2025-07-23T08:16:00.805+0000] {dagbag.py:545} INFO - Filling up the DagBag from /home/airflow/.local/lib/python3.12/site-packages/airflow/example_dags/example_branch_operator.py
[2025-07-23T08:16:01.037+0000] {processor.py:840} INFO - DAG(s) 'example_branch_operator' retrieved from /home/airflow/.local/lib/python3.12/site-packages/airflow/example_dags/example_branch_operator.py
[2025-07-23T08:16:01.247+0000] {logging_mixin.py:188} INFO - [2025-07-23T08:16:01.228+0000] {dag.py:3096} INFO - Sync 1 DAGs
[2025-07-23T08:16:01.413+0000] {logging_mixin.py:188} INFO - [2025-07-23T08:16:01.413+0000] {dag.py:3954} INFO - Setting next_dagrun for example_branch_operator to 2025-07-22 00:00:00+00:00, run_after=2025-07-23 00:00:00+00:00
[2025-07-23T08:16:01.647+0000] {processor.py:183} INFO - Processing /home/airflow/.local/lib/python3.12/site-packages/airflow/example_dags/example_branch_operator.py took 0.980 seconds
[2025-07-23T08:16:38.816+0000] {processor.py:161} INFO - Started process (PID=371) to work on /home/airflow/.local/lib/python3.12/site-packages/airflow/example_dags/example_branch_operator.py
[2025-07-23T08:16:38.822+0000] {processor.py:830} INFO - Processing file /home/airflow/.local/lib/python3.12/site-packages/airflow/example_dags/example_branch_operator.py for tasks to queue
[2025-07-23T08:16:38.825+0000] {logging_mixin.py:188} INFO - [2025-07-23T08:16:38.825+0000] {dagbag.py:545} INFO - Filling up the DagBag from /home/airflow/.local/lib/python3.12/site-packages/airflow/example_dags/example_branch_operator.py
[2025-07-23T08:16:38.916+0000] {processor.py:840} INFO - DAG(s) 'example_branch_operator' retrieved from /home/airflow/.local/lib/python3.12/site-packages/airflow/example_dags/example_branch_operator.py
[2025-07-23T08:16:39.048+0000] {logging_mixin.py:188} INFO - [2025-07-23T08:16:39.047+0000] {dag.py:3096} INFO - Sync 1 DAGs
[2025-07-23T08:16:39.160+0000] {logging_mixin.py:188} INFO - [2025-07-23T08:16:39.160+0000] {dag.py:3954} INFO - Setting next_dagrun for example_branch_operator to 2025-07-22 00:00:00+00:00, run_after=2025-07-23 00:00:00+00:00
[2025-07-23T08:16:39.272+0000] {processor.py:183} INFO - Processing /home/airflow/.local/lib/python3.12/site-packages/airflow/example_dags/example_branch_operator.py took 0.484 seconds
[2025-07-23T08:17:09.814+0000] {processor.py:161} INFO - Started process (PID=428) to work on /home/airflow/.local/lib/python3.12/site-packages/airflow/example_dags/example_branch_operator.py
[2025-07-23T08:17:09.816+0000] {processor.py:830} INFO - Processing file /home/airflow/.local/lib/python3.12/site-packages/airflow/example_dags/example_branch_operator.py for tasks to queue
[2025-07-23T08:17:09.820+0000] {logging_mixin.py:188} INFO - [2025-07-23T08:17:09.819+0000] {dagbag.py:545} INFO - Filling up the DagBag from /home/airflow/.local/lib/python3.12/site-packages/airflow/example_dags/example_branch_operator.py
[2025-07-23T08:17:09.877+0000] {processor.py:840} INFO - DAG(s) 'example_branch_operator' retrieved from /home/airflow/.local/lib/python3.12/site-packages/airflow/example_dags/example_branch_operator.py
[2025-07-23T08:17:09.968+0000] {logging_mixin.py:188} INFO - [2025-07-23T08:17:09.967+0000] {dag.py:3096} INFO - Sync 1 DAGs
[2025-07-23T08:17:10.008+0000] {logging_mixin.py:188} INFO - [2025-07-23T08:17:10.007+0000] {dag.py:3954} INFO - Setting next_dagrun for example_branch_operator to 2025-07-22 00:00:00+00:00, run_after=2025-07-23 00:00:00+00:00
[2025-07-23T08:17:10.051+0000] {processor.py:183} INFO - Processing /home/airflow/.local/lib/python3.12/site-packages/airflow/example_dags/example_branch_operator.py took 0.259 seconds
[2025-07-23T08:17:40.233+0000] {processor.py:161} INFO - Started process (PID=485) to work on /home/airflow/.local/lib/python3.12/site-packages/airflow/example_dags/example_branch_operator.py
[2025-07-23T08:17:40.241+0000] {processor.py:830} INFO - Processing file /home/airflow/.local/lib/python3.12/site-packages/airflow/example_dags/example_branch_operator.py for tasks to queue
[2025-07-23T08:17:40.259+0000] {logging_mixin.py:188} INFO - [2025-07-23T08:17:40.252+0000] {dagbag.py:545} INFO - Filling up the DagBag from /home/airflow/.local/lib/python3.12/site-packages/airflow/example_dags/example_branch_operator.py
[2025-07-23T08:17:40.315+0000] {processor.py:840} INFO - DAG(s) 'example_branch_operator' retrieved from /home/airflow/.local/lib/python3.12/site-packages/airflow/example_dags/example_branch_operator.py
[2025-07-23T08:17:40.430+0000] {logging_mixin.py:188} INFO - [2025-07-23T08:17:40.430+0000] {dag.py:3096} INFO - Sync 1 DAGs
[2025-07-23T08:17:40.525+0000] {logging_mixin.py:188} INFO - [2025-07-23T08:17:40.525+0000] {dag.py:3954} INFO - Setting next_dagrun for example_branch_operator to 2025-07-22 00:00:00+00:00, run_after=2025-07-23 00:00:00+00:00
[2025-07-23T08:17:40.573+0000] {processor.py:183} INFO - Processing /home/airflow/.local/lib/python3.12/site-packages/airflow/example_dags/example_branch_operator.py took 0.360 seconds
[2025-07-23T08:18:11.532+0000] {processor.py:161} INFO - Started process (PID=543) to work on /home/airflow/.local/lib/python3.12/site-packages/airflow/example_dags/example_branch_operator.py
[2025-07-23T08:18:11.538+0000] {processor.py:830} INFO - Processing file /home/airflow/.local/lib/python3.12/site-packages/airflow/example_dags/example_branch_operator.py for tasks to queue
[2025-07-23T08:18:11.558+0000] {logging_mixin.py:188} INFO - [2025-07-23T08:18:11.552+0000] {dagbag.py:545} INFO - Filling up the DagBag from /home/airflow/.local/lib/python3.12/site-packages/airflow/example_dags/example_branch_operator.py
[2025-07-23T08:18:11.665+0000] {processor.py:840} INFO - DAG(s) 'example_branch_operator' retrieved from /home/airflow/.local/lib/python3.12/site-packages/airflow/example_dags/example_branch_operator.py
[2025-07-23T08:18:11.838+0000] {logging_mixin.py:188} INFO - [2025-07-23T08:18:11.838+0000] {dag.py:3096} INFO - Sync 1 DAGs
[2025-07-23T08:18:11.987+0000] {logging_mixin.py:188} INFO - [2025-07-23T08:18:11.986+0000] {dag.py:3954} INFO - Setting next_dagrun for example_branch_operator to 2025-07-22 00:00:00+00:00, run_after=2025-07-23 00:00:00+00:00
[2025-07-23T08:18:12.163+0000] {processor.py:183} INFO - Processing /home/airflow/.local/lib/python3.12/site-packages/airflow/example_dags/example_branch_operator.py took 0.665 seconds
[2025-07-23T08:18:42.438+0000] {processor.py:161} INFO - Started process (PID=601) to work on /home/airflow/.local/lib/python3.12/site-packages/airflow/example_dags/example_branch_operator.py
[2025-07-23T08:18:42.441+0000] {processor.py:830} INFO - Processing file /home/airflow/.local/lib/python3.12/site-packages/airflow/example_dags/example_branch_operator.py for tasks to queue
[2025-07-23T08:18:42.454+0000] {logging_mixin.py:188} INFO - [2025-07-23T08:18:42.453+0000] {dagbag.py:545} INFO - Filling up the DagBag from /home/airflow/.local/lib/python3.12/site-packages/airflow/example_dags/example_branch_operator.py
[2025-07-23T08:18:42.537+0000] {processor.py:840} INFO - DAG(s) 'example_branch_operator' retrieved from /home/airflow/.local/lib/python3.12/site-packages/airflow/example_dags/example_branch_operator.py
[2025-07-23T08:18:42.656+0000] {logging_mixin.py:188} INFO - [2025-07-23T08:18:42.656+0000] {dag.py:3096} INFO - Sync 1 DAGs
[2025-07-23T08:18:42.821+0000] {logging_mixin.py:188} INFO - [2025-07-23T08:18:42.821+0000] {dag.py:3954} INFO - Setting next_dagrun for example_branch_operator to 2025-07-22 00:00:00+00:00, run_after=2025-07-23 00:00:00+00:00
[2025-07-23T08:18:43.053+0000] {processor.py:183} INFO - Processing /home/airflow/.local/lib/python3.12/site-packages/airflow/example_dags/example_branch_operator.py took 0.633 seconds
[2025-07-23T08:19:13.498+0000] {processor.py:161} INFO - Started process (PID=659) to work on /home/airflow/.local/lib/python3.12/site-packages/airflow/example_dags/example_branch_operator.py
[2025-07-23T08:19:13.514+0000] {processor.py:830} INFO - Processing file /home/airflow/.local/lib/python3.12/site-packages/airflow/example_dags/example_branch_operator.py for tasks to queue
[2025-07-23T08:19:13.519+0000] {logging_mixin.py:188} INFO - [2025-07-23T08:19:13.517+0000] {dagbag.py:545} INFO - Filling up the DagBag from /home/airflow/.local/lib/python3.12/site-packages/airflow/example_dags/example_branch_operator.py
[2025-07-23T08:19:13.634+0000] {processor.py:840} INFO - DAG(s) 'example_branch_operator' retrieved from /home/airflow/.local/lib/python3.12/site-packages/airflow/example_dags/example_branch_operator.py
[2025-07-23T08:19:13.963+0000] {logging_mixin.py:188} INFO - [2025-07-23T08:19:13.962+0000] {dag.py:3096} INFO - Sync 1 DAGs
[2025-07-23T08:19:14.199+0000] {logging_mixin.py:188} INFO - [2025-07-23T08:19:14.199+0000] {dag.py:3954} INFO - Setting next_dagrun for example_branch_operator to 2025-07-22 00:00:00+00:00, run_after=2025-07-23 00:00:00+00:00
[2025-07-23T08:19:14.455+0000] {processor.py:183} INFO - Processing /home/airflow/.local/lib/python3.12/site-packages/airflow/example_dags/example_branch_operator.py took 0.998 seconds
[2025-07-23T08:19:46.211+0000] {processor.py:161} INFO - Started process (PID=717) to work on /home/airflow/.local/lib/python3.12/site-packages/airflow/example_dags/example_branch_operator.py
[2025-07-23T08:19:46.218+0000] {processor.py:830} INFO - Processing file /home/airflow/.local/lib/python3.12/site-packages/airflow/example_dags/example_branch_operator.py for tasks to queue
[2025-07-23T08:19:46.224+0000] {logging_mixin.py:188} INFO - [2025-07-23T08:19:46.221+0000] {dagbag.py:545} INFO - Filling up the DagBag from /home/airflow/.local/lib/python3.12/site-packages/airflow/example_dags/example_branch_operator.py
[2025-07-23T08:19:46.385+0000] {processor.py:840} INFO - DAG(s) 'example_branch_operator' retrieved from /home/airflow/.local/lib/python3.12/site-packages/airflow/example_dags/example_branch_operator.py
[2025-07-23T08:19:46.623+0000] {logging_mixin.py:188} INFO - [2025-07-23T08:19:46.623+0000] {dag.py:3096} INFO - Sync 1 DAGs
[2025-07-23T08:19:46.878+0000] {logging_mixin.py:188} INFO - [2025-07-23T08:19:46.877+0000] {dag.py:3954} INFO - Setting next_dagrun for example_branch_operator to 2025-07-22 00:00:00+00:00, run_after=2025-07-23 00:00:00+00:00
[2025-07-23T08:19:47.098+0000] {processor.py:183} INFO - Processing /home/airflow/.local/lib/python3.12/site-packages/airflow/example_dags/example_branch_operator.py took 0.929 seconds
[2025-07-23T08:20:18.710+0000] {processor.py:161} INFO - Started process (PID=774) to work on /home/airflow/.local/lib/python3.12/site-packages/airflow/example_dags/example_branch_operator.py
[2025-07-23T08:20:18.731+0000] {processor.py:830} INFO - Processing file /home/airflow/.local/lib/python3.12/site-packages/airflow/example_dags/example_branch_operator.py for tasks to queue
[2025-07-23T08:20:18.740+0000] {logging_mixin.py:188} INFO - [2025-07-23T08:20:18.739+0000] {dagbag.py:545} INFO - Filling up the DagBag from /home/airflow/.local/lib/python3.12/site-packages/airflow/example_dags/example_branch_operator.py
[2025-07-23T08:20:18.799+0000] {processor.py:840} INFO - DAG(s) 'example_branch_operator' retrieved from /home/airflow/.local/lib/python3.12/site-packages/airflow/example_dags/example_branch_operator.py
[2025-07-23T08:20:19.200+0000] {logging_mixin.py:188} INFO - [2025-07-23T08:20:19.200+0000] {dag.py:3096} INFO - Sync 1 DAGs
[2025-07-23T08:20:19.253+0000] {logging_mixin.py:188} INFO - [2025-07-23T08:20:19.252+0000] {dag.py:3954} INFO - Setting next_dagrun for example_branch_operator to 2025-07-22 00:00:00+00:00, run_after=2025-07-23 00:00:00+00:00
[2025-07-23T08:20:19.364+0000] {processor.py:183} INFO - Processing /home/airflow/.local/lib/python3.12/site-packages/airflow/example_dags/example_branch_operator.py took 0.681 seconds
[2025-07-23T08:20:56.347+0000] {processor.py:161} INFO - Started process (PID=837) to work on /home/airflow/.local/lib/python3.12/site-packages/airflow/example_dags/example_branch_operator.py
[2025-07-23T08:20:56.355+0000] {processor.py:830} INFO - Processing file /home/airflow/.local/lib/python3.12/site-packages/airflow/example_dags/example_branch_operator.py for tasks to queue
[2025-07-23T08:20:56.370+0000] {logging_mixin.py:188} INFO - [2025-07-23T08:20:56.369+0000] {dagbag.py:545} INFO - Filling up the DagBag from /home/airflow/.local/lib/python3.12/site-packages/airflow/example_dags/example_branch_operator.py
[2025-07-23T08:20:56.546+0000] {processor.py:840} INFO - DAG(s) 'example_branch_operator' retrieved from /home/airflow/.local/lib/python3.12/site-packages/airflow/example_dags/example_branch_operator.py
[2025-07-23T08:20:56.759+0000] {logging_mixin.py:188} INFO - [2025-07-23T08:20:56.758+0000] {dag.py:3096} INFO - Sync 1 DAGs
[2025-07-23T08:20:56.897+0000] {logging_mixin.py:188} INFO - [2025-07-23T08:20:56.897+0000] {dag.py:3954} INFO - Setting next_dagrun for example_branch_operator to 2025-07-22 00:00:00+00:00, run_after=2025-07-23 00:00:00+00:00
[2025-07-23T08:20:57.033+0000] {processor.py:183} INFO - Processing /home/airflow/.local/lib/python3.12/site-packages/airflow/example_dags/example_branch_operator.py took 0.739 seconds
[2025-07-23T08:21:28.886+0000] {processor.py:161} INFO - Started process (PID=896) to work on /home/airflow/.local/lib/python3.12/site-packages/airflow/example_dags/example_branch_operator.py
[2025-07-23T08:21:28.901+0000] {processor.py:830} INFO - Processing file /home/airflow/.local/lib/python3.12/site-packages/airflow/example_dags/example_branch_operator.py for tasks to queue
[2025-07-23T08:21:28.907+0000] {logging_mixin.py:188} INFO - [2025-07-23T08:21:28.906+0000] {dagbag.py:545} INFO - Filling up the DagBag from /home/airflow/.local/lib/python3.12/site-packages/airflow/example_dags/example_branch_operator.py
[2025-07-23T08:21:29.051+0000] {processor.py:840} INFO - DAG(s) 'example_branch_operator' retrieved from /home/airflow/.local/lib/python3.12/site-packages/airflow/example_dags/example_branch_operator.py
[2025-07-23T08:21:29.232+0000] {logging_mixin.py:188} INFO - [2025-07-23T08:21:29.231+0000] {dag.py:3096} INFO - Sync 1 DAGs
[2025-07-23T08:21:29.381+0000] {logging_mixin.py:188} INFO - [2025-07-23T08:21:29.381+0000] {dag.py:3954} INFO - Setting next_dagrun for example_branch_operator to 2025-07-22 00:00:00+00:00, run_after=2025-07-23 00:00:00+00:00
[2025-07-23T08:21:29.571+0000] {processor.py:183} INFO - Processing /home/airflow/.local/lib/python3.12/site-packages/airflow/example_dags/example_branch_operator.py took 0.728 seconds
[2025-07-23T08:21:59.861+0000] {processor.py:161} INFO - Started process (PID=954) to work on /home/airflow/.local/lib/python3.12/site-packages/airflow/example_dags/example_branch_operator.py
[2025-07-23T08:21:59.862+0000] {processor.py:830} INFO - Processing file /home/airflow/.local/lib/python3.12/site-packages/airflow/example_dags/example_branch_operator.py for tasks to queue
[2025-07-23T08:21:59.868+0000] {logging_mixin.py:188} INFO - [2025-07-23T08:21:59.867+0000] {dagbag.py:545} INFO - Filling up the DagBag from /home/airflow/.local/lib/python3.12/site-packages/airflow/example_dags/example_branch_operator.py
[2025-07-23T08:21:59.903+0000] {processor.py:840} INFO - DAG(s) 'example_branch_operator' retrieved from /home/airflow/.local/lib/python3.12/site-packages/airflow/example_dags/example_branch_operator.py
[2025-07-23T08:21:59.953+0000] {logging_mixin.py:188} INFO - [2025-07-23T08:21:59.953+0000] {dag.py:3096} INFO - Sync 1 DAGs
[2025-07-23T08:22:00.027+0000] {logging_mixin.py:188} INFO - [2025-07-23T08:22:00.026+0000] {dag.py:3954} INFO - Setting next_dagrun for example_branch_operator to 2025-07-22 00:00:00+00:00, run_after=2025-07-23 00:00:00+00:00
[2025-07-23T08:22:00.096+0000] {processor.py:183} INFO - Processing /home/airflow/.local/lib/python3.12/site-packages/airflow/example_dags/example_branch_operator.py took 0.247 seconds
[2025-07-23T08:22:30.650+0000] {processor.py:161} INFO - Started process (PID=1011) to work on /home/airflow/.local/lib/python3.12/site-packages/airflow/example_dags/example_branch_operator.py
[2025-07-23T08:22:30.656+0000] {processor.py:830} INFO - Processing file /home/airflow/.local/lib/python3.12/site-packages/airflow/example_dags/example_branch_operator.py for tasks to queue
[2025-07-23T08:22:30.675+0000] {logging_mixin.py:188} INFO - [2025-07-23T08:22:30.674+0000] {dagbag.py:545} INFO - Filling up the DagBag from /home/airflow/.local/lib/python3.12/site-packages/airflow/example_dags/example_branch_operator.py
[2025-07-23T08:22:30.801+0000] {processor.py:840} INFO - DAG(s) 'example_branch_operator' retrieved from /home/airflow/.local/lib/python3.12/site-packages/airflow/example_dags/example_branch_operator.py
[2025-07-23T08:22:31.030+0000] {logging_mixin.py:188} INFO - [2025-07-23T08:22:31.029+0000] {dag.py:3096} INFO - Sync 1 DAGs
[2025-07-23T08:22:31.215+0000] {logging_mixin.py:188} INFO - [2025-07-23T08:22:31.214+0000] {dag.py:3954} INFO - Setting next_dagrun for example_branch_operator to 2025-07-22 00:00:00+00:00, run_after=2025-07-23 00:00:00+00:00
[2025-07-23T08:22:31.328+0000] {processor.py:183} INFO - Processing /home/airflow/.local/lib/python3.12/site-packages/airflow/example_dags/example_branch_operator.py took 0.717 seconds
[2025-07-23T08:23:08.285+0000] {processor.py:161} INFO - Started process (PID=1069) to work on /home/airflow/.local/lib/python3.12/site-packages/airflow/example_dags/example_branch_operator.py
[2025-07-23T08:23:08.287+0000] {processor.py:830} INFO - Processing file /home/airflow/.local/lib/python3.12/site-packages/airflow/example_dags/example_branch_operator.py for tasks to queue
[2025-07-23T08:23:08.301+0000] {logging_mixin.py:188} INFO - [2025-07-23T08:23:08.301+0000] {dagbag.py:545} INFO - Filling up the DagBag from /home/airflow/.local/lib/python3.12/site-packages/airflow/example_dags/example_branch_operator.py
[2025-07-23T08:23:08.429+0000] {processor.py:840} INFO - DAG(s) 'example_branch_operator' retrieved from /home/airflow/.local/lib/python3.12/site-packages/airflow/example_dags/example_branch_operator.py
[2025-07-23T08:23:08.804+0000] {logging_mixin.py:188} INFO - [2025-07-23T08:23:08.803+0000] {dag.py:3096} INFO - Sync 1 DAGs
[2025-07-23T08:23:09.025+0000] {logging_mixin.py:188} INFO - [2025-07-23T08:23:09.024+0000] {dag.py:3954} INFO - Setting next_dagrun for example_branch_operator to 2025-07-22 00:00:00+00:00, run_after=2025-07-23 00:00:00+00:00
[2025-07-23T08:23:09.306+0000] {processor.py:183} INFO - Processing /home/airflow/.local/lib/python3.12/site-packages/airflow/example_dags/example_branch_operator.py took 1.046 seconds
[2025-07-23T08:23:48.453+0000] {processor.py:161} INFO - Started process (PID=1120) to work on /home/airflow/.local/lib/python3.12/site-packages/airflow/example_dags/example_branch_operator.py
[2025-07-23T08:23:48.460+0000] {processor.py:830} INFO - Processing file /home/airflow/.local/lib/python3.12/site-packages/airflow/example_dags/example_branch_operator.py for tasks to queue
[2025-07-23T08:23:48.479+0000] {logging_mixin.py:188} INFO - [2025-07-23T08:23:48.478+0000] {dagbag.py:545} INFO - Filling up the DagBag from /home/airflow/.local/lib/python3.12/site-packages/airflow/example_dags/example_branch_operator.py
[2025-07-23T08:23:48.658+0000] {processor.py:840} INFO - DAG(s) 'example_branch_operator' retrieved from /home/airflow/.local/lib/python3.12/site-packages/airflow/example_dags/example_branch_operator.py
[2025-07-23T08:23:48.917+0000] {logging_mixin.py:188} INFO - [2025-07-23T08:23:48.917+0000] {dag.py:3096} INFO - Sync 1 DAGs
[2025-07-23T08:23:49.154+0000] {logging_mixin.py:188} INFO - [2025-07-23T08:23:49.154+0000] {dag.py:3954} INFO - Setting next_dagrun for example_branch_operator to 2025-07-22 00:00:00+00:00, run_after=2025-07-23 00:00:00+00:00
[2025-07-23T08:23:49.324+0000] {processor.py:183} INFO - Processing /home/airflow/.local/lib/python3.12/site-packages/airflow/example_dags/example_branch_operator.py took 0.914 seconds
[2025-07-23T08:24:20.587+0000] {processor.py:161} INFO - Started process (PID=1178) to work on /home/airflow/.local/lib/python3.12/site-packages/airflow/example_dags/example_branch_operator.py
[2025-07-23T08:24:20.590+0000] {processor.py:830} INFO - Processing file /home/airflow/.local/lib/python3.12/site-packages/airflow/example_dags/example_branch_operator.py for tasks to queue
[2025-07-23T08:24:20.628+0000] {logging_mixin.py:188} INFO - [2025-07-23T08:24:20.622+0000] {dagbag.py:545} INFO - Filling up the DagBag from /home/airflow/.local/lib/python3.12/site-packages/airflow/example_dags/example_branch_operator.py
[2025-07-23T08:24:20.760+0000] {processor.py:840} INFO - DAG(s) 'example_branch_operator' retrieved from /home/airflow/.local/lib/python3.12/site-packages/airflow/example_dags/example_branch_operator.py
[2025-07-23T08:24:21.042+0000] {logging_mixin.py:188} INFO - [2025-07-23T08:24:21.041+0000] {dag.py:3096} INFO - Sync 1 DAGs
[2025-07-23T08:24:21.344+0000] {logging_mixin.py:188} INFO - [2025-07-23T08:24:21.312+0000] {dag.py:3954} INFO - Setting next_dagrun for example_branch_operator to 2025-07-22 00:00:00+00:00, run_after=2025-07-23 00:00:00+00:00
[2025-07-23T08:24:21.469+0000] {processor.py:183} INFO - Processing /home/airflow/.local/lib/python3.12/site-packages/airflow/example_dags/example_branch_operator.py took 0.934 seconds
[2025-07-23T08:24:51.856+0000] {processor.py:161} INFO - Started process (PID=1235) to work on /home/airflow/.local/lib/python3.12/site-packages/airflow/example_dags/example_branch_operator.py
[2025-07-23T08:24:51.867+0000] {processor.py:830} INFO - Processing file /home/airflow/.local/lib/python3.12/site-packages/airflow/example_dags/example_branch_operator.py for tasks to queue
[2025-07-23T08:24:51.895+0000] {logging_mixin.py:188} INFO - [2025-07-23T08:24:51.894+0000] {dagbag.py:545} INFO - Filling up the DagBag from /home/airflow/.local/lib/python3.12/site-packages/airflow/example_dags/example_branch_operator.py
[2025-07-23T08:24:52.247+0000] {processor.py:840} INFO - DAG(s) 'example_branch_operator' retrieved from /home/airflow/.local/lib/python3.12/site-packages/airflow/example_dags/example_branch_operator.py
[2025-07-23T08:24:52.489+0000] {logging_mixin.py:188} INFO - [2025-07-23T08:24:52.489+0000] {dag.py:3096} INFO - Sync 1 DAGs
[2025-07-23T08:24:52.609+0000] {logging_mixin.py:188} INFO - [2025-07-23T08:24:52.609+0000] {dag.py:3954} INFO - Setting next_dagrun for example_branch_operator to 2025-07-22 00:00:00+00:00, run_after=2025-07-23 00:00:00+00:00
[2025-07-23T08:24:52.788+0000] {processor.py:183} INFO - Processing /home/airflow/.local/lib/python3.12/site-packages/airflow/example_dags/example_branch_operator.py took 0.999 seconds
[2025-07-23T08:25:23.326+0000] {processor.py:161} INFO - Started process (PID=1293) to work on /home/airflow/.local/lib/python3.12/site-packages/airflow/example_dags/example_branch_operator.py
[2025-07-23T08:25:23.359+0000] {processor.py:830} INFO - Processing file /home/airflow/.local/lib/python3.12/site-packages/airflow/example_dags/example_branch_operator.py for tasks to queue
[2025-07-23T08:25:23.386+0000] {logging_mixin.py:188} INFO - [2025-07-23T08:25:23.385+0000] {dagbag.py:545} INFO - Filling up the DagBag from /home/airflow/.local/lib/python3.12/site-packages/airflow/example_dags/example_branch_operator.py
[2025-07-23T08:25:23.455+0000] {processor.py:840} INFO - DAG(s) 'example_branch_operator' retrieved from /home/airflow/.local/lib/python3.12/site-packages/airflow/example_dags/example_branch_operator.py
[2025-07-23T08:25:23.529+0000] {logging_mixin.py:188} INFO - [2025-07-23T08:25:23.529+0000] {dag.py:3096} INFO - Sync 1 DAGs
[2025-07-23T08:25:23.623+0000] {logging_mixin.py:188} INFO - [2025-07-23T08:25:23.622+0000] {dag.py:3954} INFO - Setting next_dagrun for example_branch_operator to 2025-07-22 00:00:00+00:00, run_after=2025-07-23 00:00:00+00:00
[2025-07-23T08:25:23.685+0000] {processor.py:183} INFO - Processing /home/airflow/.local/lib/python3.12/site-packages/airflow/example_dags/example_branch_operator.py took 0.381 seconds
[2025-07-23T08:25:54.881+0000] {processor.py:161} INFO - Started process (PID=1351) to work on /home/airflow/.local/lib/python3.12/site-packages/airflow/example_dags/example_branch_operator.py
[2025-07-23T08:25:54.883+0000] {processor.py:830} INFO - Processing file /home/airflow/.local/lib/python3.12/site-packages/airflow/example_dags/example_branch_operator.py for tasks to queue
[2025-07-23T08:25:54.887+0000] {logging_mixin.py:188} INFO - [2025-07-23T08:25:54.886+0000] {dagbag.py:545} INFO - Filling up the DagBag from /home/airflow/.local/lib/python3.12/site-packages/airflow/example_dags/example_branch_operator.py
[2025-07-23T08:25:54.960+0000] {processor.py:840} INFO - DAG(s) 'example_branch_operator' retrieved from /home/airflow/.local/lib/python3.12/site-packages/airflow/example_dags/example_branch_operator.py
[2025-07-23T08:25:55.128+0000] {logging_mixin.py:188} INFO - [2025-07-23T08:25:55.127+0000] {dag.py:3096} INFO - Sync 1 DAGs
[2025-07-23T08:25:55.228+0000] {logging_mixin.py:188} INFO - [2025-07-23T08:25:55.228+0000] {dag.py:3954} INFO - Setting next_dagrun for example_branch_operator to 2025-07-22 00:00:00+00:00, run_after=2025-07-23 00:00:00+00:00
[2025-07-23T08:25:55.322+0000] {processor.py:183} INFO - Processing /home/airflow/.local/lib/python3.12/site-packages/airflow/example_dags/example_branch_operator.py took 0.457 seconds
[2025-07-23T08:26:26.158+0000] {processor.py:161} INFO - Started process (PID=1408) to work on /home/airflow/.local/lib/python3.12/site-packages/airflow/example_dags/example_branch_operator.py
[2025-07-23T08:26:26.160+0000] {processor.py:830} INFO - Processing file /home/airflow/.local/lib/python3.12/site-packages/airflow/example_dags/example_branch_operator.py for tasks to queue
[2025-07-23T08:26:26.164+0000] {logging_mixin.py:188} INFO - [2025-07-23T08:26:26.164+0000] {dagbag.py:545} INFO - Filling up the DagBag from /home/airflow/.local/lib/python3.12/site-packages/airflow/example_dags/example_branch_operator.py
[2025-07-23T08:26:26.212+0000] {processor.py:840} INFO - DAG(s) 'example_branch_operator' retrieved from /home/airflow/.local/lib/python3.12/site-packages/airflow/example_dags/example_branch_operator.py
[2025-07-23T08:26:26.283+0000] {logging_mixin.py:188} INFO - [2025-07-23T08:26:26.282+0000] {dag.py:3096} INFO - Sync 1 DAGs
[2025-07-23T08:26:26.345+0000] {logging_mixin.py:188} INFO - [2025-07-23T08:26:26.345+0000] {dag.py:3954} INFO - Setting next_dagrun for example_branch_operator to 2025-07-22 00:00:00+00:00, run_after=2025-07-23 00:00:00+00:00
[2025-07-23T08:26:26.397+0000] {processor.py:183} INFO - Processing /home/airflow/.local/lib/python3.12/site-packages/airflow/example_dags/example_branch_operator.py took 0.262 seconds
[2025-07-23T08:26:56.861+0000] {processor.py:161} INFO - Started process (PID=1466) to work on /home/airflow/.local/lib/python3.12/site-packages/airflow/example_dags/example_branch_operator.py
[2025-07-23T08:26:56.862+0000] {processor.py:830} INFO - Processing file /home/airflow/.local/lib/python3.12/site-packages/airflow/example_dags/example_branch_operator.py for tasks to queue
[2025-07-23T08:26:56.868+0000] {logging_mixin.py:188} INFO - [2025-07-23T08:26:56.867+0000] {dagbag.py:545} INFO - Filling up the DagBag from /home/airflow/.local/lib/python3.12/site-packages/airflow/example_dags/example_branch_operator.py
[2025-07-23T08:26:56.911+0000] {processor.py:840} INFO - DAG(s) 'example_branch_operator' retrieved from /home/airflow/.local/lib/python3.12/site-packages/airflow/example_dags/example_branch_operator.py
[2025-07-23T08:26:57.007+0000] {logging_mixin.py:188} INFO - [2025-07-23T08:26:57.007+0000] {dag.py:3096} INFO - Sync 1 DAGs
[2025-07-23T08:26:57.057+0000] {logging_mixin.py:188} INFO - [2025-07-23T08:26:57.057+0000] {dag.py:3954} INFO - Setting next_dagrun for example_branch_operator to 2025-07-22 00:00:00+00:00, run_after=2025-07-23 00:00:00+00:00
[2025-07-23T08:26:57.104+0000] {processor.py:183} INFO - Processing /home/airflow/.local/lib/python3.12/site-packages/airflow/example_dags/example_branch_operator.py took 0.254 seconds
[2025-07-23T08:27:39.115+0000] {processor.py:161} INFO - Started process (PID=1530) to work on /home/airflow/.local/lib/python3.12/site-packages/airflow/example_dags/example_branch_operator.py
[2025-07-23T08:27:39.121+0000] {processor.py:830} INFO - Processing file /home/airflow/.local/lib/python3.12/site-packages/airflow/example_dags/example_branch_operator.py for tasks to queue
[2025-07-23T08:27:39.142+0000] {logging_mixin.py:188} INFO - [2025-07-23T08:27:39.141+0000] {dagbag.py:545} INFO - Filling up the DagBag from /home/airflow/.local/lib/python3.12/site-packages/airflow/example_dags/example_branch_operator.py
[2025-07-23T08:27:39.227+0000] {processor.py:840} INFO - DAG(s) 'example_branch_operator' retrieved from /home/airflow/.local/lib/python3.12/site-packages/airflow/example_dags/example_branch_operator.py
[2025-07-23T08:27:39.385+0000] {logging_mixin.py:188} INFO - [2025-07-23T08:27:39.385+0000] {dag.py:3096} INFO - Sync 1 DAGs
[2025-07-23T08:27:39.531+0000] {logging_mixin.py:188} INFO - [2025-07-23T08:27:39.531+0000] {dag.py:3954} INFO - Setting next_dagrun for example_branch_operator to 2025-07-22 00:00:00+00:00, run_after=2025-07-23 00:00:00+00:00
[2025-07-23T08:27:39.898+0000] {processor.py:183} INFO - Processing /home/airflow/.local/lib/python3.12/site-packages/airflow/example_dags/example_branch_operator.py took 0.842 seconds
[2025-07-23T08:28:10.420+0000] {processor.py:161} INFO - Started process (PID=1588) to work on /home/airflow/.local/lib/python3.12/site-packages/airflow/example_dags/example_branch_operator.py
[2025-07-23T08:28:10.422+0000] {processor.py:830} INFO - Processing file /home/airflow/.local/lib/python3.12/site-packages/airflow/example_dags/example_branch_operator.py for tasks to queue
[2025-07-23T08:28:10.426+0000] {logging_mixin.py:188} INFO - [2025-07-23T08:28:10.426+0000] {dagbag.py:545} INFO - Filling up the DagBag from /home/airflow/.local/lib/python3.12/site-packages/airflow/example_dags/example_branch_operator.py
[2025-07-23T08:28:10.470+0000] {processor.py:840} INFO - DAG(s) 'example_branch_operator' retrieved from /home/airflow/.local/lib/python3.12/site-packages/airflow/example_dags/example_branch_operator.py
[2025-07-23T08:28:10.592+0000] {logging_mixin.py:188} INFO - [2025-07-23T08:28:10.591+0000] {dag.py:3096} INFO - Sync 1 DAGs
[2025-07-23T08:28:10.642+0000] {logging_mixin.py:188} INFO - [2025-07-23T08:28:10.642+0000] {dag.py:3954} INFO - Setting next_dagrun for example_branch_operator to 2025-07-22 00:00:00+00:00, run_after=2025-07-23 00:00:00+00:00
[2025-07-23T08:28:10.696+0000] {processor.py:183} INFO - Processing /home/airflow/.local/lib/python3.12/site-packages/airflow/example_dags/example_branch_operator.py took 0.288 seconds
[2025-07-23T08:28:44.153+0000] {processor.py:161} INFO - Started process (PID=1647) to work on /home/airflow/.local/lib/python3.12/site-packages/airflow/example_dags/example_branch_operator.py
[2025-07-23T08:28:44.160+0000] {processor.py:830} INFO - Processing file /home/airflow/.local/lib/python3.12/site-packages/airflow/example_dags/example_branch_operator.py for tasks to queue
[2025-07-23T08:28:44.165+0000] {logging_mixin.py:188} INFO - [2025-07-23T08:28:44.164+0000] {dagbag.py:545} INFO - Filling up the DagBag from /home/airflow/.local/lib/python3.12/site-packages/airflow/example_dags/example_branch_operator.py
[2025-07-23T08:28:44.360+0000] {processor.py:840} INFO - DAG(s) 'example_branch_operator' retrieved from /home/airflow/.local/lib/python3.12/site-packages/airflow/example_dags/example_branch_operator.py
[2025-07-23T08:28:44.480+0000] {logging_mixin.py:188} INFO - [2025-07-23T08:28:44.480+0000] {dag.py:3096} INFO - Sync 1 DAGs
[2025-07-23T08:28:44.667+0000] {logging_mixin.py:188} INFO - [2025-07-23T08:28:44.667+0000] {dag.py:3954} INFO - Setting next_dagrun for example_branch_operator to 2025-07-22 00:00:00+00:00, run_after=2025-07-23 00:00:00+00:00
[2025-07-23T08:28:44.866+0000] {processor.py:183} INFO - Processing /home/airflow/.local/lib/python3.12/site-packages/airflow/example_dags/example_branch_operator.py took 0.771 seconds
[2025-07-23T08:29:15.521+0000] {processor.py:161} INFO - Started process (PID=1705) to work on /home/airflow/.local/lib/python3.12/site-packages/airflow/example_dags/example_branch_operator.py
[2025-07-23T08:29:15.527+0000] {processor.py:830} INFO - Processing file /home/airflow/.local/lib/python3.12/site-packages/airflow/example_dags/example_branch_operator.py for tasks to queue
[2025-07-23T08:29:15.596+0000] {logging_mixin.py:188} INFO - [2025-07-23T08:29:15.595+0000] {dagbag.py:545} INFO - Filling up the DagBag from /home/airflow/.local/lib/python3.12/site-packages/airflow/example_dags/example_branch_operator.py
[2025-07-23T08:29:15.761+0000] {processor.py:840} INFO - DAG(s) 'example_branch_operator' retrieved from /home/airflow/.local/lib/python3.12/site-packages/airflow/example_dags/example_branch_operator.py
[2025-07-23T08:29:15.914+0000] {logging_mixin.py:188} INFO - [2025-07-23T08:29:15.913+0000] {dag.py:3096} INFO - Sync 1 DAGs
[2025-07-23T08:29:16.020+0000] {logging_mixin.py:188} INFO - [2025-07-23T08:29:16.020+0000] {dag.py:3954} INFO - Setting next_dagrun for example_branch_operator to 2025-07-22 00:00:00+00:00, run_after=2025-07-23 00:00:00+00:00
[2025-07-23T08:29:16.094+0000] {processor.py:183} INFO - Processing /home/airflow/.local/lib/python3.12/site-packages/airflow/example_dags/example_branch_operator.py took 0.587 seconds
[2025-07-23T08:29:46.280+0000] {processor.py:161} INFO - Started process (PID=1762) to work on /home/airflow/.local/lib/python3.12/site-packages/airflow/example_dags/example_branch_operator.py
[2025-07-23T08:29:46.282+0000] {processor.py:830} INFO - Processing file /home/airflow/.local/lib/python3.12/site-packages/airflow/example_dags/example_branch_operator.py for tasks to queue
[2025-07-23T08:29:46.286+0000] {logging_mixin.py:188} INFO - [2025-07-23T08:29:46.285+0000] {dagbag.py:545} INFO - Filling up the DagBag from /home/airflow/.local/lib/python3.12/site-packages/airflow/example_dags/example_branch_operator.py
[2025-07-23T08:29:46.328+0000] {processor.py:840} INFO - DAG(s) 'example_branch_operator' retrieved from /home/airflow/.local/lib/python3.12/site-packages/airflow/example_dags/example_branch_operator.py
[2025-07-23T08:29:46.408+0000] {logging_mixin.py:188} INFO - [2025-07-23T08:29:46.407+0000] {dag.py:3096} INFO - Sync 1 DAGs
[2025-07-23T08:29:46.463+0000] {logging_mixin.py:188} INFO - [2025-07-23T08:29:46.463+0000] {dag.py:3954} INFO - Setting next_dagrun for example_branch_operator to 2025-07-22 00:00:00+00:00, run_after=2025-07-23 00:00:00+00:00
[2025-07-23T08:29:46.537+0000] {processor.py:183} INFO - Processing /home/airflow/.local/lib/python3.12/site-packages/airflow/example_dags/example_branch_operator.py took 0.272 seconds
[2025-07-23T08:30:17.393+0000] {processor.py:161} INFO - Started process (PID=1820) to work on /home/airflow/.local/lib/python3.12/site-packages/airflow/example_dags/example_branch_operator.py
[2025-07-23T08:30:17.395+0000] {processor.py:830} INFO - Processing file /home/airflow/.local/lib/python3.12/site-packages/airflow/example_dags/example_branch_operator.py for tasks to queue
[2025-07-23T08:30:17.399+0000] {logging_mixin.py:188} INFO - [2025-07-23T08:30:17.399+0000] {dagbag.py:545} INFO - Filling up the DagBag from /home/airflow/.local/lib/python3.12/site-packages/airflow/example_dags/example_branch_operator.py
[2025-07-23T08:30:17.524+0000] {processor.py:840} INFO - DAG(s) 'example_branch_operator' retrieved from /home/airflow/.local/lib/python3.12/site-packages/airflow/example_dags/example_branch_operator.py
[2025-07-23T08:30:17.673+0000] {logging_mixin.py:188} INFO - [2025-07-23T08:30:17.672+0000] {dag.py:3096} INFO - Sync 1 DAGs
[2025-07-23T08:30:17.750+0000] {logging_mixin.py:188} INFO - [2025-07-23T08:30:17.749+0000] {dag.py:3954} INFO - Setting next_dagrun for example_branch_operator to 2025-07-22 00:00:00+00:00, run_after=2025-07-23 00:00:00+00:00
[2025-07-23T08:30:17.820+0000] {processor.py:183} INFO - Processing /home/airflow/.local/lib/python3.12/site-packages/airflow/example_dags/example_branch_operator.py took 0.445 seconds
[2025-07-23T08:30:48.581+0000] {processor.py:161} INFO - Started process (PID=1878) to work on /home/airflow/.local/lib/python3.12/site-packages/airflow/example_dags/example_branch_operator.py
[2025-07-23T08:30:48.589+0000] {processor.py:830} INFO - Processing file /home/airflow/.local/lib/python3.12/site-packages/airflow/example_dags/example_branch_operator.py for tasks to queue
[2025-07-23T08:30:48.599+0000] {logging_mixin.py:188} INFO - [2025-07-23T08:30:48.596+0000] {dagbag.py:545} INFO - Filling up the DagBag from /home/airflow/.local/lib/python3.12/site-packages/airflow/example_dags/example_branch_operator.py
[2025-07-23T08:30:48.673+0000] {processor.py:840} INFO - DAG(s) 'example_branch_operator' retrieved from /home/airflow/.local/lib/python3.12/site-packages/airflow/example_dags/example_branch_operator.py
[2025-07-23T08:30:48.813+0000] {logging_mixin.py:188} INFO - [2025-07-23T08:30:48.813+0000] {dag.py:3096} INFO - Sync 1 DAGs
[2025-07-23T08:30:48.904+0000] {logging_mixin.py:188} INFO - [2025-07-23T08:30:48.904+0000] {dag.py:3954} INFO - Setting next_dagrun for example_branch_operator to 2025-07-22 00:00:00+00:00, run_after=2025-07-23 00:00:00+00:00
[2025-07-23T08:30:49.059+0000] {processor.py:183} INFO - Processing /home/airflow/.local/lib/python3.12/site-packages/airflow/example_dags/example_branch_operator.py took 0.501 seconds
[2025-07-23T08:31:19.329+0000] {processor.py:161} INFO - Started process (PID=1937) to work on /home/airflow/.local/lib/python3.12/site-packages/airflow/example_dags/example_branch_operator.py
[2025-07-23T08:31:19.340+0000] {processor.py:830} INFO - Processing file /home/airflow/.local/lib/python3.12/site-packages/airflow/example_dags/example_branch_operator.py for tasks to queue
[2025-07-23T08:31:19.344+0000] {logging_mixin.py:188} INFO - [2025-07-23T08:31:19.343+0000] {dagbag.py:545} INFO - Filling up the DagBag from /home/airflow/.local/lib/python3.12/site-packages/airflow/example_dags/example_branch_operator.py
[2025-07-23T08:31:19.414+0000] {processor.py:840} INFO - DAG(s) 'example_branch_operator' retrieved from /home/airflow/.local/lib/python3.12/site-packages/airflow/example_dags/example_branch_operator.py
[2025-07-23T08:31:20.137+0000] {logging_mixin.py:188} INFO - [2025-07-23T08:31:20.137+0000] {dag.py:3096} INFO - Sync 1 DAGs
[2025-07-23T08:31:20.263+0000] {logging_mixin.py:188} INFO - [2025-07-23T08:31:20.260+0000] {dag.py:3954} INFO - Setting next_dagrun for example_branch_operator to 2025-07-22 00:00:00+00:00, run_after=2025-07-23 00:00:00+00:00
[2025-07-23T08:31:20.419+0000] {processor.py:183} INFO - Processing /home/airflow/.local/lib/python3.12/site-packages/airflow/example_dags/example_branch_operator.py took 1.112 seconds
[2025-07-23T08:31:51.206+0000] {processor.py:161} INFO - Started process (PID=1996) to work on /home/airflow/.local/lib/python3.12/site-packages/airflow/example_dags/example_branch_operator.py
[2025-07-23T08:31:51.208+0000] {processor.py:830} INFO - Processing file /home/airflow/.local/lib/python3.12/site-packages/airflow/example_dags/example_branch_operator.py for tasks to queue
[2025-07-23T08:31:51.211+0000] {logging_mixin.py:188} INFO - [2025-07-23T08:31:51.211+0000] {dagbag.py:545} INFO - Filling up the DagBag from /home/airflow/.local/lib/python3.12/site-packages/airflow/example_dags/example_branch_operator.py
[2025-07-23T08:31:51.255+0000] {processor.py:840} INFO - DAG(s) 'example_branch_operator' retrieved from /home/airflow/.local/lib/python3.12/site-packages/airflow/example_dags/example_branch_operator.py
[2025-07-23T08:31:51.347+0000] {logging_mixin.py:188} INFO - [2025-07-23T08:31:51.347+0000] {dag.py:3096} INFO - Sync 1 DAGs
[2025-07-23T08:31:51.435+0000] {logging_mixin.py:188} INFO - [2025-07-23T08:31:51.424+0000] {dag.py:3954} INFO - Setting next_dagrun for example_branch_operator to 2025-07-22 00:00:00+00:00, run_after=2025-07-23 00:00:00+00:00
[2025-07-23T08:31:52.500+0000] {processor.py:183} INFO - Processing /home/airflow/.local/lib/python3.12/site-packages/airflow/example_dags/example_branch_operator.py took 1.308 seconds
[2025-07-23T08:32:23.492+0000] {processor.py:161} INFO - Started process (PID=2054) to work on /home/airflow/.local/lib/python3.12/site-packages/airflow/example_dags/example_branch_operator.py
[2025-07-23T08:32:23.494+0000] {processor.py:830} INFO - Processing file /home/airflow/.local/lib/python3.12/site-packages/airflow/example_dags/example_branch_operator.py for tasks to queue
[2025-07-23T08:32:23.514+0000] {logging_mixin.py:188} INFO - [2025-07-23T08:32:23.510+0000] {dagbag.py:545} INFO - Filling up the DagBag from /home/airflow/.local/lib/python3.12/site-packages/airflow/example_dags/example_branch_operator.py
[2025-07-23T08:32:23.707+0000] {processor.py:840} INFO - DAG(s) 'example_branch_operator' retrieved from /home/airflow/.local/lib/python3.12/site-packages/airflow/example_dags/example_branch_operator.py
[2025-07-23T08:32:24.085+0000] {logging_mixin.py:188} INFO - [2025-07-23T08:32:24.085+0000] {dag.py:3096} INFO - Sync 1 DAGs
[2025-07-23T08:32:24.455+0000] {logging_mixin.py:188} INFO - [2025-07-23T08:32:24.454+0000] {dag.py:3954} INFO - Setting next_dagrun for example_branch_operator to 2025-07-22 00:00:00+00:00, run_after=2025-07-23 00:00:00+00:00
[2025-07-23T08:32:24.808+0000] {processor.py:183} INFO - Processing /home/airflow/.local/lib/python3.12/site-packages/airflow/example_dags/example_branch_operator.py took 1.455 seconds
[2025-07-23T08:35:05.295+0000] {processor.py:161} INFO - Started process (PID=86) to work on /home/airflow/.local/lib/python3.12/site-packages/airflow/example_dags/example_branch_operator.py
[2025-07-23T08:35:05.302+0000] {processor.py:830} INFO - Processing file /home/airflow/.local/lib/python3.12/site-packages/airflow/example_dags/example_branch_operator.py for tasks to queue
[2025-07-23T08:35:05.312+0000] {logging_mixin.py:188} INFO - [2025-07-23T08:35:05.311+0000] {dagbag.py:545} INFO - Filling up the DagBag from /home/airflow/.local/lib/python3.12/site-packages/airflow/example_dags/example_branch_operator.py
[2025-07-23T08:35:05.389+0000] {processor.py:840} INFO - DAG(s) 'example_branch_operator' retrieved from /home/airflow/.local/lib/python3.12/site-packages/airflow/example_dags/example_branch_operator.py
[2025-07-23T08:35:05.793+0000] {logging_mixin.py:188} INFO - [2025-07-23T08:35:05.792+0000] {dag.py:3096} INFO - Sync 1 DAGs
[2025-07-23T08:35:05.850+0000] {logging_mixin.py:188} INFO - [2025-07-23T08:35:05.849+0000] {dag.py:3954} INFO - Setting next_dagrun for example_branch_operator to 2025-07-22 00:00:00+00:00, run_after=2025-07-23 00:00:00+00:00
[2025-07-23T08:35:05.913+0000] {processor.py:183} INFO - Processing /home/airflow/.local/lib/python3.12/site-packages/airflow/example_dags/example_branch_operator.py took 0.639 seconds
[2025-07-23T08:35:36.449+0000] {processor.py:161} INFO - Started process (PID=144) to work on /home/airflow/.local/lib/python3.12/site-packages/airflow/example_dags/example_branch_operator.py
[2025-07-23T08:35:36.509+0000] {processor.py:830} INFO - Processing file /home/airflow/.local/lib/python3.12/site-packages/airflow/example_dags/example_branch_operator.py for tasks to queue
[2025-07-23T08:35:36.589+0000] {logging_mixin.py:188} INFO - [2025-07-23T08:35:36.589+0000] {dagbag.py:545} INFO - Filling up the DagBag from /home/airflow/.local/lib/python3.12/site-packages/airflow/example_dags/example_branch_operator.py
[2025-07-23T08:35:37.096+0000] {processor.py:840} INFO - DAG(s) 'example_branch_operator' retrieved from /home/airflow/.local/lib/python3.12/site-packages/airflow/example_dags/example_branch_operator.py
[2025-07-23T08:35:37.774+0000] {logging_mixin.py:188} INFO - [2025-07-23T08:35:37.773+0000] {dag.py:3096} INFO - Sync 1 DAGs
[2025-07-23T08:35:38.057+0000] {logging_mixin.py:188} INFO - [2025-07-23T08:35:38.045+0000] {dag.py:3954} INFO - Setting next_dagrun for example_branch_operator to 2025-07-22 00:00:00+00:00, run_after=2025-07-23 00:00:00+00:00
[2025-07-23T08:35:38.385+0000] {processor.py:183} INFO - Processing /home/airflow/.local/lib/python3.12/site-packages/airflow/example_dags/example_branch_operator.py took 1.937 seconds
[2025-07-23T08:36:08.666+0000] {processor.py:161} INFO - Started process (PID=202) to work on /home/airflow/.local/lib/python3.12/site-packages/airflow/example_dags/example_branch_operator.py
[2025-07-23T08:36:08.668+0000] {processor.py:830} INFO - Processing file /home/airflow/.local/lib/python3.12/site-packages/airflow/example_dags/example_branch_operator.py for tasks to queue
[2025-07-23T08:36:08.673+0000] {logging_mixin.py:188} INFO - [2025-07-23T08:36:08.672+0000] {dagbag.py:545} INFO - Filling up the DagBag from /home/airflow/.local/lib/python3.12/site-packages/airflow/example_dags/example_branch_operator.py
[2025-07-23T08:36:08.855+0000] {processor.py:840} INFO - DAG(s) 'example_branch_operator' retrieved from /home/airflow/.local/lib/python3.12/site-packages/airflow/example_dags/example_branch_operator.py
[2025-07-23T08:36:09.237+0000] {logging_mixin.py:188} INFO - [2025-07-23T08:36:09.237+0000] {dag.py:3096} INFO - Sync 1 DAGs
[2025-07-23T08:36:09.370+0000] {logging_mixin.py:188} INFO - [2025-07-23T08:36:09.370+0000] {dag.py:3954} INFO - Setting next_dagrun for example_branch_operator to 2025-07-22 00:00:00+00:00, run_after=2025-07-23 00:00:00+00:00
[2025-07-23T08:36:09.458+0000] {processor.py:183} INFO - Processing /home/airflow/.local/lib/python3.12/site-packages/airflow/example_dags/example_branch_operator.py took 0.838 seconds
[2025-07-23T08:36:40.014+0000] {processor.py:161} INFO - Started process (PID=260) to work on /home/airflow/.local/lib/python3.12/site-packages/airflow/example_dags/example_branch_operator.py
[2025-07-23T08:36:40.021+0000] {processor.py:830} INFO - Processing file /home/airflow/.local/lib/python3.12/site-packages/airflow/example_dags/example_branch_operator.py for tasks to queue
[2025-07-23T08:36:40.048+0000] {logging_mixin.py:188} INFO - [2025-07-23T08:36:40.047+0000] {dagbag.py:545} INFO - Filling up the DagBag from /home/airflow/.local/lib/python3.12/site-packages/airflow/example_dags/example_branch_operator.py
[2025-07-23T08:36:40.157+0000] {processor.py:840} INFO - DAG(s) 'example_branch_operator' retrieved from /home/airflow/.local/lib/python3.12/site-packages/airflow/example_dags/example_branch_operator.py
[2025-07-23T08:36:40.270+0000] {logging_mixin.py:188} INFO - [2025-07-23T08:36:40.269+0000] {dag.py:3096} INFO - Sync 1 DAGs
[2025-07-23T08:36:40.362+0000] {logging_mixin.py:188} INFO - [2025-07-23T08:36:40.361+0000] {dag.py:3954} INFO - Setting next_dagrun for example_branch_operator to 2025-07-22 00:00:00+00:00, run_after=2025-07-23 00:00:00+00:00
[2025-07-23T08:36:40.432+0000] {processor.py:183} INFO - Processing /home/airflow/.local/lib/python3.12/site-packages/airflow/example_dags/example_branch_operator.py took 0.471 seconds
[2025-07-23T08:37:10.812+0000] {processor.py:161} INFO - Started process (PID=319) to work on /home/airflow/.local/lib/python3.12/site-packages/airflow/example_dags/example_branch_operator.py
[2025-07-23T08:37:10.819+0000] {processor.py:830} INFO - Processing file /home/airflow/.local/lib/python3.12/site-packages/airflow/example_dags/example_branch_operator.py for tasks to queue
[2025-07-23T08:37:10.823+0000] {logging_mixin.py:188} INFO - [2025-07-23T08:37:10.823+0000] {dagbag.py:545} INFO - Filling up the DagBag from /home/airflow/.local/lib/python3.12/site-packages/airflow/example_dags/example_branch_operator.py
[2025-07-23T08:37:10.910+0000] {processor.py:840} INFO - DAG(s) 'example_branch_operator' retrieved from /home/airflow/.local/lib/python3.12/site-packages/airflow/example_dags/example_branch_operator.py
[2025-07-23T08:37:11.039+0000] {logging_mixin.py:188} INFO - [2025-07-23T08:37:11.039+0000] {dag.py:3096} INFO - Sync 1 DAGs
[2025-07-23T08:37:11.174+0000] {logging_mixin.py:188} INFO - [2025-07-23T08:37:11.174+0000] {dag.py:3954} INFO - Setting next_dagrun for example_branch_operator to 2025-07-22 00:00:00+00:00, run_after=2025-07-23 00:00:00+00:00
[2025-07-23T08:37:11.264+0000] {processor.py:183} INFO - Processing /home/airflow/.local/lib/python3.12/site-packages/airflow/example_dags/example_branch_operator.py took 0.468 seconds
[2025-07-23T08:37:46.696+0000] {processor.py:161} INFO - Started process (PID=383) to work on /home/airflow/.local/lib/python3.12/site-packages/airflow/example_dags/example_branch_operator.py
[2025-07-23T08:37:46.702+0000] {processor.py:830} INFO - Processing file /home/airflow/.local/lib/python3.12/site-packages/airflow/example_dags/example_branch_operator.py for tasks to queue
[2025-07-23T08:37:46.713+0000] {logging_mixin.py:188} INFO - [2025-07-23T08:37:46.707+0000] {dagbag.py:545} INFO - Filling up the DagBag from /home/airflow/.local/lib/python3.12/site-packages/airflow/example_dags/example_branch_operator.py
[2025-07-23T08:37:46.872+0000] {processor.py:840} INFO - DAG(s) 'example_branch_operator' retrieved from /home/airflow/.local/lib/python3.12/site-packages/airflow/example_dags/example_branch_operator.py
[2025-07-23T08:37:47.091+0000] {logging_mixin.py:188} INFO - [2025-07-23T08:37:47.090+0000] {dag.py:3096} INFO - Sync 1 DAGs
[2025-07-23T08:37:47.205+0000] {logging_mixin.py:188} INFO - [2025-07-23T08:37:47.205+0000] {dag.py:3954} INFO - Setting next_dagrun for example_branch_operator to 2025-07-22 00:00:00+00:00, run_after=2025-07-23 00:00:00+00:00
[2025-07-23T08:37:47.307+0000] {processor.py:183} INFO - Processing /home/airflow/.local/lib/python3.12/site-packages/airflow/example_dags/example_branch_operator.py took 0.648 seconds
[2025-07-23T08:38:35.433+0000] {processor.py:161} INFO - Started process (PID=441) to work on /home/airflow/.local/lib/python3.12/site-packages/airflow/example_dags/example_branch_operator.py
[2025-07-23T08:38:35.440+0000] {processor.py:830} INFO - Processing file /home/airflow/.local/lib/python3.12/site-packages/airflow/example_dags/example_branch_operator.py for tasks to queue
[2025-07-23T08:38:35.456+0000] {logging_mixin.py:188} INFO - [2025-07-23T08:38:35.455+0000] {dagbag.py:545} INFO - Filling up the DagBag from /home/airflow/.local/lib/python3.12/site-packages/airflow/example_dags/example_branch_operator.py
[2025-07-23T08:38:35.577+0000] {processor.py:840} INFO - DAG(s) 'example_branch_operator' retrieved from /home/airflow/.local/lib/python3.12/site-packages/airflow/example_dags/example_branch_operator.py
[2025-07-23T08:38:35.875+0000] {logging_mixin.py:188} INFO - [2025-07-23T08:38:35.874+0000] {dag.py:3096} INFO - Sync 1 DAGs
[2025-07-23T08:38:36.180+0000] {logging_mixin.py:188} INFO - [2025-07-23T08:38:36.179+0000] {dag.py:3954} INFO - Setting next_dagrun for example_branch_operator to 2025-07-22 00:00:00+00:00, run_after=2025-07-23 00:00:00+00:00
[2025-07-23T08:38:36.385+0000] {processor.py:183} INFO - Processing /home/airflow/.local/lib/python3.12/site-packages/airflow/example_dags/example_branch_operator.py took 1.047 seconds
[2025-07-23T08:39:42.784+0000] {processor.py:161} INFO - Started process (PID=505) to work on /home/airflow/.local/lib/python3.12/site-packages/airflow/example_dags/example_branch_operator.py
[2025-07-23T08:39:42.847+0000] {processor.py:830} INFO - Processing file /home/airflow/.local/lib/python3.12/site-packages/airflow/example_dags/example_branch_operator.py for tasks to queue
[2025-07-23T08:39:42.880+0000] {logging_mixin.py:188} INFO - [2025-07-23T08:39:42.880+0000] {dagbag.py:545} INFO - Filling up the DagBag from /home/airflow/.local/lib/python3.12/site-packages/airflow/example_dags/example_branch_operator.py
[2025-07-23T08:39:43.122+0000] {processor.py:840} INFO - DAG(s) 'example_branch_operator' retrieved from /home/airflow/.local/lib/python3.12/site-packages/airflow/example_dags/example_branch_operator.py
[2025-07-23T08:39:43.619+0000] {logging_mixin.py:188} INFO - [2025-07-23T08:39:43.619+0000] {dag.py:3096} INFO - Sync 1 DAGs
[2025-07-23T08:39:44.004+0000] {logging_mixin.py:188} INFO - [2025-07-23T08:39:44.004+0000] {dag.py:3954} INFO - Setting next_dagrun for example_branch_operator to 2025-07-22 00:00:00+00:00, run_after=2025-07-23 00:00:00+00:00
[2025-07-23T08:39:44.169+0000] {processor.py:183} INFO - Processing /home/airflow/.local/lib/python3.12/site-packages/airflow/example_dags/example_branch_operator.py took 1.468 seconds
[2025-07-23T08:40:24.327+0000] {processor.py:161} INFO - Started process (PID=566) to work on /home/airflow/.local/lib/python3.12/site-packages/airflow/example_dags/example_branch_operator.py
[2025-07-23T08:40:24.339+0000] {processor.py:830} INFO - Processing file /home/airflow/.local/lib/python3.12/site-packages/airflow/example_dags/example_branch_operator.py for tasks to queue
[2025-07-23T08:40:24.359+0000] {logging_mixin.py:188} INFO - [2025-07-23T08:40:24.359+0000] {dagbag.py:545} INFO - Filling up the DagBag from /home/airflow/.local/lib/python3.12/site-packages/airflow/example_dags/example_branch_operator.py
[2025-07-23T08:40:24.580+0000] {processor.py:840} INFO - DAG(s) 'example_branch_operator' retrieved from /home/airflow/.local/lib/python3.12/site-packages/airflow/example_dags/example_branch_operator.py
[2025-07-23T08:40:24.855+0000] {logging_mixin.py:188} INFO - [2025-07-23T08:40:24.854+0000] {dag.py:3096} INFO - Sync 1 DAGs
[2025-07-23T08:40:25.057+0000] {logging_mixin.py:188} INFO - [2025-07-23T08:40:25.056+0000] {dag.py:3954} INFO - Setting next_dagrun for example_branch_operator to 2025-07-22 00:00:00+00:00, run_after=2025-07-23 00:00:00+00:00
[2025-07-23T08:40:25.331+0000] {processor.py:183} INFO - Processing /home/airflow/.local/lib/python3.12/site-packages/airflow/example_dags/example_branch_operator.py took 1.031 seconds
[2025-07-23T09:00:52.248+0000] {processor.py:161} INFO - Started process (PID=56) to work on /home/airflow/.local/lib/python3.12/site-packages/airflow/example_dags/example_branch_operator.py
[2025-07-23T09:00:52.261+0000] {processor.py:830} INFO - Processing file /home/airflow/.local/lib/python3.12/site-packages/airflow/example_dags/example_branch_operator.py for tasks to queue
[2025-07-23T09:00:52.265+0000] {logging_mixin.py:188} INFO - [2025-07-23T09:00:52.264+0000] {dagbag.py:545} INFO - Filling up the DagBag from /home/airflow/.local/lib/python3.12/site-packages/airflow/example_dags/example_branch_operator.py
[2025-07-23T09:00:52.552+0000] {processor.py:840} INFO - DAG(s) 'example_branch_operator' retrieved from /home/airflow/.local/lib/python3.12/site-packages/airflow/example_dags/example_branch_operator.py
[2025-07-23T09:00:53.830+0000] {logging_mixin.py:188} INFO - [2025-07-23T09:00:53.829+0000] {dag.py:3096} INFO - Sync 1 DAGs
[2025-07-23T09:00:54.102+0000] {logging_mixin.py:188} INFO - [2025-07-23T09:00:54.101+0000] {dag.py:3954} INFO - Setting next_dagrun for example_branch_operator to 2025-07-22 00:00:00+00:00, run_after=2025-07-23 00:00:00+00:00
[2025-07-23T09:00:54.366+0000] {processor.py:183} INFO - Processing /home/airflow/.local/lib/python3.12/site-packages/airflow/example_dags/example_branch_operator.py took 2.142 seconds
[2025-07-23T09:01:38.439+0000] {processor.py:161} INFO - Started process (PID=115) to work on /home/airflow/.local/lib/python3.12/site-packages/airflow/example_dags/example_branch_operator.py
[2025-07-23T09:01:38.452+0000] {processor.py:830} INFO - Processing file /home/airflow/.local/lib/python3.12/site-packages/airflow/example_dags/example_branch_operator.py for tasks to queue
[2025-07-23T09:01:38.454+0000] {logging_mixin.py:188} INFO - [2025-07-23T09:01:38.453+0000] {dagbag.py:545} INFO - Filling up the DagBag from /home/airflow/.local/lib/python3.12/site-packages/airflow/example_dags/example_branch_operator.py
[2025-07-23T09:01:38.569+0000] {processor.py:840} INFO - DAG(s) 'example_branch_operator' retrieved from /home/airflow/.local/lib/python3.12/site-packages/airflow/example_dags/example_branch_operator.py
[2025-07-23T09:01:38.892+0000] {logging_mixin.py:188} INFO - [2025-07-23T09:01:38.892+0000] {dag.py:3096} INFO - Sync 1 DAGs
[2025-07-23T09:01:39.119+0000] {logging_mixin.py:188} INFO - [2025-07-23T09:01:39.118+0000] {dag.py:3954} INFO - Setting next_dagrun for example_branch_operator to 2025-07-22 00:00:00+00:00, run_after=2025-07-23 00:00:00+00:00
[2025-07-23T09:01:39.387+0000] {processor.py:183} INFO - Processing /home/airflow/.local/lib/python3.12/site-packages/airflow/example_dags/example_branch_operator.py took 1.028 seconds
[2025-07-23T09:02:13.266+0000] {processor.py:161} INFO - Started process (PID=174) to work on /home/airflow/.local/lib/python3.12/site-packages/airflow/example_dags/example_branch_operator.py
[2025-07-23T09:02:13.311+0000] {processor.py:830} INFO - Processing file /home/airflow/.local/lib/python3.12/site-packages/airflow/example_dags/example_branch_operator.py for tasks to queue
[2025-07-23T09:02:13.360+0000] {logging_mixin.py:188} INFO - [2025-07-23T09:02:13.359+0000] {dagbag.py:545} INFO - Filling up the DagBag from /home/airflow/.local/lib/python3.12/site-packages/airflow/example_dags/example_branch_operator.py
[2025-07-23T09:02:13.538+0000] {processor.py:840} INFO - DAG(s) 'example_branch_operator' retrieved from /home/airflow/.local/lib/python3.12/site-packages/airflow/example_dags/example_branch_operator.py
[2025-07-23T09:02:13.956+0000] {logging_mixin.py:188} INFO - [2025-07-23T09:02:13.955+0000] {dag.py:3096} INFO - Sync 1 DAGs
[2025-07-23T09:02:14.216+0000] {logging_mixin.py:188} INFO - [2025-07-23T09:02:14.215+0000] {dag.py:3954} INFO - Setting next_dagrun for example_branch_operator to 2025-07-22 00:00:00+00:00, run_after=2025-07-23 00:00:00+00:00
[2025-07-23T09:02:14.411+0000] {processor.py:183} INFO - Processing /home/airflow/.local/lib/python3.12/site-packages/airflow/example_dags/example_branch_operator.py took 1.239 seconds
[2025-07-23T09:02:47.325+0000] {processor.py:161} INFO - Started process (PID=230) to work on /home/airflow/.local/lib/python3.12/site-packages/airflow/example_dags/example_branch_operator.py
[2025-07-23T09:02:47.328+0000] {processor.py:830} INFO - Processing file /home/airflow/.local/lib/python3.12/site-packages/airflow/example_dags/example_branch_operator.py for tasks to queue
[2025-07-23T09:02:47.340+0000] {logging_mixin.py:188} INFO - [2025-07-23T09:02:47.330+0000] {dagbag.py:545} INFO - Filling up the DagBag from /home/airflow/.local/lib/python3.12/site-packages/airflow/example_dags/example_branch_operator.py
[2025-07-23T09:02:47.502+0000] {processor.py:840} INFO - DAG(s) 'example_branch_operator' retrieved from /home/airflow/.local/lib/python3.12/site-packages/airflow/example_dags/example_branch_operator.py
[2025-07-23T09:02:47.741+0000] {logging_mixin.py:188} INFO - [2025-07-23T09:02:47.740+0000] {dag.py:3096} INFO - Sync 1 DAGs
[2025-07-23T09:02:47.932+0000] {logging_mixin.py:188} INFO - [2025-07-23T09:02:47.932+0000] {dag.py:3954} INFO - Setting next_dagrun for example_branch_operator to 2025-07-22 00:00:00+00:00, run_after=2025-07-23 00:00:00+00:00
[2025-07-23T09:02:48.082+0000] {processor.py:183} INFO - Processing /home/airflow/.local/lib/python3.12/site-packages/airflow/example_dags/example_branch_operator.py took 0.789 seconds
[2025-07-23T09:03:18.523+0000] {processor.py:161} INFO - Started process (PID=282) to work on /home/airflow/.local/lib/python3.12/site-packages/airflow/example_dags/example_branch_operator.py
[2025-07-23T09:03:18.526+0000] {processor.py:830} INFO - Processing file /home/airflow/.local/lib/python3.12/site-packages/airflow/example_dags/example_branch_operator.py for tasks to queue
[2025-07-23T09:03:18.530+0000] {logging_mixin.py:188} INFO - [2025-07-23T09:03:18.529+0000] {dagbag.py:545} INFO - Filling up the DagBag from /home/airflow/.local/lib/python3.12/site-packages/airflow/example_dags/example_branch_operator.py
[2025-07-23T09:03:18.614+0000] {processor.py:840} INFO - DAG(s) 'example_branch_operator' retrieved from /home/airflow/.local/lib/python3.12/site-packages/airflow/example_dags/example_branch_operator.py
[2025-07-23T09:03:18.758+0000] {logging_mixin.py:188} INFO - [2025-07-23T09:03:18.758+0000] {dag.py:3096} INFO - Sync 1 DAGs
[2025-07-23T09:03:18.970+0000] {logging_mixin.py:188} INFO - [2025-07-23T09:03:18.970+0000] {dag.py:3954} INFO - Setting next_dagrun for example_branch_operator to 2025-07-22 00:00:00+00:00, run_after=2025-07-23 00:00:00+00:00
[2025-07-23T09:03:19.133+0000] {processor.py:183} INFO - Processing /home/airflow/.local/lib/python3.12/site-packages/airflow/example_dags/example_branch_operator.py took 0.642 seconds
[2025-07-23T09:03:49.884+0000] {processor.py:161} INFO - Started process (PID=341) to work on /home/airflow/.local/lib/python3.12/site-packages/airflow/example_dags/example_branch_operator.py
[2025-07-23T09:03:49.886+0000] {processor.py:830} INFO - Processing file /home/airflow/.local/lib/python3.12/site-packages/airflow/example_dags/example_branch_operator.py for tasks to queue
[2025-07-23T09:03:49.895+0000] {logging_mixin.py:188} INFO - [2025-07-23T09:03:49.892+0000] {dagbag.py:545} INFO - Filling up the DagBag from /home/airflow/.local/lib/python3.12/site-packages/airflow/example_dags/example_branch_operator.py
[2025-07-23T09:03:49.988+0000] {processor.py:840} INFO - DAG(s) 'example_branch_operator' retrieved from /home/airflow/.local/lib/python3.12/site-packages/airflow/example_dags/example_branch_operator.py
[2025-07-23T09:03:50.122+0000] {logging_mixin.py:188} INFO - [2025-07-23T09:03:50.121+0000] {dag.py:3096} INFO - Sync 1 DAGs
[2025-07-23T09:03:50.191+0000] {logging_mixin.py:188} INFO - [2025-07-23T09:03:50.191+0000] {dag.py:3954} INFO - Setting next_dagrun for example_branch_operator to 2025-07-22 00:00:00+00:00, run_after=2025-07-23 00:00:00+00:00
[2025-07-23T09:03:50.332+0000] {processor.py:183} INFO - Processing /home/airflow/.local/lib/python3.12/site-packages/airflow/example_dags/example_branch_operator.py took 0.471 seconds
[2025-07-23T09:04:31.142+0000] {processor.py:161} INFO - Started process (PID=400) to work on /home/airflow/.local/lib/python3.12/site-packages/airflow/example_dags/example_branch_operator.py
[2025-07-23T09:04:31.144+0000] {processor.py:830} INFO - Processing file /home/airflow/.local/lib/python3.12/site-packages/airflow/example_dags/example_branch_operator.py for tasks to queue
[2025-07-23T09:04:31.146+0000] {logging_mixin.py:188} INFO - [2025-07-23T09:04:31.145+0000] {dagbag.py:545} INFO - Filling up the DagBag from /home/airflow/.local/lib/python3.12/site-packages/airflow/example_dags/example_branch_operator.py
[2025-07-23T09:04:31.195+0000] {processor.py:840} INFO - DAG(s) 'example_branch_operator' retrieved from /home/airflow/.local/lib/python3.12/site-packages/airflow/example_dags/example_branch_operator.py
[2025-07-23T09:04:31.320+0000] {logging_mixin.py:188} INFO - [2025-07-23T09:04:31.319+0000] {dag.py:3096} INFO - Sync 1 DAGs
[2025-07-23T09:04:31.421+0000] {logging_mixin.py:188} INFO - [2025-07-23T09:04:31.420+0000] {dag.py:3954} INFO - Setting next_dagrun for example_branch_operator to 2025-07-22 00:00:00+00:00, run_after=2025-07-23 00:00:00+00:00
[2025-07-23T09:04:31.485+0000] {processor.py:183} INFO - Processing /home/airflow/.local/lib/python3.12/site-packages/airflow/example_dags/example_branch_operator.py took 0.356 seconds
[2025-07-23T09:05:01.558+0000] {processor.py:161} INFO - Started process (PID=459) to work on /home/airflow/.local/lib/python3.12/site-packages/airflow/example_dags/example_branch_operator.py
[2025-07-23T09:05:01.561+0000] {processor.py:830} INFO - Processing file /home/airflow/.local/lib/python3.12/site-packages/airflow/example_dags/example_branch_operator.py for tasks to queue
[2025-07-23T09:05:01.565+0000] {logging_mixin.py:188} INFO - [2025-07-23T09:05:01.563+0000] {dagbag.py:545} INFO - Filling up the DagBag from /home/airflow/.local/lib/python3.12/site-packages/airflow/example_dags/example_branch_operator.py
[2025-07-23T09:05:01.603+0000] {processor.py:840} INFO - DAG(s) 'example_branch_operator' retrieved from /home/airflow/.local/lib/python3.12/site-packages/airflow/example_dags/example_branch_operator.py
[2025-07-23T09:05:01.629+0000] {logging_mixin.py:188} INFO - [2025-07-23T09:05:01.628+0000] {dag.py:3096} INFO - Sync 1 DAGs
[2025-07-23T09:05:01.683+0000] {logging_mixin.py:188} INFO - [2025-07-23T09:05:01.683+0000] {dag.py:3954} INFO - Setting next_dagrun for example_branch_operator to 2025-07-22 00:00:00+00:00, run_after=2025-07-23 00:00:00+00:00
[2025-07-23T09:05:01.771+0000] {processor.py:183} INFO - Processing /home/airflow/.local/lib/python3.12/site-packages/airflow/example_dags/example_branch_operator.py took 0.227 seconds
[2025-07-23T09:05:34.362+0000] {processor.py:161} INFO - Started process (PID=519) to work on /home/airflow/.local/lib/python3.12/site-packages/airflow/example_dags/example_branch_operator.py
[2025-07-23T09:05:34.366+0000] {processor.py:830} INFO - Processing file /home/airflow/.local/lib/python3.12/site-packages/airflow/example_dags/example_branch_operator.py for tasks to queue
[2025-07-23T09:05:34.376+0000] {logging_mixin.py:188} INFO - [2025-07-23T09:05:34.369+0000] {dagbag.py:545} INFO - Filling up the DagBag from /home/airflow/.local/lib/python3.12/site-packages/airflow/example_dags/example_branch_operator.py
[2025-07-23T09:05:34.426+0000] {processor.py:840} INFO - DAG(s) 'example_branch_operator' retrieved from /home/airflow/.local/lib/python3.12/site-packages/airflow/example_dags/example_branch_operator.py
[2025-07-23T09:05:34.448+0000] {logging_mixin.py:188} INFO - [2025-07-23T09:05:34.448+0000] {dag.py:3096} INFO - Sync 1 DAGs
[2025-07-23T09:05:34.522+0000] {logging_mixin.py:188} INFO - [2025-07-23T09:05:34.521+0000] {dag.py:3954} INFO - Setting next_dagrun for example_branch_operator to 2025-07-22 00:00:00+00:00, run_after=2025-07-23 00:00:00+00:00
[2025-07-23T09:05:34.575+0000] {processor.py:183} INFO - Processing /home/airflow/.local/lib/python3.12/site-packages/airflow/example_dags/example_branch_operator.py took 0.235 seconds
[2025-07-23T09:06:04.684+0000] {processor.py:161} INFO - Started process (PID=570) to work on /home/airflow/.local/lib/python3.12/site-packages/airflow/example_dags/example_branch_operator.py
[2025-07-23T09:06:04.685+0000] {processor.py:830} INFO - Processing file /home/airflow/.local/lib/python3.12/site-packages/airflow/example_dags/example_branch_operator.py for tasks to queue
[2025-07-23T09:06:04.688+0000] {logging_mixin.py:188} INFO - [2025-07-23T09:06:04.687+0000] {dagbag.py:545} INFO - Filling up the DagBag from /home/airflow/.local/lib/python3.12/site-packages/airflow/example_dags/example_branch_operator.py
[2025-07-23T09:06:04.726+0000] {processor.py:840} INFO - DAG(s) 'example_branch_operator' retrieved from /home/airflow/.local/lib/python3.12/site-packages/airflow/example_dags/example_branch_operator.py
[2025-07-23T09:06:04.969+0000] {logging_mixin.py:188} INFO - [2025-07-23T09:06:04.969+0000] {dag.py:3096} INFO - Sync 1 DAGs
[2025-07-23T09:06:05.003+0000] {logging_mixin.py:188} INFO - [2025-07-23T09:06:05.003+0000] {dag.py:3954} INFO - Setting next_dagrun for example_branch_operator to 2025-07-22 00:00:00+00:00, run_after=2025-07-23 00:00:00+00:00
[2025-07-23T09:06:05.038+0000] {processor.py:183} INFO - Processing /home/airflow/.local/lib/python3.12/site-packages/airflow/example_dags/example_branch_operator.py took 0.365 seconds
[2025-07-23T09:06:35.311+0000] {processor.py:161} INFO - Started process (PID=629) to work on /home/airflow/.local/lib/python3.12/site-packages/airflow/example_dags/example_branch_operator.py
[2025-07-23T09:06:35.313+0000] {processor.py:830} INFO - Processing file /home/airflow/.local/lib/python3.12/site-packages/airflow/example_dags/example_branch_operator.py for tasks to queue
[2025-07-23T09:06:35.315+0000] {logging_mixin.py:188} INFO - [2025-07-23T09:06:35.315+0000] {dagbag.py:545} INFO - Filling up the DagBag from /home/airflow/.local/lib/python3.12/site-packages/airflow/example_dags/example_branch_operator.py
[2025-07-23T09:06:35.344+0000] {processor.py:840} INFO - DAG(s) 'example_branch_operator' retrieved from /home/airflow/.local/lib/python3.12/site-packages/airflow/example_dags/example_branch_operator.py
[2025-07-23T09:06:35.425+0000] {logging_mixin.py:188} INFO - [2025-07-23T09:06:35.425+0000] {dag.py:3096} INFO - Sync 1 DAGs
[2025-07-23T09:06:35.474+0000] {logging_mixin.py:188} INFO - [2025-07-23T09:06:35.474+0000] {dag.py:3954} INFO - Setting next_dagrun for example_branch_operator to 2025-07-22 00:00:00+00:00, run_after=2025-07-23 00:00:00+00:00
[2025-07-23T09:06:35.511+0000] {processor.py:183} INFO - Processing /home/airflow/.local/lib/python3.12/site-packages/airflow/example_dags/example_branch_operator.py took 0.217 seconds
[2025-07-23T09:07:05.650+0000] {processor.py:161} INFO - Started process (PID=689) to work on /home/airflow/.local/lib/python3.12/site-packages/airflow/example_dags/example_branch_operator.py
[2025-07-23T09:07:05.651+0000] {processor.py:830} INFO - Processing file /home/airflow/.local/lib/python3.12/site-packages/airflow/example_dags/example_branch_operator.py for tasks to queue
[2025-07-23T09:07:05.653+0000] {logging_mixin.py:188} INFO - [2025-07-23T09:07:05.652+0000] {dagbag.py:545} INFO - Filling up the DagBag from /home/airflow/.local/lib/python3.12/site-packages/airflow/example_dags/example_branch_operator.py
[2025-07-23T09:07:05.683+0000] {processor.py:840} INFO - DAG(s) 'example_branch_operator' retrieved from /home/airflow/.local/lib/python3.12/site-packages/airflow/example_dags/example_branch_operator.py
[2025-07-23T09:07:05.733+0000] {logging_mixin.py:188} INFO - [2025-07-23T09:07:05.733+0000] {dag.py:3096} INFO - Sync 1 DAGs
[2025-07-23T09:07:05.776+0000] {logging_mixin.py:188} INFO - [2025-07-23T09:07:05.775+0000] {dag.py:3954} INFO - Setting next_dagrun for example_branch_operator to 2025-07-22 00:00:00+00:00, run_after=2025-07-23 00:00:00+00:00
[2025-07-23T09:07:05.812+0000] {processor.py:183} INFO - Processing /home/airflow/.local/lib/python3.12/site-packages/airflow/example_dags/example_branch_operator.py took 0.169 seconds
