[2025-07-23T08:13:42.706+0000] {processor.py:161} INFO - Started process (PID=61) to work on /home/airflow/.local/lib/python3.12/site-packages/airflow/example_dags/example_external_task_marker_dag.py
[2025-07-23T08:13:42.715+0000] {processor.py:830} INFO - Processing file /home/airflow/.local/lib/python3.12/site-packages/airflow/example_dags/example_external_task_marker_dag.py for tasks to queue
[2025-07-23T08:13:42.730+0000] {logging_mixin.py:188} INFO - [2025-07-23T08:13:42.729+0000] {dagbag.py:545} INFO - Filling up the DagBag from /home/airflow/.local/lib/python3.12/site-packages/airflow/example_dags/example_external_task_marker_dag.py
[2025-07-23T08:13:42.823+0000] {processor.py:840} INFO - DAG(s) 'example_external_task_marker_parent', 'example_external_task_marker_child' retrieved from /home/airflow/.local/lib/python3.12/site-packages/airflow/example_dags/example_external_task_marker_dag.py
[2025-07-23T08:13:44.284+0000] {logging_mixin.py:188} INFO - [2025-07-23T08:13:44.283+0000] {dag.py:3096} INFO - Sync 2 DAGs
[2025-07-23T08:13:44.336+0000] {logging_mixin.py:188} INFO - [2025-07-23T08:13:44.335+0000] {dag.py:3954} INFO - Setting next_dagrun for example_external_task_marker_child to None, run_after=None
[2025-07-23T08:13:44.344+0000] {logging_mixin.py:188} INFO - [2025-07-23T08:13:44.344+0000] {dag.py:3954} INFO - Setting next_dagrun for example_external_task_marker_parent to None, run_after=None
[2025-07-23T08:13:44.428+0000] {processor.py:183} INFO - Processing /home/airflow/.local/lib/python3.12/site-packages/airflow/example_dags/example_external_task_marker_dag.py took 1.741 seconds
[2025-07-23T08:14:18.017+0000] {processor.py:161} INFO - Started process (PID=117) to work on /home/airflow/.local/lib/python3.12/site-packages/airflow/example_dags/example_external_task_marker_dag.py
[2025-07-23T08:14:18.041+0000] {processor.py:830} INFO - Processing file /home/airflow/.local/lib/python3.12/site-packages/airflow/example_dags/example_external_task_marker_dag.py for tasks to queue
[2025-07-23T08:14:18.061+0000] {logging_mixin.py:188} INFO - [2025-07-23T08:14:18.060+0000] {dagbag.py:545} INFO - Filling up the DagBag from /home/airflow/.local/lib/python3.12/site-packages/airflow/example_dags/example_external_task_marker_dag.py
[2025-07-23T08:14:18.082+0000] {processor.py:840} INFO - DAG(s) 'example_external_task_marker_parent', 'example_external_task_marker_child' retrieved from /home/airflow/.local/lib/python3.12/site-packages/airflow/example_dags/example_external_task_marker_dag.py
[2025-07-23T08:14:18.218+0000] {logging_mixin.py:188} INFO - [2025-07-23T08:14:18.217+0000] {dag.py:3096} INFO - Sync 2 DAGs
[2025-07-23T08:14:18.275+0000] {logging_mixin.py:188} INFO - [2025-07-23T08:14:18.275+0000] {dag.py:3954} INFO - Setting next_dagrun for example_external_task_marker_child to None, run_after=None
[2025-07-23T08:14:18.313+0000] {logging_mixin.py:188} INFO - [2025-07-23T08:14:18.312+0000] {dag.py:3954} INFO - Setting next_dagrun for example_external_task_marker_parent to None, run_after=None
[2025-07-23T08:14:18.374+0000] {processor.py:183} INFO - Processing /home/airflow/.local/lib/python3.12/site-packages/airflow/example_dags/example_external_task_marker_dag.py took 0.387 seconds
[2025-07-23T08:14:48.618+0000] {processor.py:161} INFO - Started process (PID=169) to work on /home/airflow/.local/lib/python3.12/site-packages/airflow/example_dags/example_external_task_marker_dag.py
[2025-07-23T08:14:48.620+0000] {processor.py:830} INFO - Processing file /home/airflow/.local/lib/python3.12/site-packages/airflow/example_dags/example_external_task_marker_dag.py for tasks to queue
[2025-07-23T08:14:48.638+0000] {logging_mixin.py:188} INFO - [2025-07-23T08:14:48.637+0000] {dagbag.py:545} INFO - Filling up the DagBag from /home/airflow/.local/lib/python3.12/site-packages/airflow/example_dags/example_external_task_marker_dag.py
[2025-07-23T08:14:48.729+0000] {processor.py:840} INFO - DAG(s) 'example_external_task_marker_parent', 'example_external_task_marker_child' retrieved from /home/airflow/.local/lib/python3.12/site-packages/airflow/example_dags/example_external_task_marker_dag.py
[2025-07-23T08:14:48.942+0000] {logging_mixin.py:188} INFO - [2025-07-23T08:14:48.940+0000] {dag.py:3096} INFO - Sync 2 DAGs
[2025-07-23T08:14:49.042+0000] {logging_mixin.py:188} INFO - [2025-07-23T08:14:49.042+0000] {dag.py:3954} INFO - Setting next_dagrun for example_external_task_marker_child to None, run_after=None
[2025-07-23T08:14:49.138+0000] {logging_mixin.py:188} INFO - [2025-07-23T08:14:49.138+0000] {dag.py:3954} INFO - Setting next_dagrun for example_external_task_marker_parent to None, run_after=None
[2025-07-23T08:14:49.419+0000] {processor.py:183} INFO - Processing /home/airflow/.local/lib/python3.12/site-packages/airflow/example_dags/example_external_task_marker_dag.py took 0.815 seconds
[2025-07-23T08:15:20.850+0000] {processor.py:161} INFO - Started process (PID=232) to work on /home/airflow/.local/lib/python3.12/site-packages/airflow/example_dags/example_external_task_marker_dag.py
[2025-07-23T08:15:20.855+0000] {processor.py:830} INFO - Processing file /home/airflow/.local/lib/python3.12/site-packages/airflow/example_dags/example_external_task_marker_dag.py for tasks to queue
[2025-07-23T08:15:20.863+0000] {logging_mixin.py:188} INFO - [2025-07-23T08:15:20.862+0000] {dagbag.py:545} INFO - Filling up the DagBag from /home/airflow/.local/lib/python3.12/site-packages/airflow/example_dags/example_external_task_marker_dag.py
[2025-07-23T08:15:21.013+0000] {processor.py:840} INFO - DAG(s) 'example_external_task_marker_parent', 'example_external_task_marker_child' retrieved from /home/airflow/.local/lib/python3.12/site-packages/airflow/example_dags/example_external_task_marker_dag.py
[2025-07-23T08:15:21.504+0000] {logging_mixin.py:188} INFO - [2025-07-23T08:15:21.503+0000] {dag.py:3096} INFO - Sync 2 DAGs
[2025-07-23T08:15:21.576+0000] {logging_mixin.py:188} INFO - [2025-07-23T08:15:21.574+0000] {dag.py:3954} INFO - Setting next_dagrun for example_external_task_marker_child to None, run_after=None
[2025-07-23T08:15:21.593+0000] {logging_mixin.py:188} INFO - [2025-07-23T08:15:21.593+0000] {dag.py:3954} INFO - Setting next_dagrun for example_external_task_marker_parent to None, run_after=None
[2025-07-23T08:15:21.695+0000] {processor.py:183} INFO - Processing /home/airflow/.local/lib/python3.12/site-packages/airflow/example_dags/example_external_task_marker_dag.py took 0.925 seconds
[2025-07-23T08:15:52.168+0000] {processor.py:161} INFO - Started process (PID=289) to work on /home/airflow/.local/lib/python3.12/site-packages/airflow/example_dags/example_external_task_marker_dag.py
[2025-07-23T08:15:52.181+0000] {processor.py:830} INFO - Processing file /home/airflow/.local/lib/python3.12/site-packages/airflow/example_dags/example_external_task_marker_dag.py for tasks to queue
[2025-07-23T08:15:52.191+0000] {logging_mixin.py:188} INFO - [2025-07-23T08:15:52.190+0000] {dagbag.py:545} INFO - Filling up the DagBag from /home/airflow/.local/lib/python3.12/site-packages/airflow/example_dags/example_external_task_marker_dag.py
[2025-07-23T08:15:52.209+0000] {processor.py:840} INFO - DAG(s) 'example_external_task_marker_parent', 'example_external_task_marker_child' retrieved from /home/airflow/.local/lib/python3.12/site-packages/airflow/example_dags/example_external_task_marker_dag.py
[2025-07-23T08:15:52.289+0000] {logging_mixin.py:188} INFO - [2025-07-23T08:15:52.288+0000] {dag.py:3096} INFO - Sync 2 DAGs
[2025-07-23T08:15:52.348+0000] {logging_mixin.py:188} INFO - [2025-07-23T08:15:52.345+0000] {dag.py:3954} INFO - Setting next_dagrun for example_external_task_marker_child to None, run_after=None
[2025-07-23T08:15:52.358+0000] {logging_mixin.py:188} INFO - [2025-07-23T08:15:52.358+0000] {dag.py:3954} INFO - Setting next_dagrun for example_external_task_marker_parent to None, run_after=None
[2025-07-23T08:15:52.425+0000] {processor.py:183} INFO - Processing /home/airflow/.local/lib/python3.12/site-packages/airflow/example_dags/example_external_task_marker_dag.py took 0.288 seconds
[2025-07-23T08:16:23.011+0000] {processor.py:161} INFO - Started process (PID=347) to work on /home/airflow/.local/lib/python3.12/site-packages/airflow/example_dags/example_external_task_marker_dag.py
[2025-07-23T08:16:23.035+0000] {processor.py:830} INFO - Processing file /home/airflow/.local/lib/python3.12/site-packages/airflow/example_dags/example_external_task_marker_dag.py for tasks to queue
[2025-07-23T08:16:23.039+0000] {logging_mixin.py:188} INFO - [2025-07-23T08:16:23.038+0000] {dagbag.py:545} INFO - Filling up the DagBag from /home/airflow/.local/lib/python3.12/site-packages/airflow/example_dags/example_external_task_marker_dag.py
[2025-07-23T08:16:23.078+0000] {processor.py:840} INFO - DAG(s) 'example_external_task_marker_parent', 'example_external_task_marker_child' retrieved from /home/airflow/.local/lib/python3.12/site-packages/airflow/example_dags/example_external_task_marker_dag.py
[2025-07-23T08:16:23.210+0000] {logging_mixin.py:188} INFO - [2025-07-23T08:16:23.210+0000] {dag.py:3096} INFO - Sync 2 DAGs
[2025-07-23T08:16:23.274+0000] {logging_mixin.py:188} INFO - [2025-07-23T08:16:23.273+0000] {dag.py:3954} INFO - Setting next_dagrun for example_external_task_marker_child to None, run_after=None
[2025-07-23T08:16:23.294+0000] {logging_mixin.py:188} INFO - [2025-07-23T08:16:23.294+0000] {dag.py:3954} INFO - Setting next_dagrun for example_external_task_marker_parent to None, run_after=None
[2025-07-23T08:16:23.402+0000] {processor.py:183} INFO - Processing /home/airflow/.local/lib/python3.12/site-packages/airflow/example_dags/example_external_task_marker_dag.py took 0.440 seconds
[2025-07-23T08:16:53.893+0000] {processor.py:161} INFO - Started process (PID=404) to work on /home/airflow/.local/lib/python3.12/site-packages/airflow/example_dags/example_external_task_marker_dag.py
[2025-07-23T08:16:53.896+0000] {processor.py:830} INFO - Processing file /home/airflow/.local/lib/python3.12/site-packages/airflow/example_dags/example_external_task_marker_dag.py for tasks to queue
[2025-07-23T08:16:53.901+0000] {logging_mixin.py:188} INFO - [2025-07-23T08:16:53.900+0000] {dagbag.py:545} INFO - Filling up the DagBag from /home/airflow/.local/lib/python3.12/site-packages/airflow/example_dags/example_external_task_marker_dag.py
[2025-07-23T08:16:53.936+0000] {processor.py:840} INFO - DAG(s) 'example_external_task_marker_child', 'example_external_task_marker_parent' retrieved from /home/airflow/.local/lib/python3.12/site-packages/airflow/example_dags/example_external_task_marker_dag.py
[2025-07-23T08:16:54.259+0000] {logging_mixin.py:188} INFO - [2025-07-23T08:16:54.255+0000] {dag.py:3096} INFO - Sync 2 DAGs
[2025-07-23T08:16:54.439+0000] {logging_mixin.py:188} INFO - [2025-07-23T08:16:54.438+0000] {dag.py:3954} INFO - Setting next_dagrun for example_external_task_marker_child to None, run_after=None
[2025-07-23T08:16:54.472+0000] {logging_mixin.py:188} INFO - [2025-07-23T08:16:54.469+0000] {dag.py:3954} INFO - Setting next_dagrun for example_external_task_marker_parent to None, run_after=None
[2025-07-23T08:16:54.623+0000] {processor.py:183} INFO - Processing /home/airflow/.local/lib/python3.12/site-packages/airflow/example_dags/example_external_task_marker_dag.py took 0.778 seconds
[2025-07-23T08:17:24.851+0000] {processor.py:161} INFO - Started process (PID=460) to work on /home/airflow/.local/lib/python3.12/site-packages/airflow/example_dags/example_external_task_marker_dag.py
[2025-07-23T08:17:24.855+0000] {processor.py:830} INFO - Processing file /home/airflow/.local/lib/python3.12/site-packages/airflow/example_dags/example_external_task_marker_dag.py for tasks to queue
[2025-07-23T08:17:24.864+0000] {logging_mixin.py:188} INFO - [2025-07-23T08:17:24.863+0000] {dagbag.py:545} INFO - Filling up the DagBag from /home/airflow/.local/lib/python3.12/site-packages/airflow/example_dags/example_external_task_marker_dag.py
[2025-07-23T08:17:24.914+0000] {processor.py:840} INFO - DAG(s) 'example_external_task_marker_parent', 'example_external_task_marker_child' retrieved from /home/airflow/.local/lib/python3.12/site-packages/airflow/example_dags/example_external_task_marker_dag.py
[2025-07-23T08:17:25.035+0000] {logging_mixin.py:188} INFO - [2025-07-23T08:17:25.034+0000] {dag.py:3096} INFO - Sync 2 DAGs
[2025-07-23T08:17:25.098+0000] {logging_mixin.py:188} INFO - [2025-07-23T08:17:25.098+0000] {dag.py:3954} INFO - Setting next_dagrun for example_external_task_marker_child to None, run_after=None
[2025-07-23T08:17:25.115+0000] {logging_mixin.py:188} INFO - [2025-07-23T08:17:25.115+0000] {dag.py:3954} INFO - Setting next_dagrun for example_external_task_marker_parent to None, run_after=None
[2025-07-23T08:17:25.217+0000] {processor.py:183} INFO - Processing /home/airflow/.local/lib/python3.12/site-packages/airflow/example_dags/example_external_task_marker_dag.py took 0.386 seconds
[2025-07-23T08:17:55.666+0000] {processor.py:161} INFO - Started process (PID=518) to work on /home/airflow/.local/lib/python3.12/site-packages/airflow/example_dags/example_external_task_marker_dag.py
[2025-07-23T08:17:55.685+0000] {processor.py:830} INFO - Processing file /home/airflow/.local/lib/python3.12/site-packages/airflow/example_dags/example_external_task_marker_dag.py for tasks to queue
[2025-07-23T08:17:55.783+0000] {logging_mixin.py:188} INFO - [2025-07-23T08:17:55.782+0000] {dagbag.py:545} INFO - Filling up the DagBag from /home/airflow/.local/lib/python3.12/site-packages/airflow/example_dags/example_external_task_marker_dag.py
[2025-07-23T08:17:55.841+0000] {processor.py:840} INFO - DAG(s) 'example_external_task_marker_parent', 'example_external_task_marker_child' retrieved from /home/airflow/.local/lib/python3.12/site-packages/airflow/example_dags/example_external_task_marker_dag.py
[2025-07-23T08:17:56.090+0000] {logging_mixin.py:188} INFO - [2025-07-23T08:17:56.088+0000] {dag.py:3096} INFO - Sync 2 DAGs
[2025-07-23T08:17:56.374+0000] {logging_mixin.py:188} INFO - [2025-07-23T08:17:56.374+0000] {dag.py:3954} INFO - Setting next_dagrun for example_external_task_marker_child to None, run_after=None
[2025-07-23T08:17:56.398+0000] {logging_mixin.py:188} INFO - [2025-07-23T08:17:56.397+0000] {dag.py:3954} INFO - Setting next_dagrun for example_external_task_marker_parent to None, run_after=None
[2025-07-23T08:17:56.623+0000] {processor.py:183} INFO - Processing /home/airflow/.local/lib/python3.12/site-packages/airflow/example_dags/example_external_task_marker_dag.py took 1.041 seconds
[2025-07-23T08:18:26.852+0000] {processor.py:161} INFO - Started process (PID=576) to work on /home/airflow/.local/lib/python3.12/site-packages/airflow/example_dags/example_external_task_marker_dag.py
[2025-07-23T08:18:26.854+0000] {processor.py:830} INFO - Processing file /home/airflow/.local/lib/python3.12/site-packages/airflow/example_dags/example_external_task_marker_dag.py for tasks to queue
[2025-07-23T08:18:26.858+0000] {logging_mixin.py:188} INFO - [2025-07-23T08:18:26.857+0000] {dagbag.py:545} INFO - Filling up the DagBag from /home/airflow/.local/lib/python3.12/site-packages/airflow/example_dags/example_external_task_marker_dag.py
[2025-07-23T08:18:26.875+0000] {processor.py:840} INFO - DAG(s) 'example_external_task_marker_parent', 'example_external_task_marker_child' retrieved from /home/airflow/.local/lib/python3.12/site-packages/airflow/example_dags/example_external_task_marker_dag.py
[2025-07-23T08:18:26.920+0000] {logging_mixin.py:188} INFO - [2025-07-23T08:18:26.920+0000] {dag.py:3096} INFO - Sync 2 DAGs
[2025-07-23T08:18:26.950+0000] {logging_mixin.py:188} INFO - [2025-07-23T08:18:26.949+0000] {dag.py:3954} INFO - Setting next_dagrun for example_external_task_marker_child to None, run_after=None
[2025-07-23T08:18:26.960+0000] {logging_mixin.py:188} INFO - [2025-07-23T08:18:26.959+0000] {dag.py:3954} INFO - Setting next_dagrun for example_external_task_marker_parent to None, run_after=None
[2025-07-23T08:18:27.068+0000] {processor.py:183} INFO - Processing /home/airflow/.local/lib/python3.12/site-packages/airflow/example_dags/example_external_task_marker_dag.py took 0.237 seconds
[2025-07-23T08:18:57.856+0000] {processor.py:161} INFO - Started process (PID=634) to work on /home/airflow/.local/lib/python3.12/site-packages/airflow/example_dags/example_external_task_marker_dag.py
[2025-07-23T08:18:57.858+0000] {processor.py:830} INFO - Processing file /home/airflow/.local/lib/python3.12/site-packages/airflow/example_dags/example_external_task_marker_dag.py for tasks to queue
[2025-07-23T08:18:57.862+0000] {logging_mixin.py:188} INFO - [2025-07-23T08:18:57.861+0000] {dagbag.py:545} INFO - Filling up the DagBag from /home/airflow/.local/lib/python3.12/site-packages/airflow/example_dags/example_external_task_marker_dag.py
[2025-07-23T08:18:57.875+0000] {processor.py:840} INFO - DAG(s) 'example_external_task_marker_parent', 'example_external_task_marker_child' retrieved from /home/airflow/.local/lib/python3.12/site-packages/airflow/example_dags/example_external_task_marker_dag.py
[2025-07-23T08:18:57.927+0000] {logging_mixin.py:188} INFO - [2025-07-23T08:18:57.926+0000] {dag.py:3096} INFO - Sync 2 DAGs
[2025-07-23T08:18:57.959+0000] {logging_mixin.py:188} INFO - [2025-07-23T08:18:57.959+0000] {dag.py:3954} INFO - Setting next_dagrun for example_external_task_marker_child to None, run_after=None
[2025-07-23T08:18:57.970+0000] {logging_mixin.py:188} INFO - [2025-07-23T08:18:57.970+0000] {dag.py:3954} INFO - Setting next_dagrun for example_external_task_marker_parent to None, run_after=None
[2025-07-23T08:18:58.047+0000] {processor.py:183} INFO - Processing /home/airflow/.local/lib/python3.12/site-packages/airflow/example_dags/example_external_task_marker_dag.py took 0.203 seconds
[2025-07-23T08:19:28.676+0000] {processor.py:161} INFO - Started process (PID=690) to work on /home/airflow/.local/lib/python3.12/site-packages/airflow/example_dags/example_external_task_marker_dag.py
[2025-07-23T08:19:28.677+0000] {processor.py:830} INFO - Processing file /home/airflow/.local/lib/python3.12/site-packages/airflow/example_dags/example_external_task_marker_dag.py for tasks to queue
[2025-07-23T08:19:28.689+0000] {logging_mixin.py:188} INFO - [2025-07-23T08:19:28.688+0000] {dagbag.py:545} INFO - Filling up the DagBag from /home/airflow/.local/lib/python3.12/site-packages/airflow/example_dags/example_external_task_marker_dag.py
[2025-07-23T08:19:28.735+0000] {processor.py:840} INFO - DAG(s) 'example_external_task_marker_child', 'example_external_task_marker_parent' retrieved from /home/airflow/.local/lib/python3.12/site-packages/airflow/example_dags/example_external_task_marker_dag.py
[2025-07-23T08:19:28.826+0000] {logging_mixin.py:188} INFO - [2025-07-23T08:19:28.825+0000] {dag.py:3096} INFO - Sync 2 DAGs
[2025-07-23T08:19:28.929+0000] {logging_mixin.py:188} INFO - [2025-07-23T08:19:28.928+0000] {dag.py:3954} INFO - Setting next_dagrun for example_external_task_marker_child to None, run_after=None
[2025-07-23T08:19:28.963+0000] {logging_mixin.py:188} INFO - [2025-07-23T08:19:28.963+0000] {dag.py:3954} INFO - Setting next_dagrun for example_external_task_marker_parent to None, run_after=None
[2025-07-23T08:19:29.072+0000] {processor.py:183} INFO - Processing /home/airflow/.local/lib/python3.12/site-packages/airflow/example_dags/example_external_task_marker_dag.py took 0.429 seconds
[2025-07-23T08:19:59.315+0000] {processor.py:161} INFO - Started process (PID=743) to work on /home/airflow/.local/lib/python3.12/site-packages/airflow/example_dags/example_external_task_marker_dag.py
[2025-07-23T08:19:59.317+0000] {processor.py:830} INFO - Processing file /home/airflow/.local/lib/python3.12/site-packages/airflow/example_dags/example_external_task_marker_dag.py for tasks to queue
[2025-07-23T08:19:59.321+0000] {logging_mixin.py:188} INFO - [2025-07-23T08:19:59.321+0000] {dagbag.py:545} INFO - Filling up the DagBag from /home/airflow/.local/lib/python3.12/site-packages/airflow/example_dags/example_external_task_marker_dag.py
[2025-07-23T08:19:59.347+0000] {processor.py:840} INFO - DAG(s) 'example_external_task_marker_child', 'example_external_task_marker_parent' retrieved from /home/airflow/.local/lib/python3.12/site-packages/airflow/example_dags/example_external_task_marker_dag.py
[2025-07-23T08:19:59.412+0000] {logging_mixin.py:188} INFO - [2025-07-23T08:19:59.412+0000] {dag.py:3096} INFO - Sync 2 DAGs
[2025-07-23T08:19:59.515+0000] {logging_mixin.py:188} INFO - [2025-07-23T08:19:59.515+0000] {dag.py:3954} INFO - Setting next_dagrun for example_external_task_marker_child to None, run_after=None
[2025-07-23T08:19:59.533+0000] {logging_mixin.py:188} INFO - [2025-07-23T08:19:59.532+0000] {dag.py:3954} INFO - Setting next_dagrun for example_external_task_marker_parent to None, run_after=None
[2025-07-23T08:19:59.672+0000] {processor.py:183} INFO - Processing /home/airflow/.local/lib/python3.12/site-packages/airflow/example_dags/example_external_task_marker_dag.py took 0.388 seconds
[2025-07-23T08:20:30.058+0000] {processor.py:161} INFO - Started process (PID=800) to work on /home/airflow/.local/lib/python3.12/site-packages/airflow/example_dags/example_external_task_marker_dag.py
[2025-07-23T08:20:30.061+0000] {processor.py:830} INFO - Processing file /home/airflow/.local/lib/python3.12/site-packages/airflow/example_dags/example_external_task_marker_dag.py for tasks to queue
[2025-07-23T08:20:30.069+0000] {logging_mixin.py:188} INFO - [2025-07-23T08:20:30.068+0000] {dagbag.py:545} INFO - Filling up the DagBag from /home/airflow/.local/lib/python3.12/site-packages/airflow/example_dags/example_external_task_marker_dag.py
[2025-07-23T08:20:30.082+0000] {processor.py:840} INFO - DAG(s) 'example_external_task_marker_parent', 'example_external_task_marker_child' retrieved from /home/airflow/.local/lib/python3.12/site-packages/airflow/example_dags/example_external_task_marker_dag.py
[2025-07-23T08:20:30.797+0000] {logging_mixin.py:188} INFO - [2025-07-23T08:20:30.797+0000] {dag.py:3096} INFO - Sync 2 DAGs
[2025-07-23T08:20:30.919+0000] {logging_mixin.py:188} INFO - [2025-07-23T08:20:30.917+0000] {dag.py:3954} INFO - Setting next_dagrun for example_external_task_marker_child to None, run_after=None
[2025-07-23T08:20:30.938+0000] {logging_mixin.py:188} INFO - [2025-07-23T08:20:30.937+0000] {dag.py:3954} INFO - Setting next_dagrun for example_external_task_marker_parent to None, run_after=None
[2025-07-23T08:20:31.184+0000] {processor.py:183} INFO - Processing /home/airflow/.local/lib/python3.12/site-packages/airflow/example_dags/example_external_task_marker_dag.py took 1.142 seconds
[2025-07-23T08:21:04.227+0000] {processor.py:161} INFO - Started process (PID=853) to work on /home/airflow/.local/lib/python3.12/site-packages/airflow/example_dags/example_external_task_marker_dag.py
[2025-07-23T08:21:04.246+0000] {processor.py:830} INFO - Processing file /home/airflow/.local/lib/python3.12/site-packages/airflow/example_dags/example_external_task_marker_dag.py for tasks to queue
[2025-07-23T08:21:04.293+0000] {logging_mixin.py:188} INFO - [2025-07-23T08:21:04.292+0000] {dagbag.py:545} INFO - Filling up the DagBag from /home/airflow/.local/lib/python3.12/site-packages/airflow/example_dags/example_external_task_marker_dag.py
[2025-07-23T08:21:04.439+0000] {processor.py:840} INFO - DAG(s) 'example_external_task_marker_child', 'example_external_task_marker_parent' retrieved from /home/airflow/.local/lib/python3.12/site-packages/airflow/example_dags/example_external_task_marker_dag.py
[2025-07-23T08:21:04.738+0000] {logging_mixin.py:188} INFO - [2025-07-23T08:21:04.726+0000] {dag.py:3096} INFO - Sync 2 DAGs
[2025-07-23T08:21:04.891+0000] {logging_mixin.py:188} INFO - [2025-07-23T08:21:04.890+0000] {dag.py:3954} INFO - Setting next_dagrun for example_external_task_marker_child to None, run_after=None
[2025-07-23T08:21:04.930+0000] {logging_mixin.py:188} INFO - [2025-07-23T08:21:04.928+0000] {dag.py:3954} INFO - Setting next_dagrun for example_external_task_marker_parent to None, run_after=None
[2025-07-23T08:21:05.140+0000] {processor.py:183} INFO - Processing /home/airflow/.local/lib/python3.12/site-packages/airflow/example_dags/example_external_task_marker_dag.py took 1.036 seconds
[2025-07-23T08:21:35.588+0000] {processor.py:161} INFO - Started process (PID=907) to work on /home/airflow/.local/lib/python3.12/site-packages/airflow/example_dags/example_external_task_marker_dag.py
[2025-07-23T08:21:35.599+0000] {processor.py:830} INFO - Processing file /home/airflow/.local/lib/python3.12/site-packages/airflow/example_dags/example_external_task_marker_dag.py for tasks to queue
[2025-07-23T08:21:35.643+0000] {logging_mixin.py:188} INFO - [2025-07-23T08:21:35.642+0000] {dagbag.py:545} INFO - Filling up the DagBag from /home/airflow/.local/lib/python3.12/site-packages/airflow/example_dags/example_external_task_marker_dag.py
[2025-07-23T08:21:35.706+0000] {processor.py:840} INFO - DAG(s) 'example_external_task_marker_parent', 'example_external_task_marker_child' retrieved from /home/airflow/.local/lib/python3.12/site-packages/airflow/example_dags/example_external_task_marker_dag.py
[2025-07-23T08:21:36.034+0000] {logging_mixin.py:188} INFO - [2025-07-23T08:21:36.033+0000] {dag.py:3096} INFO - Sync 2 DAGs
[2025-07-23T08:21:36.262+0000] {logging_mixin.py:188} INFO - [2025-07-23T08:21:36.248+0000] {dag.py:3954} INFO - Setting next_dagrun for example_external_task_marker_child to None, run_after=None
[2025-07-23T08:21:36.473+0000] {logging_mixin.py:188} INFO - [2025-07-23T08:21:36.473+0000] {dag.py:3954} INFO - Setting next_dagrun for example_external_task_marker_parent to None, run_after=None
[2025-07-23T08:21:36.914+0000] {processor.py:183} INFO - Processing /home/airflow/.local/lib/python3.12/site-packages/airflow/example_dags/example_external_task_marker_dag.py took 1.385 seconds
[2025-07-23T08:22:08.005+0000] {processor.py:161} INFO - Started process (PID=964) to work on /home/airflow/.local/lib/python3.12/site-packages/airflow/example_dags/example_external_task_marker_dag.py
[2025-07-23T08:22:08.035+0000] {processor.py:830} INFO - Processing file /home/airflow/.local/lib/python3.12/site-packages/airflow/example_dags/example_external_task_marker_dag.py for tasks to queue
[2025-07-23T08:22:08.052+0000] {logging_mixin.py:188} INFO - [2025-07-23T08:22:08.051+0000] {dagbag.py:545} INFO - Filling up the DagBag from /home/airflow/.local/lib/python3.12/site-packages/airflow/example_dags/example_external_task_marker_dag.py
[2025-07-23T08:22:08.148+0000] {processor.py:840} INFO - DAG(s) 'example_external_task_marker_child', 'example_external_task_marker_parent' retrieved from /home/airflow/.local/lib/python3.12/site-packages/airflow/example_dags/example_external_task_marker_dag.py
[2025-07-23T08:22:08.356+0000] {logging_mixin.py:188} INFO - [2025-07-23T08:22:08.355+0000] {dag.py:3096} INFO - Sync 2 DAGs
[2025-07-23T08:22:08.456+0000] {logging_mixin.py:188} INFO - [2025-07-23T08:22:08.456+0000] {dag.py:3954} INFO - Setting next_dagrun for example_external_task_marker_child to None, run_after=None
[2025-07-23T08:22:08.494+0000] {logging_mixin.py:188} INFO - [2025-07-23T08:22:08.493+0000] {dag.py:3954} INFO - Setting next_dagrun for example_external_task_marker_parent to None, run_after=None
[2025-07-23T08:22:08.664+0000] {processor.py:183} INFO - Processing /home/airflow/.local/lib/python3.12/site-packages/airflow/example_dags/example_external_task_marker_dag.py took 0.696 seconds
[2025-07-23T08:22:39.364+0000] {processor.py:161} INFO - Started process (PID=1021) to work on /home/airflow/.local/lib/python3.12/site-packages/airflow/example_dags/example_external_task_marker_dag.py
[2025-07-23T08:22:39.367+0000] {processor.py:830} INFO - Processing file /home/airflow/.local/lib/python3.12/site-packages/airflow/example_dags/example_external_task_marker_dag.py for tasks to queue
[2025-07-23T08:22:39.371+0000] {logging_mixin.py:188} INFO - [2025-07-23T08:22:39.370+0000] {dagbag.py:545} INFO - Filling up the DagBag from /home/airflow/.local/lib/python3.12/site-packages/airflow/example_dags/example_external_task_marker_dag.py
[2025-07-23T08:22:39.384+0000] {processor.py:840} INFO - DAG(s) 'example_external_task_marker_parent', 'example_external_task_marker_child' retrieved from /home/airflow/.local/lib/python3.12/site-packages/airflow/example_dags/example_external_task_marker_dag.py
[2025-07-23T08:22:39.494+0000] {logging_mixin.py:188} INFO - [2025-07-23T08:22:39.493+0000] {dag.py:3096} INFO - Sync 2 DAGs
[2025-07-23T08:22:39.549+0000] {logging_mixin.py:188} INFO - [2025-07-23T08:22:39.548+0000] {dag.py:3954} INFO - Setting next_dagrun for example_external_task_marker_child to None, run_after=None
[2025-07-23T08:22:39.568+0000] {logging_mixin.py:188} INFO - [2025-07-23T08:22:39.568+0000] {dag.py:3954} INFO - Setting next_dagrun for example_external_task_marker_parent to None, run_after=None
[2025-07-23T08:22:39.636+0000] {processor.py:183} INFO - Processing /home/airflow/.local/lib/python3.12/site-packages/airflow/example_dags/example_external_task_marker_dag.py took 0.294 seconds
[2025-07-23T08:23:17.669+0000] {processor.py:161} INFO - Started process (PID=1079) to work on /home/airflow/.local/lib/python3.12/site-packages/airflow/example_dags/example_external_task_marker_dag.py
[2025-07-23T08:23:17.672+0000] {processor.py:830} INFO - Processing file /home/airflow/.local/lib/python3.12/site-packages/airflow/example_dags/example_external_task_marker_dag.py for tasks to queue
[2025-07-23T08:23:17.683+0000] {logging_mixin.py:188} INFO - [2025-07-23T08:23:17.683+0000] {dagbag.py:545} INFO - Filling up the DagBag from /home/airflow/.local/lib/python3.12/site-packages/airflow/example_dags/example_external_task_marker_dag.py
[2025-07-23T08:23:17.732+0000] {processor.py:840} INFO - DAG(s) 'example_external_task_marker_child', 'example_external_task_marker_parent' retrieved from /home/airflow/.local/lib/python3.12/site-packages/airflow/example_dags/example_external_task_marker_dag.py
[2025-07-23T08:23:17.940+0000] {logging_mixin.py:188} INFO - [2025-07-23T08:23:17.939+0000] {dag.py:3096} INFO - Sync 2 DAGs
[2025-07-23T08:23:18.085+0000] {logging_mixin.py:188} INFO - [2025-07-23T08:23:18.084+0000] {dag.py:3954} INFO - Setting next_dagrun for example_external_task_marker_child to None, run_after=None
[2025-07-23T08:23:18.159+0000] {logging_mixin.py:188} INFO - [2025-07-23T08:23:18.158+0000] {dag.py:3954} INFO - Setting next_dagrun for example_external_task_marker_parent to None, run_after=None
[2025-07-23T08:23:18.374+0000] {processor.py:183} INFO - Processing /home/airflow/.local/lib/python3.12/site-packages/airflow/example_dags/example_external_task_marker_dag.py took 0.801 seconds
[2025-07-23T08:23:53.529+0000] {processor.py:161} INFO - Started process (PID=1132) to work on /home/airflow/.local/lib/python3.12/site-packages/airflow/example_dags/example_external_task_marker_dag.py
[2025-07-23T08:23:53.542+0000] {processor.py:830} INFO - Processing file /home/airflow/.local/lib/python3.12/site-packages/airflow/example_dags/example_external_task_marker_dag.py for tasks to queue
[2025-07-23T08:23:53.562+0000] {logging_mixin.py:188} INFO - [2025-07-23T08:23:53.561+0000] {dagbag.py:545} INFO - Filling up the DagBag from /home/airflow/.local/lib/python3.12/site-packages/airflow/example_dags/example_external_task_marker_dag.py
[2025-07-23T08:23:53.615+0000] {processor.py:840} INFO - DAG(s) 'example_external_task_marker_parent', 'example_external_task_marker_child' retrieved from /home/airflow/.local/lib/python3.12/site-packages/airflow/example_dags/example_external_task_marker_dag.py
[2025-07-23T08:23:53.826+0000] {logging_mixin.py:188} INFO - [2025-07-23T08:23:53.825+0000] {dag.py:3096} INFO - Sync 2 DAGs
[2025-07-23T08:23:53.955+0000] {logging_mixin.py:188} INFO - [2025-07-23T08:23:53.954+0000] {dag.py:3954} INFO - Setting next_dagrun for example_external_task_marker_child to None, run_after=None
[2025-07-23T08:23:54.013+0000] {logging_mixin.py:188} INFO - [2025-07-23T08:23:54.012+0000] {dag.py:3954} INFO - Setting next_dagrun for example_external_task_marker_parent to None, run_after=None
[2025-07-23T08:23:54.253+0000] {processor.py:183} INFO - Processing /home/airflow/.local/lib/python3.12/site-packages/airflow/example_dags/example_external_task_marker_dag.py took 0.781 seconds
[2025-07-23T08:24:24.605+0000] {processor.py:161} INFO - Started process (PID=1188) to work on /home/airflow/.local/lib/python3.12/site-packages/airflow/example_dags/example_external_task_marker_dag.py
[2025-07-23T08:24:24.607+0000] {processor.py:830} INFO - Processing file /home/airflow/.local/lib/python3.12/site-packages/airflow/example_dags/example_external_task_marker_dag.py for tasks to queue
[2025-07-23T08:24:24.620+0000] {logging_mixin.py:188} INFO - [2025-07-23T08:24:24.619+0000] {dagbag.py:545} INFO - Filling up the DagBag from /home/airflow/.local/lib/python3.12/site-packages/airflow/example_dags/example_external_task_marker_dag.py
[2025-07-23T08:24:24.640+0000] {processor.py:840} INFO - DAG(s) 'example_external_task_marker_parent', 'example_external_task_marker_child' retrieved from /home/airflow/.local/lib/python3.12/site-packages/airflow/example_dags/example_external_task_marker_dag.py
[2025-07-23T08:24:24.775+0000] {logging_mixin.py:188} INFO - [2025-07-23T08:24:24.765+0000] {dag.py:3096} INFO - Sync 2 DAGs
[2025-07-23T08:24:24.809+0000] {logging_mixin.py:188} INFO - [2025-07-23T08:24:24.809+0000] {dag.py:3954} INFO - Setting next_dagrun for example_external_task_marker_child to None, run_after=None
[2025-07-23T08:24:24.819+0000] {logging_mixin.py:188} INFO - [2025-07-23T08:24:24.818+0000] {dag.py:3954} INFO - Setting next_dagrun for example_external_task_marker_parent to None, run_after=None
[2025-07-23T08:24:24.878+0000] {processor.py:183} INFO - Processing /home/airflow/.local/lib/python3.12/site-packages/airflow/example_dags/example_external_task_marker_dag.py took 0.297 seconds
[2025-07-23T08:24:55.239+0000] {processor.py:161} INFO - Started process (PID=1242) to work on /home/airflow/.local/lib/python3.12/site-packages/airflow/example_dags/example_external_task_marker_dag.py
[2025-07-23T08:24:55.252+0000] {processor.py:830} INFO - Processing file /home/airflow/.local/lib/python3.12/site-packages/airflow/example_dags/example_external_task_marker_dag.py for tasks to queue
[2025-07-23T08:24:55.258+0000] {logging_mixin.py:188} INFO - [2025-07-23T08:24:55.257+0000] {dagbag.py:545} INFO - Filling up the DagBag from /home/airflow/.local/lib/python3.12/site-packages/airflow/example_dags/example_external_task_marker_dag.py
[2025-07-23T08:24:55.278+0000] {processor.py:840} INFO - DAG(s) 'example_external_task_marker_parent', 'example_external_task_marker_child' retrieved from /home/airflow/.local/lib/python3.12/site-packages/airflow/example_dags/example_external_task_marker_dag.py
[2025-07-23T08:24:55.367+0000] {logging_mixin.py:188} INFO - [2025-07-23T08:24:55.366+0000] {dag.py:3096} INFO - Sync 2 DAGs
[2025-07-23T08:24:55.432+0000] {logging_mixin.py:188} INFO - [2025-07-23T08:24:55.431+0000] {dag.py:3954} INFO - Setting next_dagrun for example_external_task_marker_child to None, run_after=None
[2025-07-23T08:24:55.447+0000] {logging_mixin.py:188} INFO - [2025-07-23T08:24:55.447+0000] {dag.py:3954} INFO - Setting next_dagrun for example_external_task_marker_parent to None, run_after=None
[2025-07-23T08:24:55.521+0000] {processor.py:183} INFO - Processing /home/airflow/.local/lib/python3.12/site-packages/airflow/example_dags/example_external_task_marker_dag.py took 0.318 seconds
[2025-07-23T08:25:27.252+0000] {processor.py:161} INFO - Started process (PID=1300) to work on /home/airflow/.local/lib/python3.12/site-packages/airflow/example_dags/example_external_task_marker_dag.py
[2025-07-23T08:25:27.264+0000] {processor.py:830} INFO - Processing file /home/airflow/.local/lib/python3.12/site-packages/airflow/example_dags/example_external_task_marker_dag.py for tasks to queue
[2025-07-23T08:25:27.281+0000] {logging_mixin.py:188} INFO - [2025-07-23T08:25:27.280+0000] {dagbag.py:545} INFO - Filling up the DagBag from /home/airflow/.local/lib/python3.12/site-packages/airflow/example_dags/example_external_task_marker_dag.py
[2025-07-23T08:25:27.393+0000] {processor.py:840} INFO - DAG(s) 'example_external_task_marker_parent', 'example_external_task_marker_child' retrieved from /home/airflow/.local/lib/python3.12/site-packages/airflow/example_dags/example_external_task_marker_dag.py
[2025-07-23T08:25:27.591+0000] {logging_mixin.py:188} INFO - [2025-07-23T08:25:27.590+0000] {dag.py:3096} INFO - Sync 2 DAGs
[2025-07-23T08:25:27.688+0000] {logging_mixin.py:188} INFO - [2025-07-23T08:25:27.687+0000] {dag.py:3954} INFO - Setting next_dagrun for example_external_task_marker_child to None, run_after=None
[2025-07-23T08:25:27.706+0000] {logging_mixin.py:188} INFO - [2025-07-23T08:25:27.706+0000] {dag.py:3954} INFO - Setting next_dagrun for example_external_task_marker_parent to None, run_after=None
[2025-07-23T08:25:27.914+0000] {processor.py:183} INFO - Processing /home/airflow/.local/lib/python3.12/site-packages/airflow/example_dags/example_external_task_marker_dag.py took 0.700 seconds
[2025-07-23T08:25:58.580+0000] {processor.py:161} INFO - Started process (PID=1358) to work on /home/airflow/.local/lib/python3.12/site-packages/airflow/example_dags/example_external_task_marker_dag.py
[2025-07-23T08:25:58.604+0000] {processor.py:830} INFO - Processing file /home/airflow/.local/lib/python3.12/site-packages/airflow/example_dags/example_external_task_marker_dag.py for tasks to queue
[2025-07-23T08:25:58.608+0000] {logging_mixin.py:188} INFO - [2025-07-23T08:25:58.607+0000] {dagbag.py:545} INFO - Filling up the DagBag from /home/airflow/.local/lib/python3.12/site-packages/airflow/example_dags/example_external_task_marker_dag.py
[2025-07-23T08:25:58.648+0000] {processor.py:840} INFO - DAG(s) 'example_external_task_marker_child', 'example_external_task_marker_parent' retrieved from /home/airflow/.local/lib/python3.12/site-packages/airflow/example_dags/example_external_task_marker_dag.py
[2025-07-23T08:25:58.812+0000] {logging_mixin.py:188} INFO - [2025-07-23T08:25:58.811+0000] {dag.py:3096} INFO - Sync 2 DAGs
[2025-07-23T08:25:58.871+0000] {logging_mixin.py:188} INFO - [2025-07-23T08:25:58.868+0000] {dag.py:3954} INFO - Setting next_dagrun for example_external_task_marker_child to None, run_after=None
[2025-07-23T08:25:58.908+0000] {logging_mixin.py:188} INFO - [2025-07-23T08:25:58.908+0000] {dag.py:3954} INFO - Setting next_dagrun for example_external_task_marker_parent to None, run_after=None
[2025-07-23T08:25:59.056+0000] {processor.py:183} INFO - Processing /home/airflow/.local/lib/python3.12/site-packages/airflow/example_dags/example_external_task_marker_dag.py took 0.505 seconds
[2025-07-23T08:26:29.539+0000] {processor.py:161} INFO - Started process (PID=1415) to work on /home/airflow/.local/lib/python3.12/site-packages/airflow/example_dags/example_external_task_marker_dag.py
[2025-07-23T08:26:29.541+0000] {processor.py:830} INFO - Processing file /home/airflow/.local/lib/python3.12/site-packages/airflow/example_dags/example_external_task_marker_dag.py for tasks to queue
[2025-07-23T08:26:29.544+0000] {logging_mixin.py:188} INFO - [2025-07-23T08:26:29.543+0000] {dagbag.py:545} INFO - Filling up the DagBag from /home/airflow/.local/lib/python3.12/site-packages/airflow/example_dags/example_external_task_marker_dag.py
[2025-07-23T08:26:29.571+0000] {processor.py:840} INFO - DAG(s) 'example_external_task_marker_child', 'example_external_task_marker_parent' retrieved from /home/airflow/.local/lib/python3.12/site-packages/airflow/example_dags/example_external_task_marker_dag.py
[2025-07-23T08:26:29.642+0000] {logging_mixin.py:188} INFO - [2025-07-23T08:26:29.642+0000] {dag.py:3096} INFO - Sync 2 DAGs
[2025-07-23T08:26:29.677+0000] {logging_mixin.py:188} INFO - [2025-07-23T08:26:29.676+0000] {dag.py:3954} INFO - Setting next_dagrun for example_external_task_marker_child to None, run_after=None
[2025-07-23T08:26:29.698+0000] {logging_mixin.py:188} INFO - [2025-07-23T08:26:29.697+0000] {dag.py:3954} INFO - Setting next_dagrun for example_external_task_marker_parent to None, run_after=None
[2025-07-23T08:26:29.739+0000] {processor.py:183} INFO - Processing /home/airflow/.local/lib/python3.12/site-packages/airflow/example_dags/example_external_task_marker_dag.py took 0.223 seconds
[2025-07-23T08:27:00.149+0000] {processor.py:161} INFO - Started process (PID=1473) to work on /home/airflow/.local/lib/python3.12/site-packages/airflow/example_dags/example_external_task_marker_dag.py
[2025-07-23T08:27:00.151+0000] {processor.py:830} INFO - Processing file /home/airflow/.local/lib/python3.12/site-packages/airflow/example_dags/example_external_task_marker_dag.py for tasks to queue
[2025-07-23T08:27:00.155+0000] {logging_mixin.py:188} INFO - [2025-07-23T08:27:00.154+0000] {dagbag.py:545} INFO - Filling up the DagBag from /home/airflow/.local/lib/python3.12/site-packages/airflow/example_dags/example_external_task_marker_dag.py
[2025-07-23T08:27:00.167+0000] {processor.py:840} INFO - DAG(s) 'example_external_task_marker_child', 'example_external_task_marker_parent' retrieved from /home/airflow/.local/lib/python3.12/site-packages/airflow/example_dags/example_external_task_marker_dag.py
[2025-07-23T08:27:00.216+0000] {logging_mixin.py:188} INFO - [2025-07-23T08:27:00.216+0000] {dag.py:3096} INFO - Sync 2 DAGs
[2025-07-23T08:27:00.249+0000] {logging_mixin.py:188} INFO - [2025-07-23T08:27:00.248+0000] {dag.py:3954} INFO - Setting next_dagrun for example_external_task_marker_child to None, run_after=None
[2025-07-23T08:27:00.260+0000] {logging_mixin.py:188} INFO - [2025-07-23T08:27:00.259+0000] {dag.py:3954} INFO - Setting next_dagrun for example_external_task_marker_parent to None, run_after=None
[2025-07-23T08:27:00.324+0000] {processor.py:183} INFO - Processing /home/airflow/.local/lib/python3.12/site-packages/airflow/example_dags/example_external_task_marker_dag.py took 0.187 seconds
[2025-07-23T08:27:35.315+0000] {processor.py:161} INFO - Started process (PID=1522) to work on /home/airflow/.local/lib/python3.12/site-packages/airflow/example_dags/example_external_task_marker_dag.py
[2025-07-23T08:27:35.318+0000] {processor.py:830} INFO - Processing file /home/airflow/.local/lib/python3.12/site-packages/airflow/example_dags/example_external_task_marker_dag.py for tasks to queue
[2025-07-23T08:27:35.333+0000] {logging_mixin.py:188} INFO - [2025-07-23T08:27:35.332+0000] {dagbag.py:545} INFO - Filling up the DagBag from /home/airflow/.local/lib/python3.12/site-packages/airflow/example_dags/example_external_task_marker_dag.py
[2025-07-23T08:27:35.392+0000] {processor.py:840} INFO - DAG(s) 'example_external_task_marker_child', 'example_external_task_marker_parent' retrieved from /home/airflow/.local/lib/python3.12/site-packages/airflow/example_dags/example_external_task_marker_dag.py
[2025-07-23T08:27:35.598+0000] {logging_mixin.py:188} INFO - [2025-07-23T08:27:35.598+0000] {dag.py:3096} INFO - Sync 2 DAGs
[2025-07-23T08:27:35.664+0000] {logging_mixin.py:188} INFO - [2025-07-23T08:27:35.663+0000] {dag.py:3954} INFO - Setting next_dagrun for example_external_task_marker_child to None, run_after=None
[2025-07-23T08:27:35.692+0000] {logging_mixin.py:188} INFO - [2025-07-23T08:27:35.691+0000] {dag.py:3954} INFO - Setting next_dagrun for example_external_task_marker_parent to None, run_after=None
[2025-07-23T08:27:35.792+0000] {processor.py:183} INFO - Processing /home/airflow/.local/lib/python3.12/site-packages/airflow/example_dags/example_external_task_marker_dag.py took 0.617 seconds
[2025-07-23T08:28:06.062+0000] {processor.py:161} INFO - Started process (PID=1580) to work on /home/airflow/.local/lib/python3.12/site-packages/airflow/example_dags/example_external_task_marker_dag.py
[2025-07-23T08:28:06.064+0000] {processor.py:830} INFO - Processing file /home/airflow/.local/lib/python3.12/site-packages/airflow/example_dags/example_external_task_marker_dag.py for tasks to queue
[2025-07-23T08:28:06.085+0000] {logging_mixin.py:188} INFO - [2025-07-23T08:28:06.084+0000] {dagbag.py:545} INFO - Filling up the DagBag from /home/airflow/.local/lib/python3.12/site-packages/airflow/example_dags/example_external_task_marker_dag.py
[2025-07-23T08:28:06.110+0000] {processor.py:840} INFO - DAG(s) 'example_external_task_marker_parent', 'example_external_task_marker_child' retrieved from /home/airflow/.local/lib/python3.12/site-packages/airflow/example_dags/example_external_task_marker_dag.py
[2025-07-23T08:28:06.180+0000] {logging_mixin.py:188} INFO - [2025-07-23T08:28:06.180+0000] {dag.py:3096} INFO - Sync 2 DAGs
[2025-07-23T08:28:06.217+0000] {logging_mixin.py:188} INFO - [2025-07-23T08:28:06.217+0000] {dag.py:3954} INFO - Setting next_dagrun for example_external_task_marker_child to None, run_after=None
[2025-07-23T08:28:06.226+0000] {logging_mixin.py:188} INFO - [2025-07-23T08:28:06.226+0000] {dag.py:3954} INFO - Setting next_dagrun for example_external_task_marker_parent to None, run_after=None
[2025-07-23T08:28:06.328+0000] {processor.py:183} INFO - Processing /home/airflow/.local/lib/python3.12/site-packages/airflow/example_dags/example_external_task_marker_dag.py took 0.290 seconds
[2025-07-23T08:28:38.169+0000] {processor.py:161} INFO - Started process (PID=1637) to work on /home/airflow/.local/lib/python3.12/site-packages/airflow/example_dags/example_external_task_marker_dag.py
[2025-07-23T08:28:38.183+0000] {processor.py:830} INFO - Processing file /home/airflow/.local/lib/python3.12/site-packages/airflow/example_dags/example_external_task_marker_dag.py for tasks to queue
[2025-07-23T08:28:38.201+0000] {logging_mixin.py:188} INFO - [2025-07-23T08:28:38.200+0000] {dagbag.py:545} INFO - Filling up the DagBag from /home/airflow/.local/lib/python3.12/site-packages/airflow/example_dags/example_external_task_marker_dag.py
[2025-07-23T08:28:38.271+0000] {processor.py:840} INFO - DAG(s) 'example_external_task_marker_parent', 'example_external_task_marker_child' retrieved from /home/airflow/.local/lib/python3.12/site-packages/airflow/example_dags/example_external_task_marker_dag.py
[2025-07-23T08:28:38.505+0000] {logging_mixin.py:188} INFO - [2025-07-23T08:28:38.505+0000] {dag.py:3096} INFO - Sync 2 DAGs
[2025-07-23T08:28:38.661+0000] {logging_mixin.py:188} INFO - [2025-07-23T08:28:38.660+0000] {dag.py:3954} INFO - Setting next_dagrun for example_external_task_marker_child to None, run_after=None
[2025-07-23T08:28:38.715+0000] {logging_mixin.py:188} INFO - [2025-07-23T08:28:38.715+0000] {dag.py:3954} INFO - Setting next_dagrun for example_external_task_marker_parent to None, run_after=None
[2025-07-23T08:28:39.053+0000] {processor.py:183} INFO - Processing /home/airflow/.local/lib/python3.12/site-packages/airflow/example_dags/example_external_task_marker_dag.py took 0.953 seconds
[2025-07-23T08:29:09.266+0000] {processor.py:161} INFO - Started process (PID=1695) to work on /home/airflow/.local/lib/python3.12/site-packages/airflow/example_dags/example_external_task_marker_dag.py
[2025-07-23T08:29:09.268+0000] {processor.py:830} INFO - Processing file /home/airflow/.local/lib/python3.12/site-packages/airflow/example_dags/example_external_task_marker_dag.py for tasks to queue
[2025-07-23T08:29:09.272+0000] {logging_mixin.py:188} INFO - [2025-07-23T08:29:09.271+0000] {dagbag.py:545} INFO - Filling up the DagBag from /home/airflow/.local/lib/python3.12/site-packages/airflow/example_dags/example_external_task_marker_dag.py
[2025-07-23T08:29:09.281+0000] {processor.py:840} INFO - DAG(s) 'example_external_task_marker_child', 'example_external_task_marker_parent' retrieved from /home/airflow/.local/lib/python3.12/site-packages/airflow/example_dags/example_external_task_marker_dag.py
[2025-07-23T08:29:09.322+0000] {logging_mixin.py:188} INFO - [2025-07-23T08:29:09.322+0000] {dag.py:3096} INFO - Sync 2 DAGs
[2025-07-23T08:29:09.355+0000] {logging_mixin.py:188} INFO - [2025-07-23T08:29:09.355+0000] {dag.py:3954} INFO - Setting next_dagrun for example_external_task_marker_child to None, run_after=None
[2025-07-23T08:29:09.364+0000] {logging_mixin.py:188} INFO - [2025-07-23T08:29:09.363+0000] {dag.py:3954} INFO - Setting next_dagrun for example_external_task_marker_parent to None, run_after=None
[2025-07-23T08:29:09.444+0000] {processor.py:183} INFO - Processing /home/airflow/.local/lib/python3.12/site-packages/airflow/example_dags/example_external_task_marker_dag.py took 0.190 seconds
[2025-07-23T08:29:40.093+0000] {processor.py:161} INFO - Started process (PID=1753) to work on /home/airflow/.local/lib/python3.12/site-packages/airflow/example_dags/example_external_task_marker_dag.py
[2025-07-23T08:29:40.101+0000] {processor.py:830} INFO - Processing file /home/airflow/.local/lib/python3.12/site-packages/airflow/example_dags/example_external_task_marker_dag.py for tasks to queue
[2025-07-23T08:29:40.120+0000] {logging_mixin.py:188} INFO - [2025-07-23T08:29:40.120+0000] {dagbag.py:545} INFO - Filling up the DagBag from /home/airflow/.local/lib/python3.12/site-packages/airflow/example_dags/example_external_task_marker_dag.py
[2025-07-23T08:29:40.148+0000] {processor.py:840} INFO - DAG(s) 'example_external_task_marker_parent', 'example_external_task_marker_child' retrieved from /home/airflow/.local/lib/python3.12/site-packages/airflow/example_dags/example_external_task_marker_dag.py
[2025-07-23T08:29:40.266+0000] {logging_mixin.py:188} INFO - [2025-07-23T08:29:40.265+0000] {dag.py:3096} INFO - Sync 2 DAGs
[2025-07-23T08:29:40.323+0000] {logging_mixin.py:188} INFO - [2025-07-23T08:29:40.323+0000] {dag.py:3954} INFO - Setting next_dagrun for example_external_task_marker_child to None, run_after=None
[2025-07-23T08:29:40.343+0000] {logging_mixin.py:188} INFO - [2025-07-23T08:29:40.342+0000] {dag.py:3954} INFO - Setting next_dagrun for example_external_task_marker_parent to None, run_after=None
[2025-07-23T08:29:40.406+0000] {processor.py:183} INFO - Processing /home/airflow/.local/lib/python3.12/site-packages/airflow/example_dags/example_external_task_marker_dag.py took 0.344 seconds
[2025-07-23T08:30:11.149+0000] {processor.py:161} INFO - Started process (PID=1811) to work on /home/airflow/.local/lib/python3.12/site-packages/airflow/example_dags/example_external_task_marker_dag.py
[2025-07-23T08:30:11.159+0000] {processor.py:830} INFO - Processing file /home/airflow/.local/lib/python3.12/site-packages/airflow/example_dags/example_external_task_marker_dag.py for tasks to queue
[2025-07-23T08:30:11.227+0000] {logging_mixin.py:188} INFO - [2025-07-23T08:30:11.211+0000] {dagbag.py:545} INFO - Filling up the DagBag from /home/airflow/.local/lib/python3.12/site-packages/airflow/example_dags/example_external_task_marker_dag.py
[2025-07-23T08:30:11.247+0000] {processor.py:840} INFO - DAG(s) 'example_external_task_marker_parent', 'example_external_task_marker_child' retrieved from /home/airflow/.local/lib/python3.12/site-packages/airflow/example_dags/example_external_task_marker_dag.py
[2025-07-23T08:30:11.399+0000] {logging_mixin.py:188} INFO - [2025-07-23T08:30:11.398+0000] {dag.py:3096} INFO - Sync 2 DAGs
[2025-07-23T08:30:11.567+0000] {logging_mixin.py:188} INFO - [2025-07-23T08:30:11.564+0000] {dag.py:3954} INFO - Setting next_dagrun for example_external_task_marker_child to None, run_after=None
[2025-07-23T08:30:11.638+0000] {logging_mixin.py:188} INFO - [2025-07-23T08:30:11.624+0000] {dag.py:3954} INFO - Setting next_dagrun for example_external_task_marker_parent to None, run_after=None
[2025-07-23T08:30:11.904+0000] {processor.py:183} INFO - Processing /home/airflow/.local/lib/python3.12/site-packages/airflow/example_dags/example_external_task_marker_dag.py took 0.989 seconds
[2025-07-23T08:30:42.391+0000] {processor.py:161} INFO - Started process (PID=1869) to work on /home/airflow/.local/lib/python3.12/site-packages/airflow/example_dags/example_external_task_marker_dag.py
[2025-07-23T08:30:42.430+0000] {processor.py:830} INFO - Processing file /home/airflow/.local/lib/python3.12/site-packages/airflow/example_dags/example_external_task_marker_dag.py for tasks to queue
[2025-07-23T08:30:42.477+0000] {logging_mixin.py:188} INFO - [2025-07-23T08:30:42.474+0000] {dagbag.py:545} INFO - Filling up the DagBag from /home/airflow/.local/lib/python3.12/site-packages/airflow/example_dags/example_external_task_marker_dag.py
[2025-07-23T08:30:42.723+0000] {processor.py:840} INFO - DAG(s) 'example_external_task_marker_parent', 'example_external_task_marker_child' retrieved from /home/airflow/.local/lib/python3.12/site-packages/airflow/example_dags/example_external_task_marker_dag.py
[2025-07-23T08:30:42.930+0000] {logging_mixin.py:188} INFO - [2025-07-23T08:30:42.929+0000] {dag.py:3096} INFO - Sync 2 DAGs
[2025-07-23T08:30:43.060+0000] {logging_mixin.py:188} INFO - [2025-07-23T08:30:43.060+0000] {dag.py:3954} INFO - Setting next_dagrun for example_external_task_marker_child to None, run_after=None
[2025-07-23T08:30:43.094+0000] {logging_mixin.py:188} INFO - [2025-07-23T08:30:43.093+0000] {dag.py:3954} INFO - Setting next_dagrun for example_external_task_marker_parent to None, run_after=None
[2025-07-23T08:30:43.185+0000] {processor.py:183} INFO - Processing /home/airflow/.local/lib/python3.12/site-packages/airflow/example_dags/example_external_task_marker_dag.py took 0.878 seconds
[2025-07-23T08:31:13.783+0000] {processor.py:161} INFO - Started process (PID=1928) to work on /home/airflow/.local/lib/python3.12/site-packages/airflow/example_dags/example_external_task_marker_dag.py
[2025-07-23T08:31:13.799+0000] {processor.py:830} INFO - Processing file /home/airflow/.local/lib/python3.12/site-packages/airflow/example_dags/example_external_task_marker_dag.py for tasks to queue
[2025-07-23T08:31:13.816+0000] {logging_mixin.py:188} INFO - [2025-07-23T08:31:13.815+0000] {dagbag.py:545} INFO - Filling up the DagBag from /home/airflow/.local/lib/python3.12/site-packages/airflow/example_dags/example_external_task_marker_dag.py
[2025-07-23T08:31:13.843+0000] {processor.py:840} INFO - DAG(s) 'example_external_task_marker_parent', 'example_external_task_marker_child' retrieved from /home/airflow/.local/lib/python3.12/site-packages/airflow/example_dags/example_external_task_marker_dag.py
[2025-07-23T08:31:13.982+0000] {logging_mixin.py:188} INFO - [2025-07-23T08:31:13.981+0000] {dag.py:3096} INFO - Sync 2 DAGs
[2025-07-23T08:31:14.053+0000] {logging_mixin.py:188} INFO - [2025-07-23T08:31:14.052+0000] {dag.py:3954} INFO - Setting next_dagrun for example_external_task_marker_child to None, run_after=None
[2025-07-23T08:31:14.063+0000] {logging_mixin.py:188} INFO - [2025-07-23T08:31:14.063+0000] {dag.py:3954} INFO - Setting next_dagrun for example_external_task_marker_parent to None, run_after=None
[2025-07-23T08:31:14.559+0000] {processor.py:183} INFO - Processing /home/airflow/.local/lib/python3.12/site-packages/airflow/example_dags/example_external_task_marker_dag.py took 0.810 seconds
[2025-07-23T08:31:45.460+0000] {processor.py:161} INFO - Started process (PID=1986) to work on /home/airflow/.local/lib/python3.12/site-packages/airflow/example_dags/example_external_task_marker_dag.py
[2025-07-23T08:31:45.467+0000] {processor.py:830} INFO - Processing file /home/airflow/.local/lib/python3.12/site-packages/airflow/example_dags/example_external_task_marker_dag.py for tasks to queue
[2025-07-23T08:31:45.508+0000] {logging_mixin.py:188} INFO - [2025-07-23T08:31:45.507+0000] {dagbag.py:545} INFO - Filling up the DagBag from /home/airflow/.local/lib/python3.12/site-packages/airflow/example_dags/example_external_task_marker_dag.py
[2025-07-23T08:31:45.580+0000] {processor.py:840} INFO - DAG(s) 'example_external_task_marker_child', 'example_external_task_marker_parent' retrieved from /home/airflow/.local/lib/python3.12/site-packages/airflow/example_dags/example_external_task_marker_dag.py
[2025-07-23T08:31:45.799+0000] {logging_mixin.py:188} INFO - [2025-07-23T08:31:45.798+0000] {dag.py:3096} INFO - Sync 2 DAGs
[2025-07-23T08:31:45.945+0000] {logging_mixin.py:188} INFO - [2025-07-23T08:31:45.945+0000] {dag.py:3954} INFO - Setting next_dagrun for example_external_task_marker_child to None, run_after=None
[2025-07-23T08:31:45.964+0000] {logging_mixin.py:188} INFO - [2025-07-23T08:31:45.964+0000] {dag.py:3954} INFO - Setting next_dagrun for example_external_task_marker_parent to None, run_after=None
[2025-07-23T08:31:46.188+0000] {processor.py:183} INFO - Processing /home/airflow/.local/lib/python3.12/site-packages/airflow/example_dags/example_external_task_marker_dag.py took 0.862 seconds
[2025-07-23T08:32:16.381+0000] {processor.py:161} INFO - Started process (PID=2044) to work on /home/airflow/.local/lib/python3.12/site-packages/airflow/example_dags/example_external_task_marker_dag.py
[2025-07-23T08:32:16.395+0000] {processor.py:830} INFO - Processing file /home/airflow/.local/lib/python3.12/site-packages/airflow/example_dags/example_external_task_marker_dag.py for tasks to queue
[2025-07-23T08:32:16.399+0000] {logging_mixin.py:188} INFO - [2025-07-23T08:32:16.399+0000] {dagbag.py:545} INFO - Filling up the DagBag from /home/airflow/.local/lib/python3.12/site-packages/airflow/example_dags/example_external_task_marker_dag.py
[2025-07-23T08:32:16.447+0000] {processor.py:840} INFO - DAG(s) 'example_external_task_marker_parent', 'example_external_task_marker_child' retrieved from /home/airflow/.local/lib/python3.12/site-packages/airflow/example_dags/example_external_task_marker_dag.py
[2025-07-23T08:32:16.710+0000] {logging_mixin.py:188} INFO - [2025-07-23T08:32:16.710+0000] {dag.py:3096} INFO - Sync 2 DAGs
[2025-07-23T08:32:16.981+0000] {logging_mixin.py:188} INFO - [2025-07-23T08:32:16.981+0000] {dag.py:3954} INFO - Setting next_dagrun for example_external_task_marker_child to None, run_after=None
[2025-07-23T08:32:17.097+0000] {logging_mixin.py:188} INFO - [2025-07-23T08:32:17.071+0000] {dag.py:3954} INFO - Setting next_dagrun for example_external_task_marker_parent to None, run_after=None
[2025-07-23T08:32:17.259+0000] {processor.py:183} INFO - Processing /home/airflow/.local/lib/python3.12/site-packages/airflow/example_dags/example_external_task_marker_dag.py took 0.917 seconds
[2025-07-23T08:34:57.256+0000] {processor.py:161} INFO - Started process (PID=67) to work on /home/airflow/.local/lib/python3.12/site-packages/airflow/example_dags/example_external_task_marker_dag.py
[2025-07-23T08:34:57.271+0000] {processor.py:830} INFO - Processing file /home/airflow/.local/lib/python3.12/site-packages/airflow/example_dags/example_external_task_marker_dag.py for tasks to queue
[2025-07-23T08:34:57.274+0000] {logging_mixin.py:188} INFO - [2025-07-23T08:34:57.274+0000] {dagbag.py:545} INFO - Filling up the DagBag from /home/airflow/.local/lib/python3.12/site-packages/airflow/example_dags/example_external_task_marker_dag.py
[2025-07-23T08:34:57.343+0000] {processor.py:840} INFO - DAG(s) 'example_external_task_marker_child', 'example_external_task_marker_parent' retrieved from /home/airflow/.local/lib/python3.12/site-packages/airflow/example_dags/example_external_task_marker_dag.py
[2025-07-23T08:34:58.206+0000] {logging_mixin.py:188} INFO - [2025-07-23T08:34:58.203+0000] {dag.py:3096} INFO - Sync 2 DAGs
[2025-07-23T08:34:58.243+0000] {logging_mixin.py:188} INFO - [2025-07-23T08:34:58.242+0000] {dag.py:3954} INFO - Setting next_dagrun for example_external_task_marker_child to None, run_after=None
[2025-07-23T08:34:58.260+0000] {logging_mixin.py:188} INFO - [2025-07-23T08:34:58.259+0000] {dag.py:3954} INFO - Setting next_dagrun for example_external_task_marker_parent to None, run_after=None
[2025-07-23T08:34:58.312+0000] {processor.py:183} INFO - Processing /home/airflow/.local/lib/python3.12/site-packages/airflow/example_dags/example_external_task_marker_dag.py took 1.091 seconds
[2025-07-23T08:35:28.696+0000] {processor.py:161} INFO - Started process (PID=125) to work on /home/airflow/.local/lib/python3.12/site-packages/airflow/example_dags/example_external_task_marker_dag.py
[2025-07-23T08:35:28.698+0000] {processor.py:830} INFO - Processing file /home/airflow/.local/lib/python3.12/site-packages/airflow/example_dags/example_external_task_marker_dag.py for tasks to queue
[2025-07-23T08:35:28.701+0000] {logging_mixin.py:188} INFO - [2025-07-23T08:35:28.701+0000] {dagbag.py:545} INFO - Filling up the DagBag from /home/airflow/.local/lib/python3.12/site-packages/airflow/example_dags/example_external_task_marker_dag.py
[2025-07-23T08:35:28.719+0000] {processor.py:840} INFO - DAG(s) 'example_external_task_marker_child', 'example_external_task_marker_parent' retrieved from /home/airflow/.local/lib/python3.12/site-packages/airflow/example_dags/example_external_task_marker_dag.py
[2025-07-23T08:35:28.802+0000] {logging_mixin.py:188} INFO - [2025-07-23T08:35:28.800+0000] {dag.py:3096} INFO - Sync 2 DAGs
[2025-07-23T08:35:28.875+0000] {logging_mixin.py:188} INFO - [2025-07-23T08:35:28.874+0000] {dag.py:3954} INFO - Setting next_dagrun for example_external_task_marker_child to None, run_after=None
[2025-07-23T08:35:28.892+0000] {logging_mixin.py:188} INFO - [2025-07-23T08:35:28.891+0000] {dag.py:3954} INFO - Setting next_dagrun for example_external_task_marker_parent to None, run_after=None
[2025-07-23T08:35:28.949+0000] {processor.py:183} INFO - Processing /home/airflow/.local/lib/python3.12/site-packages/airflow/example_dags/example_external_task_marker_dag.py took 0.268 seconds
[2025-07-23T08:35:59.861+0000] {processor.py:161} INFO - Started process (PID=183) to work on /home/airflow/.local/lib/python3.12/site-packages/airflow/example_dags/example_external_task_marker_dag.py
[2025-07-23T08:35:59.901+0000] {processor.py:830} INFO - Processing file /home/airflow/.local/lib/python3.12/site-packages/airflow/example_dags/example_external_task_marker_dag.py for tasks to queue
[2025-07-23T08:35:59.950+0000] {logging_mixin.py:188} INFO - [2025-07-23T08:35:59.949+0000] {dagbag.py:545} INFO - Filling up the DagBag from /home/airflow/.local/lib/python3.12/site-packages/airflow/example_dags/example_external_task_marker_dag.py
[2025-07-23T08:36:00.105+0000] {processor.py:840} INFO - DAG(s) 'example_external_task_marker_child', 'example_external_task_marker_parent' retrieved from /home/airflow/.local/lib/python3.12/site-packages/airflow/example_dags/example_external_task_marker_dag.py
[2025-07-23T08:36:00.308+0000] {logging_mixin.py:188} INFO - [2025-07-23T08:36:00.307+0000] {dag.py:3096} INFO - Sync 2 DAGs
[2025-07-23T08:36:00.373+0000] {logging_mixin.py:188} INFO - [2025-07-23T08:36:00.372+0000] {dag.py:3954} INFO - Setting next_dagrun for example_external_task_marker_child to None, run_after=None
[2025-07-23T08:36:00.414+0000] {logging_mixin.py:188} INFO - [2025-07-23T08:36:00.413+0000] {dag.py:3954} INFO - Setting next_dagrun for example_external_task_marker_parent to None, run_after=None
[2025-07-23T08:36:00.589+0000] {processor.py:183} INFO - Processing /home/airflow/.local/lib/python3.12/site-packages/airflow/example_dags/example_external_task_marker_dag.py took 0.819 seconds
[2025-07-23T08:36:30.756+0000] {processor.py:161} INFO - Started process (PID=241) to work on /home/airflow/.local/lib/python3.12/site-packages/airflow/example_dags/example_external_task_marker_dag.py
[2025-07-23T08:36:30.759+0000] {processor.py:830} INFO - Processing file /home/airflow/.local/lib/python3.12/site-packages/airflow/example_dags/example_external_task_marker_dag.py for tasks to queue
[2025-07-23T08:36:30.762+0000] {logging_mixin.py:188} INFO - [2025-07-23T08:36:30.762+0000] {dagbag.py:545} INFO - Filling up the DagBag from /home/airflow/.local/lib/python3.12/site-packages/airflow/example_dags/example_external_task_marker_dag.py
[2025-07-23T08:36:30.778+0000] {processor.py:840} INFO - DAG(s) 'example_external_task_marker_parent', 'example_external_task_marker_child' retrieved from /home/airflow/.local/lib/python3.12/site-packages/airflow/example_dags/example_external_task_marker_dag.py
[2025-07-23T08:36:30.845+0000] {logging_mixin.py:188} INFO - [2025-07-23T08:36:30.845+0000] {dag.py:3096} INFO - Sync 2 DAGs
[2025-07-23T08:36:30.883+0000] {logging_mixin.py:188} INFO - [2025-07-23T08:36:30.882+0000] {dag.py:3954} INFO - Setting next_dagrun for example_external_task_marker_child to None, run_after=None
[2025-07-23T08:36:30.892+0000] {logging_mixin.py:188} INFO - [2025-07-23T08:36:30.892+0000] {dag.py:3954} INFO - Setting next_dagrun for example_external_task_marker_parent to None, run_after=None
[2025-07-23T08:36:30.938+0000] {processor.py:183} INFO - Processing /home/airflow/.local/lib/python3.12/site-packages/airflow/example_dags/example_external_task_marker_dag.py took 0.196 seconds
[2025-07-23T08:37:01.253+0000] {processor.py:161} INFO - Started process (PID=300) to work on /home/airflow/.local/lib/python3.12/site-packages/airflow/example_dags/example_external_task_marker_dag.py
[2025-07-23T08:37:01.255+0000] {processor.py:830} INFO - Processing file /home/airflow/.local/lib/python3.12/site-packages/airflow/example_dags/example_external_task_marker_dag.py for tasks to queue
[2025-07-23T08:37:01.269+0000] {logging_mixin.py:188} INFO - [2025-07-23T08:37:01.268+0000] {dagbag.py:545} INFO - Filling up the DagBag from /home/airflow/.local/lib/python3.12/site-packages/airflow/example_dags/example_external_task_marker_dag.py
[2025-07-23T08:37:01.291+0000] {processor.py:840} INFO - DAG(s) 'example_external_task_marker_parent', 'example_external_task_marker_child' retrieved from /home/airflow/.local/lib/python3.12/site-packages/airflow/example_dags/example_external_task_marker_dag.py
[2025-07-23T08:37:01.394+0000] {logging_mixin.py:188} INFO - [2025-07-23T08:37:01.393+0000] {dag.py:3096} INFO - Sync 2 DAGs
[2025-07-23T08:37:01.456+0000] {logging_mixin.py:188} INFO - [2025-07-23T08:37:01.455+0000] {dag.py:3954} INFO - Setting next_dagrun for example_external_task_marker_child to None, run_after=None
[2025-07-23T08:37:01.477+0000] {logging_mixin.py:188} INFO - [2025-07-23T08:37:01.477+0000] {dag.py:3954} INFO - Setting next_dagrun for example_external_task_marker_parent to None, run_after=None
[2025-07-23T08:37:01.574+0000] {processor.py:183} INFO - Processing /home/airflow/.local/lib/python3.12/site-packages/airflow/example_dags/example_external_task_marker_dag.py took 0.341 seconds
[2025-07-23T08:37:31.971+0000] {processor.py:161} INFO - Started process (PID=359) to work on /home/airflow/.local/lib/python3.12/site-packages/airflow/example_dags/example_external_task_marker_dag.py
[2025-07-23T08:37:31.989+0000] {processor.py:830} INFO - Processing file /home/airflow/.local/lib/python3.12/site-packages/airflow/example_dags/example_external_task_marker_dag.py for tasks to queue
[2025-07-23T08:37:32.007+0000] {logging_mixin.py:188} INFO - [2025-07-23T08:37:32.007+0000] {dagbag.py:545} INFO - Filling up the DagBag from /home/airflow/.local/lib/python3.12/site-packages/airflow/example_dags/example_external_task_marker_dag.py
[2025-07-23T08:37:32.137+0000] {processor.py:840} INFO - DAG(s) 'example_external_task_marker_child', 'example_external_task_marker_parent' retrieved from /home/airflow/.local/lib/python3.12/site-packages/airflow/example_dags/example_external_task_marker_dag.py
[2025-07-23T08:37:32.436+0000] {logging_mixin.py:188} INFO - [2025-07-23T08:37:32.435+0000] {dag.py:3096} INFO - Sync 2 DAGs
[2025-07-23T08:37:32.590+0000] {logging_mixin.py:188} INFO - [2025-07-23T08:37:32.586+0000] {dag.py:3954} INFO - Setting next_dagrun for example_external_task_marker_child to None, run_after=None
[2025-07-23T08:37:32.665+0000] {logging_mixin.py:188} INFO - [2025-07-23T08:37:32.664+0000] {dag.py:3954} INFO - Setting next_dagrun for example_external_task_marker_parent to None, run_after=None
[2025-07-23T08:37:33.053+0000] {processor.py:183} INFO - Processing /home/airflow/.local/lib/python3.12/site-packages/airflow/example_dags/example_external_task_marker_dag.py took 1.113 seconds
[2025-07-23T08:38:06.648+0000] {processor.py:161} INFO - Started process (PID=408) to work on /home/airflow/.local/lib/python3.12/site-packages/airflow/example_dags/example_external_task_marker_dag.py
[2025-07-23T08:38:06.653+0000] {processor.py:830} INFO - Processing file /home/airflow/.local/lib/python3.12/site-packages/airflow/example_dags/example_external_task_marker_dag.py for tasks to queue
[2025-07-23T08:38:06.672+0000] {logging_mixin.py:188} INFO - [2025-07-23T08:38:06.671+0000] {dagbag.py:545} INFO - Filling up the DagBag from /home/airflow/.local/lib/python3.12/site-packages/airflow/example_dags/example_external_task_marker_dag.py
[2025-07-23T08:38:06.733+0000] {processor.py:840} INFO - DAG(s) 'example_external_task_marker_child', 'example_external_task_marker_parent' retrieved from /home/airflow/.local/lib/python3.12/site-packages/airflow/example_dags/example_external_task_marker_dag.py
[2025-07-23T08:38:07.222+0000] {logging_mixin.py:188} INFO - [2025-07-23T08:38:07.221+0000] {dag.py:3096} INFO - Sync 2 DAGs
[2025-07-23T08:38:07.588+0000] {logging_mixin.py:188} INFO - [2025-07-23T08:38:07.588+0000] {dag.py:3954} INFO - Setting next_dagrun for example_external_task_marker_child to None, run_after=None
[2025-07-23T08:38:07.608+0000] {logging_mixin.py:188} INFO - [2025-07-23T08:38:07.608+0000] {dag.py:3954} INFO - Setting next_dagrun for example_external_task_marker_parent to None, run_after=None
[2025-07-23T08:38:07.978+0000] {processor.py:183} INFO - Processing /home/airflow/.local/lib/python3.12/site-packages/airflow/example_dags/example_external_task_marker_dag.py took 1.390 seconds
[2025-07-23T08:38:55.623+0000] {processor.py:161} INFO - Started process (PID=468) to work on /home/airflow/.local/lib/python3.12/site-packages/airflow/example_dags/example_external_task_marker_dag.py
[2025-07-23T08:38:55.637+0000] {processor.py:830} INFO - Processing file /home/airflow/.local/lib/python3.12/site-packages/airflow/example_dags/example_external_task_marker_dag.py for tasks to queue
[2025-07-23T08:38:55.793+0000] {logging_mixin.py:188} INFO - [2025-07-23T08:38:55.792+0000] {dagbag.py:545} INFO - Filling up the DagBag from /home/airflow/.local/lib/python3.12/site-packages/airflow/example_dags/example_external_task_marker_dag.py
[2025-07-23T08:38:55.967+0000] {processor.py:840} INFO - DAG(s) 'example_external_task_marker_parent', 'example_external_task_marker_child' retrieved from /home/airflow/.local/lib/python3.12/site-packages/airflow/example_dags/example_external_task_marker_dag.py
[2025-07-23T08:38:56.629+0000] {logging_mixin.py:188} INFO - [2025-07-23T08:38:56.617+0000] {dag.py:3096} INFO - Sync 2 DAGs
[2025-07-23T08:38:56.773+0000] {logging_mixin.py:188} INFO - [2025-07-23T08:38:56.772+0000] {dag.py:3954} INFO - Setting next_dagrun for example_external_task_marker_child to None, run_after=None
[2025-07-23T08:38:56.946+0000] {logging_mixin.py:188} INFO - [2025-07-23T08:38:56.945+0000] {dag.py:3954} INFO - Setting next_dagrun for example_external_task_marker_parent to None, run_after=None
[2025-07-23T08:38:57.398+0000] {processor.py:183} INFO - Processing /home/airflow/.local/lib/python3.12/site-packages/airflow/example_dags/example_external_task_marker_dag.py took 1.903 seconds
[2025-07-23T08:39:28.093+0000] {processor.py:161} INFO - Started process (PID=494) to work on /home/airflow/.local/lib/python3.12/site-packages/airflow/example_dags/example_external_task_marker_dag.py
[2025-07-23T08:39:28.138+0000] {processor.py:830} INFO - Processing file /home/airflow/.local/lib/python3.12/site-packages/airflow/example_dags/example_external_task_marker_dag.py for tasks to queue
[2025-07-23T08:39:28.155+0000] {logging_mixin.py:188} INFO - [2025-07-23T08:39:28.154+0000] {dagbag.py:545} INFO - Filling up the DagBag from /home/airflow/.local/lib/python3.12/site-packages/airflow/example_dags/example_external_task_marker_dag.py
[2025-07-23T08:39:28.267+0000] {processor.py:840} INFO - DAG(s) 'example_external_task_marker_parent', 'example_external_task_marker_child' retrieved from /home/airflow/.local/lib/python3.12/site-packages/airflow/example_dags/example_external_task_marker_dag.py
[2025-07-23T08:39:28.686+0000] {logging_mixin.py:188} INFO - [2025-07-23T08:39:28.685+0000] {dag.py:3096} INFO - Sync 2 DAGs
[2025-07-23T08:39:28.885+0000] {logging_mixin.py:188} INFO - [2025-07-23T08:39:28.885+0000] {dag.py:3954} INFO - Setting next_dagrun for example_external_task_marker_child to None, run_after=None
[2025-07-23T08:39:29.011+0000] {logging_mixin.py:188} INFO - [2025-07-23T08:39:29.011+0000] {dag.py:3954} INFO - Setting next_dagrun for example_external_task_marker_parent to None, run_after=None
[2025-07-23T08:39:29.409+0000] {processor.py:183} INFO - Processing /home/airflow/.local/lib/python3.12/site-packages/airflow/example_dags/example_external_task_marker_dag.py took 1.521 seconds
[2025-07-23T08:40:01.627+0000] {processor.py:161} INFO - Started process (PID=530) to work on /home/airflow/.local/lib/python3.12/site-packages/airflow/example_dags/example_external_task_marker_dag.py
[2025-07-23T08:40:01.641+0000] {processor.py:830} INFO - Processing file /home/airflow/.local/lib/python3.12/site-packages/airflow/example_dags/example_external_task_marker_dag.py for tasks to queue
[2025-07-23T08:40:01.645+0000] {logging_mixin.py:188} INFO - [2025-07-23T08:40:01.644+0000] {dagbag.py:545} INFO - Filling up the DagBag from /home/airflow/.local/lib/python3.12/site-packages/airflow/example_dags/example_external_task_marker_dag.py
[2025-07-23T08:40:01.749+0000] {processor.py:840} INFO - DAG(s) 'example_external_task_marker_child', 'example_external_task_marker_parent' retrieved from /home/airflow/.local/lib/python3.12/site-packages/airflow/example_dags/example_external_task_marker_dag.py
[2025-07-23T08:40:02.211+0000] {logging_mixin.py:188} INFO - [2025-07-23T08:40:02.168+0000] {dag.py:3096} INFO - Sync 2 DAGs
[2025-07-23T08:40:02.574+0000] {logging_mixin.py:188} INFO - [2025-07-23T08:40:02.560+0000] {dag.py:3954} INFO - Setting next_dagrun for example_external_task_marker_child to None, run_after=None
[2025-07-23T08:40:02.681+0000] {logging_mixin.py:188} INFO - [2025-07-23T08:40:02.681+0000] {dag.py:3954} INFO - Setting next_dagrun for example_external_task_marker_parent to None, run_after=None
[2025-07-23T08:40:03.048+0000] {processor.py:183} INFO - Processing /home/airflow/.local/lib/python3.12/site-packages/airflow/example_dags/example_external_task_marker_dag.py took 1.455 seconds
[2025-07-23T08:40:39.182+0000] {processor.py:161} INFO - Started process (PID=584) to work on /home/airflow/.local/lib/python3.12/site-packages/airflow/example_dags/example_external_task_marker_dag.py
[2025-07-23T08:40:39.198+0000] {processor.py:830} INFO - Processing file /home/airflow/.local/lib/python3.12/site-packages/airflow/example_dags/example_external_task_marker_dag.py for tasks to queue
[2025-07-23T08:40:39.210+0000] {logging_mixin.py:188} INFO - [2025-07-23T08:40:39.209+0000] {dagbag.py:545} INFO - Filling up the DagBag from /home/airflow/.local/lib/python3.12/site-packages/airflow/example_dags/example_external_task_marker_dag.py
[2025-07-23T08:40:39.334+0000] {processor.py:840} INFO - DAG(s) 'example_external_task_marker_parent', 'example_external_task_marker_child' retrieved from /home/airflow/.local/lib/python3.12/site-packages/airflow/example_dags/example_external_task_marker_dag.py
[2025-07-23T08:40:39.741+0000] {logging_mixin.py:188} INFO - [2025-07-23T08:40:39.740+0000] {dag.py:3096} INFO - Sync 2 DAGs
[2025-07-23T08:40:39.962+0000] {logging_mixin.py:188} INFO - [2025-07-23T08:40:39.962+0000] {dag.py:3954} INFO - Setting next_dagrun for example_external_task_marker_child to None, run_after=None
[2025-07-23T08:40:40.010+0000] {logging_mixin.py:188} INFO - [2025-07-23T08:40:40.008+0000] {dag.py:3954} INFO - Setting next_dagrun for example_external_task_marker_parent to None, run_after=None
[2025-07-23T08:40:40.383+0000] {processor.py:183} INFO - Processing /home/airflow/.local/lib/python3.12/site-packages/airflow/example_dags/example_external_task_marker_dag.py took 1.229 seconds
[2025-07-23T09:00:37.667+0000] {processor.py:161} INFO - Started process (PID=29) to work on /home/airflow/.local/lib/python3.12/site-packages/airflow/example_dags/example_external_task_marker_dag.py
[2025-07-23T09:00:37.669+0000] {processor.py:830} INFO - Processing file /home/airflow/.local/lib/python3.12/site-packages/airflow/example_dags/example_external_task_marker_dag.py for tasks to queue
[2025-07-23T09:00:37.682+0000] {logging_mixin.py:188} INFO - [2025-07-23T09:00:37.671+0000] {dagbag.py:545} INFO - Filling up the DagBag from /home/airflow/.local/lib/python3.12/site-packages/airflow/example_dags/example_external_task_marker_dag.py
[2025-07-23T09:00:37.810+0000] {processor.py:840} INFO - DAG(s) 'example_external_task_marker_child', 'example_external_task_marker_parent' retrieved from /home/airflow/.local/lib/python3.12/site-packages/airflow/example_dags/example_external_task_marker_dag.py
[2025-07-23T09:00:38.041+0000] {logging_mixin.py:188} INFO - [2025-07-23T09:00:38.040+0000] {dag.py:3096} INFO - Sync 2 DAGs
[2025-07-23T09:00:38.120+0000] {logging_mixin.py:188} INFO - [2025-07-23T09:00:38.120+0000] {dag.py:3954} INFO - Setting next_dagrun for example_external_task_marker_child to None, run_after=None
[2025-07-23T09:00:38.139+0000] {logging_mixin.py:188} INFO - [2025-07-23T09:00:38.138+0000] {dag.py:3954} INFO - Setting next_dagrun for example_external_task_marker_parent to None, run_after=None
[2025-07-23T09:00:38.231+0000] {processor.py:183} INFO - Processing /home/airflow/.local/lib/python3.12/site-packages/airflow/example_dags/example_external_task_marker_dag.py took 0.596 seconds
[2025-07-23T09:01:20.124+0000] {processor.py:161} INFO - Started process (PID=89) to work on /home/airflow/.local/lib/python3.12/site-packages/airflow/example_dags/example_external_task_marker_dag.py
[2025-07-23T09:01:20.126+0000] {processor.py:830} INFO - Processing file /home/airflow/.local/lib/python3.12/site-packages/airflow/example_dags/example_external_task_marker_dag.py for tasks to queue
[2025-07-23T09:01:20.129+0000] {logging_mixin.py:188} INFO - [2025-07-23T09:01:20.128+0000] {dagbag.py:545} INFO - Filling up the DagBag from /home/airflow/.local/lib/python3.12/site-packages/airflow/example_dags/example_external_task_marker_dag.py
[2025-07-23T09:01:20.156+0000] {processor.py:840} INFO - DAG(s) 'example_external_task_marker_child', 'example_external_task_marker_parent' retrieved from /home/airflow/.local/lib/python3.12/site-packages/airflow/example_dags/example_external_task_marker_dag.py
[2025-07-23T09:01:20.292+0000] {logging_mixin.py:188} INFO - [2025-07-23T09:01:20.291+0000] {dag.py:3096} INFO - Sync 2 DAGs
[2025-07-23T09:01:20.406+0000] {logging_mixin.py:188} INFO - [2025-07-23T09:01:20.406+0000] {dag.py:3954} INFO - Setting next_dagrun for example_external_task_marker_child to None, run_after=None
[2025-07-23T09:01:20.424+0000] {logging_mixin.py:188} INFO - [2025-07-23T09:01:20.424+0000] {dag.py:3954} INFO - Setting next_dagrun for example_external_task_marker_parent to None, run_after=None
[2025-07-23T09:01:20.498+0000] {processor.py:183} INFO - Processing /home/airflow/.local/lib/python3.12/site-packages/airflow/example_dags/example_external_task_marker_dag.py took 0.394 seconds
[2025-07-23T09:01:51.159+0000] {processor.py:161} INFO - Started process (PID=137) to work on /home/airflow/.local/lib/python3.12/site-packages/airflow/example_dags/example_external_task_marker_dag.py
[2025-07-23T09:01:51.161+0000] {processor.py:830} INFO - Processing file /home/airflow/.local/lib/python3.12/site-packages/airflow/example_dags/example_external_task_marker_dag.py for tasks to queue
[2025-07-23T09:01:51.163+0000] {logging_mixin.py:188} INFO - [2025-07-23T09:01:51.162+0000] {dagbag.py:545} INFO - Filling up the DagBag from /home/airflow/.local/lib/python3.12/site-packages/airflow/example_dags/example_external_task_marker_dag.py
[2025-07-23T09:01:51.191+0000] {processor.py:840} INFO - DAG(s) 'example_external_task_marker_child', 'example_external_task_marker_parent' retrieved from /home/airflow/.local/lib/python3.12/site-packages/airflow/example_dags/example_external_task_marker_dag.py
[2025-07-23T09:01:51.308+0000] {logging_mixin.py:188} INFO - [2025-07-23T09:01:51.307+0000] {dag.py:3096} INFO - Sync 2 DAGs
[2025-07-23T09:01:51.372+0000] {logging_mixin.py:188} INFO - [2025-07-23T09:01:51.371+0000] {dag.py:3954} INFO - Setting next_dagrun for example_external_task_marker_child to None, run_after=None
[2025-07-23T09:01:51.410+0000] {logging_mixin.py:188} INFO - [2025-07-23T09:01:51.409+0000] {dag.py:3954} INFO - Setting next_dagrun for example_external_task_marker_parent to None, run_after=None
[2025-07-23T09:01:51.526+0000] {processor.py:183} INFO - Processing /home/airflow/.local/lib/python3.12/site-packages/airflow/example_dags/example_external_task_marker_dag.py took 0.394 seconds
[2025-07-23T09:02:26.889+0000] {processor.py:161} INFO - Started process (PID=195) to work on /home/airflow/.local/lib/python3.12/site-packages/airflow/example_dags/example_external_task_marker_dag.py
[2025-07-23T09:02:26.901+0000] {processor.py:830} INFO - Processing file /home/airflow/.local/lib/python3.12/site-packages/airflow/example_dags/example_external_task_marker_dag.py for tasks to queue
[2025-07-23T09:02:26.918+0000] {logging_mixin.py:188} INFO - [2025-07-23T09:02:26.918+0000] {dagbag.py:545} INFO - Filling up the DagBag from /home/airflow/.local/lib/python3.12/site-packages/airflow/example_dags/example_external_task_marker_dag.py
[2025-07-23T09:02:26.971+0000] {processor.py:840} INFO - DAG(s) 'example_external_task_marker_child', 'example_external_task_marker_parent' retrieved from /home/airflow/.local/lib/python3.12/site-packages/airflow/example_dags/example_external_task_marker_dag.py
[2025-07-23T09:02:27.334+0000] {logging_mixin.py:188} INFO - [2025-07-23T09:02:27.334+0000] {dag.py:3096} INFO - Sync 2 DAGs
[2025-07-23T09:02:27.822+0000] {logging_mixin.py:188} INFO - [2025-07-23T09:02:27.811+0000] {dag.py:3954} INFO - Setting next_dagrun for example_external_task_marker_child to None, run_after=None
[2025-07-23T09:02:27.989+0000] {logging_mixin.py:188} INFO - [2025-07-23T09:02:27.972+0000] {dag.py:3954} INFO - Setting next_dagrun for example_external_task_marker_parent to None, run_after=None
[2025-07-23T09:02:28.257+0000] {processor.py:183} INFO - Processing /home/airflow/.local/lib/python3.12/site-packages/airflow/example_dags/example_external_task_marker_dag.py took 1.403 seconds
[2025-07-23T09:02:59.618+0000] {processor.py:161} INFO - Started process (PID=244) to work on /home/airflow/.local/lib/python3.12/site-packages/airflow/example_dags/example_external_task_marker_dag.py
[2025-07-23T09:02:59.637+0000] {processor.py:830} INFO - Processing file /home/airflow/.local/lib/python3.12/site-packages/airflow/example_dags/example_external_task_marker_dag.py for tasks to queue
[2025-07-23T09:02:59.663+0000] {logging_mixin.py:188} INFO - [2025-07-23T09:02:59.661+0000] {dagbag.py:545} INFO - Filling up the DagBag from /home/airflow/.local/lib/python3.12/site-packages/airflow/example_dags/example_external_task_marker_dag.py
[2025-07-23T09:02:59.720+0000] {processor.py:840} INFO - DAG(s) 'example_external_task_marker_parent', 'example_external_task_marker_child' retrieved from /home/airflow/.local/lib/python3.12/site-packages/airflow/example_dags/example_external_task_marker_dag.py
[2025-07-23T09:02:59.907+0000] {logging_mixin.py:188} INFO - [2025-07-23T09:02:59.906+0000] {dag.py:3096} INFO - Sync 2 DAGs
[2025-07-23T09:03:00.099+0000] {logging_mixin.py:188} INFO - [2025-07-23T09:03:00.099+0000] {dag.py:3954} INFO - Setting next_dagrun for example_external_task_marker_child to None, run_after=None
[2025-07-23T09:03:00.290+0000] {logging_mixin.py:188} INFO - [2025-07-23T09:03:00.290+0000] {dag.py:3954} INFO - Setting next_dagrun for example_external_task_marker_parent to None, run_after=None
[2025-07-23T09:03:00.669+0000] {processor.py:183} INFO - Processing /home/airflow/.local/lib/python3.12/site-packages/airflow/example_dags/example_external_task_marker_dag.py took 1.193 seconds
[2025-07-23T09:03:33.338+0000] {processor.py:161} INFO - Started process (PID=303) to work on /home/airflow/.local/lib/python3.12/site-packages/airflow/example_dags/example_external_task_marker_dag.py
[2025-07-23T09:03:33.350+0000] {processor.py:830} INFO - Processing file /home/airflow/.local/lib/python3.12/site-packages/airflow/example_dags/example_external_task_marker_dag.py for tasks to queue
[2025-07-23T09:03:33.353+0000] {logging_mixin.py:188} INFO - [2025-07-23T09:03:33.352+0000] {dagbag.py:545} INFO - Filling up the DagBag from /home/airflow/.local/lib/python3.12/site-packages/airflow/example_dags/example_external_task_marker_dag.py
[2025-07-23T09:03:33.385+0000] {processor.py:840} INFO - DAG(s) 'example_external_task_marker_child', 'example_external_task_marker_parent' retrieved from /home/airflow/.local/lib/python3.12/site-packages/airflow/example_dags/example_external_task_marker_dag.py
[2025-07-23T09:03:33.512+0000] {logging_mixin.py:188} INFO - [2025-07-23T09:03:33.512+0000] {dag.py:3096} INFO - Sync 2 DAGs
[2025-07-23T09:03:33.597+0000] {logging_mixin.py:188} INFO - [2025-07-23T09:03:33.597+0000] {dag.py:3954} INFO - Setting next_dagrun for example_external_task_marker_child to None, run_after=None
[2025-07-23T09:03:33.649+0000] {logging_mixin.py:188} INFO - [2025-07-23T09:03:33.649+0000] {dag.py:3954} INFO - Setting next_dagrun for example_external_task_marker_parent to None, run_after=None
[2025-07-23T09:03:33.844+0000] {processor.py:183} INFO - Processing /home/airflow/.local/lib/python3.12/site-packages/airflow/example_dags/example_external_task_marker_dag.py took 0.530 seconds
[2025-07-23T09:04:05.000+0000] {processor.py:161} INFO - Started process (PID=355) to work on /home/airflow/.local/lib/python3.12/site-packages/airflow/example_dags/example_external_task_marker_dag.py
[2025-07-23T09:04:05.009+0000] {processor.py:830} INFO - Processing file /home/airflow/.local/lib/python3.12/site-packages/airflow/example_dags/example_external_task_marker_dag.py for tasks to queue
[2025-07-23T09:04:05.047+0000] {logging_mixin.py:188} INFO - [2025-07-23T09:04:05.043+0000] {dagbag.py:545} INFO - Filling up the DagBag from /home/airflow/.local/lib/python3.12/site-packages/airflow/example_dags/example_external_task_marker_dag.py
[2025-07-23T09:04:05.084+0000] {processor.py:840} INFO - DAG(s) 'example_external_task_marker_parent', 'example_external_task_marker_child' retrieved from /home/airflow/.local/lib/python3.12/site-packages/airflow/example_dags/example_external_task_marker_dag.py
[2025-07-23T09:04:05.321+0000] {logging_mixin.py:188} INFO - [2025-07-23T09:04:05.321+0000] {dag.py:3096} INFO - Sync 2 DAGs
[2025-07-23T09:04:05.417+0000] {logging_mixin.py:188} INFO - [2025-07-23T09:04:05.416+0000] {dag.py:3954} INFO - Setting next_dagrun for example_external_task_marker_child to None, run_after=None
[2025-07-23T09:04:05.464+0000] {logging_mixin.py:188} INFO - [2025-07-23T09:04:05.460+0000] {dag.py:3954} INFO - Setting next_dagrun for example_external_task_marker_parent to None, run_after=None
[2025-07-23T09:04:05.675+0000] {processor.py:183} INFO - Processing /home/airflow/.local/lib/python3.12/site-packages/airflow/example_dags/example_external_task_marker_dag.py took 0.697 seconds
[2025-07-23T09:04:36.189+0000] {processor.py:161} INFO - Started process (PID=412) to work on /home/airflow/.local/lib/python3.12/site-packages/airflow/example_dags/example_external_task_marker_dag.py
[2025-07-23T09:04:36.192+0000] {processor.py:830} INFO - Processing file /home/airflow/.local/lib/python3.12/site-packages/airflow/example_dags/example_external_task_marker_dag.py for tasks to queue
[2025-07-23T09:04:36.194+0000] {logging_mixin.py:188} INFO - [2025-07-23T09:04:36.193+0000] {dagbag.py:545} INFO - Filling up the DagBag from /home/airflow/.local/lib/python3.12/site-packages/airflow/example_dags/example_external_task_marker_dag.py
[2025-07-23T09:04:36.210+0000] {processor.py:840} INFO - DAG(s) 'example_external_task_marker_parent', 'example_external_task_marker_child' retrieved from /home/airflow/.local/lib/python3.12/site-packages/airflow/example_dags/example_external_task_marker_dag.py
[2025-07-23T09:04:36.318+0000] {logging_mixin.py:188} INFO - [2025-07-23T09:04:36.317+0000] {dag.py:3096} INFO - Sync 2 DAGs
[2025-07-23T09:04:36.363+0000] {logging_mixin.py:188} INFO - [2025-07-23T09:04:36.362+0000] {dag.py:3954} INFO - Setting next_dagrun for example_external_task_marker_child to None, run_after=None
[2025-07-23T09:04:36.371+0000] {logging_mixin.py:188} INFO - [2025-07-23T09:04:36.371+0000] {dag.py:3954} INFO - Setting next_dagrun for example_external_task_marker_parent to None, run_after=None
[2025-07-23T09:04:36.419+0000] {processor.py:183} INFO - Processing /home/airflow/.local/lib/python3.12/site-packages/airflow/example_dags/example_external_task_marker_dag.py took 0.241 seconds
[2025-07-23T09:05:06.789+0000] {processor.py:161} INFO - Started process (PID=471) to work on /home/airflow/.local/lib/python3.12/site-packages/airflow/example_dags/example_external_task_marker_dag.py
[2025-07-23T09:05:06.796+0000] {processor.py:830} INFO - Processing file /home/airflow/.local/lib/python3.12/site-packages/airflow/example_dags/example_external_task_marker_dag.py for tasks to queue
[2025-07-23T09:05:06.804+0000] {logging_mixin.py:188} INFO - [2025-07-23T09:05:06.803+0000] {dagbag.py:545} INFO - Filling up the DagBag from /home/airflow/.local/lib/python3.12/site-packages/airflow/example_dags/example_external_task_marker_dag.py
[2025-07-23T09:05:06.820+0000] {processor.py:840} INFO - DAG(s) 'example_external_task_marker_child', 'example_external_task_marker_parent' retrieved from /home/airflow/.local/lib/python3.12/site-packages/airflow/example_dags/example_external_task_marker_dag.py
[2025-07-23T09:05:06.851+0000] {logging_mixin.py:188} INFO - [2025-07-23T09:05:06.851+0000] {dag.py:3096} INFO - Sync 2 DAGs
[2025-07-23T09:05:06.880+0000] {logging_mixin.py:188} INFO - [2025-07-23T09:05:06.880+0000] {dag.py:3954} INFO - Setting next_dagrun for example_external_task_marker_child to None, run_after=None
[2025-07-23T09:05:06.887+0000] {logging_mixin.py:188} INFO - [2025-07-23T09:05:06.887+0000] {dag.py:3954} INFO - Setting next_dagrun for example_external_task_marker_parent to None, run_after=None
[2025-07-23T09:05:06.930+0000] {processor.py:183} INFO - Processing /home/airflow/.local/lib/python3.12/site-packages/airflow/example_dags/example_external_task_marker_dag.py took 0.161 seconds
[2025-07-23T09:05:37.919+0000] {processor.py:161} INFO - Started process (PID=529) to work on /home/airflow/.local/lib/python3.12/site-packages/airflow/example_dags/example_external_task_marker_dag.py
[2025-07-23T09:05:37.924+0000] {processor.py:830} INFO - Processing file /home/airflow/.local/lib/python3.12/site-packages/airflow/example_dags/example_external_task_marker_dag.py for tasks to queue
[2025-07-23T09:05:37.929+0000] {logging_mixin.py:188} INFO - [2025-07-23T09:05:37.928+0000] {dagbag.py:545} INFO - Filling up the DagBag from /home/airflow/.local/lib/python3.12/site-packages/airflow/example_dags/example_external_task_marker_dag.py
[2025-07-23T09:05:37.942+0000] {processor.py:840} INFO - DAG(s) 'example_external_task_marker_parent', 'example_external_task_marker_child' retrieved from /home/airflow/.local/lib/python3.12/site-packages/airflow/example_dags/example_external_task_marker_dag.py
[2025-07-23T09:05:38.247+0000] {logging_mixin.py:188} INFO - [2025-07-23T09:05:38.247+0000] {dag.py:3096} INFO - Sync 2 DAGs
[2025-07-23T09:05:38.286+0000] {logging_mixin.py:188} INFO - [2025-07-23T09:05:38.285+0000] {dag.py:3954} INFO - Setting next_dagrun for example_external_task_marker_child to None, run_after=None
[2025-07-23T09:05:38.306+0000] {logging_mixin.py:188} INFO - [2025-07-23T09:05:38.302+0000] {dag.py:3954} INFO - Setting next_dagrun for example_external_task_marker_parent to None, run_after=None
[2025-07-23T09:05:38.358+0000] {processor.py:183} INFO - Processing /home/airflow/.local/lib/python3.12/site-packages/airflow/example_dags/example_external_task_marker_dag.py took 0.455 seconds
[2025-07-23T09:06:08.554+0000] {processor.py:161} INFO - Started process (PID=586) to work on /home/airflow/.local/lib/python3.12/site-packages/airflow/example_dags/example_external_task_marker_dag.py
[2025-07-23T09:06:08.556+0000] {processor.py:830} INFO - Processing file /home/airflow/.local/lib/python3.12/site-packages/airflow/example_dags/example_external_task_marker_dag.py for tasks to queue
[2025-07-23T09:06:08.558+0000] {logging_mixin.py:188} INFO - [2025-07-23T09:06:08.558+0000] {dagbag.py:545} INFO - Filling up the DagBag from /home/airflow/.local/lib/python3.12/site-packages/airflow/example_dags/example_external_task_marker_dag.py
[2025-07-23T09:06:08.569+0000] {processor.py:840} INFO - DAG(s) 'example_external_task_marker_parent', 'example_external_task_marker_child' retrieved from /home/airflow/.local/lib/python3.12/site-packages/airflow/example_dags/example_external_task_marker_dag.py
[2025-07-23T09:06:08.669+0000] {logging_mixin.py:188} INFO - [2025-07-23T09:06:08.669+0000] {dag.py:3096} INFO - Sync 2 DAGs
[2025-07-23T09:06:08.701+0000] {logging_mixin.py:188} INFO - [2025-07-23T09:06:08.701+0000] {dag.py:3954} INFO - Setting next_dagrun for example_external_task_marker_child to None, run_after=None
[2025-07-23T09:06:08.709+0000] {logging_mixin.py:188} INFO - [2025-07-23T09:06:08.709+0000] {dag.py:3954} INFO - Setting next_dagrun for example_external_task_marker_parent to None, run_after=None
[2025-07-23T09:06:08.886+0000] {processor.py:183} INFO - Processing /home/airflow/.local/lib/python3.12/site-packages/airflow/example_dags/example_external_task_marker_dag.py took 0.374 seconds
[2025-07-23T09:06:39.178+0000] {processor.py:161} INFO - Started process (PID=637) to work on /home/airflow/.local/lib/python3.12/site-packages/airflow/example_dags/example_external_task_marker_dag.py
[2025-07-23T09:06:39.179+0000] {processor.py:830} INFO - Processing file /home/airflow/.local/lib/python3.12/site-packages/airflow/example_dags/example_external_task_marker_dag.py for tasks to queue
[2025-07-23T09:06:39.181+0000] {logging_mixin.py:188} INFO - [2025-07-23T09:06:39.180+0000] {dagbag.py:545} INFO - Filling up the DagBag from /home/airflow/.local/lib/python3.12/site-packages/airflow/example_dags/example_external_task_marker_dag.py
[2025-07-23T09:06:39.189+0000] {processor.py:840} INFO - DAG(s) 'example_external_task_marker_child', 'example_external_task_marker_parent' retrieved from /home/airflow/.local/lib/python3.12/site-packages/airflow/example_dags/example_external_task_marker_dag.py
[2025-07-23T09:06:39.224+0000] {logging_mixin.py:188} INFO - [2025-07-23T09:06:39.224+0000] {dag.py:3096} INFO - Sync 2 DAGs
[2025-07-23T09:06:39.244+0000] {logging_mixin.py:188} INFO - [2025-07-23T09:06:39.243+0000] {dag.py:3954} INFO - Setting next_dagrun for example_external_task_marker_child to None, run_after=None
[2025-07-23T09:06:39.251+0000] {logging_mixin.py:188} INFO - [2025-07-23T09:06:39.251+0000] {dag.py:3954} INFO - Setting next_dagrun for example_external_task_marker_parent to None, run_after=None
[2025-07-23T09:06:39.279+0000] {processor.py:183} INFO - Processing /home/airflow/.local/lib/python3.12/site-packages/airflow/example_dags/example_external_task_marker_dag.py took 0.109 seconds
[2025-07-23T09:07:09.376+0000] {processor.py:161} INFO - Started process (PID=694) to work on /home/airflow/.local/lib/python3.12/site-packages/airflow/example_dags/example_external_task_marker_dag.py
[2025-07-23T09:07:09.377+0000] {processor.py:830} INFO - Processing file /home/airflow/.local/lib/python3.12/site-packages/airflow/example_dags/example_external_task_marker_dag.py for tasks to queue
[2025-07-23T09:07:09.379+0000] {logging_mixin.py:188} INFO - [2025-07-23T09:07:09.378+0000] {dagbag.py:545} INFO - Filling up the DagBag from /home/airflow/.local/lib/python3.12/site-packages/airflow/example_dags/example_external_task_marker_dag.py
[2025-07-23T09:07:09.387+0000] {processor.py:840} INFO - DAG(s) 'example_external_task_marker_parent', 'example_external_task_marker_child' retrieved from /home/airflow/.local/lib/python3.12/site-packages/airflow/example_dags/example_external_task_marker_dag.py
[2025-07-23T09:07:09.423+0000] {logging_mixin.py:188} INFO - [2025-07-23T09:07:09.422+0000] {dag.py:3096} INFO - Sync 2 DAGs
[2025-07-23T09:07:09.440+0000] {logging_mixin.py:188} INFO - [2025-07-23T09:07:09.440+0000] {dag.py:3954} INFO - Setting next_dagrun for example_external_task_marker_child to None, run_after=None
[2025-07-23T09:07:09.446+0000] {logging_mixin.py:188} INFO - [2025-07-23T09:07:09.445+0000] {dag.py:3954} INFO - Setting next_dagrun for example_external_task_marker_parent to None, run_after=None
[2025-07-23T09:07:09.473+0000] {processor.py:183} INFO - Processing /home/airflow/.local/lib/python3.12/site-packages/airflow/example_dags/example_external_task_marker_dag.py took 0.104 seconds
