[2025-07-23T08:13:50.388+0000] {processor.py:161} INFO - Started process (PID=78) to work on /home/airflow/.local/lib/python3.12/site-packages/airflow/example_dags/example_xcomargs.py
[2025-07-23T08:13:50.404+0000] {processor.py:830} INFO - Processing file /home/airflow/.local/lib/python3.12/site-packages/airflow/example_dags/example_xcomargs.py for tasks to queue
[2025-07-23T08:13:50.424+0000] {logging_mixin.py:188} INFO - [2025-07-23T08:13:50.423+0000] {dagbag.py:545} INFO - Filling up the DagBag from /home/airflow/.local/lib/python3.12/site-packages/airflow/example_dags/example_xcomargs.py
[2025-07-23T08:13:50.536+0000] {processor.py:840} INFO - DAG(s) 'example_xcom_args_with_operators', 'example_xcom_args' retrieved from /home/airflow/.local/lib/python3.12/site-packages/airflow/example_dags/example_xcomargs.py
[2025-07-23T08:13:51.505+0000] {logging_mixin.py:188} INFO - [2025-07-23T08:13:51.504+0000] {dag.py:3096} INFO - Sync 2 DAGs
[2025-07-23T08:13:51.663+0000] {logging_mixin.py:188} INFO - [2025-07-23T08:13:51.658+0000] {dag.py:3954} INFO - Setting next_dagrun for example_xcom_args to None, run_after=None
[2025-07-23T08:13:51.694+0000] {logging_mixin.py:188} INFO - [2025-07-23T08:13:51.693+0000] {dag.py:3954} INFO - Setting next_dagrun for example_xcom_args_with_operators to None, run_after=None
[2025-07-23T08:13:51.959+0000] {processor.py:183} INFO - Processing /home/airflow/.local/lib/python3.12/site-packages/airflow/example_dags/example_xcomargs.py took 1.633 seconds
[2025-07-23T08:14:23.205+0000] {processor.py:161} INFO - Started process (PID=135) to work on /home/airflow/.local/lib/python3.12/site-packages/airflow/example_dags/example_xcomargs.py
[2025-07-23T08:14:23.218+0000] {processor.py:830} INFO - Processing file /home/airflow/.local/lib/python3.12/site-packages/airflow/example_dags/example_xcomargs.py for tasks to queue
[2025-07-23T08:14:23.222+0000] {logging_mixin.py:188} INFO - [2025-07-23T08:14:23.221+0000] {dagbag.py:545} INFO - Filling up the DagBag from /home/airflow/.local/lib/python3.12/site-packages/airflow/example_dags/example_xcomargs.py
[2025-07-23T08:14:23.247+0000] {processor.py:840} INFO - DAG(s) 'example_xcom_args', 'example_xcom_args_with_operators' retrieved from /home/airflow/.local/lib/python3.12/site-packages/airflow/example_dags/example_xcomargs.py
[2025-07-23T08:14:23.304+0000] {logging_mixin.py:188} INFO - [2025-07-23T08:14:23.303+0000] {dag.py:3096} INFO - Sync 2 DAGs
[2025-07-23T08:14:23.336+0000] {logging_mixin.py:188} INFO - [2025-07-23T08:14:23.335+0000] {dag.py:3954} INFO - Setting next_dagrun for example_xcom_args to None, run_after=None
[2025-07-23T08:14:23.345+0000] {logging_mixin.py:188} INFO - [2025-07-23T08:14:23.344+0000] {dag.py:3954} INFO - Setting next_dagrun for example_xcom_args_with_operators to None, run_after=None
[2025-07-23T08:14:23.400+0000] {processor.py:183} INFO - Processing /home/airflow/.local/lib/python3.12/site-packages/airflow/example_dags/example_xcomargs.py took 0.218 seconds
[2025-07-23T08:14:54.090+0000] {processor.py:161} INFO - Started process (PID=191) to work on /home/airflow/.local/lib/python3.12/site-packages/airflow/example_dags/example_xcomargs.py
[2025-07-23T08:14:54.093+0000] {processor.py:830} INFO - Processing file /home/airflow/.local/lib/python3.12/site-packages/airflow/example_dags/example_xcomargs.py for tasks to queue
[2025-07-23T08:14:54.118+0000] {logging_mixin.py:188} INFO - [2025-07-23T08:14:54.117+0000] {dagbag.py:545} INFO - Filling up the DagBag from /home/airflow/.local/lib/python3.12/site-packages/airflow/example_dags/example_xcomargs.py
[2025-07-23T08:14:54.157+0000] {processor.py:840} INFO - DAG(s) 'example_xcom_args', 'example_xcom_args_with_operators' retrieved from /home/airflow/.local/lib/python3.12/site-packages/airflow/example_dags/example_xcomargs.py
[2025-07-23T08:14:54.257+0000] {logging_mixin.py:188} INFO - [2025-07-23T08:14:54.257+0000] {dag.py:3096} INFO - Sync 2 DAGs
[2025-07-23T08:14:54.309+0000] {logging_mixin.py:188} INFO - [2025-07-23T08:14:54.308+0000] {dag.py:3954} INFO - Setting next_dagrun for example_xcom_args to None, run_after=None
[2025-07-23T08:14:54.351+0000] {logging_mixin.py:188} INFO - [2025-07-23T08:14:54.346+0000] {dag.py:3954} INFO - Setting next_dagrun for example_xcom_args_with_operators to None, run_after=None
[2025-07-23T08:14:54.481+0000] {processor.py:183} INFO - Processing /home/airflow/.local/lib/python3.12/site-packages/airflow/example_dags/example_xcomargs.py took 0.432 seconds
[2025-07-23T08:15:26.483+0000] {processor.py:161} INFO - Started process (PID=248) to work on /home/airflow/.local/lib/python3.12/site-packages/airflow/example_dags/example_xcomargs.py
[2025-07-23T08:15:26.485+0000] {processor.py:830} INFO - Processing file /home/airflow/.local/lib/python3.12/site-packages/airflow/example_dags/example_xcomargs.py for tasks to queue
[2025-07-23T08:15:26.492+0000] {logging_mixin.py:188} INFO - [2025-07-23T08:15:26.491+0000] {dagbag.py:545} INFO - Filling up the DagBag from /home/airflow/.local/lib/python3.12/site-packages/airflow/example_dags/example_xcomargs.py
[2025-07-23T08:15:26.532+0000] {processor.py:840} INFO - DAG(s) 'example_xcom_args', 'example_xcom_args_with_operators' retrieved from /home/airflow/.local/lib/python3.12/site-packages/airflow/example_dags/example_xcomargs.py
[2025-07-23T08:15:26.641+0000] {logging_mixin.py:188} INFO - [2025-07-23T08:15:26.641+0000] {dag.py:3096} INFO - Sync 2 DAGs
[2025-07-23T08:15:26.695+0000] {logging_mixin.py:188} INFO - [2025-07-23T08:15:26.694+0000] {dag.py:3954} INFO - Setting next_dagrun for example_xcom_args to None, run_after=None
[2025-07-23T08:15:26.704+0000] {logging_mixin.py:188} INFO - [2025-07-23T08:15:26.704+0000] {dag.py:3954} INFO - Setting next_dagrun for example_xcom_args_with_operators to None, run_after=None
[2025-07-23T08:15:26.812+0000] {processor.py:183} INFO - Processing /home/airflow/.local/lib/python3.12/site-packages/airflow/example_dags/example_xcomargs.py took 0.349 seconds
[2025-07-23T08:15:58.328+0000] {processor.py:161} INFO - Started process (PID=306) to work on /home/airflow/.local/lib/python3.12/site-packages/airflow/example_dags/example_xcomargs.py
[2025-07-23T08:15:58.330+0000] {processor.py:830} INFO - Processing file /home/airflow/.local/lib/python3.12/site-packages/airflow/example_dags/example_xcomargs.py for tasks to queue
[2025-07-23T08:15:58.334+0000] {logging_mixin.py:188} INFO - [2025-07-23T08:15:58.333+0000] {dagbag.py:545} INFO - Filling up the DagBag from /home/airflow/.local/lib/python3.12/site-packages/airflow/example_dags/example_xcomargs.py
[2025-07-23T08:15:58.352+0000] {processor.py:840} INFO - DAG(s) 'example_xcom_args', 'example_xcom_args_with_operators' retrieved from /home/airflow/.local/lib/python3.12/site-packages/airflow/example_dags/example_xcomargs.py
[2025-07-23T08:15:58.427+0000] {logging_mixin.py:188} INFO - [2025-07-23T08:15:58.427+0000] {dag.py:3096} INFO - Sync 2 DAGs
[2025-07-23T08:15:58.461+0000] {logging_mixin.py:188} INFO - [2025-07-23T08:15:58.459+0000] {dag.py:3954} INFO - Setting next_dagrun for example_xcom_args to None, run_after=None
[2025-07-23T08:15:58.470+0000] {logging_mixin.py:188} INFO - [2025-07-23T08:15:58.470+0000] {dag.py:3954} INFO - Setting next_dagrun for example_xcom_args_with_operators to None, run_after=None
[2025-07-23T08:15:58.518+0000] {processor.py:183} INFO - Processing /home/airflow/.local/lib/python3.12/site-packages/airflow/example_dags/example_xcomargs.py took 0.203 seconds
[2025-07-23T08:16:34.845+0000] {processor.py:161} INFO - Started process (PID=363) to work on /home/airflow/.local/lib/python3.12/site-packages/airflow/example_dags/example_xcomargs.py
[2025-07-23T08:16:34.880+0000] {processor.py:830} INFO - Processing file /home/airflow/.local/lib/python3.12/site-packages/airflow/example_dags/example_xcomargs.py for tasks to queue
[2025-07-23T08:16:34.899+0000] {logging_mixin.py:188} INFO - [2025-07-23T08:16:34.896+0000] {dagbag.py:545} INFO - Filling up the DagBag from /home/airflow/.local/lib/python3.12/site-packages/airflow/example_dags/example_xcomargs.py
[2025-07-23T08:16:35.006+0000] {processor.py:840} INFO - DAG(s) 'example_xcom_args', 'example_xcom_args_with_operators' retrieved from /home/airflow/.local/lib/python3.12/site-packages/airflow/example_dags/example_xcomargs.py
[2025-07-23T08:16:35.299+0000] {logging_mixin.py:188} INFO - [2025-07-23T08:16:35.297+0000] {dag.py:3096} INFO - Sync 2 DAGs
[2025-07-23T08:16:35.365+0000] {logging_mixin.py:188} INFO - [2025-07-23T08:16:35.364+0000] {dag.py:3954} INFO - Setting next_dagrun for example_xcom_args to None, run_after=None
[2025-07-23T08:16:35.418+0000] {logging_mixin.py:188} INFO - [2025-07-23T08:16:35.402+0000] {dag.py:3954} INFO - Setting next_dagrun for example_xcom_args_with_operators to None, run_after=None
[2025-07-23T08:16:35.629+0000] {processor.py:183} INFO - Processing /home/airflow/.local/lib/python3.12/site-packages/airflow/example_dags/example_xcomargs.py took 0.921 seconds
[2025-07-23T08:17:05.798+0000] {processor.py:161} INFO - Started process (PID=421) to work on /home/airflow/.local/lib/python3.12/site-packages/airflow/example_dags/example_xcomargs.py
[2025-07-23T08:17:05.814+0000] {processor.py:830} INFO - Processing file /home/airflow/.local/lib/python3.12/site-packages/airflow/example_dags/example_xcomargs.py for tasks to queue
[2025-07-23T08:17:05.824+0000] {logging_mixin.py:188} INFO - [2025-07-23T08:17:05.823+0000] {dagbag.py:545} INFO - Filling up the DagBag from /home/airflow/.local/lib/python3.12/site-packages/airflow/example_dags/example_xcomargs.py
[2025-07-23T08:17:05.868+0000] {processor.py:840} INFO - DAG(s) 'example_xcom_args', 'example_xcom_args_with_operators' retrieved from /home/airflow/.local/lib/python3.12/site-packages/airflow/example_dags/example_xcomargs.py
[2025-07-23T08:17:05.938+0000] {logging_mixin.py:188} INFO - [2025-07-23T08:17:05.937+0000] {dag.py:3096} INFO - Sync 2 DAGs
[2025-07-23T08:17:06.017+0000] {logging_mixin.py:188} INFO - [2025-07-23T08:17:06.016+0000] {dag.py:3954} INFO - Setting next_dagrun for example_xcom_args to None, run_after=None
[2025-07-23T08:17:06.038+0000] {logging_mixin.py:188} INFO - [2025-07-23T08:17:06.037+0000] {dag.py:3954} INFO - Setting next_dagrun for example_xcom_args_with_operators to None, run_after=None
[2025-07-23T08:17:06.122+0000] {processor.py:183} INFO - Processing /home/airflow/.local/lib/python3.12/site-packages/airflow/example_dags/example_xcomargs.py took 0.369 seconds
[2025-07-23T08:17:36.917+0000] {processor.py:161} INFO - Started process (PID=478) to work on /home/airflow/.local/lib/python3.12/site-packages/airflow/example_dags/example_xcomargs.py
[2025-07-23T08:17:36.927+0000] {processor.py:830} INFO - Processing file /home/airflow/.local/lib/python3.12/site-packages/airflow/example_dags/example_xcomargs.py for tasks to queue
[2025-07-23T08:17:36.949+0000] {logging_mixin.py:188} INFO - [2025-07-23T08:17:36.948+0000] {dagbag.py:545} INFO - Filling up the DagBag from /home/airflow/.local/lib/python3.12/site-packages/airflow/example_dags/example_xcomargs.py
[2025-07-23T08:17:37.029+0000] {processor.py:840} INFO - DAG(s) 'example_xcom_args', 'example_xcom_args_with_operators' retrieved from /home/airflow/.local/lib/python3.12/site-packages/airflow/example_dags/example_xcomargs.py
[2025-07-23T08:17:37.362+0000] {logging_mixin.py:188} INFO - [2025-07-23T08:17:37.361+0000] {dag.py:3096} INFO - Sync 2 DAGs
[2025-07-23T08:17:37.503+0000] {logging_mixin.py:188} INFO - [2025-07-23T08:17:37.502+0000] {dag.py:3954} INFO - Setting next_dagrun for example_xcom_args to None, run_after=None
[2025-07-23T08:17:37.544+0000] {logging_mixin.py:188} INFO - [2025-07-23T08:17:37.543+0000] {dag.py:3954} INFO - Setting next_dagrun for example_xcom_args_with_operators to None, run_after=None
[2025-07-23T08:17:37.716+0000] {processor.py:183} INFO - Processing /home/airflow/.local/lib/python3.12/site-packages/airflow/example_dags/example_xcomargs.py took 0.877 seconds
[2025-07-23T08:18:08.418+0000] {processor.py:161} INFO - Started process (PID=536) to work on /home/airflow/.local/lib/python3.12/site-packages/airflow/example_dags/example_xcomargs.py
[2025-07-23T08:18:08.423+0000] {processor.py:830} INFO - Processing file /home/airflow/.local/lib/python3.12/site-packages/airflow/example_dags/example_xcomargs.py for tasks to queue
[2025-07-23T08:18:08.427+0000] {logging_mixin.py:188} INFO - [2025-07-23T08:18:08.426+0000] {dagbag.py:545} INFO - Filling up the DagBag from /home/airflow/.local/lib/python3.12/site-packages/airflow/example_dags/example_xcomargs.py
[2025-07-23T08:18:08.451+0000] {processor.py:840} INFO - DAG(s) 'example_xcom_args_with_operators', 'example_xcom_args' retrieved from /home/airflow/.local/lib/python3.12/site-packages/airflow/example_dags/example_xcomargs.py
[2025-07-23T08:18:08.556+0000] {logging_mixin.py:188} INFO - [2025-07-23T08:18:08.555+0000] {dag.py:3096} INFO - Sync 2 DAGs
[2025-07-23T08:18:08.618+0000] {logging_mixin.py:188} INFO - [2025-07-23T08:18:08.617+0000] {dag.py:3954} INFO - Setting next_dagrun for example_xcom_args to None, run_after=None
[2025-07-23T08:18:08.632+0000] {logging_mixin.py:188} INFO - [2025-07-23T08:18:08.627+0000] {dag.py:3954} INFO - Setting next_dagrun for example_xcom_args_with_operators to None, run_after=None
[2025-07-23T08:18:08.701+0000] {processor.py:183} INFO - Processing /home/airflow/.local/lib/python3.12/site-packages/airflow/example_dags/example_xcomargs.py took 0.309 seconds
[2025-07-23T08:18:38.902+0000] {processor.py:161} INFO - Started process (PID=594) to work on /home/airflow/.local/lib/python3.12/site-packages/airflow/example_dags/example_xcomargs.py
[2025-07-23T08:18:38.907+0000] {processor.py:830} INFO - Processing file /home/airflow/.local/lib/python3.12/site-packages/airflow/example_dags/example_xcomargs.py for tasks to queue
[2025-07-23T08:18:38.911+0000] {logging_mixin.py:188} INFO - [2025-07-23T08:18:38.910+0000] {dagbag.py:545} INFO - Filling up the DagBag from /home/airflow/.local/lib/python3.12/site-packages/airflow/example_dags/example_xcomargs.py
[2025-07-23T08:18:38.936+0000] {processor.py:840} INFO - DAG(s) 'example_xcom_args_with_operators', 'example_xcom_args' retrieved from /home/airflow/.local/lib/python3.12/site-packages/airflow/example_dags/example_xcomargs.py
[2025-07-23T08:18:39.011+0000] {logging_mixin.py:188} INFO - [2025-07-23T08:18:39.010+0000] {dag.py:3096} INFO - Sync 2 DAGs
[2025-07-23T08:18:39.072+0000] {logging_mixin.py:188} INFO - [2025-07-23T08:18:39.072+0000] {dag.py:3954} INFO - Setting next_dagrun for example_xcom_args to None, run_after=None
[2025-07-23T08:18:39.083+0000] {logging_mixin.py:188} INFO - [2025-07-23T08:18:39.083+0000] {dag.py:3954} INFO - Setting next_dagrun for example_xcom_args_with_operators to None, run_after=None
[2025-07-23T08:18:39.140+0000] {processor.py:183} INFO - Processing /home/airflow/.local/lib/python3.12/site-packages/airflow/example_dags/example_xcomargs.py took 0.256 seconds
[2025-07-23T08:19:09.924+0000] {processor.py:161} INFO - Started process (PID=652) to work on /home/airflow/.local/lib/python3.12/site-packages/airflow/example_dags/example_xcomargs.py
[2025-07-23T08:19:09.931+0000] {processor.py:830} INFO - Processing file /home/airflow/.local/lib/python3.12/site-packages/airflow/example_dags/example_xcomargs.py for tasks to queue
[2025-07-23T08:19:09.942+0000] {logging_mixin.py:188} INFO - [2025-07-23T08:19:09.941+0000] {dagbag.py:545} INFO - Filling up the DagBag from /home/airflow/.local/lib/python3.12/site-packages/airflow/example_dags/example_xcomargs.py
[2025-07-23T08:19:09.982+0000] {processor.py:840} INFO - DAG(s) 'example_xcom_args_with_operators', 'example_xcom_args' retrieved from /home/airflow/.local/lib/python3.12/site-packages/airflow/example_dags/example_xcomargs.py
[2025-07-23T08:19:10.101+0000] {logging_mixin.py:188} INFO - [2025-07-23T08:19:10.100+0000] {dag.py:3096} INFO - Sync 2 DAGs
[2025-07-23T08:19:10.146+0000] {logging_mixin.py:188} INFO - [2025-07-23T08:19:10.145+0000] {dag.py:3954} INFO - Setting next_dagrun for example_xcom_args to None, run_after=None
[2025-07-23T08:19:10.158+0000] {logging_mixin.py:188} INFO - [2025-07-23T08:19:10.157+0000] {dag.py:3954} INFO - Setting next_dagrun for example_xcom_args_with_operators to None, run_after=None
[2025-07-23T08:19:10.212+0000] {processor.py:183} INFO - Processing /home/airflow/.local/lib/python3.12/site-packages/airflow/example_dags/example_xcomargs.py took 0.321 seconds
[2025-07-23T08:19:40.474+0000] {processor.py:161} INFO - Started process (PID=709) to work on /home/airflow/.local/lib/python3.12/site-packages/airflow/example_dags/example_xcomargs.py
[2025-07-23T08:19:40.476+0000] {processor.py:830} INFO - Processing file /home/airflow/.local/lib/python3.12/site-packages/airflow/example_dags/example_xcomargs.py for tasks to queue
[2025-07-23T08:19:40.481+0000] {logging_mixin.py:188} INFO - [2025-07-23T08:19:40.480+0000] {dagbag.py:545} INFO - Filling up the DagBag from /home/airflow/.local/lib/python3.12/site-packages/airflow/example_dags/example_xcomargs.py
[2025-07-23T08:19:40.513+0000] {processor.py:840} INFO - DAG(s) 'example_xcom_args_with_operators', 'example_xcom_args' retrieved from /home/airflow/.local/lib/python3.12/site-packages/airflow/example_dags/example_xcomargs.py
[2025-07-23T08:19:40.639+0000] {logging_mixin.py:188} INFO - [2025-07-23T08:19:40.638+0000] {dag.py:3096} INFO - Sync 2 DAGs
[2025-07-23T08:19:40.716+0000] {logging_mixin.py:188} INFO - [2025-07-23T08:19:40.716+0000] {dag.py:3954} INFO - Setting next_dagrun for example_xcom_args to None, run_after=None
[2025-07-23T08:19:40.745+0000] {logging_mixin.py:188} INFO - [2025-07-23T08:19:40.745+0000] {dag.py:3954} INFO - Setting next_dagrun for example_xcom_args_with_operators to None, run_after=None
[2025-07-23T08:19:40.846+0000] {processor.py:183} INFO - Processing /home/airflow/.local/lib/python3.12/site-packages/airflow/example_dags/example_xcomargs.py took 0.399 seconds
[2025-07-23T08:20:12.971+0000] {processor.py:161} INFO - Started process (PID=766) to work on /home/airflow/.local/lib/python3.12/site-packages/airflow/example_dags/example_xcomargs.py
[2025-07-23T08:20:13.013+0000] {processor.py:830} INFO - Processing file /home/airflow/.local/lib/python3.12/site-packages/airflow/example_dags/example_xcomargs.py for tasks to queue
[2025-07-23T08:20:13.036+0000] {logging_mixin.py:188} INFO - [2025-07-23T08:20:13.034+0000] {dagbag.py:545} INFO - Filling up the DagBag from /home/airflow/.local/lib/python3.12/site-packages/airflow/example_dags/example_xcomargs.py
[2025-07-23T08:20:13.147+0000] {processor.py:840} INFO - DAG(s) 'example_xcom_args', 'example_xcom_args_with_operators' retrieved from /home/airflow/.local/lib/python3.12/site-packages/airflow/example_dags/example_xcomargs.py
[2025-07-23T08:20:13.219+0000] {logging_mixin.py:188} INFO - [2025-07-23T08:20:13.218+0000] {dag.py:3096} INFO - Sync 2 DAGs
[2025-07-23T08:20:13.298+0000] {logging_mixin.py:188} INFO - [2025-07-23T08:20:13.298+0000] {dag.py:3954} INFO - Setting next_dagrun for example_xcom_args to None, run_after=None
[2025-07-23T08:20:13.321+0000] {logging_mixin.py:188} INFO - [2025-07-23T08:20:13.321+0000] {dag.py:3954} INFO - Setting next_dagrun for example_xcom_args_with_operators to None, run_after=None
[2025-07-23T08:20:13.456+0000] {processor.py:183} INFO - Processing /home/airflow/.local/lib/python3.12/site-packages/airflow/example_dags/example_xcomargs.py took 0.501 seconds
[2025-07-23T08:20:51.799+0000] {processor.py:161} INFO - Started process (PID=824) to work on /home/airflow/.local/lib/python3.12/site-packages/airflow/example_dags/example_xcomargs.py
[2025-07-23T08:20:51.811+0000] {processor.py:830} INFO - Processing file /home/airflow/.local/lib/python3.12/site-packages/airflow/example_dags/example_xcomargs.py for tasks to queue
[2025-07-23T08:20:51.858+0000] {logging_mixin.py:188} INFO - [2025-07-23T08:20:51.857+0000] {dagbag.py:545} INFO - Filling up the DagBag from /home/airflow/.local/lib/python3.12/site-packages/airflow/example_dags/example_xcomargs.py
[2025-07-23T08:20:51.942+0000] {processor.py:840} INFO - DAG(s) 'example_xcom_args_with_operators', 'example_xcom_args' retrieved from /home/airflow/.local/lib/python3.12/site-packages/airflow/example_dags/example_xcomargs.py
[2025-07-23T08:20:53.155+0000] {logging_mixin.py:188} INFO - [2025-07-23T08:20:53.155+0000] {dag.py:3096} INFO - Sync 2 DAGs
[2025-07-23T08:20:53.228+0000] {logging_mixin.py:188} INFO - [2025-07-23T08:20:53.228+0000] {dag.py:3954} INFO - Setting next_dagrun for example_xcom_args to None, run_after=None
[2025-07-23T08:20:53.242+0000] {logging_mixin.py:188} INFO - [2025-07-23T08:20:53.241+0000] {dag.py:3954} INFO - Setting next_dagrun for example_xcom_args_with_operators to None, run_after=None
[2025-07-23T08:20:53.339+0000] {processor.py:183} INFO - Processing /home/airflow/.local/lib/python3.12/site-packages/airflow/example_dags/example_xcomargs.py took 1.695 seconds
[2025-07-23T08:21:24.347+0000] {processor.py:161} INFO - Started process (PID=882) to work on /home/airflow/.local/lib/python3.12/site-packages/airflow/example_dags/example_xcomargs.py
[2025-07-23T08:21:24.353+0000] {processor.py:830} INFO - Processing file /home/airflow/.local/lib/python3.12/site-packages/airflow/example_dags/example_xcomargs.py for tasks to queue
[2025-07-23T08:21:24.367+0000] {logging_mixin.py:188} INFO - [2025-07-23T08:21:24.366+0000] {dagbag.py:545} INFO - Filling up the DagBag from /home/airflow/.local/lib/python3.12/site-packages/airflow/example_dags/example_xcomargs.py
[2025-07-23T08:21:24.454+0000] {processor.py:840} INFO - DAG(s) 'example_xcom_args_with_operators', 'example_xcom_args' retrieved from /home/airflow/.local/lib/python3.12/site-packages/airflow/example_dags/example_xcomargs.py
[2025-07-23T08:21:24.737+0000] {logging_mixin.py:188} INFO - [2025-07-23T08:21:24.736+0000] {dag.py:3096} INFO - Sync 2 DAGs
[2025-07-23T08:21:24.891+0000] {logging_mixin.py:188} INFO - [2025-07-23T08:21:24.879+0000] {dag.py:3954} INFO - Setting next_dagrun for example_xcom_args to None, run_after=None
[2025-07-23T08:21:24.913+0000] {logging_mixin.py:188} INFO - [2025-07-23T08:21:24.912+0000] {dag.py:3954} INFO - Setting next_dagrun for example_xcom_args_with_operators to None, run_after=None
[2025-07-23T08:21:25.217+0000] {processor.py:183} INFO - Processing /home/airflow/.local/lib/python3.12/site-packages/airflow/example_dags/example_xcomargs.py took 1.036 seconds
[2025-07-23T08:21:56.155+0000] {processor.py:161} INFO - Started process (PID=947) to work on /home/airflow/.local/lib/python3.12/site-packages/airflow/example_dags/example_xcomargs.py
[2025-07-23T08:21:56.169+0000] {processor.py:830} INFO - Processing file /home/airflow/.local/lib/python3.12/site-packages/airflow/example_dags/example_xcomargs.py for tasks to queue
[2025-07-23T08:21:56.205+0000] {logging_mixin.py:188} INFO - [2025-07-23T08:21:56.204+0000] {dagbag.py:545} INFO - Filling up the DagBag from /home/airflow/.local/lib/python3.12/site-packages/airflow/example_dags/example_xcomargs.py
[2025-07-23T08:21:56.318+0000] {processor.py:840} INFO - DAG(s) 'example_xcom_args', 'example_xcom_args_with_operators' retrieved from /home/airflow/.local/lib/python3.12/site-packages/airflow/example_dags/example_xcomargs.py
[2025-07-23T08:21:56.533+0000] {logging_mixin.py:188} INFO - [2025-07-23T08:21:56.532+0000] {dag.py:3096} INFO - Sync 2 DAGs
[2025-07-23T08:21:56.643+0000] {logging_mixin.py:188} INFO - [2025-07-23T08:21:56.642+0000] {dag.py:3954} INFO - Setting next_dagrun for example_xcom_args to None, run_after=None
[2025-07-23T08:21:56.663+0000] {logging_mixin.py:188} INFO - [2025-07-23T08:21:56.663+0000] {dag.py:3954} INFO - Setting next_dagrun for example_xcom_args_with_operators to None, run_after=None
[2025-07-23T08:21:56.791+0000] {processor.py:183} INFO - Processing /home/airflow/.local/lib/python3.12/site-packages/airflow/example_dags/example_xcomargs.py took 0.674 seconds
[2025-07-23T08:22:27.112+0000] {processor.py:161} INFO - Started process (PID=1003) to work on /home/airflow/.local/lib/python3.12/site-packages/airflow/example_dags/example_xcomargs.py
[2025-07-23T08:22:27.117+0000] {processor.py:830} INFO - Processing file /home/airflow/.local/lib/python3.12/site-packages/airflow/example_dags/example_xcomargs.py for tasks to queue
[2025-07-23T08:22:27.129+0000] {logging_mixin.py:188} INFO - [2025-07-23T08:22:27.128+0000] {dagbag.py:545} INFO - Filling up the DagBag from /home/airflow/.local/lib/python3.12/site-packages/airflow/example_dags/example_xcomargs.py
[2025-07-23T08:22:27.187+0000] {processor.py:840} INFO - DAG(s) 'example_xcom_args_with_operators', 'example_xcom_args' retrieved from /home/airflow/.local/lib/python3.12/site-packages/airflow/example_dags/example_xcomargs.py
[2025-07-23T08:22:27.473+0000] {logging_mixin.py:188} INFO - [2025-07-23T08:22:27.473+0000] {dag.py:3096} INFO - Sync 2 DAGs
[2025-07-23T08:22:27.581+0000] {logging_mixin.py:188} INFO - [2025-07-23T08:22:27.581+0000] {dag.py:3954} INFO - Setting next_dagrun for example_xcom_args to None, run_after=None
[2025-07-23T08:22:27.613+0000] {logging_mixin.py:188} INFO - [2025-07-23T08:22:27.613+0000] {dag.py:3954} INFO - Setting next_dagrun for example_xcom_args_with_operators to None, run_after=None
[2025-07-23T08:22:27.852+0000] {processor.py:183} INFO - Processing /home/airflow/.local/lib/python3.12/site-packages/airflow/example_dags/example_xcomargs.py took 0.791 seconds
[2025-07-23T08:23:00.343+0000] {processor.py:161} INFO - Started process (PID=1060) to work on /home/airflow/.local/lib/python3.12/site-packages/airflow/example_dags/example_xcomargs.py
[2025-07-23T08:23:00.351+0000] {processor.py:830} INFO - Processing file /home/airflow/.local/lib/python3.12/site-packages/airflow/example_dags/example_xcomargs.py for tasks to queue
[2025-07-23T08:23:00.369+0000] {logging_mixin.py:188} INFO - [2025-07-23T08:23:00.368+0000] {dagbag.py:545} INFO - Filling up the DagBag from /home/airflow/.local/lib/python3.12/site-packages/airflow/example_dags/example_xcomargs.py
[2025-07-23T08:23:00.399+0000] {processor.py:840} INFO - DAG(s) 'example_xcom_args_with_operators', 'example_xcom_args' retrieved from /home/airflow/.local/lib/python3.12/site-packages/airflow/example_dags/example_xcomargs.py
[2025-07-23T08:23:00.503+0000] {logging_mixin.py:188} INFO - [2025-07-23T08:23:00.502+0000] {dag.py:3096} INFO - Sync 2 DAGs
[2025-07-23T08:23:00.566+0000] {logging_mixin.py:188} INFO - [2025-07-23T08:23:00.566+0000] {dag.py:3954} INFO - Setting next_dagrun for example_xcom_args to None, run_after=None
[2025-07-23T08:23:00.592+0000] {logging_mixin.py:188} INFO - [2025-07-23T08:23:00.587+0000] {dag.py:3954} INFO - Setting next_dagrun for example_xcom_args_with_operators to None, run_after=None
[2025-07-23T08:23:00.671+0000] {processor.py:183} INFO - Processing /home/airflow/.local/lib/python3.12/site-packages/airflow/example_dags/example_xcomargs.py took 0.372 seconds
[2025-07-23T08:23:45.370+0000] {processor.py:161} INFO - Started process (PID=1113) to work on /home/airflow/.local/lib/python3.12/site-packages/airflow/example_dags/example_xcomargs.py
[2025-07-23T08:23:45.377+0000] {processor.py:830} INFO - Processing file /home/airflow/.local/lib/python3.12/site-packages/airflow/example_dags/example_xcomargs.py for tasks to queue
[2025-07-23T08:23:45.381+0000] {logging_mixin.py:188} INFO - [2025-07-23T08:23:45.380+0000] {dagbag.py:545} INFO - Filling up the DagBag from /home/airflow/.local/lib/python3.12/site-packages/airflow/example_dags/example_xcomargs.py
[2025-07-23T08:23:45.454+0000] {processor.py:840} INFO - DAG(s) 'example_xcom_args_with_operators', 'example_xcom_args' retrieved from /home/airflow/.local/lib/python3.12/site-packages/airflow/example_dags/example_xcomargs.py
[2025-07-23T08:23:45.663+0000] {logging_mixin.py:188} INFO - [2025-07-23T08:23:45.662+0000] {dag.py:3096} INFO - Sync 2 DAGs
[2025-07-23T08:23:45.801+0000] {logging_mixin.py:188} INFO - [2025-07-23T08:23:45.800+0000] {dag.py:3954} INFO - Setting next_dagrun for example_xcom_args to None, run_after=None
[2025-07-23T08:23:45.824+0000] {logging_mixin.py:188} INFO - [2025-07-23T08:23:45.820+0000] {dag.py:3954} INFO - Setting next_dagrun for example_xcom_args_with_operators to None, run_after=None
[2025-07-23T08:23:45.991+0000] {processor.py:183} INFO - Processing /home/airflow/.local/lib/python3.12/site-packages/airflow/example_dags/example_xcomargs.py took 0.652 seconds
[2025-07-23T08:24:17.469+0000] {processor.py:161} INFO - Started process (PID=1171) to work on /home/airflow/.local/lib/python3.12/site-packages/airflow/example_dags/example_xcomargs.py
[2025-07-23T08:24:17.482+0000] {processor.py:830} INFO - Processing file /home/airflow/.local/lib/python3.12/site-packages/airflow/example_dags/example_xcomargs.py for tasks to queue
[2025-07-23T08:24:17.487+0000] {logging_mixin.py:188} INFO - [2025-07-23T08:24:17.486+0000] {dagbag.py:545} INFO - Filling up the DagBag from /home/airflow/.local/lib/python3.12/site-packages/airflow/example_dags/example_xcomargs.py
[2025-07-23T08:24:17.613+0000] {processor.py:840} INFO - DAG(s) 'example_xcom_args_with_operators', 'example_xcom_args' retrieved from /home/airflow/.local/lib/python3.12/site-packages/airflow/example_dags/example_xcomargs.py
[2025-07-23T08:24:17.981+0000] {logging_mixin.py:188} INFO - [2025-07-23T08:24:17.980+0000] {dag.py:3096} INFO - Sync 2 DAGs
[2025-07-23T08:24:18.279+0000] {logging_mixin.py:188} INFO - [2025-07-23T08:24:18.278+0000] {dag.py:3954} INFO - Setting next_dagrun for example_xcom_args to None, run_after=None
[2025-07-23T08:24:18.399+0000] {logging_mixin.py:188} INFO - [2025-07-23T08:24:18.398+0000] {dag.py:3954} INFO - Setting next_dagrun for example_xcom_args_with_operators to None, run_after=None
[2025-07-23T08:24:18.581+0000] {processor.py:183} INFO - Processing /home/airflow/.local/lib/python3.12/site-packages/airflow/example_dags/example_xcomargs.py took 1.239 seconds
[2025-07-23T08:24:49.002+0000] {processor.py:161} INFO - Started process (PID=1228) to work on /home/airflow/.local/lib/python3.12/site-packages/airflow/example_dags/example_xcomargs.py
[2025-07-23T08:24:49.004+0000] {processor.py:830} INFO - Processing file /home/airflow/.local/lib/python3.12/site-packages/airflow/example_dags/example_xcomargs.py for tasks to queue
[2025-07-23T08:24:49.008+0000] {logging_mixin.py:188} INFO - [2025-07-23T08:24:49.007+0000] {dagbag.py:545} INFO - Filling up the DagBag from /home/airflow/.local/lib/python3.12/site-packages/airflow/example_dags/example_xcomargs.py
[2025-07-23T08:24:49.030+0000] {processor.py:840} INFO - DAG(s) 'example_xcom_args', 'example_xcom_args_with_operators' retrieved from /home/airflow/.local/lib/python3.12/site-packages/airflow/example_dags/example_xcomargs.py
[2025-07-23T08:24:49.088+0000] {logging_mixin.py:188} INFO - [2025-07-23T08:24:49.088+0000] {dag.py:3096} INFO - Sync 2 DAGs
[2025-07-23T08:24:49.153+0000] {logging_mixin.py:188} INFO - [2025-07-23T08:24:49.152+0000] {dag.py:3954} INFO - Setting next_dagrun for example_xcom_args to None, run_after=None
[2025-07-23T08:24:49.173+0000] {logging_mixin.py:188} INFO - [2025-07-23T08:24:49.172+0000] {dag.py:3954} INFO - Setting next_dagrun for example_xcom_args_with_operators to None, run_after=None
[2025-07-23T08:24:49.252+0000] {processor.py:183} INFO - Processing /home/airflow/.local/lib/python3.12/site-packages/airflow/example_dags/example_xcomargs.py took 0.253 seconds
[2025-07-23T08:25:19.731+0000] {processor.py:161} INFO - Started process (PID=1286) to work on /home/airflow/.local/lib/python3.12/site-packages/airflow/example_dags/example_xcomargs.py
[2025-07-23T08:25:19.734+0000] {processor.py:830} INFO - Processing file /home/airflow/.local/lib/python3.12/site-packages/airflow/example_dags/example_xcomargs.py for tasks to queue
[2025-07-23T08:25:19.741+0000] {logging_mixin.py:188} INFO - [2025-07-23T08:25:19.741+0000] {dagbag.py:545} INFO - Filling up the DagBag from /home/airflow/.local/lib/python3.12/site-packages/airflow/example_dags/example_xcomargs.py
[2025-07-23T08:25:19.790+0000] {processor.py:840} INFO - DAG(s) 'example_xcom_args_with_operators', 'example_xcom_args' retrieved from /home/airflow/.local/lib/python3.12/site-packages/airflow/example_dags/example_xcomargs.py
[2025-07-23T08:25:19.925+0000] {logging_mixin.py:188} INFO - [2025-07-23T08:25:19.925+0000] {dag.py:3096} INFO - Sync 2 DAGs
[2025-07-23T08:25:19.995+0000] {logging_mixin.py:188} INFO - [2025-07-23T08:25:19.995+0000] {dag.py:3954} INFO - Setting next_dagrun for example_xcom_args to None, run_after=None
[2025-07-23T08:25:20.013+0000] {logging_mixin.py:188} INFO - [2025-07-23T08:25:20.012+0000] {dag.py:3954} INFO - Setting next_dagrun for example_xcom_args_with_operators to None, run_after=None
[2025-07-23T08:25:20.103+0000] {processor.py:183} INFO - Processing /home/airflow/.local/lib/python3.12/site-packages/airflow/example_dags/example_xcomargs.py took 0.394 seconds
[2025-07-23T08:25:51.503+0000] {processor.py:161} INFO - Started process (PID=1344) to work on /home/airflow/.local/lib/python3.12/site-packages/airflow/example_dags/example_xcomargs.py
[2025-07-23T08:25:51.527+0000] {processor.py:830} INFO - Processing file /home/airflow/.local/lib/python3.12/site-packages/airflow/example_dags/example_xcomargs.py for tasks to queue
[2025-07-23T08:25:51.537+0000] {logging_mixin.py:188} INFO - [2025-07-23T08:25:51.532+0000] {dagbag.py:545} INFO - Filling up the DagBag from /home/airflow/.local/lib/python3.12/site-packages/airflow/example_dags/example_xcomargs.py
[2025-07-23T08:25:51.643+0000] {processor.py:840} INFO - DAG(s) 'example_xcom_args', 'example_xcom_args_with_operators' retrieved from /home/airflow/.local/lib/python3.12/site-packages/airflow/example_dags/example_xcomargs.py
[2025-07-23T08:25:51.965+0000] {logging_mixin.py:188} INFO - [2025-07-23T08:25:51.964+0000] {dag.py:3096} INFO - Sync 2 DAGs
[2025-07-23T08:25:52.120+0000] {logging_mixin.py:188} INFO - [2025-07-23T08:25:52.119+0000] {dag.py:3954} INFO - Setting next_dagrun for example_xcom_args to None, run_after=None
[2025-07-23T08:25:52.137+0000] {logging_mixin.py:188} INFO - [2025-07-23T08:25:52.136+0000] {dag.py:3954} INFO - Setting next_dagrun for example_xcom_args_with_operators to None, run_after=None
[2025-07-23T08:25:52.401+0000] {processor.py:183} INFO - Processing /home/airflow/.local/lib/python3.12/site-packages/airflow/example_dags/example_xcomargs.py took 1.070 seconds
[2025-07-23T08:26:23.785+0000] {processor.py:161} INFO - Started process (PID=1401) to work on /home/airflow/.local/lib/python3.12/site-packages/airflow/example_dags/example_xcomargs.py
[2025-07-23T08:26:23.793+0000] {processor.py:830} INFO - Processing file /home/airflow/.local/lib/python3.12/site-packages/airflow/example_dags/example_xcomargs.py for tasks to queue
[2025-07-23T08:26:23.798+0000] {logging_mixin.py:188} INFO - [2025-07-23T08:26:23.797+0000] {dagbag.py:545} INFO - Filling up the DagBag from /home/airflow/.local/lib/python3.12/site-packages/airflow/example_dags/example_xcomargs.py
[2025-07-23T08:26:23.826+0000] {processor.py:840} INFO - DAG(s) 'example_xcom_args_with_operators', 'example_xcom_args' retrieved from /home/airflow/.local/lib/python3.12/site-packages/airflow/example_dags/example_xcomargs.py
[2025-07-23T08:26:23.900+0000] {logging_mixin.py:188} INFO - [2025-07-23T08:26:23.900+0000] {dag.py:3096} INFO - Sync 2 DAGs
[2025-07-23T08:26:23.956+0000] {logging_mixin.py:188} INFO - [2025-07-23T08:26:23.956+0000] {dag.py:3954} INFO - Setting next_dagrun for example_xcom_args to None, run_after=None
[2025-07-23T08:26:23.994+0000] {logging_mixin.py:188} INFO - [2025-07-23T08:26:23.994+0000] {dag.py:3954} INFO - Setting next_dagrun for example_xcom_args_with_operators to None, run_after=None
[2025-07-23T08:26:24.119+0000] {processor.py:183} INFO - Processing /home/airflow/.local/lib/python3.12/site-packages/airflow/example_dags/example_xcomargs.py took 0.365 seconds
[2025-07-23T08:26:54.763+0000] {processor.py:161} INFO - Started process (PID=1459) to work on /home/airflow/.local/lib/python3.12/site-packages/airflow/example_dags/example_xcomargs.py
[2025-07-23T08:26:54.785+0000] {processor.py:830} INFO - Processing file /home/airflow/.local/lib/python3.12/site-packages/airflow/example_dags/example_xcomargs.py for tasks to queue
[2025-07-23T08:26:54.809+0000] {logging_mixin.py:188} INFO - [2025-07-23T08:26:54.808+0000] {dagbag.py:545} INFO - Filling up the DagBag from /home/airflow/.local/lib/python3.12/site-packages/airflow/example_dags/example_xcomargs.py
[2025-07-23T08:26:54.851+0000] {processor.py:840} INFO - DAG(s) 'example_xcom_args_with_operators', 'example_xcom_args' retrieved from /home/airflow/.local/lib/python3.12/site-packages/airflow/example_dags/example_xcomargs.py
[2025-07-23T08:26:54.939+0000] {logging_mixin.py:188} INFO - [2025-07-23T08:26:54.939+0000] {dag.py:3096} INFO - Sync 2 DAGs
[2025-07-23T08:26:55.044+0000] {logging_mixin.py:188} INFO - [2025-07-23T08:26:55.043+0000] {dag.py:3954} INFO - Setting next_dagrun for example_xcom_args to None, run_after=None
[2025-07-23T08:26:55.061+0000] {logging_mixin.py:188} INFO - [2025-07-23T08:26:55.060+0000] {dag.py:3954} INFO - Setting next_dagrun for example_xcom_args_with_operators to None, run_after=None
[2025-07-23T08:26:55.114+0000] {processor.py:183} INFO - Processing /home/airflow/.local/lib/python3.12/site-packages/airflow/example_dags/example_xcomargs.py took 0.379 seconds
[2025-07-23T08:27:35.576+0000] {processor.py:161} INFO - Started process (PID=1523) to work on /home/airflow/.local/lib/python3.12/site-packages/airflow/example_dags/example_xcomargs.py
[2025-07-23T08:27:35.585+0000] {processor.py:830} INFO - Processing file /home/airflow/.local/lib/python3.12/site-packages/airflow/example_dags/example_xcomargs.py for tasks to queue
[2025-07-23T08:27:35.604+0000] {logging_mixin.py:188} INFO - [2025-07-23T08:27:35.600+0000] {dagbag.py:545} INFO - Filling up the DagBag from /home/airflow/.local/lib/python3.12/site-packages/airflow/example_dags/example_xcomargs.py
[2025-07-23T08:27:35.650+0000] {processor.py:840} INFO - DAG(s) 'example_xcom_args_with_operators', 'example_xcom_args' retrieved from /home/airflow/.local/lib/python3.12/site-packages/airflow/example_dags/example_xcomargs.py
[2025-07-23T08:27:35.842+0000] {logging_mixin.py:188} INFO - [2025-07-23T08:27:35.840+0000] {dag.py:3096} INFO - Sync 2 DAGs
[2025-07-23T08:27:35.936+0000] {logging_mixin.py:188} INFO - [2025-07-23T08:27:35.934+0000] {dag.py:3954} INFO - Setting next_dagrun for example_xcom_args to None, run_after=None
[2025-07-23T08:27:35.958+0000] {logging_mixin.py:188} INFO - [2025-07-23T08:27:35.958+0000] {dag.py:3954} INFO - Setting next_dagrun for example_xcom_args_with_operators to None, run_after=None
[2025-07-23T08:27:36.054+0000] {processor.py:183} INFO - Processing /home/airflow/.local/lib/python3.12/site-packages/airflow/example_dags/example_xcomargs.py took 0.503 seconds
[2025-07-23T08:28:06.466+0000] {processor.py:161} INFO - Started process (PID=1581) to work on /home/airflow/.local/lib/python3.12/site-packages/airflow/example_dags/example_xcomargs.py
[2025-07-23T08:28:06.467+0000] {processor.py:830} INFO - Processing file /home/airflow/.local/lib/python3.12/site-packages/airflow/example_dags/example_xcomargs.py for tasks to queue
[2025-07-23T08:28:06.471+0000] {logging_mixin.py:188} INFO - [2025-07-23T08:28:06.471+0000] {dagbag.py:545} INFO - Filling up the DagBag from /home/airflow/.local/lib/python3.12/site-packages/airflow/example_dags/example_xcomargs.py
[2025-07-23T08:28:06.491+0000] {processor.py:840} INFO - DAG(s) 'example_xcom_args_with_operators', 'example_xcom_args' retrieved from /home/airflow/.local/lib/python3.12/site-packages/airflow/example_dags/example_xcomargs.py
[2025-07-23T08:28:06.550+0000] {logging_mixin.py:188} INFO - [2025-07-23T08:28:06.547+0000] {dag.py:3096} INFO - Sync 2 DAGs
[2025-07-23T08:28:06.634+0000] {logging_mixin.py:188} INFO - [2025-07-23T08:28:06.633+0000] {dag.py:3954} INFO - Setting next_dagrun for example_xcom_args to None, run_after=None
[2025-07-23T08:28:06.659+0000] {logging_mixin.py:188} INFO - [2025-07-23T08:28:06.658+0000] {dag.py:3954} INFO - Setting next_dagrun for example_xcom_args_with_operators to None, run_after=None
[2025-07-23T08:28:06.739+0000] {processor.py:183} INFO - Processing /home/airflow/.local/lib/python3.12/site-packages/airflow/example_dags/example_xcomargs.py took 0.285 seconds
[2025-07-23T08:28:38.512+0000] {processor.py:161} INFO - Started process (PID=1638) to work on /home/airflow/.local/lib/python3.12/site-packages/airflow/example_dags/example_xcomargs.py
[2025-07-23T08:28:38.544+0000] {processor.py:830} INFO - Processing file /home/airflow/.local/lib/python3.12/site-packages/airflow/example_dags/example_xcomargs.py for tasks to queue
[2025-07-23T08:28:38.561+0000] {logging_mixin.py:188} INFO - [2025-07-23T08:28:38.560+0000] {dagbag.py:545} INFO - Filling up the DagBag from /home/airflow/.local/lib/python3.12/site-packages/airflow/example_dags/example_xcomargs.py
[2025-07-23T08:28:38.669+0000] {processor.py:840} INFO - DAG(s) 'example_xcom_args', 'example_xcom_args_with_operators' retrieved from /home/airflow/.local/lib/python3.12/site-packages/airflow/example_dags/example_xcomargs.py
[2025-07-23T08:28:38.970+0000] {logging_mixin.py:188} INFO - [2025-07-23T08:28:38.949+0000] {dag.py:3096} INFO - Sync 2 DAGs
[2025-07-23T08:28:39.127+0000] {logging_mixin.py:188} INFO - [2025-07-23T08:28:39.116+0000] {dag.py:3954} INFO - Setting next_dagrun for example_xcom_args to None, run_after=None
[2025-07-23T08:28:39.204+0000] {logging_mixin.py:188} INFO - [2025-07-23T08:28:39.202+0000] {dag.py:3954} INFO - Setting next_dagrun for example_xcom_args_with_operators to None, run_after=None
[2025-07-23T08:28:39.323+0000] {processor.py:183} INFO - Processing /home/airflow/.local/lib/python3.12/site-packages/airflow/example_dags/example_xcomargs.py took 0.886 seconds
[2025-07-23T08:29:09.487+0000] {processor.py:161} INFO - Started process (PID=1696) to work on /home/airflow/.local/lib/python3.12/site-packages/airflow/example_dags/example_xcomargs.py
[2025-07-23T08:29:09.490+0000] {processor.py:830} INFO - Processing file /home/airflow/.local/lib/python3.12/site-packages/airflow/example_dags/example_xcomargs.py for tasks to queue
[2025-07-23T08:29:09.495+0000] {logging_mixin.py:188} INFO - [2025-07-23T08:29:09.495+0000] {dagbag.py:545} INFO - Filling up the DagBag from /home/airflow/.local/lib/python3.12/site-packages/airflow/example_dags/example_xcomargs.py
[2025-07-23T08:29:09.533+0000] {processor.py:840} INFO - DAG(s) 'example_xcom_args_with_operators', 'example_xcom_args' retrieved from /home/airflow/.local/lib/python3.12/site-packages/airflow/example_dags/example_xcomargs.py
[2025-07-23T08:29:09.665+0000] {logging_mixin.py:188} INFO - [2025-07-23T08:29:09.664+0000] {dag.py:3096} INFO - Sync 2 DAGs
[2025-07-23T08:29:09.749+0000] {logging_mixin.py:188} INFO - [2025-07-23T08:29:09.748+0000] {dag.py:3954} INFO - Setting next_dagrun for example_xcom_args to None, run_after=None
[2025-07-23T08:29:09.773+0000] {logging_mixin.py:188} INFO - [2025-07-23T08:29:09.769+0000] {dag.py:3954} INFO - Setting next_dagrun for example_xcom_args_with_operators to None, run_after=None
[2025-07-23T08:29:09.843+0000] {processor.py:183} INFO - Processing /home/airflow/.local/lib/python3.12/site-packages/airflow/example_dags/example_xcomargs.py took 0.387 seconds
[2025-07-23T08:29:40.224+0000] {processor.py:161} INFO - Started process (PID=1754) to work on /home/airflow/.local/lib/python3.12/site-packages/airflow/example_dags/example_xcomargs.py
[2025-07-23T08:29:40.228+0000] {processor.py:830} INFO - Processing file /home/airflow/.local/lib/python3.12/site-packages/airflow/example_dags/example_xcomargs.py for tasks to queue
[2025-07-23T08:29:40.232+0000] {logging_mixin.py:188} INFO - [2025-07-23T08:29:40.231+0000] {dagbag.py:545} INFO - Filling up the DagBag from /home/airflow/.local/lib/python3.12/site-packages/airflow/example_dags/example_xcomargs.py
[2025-07-23T08:29:40.266+0000] {processor.py:840} INFO - DAG(s) 'example_xcom_args', 'example_xcom_args_with_operators' retrieved from /home/airflow/.local/lib/python3.12/site-packages/airflow/example_dags/example_xcomargs.py
[2025-07-23T08:29:40.375+0000] {logging_mixin.py:188} INFO - [2025-07-23T08:29:40.375+0000] {dag.py:3096} INFO - Sync 2 DAGs
[2025-07-23T08:29:40.429+0000] {logging_mixin.py:188} INFO - [2025-07-23T08:29:40.426+0000] {dag.py:3954} INFO - Setting next_dagrun for example_xcom_args to None, run_after=None
[2025-07-23T08:29:40.459+0000] {logging_mixin.py:188} INFO - [2025-07-23T08:29:40.459+0000] {dag.py:3954} INFO - Setting next_dagrun for example_xcom_args_with_operators to None, run_after=None
[2025-07-23T08:29:40.525+0000] {processor.py:183} INFO - Processing /home/airflow/.local/lib/python3.12/site-packages/airflow/example_dags/example_xcomargs.py took 0.332 seconds
[2025-07-23T08:30:11.051+0000] {processor.py:161} INFO - Started process (PID=1812) to work on /home/airflow/.local/lib/python3.12/site-packages/airflow/example_dags/example_xcomargs.py
[2025-07-23T08:30:11.109+0000] {processor.py:830} INFO - Processing file /home/airflow/.local/lib/python3.12/site-packages/airflow/example_dags/example_xcomargs.py for tasks to queue
[2025-07-23T08:30:11.164+0000] {logging_mixin.py:188} INFO - [2025-07-23T08:30:11.148+0000] {dagbag.py:545} INFO - Filling up the DagBag from /home/airflow/.local/lib/python3.12/site-packages/airflow/example_dags/example_xcomargs.py
[2025-07-23T08:30:11.255+0000] {processor.py:840} INFO - DAG(s) 'example_xcom_args', 'example_xcom_args_with_operators' retrieved from /home/airflow/.local/lib/python3.12/site-packages/airflow/example_dags/example_xcomargs.py
[2025-07-23T08:30:11.381+0000] {logging_mixin.py:188} INFO - [2025-07-23T08:30:11.380+0000] {dag.py:3096} INFO - Sync 2 DAGs
[2025-07-23T08:30:11.581+0000] {logging_mixin.py:188} INFO - [2025-07-23T08:30:11.580+0000] {dag.py:3954} INFO - Setting next_dagrun for example_xcom_args to None, run_after=None
[2025-07-23T08:30:11.609+0000] {logging_mixin.py:188} INFO - [2025-07-23T08:30:11.609+0000] {dag.py:3954} INFO - Setting next_dagrun for example_xcom_args_with_operators to None, run_after=None
[2025-07-23T08:30:11.768+0000] {processor.py:183} INFO - Processing /home/airflow/.local/lib/python3.12/site-packages/airflow/example_dags/example_xcomargs.py took 0.829 seconds
[2025-07-23T08:30:42.427+0000] {processor.py:161} INFO - Started process (PID=1870) to work on /home/airflow/.local/lib/python3.12/site-packages/airflow/example_dags/example_xcomargs.py
[2025-07-23T08:30:42.491+0000] {processor.py:830} INFO - Processing file /home/airflow/.local/lib/python3.12/site-packages/airflow/example_dags/example_xcomargs.py for tasks to queue
[2025-07-23T08:30:42.503+0000] {logging_mixin.py:188} INFO - [2025-07-23T08:30:42.503+0000] {dagbag.py:545} INFO - Filling up the DagBag from /home/airflow/.local/lib/python3.12/site-packages/airflow/example_dags/example_xcomargs.py
[2025-07-23T08:30:42.713+0000] {processor.py:840} INFO - DAG(s) 'example_xcom_args', 'example_xcom_args_with_operators' retrieved from /home/airflow/.local/lib/python3.12/site-packages/airflow/example_dags/example_xcomargs.py
[2025-07-23T08:30:43.062+0000] {logging_mixin.py:188} INFO - [2025-07-23T08:30:43.059+0000] {dag.py:3096} INFO - Sync 2 DAGs
[2025-07-23T08:30:43.146+0000] {logging_mixin.py:188} INFO - [2025-07-23T08:30:43.145+0000] {dag.py:3954} INFO - Setting next_dagrun for example_xcom_args to None, run_after=None
[2025-07-23T08:30:43.165+0000] {logging_mixin.py:188} INFO - [2025-07-23T08:30:43.157+0000] {dag.py:3954} INFO - Setting next_dagrun for example_xcom_args_with_operators to None, run_after=None
[2025-07-23T08:30:43.274+0000] {processor.py:183} INFO - Processing /home/airflow/.local/lib/python3.12/site-packages/airflow/example_dags/example_xcomargs.py took 0.937 seconds
[2025-07-23T08:31:13.913+0000] {processor.py:161} INFO - Started process (PID=1929) to work on /home/airflow/.local/lib/python3.12/site-packages/airflow/example_dags/example_xcomargs.py
[2025-07-23T08:31:13.926+0000] {processor.py:830} INFO - Processing file /home/airflow/.local/lib/python3.12/site-packages/airflow/example_dags/example_xcomargs.py for tasks to queue
[2025-07-23T08:31:13.930+0000] {logging_mixin.py:188} INFO - [2025-07-23T08:31:13.929+0000] {dagbag.py:545} INFO - Filling up the DagBag from /home/airflow/.local/lib/python3.12/site-packages/airflow/example_dags/example_xcomargs.py
[2025-07-23T08:31:13.982+0000] {processor.py:840} INFO - DAG(s) 'example_xcom_args_with_operators', 'example_xcom_args' retrieved from /home/airflow/.local/lib/python3.12/site-packages/airflow/example_dags/example_xcomargs.py
[2025-07-23T08:31:14.176+0000] {logging_mixin.py:188} INFO - [2025-07-23T08:31:14.176+0000] {dag.py:3096} INFO - Sync 2 DAGs
[2025-07-23T08:31:14.267+0000] {logging_mixin.py:188} INFO - [2025-07-23T08:31:14.266+0000] {dag.py:3954} INFO - Setting next_dagrun for example_xcom_args to None, run_after=None
[2025-07-23T08:31:14.283+0000] {logging_mixin.py:188} INFO - [2025-07-23T08:31:14.283+0000] {dag.py:3954} INFO - Setting next_dagrun for example_xcom_args_with_operators to None, run_after=None
[2025-07-23T08:31:14.892+0000] {processor.py:183} INFO - Processing /home/airflow/.local/lib/python3.12/site-packages/airflow/example_dags/example_xcomargs.py took 0.999 seconds
[2025-07-23T08:31:46.064+0000] {processor.py:161} INFO - Started process (PID=1987) to work on /home/airflow/.local/lib/python3.12/site-packages/airflow/example_dags/example_xcomargs.py
[2025-07-23T08:31:46.096+0000] {processor.py:830} INFO - Processing file /home/airflow/.local/lib/python3.12/site-packages/airflow/example_dags/example_xcomargs.py for tasks to queue
[2025-07-23T08:31:46.115+0000] {logging_mixin.py:188} INFO - [2025-07-23T08:31:46.115+0000] {dagbag.py:545} INFO - Filling up the DagBag from /home/airflow/.local/lib/python3.12/site-packages/airflow/example_dags/example_xcomargs.py
[2025-07-23T08:31:46.171+0000] {processor.py:840} INFO - DAG(s) 'example_xcom_args_with_operators', 'example_xcom_args' retrieved from /home/airflow/.local/lib/python3.12/site-packages/airflow/example_dags/example_xcomargs.py
[2025-07-23T08:31:46.254+0000] {logging_mixin.py:188} INFO - [2025-07-23T08:31:46.253+0000] {dag.py:3096} INFO - Sync 2 DAGs
[2025-07-23T08:31:46.302+0000] {logging_mixin.py:188} INFO - [2025-07-23T08:31:46.301+0000] {dag.py:3954} INFO - Setting next_dagrun for example_xcom_args to None, run_after=None
[2025-07-23T08:31:46.324+0000] {logging_mixin.py:188} INFO - [2025-07-23T08:31:46.324+0000] {dag.py:3954} INFO - Setting next_dagrun for example_xcom_args_with_operators to None, run_after=None
[2025-07-23T08:31:46.457+0000] {processor.py:183} INFO - Processing /home/airflow/.local/lib/python3.12/site-packages/airflow/example_dags/example_xcomargs.py took 0.475 seconds
[2025-07-23T08:32:17.650+0000] {processor.py:161} INFO - Started process (PID=2045) to work on /home/airflow/.local/lib/python3.12/site-packages/airflow/example_dags/example_xcomargs.py
[2025-07-23T08:32:17.668+0000] {processor.py:830} INFO - Processing file /home/airflow/.local/lib/python3.12/site-packages/airflow/example_dags/example_xcomargs.py for tasks to queue
[2025-07-23T08:32:17.686+0000] {logging_mixin.py:188} INFO - [2025-07-23T08:32:17.685+0000] {dagbag.py:545} INFO - Filling up the DagBag from /home/airflow/.local/lib/python3.12/site-packages/airflow/example_dags/example_xcomargs.py
[2025-07-23T08:32:17.726+0000] {processor.py:840} INFO - DAG(s) 'example_xcom_args_with_operators', 'example_xcom_args' retrieved from /home/airflow/.local/lib/python3.12/site-packages/airflow/example_dags/example_xcomargs.py
[2025-07-23T08:32:17.850+0000] {logging_mixin.py:188} INFO - [2025-07-23T08:32:17.850+0000] {dag.py:3096} INFO - Sync 2 DAGs
[2025-07-23T08:32:17.931+0000] {logging_mixin.py:188} INFO - [2025-07-23T08:32:17.931+0000] {dag.py:3954} INFO - Setting next_dagrun for example_xcom_args to None, run_after=None
[2025-07-23T08:32:17.953+0000] {logging_mixin.py:188} INFO - [2025-07-23T08:32:17.953+0000] {dag.py:3954} INFO - Setting next_dagrun for example_xcom_args_with_operators to None, run_after=None
[2025-07-23T08:32:18.106+0000] {processor.py:183} INFO - Processing /home/airflow/.local/lib/python3.12/site-packages/airflow/example_dags/example_xcomargs.py took 0.486 seconds
[2025-07-23T08:35:02.625+0000] {processor.py:161} INFO - Started process (PID=79) to work on /home/airflow/.local/lib/python3.12/site-packages/airflow/example_dags/example_xcomargs.py
[2025-07-23T08:35:02.644+0000] {processor.py:830} INFO - Processing file /home/airflow/.local/lib/python3.12/site-packages/airflow/example_dags/example_xcomargs.py for tasks to queue
[2025-07-23T08:35:02.650+0000] {logging_mixin.py:188} INFO - [2025-07-23T08:35:02.649+0000] {dagbag.py:545} INFO - Filling up the DagBag from /home/airflow/.local/lib/python3.12/site-packages/airflow/example_dags/example_xcomargs.py
[2025-07-23T08:35:02.673+0000] {processor.py:840} INFO - DAG(s) 'example_xcom_args', 'example_xcom_args_with_operators' retrieved from /home/airflow/.local/lib/python3.12/site-packages/airflow/example_dags/example_xcomargs.py
[2025-07-23T08:35:03.021+0000] {logging_mixin.py:188} INFO - [2025-07-23T08:35:03.021+0000] {dag.py:3096} INFO - Sync 2 DAGs
[2025-07-23T08:35:03.069+0000] {logging_mixin.py:188} INFO - [2025-07-23T08:35:03.069+0000] {dag.py:3954} INFO - Setting next_dagrun for example_xcom_args to None, run_after=None
[2025-07-23T08:35:03.084+0000] {logging_mixin.py:188} INFO - [2025-07-23T08:35:03.084+0000] {dag.py:3954} INFO - Setting next_dagrun for example_xcom_args_with_operators to None, run_after=None
[2025-07-23T08:35:03.140+0000] {processor.py:183} INFO - Processing /home/airflow/.local/lib/python3.12/site-packages/airflow/example_dags/example_xcomargs.py took 0.536 seconds
[2025-07-23T08:35:34.019+0000] {processor.py:161} INFO - Started process (PID=137) to work on /home/airflow/.local/lib/python3.12/site-packages/airflow/example_dags/example_xcomargs.py
[2025-07-23T08:35:34.022+0000] {processor.py:830} INFO - Processing file /home/airflow/.local/lib/python3.12/site-packages/airflow/example_dags/example_xcomargs.py for tasks to queue
[2025-07-23T08:35:34.026+0000] {logging_mixin.py:188} INFO - [2025-07-23T08:35:34.025+0000] {dagbag.py:545} INFO - Filling up the DagBag from /home/airflow/.local/lib/python3.12/site-packages/airflow/example_dags/example_xcomargs.py
[2025-07-23T08:35:34.047+0000] {processor.py:840} INFO - DAG(s) 'example_xcom_args', 'example_xcom_args_with_operators' retrieved from /home/airflow/.local/lib/python3.12/site-packages/airflow/example_dags/example_xcomargs.py
[2025-07-23T08:35:34.120+0000] {logging_mixin.py:188} INFO - [2025-07-23T08:35:34.119+0000] {dag.py:3096} INFO - Sync 2 DAGs
[2025-07-23T08:35:34.160+0000] {logging_mixin.py:188} INFO - [2025-07-23T08:35:34.159+0000] {dag.py:3954} INFO - Setting next_dagrun for example_xcom_args to None, run_after=None
[2025-07-23T08:35:34.178+0000] {logging_mixin.py:188} INFO - [2025-07-23T08:35:34.177+0000] {dag.py:3954} INFO - Setting next_dagrun for example_xcom_args_with_operators to None, run_after=None
[2025-07-23T08:35:34.287+0000] {processor.py:183} INFO - Processing /home/airflow/.local/lib/python3.12/site-packages/airflow/example_dags/example_xcomargs.py took 0.284 seconds
[2025-07-23T08:36:04.846+0000] {processor.py:161} INFO - Started process (PID=195) to work on /home/airflow/.local/lib/python3.12/site-packages/airflow/example_dags/example_xcomargs.py
[2025-07-23T08:36:04.848+0000] {processor.py:830} INFO - Processing file /home/airflow/.local/lib/python3.12/site-packages/airflow/example_dags/example_xcomargs.py for tasks to queue
[2025-07-23T08:36:04.853+0000] {logging_mixin.py:188} INFO - [2025-07-23T08:36:04.852+0000] {dagbag.py:545} INFO - Filling up the DagBag from /home/airflow/.local/lib/python3.12/site-packages/airflow/example_dags/example_xcomargs.py
[2025-07-23T08:36:04.879+0000] {processor.py:840} INFO - DAG(s) 'example_xcom_args_with_operators', 'example_xcom_args' retrieved from /home/airflow/.local/lib/python3.12/site-packages/airflow/example_dags/example_xcomargs.py
[2025-07-23T08:36:05.053+0000] {logging_mixin.py:188} INFO - [2025-07-23T08:36:05.052+0000] {dag.py:3096} INFO - Sync 2 DAGs
[2025-07-23T08:36:05.124+0000] {logging_mixin.py:188} INFO - [2025-07-23T08:36:05.123+0000] {dag.py:3954} INFO - Setting next_dagrun for example_xcom_args to None, run_after=None
[2025-07-23T08:36:05.156+0000] {logging_mixin.py:188} INFO - [2025-07-23T08:36:05.156+0000] {dag.py:3954} INFO - Setting next_dagrun for example_xcom_args_with_operators to None, run_after=None
[2025-07-23T08:36:05.254+0000] {processor.py:183} INFO - Processing /home/airflow/.local/lib/python3.12/site-packages/airflow/example_dags/example_xcomargs.py took 0.426 seconds
[2025-07-23T08:36:36.076+0000] {processor.py:161} INFO - Started process (PID=253) to work on /home/airflow/.local/lib/python3.12/site-packages/airflow/example_dags/example_xcomargs.py
[2025-07-23T08:36:36.078+0000] {processor.py:830} INFO - Processing file /home/airflow/.local/lib/python3.12/site-packages/airflow/example_dags/example_xcomargs.py for tasks to queue
[2025-07-23T08:36:36.085+0000] {logging_mixin.py:188} INFO - [2025-07-23T08:36:36.085+0000] {dagbag.py:545} INFO - Filling up the DagBag from /home/airflow/.local/lib/python3.12/site-packages/airflow/example_dags/example_xcomargs.py
[2025-07-23T08:36:36.107+0000] {processor.py:840} INFO - DAG(s) 'example_xcom_args', 'example_xcom_args_with_operators' retrieved from /home/airflow/.local/lib/python3.12/site-packages/airflow/example_dags/example_xcomargs.py
[2025-07-23T08:36:36.266+0000] {logging_mixin.py:188} INFO - [2025-07-23T08:36:36.266+0000] {dag.py:3096} INFO - Sync 2 DAGs
[2025-07-23T08:36:36.314+0000] {logging_mixin.py:188} INFO - [2025-07-23T08:36:36.313+0000] {dag.py:3954} INFO - Setting next_dagrun for example_xcom_args to None, run_after=None
[2025-07-23T08:36:36.327+0000] {logging_mixin.py:188} INFO - [2025-07-23T08:36:36.327+0000] {dag.py:3954} INFO - Setting next_dagrun for example_xcom_args_with_operators to None, run_after=None
[2025-07-23T08:36:36.425+0000] {processor.py:183} INFO - Processing /home/airflow/.local/lib/python3.12/site-packages/airflow/example_dags/example_xcomargs.py took 0.376 seconds
[2025-07-23T08:37:07.067+0000] {processor.py:161} INFO - Started process (PID=312) to work on /home/airflow/.local/lib/python3.12/site-packages/airflow/example_dags/example_xcomargs.py
[2025-07-23T08:37:07.070+0000] {processor.py:830} INFO - Processing file /home/airflow/.local/lib/python3.12/site-packages/airflow/example_dags/example_xcomargs.py for tasks to queue
[2025-07-23T08:37:07.075+0000] {logging_mixin.py:188} INFO - [2025-07-23T08:37:07.074+0000] {dagbag.py:545} INFO - Filling up the DagBag from /home/airflow/.local/lib/python3.12/site-packages/airflow/example_dags/example_xcomargs.py
[2025-07-23T08:37:07.255+0000] {processor.py:840} INFO - DAG(s) 'example_xcom_args', 'example_xcom_args_with_operators' retrieved from /home/airflow/.local/lib/python3.12/site-packages/airflow/example_dags/example_xcomargs.py
[2025-07-23T08:37:07.329+0000] {logging_mixin.py:188} INFO - [2025-07-23T08:37:07.329+0000] {dag.py:3096} INFO - Sync 2 DAGs
[2025-07-23T08:37:07.384+0000] {logging_mixin.py:188} INFO - [2025-07-23T08:37:07.383+0000] {dag.py:3954} INFO - Setting next_dagrun for example_xcom_args to None, run_after=None
[2025-07-23T08:37:07.401+0000] {logging_mixin.py:188} INFO - [2025-07-23T08:37:07.401+0000] {dag.py:3954} INFO - Setting next_dagrun for example_xcom_args_with_operators to None, run_after=None
[2025-07-23T08:37:07.522+0000] {processor.py:183} INFO - Processing /home/airflow/.local/lib/python3.12/site-packages/airflow/example_dags/example_xcomargs.py took 0.392 seconds
[2025-07-23T08:37:43.643+0000] {processor.py:161} INFO - Started process (PID=376) to work on /home/airflow/.local/lib/python3.12/site-packages/airflow/example_dags/example_xcomargs.py
[2025-07-23T08:37:43.648+0000] {processor.py:830} INFO - Processing file /home/airflow/.local/lib/python3.12/site-packages/airflow/example_dags/example_xcomargs.py for tasks to queue
[2025-07-23T08:37:43.661+0000] {logging_mixin.py:188} INFO - [2025-07-23T08:37:43.660+0000] {dagbag.py:545} INFO - Filling up the DagBag from /home/airflow/.local/lib/python3.12/site-packages/airflow/example_dags/example_xcomargs.py
[2025-07-23T08:37:43.725+0000] {processor.py:840} INFO - DAG(s) 'example_xcom_args_with_operators', 'example_xcom_args' retrieved from /home/airflow/.local/lib/python3.12/site-packages/airflow/example_dags/example_xcomargs.py
[2025-07-23T08:37:43.971+0000] {logging_mixin.py:188} INFO - [2025-07-23T08:37:43.970+0000] {dag.py:3096} INFO - Sync 2 DAGs
[2025-07-23T08:37:44.070+0000] {logging_mixin.py:188} INFO - [2025-07-23T08:37:44.069+0000] {dag.py:3954} INFO - Setting next_dagrun for example_xcom_args to None, run_after=None
[2025-07-23T08:37:44.088+0000] {logging_mixin.py:188} INFO - [2025-07-23T08:37:44.087+0000] {dag.py:3954} INFO - Setting next_dagrun for example_xcom_args_with_operators to None, run_after=None
[2025-07-23T08:37:44.359+0000] {processor.py:183} INFO - Processing /home/airflow/.local/lib/python3.12/site-packages/airflow/example_dags/example_xcomargs.py took 0.767 seconds
[2025-07-23T08:38:26.002+0000] {processor.py:161} INFO - Started process (PID=434) to work on /home/airflow/.local/lib/python3.12/site-packages/airflow/example_dags/example_xcomargs.py
[2025-07-23T08:38:26.016+0000] {processor.py:830} INFO - Processing file /home/airflow/.local/lib/python3.12/site-packages/airflow/example_dags/example_xcomargs.py for tasks to queue
[2025-07-23T08:38:26.032+0000] {logging_mixin.py:188} INFO - [2025-07-23T08:38:26.031+0000] {dagbag.py:545} INFO - Filling up the DagBag from /home/airflow/.local/lib/python3.12/site-packages/airflow/example_dags/example_xcomargs.py
[2025-07-23T08:38:26.194+0000] {processor.py:840} INFO - DAG(s) 'example_xcom_args_with_operators', 'example_xcom_args' retrieved from /home/airflow/.local/lib/python3.12/site-packages/airflow/example_dags/example_xcomargs.py
[2025-07-23T08:38:26.446+0000] {logging_mixin.py:188} INFO - [2025-07-23T08:38:26.445+0000] {dag.py:3096} INFO - Sync 2 DAGs
[2025-07-23T08:38:26.720+0000] {logging_mixin.py:188} INFO - [2025-07-23T08:38:26.719+0000] {dag.py:3954} INFO - Setting next_dagrun for example_xcom_args to None, run_after=None
[2025-07-23T08:38:26.808+0000] {logging_mixin.py:188} INFO - [2025-07-23T08:38:26.807+0000] {dag.py:3954} INFO - Setting next_dagrun for example_xcom_args_with_operators to None, run_after=None
[2025-07-23T08:38:27.267+0000] {processor.py:183} INFO - Processing /home/airflow/.local/lib/python3.12/site-packages/airflow/example_dags/example_xcomargs.py took 1.322 seconds
[2025-07-23T08:39:33.539+0000] {processor.py:161} INFO - Started process (PID=498) to work on /home/airflow/.local/lib/python3.12/site-packages/airflow/example_dags/example_xcomargs.py
[2025-07-23T08:39:33.583+0000] {processor.py:830} INFO - Processing file /home/airflow/.local/lib/python3.12/site-packages/airflow/example_dags/example_xcomargs.py for tasks to queue
[2025-07-23T08:39:33.600+0000] {logging_mixin.py:188} INFO - [2025-07-23T08:39:33.599+0000] {dagbag.py:545} INFO - Filling up the DagBag from /home/airflow/.local/lib/python3.12/site-packages/airflow/example_dags/example_xcomargs.py
[2025-07-23T08:39:33.775+0000] {processor.py:840} INFO - DAG(s) 'example_xcom_args', 'example_xcom_args_with_operators' retrieved from /home/airflow/.local/lib/python3.12/site-packages/airflow/example_dags/example_xcomargs.py
[2025-07-23T08:39:34.106+0000] {logging_mixin.py:188} INFO - [2025-07-23T08:39:34.106+0000] {dag.py:3096} INFO - Sync 2 DAGs
[2025-07-23T08:39:34.284+0000] {logging_mixin.py:188} INFO - [2025-07-23T08:39:34.284+0000] {dag.py:3954} INFO - Setting next_dagrun for example_xcom_args to None, run_after=None
[2025-07-23T08:39:34.376+0000] {logging_mixin.py:188} INFO - [2025-07-23T08:39:34.375+0000] {dag.py:3954} INFO - Setting next_dagrun for example_xcom_args_with_operators to None, run_after=None
[2025-07-23T08:39:34.712+0000] {processor.py:183} INFO - Processing /home/airflow/.local/lib/python3.12/site-packages/airflow/example_dags/example_xcomargs.py took 1.254 seconds
[2025-07-23T08:40:19.664+0000] {processor.py:161} INFO - Started process (PID=559) to work on /home/airflow/.local/lib/python3.12/site-packages/airflow/example_dags/example_xcomargs.py
[2025-07-23T08:40:19.679+0000] {processor.py:830} INFO - Processing file /home/airflow/.local/lib/python3.12/site-packages/airflow/example_dags/example_xcomargs.py for tasks to queue
[2025-07-23T08:40:19.694+0000] {logging_mixin.py:188} INFO - [2025-07-23T08:40:19.693+0000] {dagbag.py:545} INFO - Filling up the DagBag from /home/airflow/.local/lib/python3.12/site-packages/airflow/example_dags/example_xcomargs.py
[2025-07-23T08:40:19.764+0000] {processor.py:840} INFO - DAG(s) 'example_xcom_args_with_operators', 'example_xcom_args' retrieved from /home/airflow/.local/lib/python3.12/site-packages/airflow/example_dags/example_xcomargs.py
[2025-07-23T08:40:20.010+0000] {logging_mixin.py:188} INFO - [2025-07-23T08:40:20.009+0000] {dag.py:3096} INFO - Sync 2 DAGs
[2025-07-23T08:40:20.197+0000] {logging_mixin.py:188} INFO - [2025-07-23T08:40:20.196+0000] {dag.py:3954} INFO - Setting next_dagrun for example_xcom_args to None, run_after=None
[2025-07-23T08:40:20.271+0000] {logging_mixin.py:188} INFO - [2025-07-23T08:40:20.271+0000] {dag.py:3954} INFO - Setting next_dagrun for example_xcom_args_with_operators to None, run_after=None
[2025-07-23T08:40:20.401+0000] {processor.py:183} INFO - Processing /home/airflow/.local/lib/python3.12/site-packages/airflow/example_dags/example_xcomargs.py took 0.787 seconds
[2025-07-23T08:40:53.714+0000] {processor.py:161} INFO - Started process (PID=613) to work on /home/airflow/.local/lib/python3.12/site-packages/airflow/example_dags/example_xcomargs.py
[2025-07-23T08:40:53.719+0000] {processor.py:830} INFO - Processing file /home/airflow/.local/lib/python3.12/site-packages/airflow/example_dags/example_xcomargs.py for tasks to queue
[2025-07-23T08:40:53.727+0000] {logging_mixin.py:188} INFO - [2025-07-23T08:40:53.726+0000] {dagbag.py:545} INFO - Filling up the DagBag from /home/airflow/.local/lib/python3.12/site-packages/airflow/example_dags/example_xcomargs.py
[2025-07-23T08:40:53.807+0000] {processor.py:840} INFO - DAG(s) 'example_xcom_args_with_operators', 'example_xcom_args' retrieved from /home/airflow/.local/lib/python3.12/site-packages/airflow/example_dags/example_xcomargs.py
[2025-07-23T08:40:53.936+0000] {logging_mixin.py:188} INFO - [2025-07-23T08:40:53.935+0000] {dag.py:3096} INFO - Sync 2 DAGs
[2025-07-23T08:40:54.033+0000] {logging_mixin.py:188} INFO - [2025-07-23T08:40:54.032+0000] {dag.py:3954} INFO - Setting next_dagrun for example_xcom_args to None, run_after=None
[2025-07-23T08:40:54.062+0000] {logging_mixin.py:188} INFO - [2025-07-23T08:40:54.058+0000] {dag.py:3954} INFO - Setting next_dagrun for example_xcom_args_with_operators to None, run_after=None
[2025-07-23T08:40:54.285+0000] {processor.py:183} INFO - Processing /home/airflow/.local/lib/python3.12/site-packages/airflow/example_dags/example_xcomargs.py took 0.629 seconds
[2025-07-23T09:00:45.057+0000] {processor.py:161} INFO - Started process (PID=49) to work on /home/airflow/.local/lib/python3.12/site-packages/airflow/example_dags/example_xcomargs.py
[2025-07-23T09:00:45.075+0000] {processor.py:830} INFO - Processing file /home/airflow/.local/lib/python3.12/site-packages/airflow/example_dags/example_xcomargs.py for tasks to queue
[2025-07-23T09:00:45.098+0000] {logging_mixin.py:188} INFO - [2025-07-23T09:00:45.097+0000] {dagbag.py:545} INFO - Filling up the DagBag from /home/airflow/.local/lib/python3.12/site-packages/airflow/example_dags/example_xcomargs.py
[2025-07-23T09:00:45.214+0000] {processor.py:840} INFO - DAG(s) 'example_xcom_args_with_operators', 'example_xcom_args' retrieved from /home/airflow/.local/lib/python3.12/site-packages/airflow/example_dags/example_xcomargs.py
[2025-07-23T09:00:45.482+0000] {logging_mixin.py:188} INFO - [2025-07-23T09:00:45.482+0000] {dag.py:3096} INFO - Sync 2 DAGs
[2025-07-23T09:00:45.671+0000] {logging_mixin.py:188} INFO - [2025-07-23T09:00:45.671+0000] {dag.py:3954} INFO - Setting next_dagrun for example_xcom_args to None, run_after=None
[2025-07-23T09:00:45.719+0000] {logging_mixin.py:188} INFO - [2025-07-23T09:00:45.719+0000] {dag.py:3954} INFO - Setting next_dagrun for example_xcom_args_with_operators to None, run_after=None
[2025-07-23T09:00:45.930+0000] {processor.py:183} INFO - Processing /home/airflow/.local/lib/python3.12/site-packages/airflow/example_dags/example_xcomargs.py took 0.908 seconds
[2025-07-23T09:01:31.497+0000] {processor.py:161} INFO - Started process (PID=108) to work on /home/airflow/.local/lib/python3.12/site-packages/airflow/example_dags/example_xcomargs.py
[2025-07-23T09:01:31.501+0000] {processor.py:830} INFO - Processing file /home/airflow/.local/lib/python3.12/site-packages/airflow/example_dags/example_xcomargs.py for tasks to queue
[2025-07-23T09:01:31.512+0000] {logging_mixin.py:188} INFO - [2025-07-23T09:01:31.511+0000] {dagbag.py:545} INFO - Filling up the DagBag from /home/airflow/.local/lib/python3.12/site-packages/airflow/example_dags/example_xcomargs.py
[2025-07-23T09:01:31.607+0000] {processor.py:840} INFO - DAG(s) 'example_xcom_args_with_operators', 'example_xcom_args' retrieved from /home/airflow/.local/lib/python3.12/site-packages/airflow/example_dags/example_xcomargs.py
[2025-07-23T09:01:31.857+0000] {logging_mixin.py:188} INFO - [2025-07-23T09:01:31.857+0000] {dag.py:3096} INFO - Sync 2 DAGs
[2025-07-23T09:01:32.006+0000] {logging_mixin.py:188} INFO - [2025-07-23T09:01:32.006+0000] {dag.py:3954} INFO - Setting next_dagrun for example_xcom_args to None, run_after=None
[2025-07-23T09:01:32.041+0000] {logging_mixin.py:188} INFO - [2025-07-23T09:01:32.041+0000] {dag.py:3954} INFO - Setting next_dagrun for example_xcom_args_with_operators to None, run_after=None
[2025-07-23T09:01:32.260+0000] {processor.py:183} INFO - Processing /home/airflow/.local/lib/python3.12/site-packages/airflow/example_dags/example_xcomargs.py took 0.792 seconds
[2025-07-23T09:02:02.703+0000] {processor.py:161} INFO - Started process (PID=164) to work on /home/airflow/.local/lib/python3.12/site-packages/airflow/example_dags/example_xcomargs.py
[2025-07-23T09:02:02.707+0000] {processor.py:830} INFO - Processing file /home/airflow/.local/lib/python3.12/site-packages/airflow/example_dags/example_xcomargs.py for tasks to queue
[2025-07-23T09:02:02.709+0000] {logging_mixin.py:188} INFO - [2025-07-23T09:02:02.708+0000] {dagbag.py:545} INFO - Filling up the DagBag from /home/airflow/.local/lib/python3.12/site-packages/airflow/example_dags/example_xcomargs.py
[2025-07-23T09:02:02.747+0000] {processor.py:840} INFO - DAG(s) 'example_xcom_args_with_operators', 'example_xcom_args' retrieved from /home/airflow/.local/lib/python3.12/site-packages/airflow/example_dags/example_xcomargs.py
[2025-07-23T09:02:02.951+0000] {logging_mixin.py:188} INFO - [2025-07-23T09:02:02.950+0000] {dag.py:3096} INFO - Sync 2 DAGs
[2025-07-23T09:02:03.050+0000] {logging_mixin.py:188} INFO - [2025-07-23T09:02:03.049+0000] {dag.py:3954} INFO - Setting next_dagrun for example_xcom_args to None, run_after=None
[2025-07-23T09:02:03.080+0000] {logging_mixin.py:188} INFO - [2025-07-23T09:02:03.080+0000] {dag.py:3954} INFO - Setting next_dagrun for example_xcom_args_with_operators to None, run_after=None
[2025-07-23T09:02:03.167+0000] {processor.py:183} INFO - Processing /home/airflow/.local/lib/python3.12/site-packages/airflow/example_dags/example_xcomargs.py took 0.489 seconds
[2025-07-23T09:02:40.934+0000] {processor.py:161} INFO - Started process (PID=217) to work on /home/airflow/.local/lib/python3.12/site-packages/airflow/example_dags/example_xcomargs.py
[2025-07-23T09:02:40.965+0000] {processor.py:830} INFO - Processing file /home/airflow/.local/lib/python3.12/site-packages/airflow/example_dags/example_xcomargs.py for tasks to queue
[2025-07-23T09:02:40.982+0000] {logging_mixin.py:188} INFO - [2025-07-23T09:02:40.982+0000] {dagbag.py:545} INFO - Filling up the DagBag from /home/airflow/.local/lib/python3.12/site-packages/airflow/example_dags/example_xcomargs.py
[2025-07-23T09:02:41.137+0000] {processor.py:840} INFO - DAG(s) 'example_xcom_args_with_operators', 'example_xcom_args' retrieved from /home/airflow/.local/lib/python3.12/site-packages/airflow/example_dags/example_xcomargs.py
[2025-07-23T09:02:41.517+0000] {logging_mixin.py:188} INFO - [2025-07-23T09:02:41.505+0000] {dag.py:3096} INFO - Sync 2 DAGs
[2025-07-23T09:02:41.758+0000] {logging_mixin.py:188} INFO - [2025-07-23T09:02:41.758+0000] {dag.py:3954} INFO - Setting next_dagrun for example_xcom_args to None, run_after=None
[2025-07-23T09:02:41.821+0000] {logging_mixin.py:188} INFO - [2025-07-23T09:02:41.821+0000] {dag.py:3954} INFO - Setting next_dagrun for example_xcom_args_with_operators to None, run_after=None
[2025-07-23T09:02:42.029+0000] {processor.py:183} INFO - Processing /home/airflow/.local/lib/python3.12/site-packages/airflow/example_dags/example_xcomargs.py took 1.164 seconds
[2025-07-23T09:03:12.605+0000] {processor.py:161} INFO - Started process (PID=275) to work on /home/airflow/.local/lib/python3.12/site-packages/airflow/example_dags/example_xcomargs.py
[2025-07-23T09:03:12.619+0000] {processor.py:830} INFO - Processing file /home/airflow/.local/lib/python3.12/site-packages/airflow/example_dags/example_xcomargs.py for tasks to queue
[2025-07-23T09:03:12.626+0000] {logging_mixin.py:188} INFO - [2025-07-23T09:03:12.625+0000] {dagbag.py:545} INFO - Filling up the DagBag from /home/airflow/.local/lib/python3.12/site-packages/airflow/example_dags/example_xcomargs.py
[2025-07-23T09:03:12.669+0000] {processor.py:840} INFO - DAG(s) 'example_xcom_args', 'example_xcom_args_with_operators' retrieved from /home/airflow/.local/lib/python3.12/site-packages/airflow/example_dags/example_xcomargs.py
[2025-07-23T09:03:12.786+0000] {logging_mixin.py:188} INFO - [2025-07-23T09:03:12.786+0000] {dag.py:3096} INFO - Sync 2 DAGs
[2025-07-23T09:03:12.827+0000] {logging_mixin.py:188} INFO - [2025-07-23T09:03:12.826+0000] {dag.py:3954} INFO - Setting next_dagrun for example_xcom_args to None, run_after=None
[2025-07-23T09:03:12.846+0000] {logging_mixin.py:188} INFO - [2025-07-23T09:03:12.846+0000] {dag.py:3954} INFO - Setting next_dagrun for example_xcom_args_with_operators to None, run_after=None
[2025-07-23T09:03:12.955+0000] {processor.py:183} INFO - Processing /home/airflow/.local/lib/python3.12/site-packages/airflow/example_dags/example_xcomargs.py took 0.373 seconds
[2025-07-23T09:03:45.981+0000] {processor.py:161} INFO - Started process (PID=334) to work on /home/airflow/.local/lib/python3.12/site-packages/airflow/example_dags/example_xcomargs.py
[2025-07-23T09:03:45.986+0000] {processor.py:830} INFO - Processing file /home/airflow/.local/lib/python3.12/site-packages/airflow/example_dags/example_xcomargs.py for tasks to queue
[2025-07-23T09:03:46.003+0000] {logging_mixin.py:188} INFO - [2025-07-23T09:03:46.003+0000] {dagbag.py:545} INFO - Filling up the DagBag from /home/airflow/.local/lib/python3.12/site-packages/airflow/example_dags/example_xcomargs.py
[2025-07-23T09:03:46.035+0000] {processor.py:840} INFO - DAG(s) 'example_xcom_args_with_operators', 'example_xcom_args' retrieved from /home/airflow/.local/lib/python3.12/site-packages/airflow/example_dags/example_xcomargs.py
[2025-07-23T09:03:46.116+0000] {logging_mixin.py:188} INFO - [2025-07-23T09:03:46.114+0000] {dag.py:3096} INFO - Sync 2 DAGs
[2025-07-23T09:03:46.170+0000] {logging_mixin.py:188} INFO - [2025-07-23T09:03:46.170+0000] {dag.py:3954} INFO - Setting next_dagrun for example_xcom_args to None, run_after=None
[2025-07-23T09:03:46.203+0000] {logging_mixin.py:188} INFO - [2025-07-23T09:03:46.203+0000] {dag.py:3954} INFO - Setting next_dagrun for example_xcom_args_with_operators to None, run_after=None
[2025-07-23T09:03:46.404+0000] {processor.py:183} INFO - Processing /home/airflow/.local/lib/python3.12/site-packages/airflow/example_dags/example_xcomargs.py took 0.449 seconds
[2025-07-23T09:04:21.907+0000] {processor.py:161} INFO - Started process (PID=384) to work on /home/airflow/.local/lib/python3.12/site-packages/airflow/example_dags/example_xcomargs.py
[2025-07-23T09:04:21.911+0000] {processor.py:830} INFO - Processing file /home/airflow/.local/lib/python3.12/site-packages/airflow/example_dags/example_xcomargs.py for tasks to queue
[2025-07-23T09:04:21.930+0000] {logging_mixin.py:188} INFO - [2025-07-23T09:04:21.920+0000] {dagbag.py:545} INFO - Filling up the DagBag from /home/airflow/.local/lib/python3.12/site-packages/airflow/example_dags/example_xcomargs.py
[2025-07-23T09:04:22.100+0000] {processor.py:840} INFO - DAG(s) 'example_xcom_args_with_operators', 'example_xcom_args' retrieved from /home/airflow/.local/lib/python3.12/site-packages/airflow/example_dags/example_xcomargs.py
[2025-07-23T09:04:22.410+0000] {logging_mixin.py:188} INFO - [2025-07-23T09:04:22.410+0000] {dag.py:3096} INFO - Sync 2 DAGs
[2025-07-23T09:04:22.560+0000] {logging_mixin.py:188} INFO - [2025-07-23T09:04:22.560+0000] {dag.py:3954} INFO - Setting next_dagrun for example_xcom_args to None, run_after=None
[2025-07-23T09:04:22.592+0000] {logging_mixin.py:188} INFO - [2025-07-23T09:04:22.583+0000] {dag.py:3954} INFO - Setting next_dagrun for example_xcom_args_with_operators to None, run_after=None
[2025-07-23T09:04:22.735+0000] {processor.py:183} INFO - Processing /home/airflow/.local/lib/python3.12/site-packages/airflow/example_dags/example_xcomargs.py took 0.957 seconds
[2025-07-23T09:04:53.750+0000] {processor.py:161} INFO - Started process (PID=443) to work on /home/airflow/.local/lib/python3.12/site-packages/airflow/example_dags/example_xcomargs.py
[2025-07-23T09:04:53.752+0000] {processor.py:830} INFO - Processing file /home/airflow/.local/lib/python3.12/site-packages/airflow/example_dags/example_xcomargs.py for tasks to queue
[2025-07-23T09:04:53.759+0000] {logging_mixin.py:188} INFO - [2025-07-23T09:04:53.758+0000] {dagbag.py:545} INFO - Filling up the DagBag from /home/airflow/.local/lib/python3.12/site-packages/airflow/example_dags/example_xcomargs.py
[2025-07-23T09:04:53.780+0000] {processor.py:840} INFO - DAG(s) 'example_xcom_args', 'example_xcom_args_with_operators' retrieved from /home/airflow/.local/lib/python3.12/site-packages/airflow/example_dags/example_xcomargs.py
[2025-07-23T09:04:53.810+0000] {logging_mixin.py:188} INFO - [2025-07-23T09:04:53.809+0000] {dag.py:3096} INFO - Sync 2 DAGs
[2025-07-23T09:04:53.860+0000] {logging_mixin.py:188} INFO - [2025-07-23T09:04:53.857+0000] {dag.py:3954} INFO - Setting next_dagrun for example_xcom_args to None, run_after=None
[2025-07-23T09:04:53.874+0000] {logging_mixin.py:188} INFO - [2025-07-23T09:04:53.873+0000] {dag.py:3954} INFO - Setting next_dagrun for example_xcom_args_with_operators to None, run_after=None
[2025-07-23T09:04:53.934+0000] {processor.py:183} INFO - Processing /home/airflow/.local/lib/python3.12/site-packages/airflow/example_dags/example_xcomargs.py took 0.196 seconds
[2025-07-23T09:05:24.525+0000] {processor.py:161} INFO - Started process (PID=495) to work on /home/airflow/.local/lib/python3.12/site-packages/airflow/example_dags/example_xcomargs.py
[2025-07-23T09:05:24.528+0000] {processor.py:830} INFO - Processing file /home/airflow/.local/lib/python3.12/site-packages/airflow/example_dags/example_xcomargs.py for tasks to queue
[2025-07-23T09:05:24.534+0000] {logging_mixin.py:188} INFO - [2025-07-23T09:05:24.533+0000] {dagbag.py:545} INFO - Filling up the DagBag from /home/airflow/.local/lib/python3.12/site-packages/airflow/example_dags/example_xcomargs.py
[2025-07-23T09:05:24.560+0000] {processor.py:840} INFO - DAG(s) 'example_xcom_args_with_operators', 'example_xcom_args' retrieved from /home/airflow/.local/lib/python3.12/site-packages/airflow/example_dags/example_xcomargs.py
[2025-07-23T09:05:24.899+0000] {logging_mixin.py:188} INFO - [2025-07-23T09:05:24.898+0000] {dag.py:3096} INFO - Sync 2 DAGs
[2025-07-23T09:05:24.958+0000] {logging_mixin.py:188} INFO - [2025-07-23T09:05:24.957+0000] {dag.py:3954} INFO - Setting next_dagrun for example_xcom_args to None, run_after=None
[2025-07-23T09:05:24.969+0000] {logging_mixin.py:188} INFO - [2025-07-23T09:05:24.968+0000] {dag.py:3954} INFO - Setting next_dagrun for example_xcom_args_with_operators to None, run_after=None
[2025-07-23T09:05:25.012+0000] {processor.py:183} INFO - Processing /home/airflow/.local/lib/python3.12/site-packages/airflow/example_dags/example_xcomargs.py took 0.504 seconds
[2025-07-23T09:05:55.228+0000] {processor.py:161} INFO - Started process (PID=555) to work on /home/airflow/.local/lib/python3.12/site-packages/airflow/example_dags/example_xcomargs.py
[2025-07-23T09:05:55.230+0000] {processor.py:830} INFO - Processing file /home/airflow/.local/lib/python3.12/site-packages/airflow/example_dags/example_xcomargs.py for tasks to queue
[2025-07-23T09:05:55.231+0000] {logging_mixin.py:188} INFO - [2025-07-23T09:05:55.231+0000] {dagbag.py:545} INFO - Filling up the DagBag from /home/airflow/.local/lib/python3.12/site-packages/airflow/example_dags/example_xcomargs.py
[2025-07-23T09:05:55.243+0000] {processor.py:840} INFO - DAG(s) 'example_xcom_args', 'example_xcom_args_with_operators' retrieved from /home/airflow/.local/lib/python3.12/site-packages/airflow/example_dags/example_xcomargs.py
[2025-07-23T09:05:55.280+0000] {logging_mixin.py:188} INFO - [2025-07-23T09:05:55.280+0000] {dag.py:3096} INFO - Sync 2 DAGs
[2025-07-23T09:05:55.302+0000] {logging_mixin.py:188} INFO - [2025-07-23T09:05:55.301+0000] {dag.py:3954} INFO - Setting next_dagrun for example_xcom_args to None, run_after=None
[2025-07-23T09:05:55.308+0000] {logging_mixin.py:188} INFO - [2025-07-23T09:05:55.308+0000] {dag.py:3954} INFO - Setting next_dagrun for example_xcom_args_with_operators to None, run_after=None
[2025-07-23T09:05:55.356+0000] {processor.py:183} INFO - Processing /home/airflow/.local/lib/python3.12/site-packages/airflow/example_dags/example_xcomargs.py took 0.137 seconds
[2025-07-23T09:06:25.760+0000] {processor.py:161} INFO - Started process (PID=614) to work on /home/airflow/.local/lib/python3.12/site-packages/airflow/example_dags/example_xcomargs.py
[2025-07-23T09:06:25.762+0000] {processor.py:830} INFO - Processing file /home/airflow/.local/lib/python3.12/site-packages/airflow/example_dags/example_xcomargs.py for tasks to queue
[2025-07-23T09:06:25.767+0000] {logging_mixin.py:188} INFO - [2025-07-23T09:06:25.765+0000] {dagbag.py:545} INFO - Filling up the DagBag from /home/airflow/.local/lib/python3.12/site-packages/airflow/example_dags/example_xcomargs.py
[2025-07-23T09:06:25.801+0000] {processor.py:840} INFO - DAG(s) 'example_xcom_args_with_operators', 'example_xcom_args' retrieved from /home/airflow/.local/lib/python3.12/site-packages/airflow/example_dags/example_xcomargs.py
[2025-07-23T09:06:25.923+0000] {logging_mixin.py:188} INFO - [2025-07-23T09:06:25.923+0000] {dag.py:3096} INFO - Sync 2 DAGs
[2025-07-23T09:06:25.990+0000] {logging_mixin.py:188} INFO - [2025-07-23T09:06:25.989+0000] {dag.py:3954} INFO - Setting next_dagrun for example_xcom_args to None, run_after=None
[2025-07-23T09:06:26.008+0000] {logging_mixin.py:188} INFO - [2025-07-23T09:06:26.007+0000] {dag.py:3954} INFO - Setting next_dagrun for example_xcom_args_with_operators to None, run_after=None
[2025-07-23T09:06:26.084+0000] {processor.py:183} INFO - Processing /home/airflow/.local/lib/python3.12/site-packages/airflow/example_dags/example_xcomargs.py took 0.353 seconds
[2025-07-23T09:06:57.108+0000] {processor.py:161} INFO - Started process (PID=673) to work on /home/airflow/.local/lib/python3.12/site-packages/airflow/example_dags/example_xcomargs.py
[2025-07-23T09:06:57.117+0000] {processor.py:830} INFO - Processing file /home/airflow/.local/lib/python3.12/site-packages/airflow/example_dags/example_xcomargs.py for tasks to queue
[2025-07-23T09:06:57.167+0000] {logging_mixin.py:188} INFO - [2025-07-23T09:06:57.166+0000] {dagbag.py:545} INFO - Filling up the DagBag from /home/airflow/.local/lib/python3.12/site-packages/airflow/example_dags/example_xcomargs.py
[2025-07-23T09:06:57.222+0000] {processor.py:840} INFO - DAG(s) 'example_xcom_args_with_operators', 'example_xcom_args' retrieved from /home/airflow/.local/lib/python3.12/site-packages/airflow/example_dags/example_xcomargs.py
[2025-07-23T09:06:57.343+0000] {logging_mixin.py:188} INFO - [2025-07-23T09:06:57.341+0000] {dag.py:3096} INFO - Sync 2 DAGs
[2025-07-23T09:06:57.408+0000] {logging_mixin.py:188} INFO - [2025-07-23T09:06:57.407+0000] {dag.py:3954} INFO - Setting next_dagrun for example_xcom_args to None, run_after=None
[2025-07-23T09:06:57.427+0000] {logging_mixin.py:188} INFO - [2025-07-23T09:06:57.427+0000] {dag.py:3954} INFO - Setting next_dagrun for example_xcom_args_with_operators to None, run_after=None
[2025-07-23T09:06:57.507+0000] {processor.py:183} INFO - Processing /home/airflow/.local/lib/python3.12/site-packages/airflow/example_dags/example_xcomargs.py took 0.450 seconds
