[2025-07-23T08:13:53.581+0000] {processor.py:161} INFO - Started process (PID=82) to work on /home/airflow/.local/lib/python3.12/site-packages/airflow/example_dags/example_sensors.py
[2025-07-23T08:13:53.585+0000] {processor.py:830} INFO - Processing file /home/airflow/.local/lib/python3.12/site-packages/airflow/example_dags/example_sensors.py for tasks to queue
[2025-07-23T08:13:53.594+0000] {logging_mixin.py:188} INFO - [2025-07-23T08:13:53.593+0000] {dagbag.py:545} INFO - Filling up the DagBag from /home/airflow/.local/lib/python3.12/site-packages/airflow/example_dags/example_sensors.py
[2025-07-23T08:13:53.681+0000] {processor.py:840} INFO - DAG(s) 'example_sensors' retrieved from /home/airflow/.local/lib/python3.12/site-packages/airflow/example_dags/example_sensors.py
[2025-07-23T08:13:54.506+0000] {logging_mixin.py:188} INFO - [2025-07-23T08:13:54.506+0000] {dag.py:3096} INFO - Sync 1 DAGs
[2025-07-23T08:13:54.554+0000] {logging_mixin.py:188} INFO - [2025-07-23T08:13:54.553+0000] {dag.py:3954} INFO - Setting next_dagrun for example_sensors to None, run_after=None
[2025-07-23T08:13:54.738+0000] {processor.py:183} INFO - Processing /home/airflow/.local/lib/python3.12/site-packages/airflow/example_dags/example_sensors.py took 1.183 seconds
[2025-07-23T08:14:25.284+0000] {processor.py:161} INFO - Started process (PID=139) to work on /home/airflow/.local/lib/python3.12/site-packages/airflow/example_dags/example_sensors.py
[2025-07-23T08:14:25.286+0000] {processor.py:830} INFO - Processing file /home/airflow/.local/lib/python3.12/site-packages/airflow/example_dags/example_sensors.py for tasks to queue
[2025-07-23T08:14:25.288+0000] {logging_mixin.py:188} INFO - [2025-07-23T08:14:25.288+0000] {dagbag.py:545} INFO - Filling up the DagBag from /home/airflow/.local/lib/python3.12/site-packages/airflow/example_dags/example_sensors.py
[2025-07-23T08:14:25.301+0000] {processor.py:840} INFO - DAG(s) 'example_sensors' retrieved from /home/airflow/.local/lib/python3.12/site-packages/airflow/example_dags/example_sensors.py
[2025-07-23T08:14:25.345+0000] {logging_mixin.py:188} INFO - [2025-07-23T08:14:25.345+0000] {dag.py:3096} INFO - Sync 1 DAGs
[2025-07-23T08:14:25.367+0000] {logging_mixin.py:188} INFO - [2025-07-23T08:14:25.367+0000] {dag.py:3954} INFO - Setting next_dagrun for example_sensors to None, run_after=None
[2025-07-23T08:14:25.410+0000] {processor.py:183} INFO - Processing /home/airflow/.local/lib/python3.12/site-packages/airflow/example_dags/example_sensors.py took 0.134 seconds
[2025-07-23T08:14:56.021+0000] {processor.py:161} INFO - Started process (PID=195) to work on /home/airflow/.local/lib/python3.12/site-packages/airflow/example_dags/example_sensors.py
[2025-07-23T08:14:56.025+0000] {processor.py:830} INFO - Processing file /home/airflow/.local/lib/python3.12/site-packages/airflow/example_dags/example_sensors.py for tasks to queue
[2025-07-23T08:14:56.043+0000] {logging_mixin.py:188} INFO - [2025-07-23T08:14:56.042+0000] {dagbag.py:545} INFO - Filling up the DagBag from /home/airflow/.local/lib/python3.12/site-packages/airflow/example_dags/example_sensors.py
[2025-07-23T08:14:56.103+0000] {processor.py:840} INFO - DAG(s) 'example_sensors' retrieved from /home/airflow/.local/lib/python3.12/site-packages/airflow/example_dags/example_sensors.py
[2025-07-23T08:14:56.268+0000] {logging_mixin.py:188} INFO - [2025-07-23T08:14:56.267+0000] {dag.py:3096} INFO - Sync 1 DAGs
[2025-07-23T08:14:56.330+0000] {logging_mixin.py:188} INFO - [2025-07-23T08:14:56.330+0000] {dag.py:3954} INFO - Setting next_dagrun for example_sensors to None, run_after=None
[2025-07-23T08:14:56.421+0000] {processor.py:183} INFO - Processing /home/airflow/.local/lib/python3.12/site-packages/airflow/example_dags/example_sensors.py took 0.480 seconds
[2025-07-23T08:15:27.352+0000] {processor.py:161} INFO - Started process (PID=252) to work on /home/airflow/.local/lib/python3.12/site-packages/airflow/example_dags/example_sensors.py
[2025-07-23T08:15:27.356+0000] {processor.py:830} INFO - Processing file /home/airflow/.local/lib/python3.12/site-packages/airflow/example_dags/example_sensors.py for tasks to queue
[2025-07-23T08:15:27.373+0000] {logging_mixin.py:188} INFO - [2025-07-23T08:15:27.373+0000] {dagbag.py:545} INFO - Filling up the DagBag from /home/airflow/.local/lib/python3.12/site-packages/airflow/example_dags/example_sensors.py
[2025-07-23T08:15:27.428+0000] {processor.py:840} INFO - DAG(s) 'example_sensors' retrieved from /home/airflow/.local/lib/python3.12/site-packages/airflow/example_dags/example_sensors.py
[2025-07-23T08:15:27.492+0000] {logging_mixin.py:188} INFO - [2025-07-23T08:15:27.491+0000] {dag.py:3096} INFO - Sync 1 DAGs
[2025-07-23T08:15:27.563+0000] {logging_mixin.py:188} INFO - [2025-07-23T08:15:27.562+0000] {dag.py:3954} INFO - Setting next_dagrun for example_sensors to None, run_after=None
[2025-07-23T08:15:27.748+0000] {processor.py:183} INFO - Processing /home/airflow/.local/lib/python3.12/site-packages/airflow/example_dags/example_sensors.py took 0.409 seconds
[2025-07-23T08:15:58.829+0000] {processor.py:161} INFO - Started process (PID=310) to work on /home/airflow/.local/lib/python3.12/site-packages/airflow/example_dags/example_sensors.py
[2025-07-23T08:15:58.831+0000] {processor.py:830} INFO - Processing file /home/airflow/.local/lib/python3.12/site-packages/airflow/example_dags/example_sensors.py for tasks to queue
[2025-07-23T08:15:58.837+0000] {logging_mixin.py:188} INFO - [2025-07-23T08:15:58.836+0000] {dagbag.py:545} INFO - Filling up the DagBag from /home/airflow/.local/lib/python3.12/site-packages/airflow/example_dags/example_sensors.py
[2025-07-23T08:15:58.864+0000] {processor.py:840} INFO - DAG(s) 'example_sensors' retrieved from /home/airflow/.local/lib/python3.12/site-packages/airflow/example_dags/example_sensors.py
[2025-07-23T08:15:58.977+0000] {logging_mixin.py:188} INFO - [2025-07-23T08:15:58.976+0000] {dag.py:3096} INFO - Sync 1 DAGs
[2025-07-23T08:15:59.038+0000] {logging_mixin.py:188} INFO - [2025-07-23T08:15:59.037+0000] {dag.py:3954} INFO - Setting next_dagrun for example_sensors to None, run_after=None
[2025-07-23T08:15:59.090+0000] {processor.py:183} INFO - Processing /home/airflow/.local/lib/python3.12/site-packages/airflow/example_dags/example_sensors.py took 0.276 seconds
[2025-07-23T08:16:37.122+0000] {processor.py:161} INFO - Started process (PID=367) to work on /home/airflow/.local/lib/python3.12/site-packages/airflow/example_dags/example_sensors.py
[2025-07-23T08:16:37.140+0000] {processor.py:830} INFO - Processing file /home/airflow/.local/lib/python3.12/site-packages/airflow/example_dags/example_sensors.py for tasks to queue
[2025-07-23T08:16:37.157+0000] {logging_mixin.py:188} INFO - [2025-07-23T08:16:37.156+0000] {dagbag.py:545} INFO - Filling up the DagBag from /home/airflow/.local/lib/python3.12/site-packages/airflow/example_dags/example_sensors.py
[2025-07-23T08:16:37.275+0000] {processor.py:840} INFO - DAG(s) 'example_sensors' retrieved from /home/airflow/.local/lib/python3.12/site-packages/airflow/example_dags/example_sensors.py
[2025-07-23T08:16:37.551+0000] {logging_mixin.py:188} INFO - [2025-07-23T08:16:37.550+0000] {dag.py:3096} INFO - Sync 1 DAGs
[2025-07-23T08:16:37.707+0000] {logging_mixin.py:188} INFO - [2025-07-23T08:16:37.706+0000] {dag.py:3954} INFO - Setting next_dagrun for example_sensors to None, run_after=None
[2025-07-23T08:16:37.936+0000] {processor.py:183} INFO - Processing /home/airflow/.local/lib/python3.12/site-packages/airflow/example_dags/example_sensors.py took 0.868 seconds
[2025-07-23T08:17:08.226+0000] {processor.py:161} INFO - Started process (PID=424) to work on /home/airflow/.local/lib/python3.12/site-packages/airflow/example_dags/example_sensors.py
[2025-07-23T08:17:08.228+0000] {processor.py:830} INFO - Processing file /home/airflow/.local/lib/python3.12/site-packages/airflow/example_dags/example_sensors.py for tasks to queue
[2025-07-23T08:17:08.233+0000] {logging_mixin.py:188} INFO - [2025-07-23T08:17:08.232+0000] {dagbag.py:545} INFO - Filling up the DagBag from /home/airflow/.local/lib/python3.12/site-packages/airflow/example_dags/example_sensors.py
[2025-07-23T08:17:08.254+0000] {processor.py:840} INFO - DAG(s) 'example_sensors' retrieved from /home/airflow/.local/lib/python3.12/site-packages/airflow/example_dags/example_sensors.py
[2025-07-23T08:17:08.317+0000] {logging_mixin.py:188} INFO - [2025-07-23T08:17:08.316+0000] {dag.py:3096} INFO - Sync 1 DAGs
[2025-07-23T08:17:08.349+0000] {logging_mixin.py:188} INFO - [2025-07-23T08:17:08.348+0000] {dag.py:3954} INFO - Setting next_dagrun for example_sensors to None, run_after=None
[2025-07-23T08:17:08.395+0000] {processor.py:183} INFO - Processing /home/airflow/.local/lib/python3.12/site-packages/airflow/example_dags/example_sensors.py took 0.184 seconds
[2025-07-23T08:17:38.604+0000] {processor.py:161} INFO - Started process (PID=481) to work on /home/airflow/.local/lib/python3.12/site-packages/airflow/example_dags/example_sensors.py
[2025-07-23T08:17:38.609+0000] {processor.py:830} INFO - Processing file /home/airflow/.local/lib/python3.12/site-packages/airflow/example_dags/example_sensors.py for tasks to queue
[2025-07-23T08:17:38.626+0000] {logging_mixin.py:188} INFO - [2025-07-23T08:17:38.625+0000] {dagbag.py:545} INFO - Filling up the DagBag from /home/airflow/.local/lib/python3.12/site-packages/airflow/example_dags/example_sensors.py
[2025-07-23T08:17:38.666+0000] {processor.py:840} INFO - DAG(s) 'example_sensors' retrieved from /home/airflow/.local/lib/python3.12/site-packages/airflow/example_dags/example_sensors.py
[2025-07-23T08:17:38.751+0000] {logging_mixin.py:188} INFO - [2025-07-23T08:17:38.751+0000] {dag.py:3096} INFO - Sync 1 DAGs
[2025-07-23T08:17:38.794+0000] {logging_mixin.py:188} INFO - [2025-07-23T08:17:38.793+0000] {dag.py:3954} INFO - Setting next_dagrun for example_sensors to None, run_after=None
[2025-07-23T08:17:38.848+0000] {processor.py:183} INFO - Processing /home/airflow/.local/lib/python3.12/site-packages/airflow/example_dags/example_sensors.py took 0.321 seconds
[2025-07-23T08:18:09.190+0000] {processor.py:161} INFO - Started process (PID=539) to work on /home/airflow/.local/lib/python3.12/site-packages/airflow/example_dags/example_sensors.py
[2025-07-23T08:18:09.198+0000] {processor.py:830} INFO - Processing file /home/airflow/.local/lib/python3.12/site-packages/airflow/example_dags/example_sensors.py for tasks to queue
[2025-07-23T08:18:09.215+0000] {logging_mixin.py:188} INFO - [2025-07-23T08:18:09.213+0000] {dagbag.py:545} INFO - Filling up the DagBag from /home/airflow/.local/lib/python3.12/site-packages/airflow/example_dags/example_sensors.py
[2025-07-23T08:18:09.263+0000] {processor.py:840} INFO - DAG(s) 'example_sensors' retrieved from /home/airflow/.local/lib/python3.12/site-packages/airflow/example_dags/example_sensors.py
[2025-07-23T08:18:09.460+0000] {logging_mixin.py:188} INFO - [2025-07-23T08:18:09.459+0000] {dag.py:3096} INFO - Sync 1 DAGs
[2025-07-23T08:18:09.528+0000] {logging_mixin.py:188} INFO - [2025-07-23T08:18:09.527+0000] {dag.py:3954} INFO - Setting next_dagrun for example_sensors to None, run_after=None
[2025-07-23T08:18:09.638+0000] {processor.py:183} INFO - Processing /home/airflow/.local/lib/python3.12/site-packages/airflow/example_dags/example_sensors.py took 0.483 seconds
[2025-07-23T08:18:39.915+0000] {processor.py:161} INFO - Started process (PID=597) to work on /home/airflow/.local/lib/python3.12/site-packages/airflow/example_dags/example_sensors.py
[2025-07-23T08:18:39.922+0000] {processor.py:830} INFO - Processing file /home/airflow/.local/lib/python3.12/site-packages/airflow/example_dags/example_sensors.py for tasks to queue
[2025-07-23T08:18:39.932+0000] {logging_mixin.py:188} INFO - [2025-07-23T08:18:39.931+0000] {dagbag.py:545} INFO - Filling up the DagBag from /home/airflow/.local/lib/python3.12/site-packages/airflow/example_dags/example_sensors.py
[2025-07-23T08:18:39.961+0000] {processor.py:840} INFO - DAG(s) 'example_sensors' retrieved from /home/airflow/.local/lib/python3.12/site-packages/airflow/example_dags/example_sensors.py
[2025-07-23T08:18:40.041+0000] {logging_mixin.py:188} INFO - [2025-07-23T08:18:40.041+0000] {dag.py:3096} INFO - Sync 1 DAGs
[2025-07-23T08:18:40.068+0000] {logging_mixin.py:188} INFO - [2025-07-23T08:18:40.068+0000] {dag.py:3954} INFO - Setting next_dagrun for example_sensors to None, run_after=None
[2025-07-23T08:18:40.131+0000] {processor.py:183} INFO - Processing /home/airflow/.local/lib/python3.12/site-packages/airflow/example_dags/example_sensors.py took 0.241 seconds
[2025-07-23T08:19:11.491+0000] {processor.py:161} INFO - Started process (PID=656) to work on /home/airflow/.local/lib/python3.12/site-packages/airflow/example_dags/example_sensors.py
[2025-07-23T08:19:11.509+0000] {processor.py:830} INFO - Processing file /home/airflow/.local/lib/python3.12/site-packages/airflow/example_dags/example_sensors.py for tasks to queue
[2025-07-23T08:19:11.535+0000] {logging_mixin.py:188} INFO - [2025-07-23T08:19:11.533+0000] {dagbag.py:545} INFO - Filling up the DagBag from /home/airflow/.local/lib/python3.12/site-packages/airflow/example_dags/example_sensors.py
[2025-07-23T08:19:11.600+0000] {processor.py:840} INFO - DAG(s) 'example_sensors' retrieved from /home/airflow/.local/lib/python3.12/site-packages/airflow/example_dags/example_sensors.py
[2025-07-23T08:19:11.864+0000] {logging_mixin.py:188} INFO - [2025-07-23T08:19:11.863+0000] {dag.py:3096} INFO - Sync 1 DAGs
[2025-07-23T08:19:11.952+0000] {logging_mixin.py:188} INFO - [2025-07-23T08:19:11.952+0000] {dag.py:3954} INFO - Setting next_dagrun for example_sensors to None, run_after=None
[2025-07-23T08:19:12.148+0000] {processor.py:183} INFO - Processing /home/airflow/.local/lib/python3.12/site-packages/airflow/example_dags/example_sensors.py took 0.714 seconds
[2025-07-23T08:19:44.772+0000] {processor.py:161} INFO - Started process (PID=714) to work on /home/airflow/.local/lib/python3.12/site-packages/airflow/example_dags/example_sensors.py
[2025-07-23T08:19:44.773+0000] {processor.py:830} INFO - Processing file /home/airflow/.local/lib/python3.12/site-packages/airflow/example_dags/example_sensors.py for tasks to queue
[2025-07-23T08:19:44.818+0000] {logging_mixin.py:188} INFO - [2025-07-23T08:19:44.817+0000] {dagbag.py:545} INFO - Filling up the DagBag from /home/airflow/.local/lib/python3.12/site-packages/airflow/example_dags/example_sensors.py
[2025-07-23T08:19:44.861+0000] {processor.py:840} INFO - DAG(s) 'example_sensors' retrieved from /home/airflow/.local/lib/python3.12/site-packages/airflow/example_dags/example_sensors.py
[2025-07-23T08:19:45.017+0000] {logging_mixin.py:188} INFO - [2025-07-23T08:19:45.016+0000] {dag.py:3096} INFO - Sync 1 DAGs
[2025-07-23T08:19:45.386+0000] {logging_mixin.py:188} INFO - [2025-07-23T08:19:45.385+0000] {dag.py:3954} INFO - Setting next_dagrun for example_sensors to None, run_after=None
[2025-07-23T08:19:45.514+0000] {processor.py:183} INFO - Processing /home/airflow/.local/lib/python3.12/site-packages/airflow/example_dags/example_sensors.py took 0.785 seconds
[2025-07-23T08:20:16.385+0000] {processor.py:161} INFO - Started process (PID=770) to work on /home/airflow/.local/lib/python3.12/site-packages/airflow/example_dags/example_sensors.py
[2025-07-23T08:20:16.401+0000] {processor.py:830} INFO - Processing file /home/airflow/.local/lib/python3.12/site-packages/airflow/example_dags/example_sensors.py for tasks to queue
[2025-07-23T08:20:16.417+0000] {logging_mixin.py:188} INFO - [2025-07-23T08:20:16.417+0000] {dagbag.py:545} INFO - Filling up the DagBag from /home/airflow/.local/lib/python3.12/site-packages/airflow/example_dags/example_sensors.py
[2025-07-23T08:20:16.495+0000] {processor.py:840} INFO - DAG(s) 'example_sensors' retrieved from /home/airflow/.local/lib/python3.12/site-packages/airflow/example_dags/example_sensors.py
[2025-07-23T08:20:16.590+0000] {logging_mixin.py:188} INFO - [2025-07-23T08:20:16.589+0000] {dag.py:3096} INFO - Sync 1 DAGs
[2025-07-23T08:20:16.790+0000] {logging_mixin.py:188} INFO - [2025-07-23T08:20:16.790+0000] {dag.py:3954} INFO - Setting next_dagrun for example_sensors to None, run_after=None
[2025-07-23T08:20:17.033+0000] {processor.py:183} INFO - Processing /home/airflow/.local/lib/python3.12/site-packages/airflow/example_dags/example_sensors.py took 0.725 seconds
[2025-07-23T08:20:54.685+0000] {processor.py:161} INFO - Started process (PID=828) to work on /home/airflow/.local/lib/python3.12/site-packages/airflow/example_dags/example_sensors.py
[2025-07-23T08:20:54.711+0000] {processor.py:830} INFO - Processing file /home/airflow/.local/lib/python3.12/site-packages/airflow/example_dags/example_sensors.py for tasks to queue
[2025-07-23T08:20:54.715+0000] {logging_mixin.py:188} INFO - [2025-07-23T08:20:54.714+0000] {dagbag.py:545} INFO - Filling up the DagBag from /home/airflow/.local/lib/python3.12/site-packages/airflow/example_dags/example_sensors.py
[2025-07-23T08:20:54.799+0000] {processor.py:840} INFO - DAG(s) 'example_sensors' retrieved from /home/airflow/.local/lib/python3.12/site-packages/airflow/example_dags/example_sensors.py
[2025-07-23T08:20:55.674+0000] {logging_mixin.py:188} INFO - [2025-07-23T08:20:55.674+0000] {dag.py:3096} INFO - Sync 1 DAGs
[2025-07-23T08:20:55.763+0000] {logging_mixin.py:188} INFO - [2025-07-23T08:20:55.763+0000] {dag.py:3954} INFO - Setting next_dagrun for example_sensors to None, run_after=None
[2025-07-23T08:20:55.926+0000] {processor.py:183} INFO - Processing /home/airflow/.local/lib/python3.12/site-packages/airflow/example_dags/example_sensors.py took 1.265 seconds
[2025-07-23T08:21:26.757+0000] {processor.py:161} INFO - Started process (PID=893) to work on /home/airflow/.local/lib/python3.12/site-packages/airflow/example_dags/example_sensors.py
[2025-07-23T08:21:26.772+0000] {processor.py:830} INFO - Processing file /home/airflow/.local/lib/python3.12/site-packages/airflow/example_dags/example_sensors.py for tasks to queue
[2025-07-23T08:21:26.776+0000] {logging_mixin.py:188} INFO - [2025-07-23T08:21:26.775+0000] {dagbag.py:545} INFO - Filling up the DagBag from /home/airflow/.local/lib/python3.12/site-packages/airflow/example_dags/example_sensors.py
[2025-07-23T08:21:26.851+0000] {processor.py:840} INFO - DAG(s) 'example_sensors' retrieved from /home/airflow/.local/lib/python3.12/site-packages/airflow/example_dags/example_sensors.py
[2025-07-23T08:21:27.100+0000] {logging_mixin.py:188} INFO - [2025-07-23T08:21:27.099+0000] {dag.py:3096} INFO - Sync 1 DAGs
[2025-07-23T08:21:27.260+0000] {logging_mixin.py:188} INFO - [2025-07-23T08:21:27.260+0000] {dag.py:3954} INFO - Setting next_dagrun for example_sensors to None, run_after=None
[2025-07-23T08:21:27.496+0000] {processor.py:183} INFO - Processing /home/airflow/.local/lib/python3.12/site-packages/airflow/example_dags/example_sensors.py took 0.785 seconds
[2025-07-23T08:21:57.828+0000] {processor.py:161} INFO - Started process (PID=950) to work on /home/airflow/.local/lib/python3.12/site-packages/airflow/example_dags/example_sensors.py
[2025-07-23T08:21:57.841+0000] {processor.py:830} INFO - Processing file /home/airflow/.local/lib/python3.12/site-packages/airflow/example_dags/example_sensors.py for tasks to queue
[2025-07-23T08:21:57.863+0000] {logging_mixin.py:188} INFO - [2025-07-23T08:21:57.862+0000] {dagbag.py:545} INFO - Filling up the DagBag from /home/airflow/.local/lib/python3.12/site-packages/airflow/example_dags/example_sensors.py
[2025-07-23T08:21:57.922+0000] {processor.py:840} INFO - DAG(s) 'example_sensors' retrieved from /home/airflow/.local/lib/python3.12/site-packages/airflow/example_dags/example_sensors.py
[2025-07-23T08:21:58.051+0000] {logging_mixin.py:188} INFO - [2025-07-23T08:21:58.051+0000] {dag.py:3096} INFO - Sync 1 DAGs
[2025-07-23T08:21:58.123+0000] {logging_mixin.py:188} INFO - [2025-07-23T08:21:58.123+0000] {dag.py:3954} INFO - Setting next_dagrun for example_sensors to None, run_after=None
[2025-07-23T08:21:58.230+0000] {processor.py:183} INFO - Processing /home/airflow/.local/lib/python3.12/site-packages/airflow/example_dags/example_sensors.py took 0.444 seconds
[2025-07-23T08:22:29.644+0000] {processor.py:161} INFO - Started process (PID=1007) to work on /home/airflow/.local/lib/python3.12/site-packages/airflow/example_dags/example_sensors.py
[2025-07-23T08:22:29.652+0000] {processor.py:830} INFO - Processing file /home/airflow/.local/lib/python3.12/site-packages/airflow/example_dags/example_sensors.py for tasks to queue
[2025-07-23T08:22:29.667+0000] {logging_mixin.py:188} INFO - [2025-07-23T08:22:29.666+0000] {dagbag.py:545} INFO - Filling up the DagBag from /home/airflow/.local/lib/python3.12/site-packages/airflow/example_dags/example_sensors.py
[2025-07-23T08:22:29.710+0000] {processor.py:840} INFO - DAG(s) 'example_sensors' retrieved from /home/airflow/.local/lib/python3.12/site-packages/airflow/example_dags/example_sensors.py
[2025-07-23T08:22:29.779+0000] {logging_mixin.py:188} INFO - [2025-07-23T08:22:29.778+0000] {dag.py:3096} INFO - Sync 1 DAGs
[2025-07-23T08:22:29.815+0000] {logging_mixin.py:188} INFO - [2025-07-23T08:22:29.815+0000] {dag.py:3954} INFO - Setting next_dagrun for example_sensors to None, run_after=None
[2025-07-23T08:22:29.908+0000] {processor.py:183} INFO - Processing /home/airflow/.local/lib/python3.12/site-packages/airflow/example_dags/example_sensors.py took 0.283 seconds
[2025-07-23T08:23:01.731+0000] {processor.py:161} INFO - Started process (PID=1063) to work on /home/airflow/.local/lib/python3.12/site-packages/airflow/example_dags/example_sensors.py
[2025-07-23T08:23:01.741+0000] {processor.py:830} INFO - Processing file /home/airflow/.local/lib/python3.12/site-packages/airflow/example_dags/example_sensors.py for tasks to queue
[2025-07-23T08:23:01.774+0000] {logging_mixin.py:188} INFO - [2025-07-23T08:23:01.773+0000] {dagbag.py:545} INFO - Filling up the DagBag from /home/airflow/.local/lib/python3.12/site-packages/airflow/example_dags/example_sensors.py
[2025-07-23T08:23:01.839+0000] {processor.py:840} INFO - DAG(s) 'example_sensors' retrieved from /home/airflow/.local/lib/python3.12/site-packages/airflow/example_dags/example_sensors.py
[2025-07-23T08:23:02.429+0000] {logging_mixin.py:188} INFO - [2025-07-23T08:23:02.414+0000] {dag.py:3096} INFO - Sync 1 DAGs
[2025-07-23T08:23:02.645+0000] {logging_mixin.py:188} INFO - [2025-07-23T08:23:02.644+0000] {dag.py:3954} INFO - Setting next_dagrun for example_sensors to None, run_after=None
[2025-07-23T08:23:02.931+0000] {processor.py:183} INFO - Processing /home/airflow/.local/lib/python3.12/site-packages/airflow/example_dags/example_sensors.py took 1.278 seconds
[2025-07-23T08:23:46.625+0000] {processor.py:161} INFO - Started process (PID=1117) to work on /home/airflow/.local/lib/python3.12/site-packages/airflow/example_dags/example_sensors.py
[2025-07-23T08:23:46.627+0000] {processor.py:830} INFO - Processing file /home/airflow/.local/lib/python3.12/site-packages/airflow/example_dags/example_sensors.py for tasks to queue
[2025-07-23T08:23:46.631+0000] {logging_mixin.py:188} INFO - [2025-07-23T08:23:46.630+0000] {dagbag.py:545} INFO - Filling up the DagBag from /home/airflow/.local/lib/python3.12/site-packages/airflow/example_dags/example_sensors.py
[2025-07-23T08:23:46.663+0000] {processor.py:840} INFO - DAG(s) 'example_sensors' retrieved from /home/airflow/.local/lib/python3.12/site-packages/airflow/example_dags/example_sensors.py
[2025-07-23T08:23:47.027+0000] {logging_mixin.py:188} INFO - [2025-07-23T08:23:47.026+0000] {dag.py:3096} INFO - Sync 1 DAGs
[2025-07-23T08:23:47.155+0000] {logging_mixin.py:188} INFO - [2025-07-23T08:23:47.154+0000] {dag.py:3954} INFO - Setting next_dagrun for example_sensors to None, run_after=None
[2025-07-23T08:23:47.444+0000] {processor.py:183} INFO - Processing /home/airflow/.local/lib/python3.12/site-packages/airflow/example_dags/example_sensors.py took 0.835 seconds
[2025-07-23T08:24:19.481+0000] {processor.py:161} INFO - Started process (PID=1175) to work on /home/airflow/.local/lib/python3.12/site-packages/airflow/example_dags/example_sensors.py
[2025-07-23T08:24:19.504+0000] {processor.py:830} INFO - Processing file /home/airflow/.local/lib/python3.12/site-packages/airflow/example_dags/example_sensors.py for tasks to queue
[2025-07-23T08:24:19.508+0000] {logging_mixin.py:188} INFO - [2025-07-23T08:24:19.507+0000] {dagbag.py:545} INFO - Filling up the DagBag from /home/airflow/.local/lib/python3.12/site-packages/airflow/example_dags/example_sensors.py
[2025-07-23T08:24:19.556+0000] {processor.py:840} INFO - DAG(s) 'example_sensors' retrieved from /home/airflow/.local/lib/python3.12/site-packages/airflow/example_dags/example_sensors.py
[2025-07-23T08:24:19.660+0000] {logging_mixin.py:188} INFO - [2025-07-23T08:24:19.659+0000] {dag.py:3096} INFO - Sync 1 DAGs
[2025-07-23T08:24:19.718+0000] {logging_mixin.py:188} INFO - [2025-07-23T08:24:19.717+0000] {dag.py:3954} INFO - Setting next_dagrun for example_sensors to None, run_after=None
[2025-07-23T08:24:19.905+0000] {processor.py:183} INFO - Processing /home/airflow/.local/lib/python3.12/site-packages/airflow/example_dags/example_sensors.py took 0.451 seconds
[2025-07-23T08:24:50.286+0000] {processor.py:161} INFO - Started process (PID=1232) to work on /home/airflow/.local/lib/python3.12/site-packages/airflow/example_dags/example_sensors.py
[2025-07-23T08:24:50.288+0000] {processor.py:830} INFO - Processing file /home/airflow/.local/lib/python3.12/site-packages/airflow/example_dags/example_sensors.py for tasks to queue
[2025-07-23T08:24:50.292+0000] {logging_mixin.py:188} INFO - [2025-07-23T08:24:50.291+0000] {dagbag.py:545} INFO - Filling up the DagBag from /home/airflow/.local/lib/python3.12/site-packages/airflow/example_dags/example_sensors.py
[2025-07-23T08:24:50.312+0000] {processor.py:840} INFO - DAG(s) 'example_sensors' retrieved from /home/airflow/.local/lib/python3.12/site-packages/airflow/example_dags/example_sensors.py
[2025-07-23T08:24:50.371+0000] {logging_mixin.py:188} INFO - [2025-07-23T08:24:50.371+0000] {dag.py:3096} INFO - Sync 1 DAGs
[2025-07-23T08:24:50.402+0000] {logging_mixin.py:188} INFO - [2025-07-23T08:24:50.402+0000] {dag.py:3954} INFO - Setting next_dagrun for example_sensors to None, run_after=None
[2025-07-23T08:24:50.446+0000] {processor.py:183} INFO - Processing /home/airflow/.local/lib/python3.12/site-packages/airflow/example_dags/example_sensors.py took 0.172 seconds
[2025-07-23T08:25:22.692+0000] {processor.py:161} INFO - Started process (PID=1290) to work on /home/airflow/.local/lib/python3.12/site-packages/airflow/example_dags/example_sensors.py
[2025-07-23T08:25:22.694+0000] {processor.py:830} INFO - Processing file /home/airflow/.local/lib/python3.12/site-packages/airflow/example_dags/example_sensors.py for tasks to queue
[2025-07-23T08:25:22.716+0000] {logging_mixin.py:188} INFO - [2025-07-23T08:25:22.705+0000] {dagbag.py:545} INFO - Filling up the DagBag from /home/airflow/.local/lib/python3.12/site-packages/airflow/example_dags/example_sensors.py
[2025-07-23T08:25:22.764+0000] {processor.py:840} INFO - DAG(s) 'example_sensors' retrieved from /home/airflow/.local/lib/python3.12/site-packages/airflow/example_dags/example_sensors.py
[2025-07-23T08:25:22.834+0000] {logging_mixin.py:188} INFO - [2025-07-23T08:25:22.833+0000] {dag.py:3096} INFO - Sync 1 DAGs
[2025-07-23T08:25:22.867+0000] {logging_mixin.py:188} INFO - [2025-07-23T08:25:22.867+0000] {dag.py:3954} INFO - Setting next_dagrun for example_sensors to None, run_after=None
[2025-07-23T08:25:22.926+0000] {processor.py:183} INFO - Processing /home/airflow/.local/lib/python3.12/site-packages/airflow/example_dags/example_sensors.py took 0.256 seconds
[2025-07-23T08:25:54.140+0000] {processor.py:161} INFO - Started process (PID=1348) to work on /home/airflow/.local/lib/python3.12/site-packages/airflow/example_dags/example_sensors.py
[2025-07-23T08:25:54.142+0000] {processor.py:830} INFO - Processing file /home/airflow/.local/lib/python3.12/site-packages/airflow/example_dags/example_sensors.py for tasks to queue
[2025-07-23T08:25:54.154+0000] {logging_mixin.py:188} INFO - [2025-07-23T08:25:54.153+0000] {dagbag.py:545} INFO - Filling up the DagBag from /home/airflow/.local/lib/python3.12/site-packages/airflow/example_dags/example_sensors.py
[2025-07-23T08:25:54.189+0000] {processor.py:840} INFO - DAG(s) 'example_sensors' retrieved from /home/airflow/.local/lib/python3.12/site-packages/airflow/example_dags/example_sensors.py
[2025-07-23T08:25:54.295+0000] {logging_mixin.py:188} INFO - [2025-07-23T08:25:54.295+0000] {dag.py:3096} INFO - Sync 1 DAGs
[2025-07-23T08:25:54.367+0000] {logging_mixin.py:188} INFO - [2025-07-23T08:25:54.367+0000] {dag.py:3954} INFO - Setting next_dagrun for example_sensors to None, run_after=None
[2025-07-23T08:25:54.479+0000] {processor.py:183} INFO - Processing /home/airflow/.local/lib/python3.12/site-packages/airflow/example_dags/example_sensors.py took 0.361 seconds
[2025-07-23T08:26:24.946+0000] {processor.py:161} INFO - Started process (PID=1405) to work on /home/airflow/.local/lib/python3.12/site-packages/airflow/example_dags/example_sensors.py
[2025-07-23T08:26:24.951+0000] {processor.py:830} INFO - Processing file /home/airflow/.local/lib/python3.12/site-packages/airflow/example_dags/example_sensors.py for tasks to queue
[2025-07-23T08:26:24.969+0000] {logging_mixin.py:188} INFO - [2025-07-23T08:26:24.964+0000] {dagbag.py:545} INFO - Filling up the DagBag from /home/airflow/.local/lib/python3.12/site-packages/airflow/example_dags/example_sensors.py
[2025-07-23T08:26:25.080+0000] {processor.py:840} INFO - DAG(s) 'example_sensors' retrieved from /home/airflow/.local/lib/python3.12/site-packages/airflow/example_dags/example_sensors.py
[2025-07-23T08:26:25.277+0000] {logging_mixin.py:188} INFO - [2025-07-23T08:26:25.277+0000] {dag.py:3096} INFO - Sync 1 DAGs
[2025-07-23T08:26:25.339+0000] {logging_mixin.py:188} INFO - [2025-07-23T08:26:25.338+0000] {dag.py:3954} INFO - Setting next_dagrun for example_sensors to None, run_after=None
[2025-07-23T08:26:25.508+0000] {processor.py:183} INFO - Processing /home/airflow/.local/lib/python3.12/site-packages/airflow/example_dags/example_sensors.py took 0.608 seconds
[2025-07-23T08:26:56.280+0000] {processor.py:161} INFO - Started process (PID=1463) to work on /home/airflow/.local/lib/python3.12/site-packages/airflow/example_dags/example_sensors.py
[2025-07-23T08:26:56.282+0000] {processor.py:830} INFO - Processing file /home/airflow/.local/lib/python3.12/site-packages/airflow/example_dags/example_sensors.py for tasks to queue
[2025-07-23T08:26:56.286+0000] {logging_mixin.py:188} INFO - [2025-07-23T08:26:56.285+0000] {dagbag.py:545} INFO - Filling up the DagBag from /home/airflow/.local/lib/python3.12/site-packages/airflow/example_dags/example_sensors.py
[2025-07-23T08:26:56.306+0000] {processor.py:840} INFO - DAG(s) 'example_sensors' retrieved from /home/airflow/.local/lib/python3.12/site-packages/airflow/example_dags/example_sensors.py
[2025-07-23T08:26:56.370+0000] {logging_mixin.py:188} INFO - [2025-07-23T08:26:56.368+0000] {dag.py:3096} INFO - Sync 1 DAGs
[2025-07-23T08:26:56.401+0000] {logging_mixin.py:188} INFO - [2025-07-23T08:26:56.400+0000] {dag.py:3954} INFO - Setting next_dagrun for example_sensors to None, run_after=None
[2025-07-23T08:26:56.467+0000] {processor.py:183} INFO - Processing /home/airflow/.local/lib/python3.12/site-packages/airflow/example_dags/example_sensors.py took 0.200 seconds
[2025-07-23T08:27:37.257+0000] {processor.py:161} INFO - Started process (PID=1527) to work on /home/airflow/.local/lib/python3.12/site-packages/airflow/example_dags/example_sensors.py
[2025-07-23T08:27:37.261+0000] {processor.py:830} INFO - Processing file /home/airflow/.local/lib/python3.12/site-packages/airflow/example_dags/example_sensors.py for tasks to queue
[2025-07-23T08:27:37.284+0000] {logging_mixin.py:188} INFO - [2025-07-23T08:27:37.283+0000] {dagbag.py:545} INFO - Filling up the DagBag from /home/airflow/.local/lib/python3.12/site-packages/airflow/example_dags/example_sensors.py
[2025-07-23T08:27:37.333+0000] {processor.py:840} INFO - DAG(s) 'example_sensors' retrieved from /home/airflow/.local/lib/python3.12/site-packages/airflow/example_dags/example_sensors.py
[2025-07-23T08:27:37.532+0000] {logging_mixin.py:188} INFO - [2025-07-23T08:27:37.531+0000] {dag.py:3096} INFO - Sync 1 DAGs
[2025-07-23T08:27:37.632+0000] {logging_mixin.py:188} INFO - [2025-07-23T08:27:37.631+0000] {dag.py:3954} INFO - Setting next_dagrun for example_sensors to None, run_after=None
[2025-07-23T08:27:37.793+0000] {processor.py:183} INFO - Processing /home/airflow/.local/lib/python3.12/site-packages/airflow/example_dags/example_sensors.py took 0.561 seconds
[2025-07-23T08:28:08.672+0000] {processor.py:161} INFO - Started process (PID=1585) to work on /home/airflow/.local/lib/python3.12/site-packages/airflow/example_dags/example_sensors.py
[2025-07-23T08:28:08.677+0000] {processor.py:830} INFO - Processing file /home/airflow/.local/lib/python3.12/site-packages/airflow/example_dags/example_sensors.py for tasks to queue
[2025-07-23T08:28:08.688+0000] {logging_mixin.py:188} INFO - [2025-07-23T08:28:08.688+0000] {dagbag.py:545} INFO - Filling up the DagBag from /home/airflow/.local/lib/python3.12/site-packages/airflow/example_dags/example_sensors.py
[2025-07-23T08:28:08.743+0000] {processor.py:840} INFO - DAG(s) 'example_sensors' retrieved from /home/airflow/.local/lib/python3.12/site-packages/airflow/example_dags/example_sensors.py
[2025-07-23T08:28:08.854+0000] {logging_mixin.py:188} INFO - [2025-07-23T08:28:08.854+0000] {dag.py:3096} INFO - Sync 1 DAGs
[2025-07-23T08:28:08.884+0000] {logging_mixin.py:188} INFO - [2025-07-23T08:28:08.884+0000] {dag.py:3954} INFO - Setting next_dagrun for example_sensors to None, run_after=None
[2025-07-23T08:28:08.931+0000] {processor.py:183} INFO - Processing /home/airflow/.local/lib/python3.12/site-packages/airflow/example_dags/example_sensors.py took 0.315 seconds
[2025-07-23T08:28:42.090+0000] {processor.py:161} INFO - Started process (PID=1644) to work on /home/airflow/.local/lib/python3.12/site-packages/airflow/example_dags/example_sensors.py
[2025-07-23T08:28:42.104+0000] {processor.py:830} INFO - Processing file /home/airflow/.local/lib/python3.12/site-packages/airflow/example_dags/example_sensors.py for tasks to queue
[2025-07-23T08:28:42.112+0000] {logging_mixin.py:188} INFO - [2025-07-23T08:28:42.111+0000] {dagbag.py:545} INFO - Filling up the DagBag from /home/airflow/.local/lib/python3.12/site-packages/airflow/example_dags/example_sensors.py
[2025-07-23T08:28:42.213+0000] {processor.py:840} INFO - DAG(s) 'example_sensors' retrieved from /home/airflow/.local/lib/python3.12/site-packages/airflow/example_dags/example_sensors.py
[2025-07-23T08:28:42.675+0000] {logging_mixin.py:188} INFO - [2025-07-23T08:28:42.674+0000] {dag.py:3096} INFO - Sync 1 DAGs
[2025-07-23T08:28:43.012+0000] {logging_mixin.py:188} INFO - [2025-07-23T08:28:43.011+0000] {dag.py:3954} INFO - Setting next_dagrun for example_sensors to None, run_after=None
[2025-07-23T08:28:43.257+0000] {processor.py:183} INFO - Processing /home/airflow/.local/lib/python3.12/site-packages/airflow/example_dags/example_sensors.py took 1.240 seconds
[2025-07-23T08:29:14.093+0000] {processor.py:161} INFO - Started process (PID=1701) to work on /home/airflow/.local/lib/python3.12/site-packages/airflow/example_dags/example_sensors.py
[2025-07-23T08:29:14.096+0000] {processor.py:830} INFO - Processing file /home/airflow/.local/lib/python3.12/site-packages/airflow/example_dags/example_sensors.py for tasks to queue
[2025-07-23T08:29:14.103+0000] {logging_mixin.py:188} INFO - [2025-07-23T08:29:14.099+0000] {dagbag.py:545} INFO - Filling up the DagBag from /home/airflow/.local/lib/python3.12/site-packages/airflow/example_dags/example_sensors.py
[2025-07-23T08:29:14.205+0000] {processor.py:840} INFO - DAG(s) 'example_sensors' retrieved from /home/airflow/.local/lib/python3.12/site-packages/airflow/example_dags/example_sensors.py
[2025-07-23T08:29:14.327+0000] {logging_mixin.py:188} INFO - [2025-07-23T08:29:14.326+0000] {dag.py:3096} INFO - Sync 1 DAGs
[2025-07-23T08:29:14.378+0000] {logging_mixin.py:188} INFO - [2025-07-23T08:29:14.374+0000] {dag.py:3954} INFO - Setting next_dagrun for example_sensors to None, run_after=None
[2025-07-23T08:29:14.437+0000] {processor.py:183} INFO - Processing /home/airflow/.local/lib/python3.12/site-packages/airflow/example_dags/example_sensors.py took 0.382 seconds
[2025-07-23T08:29:44.817+0000] {processor.py:161} INFO - Started process (PID=1759) to work on /home/airflow/.local/lib/python3.12/site-packages/airflow/example_dags/example_sensors.py
[2025-07-23T08:29:44.821+0000] {processor.py:830} INFO - Processing file /home/airflow/.local/lib/python3.12/site-packages/airflow/example_dags/example_sensors.py for tasks to queue
[2025-07-23T08:29:44.830+0000] {logging_mixin.py:188} INFO - [2025-07-23T08:29:44.830+0000] {dagbag.py:545} INFO - Filling up the DagBag from /home/airflow/.local/lib/python3.12/site-packages/airflow/example_dags/example_sensors.py
[2025-07-23T08:29:44.859+0000] {processor.py:840} INFO - DAG(s) 'example_sensors' retrieved from /home/airflow/.local/lib/python3.12/site-packages/airflow/example_dags/example_sensors.py
[2025-07-23T08:29:44.949+0000] {logging_mixin.py:188} INFO - [2025-07-23T08:29:44.948+0000] {dag.py:3096} INFO - Sync 1 DAGs
[2025-07-23T08:29:44.993+0000] {logging_mixin.py:188} INFO - [2025-07-23T08:29:44.992+0000] {dag.py:3954} INFO - Setting next_dagrun for example_sensors to None, run_after=None
[2025-07-23T08:29:45.077+0000] {processor.py:183} INFO - Processing /home/airflow/.local/lib/python3.12/site-packages/airflow/example_dags/example_sensors.py took 0.278 seconds
[2025-07-23T08:30:15.243+0000] {processor.py:161} INFO - Started process (PID=1817) to work on /home/airflow/.local/lib/python3.12/site-packages/airflow/example_dags/example_sensors.py
[2025-07-23T08:30:15.245+0000] {processor.py:830} INFO - Processing file /home/airflow/.local/lib/python3.12/site-packages/airflow/example_dags/example_sensors.py for tasks to queue
[2025-07-23T08:30:15.259+0000] {logging_mixin.py:188} INFO - [2025-07-23T08:30:15.249+0000] {dagbag.py:545} INFO - Filling up the DagBag from /home/airflow/.local/lib/python3.12/site-packages/airflow/example_dags/example_sensors.py
[2025-07-23T08:30:15.302+0000] {processor.py:840} INFO - DAG(s) 'example_sensors' retrieved from /home/airflow/.local/lib/python3.12/site-packages/airflow/example_dags/example_sensors.py
[2025-07-23T08:30:15.488+0000] {logging_mixin.py:188} INFO - [2025-07-23T08:30:15.488+0000] {dag.py:3096} INFO - Sync 1 DAGs
[2025-07-23T08:30:15.588+0000] {logging_mixin.py:188} INFO - [2025-07-23T08:30:15.587+0000] {dag.py:3954} INFO - Setting next_dagrun for example_sensors to None, run_after=None
[2025-07-23T08:30:15.677+0000] {processor.py:183} INFO - Processing /home/airflow/.local/lib/python3.12/site-packages/airflow/example_dags/example_sensors.py took 0.465 seconds
[2025-07-23T08:30:46.111+0000] {processor.py:161} INFO - Started process (PID=1875) to work on /home/airflow/.local/lib/python3.12/site-packages/airflow/example_dags/example_sensors.py
[2025-07-23T08:30:46.119+0000] {processor.py:830} INFO - Processing file /home/airflow/.local/lib/python3.12/site-packages/airflow/example_dags/example_sensors.py for tasks to queue
[2025-07-23T08:30:46.123+0000] {logging_mixin.py:188} INFO - [2025-07-23T08:30:46.123+0000] {dagbag.py:545} INFO - Filling up the DagBag from /home/airflow/.local/lib/python3.12/site-packages/airflow/example_dags/example_sensors.py
[2025-07-23T08:30:46.146+0000] {processor.py:840} INFO - DAG(s) 'example_sensors' retrieved from /home/airflow/.local/lib/python3.12/site-packages/airflow/example_dags/example_sensors.py
[2025-07-23T08:30:46.210+0000] {logging_mixin.py:188} INFO - [2025-07-23T08:30:46.209+0000] {dag.py:3096} INFO - Sync 1 DAGs
[2025-07-23T08:30:46.260+0000] {logging_mixin.py:188} INFO - [2025-07-23T08:30:46.259+0000] {dag.py:3954} INFO - Setting next_dagrun for example_sensors to None, run_after=None
[2025-07-23T08:30:46.368+0000] {processor.py:183} INFO - Processing /home/airflow/.local/lib/python3.12/site-packages/airflow/example_dags/example_sensors.py took 0.276 seconds
[2025-07-23T08:31:16.714+0000] {processor.py:161} INFO - Started process (PID=1934) to work on /home/airflow/.local/lib/python3.12/site-packages/airflow/example_dags/example_sensors.py
[2025-07-23T08:31:16.717+0000] {processor.py:830} INFO - Processing file /home/airflow/.local/lib/python3.12/site-packages/airflow/example_dags/example_sensors.py for tasks to queue
[2025-07-23T08:31:16.721+0000] {logging_mixin.py:188} INFO - [2025-07-23T08:31:16.720+0000] {dagbag.py:545} INFO - Filling up the DagBag from /home/airflow/.local/lib/python3.12/site-packages/airflow/example_dags/example_sensors.py
[2025-07-23T08:31:16.740+0000] {processor.py:840} INFO - DAG(s) 'example_sensors' retrieved from /home/airflow/.local/lib/python3.12/site-packages/airflow/example_dags/example_sensors.py
[2025-07-23T08:31:16.787+0000] {logging_mixin.py:188} INFO - [2025-07-23T08:31:16.787+0000] {dag.py:3096} INFO - Sync 1 DAGs
[2025-07-23T08:31:17.062+0000] {logging_mixin.py:188} INFO - [2025-07-23T08:31:17.061+0000] {dag.py:3954} INFO - Setting next_dagrun for example_sensors to None, run_after=None
[2025-07-23T08:31:17.210+0000] {processor.py:183} INFO - Processing /home/airflow/.local/lib/python3.12/site-packages/airflow/example_dags/example_sensors.py took 0.510 seconds
[2025-07-23T08:31:47.354+0000] {processor.py:161} INFO - Started process (PID=1992) to work on /home/airflow/.local/lib/python3.12/site-packages/airflow/example_dags/example_sensors.py
[2025-07-23T08:31:47.357+0000] {processor.py:830} INFO - Processing file /home/airflow/.local/lib/python3.12/site-packages/airflow/example_dags/example_sensors.py for tasks to queue
[2025-07-23T08:31:47.390+0000] {logging_mixin.py:188} INFO - [2025-07-23T08:31:47.390+0000] {dagbag.py:545} INFO - Filling up the DagBag from /home/airflow/.local/lib/python3.12/site-packages/airflow/example_dags/example_sensors.py
[2025-07-23T08:31:47.451+0000] {processor.py:840} INFO - DAG(s) 'example_sensors' retrieved from /home/airflow/.local/lib/python3.12/site-packages/airflow/example_dags/example_sensors.py
[2025-07-23T08:31:47.578+0000] {logging_mixin.py:188} INFO - [2025-07-23T08:31:47.577+0000] {dag.py:3096} INFO - Sync 1 DAGs
[2025-07-23T08:31:47.629+0000] {logging_mixin.py:188} INFO - [2025-07-23T08:31:47.628+0000] {dag.py:3954} INFO - Setting next_dagrun for example_sensors to None, run_after=None
[2025-07-23T08:31:47.700+0000] {processor.py:183} INFO - Processing /home/airflow/.local/lib/python3.12/site-packages/airflow/example_dags/example_sensors.py took 0.398 seconds
[2025-07-23T08:32:19.330+0000] {processor.py:161} INFO - Started process (PID=2049) to work on /home/airflow/.local/lib/python3.12/site-packages/airflow/example_dags/example_sensors.py
[2025-07-23T08:32:19.334+0000] {processor.py:830} INFO - Processing file /home/airflow/.local/lib/python3.12/site-packages/airflow/example_dags/example_sensors.py for tasks to queue
[2025-07-23T08:32:19.346+0000] {logging_mixin.py:188} INFO - [2025-07-23T08:32:19.345+0000] {dagbag.py:545} INFO - Filling up the DagBag from /home/airflow/.local/lib/python3.12/site-packages/airflow/example_dags/example_sensors.py
[2025-07-23T08:32:19.409+0000] {processor.py:840} INFO - DAG(s) 'example_sensors' retrieved from /home/airflow/.local/lib/python3.12/site-packages/airflow/example_dags/example_sensors.py
[2025-07-23T08:32:19.479+0000] {logging_mixin.py:188} INFO - [2025-07-23T08:32:19.479+0000] {dag.py:3096} INFO - Sync 1 DAGs
[2025-07-23T08:32:19.523+0000] {logging_mixin.py:188} INFO - [2025-07-23T08:32:19.523+0000] {dag.py:3954} INFO - Setting next_dagrun for example_sensors to None, run_after=None
[2025-07-23T08:32:19.629+0000] {processor.py:183} INFO - Processing /home/airflow/.local/lib/python3.12/site-packages/airflow/example_dags/example_sensors.py took 0.340 seconds
[2025-07-23T08:35:03.927+0000] {processor.py:161} INFO - Started process (PID=83) to work on /home/airflow/.local/lib/python3.12/site-packages/airflow/example_dags/example_sensors.py
[2025-07-23T08:35:03.930+0000] {processor.py:830} INFO - Processing file /home/airflow/.local/lib/python3.12/site-packages/airflow/example_dags/example_sensors.py for tasks to queue
[2025-07-23T08:35:03.934+0000] {logging_mixin.py:188} INFO - [2025-07-23T08:35:03.934+0000] {dagbag.py:545} INFO - Filling up the DagBag from /home/airflow/.local/lib/python3.12/site-packages/airflow/example_dags/example_sensors.py
[2025-07-23T08:35:03.959+0000] {processor.py:840} INFO - DAG(s) 'example_sensors' retrieved from /home/airflow/.local/lib/python3.12/site-packages/airflow/example_dags/example_sensors.py
[2025-07-23T08:35:04.233+0000] {logging_mixin.py:188} INFO - [2025-07-23T08:35:04.232+0000] {dag.py:3096} INFO - Sync 1 DAGs
[2025-07-23T08:35:04.273+0000] {logging_mixin.py:188} INFO - [2025-07-23T08:35:04.272+0000] {dag.py:3954} INFO - Setting next_dagrun for example_sensors to None, run_after=None
[2025-07-23T08:35:04.374+0000] {processor.py:183} INFO - Processing /home/airflow/.local/lib/python3.12/site-packages/airflow/example_dags/example_sensors.py took 0.456 seconds
[2025-07-23T08:35:34.960+0000] {processor.py:161} INFO - Started process (PID=141) to work on /home/airflow/.local/lib/python3.12/site-packages/airflow/example_dags/example_sensors.py
[2025-07-23T08:35:34.961+0000] {processor.py:830} INFO - Processing file /home/airflow/.local/lib/python3.12/site-packages/airflow/example_dags/example_sensors.py for tasks to queue
[2025-07-23T08:35:34.988+0000] {logging_mixin.py:188} INFO - [2025-07-23T08:35:34.988+0000] {dagbag.py:545} INFO - Filling up the DagBag from /home/airflow/.local/lib/python3.12/site-packages/airflow/example_dags/example_sensors.py
[2025-07-23T08:35:35.037+0000] {processor.py:840} INFO - DAG(s) 'example_sensors' retrieved from /home/airflow/.local/lib/python3.12/site-packages/airflow/example_dags/example_sensors.py
[2025-07-23T08:35:35.187+0000] {logging_mixin.py:188} INFO - [2025-07-23T08:35:35.187+0000] {dag.py:3096} INFO - Sync 1 DAGs
[2025-07-23T08:35:35.257+0000] {logging_mixin.py:188} INFO - [2025-07-23T08:35:35.254+0000] {dag.py:3954} INFO - Setting next_dagrun for example_sensors to None, run_after=None
[2025-07-23T08:35:35.366+0000] {processor.py:183} INFO - Processing /home/airflow/.local/lib/python3.12/site-packages/airflow/example_dags/example_sensors.py took 0.440 seconds
[2025-07-23T08:36:06.348+0000] {processor.py:161} INFO - Started process (PID=199) to work on /home/airflow/.local/lib/python3.12/site-packages/airflow/example_dags/example_sensors.py
[2025-07-23T08:36:06.351+0000] {processor.py:830} INFO - Processing file /home/airflow/.local/lib/python3.12/site-packages/airflow/example_dags/example_sensors.py for tasks to queue
[2025-07-23T08:36:06.374+0000] {logging_mixin.py:188} INFO - [2025-07-23T08:36:06.373+0000] {dagbag.py:545} INFO - Filling up the DagBag from /home/airflow/.local/lib/python3.12/site-packages/airflow/example_dags/example_sensors.py
[2025-07-23T08:36:06.408+0000] {processor.py:840} INFO - DAG(s) 'example_sensors' retrieved from /home/airflow/.local/lib/python3.12/site-packages/airflow/example_dags/example_sensors.py
[2025-07-23T08:36:06.589+0000] {logging_mixin.py:188} INFO - [2025-07-23T08:36:06.588+0000] {dag.py:3096} INFO - Sync 1 DAGs
[2025-07-23T08:36:06.712+0000] {logging_mixin.py:188} INFO - [2025-07-23T08:36:06.711+0000] {dag.py:3954} INFO - Setting next_dagrun for example_sensors to None, run_after=None
[2025-07-23T08:36:06.834+0000] {processor.py:183} INFO - Processing /home/airflow/.local/lib/python3.12/site-packages/airflow/example_dags/example_sensors.py took 0.508 seconds
[2025-07-23T08:36:37.222+0000] {processor.py:161} INFO - Started process (PID=256) to work on /home/airflow/.local/lib/python3.12/site-packages/airflow/example_dags/example_sensors.py
[2025-07-23T08:36:37.232+0000] {processor.py:830} INFO - Processing file /home/airflow/.local/lib/python3.12/site-packages/airflow/example_dags/example_sensors.py for tasks to queue
[2025-07-23T08:36:37.236+0000] {logging_mixin.py:188} INFO - [2025-07-23T08:36:37.235+0000] {dagbag.py:545} INFO - Filling up the DagBag from /home/airflow/.local/lib/python3.12/site-packages/airflow/example_dags/example_sensors.py
[2025-07-23T08:36:37.278+0000] {processor.py:840} INFO - DAG(s) 'example_sensors' retrieved from /home/airflow/.local/lib/python3.12/site-packages/airflow/example_dags/example_sensors.py
[2025-07-23T08:36:37.423+0000] {logging_mixin.py:188} INFO - [2025-07-23T08:36:37.423+0000] {dag.py:3096} INFO - Sync 1 DAGs
[2025-07-23T08:36:37.496+0000] {logging_mixin.py:188} INFO - [2025-07-23T08:36:37.496+0000] {dag.py:3954} INFO - Setting next_dagrun for example_sensors to None, run_after=None
[2025-07-23T08:36:37.605+0000] {processor.py:183} INFO - Processing /home/airflow/.local/lib/python3.12/site-packages/airflow/example_dags/example_sensors.py took 0.402 seconds
[2025-07-23T08:37:07.919+0000] {processor.py:161} INFO - Started process (PID=315) to work on /home/airflow/.local/lib/python3.12/site-packages/airflow/example_dags/example_sensors.py
[2025-07-23T08:37:07.922+0000] {processor.py:830} INFO - Processing file /home/airflow/.local/lib/python3.12/site-packages/airflow/example_dags/example_sensors.py for tasks to queue
[2025-07-23T08:37:07.936+0000] {logging_mixin.py:188} INFO - [2025-07-23T08:37:07.935+0000] {dagbag.py:545} INFO - Filling up the DagBag from /home/airflow/.local/lib/python3.12/site-packages/airflow/example_dags/example_sensors.py
[2025-07-23T08:37:07.987+0000] {processor.py:840} INFO - DAG(s) 'example_sensors' retrieved from /home/airflow/.local/lib/python3.12/site-packages/airflow/example_dags/example_sensors.py
[2025-07-23T08:37:08.128+0000] {logging_mixin.py:188} INFO - [2025-07-23T08:37:08.127+0000] {dag.py:3096} INFO - Sync 1 DAGs
[2025-07-23T08:37:08.173+0000] {logging_mixin.py:188} INFO - [2025-07-23T08:37:08.173+0000] {dag.py:3954} INFO - Setting next_dagrun for example_sensors to None, run_after=None
[2025-07-23T08:37:08.275+0000] {processor.py:183} INFO - Processing /home/airflow/.local/lib/python3.12/site-packages/airflow/example_dags/example_sensors.py took 0.374 seconds
[2025-07-23T08:37:44.971+0000] {processor.py:161} INFO - Started process (PID=380) to work on /home/airflow/.local/lib/python3.12/site-packages/airflow/example_dags/example_sensors.py
[2025-07-23T08:37:44.980+0000] {processor.py:830} INFO - Processing file /home/airflow/.local/lib/python3.12/site-packages/airflow/example_dags/example_sensors.py for tasks to queue
[2025-07-23T08:37:44.984+0000] {logging_mixin.py:188} INFO - [2025-07-23T08:37:44.983+0000] {dagbag.py:545} INFO - Filling up the DagBag from /home/airflow/.local/lib/python3.12/site-packages/airflow/example_dags/example_sensors.py
[2025-07-23T08:37:45.069+0000] {processor.py:840} INFO - DAG(s) 'example_sensors' retrieved from /home/airflow/.local/lib/python3.12/site-packages/airflow/example_dags/example_sensors.py
[2025-07-23T08:37:45.265+0000] {logging_mixin.py:188} INFO - [2025-07-23T08:37:45.264+0000] {dag.py:3096} INFO - Sync 1 DAGs
[2025-07-23T08:37:45.389+0000] {logging_mixin.py:188} INFO - [2025-07-23T08:37:45.389+0000] {dag.py:3954} INFO - Setting next_dagrun for example_sensors to None, run_after=None
[2025-07-23T08:37:45.676+0000] {processor.py:183} INFO - Processing /home/airflow/.local/lib/python3.12/site-packages/airflow/example_dags/example_sensors.py took 0.746 seconds
[2025-07-23T08:38:32.205+0000] {processor.py:161} INFO - Started process (PID=438) to work on /home/airflow/.local/lib/python3.12/site-packages/airflow/example_dags/example_sensors.py
[2025-07-23T08:38:32.221+0000] {processor.py:830} INFO - Processing file /home/airflow/.local/lib/python3.12/site-packages/airflow/example_dags/example_sensors.py for tasks to queue
[2025-07-23T08:38:32.239+0000] {logging_mixin.py:188} INFO - [2025-07-23T08:38:32.238+0000] {dagbag.py:545} INFO - Filling up the DagBag from /home/airflow/.local/lib/python3.12/site-packages/airflow/example_dags/example_sensors.py
[2025-07-23T08:38:32.399+0000] {processor.py:840} INFO - DAG(s) 'example_sensors' retrieved from /home/airflow/.local/lib/python3.12/site-packages/airflow/example_dags/example_sensors.py
[2025-07-23T08:38:32.938+0000] {logging_mixin.py:188} INFO - [2025-07-23T08:38:32.938+0000] {dag.py:3096} INFO - Sync 1 DAGs
[2025-07-23T08:38:33.184+0000] {logging_mixin.py:188} INFO - [2025-07-23T08:38:33.184+0000] {dag.py:3954} INFO - Setting next_dagrun for example_sensors to None, run_after=None
[2025-07-23T08:38:33.460+0000] {processor.py:183} INFO - Processing /home/airflow/.local/lib/python3.12/site-packages/airflow/example_dags/example_sensors.py took 1.389 seconds
[2025-07-23T08:39:37.023+0000] {processor.py:161} INFO - Started process (PID=502) to work on /home/airflow/.local/lib/python3.12/site-packages/airflow/example_dags/example_sensors.py
[2025-07-23T08:39:37.036+0000] {processor.py:830} INFO - Processing file /home/airflow/.local/lib/python3.12/site-packages/airflow/example_dags/example_sensors.py for tasks to queue
[2025-07-23T08:39:37.069+0000] {logging_mixin.py:188} INFO - [2025-07-23T08:39:37.068+0000] {dagbag.py:545} INFO - Filling up the DagBag from /home/airflow/.local/lib/python3.12/site-packages/airflow/example_dags/example_sensors.py
[2025-07-23T08:39:37.163+0000] {processor.py:840} INFO - DAG(s) 'example_sensors' retrieved from /home/airflow/.local/lib/python3.12/site-packages/airflow/example_dags/example_sensors.py
[2025-07-23T08:39:37.385+0000] {logging_mixin.py:188} INFO - [2025-07-23T08:39:37.374+0000] {dag.py:3096} INFO - Sync 1 DAGs
[2025-07-23T08:39:37.498+0000] {logging_mixin.py:188} INFO - [2025-07-23T08:39:37.497+0000] {dag.py:3954} INFO - Setting next_dagrun for example_sensors to None, run_after=None
[2025-07-23T08:39:38.195+0000] {processor.py:183} INFO - Processing /home/airflow/.local/lib/python3.12/site-packages/airflow/example_dags/example_sensors.py took 1.172 seconds
[2025-07-23T08:40:22.000+0000] {processor.py:161} INFO - Started process (PID=563) to work on /home/airflow/.local/lib/python3.12/site-packages/airflow/example_dags/example_sensors.py
[2025-07-23T08:40:22.009+0000] {processor.py:830} INFO - Processing file /home/airflow/.local/lib/python3.12/site-packages/airflow/example_dags/example_sensors.py for tasks to queue
[2025-07-23T08:40:22.024+0000] {logging_mixin.py:188} INFO - [2025-07-23T08:40:22.023+0000] {dagbag.py:545} INFO - Filling up the DagBag from /home/airflow/.local/lib/python3.12/site-packages/airflow/example_dags/example_sensors.py
[2025-07-23T08:40:22.198+0000] {processor.py:840} INFO - DAG(s) 'example_sensors' retrieved from /home/airflow/.local/lib/python3.12/site-packages/airflow/example_dags/example_sensors.py
[2025-07-23T08:40:22.543+0000] {logging_mixin.py:188} INFO - [2025-07-23T08:40:22.542+0000] {dag.py:3096} INFO - Sync 1 DAGs
[2025-07-23T08:40:22.591+0000] {logging_mixin.py:188} INFO - [2025-07-23T08:40:22.590+0000] {dag.py:3954} INFO - Setting next_dagrun for example_sensors to None, run_after=None
[2025-07-23T08:40:22.706+0000] {processor.py:183} INFO - Processing /home/airflow/.local/lib/python3.12/site-packages/airflow/example_dags/example_sensors.py took 0.771 seconds
[2025-07-23T08:40:56.482+0000] {processor.py:161} INFO - Started process (PID=620) to work on /home/airflow/.local/lib/python3.12/site-packages/airflow/example_dags/example_sensors.py
[2025-07-23T08:40:56.492+0000] {processor.py:830} INFO - Processing file /home/airflow/.local/lib/python3.12/site-packages/airflow/example_dags/example_sensors.py for tasks to queue
[2025-07-23T08:40:56.497+0000] {logging_mixin.py:188} INFO - [2025-07-23T08:40:56.496+0000] {dagbag.py:545} INFO - Filling up the DagBag from /home/airflow/.local/lib/python3.12/site-packages/airflow/example_dags/example_sensors.py
[2025-07-23T08:40:56.547+0000] {processor.py:840} INFO - DAG(s) 'example_sensors' retrieved from /home/airflow/.local/lib/python3.12/site-packages/airflow/example_dags/example_sensors.py
[2025-07-23T08:40:56.705+0000] {logging_mixin.py:188} INFO - [2025-07-23T08:40:56.704+0000] {dag.py:3096} INFO - Sync 1 DAGs
[2025-07-23T08:40:56.794+0000] {logging_mixin.py:188} INFO - [2025-07-23T08:40:56.793+0000] {dag.py:3954} INFO - Setting next_dagrun for example_sensors to None, run_after=None
[2025-07-23T08:41:22.270+0000] {processor.py:186} ERROR - Got an exception! Propagating...
Traceback (most recent call last):
  File "/home/airflow/.local/lib/python3.12/site-packages/sqlalchemy/engine/base.py", line 1094, in _commit_impl
    self.engine.dialect.do_commit(self.connection)
  File "/home/airflow/.local/lib/python3.12/site-packages/sqlalchemy/engine/default.py", line 686, in do_commit
    dbapi_connection.commit()
psycopg2.OperationalError: server closed the connection unexpectedly
	This probably means the server terminated abnormally
	before or while processing the request.


The above exception was the direct cause of the following exception:

Traceback (most recent call last):
  File "/home/airflow/.local/lib/python3.12/site-packages/airflow/dag_processing/processor.py", line 182, in _run_file_processor
    _handle_dag_file_processing()
  File "/home/airflow/.local/lib/python3.12/site-packages/airflow/dag_processing/processor.py", line 163, in _handle_dag_file_processing
    result: tuple[int, int] = dag_file_processor.process_file(
                              ^^^^^^^^^^^^^^^^^^^^^^^^^^^^^^^^
  File "/home/airflow/.local/lib/python3.12/site-packages/airflow/utils/session.py", line 79, in wrapper
    return func(*args, session=session, **kwargs)
           ^^^^^^^^^^^^^^^^^^^^^^^^^^^^^^^^^^^^^^
  File "/home/airflow/.local/lib/python3.12/site-packages/airflow/dag_processing/processor.py", line 859, in process_file
    serialize_errors = DagFileProcessor.save_dag_to_db(
                       ^^^^^^^^^^^^^^^^^^^^^^^^^^^^^^^^
  File "/home/airflow/.local/lib/python3.12/site-packages/airflow/api_internal/internal_api_call.py", line 115, in wrapper
    return func(*args, **kwargs)
           ^^^^^^^^^^^^^^^^^^^^^
  File "/home/airflow/.local/lib/python3.12/site-packages/airflow/utils/session.py", line 79, in wrapper
    return func(*args, session=session, **kwargs)
           ^^^^^^^^^^^^^^^^^^^^^^^^^^^^^^^^^^^^^^
  File "/home/airflow/.local/lib/python3.12/site-packages/airflow/dag_processing/processor.py", line 896, in save_dag_to_db
    session.commit()
  File "/home/airflow/.local/lib/python3.12/site-packages/sqlalchemy/orm/session.py", line 1454, in commit
    self._transaction.commit(_to_root=self.future)
  File "/home/airflow/.local/lib/python3.12/site-packages/sqlalchemy/orm/session.py", line 839, in commit
    trans.commit()
  File "/home/airflow/.local/lib/python3.12/site-packages/sqlalchemy/engine/base.py", line 2469, in commit
    self._do_commit()
  File "/home/airflow/.local/lib/python3.12/site-packages/sqlalchemy/engine/base.py", line 2659, in _do_commit
    self._connection_commit_impl()
  File "/home/airflow/.local/lib/python3.12/site-packages/sqlalchemy/engine/base.py", line 2630, in _connection_commit_impl
    self.connection._commit_impl()
  File "/home/airflow/.local/lib/python3.12/site-packages/sqlalchemy/engine/base.py", line 1096, in _commit_impl
    self._handle_dbapi_exception(e, None, None, None, None)
  File "/home/airflow/.local/lib/python3.12/site-packages/sqlalchemy/engine/base.py", line 2134, in _handle_dbapi_exception
    util.raise_(
  File "/home/airflow/.local/lib/python3.12/site-packages/sqlalchemy/util/compat.py", line 211, in raise_
    raise exception
  File "/home/airflow/.local/lib/python3.12/site-packages/sqlalchemy/engine/base.py", line 1094, in _commit_impl
    self.engine.dialect.do_commit(self.connection)
  File "/home/airflow/.local/lib/python3.12/site-packages/sqlalchemy/engine/default.py", line 686, in do_commit
    dbapi_connection.commit()
sqlalchemy.exc.OperationalError: (psycopg2.OperationalError) server closed the connection unexpectedly
	This probably means the server terminated abnormally
	before or while processing the request.

(Background on this error at: https://sqlalche.me/e/14/e3q8)
[2025-07-23T09:00:49.595+0000] {processor.py:161} INFO - Started process (PID=53) to work on /home/airflow/.local/lib/python3.12/site-packages/airflow/example_dags/example_sensors.py
[2025-07-23T09:00:49.611+0000] {processor.py:830} INFO - Processing file /home/airflow/.local/lib/python3.12/site-packages/airflow/example_dags/example_sensors.py for tasks to queue
[2025-07-23T09:00:49.662+0000] {logging_mixin.py:188} INFO - [2025-07-23T09:00:49.661+0000] {dagbag.py:545} INFO - Filling up the DagBag from /home/airflow/.local/lib/python3.12/site-packages/airflow/example_dags/example_sensors.py
[2025-07-23T09:00:49.858+0000] {processor.py:840} INFO - DAG(s) 'example_sensors' retrieved from /home/airflow/.local/lib/python3.12/site-packages/airflow/example_dags/example_sensors.py
[2025-07-23T09:00:50.106+0000] {logging_mixin.py:188} INFO - [2025-07-23T09:00:50.093+0000] {dag.py:3096} INFO - Sync 1 DAGs
[2025-07-23T09:00:50.358+0000] {logging_mixin.py:188} INFO - [2025-07-23T09:00:50.358+0000] {dag.py:3954} INFO - Setting next_dagrun for example_sensors to None, run_after=None
[2025-07-23T09:00:50.889+0000] {processor.py:183} INFO - Processing /home/airflow/.local/lib/python3.12/site-packages/airflow/example_dags/example_sensors.py took 1.378 seconds
[2025-07-23T09:01:35.520+0000] {processor.py:161} INFO - Started process (PID=112) to work on /home/airflow/.local/lib/python3.12/site-packages/airflow/example_dags/example_sensors.py
[2025-07-23T09:01:35.540+0000] {processor.py:830} INFO - Processing file /home/airflow/.local/lib/python3.12/site-packages/airflow/example_dags/example_sensors.py for tasks to queue
[2025-07-23T09:01:35.543+0000] {logging_mixin.py:188} INFO - [2025-07-23T09:01:35.543+0000] {dagbag.py:545} INFO - Filling up the DagBag from /home/airflow/.local/lib/python3.12/site-packages/airflow/example_dags/example_sensors.py
[2025-07-23T09:01:35.677+0000] {processor.py:840} INFO - DAG(s) 'example_sensors' retrieved from /home/airflow/.local/lib/python3.12/site-packages/airflow/example_dags/example_sensors.py
[2025-07-23T09:01:35.908+0000] {logging_mixin.py:188} INFO - [2025-07-23T09:01:35.907+0000] {dag.py:3096} INFO - Sync 1 DAGs
[2025-07-23T09:01:35.982+0000] {logging_mixin.py:188} INFO - [2025-07-23T09:01:35.982+0000] {dag.py:3954} INFO - Setting next_dagrun for example_sensors to None, run_after=None
[2025-07-23T09:01:36.119+0000] {processor.py:183} INFO - Processing /home/airflow/.local/lib/python3.12/site-packages/airflow/example_dags/example_sensors.py took 0.618 seconds
[2025-07-23T09:02:07.579+0000] {processor.py:161} INFO - Started process (PID=169) to work on /home/airflow/.local/lib/python3.12/site-packages/airflow/example_dags/example_sensors.py
[2025-07-23T09:02:07.581+0000] {processor.py:830} INFO - Processing file /home/airflow/.local/lib/python3.12/site-packages/airflow/example_dags/example_sensors.py for tasks to queue
[2025-07-23T09:02:07.583+0000] {logging_mixin.py:188} INFO - [2025-07-23T09:02:07.583+0000] {dagbag.py:545} INFO - Filling up the DagBag from /home/airflow/.local/lib/python3.12/site-packages/airflow/example_dags/example_sensors.py
[2025-07-23T09:02:07.814+0000] {processor.py:840} INFO - DAG(s) 'example_sensors' retrieved from /home/airflow/.local/lib/python3.12/site-packages/airflow/example_dags/example_sensors.py
[2025-07-23T09:02:08.109+0000] {logging_mixin.py:188} INFO - [2025-07-23T09:02:08.109+0000] {dag.py:3096} INFO - Sync 1 DAGs
[2025-07-23T09:02:08.254+0000] {logging_mixin.py:188} INFO - [2025-07-23T09:02:08.254+0000] {dag.py:3954} INFO - Setting next_dagrun for example_sensors to None, run_after=None
[2025-07-23T09:02:08.524+0000] {processor.py:183} INFO - Processing /home/airflow/.local/lib/python3.12/site-packages/airflow/example_dags/example_sensors.py took 0.976 seconds
[2025-07-23T09:02:44.808+0000] {processor.py:161} INFO - Started process (PID=227) to work on /home/airflow/.local/lib/python3.12/site-packages/airflow/example_dags/example_sensors.py
[2025-07-23T09:02:44.870+0000] {processor.py:830} INFO - Processing file /home/airflow/.local/lib/python3.12/site-packages/airflow/example_dags/example_sensors.py for tasks to queue
[2025-07-23T09:02:44.903+0000] {logging_mixin.py:188} INFO - [2025-07-23T09:02:44.903+0000] {dagbag.py:545} INFO - Filling up the DagBag from /home/airflow/.local/lib/python3.12/site-packages/airflow/example_dags/example_sensors.py
[2025-07-23T09:02:45.019+0000] {processor.py:840} INFO - DAG(s) 'example_sensors' retrieved from /home/airflow/.local/lib/python3.12/site-packages/airflow/example_dags/example_sensors.py
[2025-07-23T09:02:45.282+0000] {logging_mixin.py:188} INFO - [2025-07-23T09:02:45.281+0000] {dag.py:3096} INFO - Sync 1 DAGs
[2025-07-23T09:02:45.427+0000] {logging_mixin.py:188} INFO - [2025-07-23T09:02:45.427+0000] {dag.py:3954} INFO - Setting next_dagrun for example_sensors to None, run_after=None
[2025-07-23T09:02:45.590+0000] {processor.py:183} INFO - Processing /home/airflow/.local/lib/python3.12/site-packages/airflow/example_dags/example_sensors.py took 0.859 seconds
[2025-07-23T09:03:15.820+0000] {processor.py:161} INFO - Started process (PID=279) to work on /home/airflow/.local/lib/python3.12/site-packages/airflow/example_dags/example_sensors.py
[2025-07-23T09:03:15.834+0000] {processor.py:830} INFO - Processing file /home/airflow/.local/lib/python3.12/site-packages/airflow/example_dags/example_sensors.py for tasks to queue
[2025-07-23T09:03:15.837+0000] {logging_mixin.py:188} INFO - [2025-07-23T09:03:15.835+0000] {dagbag.py:545} INFO - Filling up the DagBag from /home/airflow/.local/lib/python3.12/site-packages/airflow/example_dags/example_sensors.py
[2025-07-23T09:03:15.872+0000] {processor.py:840} INFO - DAG(s) 'example_sensors' retrieved from /home/airflow/.local/lib/python3.12/site-packages/airflow/example_dags/example_sensors.py
[2025-07-23T09:03:16.028+0000] {logging_mixin.py:188} INFO - [2025-07-23T09:03:16.026+0000] {dag.py:3096} INFO - Sync 1 DAGs
[2025-07-23T09:03:16.133+0000] {logging_mixin.py:188} INFO - [2025-07-23T09:03:16.132+0000] {dag.py:3954} INFO - Setting next_dagrun for example_sensors to None, run_after=None
[2025-07-23T09:03:16.349+0000] {processor.py:183} INFO - Processing /home/airflow/.local/lib/python3.12/site-packages/airflow/example_dags/example_sensors.py took 0.563 seconds
[2025-07-23T09:03:47.556+0000] {processor.py:161} INFO - Started process (PID=338) to work on /home/airflow/.local/lib/python3.12/site-packages/airflow/example_dags/example_sensors.py
[2025-07-23T09:03:47.559+0000] {processor.py:830} INFO - Processing file /home/airflow/.local/lib/python3.12/site-packages/airflow/example_dags/example_sensors.py for tasks to queue
[2025-07-23T09:03:47.566+0000] {logging_mixin.py:188} INFO - [2025-07-23T09:03:47.561+0000] {dagbag.py:545} INFO - Filling up the DagBag from /home/airflow/.local/lib/python3.12/site-packages/airflow/example_dags/example_sensors.py
[2025-07-23T09:03:47.610+0000] {processor.py:840} INFO - DAG(s) 'example_sensors' retrieved from /home/airflow/.local/lib/python3.12/site-packages/airflow/example_dags/example_sensors.py
[2025-07-23T09:03:47.704+0000] {logging_mixin.py:188} INFO - [2025-07-23T09:03:47.704+0000] {dag.py:3096} INFO - Sync 1 DAGs
[2025-07-23T09:03:47.746+0000] {logging_mixin.py:188} INFO - [2025-07-23T09:03:47.745+0000] {dag.py:3954} INFO - Setting next_dagrun for example_sensors to None, run_after=None
[2025-07-23T09:03:47.814+0000] {processor.py:183} INFO - Processing /home/airflow/.local/lib/python3.12/site-packages/airflow/example_dags/example_sensors.py took 0.287 seconds
[2025-07-23T09:04:30.639+0000] {processor.py:161} INFO - Started process (PID=397) to work on /home/airflow/.local/lib/python3.12/site-packages/airflow/example_dags/example_sensors.py
[2025-07-23T09:04:30.644+0000] {processor.py:830} INFO - Processing file /home/airflow/.local/lib/python3.12/site-packages/airflow/example_dags/example_sensors.py for tasks to queue
[2025-07-23T09:04:30.658+0000] {logging_mixin.py:188} INFO - [2025-07-23T09:04:30.656+0000] {dagbag.py:545} INFO - Filling up the DagBag from /home/airflow/.local/lib/python3.12/site-packages/airflow/example_dags/example_sensors.py
[2025-07-23T09:04:30.722+0000] {processor.py:840} INFO - DAG(s) 'example_sensors' retrieved from /home/airflow/.local/lib/python3.12/site-packages/airflow/example_dags/example_sensors.py
[2025-07-23T09:04:30.792+0000] {logging_mixin.py:188} INFO - [2025-07-23T09:04:30.792+0000] {dag.py:3096} INFO - Sync 1 DAGs
[2025-07-23T09:04:30.821+0000] {logging_mixin.py:188} INFO - [2025-07-23T09:04:30.821+0000] {dag.py:3954} INFO - Setting next_dagrun for example_sensors to None, run_after=None
[2025-07-23T09:04:30.925+0000] {processor.py:183} INFO - Processing /home/airflow/.local/lib/python3.12/site-packages/airflow/example_dags/example_sensors.py took 0.309 seconds
[2025-07-23T09:05:01.086+0000] {processor.py:161} INFO - Started process (PID=456) to work on /home/airflow/.local/lib/python3.12/site-packages/airflow/example_dags/example_sensors.py
[2025-07-23T09:05:01.087+0000] {processor.py:830} INFO - Processing file /home/airflow/.local/lib/python3.12/site-packages/airflow/example_dags/example_sensors.py for tasks to queue
[2025-07-23T09:05:01.089+0000] {logging_mixin.py:188} INFO - [2025-07-23T09:05:01.089+0000] {dagbag.py:545} INFO - Filling up the DagBag from /home/airflow/.local/lib/python3.12/site-packages/airflow/example_dags/example_sensors.py
[2025-07-23T09:05:01.116+0000] {processor.py:840} INFO - DAG(s) 'example_sensors' retrieved from /home/airflow/.local/lib/python3.12/site-packages/airflow/example_dags/example_sensors.py
[2025-07-23T09:05:01.150+0000] {logging_mixin.py:188} INFO - [2025-07-23T09:05:01.149+0000] {dag.py:3096} INFO - Sync 1 DAGs
[2025-07-23T09:05:01.190+0000] {logging_mixin.py:188} INFO - [2025-07-23T09:05:01.190+0000] {dag.py:3954} INFO - Setting next_dagrun for example_sensors to None, run_after=None
[2025-07-23T09:05:01.277+0000] {processor.py:183} INFO - Processing /home/airflow/.local/lib/python3.12/site-packages/airflow/example_dags/example_sensors.py took 0.201 seconds
[2025-07-23T09:05:33.193+0000] {processor.py:161} INFO - Started process (PID=516) to work on /home/airflow/.local/lib/python3.12/site-packages/airflow/example_dags/example_sensors.py
[2025-07-23T09:05:33.206+0000] {processor.py:830} INFO - Processing file /home/airflow/.local/lib/python3.12/site-packages/airflow/example_dags/example_sensors.py for tasks to queue
[2025-07-23T09:05:33.209+0000] {logging_mixin.py:188} INFO - [2025-07-23T09:05:33.209+0000] {dagbag.py:545} INFO - Filling up the DagBag from /home/airflow/.local/lib/python3.12/site-packages/airflow/example_dags/example_sensors.py
[2025-07-23T09:05:33.260+0000] {processor.py:840} INFO - DAG(s) 'example_sensors' retrieved from /home/airflow/.local/lib/python3.12/site-packages/airflow/example_dags/example_sensors.py
[2025-07-23T09:05:33.976+0000] {logging_mixin.py:188} INFO - [2025-07-23T09:05:33.975+0000] {dag.py:3096} INFO - Sync 1 DAGs
[2025-07-23T09:05:34.007+0000] {logging_mixin.py:188} INFO - [2025-07-23T09:05:34.006+0000] {dag.py:3954} INFO - Setting next_dagrun for example_sensors to None, run_after=None
[2025-07-23T09:05:34.099+0000] {processor.py:183} INFO - Processing /home/airflow/.local/lib/python3.12/site-packages/airflow/example_dags/example_sensors.py took 0.920 seconds
[2025-07-23T09:06:04.344+0000] {processor.py:161} INFO - Started process (PID=568) to work on /home/airflow/.local/lib/python3.12/site-packages/airflow/example_dags/example_sensors.py
[2025-07-23T09:06:04.345+0000] {processor.py:830} INFO - Processing file /home/airflow/.local/lib/python3.12/site-packages/airflow/example_dags/example_sensors.py for tasks to queue
[2025-07-23T09:06:04.347+0000] {logging_mixin.py:188} INFO - [2025-07-23T09:06:04.347+0000] {dagbag.py:545} INFO - Filling up the DagBag from /home/airflow/.local/lib/python3.12/site-packages/airflow/example_dags/example_sensors.py
[2025-07-23T09:06:04.368+0000] {processor.py:840} INFO - DAG(s) 'example_sensors' retrieved from /home/airflow/.local/lib/python3.12/site-packages/airflow/example_dags/example_sensors.py
[2025-07-23T09:06:04.423+0000] {logging_mixin.py:188} INFO - [2025-07-23T09:06:04.423+0000] {dag.py:3096} INFO - Sync 1 DAGs
[2025-07-23T09:06:04.451+0000] {logging_mixin.py:188} INFO - [2025-07-23T09:06:04.450+0000] {dag.py:3954} INFO - Setting next_dagrun for example_sensors to None, run_after=None
[2025-07-23T09:06:04.493+0000] {processor.py:183} INFO - Processing /home/airflow/.local/lib/python3.12/site-packages/airflow/example_dags/example_sensors.py took 0.160 seconds
[2025-07-23T09:06:35.020+0000] {processor.py:161} INFO - Started process (PID=627) to work on /home/airflow/.local/lib/python3.12/site-packages/airflow/example_dags/example_sensors.py
[2025-07-23T09:06:35.025+0000] {processor.py:830} INFO - Processing file /home/airflow/.local/lib/python3.12/site-packages/airflow/example_dags/example_sensors.py for tasks to queue
[2025-07-23T09:06:35.028+0000] {logging_mixin.py:188} INFO - [2025-07-23T09:06:35.028+0000] {dagbag.py:545} INFO - Filling up the DagBag from /home/airflow/.local/lib/python3.12/site-packages/airflow/example_dags/example_sensors.py
[2025-07-23T09:06:35.056+0000] {processor.py:840} INFO - DAG(s) 'example_sensors' retrieved from /home/airflow/.local/lib/python3.12/site-packages/airflow/example_dags/example_sensors.py
[2025-07-23T09:06:35.113+0000] {logging_mixin.py:188} INFO - [2025-07-23T09:06:35.112+0000] {dag.py:3096} INFO - Sync 1 DAGs
[2025-07-23T09:06:35.132+0000] {logging_mixin.py:188} INFO - [2025-07-23T09:06:35.131+0000] {dag.py:3954} INFO - Setting next_dagrun for example_sensors to None, run_after=None
[2025-07-23T09:06:35.159+0000] {processor.py:183} INFO - Processing /home/airflow/.local/lib/python3.12/site-packages/airflow/example_dags/example_sensors.py took 0.153 seconds
[2025-07-23T09:07:05.233+0000] {processor.py:161} INFO - Started process (PID=685) to work on /home/airflow/.local/lib/python3.12/site-packages/airflow/example_dags/example_sensors.py
[2025-07-23T09:07:05.234+0000] {processor.py:830} INFO - Processing file /home/airflow/.local/lib/python3.12/site-packages/airflow/example_dags/example_sensors.py for tasks to queue
[2025-07-23T09:07:05.236+0000] {logging_mixin.py:188} INFO - [2025-07-23T09:07:05.235+0000] {dagbag.py:545} INFO - Filling up the DagBag from /home/airflow/.local/lib/python3.12/site-packages/airflow/example_dags/example_sensors.py
[2025-07-23T09:07:05.248+0000] {processor.py:840} INFO - DAG(s) 'example_sensors' retrieved from /home/airflow/.local/lib/python3.12/site-packages/airflow/example_dags/example_sensors.py
[2025-07-23T09:07:05.295+0000] {logging_mixin.py:188} INFO - [2025-07-23T09:07:05.294+0000] {dag.py:3096} INFO - Sync 1 DAGs
[2025-07-23T09:07:05.324+0000] {logging_mixin.py:188} INFO - [2025-07-23T09:07:05.324+0000] {dag.py:3954} INFO - Setting next_dagrun for example_sensors to None, run_after=None
[2025-07-23T09:07:05.361+0000] {processor.py:183} INFO - Processing /home/airflow/.local/lib/python3.12/site-packages/airflow/example_dags/example_sensors.py took 0.135 seconds
