[2025-07-23T08:14:09.406+0000] {processor.py:161} INFO - Started process (PID=104) to work on /home/airflow/.local/lib/python3.12/site-packages/airflow/example_dags/example_display_name.py
[2025-07-23T08:14:09.430+0000] {processor.py:830} INFO - Processing file /home/airflow/.local/lib/python3.12/site-packages/airflow/example_dags/example_display_name.py for tasks to queue
[2025-07-23T08:14:09.441+0000] {logging_mixin.py:188} INFO - [2025-07-23T08:14:09.440+0000] {dagbag.py:545} INFO - Filling up the DagBag from /home/airflow/.local/lib/python3.12/site-packages/airflow/example_dags/example_display_name.py
[2025-07-23T08:14:09.484+0000] {processor.py:840} INFO - DAG(s) 'example_display_name' retrieved from /home/airflow/.local/lib/python3.12/site-packages/airflow/example_dags/example_display_name.py
[2025-07-23T08:14:10.572+0000] {logging_mixin.py:188} INFO - [2025-07-23T08:14:10.559+0000] {dag.py:3096} INFO - Sync 1 DAGs
[2025-07-23T08:14:10.709+0000] {logging_mixin.py:188} INFO - [2025-07-23T08:14:10.708+0000] {dag.py:3954} INFO - Setting next_dagrun for example_display_name to None, run_after=None
[2025-07-23T08:14:10.925+0000] {processor.py:183} INFO - Processing /home/airflow/.local/lib/python3.12/site-packages/airflow/example_dags/example_display_name.py took 1.545 seconds
[2025-07-23T08:14:41.216+0000] {processor.py:161} INFO - Started process (PID=161) to work on /home/airflow/.local/lib/python3.12/site-packages/airflow/example_dags/example_display_name.py
[2025-07-23T08:14:41.218+0000] {processor.py:830} INFO - Processing file /home/airflow/.local/lib/python3.12/site-packages/airflow/example_dags/example_display_name.py for tasks to queue
[2025-07-23T08:14:41.222+0000] {logging_mixin.py:188} INFO - [2025-07-23T08:14:41.222+0000] {dagbag.py:545} INFO - Filling up the DagBag from /home/airflow/.local/lib/python3.12/site-packages/airflow/example_dags/example_display_name.py
[2025-07-23T08:14:41.235+0000] {processor.py:840} INFO - DAG(s) 'example_display_name' retrieved from /home/airflow/.local/lib/python3.12/site-packages/airflow/example_dags/example_display_name.py
[2025-07-23T08:14:41.284+0000] {logging_mixin.py:188} INFO - [2025-07-23T08:14:41.283+0000] {dag.py:3096} INFO - Sync 1 DAGs
[2025-07-23T08:14:41.323+0000] {logging_mixin.py:188} INFO - [2025-07-23T08:14:41.323+0000] {dag.py:3954} INFO - Setting next_dagrun for example_display_name to None, run_after=None
[2025-07-23T08:14:41.455+0000] {processor.py:183} INFO - Processing /home/airflow/.local/lib/python3.12/site-packages/airflow/example_dags/example_display_name.py took 0.267 seconds
[2025-07-23T08:15:12.139+0000] {processor.py:161} INFO - Started process (PID=219) to work on /home/airflow/.local/lib/python3.12/site-packages/airflow/example_dags/example_display_name.py
[2025-07-23T08:15:12.158+0000] {processor.py:830} INFO - Processing file /home/airflow/.local/lib/python3.12/site-packages/airflow/example_dags/example_display_name.py for tasks to queue
[2025-07-23T08:15:12.170+0000] {logging_mixin.py:188} INFO - [2025-07-23T08:15:12.166+0000] {dagbag.py:545} INFO - Filling up the DagBag from /home/airflow/.local/lib/python3.12/site-packages/airflow/example_dags/example_display_name.py
[2025-07-23T08:15:12.276+0000] {processor.py:840} INFO - DAG(s) 'example_display_name' retrieved from /home/airflow/.local/lib/python3.12/site-packages/airflow/example_dags/example_display_name.py
[2025-07-23T08:15:12.448+0000] {logging_mixin.py:188} INFO - [2025-07-23T08:15:12.442+0000] {dag.py:3096} INFO - Sync 1 DAGs
[2025-07-23T08:15:12.603+0000] {logging_mixin.py:188} INFO - [2025-07-23T08:15:12.592+0000] {dag.py:3954} INFO - Setting next_dagrun for example_display_name to None, run_after=None
[2025-07-23T08:15:12.823+0000] {processor.py:183} INFO - Processing /home/airflow/.local/lib/python3.12/site-packages/airflow/example_dags/example_display_name.py took 0.766 seconds
[2025-07-23T08:15:43.137+0000] {processor.py:161} INFO - Started process (PID=276) to work on /home/airflow/.local/lib/python3.12/site-packages/airflow/example_dags/example_display_name.py
[2025-07-23T08:15:43.152+0000] {processor.py:830} INFO - Processing file /home/airflow/.local/lib/python3.12/site-packages/airflow/example_dags/example_display_name.py for tasks to queue
[2025-07-23T08:15:43.158+0000] {logging_mixin.py:188} INFO - [2025-07-23T08:15:43.157+0000] {dagbag.py:545} INFO - Filling up the DagBag from /home/airflow/.local/lib/python3.12/site-packages/airflow/example_dags/example_display_name.py
[2025-07-23T08:15:43.188+0000] {processor.py:840} INFO - DAG(s) 'example_display_name' retrieved from /home/airflow/.local/lib/python3.12/site-packages/airflow/example_dags/example_display_name.py
[2025-07-23T08:15:43.323+0000] {logging_mixin.py:188} INFO - [2025-07-23T08:15:43.319+0000] {dag.py:3096} INFO - Sync 1 DAGs
[2025-07-23T08:15:43.389+0000] {logging_mixin.py:188} INFO - [2025-07-23T08:15:43.389+0000] {dag.py:3954} INFO - Setting next_dagrun for example_display_name to None, run_after=None
[2025-07-23T08:15:43.497+0000] {processor.py:183} INFO - Processing /home/airflow/.local/lib/python3.12/site-packages/airflow/example_dags/example_display_name.py took 0.409 seconds
[2025-07-23T08:16:14.698+0000] {processor.py:161} INFO - Started process (PID=334) to work on /home/airflow/.local/lib/python3.12/site-packages/airflow/example_dags/example_display_name.py
[2025-07-23T08:16:14.701+0000] {processor.py:830} INFO - Processing file /home/airflow/.local/lib/python3.12/site-packages/airflow/example_dags/example_display_name.py for tasks to queue
[2025-07-23T08:16:14.732+0000] {logging_mixin.py:188} INFO - [2025-07-23T08:16:14.731+0000] {dagbag.py:545} INFO - Filling up the DagBag from /home/airflow/.local/lib/python3.12/site-packages/airflow/example_dags/example_display_name.py
[2025-07-23T08:16:14.755+0000] {processor.py:840} INFO - DAG(s) 'example_display_name' retrieved from /home/airflow/.local/lib/python3.12/site-packages/airflow/example_dags/example_display_name.py
[2025-07-23T08:16:15.023+0000] {logging_mixin.py:188} INFO - [2025-07-23T08:16:15.021+0000] {dag.py:3096} INFO - Sync 1 DAGs
[2025-07-23T08:16:15.384+0000] {logging_mixin.py:188} INFO - [2025-07-23T08:16:15.369+0000] {dag.py:3954} INFO - Setting next_dagrun for example_display_name to None, run_after=None
[2025-07-23T08:16:15.959+0000] {processor.py:183} INFO - Processing /home/airflow/.local/lib/python3.12/site-packages/airflow/example_dags/example_display_name.py took 1.290 seconds
[2025-07-23T08:16:46.560+0000] {processor.py:161} INFO - Started process (PID=392) to work on /home/airflow/.local/lib/python3.12/site-packages/airflow/example_dags/example_display_name.py
[2025-07-23T08:16:46.565+0000] {processor.py:830} INFO - Processing file /home/airflow/.local/lib/python3.12/site-packages/airflow/example_dags/example_display_name.py for tasks to queue
[2025-07-23T08:16:46.573+0000] {logging_mixin.py:188} INFO - [2025-07-23T08:16:46.572+0000] {dagbag.py:545} INFO - Filling up the DagBag from /home/airflow/.local/lib/python3.12/site-packages/airflow/example_dags/example_display_name.py
[2025-07-23T08:16:46.619+0000] {processor.py:840} INFO - DAG(s) 'example_display_name' retrieved from /home/airflow/.local/lib/python3.12/site-packages/airflow/example_dags/example_display_name.py
[2025-07-23T08:16:46.716+0000] {logging_mixin.py:188} INFO - [2025-07-23T08:16:46.716+0000] {dag.py:3096} INFO - Sync 1 DAGs
[2025-07-23T08:16:46.773+0000] {logging_mixin.py:188} INFO - [2025-07-23T08:16:46.772+0000] {dag.py:3954} INFO - Setting next_dagrun for example_display_name to None, run_after=None
[2025-07-23T08:16:46.834+0000] {processor.py:183} INFO - Processing /home/airflow/.local/lib/python3.12/site-packages/airflow/example_dags/example_display_name.py took 0.292 seconds
[2025-07-23T08:17:18.805+0000] {processor.py:161} INFO - Started process (PID=450) to work on /home/airflow/.local/lib/python3.12/site-packages/airflow/example_dags/example_display_name.py
[2025-07-23T08:17:18.808+0000] {processor.py:830} INFO - Processing file /home/airflow/.local/lib/python3.12/site-packages/airflow/example_dags/example_display_name.py for tasks to queue
[2025-07-23T08:17:18.812+0000] {logging_mixin.py:188} INFO - [2025-07-23T08:17:18.812+0000] {dagbag.py:545} INFO - Filling up the DagBag from /home/airflow/.local/lib/python3.12/site-packages/airflow/example_dags/example_display_name.py
[2025-07-23T08:17:18.840+0000] {processor.py:840} INFO - DAG(s) 'example_display_name' retrieved from /home/airflow/.local/lib/python3.12/site-packages/airflow/example_dags/example_display_name.py
[2025-07-23T08:17:18.934+0000] {logging_mixin.py:188} INFO - [2025-07-23T08:17:18.934+0000] {dag.py:3096} INFO - Sync 1 DAGs
[2025-07-23T08:17:18.980+0000] {logging_mixin.py:188} INFO - [2025-07-23T08:17:18.979+0000] {dag.py:3954} INFO - Setting next_dagrun for example_display_name to None, run_after=None
[2025-07-23T08:17:19.073+0000] {processor.py:183} INFO - Processing /home/airflow/.local/lib/python3.12/site-packages/airflow/example_dags/example_display_name.py took 0.281 seconds
[2025-07-23T08:17:49.709+0000] {processor.py:161} INFO - Started process (PID=507) to work on /home/airflow/.local/lib/python3.12/site-packages/airflow/example_dags/example_display_name.py
[2025-07-23T08:17:49.711+0000] {processor.py:830} INFO - Processing file /home/airflow/.local/lib/python3.12/site-packages/airflow/example_dags/example_display_name.py for tasks to queue
[2025-07-23T08:17:49.716+0000] {logging_mixin.py:188} INFO - [2025-07-23T08:17:49.715+0000] {dagbag.py:545} INFO - Filling up the DagBag from /home/airflow/.local/lib/python3.12/site-packages/airflow/example_dags/example_display_name.py
[2025-07-23T08:17:49.725+0000] {processor.py:840} INFO - DAG(s) 'example_display_name' retrieved from /home/airflow/.local/lib/python3.12/site-packages/airflow/example_dags/example_display_name.py
[2025-07-23T08:17:49.835+0000] {logging_mixin.py:188} INFO - [2025-07-23T08:17:49.834+0000] {dag.py:3096} INFO - Sync 1 DAGs
[2025-07-23T08:17:49.872+0000] {logging_mixin.py:188} INFO - [2025-07-23T08:17:49.871+0000] {dag.py:3954} INFO - Setting next_dagrun for example_display_name to None, run_after=None
[2025-07-23T08:17:49.937+0000] {processor.py:183} INFO - Processing /home/airflow/.local/lib/python3.12/site-packages/airflow/example_dags/example_display_name.py took 0.240 seconds
[2025-07-23T08:18:20.555+0000] {processor.py:161} INFO - Started process (PID=563) to work on /home/airflow/.local/lib/python3.12/site-packages/airflow/example_dags/example_display_name.py
[2025-07-23T08:18:20.559+0000] {processor.py:830} INFO - Processing file /home/airflow/.local/lib/python3.12/site-packages/airflow/example_dags/example_display_name.py for tasks to queue
[2025-07-23T08:18:20.570+0000] {logging_mixin.py:188} INFO - [2025-07-23T08:18:20.568+0000] {dagbag.py:545} INFO - Filling up the DagBag from /home/airflow/.local/lib/python3.12/site-packages/airflow/example_dags/example_display_name.py
[2025-07-23T08:18:20.704+0000] {processor.py:840} INFO - DAG(s) 'example_display_name' retrieved from /home/airflow/.local/lib/python3.12/site-packages/airflow/example_dags/example_display_name.py
[2025-07-23T08:18:20.917+0000] {logging_mixin.py:188} INFO - [2025-07-23T08:18:20.917+0000] {dag.py:3096} INFO - Sync 1 DAGs
[2025-07-23T08:18:21.087+0000] {logging_mixin.py:188} INFO - [2025-07-23T08:18:21.086+0000] {dag.py:3954} INFO - Setting next_dagrun for example_display_name to None, run_after=None
[2025-07-23T08:18:21.277+0000] {processor.py:183} INFO - Processing /home/airflow/.local/lib/python3.12/site-packages/airflow/example_dags/example_display_name.py took 0.748 seconds
[2025-07-23T08:18:51.555+0000] {processor.py:161} INFO - Started process (PID=621) to work on /home/airflow/.local/lib/python3.12/site-packages/airflow/example_dags/example_display_name.py
[2025-07-23T08:18:51.559+0000] {processor.py:830} INFO - Processing file /home/airflow/.local/lib/python3.12/site-packages/airflow/example_dags/example_display_name.py for tasks to queue
[2025-07-23T08:18:51.565+0000] {logging_mixin.py:188} INFO - [2025-07-23T08:18:51.563+0000] {dagbag.py:545} INFO - Filling up the DagBag from /home/airflow/.local/lib/python3.12/site-packages/airflow/example_dags/example_display_name.py
[2025-07-23T08:18:51.584+0000] {processor.py:840} INFO - DAG(s) 'example_display_name' retrieved from /home/airflow/.local/lib/python3.12/site-packages/airflow/example_dags/example_display_name.py
[2025-07-23T08:18:51.806+0000] {logging_mixin.py:188} INFO - [2025-07-23T08:18:51.801+0000] {dag.py:3096} INFO - Sync 1 DAGs
[2025-07-23T08:18:51.921+0000] {logging_mixin.py:188} INFO - [2025-07-23T08:18:51.920+0000] {dag.py:3954} INFO - Setting next_dagrun for example_display_name to None, run_after=None
[2025-07-23T08:18:51.991+0000] {processor.py:183} INFO - Processing /home/airflow/.local/lib/python3.12/site-packages/airflow/example_dags/example_display_name.py took 0.460 seconds
[2025-07-23T08:19:27.214+0000] {processor.py:161} INFO - Started process (PID=685) to work on /home/airflow/.local/lib/python3.12/site-packages/airflow/example_dags/example_display_name.py
[2025-07-23T08:19:27.218+0000] {processor.py:830} INFO - Processing file /home/airflow/.local/lib/python3.12/site-packages/airflow/example_dags/example_display_name.py for tasks to queue
[2025-07-23T08:19:27.234+0000] {logging_mixin.py:188} INFO - [2025-07-23T08:19:27.223+0000] {dagbag.py:545} INFO - Filling up the DagBag from /home/airflow/.local/lib/python3.12/site-packages/airflow/example_dags/example_display_name.py
[2025-07-23T08:19:27.257+0000] {processor.py:840} INFO - DAG(s) 'example_display_name' retrieved from /home/airflow/.local/lib/python3.12/site-packages/airflow/example_dags/example_display_name.py
[2025-07-23T08:19:27.317+0000] {logging_mixin.py:188} INFO - [2025-07-23T08:19:27.317+0000] {dag.py:3096} INFO - Sync 1 DAGs
[2025-07-23T08:19:27.375+0000] {logging_mixin.py:188} INFO - [2025-07-23T08:19:27.374+0000] {dag.py:3954} INFO - Setting next_dagrun for example_display_name to None, run_after=None
[2025-07-23T08:19:27.471+0000] {processor.py:183} INFO - Processing /home/airflow/.local/lib/python3.12/site-packages/airflow/example_dags/example_display_name.py took 0.280 seconds
[2025-07-23T08:19:59.067+0000] {processor.py:161} INFO - Started process (PID=742) to work on /home/airflow/.local/lib/python3.12/site-packages/airflow/example_dags/example_display_name.py
[2025-07-23T08:19:59.069+0000] {processor.py:830} INFO - Processing file /home/airflow/.local/lib/python3.12/site-packages/airflow/example_dags/example_display_name.py for tasks to queue
[2025-07-23T08:19:59.088+0000] {logging_mixin.py:188} INFO - [2025-07-23T08:19:59.073+0000] {dagbag.py:545} INFO - Filling up the DagBag from /home/airflow/.local/lib/python3.12/site-packages/airflow/example_dags/example_display_name.py
[2025-07-23T08:19:59.106+0000] {processor.py:840} INFO - DAG(s) 'example_display_name' retrieved from /home/airflow/.local/lib/python3.12/site-packages/airflow/example_dags/example_display_name.py
[2025-07-23T08:19:59.221+0000] {logging_mixin.py:188} INFO - [2025-07-23T08:19:59.220+0000] {dag.py:3096} INFO - Sync 1 DAGs
[2025-07-23T08:19:59.313+0000] {logging_mixin.py:188} INFO - [2025-07-23T08:19:59.312+0000] {dag.py:3954} INFO - Setting next_dagrun for example_display_name to None, run_after=None
[2025-07-23T08:19:59.475+0000] {processor.py:183} INFO - Processing /home/airflow/.local/lib/python3.12/site-packages/airflow/example_dags/example_display_name.py took 0.466 seconds
[2025-07-23T08:20:31.498+0000] {processor.py:161} INFO - Started process (PID=801) to work on /home/airflow/.local/lib/python3.12/site-packages/airflow/example_dags/example_display_name.py
[2025-07-23T08:20:31.516+0000] {processor.py:830} INFO - Processing file /home/airflow/.local/lib/python3.12/site-packages/airflow/example_dags/example_display_name.py for tasks to queue
[2025-07-23T08:20:31.524+0000] {logging_mixin.py:188} INFO - [2025-07-23T08:20:31.523+0000] {dagbag.py:545} INFO - Filling up the DagBag from /home/airflow/.local/lib/python3.12/site-packages/airflow/example_dags/example_display_name.py
[2025-07-23T08:20:31.553+0000] {processor.py:840} INFO - DAG(s) 'example_display_name' retrieved from /home/airflow/.local/lib/python3.12/site-packages/airflow/example_dags/example_display_name.py
[2025-07-23T08:20:31.882+0000] {logging_mixin.py:188} INFO - [2025-07-23T08:20:31.882+0000] {dag.py:3096} INFO - Sync 1 DAGs
[2025-07-23T08:20:31.914+0000] {logging_mixin.py:188} INFO - [2025-07-23T08:20:31.914+0000] {dag.py:3954} INFO - Setting next_dagrun for example_display_name to None, run_after=None
[2025-07-23T08:20:31.983+0000] {processor.py:183} INFO - Processing /home/airflow/.local/lib/python3.12/site-packages/airflow/example_dags/example_display_name.py took 0.527 seconds
[2025-07-23T08:21:08.503+0000] {processor.py:161} INFO - Started process (PID=859) to work on /home/airflow/.local/lib/python3.12/site-packages/airflow/example_dags/example_display_name.py
[2025-07-23T08:21:08.508+0000] {processor.py:830} INFO - Processing file /home/airflow/.local/lib/python3.12/site-packages/airflow/example_dags/example_display_name.py for tasks to queue
[2025-07-23T08:21:08.520+0000] {logging_mixin.py:188} INFO - [2025-07-23T08:21:08.519+0000] {dagbag.py:545} INFO - Filling up the DagBag from /home/airflow/.local/lib/python3.12/site-packages/airflow/example_dags/example_display_name.py
[2025-07-23T08:21:08.564+0000] {processor.py:840} INFO - DAG(s) 'example_display_name' retrieved from /home/airflow/.local/lib/python3.12/site-packages/airflow/example_dags/example_display_name.py
[2025-07-23T08:21:08.813+0000] {logging_mixin.py:188} INFO - [2025-07-23T08:21:08.812+0000] {dag.py:3096} INFO - Sync 1 DAGs
[2025-07-23T08:21:08.939+0000] {logging_mixin.py:188} INFO - [2025-07-23T08:21:08.939+0000] {dag.py:3954} INFO - Setting next_dagrun for example_display_name to None, run_after=None
[2025-07-23T08:21:09.244+0000] {processor.py:183} INFO - Processing /home/airflow/.local/lib/python3.12/site-packages/airflow/example_dags/example_display_name.py took 0.882 seconds
[2025-07-23T08:21:43.765+0000] {processor.py:161} INFO - Started process (PID=918) to work on /home/airflow/.local/lib/python3.12/site-packages/airflow/example_dags/example_display_name.py
[2025-07-23T08:21:43.770+0000] {processor.py:830} INFO - Processing file /home/airflow/.local/lib/python3.12/site-packages/airflow/example_dags/example_display_name.py for tasks to queue
[2025-07-23T08:21:43.783+0000] {logging_mixin.py:188} INFO - [2025-07-23T08:21:43.777+0000] {dagbag.py:545} INFO - Filling up the DagBag from /home/airflow/.local/lib/python3.12/site-packages/airflow/example_dags/example_display_name.py
[2025-07-23T08:21:43.831+0000] {processor.py:840} INFO - DAG(s) 'example_display_name' retrieved from /home/airflow/.local/lib/python3.12/site-packages/airflow/example_dags/example_display_name.py
[2025-07-23T08:21:44.038+0000] {logging_mixin.py:188} INFO - [2025-07-23T08:21:44.037+0000] {dag.py:3096} INFO - Sync 1 DAGs
[2025-07-23T08:21:44.126+0000] {logging_mixin.py:188} INFO - [2025-07-23T08:21:44.125+0000] {dag.py:3954} INFO - Setting next_dagrun for example_display_name to None, run_after=None
[2025-07-23T08:21:44.281+0000] {processor.py:183} INFO - Processing /home/airflow/.local/lib/python3.12/site-packages/airflow/example_dags/example_display_name.py took 0.546 seconds
[2025-07-23T08:22:16.234+0000] {processor.py:161} INFO - Started process (PID=976) to work on /home/airflow/.local/lib/python3.12/site-packages/airflow/example_dags/example_display_name.py
[2025-07-23T08:22:16.248+0000] {processor.py:830} INFO - Processing file /home/airflow/.local/lib/python3.12/site-packages/airflow/example_dags/example_display_name.py for tasks to queue
[2025-07-23T08:22:16.252+0000] {logging_mixin.py:188} INFO - [2025-07-23T08:22:16.251+0000] {dagbag.py:545} INFO - Filling up the DagBag from /home/airflow/.local/lib/python3.12/site-packages/airflow/example_dags/example_display_name.py
[2025-07-23T08:22:16.329+0000] {processor.py:840} INFO - DAG(s) 'example_display_name' retrieved from /home/airflow/.local/lib/python3.12/site-packages/airflow/example_dags/example_display_name.py
[2025-07-23T08:22:16.451+0000] {logging_mixin.py:188} INFO - [2025-07-23T08:22:16.450+0000] {dag.py:3096} INFO - Sync 1 DAGs
[2025-07-23T08:22:16.568+0000] {logging_mixin.py:188} INFO - [2025-07-23T08:22:16.567+0000] {dag.py:3954} INFO - Setting next_dagrun for example_display_name to None, run_after=None
[2025-07-23T08:22:16.740+0000] {processor.py:183} INFO - Processing /home/airflow/.local/lib/python3.12/site-packages/airflow/example_dags/example_display_name.py took 0.532 seconds
[2025-07-23T08:22:48.969+0000] {processor.py:161} INFO - Started process (PID=1033) to work on /home/airflow/.local/lib/python3.12/site-packages/airflow/example_dags/example_display_name.py
[2025-07-23T08:22:48.981+0000] {processor.py:830} INFO - Processing file /home/airflow/.local/lib/python3.12/site-packages/airflow/example_dags/example_display_name.py for tasks to queue
[2025-07-23T08:22:49.039+0000] {logging_mixin.py:188} INFO - [2025-07-23T08:22:49.011+0000] {dagbag.py:545} INFO - Filling up the DagBag from /home/airflow/.local/lib/python3.12/site-packages/airflow/example_dags/example_display_name.py
[2025-07-23T08:22:49.120+0000] {processor.py:840} INFO - DAG(s) 'example_display_name' retrieved from /home/airflow/.local/lib/python3.12/site-packages/airflow/example_dags/example_display_name.py
[2025-07-23T08:22:49.401+0000] {logging_mixin.py:188} INFO - [2025-07-23T08:22:49.401+0000] {dag.py:3096} INFO - Sync 1 DAGs
[2025-07-23T08:22:49.594+0000] {logging_mixin.py:188} INFO - [2025-07-23T08:22:49.594+0000] {dag.py:3954} INFO - Setting next_dagrun for example_display_name to None, run_after=None
[2025-07-23T08:22:49.913+0000] {processor.py:183} INFO - Processing /home/airflow/.local/lib/python3.12/site-packages/airflow/example_dags/example_display_name.py took 0.982 seconds
[2025-07-23T08:23:40.371+0000] {processor.py:161} INFO - Started process (PID=1105) to work on /home/airflow/.local/lib/python3.12/site-packages/airflow/example_dags/example_display_name.py
[2025-07-23T08:23:40.374+0000] {processor.py:830} INFO - Processing file /home/airflow/.local/lib/python3.12/site-packages/airflow/example_dags/example_display_name.py for tasks to queue
[2025-07-23T08:23:40.381+0000] {logging_mixin.py:188} INFO - [2025-07-23T08:23:40.381+0000] {dagbag.py:545} INFO - Filling up the DagBag from /home/airflow/.local/lib/python3.12/site-packages/airflow/example_dags/example_display_name.py
[2025-07-23T08:23:40.448+0000] {processor.py:840} INFO - DAG(s) 'example_display_name' retrieved from /home/airflow/.local/lib/python3.12/site-packages/airflow/example_dags/example_display_name.py
[2025-07-23T08:23:40.690+0000] {logging_mixin.py:188} INFO - [2025-07-23T08:23:40.689+0000] {dag.py:3096} INFO - Sync 1 DAGs
[2025-07-23T08:23:40.892+0000] {logging_mixin.py:188} INFO - [2025-07-23T08:23:40.891+0000] {dag.py:3954} INFO - Setting next_dagrun for example_display_name to None, run_after=None
[2025-07-23T08:23:41.162+0000] {processor.py:183} INFO - Processing /home/airflow/.local/lib/python3.12/site-packages/airflow/example_dags/example_display_name.py took 0.857 seconds
[2025-07-23T08:24:11.505+0000] {processor.py:161} INFO - Started process (PID=1163) to work on /home/airflow/.local/lib/python3.12/site-packages/airflow/example_dags/example_display_name.py
[2025-07-23T08:24:11.507+0000] {processor.py:830} INFO - Processing file /home/airflow/.local/lib/python3.12/site-packages/airflow/example_dags/example_display_name.py for tasks to queue
[2025-07-23T08:24:11.518+0000] {logging_mixin.py:188} INFO - [2025-07-23T08:24:11.515+0000] {dagbag.py:545} INFO - Filling up the DagBag from /home/airflow/.local/lib/python3.12/site-packages/airflow/example_dags/example_display_name.py
[2025-07-23T08:24:11.558+0000] {processor.py:840} INFO - DAG(s) 'example_display_name' retrieved from /home/airflow/.local/lib/python3.12/site-packages/airflow/example_dags/example_display_name.py
[2025-07-23T08:24:11.817+0000] {logging_mixin.py:188} INFO - [2025-07-23T08:24:11.816+0000] {dag.py:3096} INFO - Sync 1 DAGs
[2025-07-23T08:24:11.917+0000] {logging_mixin.py:188} INFO - [2025-07-23T08:24:11.916+0000] {dag.py:3954} INFO - Setting next_dagrun for example_display_name to None, run_after=None
[2025-07-23T08:24:12.318+0000] {processor.py:183} INFO - Processing /home/airflow/.local/lib/python3.12/site-packages/airflow/example_dags/example_display_name.py took 0.896 seconds
[2025-07-23T08:24:42.932+0000] {processor.py:161} INFO - Started process (PID=1220) to work on /home/airflow/.local/lib/python3.12/site-packages/airflow/example_dags/example_display_name.py
[2025-07-23T08:24:42.936+0000] {processor.py:830} INFO - Processing file /home/airflow/.local/lib/python3.12/site-packages/airflow/example_dags/example_display_name.py for tasks to queue
[2025-07-23T08:24:42.945+0000] {logging_mixin.py:188} INFO - [2025-07-23T08:24:42.944+0000] {dagbag.py:545} INFO - Filling up the DagBag from /home/airflow/.local/lib/python3.12/site-packages/airflow/example_dags/example_display_name.py
[2025-07-23T08:24:42.974+0000] {processor.py:840} INFO - DAG(s) 'example_display_name' retrieved from /home/airflow/.local/lib/python3.12/site-packages/airflow/example_dags/example_display_name.py
[2025-07-23T08:24:43.034+0000] {logging_mixin.py:188} INFO - [2025-07-23T08:24:43.033+0000] {dag.py:3096} INFO - Sync 1 DAGs
[2025-07-23T08:24:43.083+0000] {logging_mixin.py:188} INFO - [2025-07-23T08:24:43.082+0000] {dag.py:3954} INFO - Setting next_dagrun for example_display_name to None, run_after=None
[2025-07-23T08:24:43.204+0000] {processor.py:183} INFO - Processing /home/airflow/.local/lib/python3.12/site-packages/airflow/example_dags/example_display_name.py took 0.308 seconds
[2025-07-23T08:25:13.619+0000] {processor.py:161} INFO - Started process (PID=1278) to work on /home/airflow/.local/lib/python3.12/site-packages/airflow/example_dags/example_display_name.py
[2025-07-23T08:25:13.662+0000] {processor.py:830} INFO - Processing file /home/airflow/.local/lib/python3.12/site-packages/airflow/example_dags/example_display_name.py for tasks to queue
[2025-07-23T08:25:13.701+0000] {logging_mixin.py:188} INFO - [2025-07-23T08:25:13.701+0000] {dagbag.py:545} INFO - Filling up the DagBag from /home/airflow/.local/lib/python3.12/site-packages/airflow/example_dags/example_display_name.py
[2025-07-23T08:25:13.722+0000] {processor.py:840} INFO - DAG(s) 'example_display_name' retrieved from /home/airflow/.local/lib/python3.12/site-packages/airflow/example_dags/example_display_name.py
[2025-07-23T08:25:13.776+0000] {logging_mixin.py:188} INFO - [2025-07-23T08:25:13.775+0000] {dag.py:3096} INFO - Sync 1 DAGs
[2025-07-23T08:25:13.807+0000] {logging_mixin.py:188} INFO - [2025-07-23T08:25:13.806+0000] {dag.py:3954} INFO - Setting next_dagrun for example_display_name to None, run_after=None
[2025-07-23T08:25:13.889+0000] {processor.py:183} INFO - Processing /home/airflow/.local/lib/python3.12/site-packages/airflow/example_dags/example_display_name.py took 0.300 seconds
[2025-07-23T08:25:44.215+0000] {processor.py:161} INFO - Started process (PID=1336) to work on /home/airflow/.local/lib/python3.12/site-packages/airflow/example_dags/example_display_name.py
[2025-07-23T08:25:44.219+0000] {processor.py:830} INFO - Processing file /home/airflow/.local/lib/python3.12/site-packages/airflow/example_dags/example_display_name.py for tasks to queue
[2025-07-23T08:25:44.223+0000] {logging_mixin.py:188} INFO - [2025-07-23T08:25:44.222+0000] {dagbag.py:545} INFO - Filling up the DagBag from /home/airflow/.local/lib/python3.12/site-packages/airflow/example_dags/example_display_name.py
[2025-07-23T08:25:44.239+0000] {processor.py:840} INFO - DAG(s) 'example_display_name' retrieved from /home/airflow/.local/lib/python3.12/site-packages/airflow/example_dags/example_display_name.py
[2025-07-23T08:25:44.294+0000] {logging_mixin.py:188} INFO - [2025-07-23T08:25:44.294+0000] {dag.py:3096} INFO - Sync 1 DAGs
[2025-07-23T08:25:44.328+0000] {logging_mixin.py:188} INFO - [2025-07-23T08:25:44.327+0000] {dag.py:3954} INFO - Setting next_dagrun for example_display_name to None, run_after=None
[2025-07-23T08:25:44.377+0000] {processor.py:183} INFO - Processing /home/airflow/.local/lib/python3.12/site-packages/airflow/example_dags/example_display_name.py took 0.179 seconds
[2025-07-23T08:26:15.478+0000] {processor.py:161} INFO - Started process (PID=1393) to work on /home/airflow/.local/lib/python3.12/site-packages/airflow/example_dags/example_display_name.py
[2025-07-23T08:26:15.480+0000] {processor.py:830} INFO - Processing file /home/airflow/.local/lib/python3.12/site-packages/airflow/example_dags/example_display_name.py for tasks to queue
[2025-07-23T08:26:15.489+0000] {logging_mixin.py:188} INFO - [2025-07-23T08:26:15.488+0000] {dagbag.py:545} INFO - Filling up the DagBag from /home/airflow/.local/lib/python3.12/site-packages/airflow/example_dags/example_display_name.py
[2025-07-23T08:26:15.506+0000] {processor.py:840} INFO - DAG(s) 'example_display_name' retrieved from /home/airflow/.local/lib/python3.12/site-packages/airflow/example_dags/example_display_name.py
[2025-07-23T08:26:15.580+0000] {logging_mixin.py:188} INFO - [2025-07-23T08:26:15.580+0000] {dag.py:3096} INFO - Sync 1 DAGs
[2025-07-23T08:26:15.632+0000] {logging_mixin.py:188} INFO - [2025-07-23T08:26:15.631+0000] {dag.py:3954} INFO - Setting next_dagrun for example_display_name to None, run_after=None
[2025-07-23T08:26:15.688+0000] {processor.py:183} INFO - Processing /home/airflow/.local/lib/python3.12/site-packages/airflow/example_dags/example_display_name.py took 0.295 seconds
[2025-07-23T08:26:46.048+0000] {processor.py:161} INFO - Started process (PID=1450) to work on /home/airflow/.local/lib/python3.12/site-packages/airflow/example_dags/example_display_name.py
[2025-07-23T08:26:46.050+0000] {processor.py:830} INFO - Processing file /home/airflow/.local/lib/python3.12/site-packages/airflow/example_dags/example_display_name.py for tasks to queue
[2025-07-23T08:26:46.053+0000] {logging_mixin.py:188} INFO - [2025-07-23T08:26:46.053+0000] {dagbag.py:545} INFO - Filling up the DagBag from /home/airflow/.local/lib/python3.12/site-packages/airflow/example_dags/example_display_name.py
[2025-07-23T08:26:46.065+0000] {processor.py:840} INFO - DAG(s) 'example_display_name' retrieved from /home/airflow/.local/lib/python3.12/site-packages/airflow/example_dags/example_display_name.py
[2025-07-23T08:26:46.113+0000] {logging_mixin.py:188} INFO - [2025-07-23T08:26:46.113+0000] {dag.py:3096} INFO - Sync 1 DAGs
[2025-07-23T08:26:46.150+0000] {logging_mixin.py:188} INFO - [2025-07-23T08:26:46.150+0000] {dag.py:3954} INFO - Setting next_dagrun for example_display_name to None, run_after=None
[2025-07-23T08:26:46.243+0000] {processor.py:183} INFO - Processing /home/airflow/.local/lib/python3.12/site-packages/airflow/example_dags/example_display_name.py took 0.207 seconds
[2025-07-23T08:27:24.538+0000] {processor.py:161} INFO - Started process (PID=1508) to work on /home/airflow/.local/lib/python3.12/site-packages/airflow/example_dags/example_display_name.py
[2025-07-23T08:27:24.568+0000] {processor.py:830} INFO - Processing file /home/airflow/.local/lib/python3.12/site-packages/airflow/example_dags/example_display_name.py for tasks to queue
[2025-07-23T08:27:24.634+0000] {logging_mixin.py:188} INFO - [2025-07-23T08:27:24.633+0000] {dagbag.py:545} INFO - Filling up the DagBag from /home/airflow/.local/lib/python3.12/site-packages/airflow/example_dags/example_display_name.py
[2025-07-23T08:27:24.750+0000] {processor.py:840} INFO - DAG(s) 'example_display_name' retrieved from /home/airflow/.local/lib/python3.12/site-packages/airflow/example_dags/example_display_name.py
[2025-07-23T08:27:25.047+0000] {logging_mixin.py:188} INFO - [2025-07-23T08:27:25.046+0000] {dag.py:3096} INFO - Sync 1 DAGs
[2025-07-23T08:27:25.225+0000] {logging_mixin.py:188} INFO - [2025-07-23T08:27:25.225+0000] {dag.py:3954} INFO - Setting next_dagrun for example_display_name to None, run_after=None
[2025-07-23T08:27:25.619+0000] {processor.py:183} INFO - Processing /home/airflow/.local/lib/python3.12/site-packages/airflow/example_dags/example_display_name.py took 1.184 seconds
[2025-07-23T08:27:56.788+0000] {processor.py:161} INFO - Started process (PID=1565) to work on /home/airflow/.local/lib/python3.12/site-packages/airflow/example_dags/example_display_name.py
[2025-07-23T08:27:56.790+0000] {processor.py:830} INFO - Processing file /home/airflow/.local/lib/python3.12/site-packages/airflow/example_dags/example_display_name.py for tasks to queue
[2025-07-23T08:27:56.799+0000] {logging_mixin.py:188} INFO - [2025-07-23T08:27:56.798+0000] {dagbag.py:545} INFO - Filling up the DagBag from /home/airflow/.local/lib/python3.12/site-packages/airflow/example_dags/example_display_name.py
[2025-07-23T08:27:56.826+0000] {processor.py:840} INFO - DAG(s) 'example_display_name' retrieved from /home/airflow/.local/lib/python3.12/site-packages/airflow/example_dags/example_display_name.py
[2025-07-23T08:27:56.951+0000] {logging_mixin.py:188} INFO - [2025-07-23T08:27:56.951+0000] {dag.py:3096} INFO - Sync 1 DAGs
[2025-07-23T08:27:57.031+0000] {logging_mixin.py:188} INFO - [2025-07-23T08:27:57.030+0000] {dag.py:3954} INFO - Setting next_dagrun for example_display_name to None, run_after=None
[2025-07-23T08:27:57.133+0000] {processor.py:183} INFO - Processing /home/airflow/.local/lib/python3.12/site-packages/airflow/example_dags/example_display_name.py took 0.364 seconds
[2025-07-23T08:28:29.773+0000] {processor.py:161} INFO - Started process (PID=1623) to work on /home/airflow/.local/lib/python3.12/site-packages/airflow/example_dags/example_display_name.py
[2025-07-23T08:28:29.797+0000] {processor.py:830} INFO - Processing file /home/airflow/.local/lib/python3.12/site-packages/airflow/example_dags/example_display_name.py for tasks to queue
[2025-07-23T08:28:29.818+0000] {logging_mixin.py:188} INFO - [2025-07-23T08:28:29.817+0000] {dagbag.py:545} INFO - Filling up the DagBag from /home/airflow/.local/lib/python3.12/site-packages/airflow/example_dags/example_display_name.py
[2025-07-23T08:28:29.860+0000] {processor.py:840} INFO - DAG(s) 'example_display_name' retrieved from /home/airflow/.local/lib/python3.12/site-packages/airflow/example_dags/example_display_name.py
[2025-07-23T08:28:30.033+0000] {logging_mixin.py:188} INFO - [2025-07-23T08:28:30.021+0000] {dag.py:3096} INFO - Sync 1 DAGs
[2025-07-23T08:28:30.155+0000] {logging_mixin.py:188} INFO - [2025-07-23T08:28:30.155+0000] {dag.py:3954} INFO - Setting next_dagrun for example_display_name to None, run_after=None
[2025-07-23T08:28:30.364+0000] {processor.py:183} INFO - Processing /home/airflow/.local/lib/python3.12/site-packages/airflow/example_dags/example_display_name.py took 0.617 seconds
[2025-07-23T08:29:00.705+0000] {processor.py:161} INFO - Started process (PID=1682) to work on /home/airflow/.local/lib/python3.12/site-packages/airflow/example_dags/example_display_name.py
[2025-07-23T08:29:00.709+0000] {processor.py:830} INFO - Processing file /home/airflow/.local/lib/python3.12/site-packages/airflow/example_dags/example_display_name.py for tasks to queue
[2025-07-23T08:29:00.713+0000] {logging_mixin.py:188} INFO - [2025-07-23T08:29:00.712+0000] {dagbag.py:545} INFO - Filling up the DagBag from /home/airflow/.local/lib/python3.12/site-packages/airflow/example_dags/example_display_name.py
[2025-07-23T08:29:00.724+0000] {processor.py:840} INFO - DAG(s) 'example_display_name' retrieved from /home/airflow/.local/lib/python3.12/site-packages/airflow/example_dags/example_display_name.py
[2025-07-23T08:29:00.809+0000] {logging_mixin.py:188} INFO - [2025-07-23T08:29:00.809+0000] {dag.py:3096} INFO - Sync 1 DAGs
[2025-07-23T08:29:00.848+0000] {logging_mixin.py:188} INFO - [2025-07-23T08:29:00.847+0000] {dag.py:3954} INFO - Setting next_dagrun for example_display_name to None, run_after=None
[2025-07-23T08:29:00.943+0000] {processor.py:183} INFO - Processing /home/airflow/.local/lib/python3.12/site-packages/airflow/example_dags/example_display_name.py took 0.251 seconds
[2025-07-23T08:29:31.184+0000] {processor.py:161} INFO - Started process (PID=1738) to work on /home/airflow/.local/lib/python3.12/site-packages/airflow/example_dags/example_display_name.py
[2025-07-23T08:29:31.202+0000] {processor.py:830} INFO - Processing file /home/airflow/.local/lib/python3.12/site-packages/airflow/example_dags/example_display_name.py for tasks to queue
[2025-07-23T08:29:31.225+0000] {logging_mixin.py:188} INFO - [2025-07-23T08:29:31.224+0000] {dagbag.py:545} INFO - Filling up the DagBag from /home/airflow/.local/lib/python3.12/site-packages/airflow/example_dags/example_display_name.py
[2025-07-23T08:29:31.277+0000] {processor.py:840} INFO - DAG(s) 'example_display_name' retrieved from /home/airflow/.local/lib/python3.12/site-packages/airflow/example_dags/example_display_name.py
[2025-07-23T08:29:31.488+0000] {logging_mixin.py:188} INFO - [2025-07-23T08:29:31.488+0000] {dag.py:3096} INFO - Sync 1 DAGs
[2025-07-23T08:29:31.527+0000] {logging_mixin.py:188} INFO - [2025-07-23T08:29:31.526+0000] {dag.py:3954} INFO - Setting next_dagrun for example_display_name to None, run_after=None
[2025-07-23T08:29:31.748+0000] {processor.py:183} INFO - Processing /home/airflow/.local/lib/python3.12/site-packages/airflow/example_dags/example_display_name.py took 0.578 seconds
[2025-07-23T08:30:02.246+0000] {processor.py:161} INFO - Started process (PID=1795) to work on /home/airflow/.local/lib/python3.12/site-packages/airflow/example_dags/example_display_name.py
[2025-07-23T08:30:02.259+0000] {processor.py:830} INFO - Processing file /home/airflow/.local/lib/python3.12/site-packages/airflow/example_dags/example_display_name.py for tasks to queue
[2025-07-23T08:30:02.273+0000] {logging_mixin.py:188} INFO - [2025-07-23T08:30:02.273+0000] {dagbag.py:545} INFO - Filling up the DagBag from /home/airflow/.local/lib/python3.12/site-packages/airflow/example_dags/example_display_name.py
[2025-07-23T08:30:02.297+0000] {processor.py:840} INFO - DAG(s) 'example_display_name' retrieved from /home/airflow/.local/lib/python3.12/site-packages/airflow/example_dags/example_display_name.py
[2025-07-23T08:30:02.412+0000] {logging_mixin.py:188} INFO - [2025-07-23T08:30:02.412+0000] {dag.py:3096} INFO - Sync 1 DAGs
[2025-07-23T08:30:02.492+0000] {logging_mixin.py:188} INFO - [2025-07-23T08:30:02.491+0000] {dag.py:3954} INFO - Setting next_dagrun for example_display_name to None, run_after=None
[2025-07-23T08:30:02.532+0000] {processor.py:183} INFO - Processing /home/airflow/.local/lib/python3.12/site-packages/airflow/example_dags/example_display_name.py took 0.359 seconds
[2025-07-23T08:30:34.126+0000] {processor.py:161} INFO - Started process (PID=1854) to work on /home/airflow/.local/lib/python3.12/site-packages/airflow/example_dags/example_display_name.py
[2025-07-23T08:30:34.128+0000] {processor.py:830} INFO - Processing file /home/airflow/.local/lib/python3.12/site-packages/airflow/example_dags/example_display_name.py for tasks to queue
[2025-07-23T08:30:34.132+0000] {logging_mixin.py:188} INFO - [2025-07-23T08:30:34.132+0000] {dagbag.py:545} INFO - Filling up the DagBag from /home/airflow/.local/lib/python3.12/site-packages/airflow/example_dags/example_display_name.py
[2025-07-23T08:30:34.158+0000] {processor.py:840} INFO - DAG(s) 'example_display_name' retrieved from /home/airflow/.local/lib/python3.12/site-packages/airflow/example_dags/example_display_name.py
[2025-07-23T08:30:34.213+0000] {logging_mixin.py:188} INFO - [2025-07-23T08:30:34.212+0000] {dag.py:3096} INFO - Sync 1 DAGs
[2025-07-23T08:30:34.246+0000] {logging_mixin.py:188} INFO - [2025-07-23T08:30:34.246+0000] {dag.py:3954} INFO - Setting next_dagrun for example_display_name to None, run_after=None
[2025-07-23T08:30:34.583+0000] {processor.py:183} INFO - Processing /home/airflow/.local/lib/python3.12/site-packages/airflow/example_dags/example_display_name.py took 0.482 seconds
[2025-07-23T08:31:05.174+0000] {processor.py:161} INFO - Started process (PID=1912) to work on /home/airflow/.local/lib/python3.12/site-packages/airflow/example_dags/example_display_name.py
[2025-07-23T08:31:05.176+0000] {processor.py:830} INFO - Processing file /home/airflow/.local/lib/python3.12/site-packages/airflow/example_dags/example_display_name.py for tasks to queue
[2025-07-23T08:31:05.181+0000] {logging_mixin.py:188} INFO - [2025-07-23T08:31:05.180+0000] {dagbag.py:545} INFO - Filling up the DagBag from /home/airflow/.local/lib/python3.12/site-packages/airflow/example_dags/example_display_name.py
[2025-07-23T08:31:05.192+0000] {processor.py:840} INFO - DAG(s) 'example_display_name' retrieved from /home/airflow/.local/lib/python3.12/site-packages/airflow/example_dags/example_display_name.py
[2025-07-23T08:31:05.257+0000] {logging_mixin.py:188} INFO - [2025-07-23T08:31:05.256+0000] {dag.py:3096} INFO - Sync 1 DAGs
[2025-07-23T08:31:05.295+0000] {logging_mixin.py:188} INFO - [2025-07-23T08:31:05.295+0000] {dag.py:3954} INFO - Setting next_dagrun for example_display_name to None, run_after=None
[2025-07-23T08:31:05.359+0000] {processor.py:183} INFO - Processing /home/airflow/.local/lib/python3.12/site-packages/airflow/example_dags/example_display_name.py took 0.198 seconds
[2025-07-23T08:31:36.062+0000] {processor.py:161} INFO - Started process (PID=1971) to work on /home/airflow/.local/lib/python3.12/site-packages/airflow/example_dags/example_display_name.py
[2025-07-23T08:31:36.067+0000] {processor.py:830} INFO - Processing file /home/airflow/.local/lib/python3.12/site-packages/airflow/example_dags/example_display_name.py for tasks to queue
[2025-07-23T08:31:36.081+0000] {logging_mixin.py:188} INFO - [2025-07-23T08:31:36.080+0000] {dagbag.py:545} INFO - Filling up the DagBag from /home/airflow/.local/lib/python3.12/site-packages/airflow/example_dags/example_display_name.py
[2025-07-23T08:31:36.100+0000] {processor.py:840} INFO - DAG(s) 'example_display_name' retrieved from /home/airflow/.local/lib/python3.12/site-packages/airflow/example_dags/example_display_name.py
[2025-07-23T08:31:36.299+0000] {logging_mixin.py:188} INFO - [2025-07-23T08:31:36.299+0000] {dag.py:3096} INFO - Sync 1 DAGs
[2025-07-23T08:31:36.348+0000] {logging_mixin.py:188} INFO - [2025-07-23T08:31:36.347+0000] {dag.py:3954} INFO - Setting next_dagrun for example_display_name to None, run_after=None
[2025-07-23T08:31:36.449+0000] {processor.py:183} INFO - Processing /home/airflow/.local/lib/python3.12/site-packages/airflow/example_dags/example_display_name.py took 0.408 seconds
[2025-07-23T08:32:09.171+0000] {processor.py:161} INFO - Started process (PID=2035) to work on /home/airflow/.local/lib/python3.12/site-packages/airflow/example_dags/example_display_name.py
[2025-07-23T08:32:09.186+0000] {processor.py:830} INFO - Processing file /home/airflow/.local/lib/python3.12/site-packages/airflow/example_dags/example_display_name.py for tasks to queue
[2025-07-23T08:32:09.204+0000] {logging_mixin.py:188} INFO - [2025-07-23T08:32:09.203+0000] {dagbag.py:545} INFO - Filling up the DagBag from /home/airflow/.local/lib/python3.12/site-packages/airflow/example_dags/example_display_name.py
[2025-07-23T08:32:09.267+0000] {processor.py:840} INFO - DAG(s) 'example_display_name' retrieved from /home/airflow/.local/lib/python3.12/site-packages/airflow/example_dags/example_display_name.py
[2025-07-23T08:32:09.484+0000] {logging_mixin.py:188} INFO - [2025-07-23T08:32:09.483+0000] {dag.py:3096} INFO - Sync 1 DAGs
[2025-07-23T08:32:09.699+0000] {logging_mixin.py:188} INFO - [2025-07-23T08:32:09.699+0000] {dag.py:3954} INFO - Setting next_dagrun for example_display_name to None, run_after=None
[2025-07-23T08:32:09.897+0000] {processor.py:183} INFO - Processing /home/airflow/.local/lib/python3.12/site-packages/airflow/example_dags/example_display_name.py took 0.791 seconds
[2025-07-23T08:35:11.017+0000] {processor.py:161} INFO - Started process (PID=111) to work on /home/airflow/.local/lib/python3.12/site-packages/airflow/example_dags/example_display_name.py
[2025-07-23T08:35:11.019+0000] {processor.py:830} INFO - Processing file /home/airflow/.local/lib/python3.12/site-packages/airflow/example_dags/example_display_name.py for tasks to queue
[2025-07-23T08:35:11.023+0000] {logging_mixin.py:188} INFO - [2025-07-23T08:35:11.022+0000] {dagbag.py:545} INFO - Filling up the DagBag from /home/airflow/.local/lib/python3.12/site-packages/airflow/example_dags/example_display_name.py
[2025-07-23T08:35:11.035+0000] {processor.py:840} INFO - DAG(s) 'example_display_name' retrieved from /home/airflow/.local/lib/python3.12/site-packages/airflow/example_dags/example_display_name.py
[2025-07-23T08:35:11.773+0000] {logging_mixin.py:188} INFO - [2025-07-23T08:35:11.772+0000] {dag.py:3096} INFO - Sync 1 DAGs
[2025-07-23T08:35:11.935+0000] {logging_mixin.py:188} INFO - [2025-07-23T08:35:11.934+0000] {dag.py:3954} INFO - Setting next_dagrun for example_display_name to None, run_after=None
[2025-07-23T08:35:12.120+0000] {processor.py:183} INFO - Processing /home/airflow/.local/lib/python3.12/site-packages/airflow/example_dags/example_display_name.py took 1.115 seconds
[2025-07-23T08:35:46.869+0000] {processor.py:161} INFO - Started process (PID=169) to work on /home/airflow/.local/lib/python3.12/site-packages/airflow/example_dags/example_display_name.py
[2025-07-23T08:35:46.878+0000] {processor.py:830} INFO - Processing file /home/airflow/.local/lib/python3.12/site-packages/airflow/example_dags/example_display_name.py for tasks to queue
[2025-07-23T08:35:46.886+0000] {logging_mixin.py:188} INFO - [2025-07-23T08:35:46.885+0000] {dagbag.py:545} INFO - Filling up the DagBag from /home/airflow/.local/lib/python3.12/site-packages/airflow/example_dags/example_display_name.py
[2025-07-23T08:35:46.920+0000] {processor.py:840} INFO - DAG(s) 'example_display_name' retrieved from /home/airflow/.local/lib/python3.12/site-packages/airflow/example_dags/example_display_name.py
[2025-07-23T08:35:47.079+0000] {logging_mixin.py:188} INFO - [2025-07-23T08:35:47.066+0000] {dag.py:3096} INFO - Sync 1 DAGs
[2025-07-23T08:35:47.156+0000] {logging_mixin.py:188} INFO - [2025-07-23T08:35:47.155+0000] {dag.py:3954} INFO - Setting next_dagrun for example_display_name to None, run_after=None
[2025-07-23T08:35:47.279+0000] {processor.py:183} INFO - Processing /home/airflow/.local/lib/python3.12/site-packages/airflow/example_dags/example_display_name.py took 0.468 seconds
[2025-07-23T08:36:17.984+0000] {processor.py:161} INFO - Started process (PID=227) to work on /home/airflow/.local/lib/python3.12/site-packages/airflow/example_dags/example_display_name.py
[2025-07-23T08:36:17.989+0000] {processor.py:830} INFO - Processing file /home/airflow/.local/lib/python3.12/site-packages/airflow/example_dags/example_display_name.py for tasks to queue
[2025-07-23T08:36:18.001+0000] {logging_mixin.py:188} INFO - [2025-07-23T08:36:17.995+0000] {dagbag.py:545} INFO - Filling up the DagBag from /home/airflow/.local/lib/python3.12/site-packages/airflow/example_dags/example_display_name.py
[2025-07-23T08:36:18.079+0000] {processor.py:840} INFO - DAG(s) 'example_display_name' retrieved from /home/airflow/.local/lib/python3.12/site-packages/airflow/example_dags/example_display_name.py
[2025-07-23T08:36:18.197+0000] {logging_mixin.py:188} INFO - [2025-07-23T08:36:18.196+0000] {dag.py:3096} INFO - Sync 1 DAGs
[2025-07-23T08:36:18.248+0000] {logging_mixin.py:188} INFO - [2025-07-23T08:36:18.247+0000] {dag.py:3954} INFO - Setting next_dagrun for example_display_name to None, run_after=None
[2025-07-23T08:36:18.334+0000] {processor.py:183} INFO - Processing /home/airflow/.local/lib/python3.12/site-packages/airflow/example_dags/example_display_name.py took 0.377 seconds
[2025-07-23T08:36:49.808+0000] {processor.py:161} INFO - Started process (PID=286) to work on /home/airflow/.local/lib/python3.12/site-packages/airflow/example_dags/example_display_name.py
[2025-07-23T08:36:49.810+0000] {processor.py:830} INFO - Processing file /home/airflow/.local/lib/python3.12/site-packages/airflow/example_dags/example_display_name.py for tasks to queue
[2025-07-23T08:36:49.815+0000] {logging_mixin.py:188} INFO - [2025-07-23T08:36:49.814+0000] {dagbag.py:545} INFO - Filling up the DagBag from /home/airflow/.local/lib/python3.12/site-packages/airflow/example_dags/example_display_name.py
[2025-07-23T08:36:49.837+0000] {processor.py:840} INFO - DAG(s) 'example_display_name' retrieved from /home/airflow/.local/lib/python3.12/site-packages/airflow/example_dags/example_display_name.py
[2025-07-23T08:36:49.984+0000] {logging_mixin.py:188} INFO - [2025-07-23T08:36:49.983+0000] {dag.py:3096} INFO - Sync 1 DAGs
[2025-07-23T08:36:50.068+0000] {logging_mixin.py:188} INFO - [2025-07-23T08:36:50.067+0000] {dag.py:3954} INFO - Setting next_dagrun for example_display_name to None, run_after=None
[2025-07-23T08:36:50.185+0000] {processor.py:183} INFO - Processing /home/airflow/.local/lib/python3.12/site-packages/airflow/example_dags/example_display_name.py took 0.394 seconds
[2025-07-23T08:37:21.493+0000] {processor.py:161} INFO - Started process (PID=345) to work on /home/airflow/.local/lib/python3.12/site-packages/airflow/example_dags/example_display_name.py
[2025-07-23T08:37:21.539+0000] {processor.py:830} INFO - Processing file /home/airflow/.local/lib/python3.12/site-packages/airflow/example_dags/example_display_name.py for tasks to queue
[2025-07-23T08:37:21.619+0000] {logging_mixin.py:188} INFO - [2025-07-23T08:37:21.618+0000] {dagbag.py:545} INFO - Filling up the DagBag from /home/airflow/.local/lib/python3.12/site-packages/airflow/example_dags/example_display_name.py
[2025-07-23T08:37:21.762+0000] {processor.py:840} INFO - DAG(s) 'example_display_name' retrieved from /home/airflow/.local/lib/python3.12/site-packages/airflow/example_dags/example_display_name.py
[2025-07-23T08:37:22.154+0000] {logging_mixin.py:188} INFO - [2025-07-23T08:37:22.150+0000] {dag.py:3096} INFO - Sync 1 DAGs
[2025-07-23T08:37:22.510+0000] {logging_mixin.py:188} INFO - [2025-07-23T08:37:22.494+0000] {dag.py:3954} INFO - Setting next_dagrun for example_display_name to None, run_after=None
[2025-07-23T08:37:22.679+0000] {processor.py:183} INFO - Processing /home/airflow/.local/lib/python3.12/site-packages/airflow/example_dags/example_display_name.py took 1.272 seconds
[2025-07-23T08:37:57.969+0000] {processor.py:161} INFO - Started process (PID=402) to work on /home/airflow/.local/lib/python3.12/site-packages/airflow/example_dags/example_display_name.py
[2025-07-23T08:37:57.972+0000] {processor.py:830} INFO - Processing file /home/airflow/.local/lib/python3.12/site-packages/airflow/example_dags/example_display_name.py for tasks to queue
[2025-07-23T08:37:58.054+0000] {logging_mixin.py:188} INFO - [2025-07-23T08:37:58.054+0000] {dagbag.py:545} INFO - Filling up the DagBag from /home/airflow/.local/lib/python3.12/site-packages/airflow/example_dags/example_display_name.py
[2025-07-23T08:37:58.148+0000] {processor.py:840} INFO - DAG(s) 'example_display_name' retrieved from /home/airflow/.local/lib/python3.12/site-packages/airflow/example_dags/example_display_name.py
[2025-07-23T08:37:58.633+0000] {logging_mixin.py:188} INFO - [2025-07-23T08:37:58.633+0000] {dag.py:3096} INFO - Sync 1 DAGs
[2025-07-23T08:37:58.871+0000] {logging_mixin.py:188} INFO - [2025-07-23T08:37:58.870+0000] {dag.py:3954} INFO - Setting next_dagrun for example_display_name to None, run_after=None
[2025-07-23T08:37:59.323+0000] {processor.py:183} INFO - Processing /home/airflow/.local/lib/python3.12/site-packages/airflow/example_dags/example_display_name.py took 1.494 seconds
[2025-07-23T08:38:53.164+0000] {processor.py:161} INFO - Started process (PID=466) to work on /home/airflow/.local/lib/python3.12/site-packages/airflow/example_dags/example_display_name.py
[2025-07-23T08:38:53.179+0000] {processor.py:830} INFO - Processing file /home/airflow/.local/lib/python3.12/site-packages/airflow/example_dags/example_display_name.py for tasks to queue
[2025-07-23T08:38:53.214+0000] {logging_mixin.py:188} INFO - [2025-07-23T08:38:53.213+0000] {dagbag.py:545} INFO - Filling up the DagBag from /home/airflow/.local/lib/python3.12/site-packages/airflow/example_dags/example_display_name.py
[2025-07-23T08:38:53.274+0000] {processor.py:840} INFO - DAG(s) 'example_display_name' retrieved from /home/airflow/.local/lib/python3.12/site-packages/airflow/example_dags/example_display_name.py
[2025-07-23T08:38:54.006+0000] {logging_mixin.py:188} INFO - [2025-07-23T08:38:53.998+0000] {dag.py:3096} INFO - Sync 1 DAGs
[2025-07-23T08:38:54.535+0000] {logging_mixin.py:188} INFO - [2025-07-23T08:38:54.535+0000] {dag.py:3954} INFO - Setting next_dagrun for example_display_name to None, run_after=None
[2025-07-23T08:38:55.095+0000] {processor.py:183} INFO - Processing /home/airflow/.local/lib/python3.12/site-packages/airflow/example_dags/example_display_name.py took 1.979 seconds
[2025-07-23T08:40:00.366+0000] {processor.py:161} INFO - Started process (PID=529) to work on /home/airflow/.local/lib/python3.12/site-packages/airflow/example_dags/example_display_name.py
[2025-07-23T08:40:00.380+0000] {processor.py:830} INFO - Processing file /home/airflow/.local/lib/python3.12/site-packages/airflow/example_dags/example_display_name.py for tasks to queue
[2025-07-23T08:40:00.395+0000] {logging_mixin.py:188} INFO - [2025-07-23T08:40:00.394+0000] {dagbag.py:545} INFO - Filling up the DagBag from /home/airflow/.local/lib/python3.12/site-packages/airflow/example_dags/example_display_name.py
[2025-07-23T08:40:00.474+0000] {processor.py:840} INFO - DAG(s) 'example_display_name' retrieved from /home/airflow/.local/lib/python3.12/site-packages/airflow/example_dags/example_display_name.py
[2025-07-23T08:40:00.973+0000] {logging_mixin.py:188} INFO - [2025-07-23T08:40:00.930+0000] {dag.py:3096} INFO - Sync 1 DAGs
[2025-07-23T08:40:01.194+0000] {logging_mixin.py:188} INFO - [2025-07-23T08:40:01.166+0000] {dag.py:3954} INFO - Setting next_dagrun for example_display_name to None, run_after=None
[2025-07-23T08:40:01.556+0000] {processor.py:183} INFO - Processing /home/airflow/.local/lib/python3.12/site-packages/airflow/example_dags/example_display_name.py took 1.238 seconds
[2025-07-23T08:40:46.972+0000] {processor.py:161} INFO - Started process (PID=595) to work on /home/airflow/.local/lib/python3.12/site-packages/airflow/example_dags/example_display_name.py
[2025-07-23T08:40:46.990+0000] {processor.py:830} INFO - Processing file /home/airflow/.local/lib/python3.12/site-packages/airflow/example_dags/example_display_name.py for tasks to queue
[2025-07-23T08:40:47.004+0000] {logging_mixin.py:188} INFO - [2025-07-23T08:40:47.003+0000] {dagbag.py:545} INFO - Filling up the DagBag from /home/airflow/.local/lib/python3.12/site-packages/airflow/example_dags/example_display_name.py
[2025-07-23T08:40:47.194+0000] {processor.py:840} INFO - DAG(s) 'example_display_name' retrieved from /home/airflow/.local/lib/python3.12/site-packages/airflow/example_dags/example_display_name.py
[2025-07-23T08:40:47.362+0000] {logging_mixin.py:188} INFO - [2025-07-23T08:40:47.361+0000] {dag.py:3096} INFO - Sync 1 DAGs
[2025-07-23T08:40:47.487+0000] {logging_mixin.py:188} INFO - [2025-07-23T08:40:47.486+0000] {dag.py:3954} INFO - Setting next_dagrun for example_display_name to None, run_after=None
[2025-07-23T08:40:47.697+0000] {processor.py:183} INFO - Processing /home/airflow/.local/lib/python3.12/site-packages/airflow/example_dags/example_display_name.py took 0.809 seconds
[2025-07-23T09:01:09.527+0000] {processor.py:161} INFO - Started process (PID=75) to work on /home/airflow/.local/lib/python3.12/site-packages/airflow/example_dags/example_display_name.py
[2025-07-23T09:01:09.583+0000] {processor.py:830} INFO - Processing file /home/airflow/.local/lib/python3.12/site-packages/airflow/example_dags/example_display_name.py for tasks to queue
[2025-07-23T09:01:09.672+0000] {logging_mixin.py:188} INFO - [2025-07-23T09:01:09.671+0000] {dagbag.py:545} INFO - Filling up the DagBag from /home/airflow/.local/lib/python3.12/site-packages/airflow/example_dags/example_display_name.py
[2025-07-23T09:01:09.836+0000] {processor.py:840} INFO - DAG(s) 'example_display_name' retrieved from /home/airflow/.local/lib/python3.12/site-packages/airflow/example_dags/example_display_name.py
[2025-07-23T09:01:10.334+0000] {logging_mixin.py:188} INFO - [2025-07-23T09:01:10.333+0000] {dag.py:3096} INFO - Sync 1 DAGs
[2025-07-23T09:01:10.510+0000] {logging_mixin.py:188} INFO - [2025-07-23T09:01:10.509+0000] {dag.py:3954} INFO - Setting next_dagrun for example_display_name to None, run_after=None
[2025-07-23T09:01:10.771+0000] {processor.py:183} INFO - Processing /home/airflow/.local/lib/python3.12/site-packages/airflow/example_dags/example_display_name.py took 1.326 seconds
[2025-07-23T09:01:49.864+0000] {processor.py:161} INFO - Started process (PID=134) to work on /home/airflow/.local/lib/python3.12/site-packages/airflow/example_dags/example_display_name.py
[2025-07-23T09:01:49.892+0000] {processor.py:830} INFO - Processing file /home/airflow/.local/lib/python3.12/site-packages/airflow/example_dags/example_display_name.py for tasks to queue
[2025-07-23T09:01:49.910+0000] {logging_mixin.py:188} INFO - [2025-07-23T09:01:49.899+0000] {dagbag.py:545} INFO - Filling up the DagBag from /home/airflow/.local/lib/python3.12/site-packages/airflow/example_dags/example_display_name.py
[2025-07-23T09:01:49.943+0000] {processor.py:840} INFO - DAG(s) 'example_display_name' retrieved from /home/airflow/.local/lib/python3.12/site-packages/airflow/example_dags/example_display_name.py
[2025-07-23T09:01:50.092+0000] {logging_mixin.py:188} INFO - [2025-07-23T09:01:50.091+0000] {dag.py:3096} INFO - Sync 1 DAGs
[2025-07-23T09:01:50.237+0000] {logging_mixin.py:188} INFO - [2025-07-23T09:01:50.236+0000] {dag.py:3954} INFO - Setting next_dagrun for example_display_name to None, run_after=None
[2025-07-23T09:01:50.461+0000] {processor.py:183} INFO - Processing /home/airflow/.local/lib/python3.12/site-packages/airflow/example_dags/example_display_name.py took 0.627 seconds
[2025-07-23T09:02:26.161+0000] {processor.py:161} INFO - Started process (PID=193) to work on /home/airflow/.local/lib/python3.12/site-packages/airflow/example_dags/example_display_name.py
[2025-07-23T09:02:26.185+0000] {processor.py:830} INFO - Processing file /home/airflow/.local/lib/python3.12/site-packages/airflow/example_dags/example_display_name.py for tasks to queue
[2025-07-23T09:02:26.192+0000] {logging_mixin.py:188} INFO - [2025-07-23T09:02:26.191+0000] {dagbag.py:545} INFO - Filling up the DagBag from /home/airflow/.local/lib/python3.12/site-packages/airflow/example_dags/example_display_name.py
[2025-07-23T09:02:26.234+0000] {processor.py:840} INFO - DAG(s) 'example_display_name' retrieved from /home/airflow/.local/lib/python3.12/site-packages/airflow/example_dags/example_display_name.py
[2025-07-23T09:02:26.354+0000] {logging_mixin.py:188} INFO - [2025-07-23T09:02:26.353+0000] {dag.py:3096} INFO - Sync 1 DAGs
[2025-07-23T09:02:26.479+0000] {logging_mixin.py:188} INFO - [2025-07-23T09:02:26.479+0000] {dag.py:3954} INFO - Setting next_dagrun for example_display_name to None, run_after=None
[2025-07-23T09:02:26.628+0000] {processor.py:183} INFO - Processing /home/airflow/.local/lib/python3.12/site-packages/airflow/example_dags/example_display_name.py took 0.518 seconds
[2025-07-23T09:03:03.314+0000] {processor.py:161} INFO - Started process (PID=254) to work on /home/airflow/.local/lib/python3.12/site-packages/airflow/example_dags/example_display_name.py
[2025-07-23T09:03:03.316+0000] {processor.py:830} INFO - Processing file /home/airflow/.local/lib/python3.12/site-packages/airflow/example_dags/example_display_name.py for tasks to queue
[2025-07-23T09:03:03.318+0000] {logging_mixin.py:188} INFO - [2025-07-23T09:03:03.317+0000] {dagbag.py:545} INFO - Filling up the DagBag from /home/airflow/.local/lib/python3.12/site-packages/airflow/example_dags/example_display_name.py
[2025-07-23T09:03:03.327+0000] {processor.py:840} INFO - DAG(s) 'example_display_name' retrieved from /home/airflow/.local/lib/python3.12/site-packages/airflow/example_dags/example_display_name.py
[2025-07-23T09:03:03.368+0000] {logging_mixin.py:188} INFO - [2025-07-23T09:03:03.367+0000] {dag.py:3096} INFO - Sync 1 DAGs
[2025-07-23T09:03:03.404+0000] {logging_mixin.py:188} INFO - [2025-07-23T09:03:03.403+0000] {dag.py:3954} INFO - Setting next_dagrun for example_display_name to None, run_after=None
[2025-07-23T09:03:03.546+0000] {processor.py:183} INFO - Processing /home/airflow/.local/lib/python3.12/site-packages/airflow/example_dags/example_display_name.py took 0.247 seconds
[2025-07-23T09:03:38.424+0000] {processor.py:161} INFO - Started process (PID=316) to work on /home/airflow/.local/lib/python3.12/site-packages/airflow/example_dags/example_display_name.py
[2025-07-23T09:03:38.425+0000] {processor.py:830} INFO - Processing file /home/airflow/.local/lib/python3.12/site-packages/airflow/example_dags/example_display_name.py for tasks to queue
[2025-07-23T09:03:38.428+0000] {logging_mixin.py:188} INFO - [2025-07-23T09:03:38.428+0000] {dagbag.py:545} INFO - Filling up the DagBag from /home/airflow/.local/lib/python3.12/site-packages/airflow/example_dags/example_display_name.py
[2025-07-23T09:03:38.445+0000] {processor.py:840} INFO - DAG(s) 'example_display_name' retrieved from /home/airflow/.local/lib/python3.12/site-packages/airflow/example_dags/example_display_name.py
[2025-07-23T09:03:38.494+0000] {logging_mixin.py:188} INFO - [2025-07-23T09:03:38.493+0000] {dag.py:3096} INFO - Sync 1 DAGs
[2025-07-23T09:03:38.533+0000] {logging_mixin.py:188} INFO - [2025-07-23T09:03:38.532+0000] {dag.py:3954} INFO - Setting next_dagrun for example_display_name to None, run_after=None
[2025-07-23T09:03:38.609+0000] {processor.py:183} INFO - Processing /home/airflow/.local/lib/python3.12/site-packages/airflow/example_dags/example_display_name.py took 0.196 seconds
[2025-07-23T09:04:14.997+0000] {processor.py:161} INFO - Started process (PID=375) to work on /home/airflow/.local/lib/python3.12/site-packages/airflow/example_dags/example_display_name.py
[2025-07-23T09:04:15.000+0000] {processor.py:830} INFO - Processing file /home/airflow/.local/lib/python3.12/site-packages/airflow/example_dags/example_display_name.py for tasks to queue
[2025-07-23T09:04:15.011+0000] {logging_mixin.py:188} INFO - [2025-07-23T09:04:15.010+0000] {dagbag.py:545} INFO - Filling up the DagBag from /home/airflow/.local/lib/python3.12/site-packages/airflow/example_dags/example_display_name.py
[2025-07-23T09:04:15.133+0000] {processor.py:840} INFO - DAG(s) 'example_display_name' retrieved from /home/airflow/.local/lib/python3.12/site-packages/airflow/example_dags/example_display_name.py
[2025-07-23T09:04:15.340+0000] {logging_mixin.py:188} INFO - [2025-07-23T09:04:15.339+0000] {dag.py:3096} INFO - Sync 1 DAGs
[2025-07-23T09:04:15.412+0000] {logging_mixin.py:188} INFO - [2025-07-23T09:04:15.411+0000] {dag.py:3954} INFO - Setting next_dagrun for example_display_name to None, run_after=None
[2025-07-23T09:04:15.672+0000] {processor.py:183} INFO - Processing /home/airflow/.local/lib/python3.12/site-packages/airflow/example_dags/example_display_name.py took 0.771 seconds
[2025-07-23T09:04:46.583+0000] {processor.py:161} INFO - Started process (PID=434) to work on /home/airflow/.local/lib/python3.12/site-packages/airflow/example_dags/example_display_name.py
[2025-07-23T09:04:46.585+0000] {processor.py:830} INFO - Processing file /home/airflow/.local/lib/python3.12/site-packages/airflow/example_dags/example_display_name.py for tasks to queue
[2025-07-23T09:04:46.587+0000] {logging_mixin.py:188} INFO - [2025-07-23T09:04:46.587+0000] {dagbag.py:545} INFO - Filling up the DagBag from /home/airflow/.local/lib/python3.12/site-packages/airflow/example_dags/example_display_name.py
[2025-07-23T09:04:46.601+0000] {processor.py:840} INFO - DAG(s) 'example_display_name' retrieved from /home/airflow/.local/lib/python3.12/site-packages/airflow/example_dags/example_display_name.py
[2025-07-23T09:04:46.646+0000] {logging_mixin.py:188} INFO - [2025-07-23T09:04:46.645+0000] {dag.py:3096} INFO - Sync 1 DAGs
[2025-07-23T09:04:46.677+0000] {logging_mixin.py:188} INFO - [2025-07-23T09:04:46.676+0000] {dag.py:3954} INFO - Setting next_dagrun for example_display_name to None, run_after=None
[2025-07-23T09:04:46.740+0000] {processor.py:183} INFO - Processing /home/airflow/.local/lib/python3.12/site-packages/airflow/example_dags/example_display_name.py took 0.175 seconds
[2025-07-23T09:05:17.003+0000] {processor.py:161} INFO - Started process (PID=486) to work on /home/airflow/.local/lib/python3.12/site-packages/airflow/example_dags/example_display_name.py
[2025-07-23T09:05:17.005+0000] {processor.py:830} INFO - Processing file /home/airflow/.local/lib/python3.12/site-packages/airflow/example_dags/example_display_name.py for tasks to queue
[2025-07-23T09:05:17.008+0000] {logging_mixin.py:188} INFO - [2025-07-23T09:05:17.007+0000] {dagbag.py:545} INFO - Filling up the DagBag from /home/airflow/.local/lib/python3.12/site-packages/airflow/example_dags/example_display_name.py
[2025-07-23T09:05:17.021+0000] {processor.py:840} INFO - DAG(s) 'example_display_name' retrieved from /home/airflow/.local/lib/python3.12/site-packages/airflow/example_dags/example_display_name.py
[2025-07-23T09:05:17.061+0000] {logging_mixin.py:188} INFO - [2025-07-23T09:05:17.060+0000] {dag.py:3096} INFO - Sync 1 DAGs
[2025-07-23T09:05:17.107+0000] {logging_mixin.py:188} INFO - [2025-07-23T09:05:17.106+0000] {dag.py:3954} INFO - Setting next_dagrun for example_display_name to None, run_after=None
[2025-07-23T09:05:17.184+0000] {processor.py:183} INFO - Processing /home/airflow/.local/lib/python3.12/site-packages/airflow/example_dags/example_display_name.py took 0.203 seconds
[2025-07-23T09:05:48.006+0000] {processor.py:161} INFO - Started process (PID=546) to work on /home/airflow/.local/lib/python3.12/site-packages/airflow/example_dags/example_display_name.py
[2025-07-23T09:05:48.009+0000] {processor.py:830} INFO - Processing file /home/airflow/.local/lib/python3.12/site-packages/airflow/example_dags/example_display_name.py for tasks to queue
[2025-07-23T09:05:48.016+0000] {logging_mixin.py:188} INFO - [2025-07-23T09:05:48.011+0000] {dagbag.py:545} INFO - Filling up the DagBag from /home/airflow/.local/lib/python3.12/site-packages/airflow/example_dags/example_display_name.py
[2025-07-23T09:05:48.051+0000] {processor.py:840} INFO - DAG(s) 'example_display_name' retrieved from /home/airflow/.local/lib/python3.12/site-packages/airflow/example_dags/example_display_name.py
[2025-07-23T09:05:48.551+0000] {logging_mixin.py:188} INFO - [2025-07-23T09:05:48.550+0000] {dag.py:3096} INFO - Sync 1 DAGs
[2025-07-23T09:05:48.598+0000] {logging_mixin.py:188} INFO - [2025-07-23T09:05:48.598+0000] {dag.py:3954} INFO - Setting next_dagrun for example_display_name to None, run_after=None
[2025-07-23T09:05:48.681+0000] {processor.py:183} INFO - Processing /home/airflow/.local/lib/python3.12/site-packages/airflow/example_dags/example_display_name.py took 0.695 seconds
[2025-07-23T09:06:18.904+0000] {processor.py:161} INFO - Started process (PID=605) to work on /home/airflow/.local/lib/python3.12/site-packages/airflow/example_dags/example_display_name.py
[2025-07-23T09:06:18.917+0000] {processor.py:830} INFO - Processing file /home/airflow/.local/lib/python3.12/site-packages/airflow/example_dags/example_display_name.py for tasks to queue
[2025-07-23T09:06:18.919+0000] {logging_mixin.py:188} INFO - [2025-07-23T09:06:18.919+0000] {dagbag.py:545} INFO - Filling up the DagBag from /home/airflow/.local/lib/python3.12/site-packages/airflow/example_dags/example_display_name.py
[2025-07-23T09:06:18.951+0000] {processor.py:840} INFO - DAG(s) 'example_display_name' retrieved from /home/airflow/.local/lib/python3.12/site-packages/airflow/example_dags/example_display_name.py
[2025-07-23T09:06:19.065+0000] {logging_mixin.py:188} INFO - [2025-07-23T09:06:19.064+0000] {dag.py:3096} INFO - Sync 1 DAGs
[2025-07-23T09:06:19.237+0000] {logging_mixin.py:188} INFO - [2025-07-23T09:06:19.236+0000] {dag.py:3954} INFO - Setting next_dagrun for example_display_name to None, run_after=None
[2025-07-23T09:06:19.358+0000] {processor.py:183} INFO - Processing /home/airflow/.local/lib/python3.12/site-packages/airflow/example_dags/example_display_name.py took 0.469 seconds
[2025-07-23T09:06:49.517+0000] {processor.py:161} INFO - Started process (PID=663) to work on /home/airflow/.local/lib/python3.12/site-packages/airflow/example_dags/example_display_name.py
[2025-07-23T09:06:49.519+0000] {processor.py:830} INFO - Processing file /home/airflow/.local/lib/python3.12/site-packages/airflow/example_dags/example_display_name.py for tasks to queue
[2025-07-23T09:06:49.521+0000] {logging_mixin.py:188} INFO - [2025-07-23T09:06:49.520+0000] {dagbag.py:545} INFO - Filling up the DagBag from /home/airflow/.local/lib/python3.12/site-packages/airflow/example_dags/example_display_name.py
[2025-07-23T09:06:49.542+0000] {processor.py:840} INFO - DAG(s) 'example_display_name' retrieved from /home/airflow/.local/lib/python3.12/site-packages/airflow/example_dags/example_display_name.py
[2025-07-23T09:06:49.600+0000] {logging_mixin.py:188} INFO - [2025-07-23T09:06:49.600+0000] {dag.py:3096} INFO - Sync 1 DAGs
[2025-07-23T09:06:49.627+0000] {logging_mixin.py:188} INFO - [2025-07-23T09:06:49.627+0000] {dag.py:3954} INFO - Setting next_dagrun for example_display_name to None, run_after=None
[2025-07-23T09:06:49.678+0000] {processor.py:183} INFO - Processing /home/airflow/.local/lib/python3.12/site-packages/airflow/example_dags/example_display_name.py took 0.173 seconds
