[2025-07-23T08:13:59.854+0000] {processor.py:161} INFO - Started process (PID=93) to work on /home/airflow/.local/lib/python3.12/site-packages/airflow/example_dags/example_python_decorator.py
[2025-07-23T08:13:59.856+0000] {processor.py:830} INFO - Processing file /home/airflow/.local/lib/python3.12/site-packages/airflow/example_dags/example_python_decorator.py for tasks to queue
[2025-07-23T08:13:59.863+0000] {logging_mixin.py:188} INFO - [2025-07-23T08:13:59.862+0000] {dagbag.py:545} INFO - Filling up the DagBag from /home/airflow/.local/lib/python3.12/site-packages/airflow/example_dags/example_python_decorator.py
[2025-07-23T08:13:59.901+0000] {processor.py:840} INFO - DAG(s) 'example_python_decorator' retrieved from /home/airflow/.local/lib/python3.12/site-packages/airflow/example_dags/example_python_decorator.py
[2025-07-23T08:14:00.306+0000] {logging_mixin.py:188} INFO - [2025-07-23T08:14:00.305+0000] {dag.py:3096} INFO - Sync 1 DAGs
[2025-07-23T08:14:00.363+0000] {logging_mixin.py:188} INFO - [2025-07-23T08:14:00.363+0000] {dag.py:3954} INFO - Setting next_dagrun for example_python_decorator to None, run_after=None
[2025-07-23T08:14:00.504+0000] {processor.py:183} INFO - Processing /home/airflow/.local/lib/python3.12/site-packages/airflow/example_dags/example_python_decorator.py took 0.667 seconds
[2025-07-23T08:14:32.164+0000] {processor.py:161} INFO - Started process (PID=150) to work on /home/airflow/.local/lib/python3.12/site-packages/airflow/example_dags/example_python_decorator.py
[2025-07-23T08:14:32.171+0000] {processor.py:830} INFO - Processing file /home/airflow/.local/lib/python3.12/site-packages/airflow/example_dags/example_python_decorator.py for tasks to queue
[2025-07-23T08:14:32.183+0000] {logging_mixin.py:188} INFO - [2025-07-23T08:14:32.181+0000] {dagbag.py:545} INFO - Filling up the DagBag from /home/airflow/.local/lib/python3.12/site-packages/airflow/example_dags/example_python_decorator.py
[2025-07-23T08:14:32.258+0000] {processor.py:840} INFO - DAG(s) 'example_python_decorator' retrieved from /home/airflow/.local/lib/python3.12/site-packages/airflow/example_dags/example_python_decorator.py
[2025-07-23T08:14:32.318+0000] {logging_mixin.py:188} INFO - [2025-07-23T08:14:32.317+0000] {dag.py:3096} INFO - Sync 1 DAGs
[2025-07-23T08:14:32.363+0000] {logging_mixin.py:188} INFO - [2025-07-23T08:14:32.363+0000] {dag.py:3954} INFO - Setting next_dagrun for example_python_decorator to None, run_after=None
[2025-07-23T08:14:32.476+0000] {processor.py:183} INFO - Processing /home/airflow/.local/lib/python3.12/site-packages/airflow/example_dags/example_python_decorator.py took 0.367 seconds
[2025-07-23T08:15:03.044+0000] {processor.py:161} INFO - Started process (PID=208) to work on /home/airflow/.local/lib/python3.12/site-packages/airflow/example_dags/example_python_decorator.py
[2025-07-23T08:15:03.057+0000] {processor.py:830} INFO - Processing file /home/airflow/.local/lib/python3.12/site-packages/airflow/example_dags/example_python_decorator.py for tasks to queue
[2025-07-23T08:15:03.080+0000] {logging_mixin.py:188} INFO - [2025-07-23T08:15:03.061+0000] {dagbag.py:545} INFO - Filling up the DagBag from /home/airflow/.local/lib/python3.12/site-packages/airflow/example_dags/example_python_decorator.py
[2025-07-23T08:15:03.172+0000] {processor.py:840} INFO - DAG(s) 'example_python_decorator' retrieved from /home/airflow/.local/lib/python3.12/site-packages/airflow/example_dags/example_python_decorator.py
[2025-07-23T08:15:03.268+0000] {logging_mixin.py:188} INFO - [2025-07-23T08:15:03.267+0000] {dag.py:3096} INFO - Sync 1 DAGs
[2025-07-23T08:15:03.321+0000] {logging_mixin.py:188} INFO - [2025-07-23T08:15:03.321+0000] {dag.py:3954} INFO - Setting next_dagrun for example_python_decorator to None, run_after=None
[2025-07-23T08:15:03.390+0000] {processor.py:183} INFO - Processing /home/airflow/.local/lib/python3.12/site-packages/airflow/example_dags/example_python_decorator.py took 0.384 seconds
[2025-07-23T08:15:33.644+0000] {processor.py:161} INFO - Started process (PID=264) to work on /home/airflow/.local/lib/python3.12/site-packages/airflow/example_dags/example_python_decorator.py
[2025-07-23T08:15:33.646+0000] {processor.py:830} INFO - Processing file /home/airflow/.local/lib/python3.12/site-packages/airflow/example_dags/example_python_decorator.py for tasks to queue
[2025-07-23T08:15:33.652+0000] {logging_mixin.py:188} INFO - [2025-07-23T08:15:33.651+0000] {dagbag.py:545} INFO - Filling up the DagBag from /home/airflow/.local/lib/python3.12/site-packages/airflow/example_dags/example_python_decorator.py
[2025-07-23T08:15:33.733+0000] {processor.py:840} INFO - DAG(s) 'example_python_decorator' retrieved from /home/airflow/.local/lib/python3.12/site-packages/airflow/example_dags/example_python_decorator.py
[2025-07-23T08:15:33.906+0000] {logging_mixin.py:188} INFO - [2025-07-23T08:15:33.901+0000] {dag.py:3096} INFO - Sync 1 DAGs
[2025-07-23T08:15:34.012+0000] {logging_mixin.py:188} INFO - [2025-07-23T08:15:34.012+0000] {dag.py:3954} INFO - Setting next_dagrun for example_python_decorator to None, run_after=None
[2025-07-23T08:15:34.181+0000] {processor.py:183} INFO - Processing /home/airflow/.local/lib/python3.12/site-packages/airflow/example_dags/example_python_decorator.py took 0.565 seconds
[2025-07-23T08:16:04.548+0000] {processor.py:161} INFO - Started process (PID=322) to work on /home/airflow/.local/lib/python3.12/site-packages/airflow/example_dags/example_python_decorator.py
[2025-07-23T08:16:04.559+0000] {processor.py:830} INFO - Processing file /home/airflow/.local/lib/python3.12/site-packages/airflow/example_dags/example_python_decorator.py for tasks to queue
[2025-07-23T08:16:04.563+0000] {logging_mixin.py:188} INFO - [2025-07-23T08:16:04.562+0000] {dagbag.py:545} INFO - Filling up the DagBag from /home/airflow/.local/lib/python3.12/site-packages/airflow/example_dags/example_python_decorator.py
[2025-07-23T08:16:04.638+0000] {processor.py:840} INFO - DAG(s) 'example_python_decorator' retrieved from /home/airflow/.local/lib/python3.12/site-packages/airflow/example_dags/example_python_decorator.py
[2025-07-23T08:16:04.823+0000] {logging_mixin.py:188} INFO - [2025-07-23T08:16:04.822+0000] {dag.py:3096} INFO - Sync 1 DAGs
[2025-07-23T08:16:04.908+0000] {logging_mixin.py:188} INFO - [2025-07-23T08:16:04.907+0000] {dag.py:3954} INFO - Setting next_dagrun for example_python_decorator to None, run_after=None
[2025-07-23T08:16:05.187+0000] {processor.py:183} INFO - Processing /home/airflow/.local/lib/python3.12/site-packages/airflow/example_dags/example_python_decorator.py took 0.683 seconds
[2025-07-23T08:16:40.403+0000] {processor.py:161} INFO - Started process (PID=379) to work on /home/airflow/.local/lib/python3.12/site-packages/airflow/example_dags/example_python_decorator.py
[2025-07-23T08:16:40.410+0000] {processor.py:830} INFO - Processing file /home/airflow/.local/lib/python3.12/site-packages/airflow/example_dags/example_python_decorator.py for tasks to queue
[2025-07-23T08:16:40.432+0000] {logging_mixin.py:188} INFO - [2025-07-23T08:16:40.429+0000] {dagbag.py:545} INFO - Filling up the DagBag from /home/airflow/.local/lib/python3.12/site-packages/airflow/example_dags/example_python_decorator.py
[2025-07-23T08:16:40.544+0000] {processor.py:840} INFO - DAG(s) 'example_python_decorator' retrieved from /home/airflow/.local/lib/python3.12/site-packages/airflow/example_dags/example_python_decorator.py
[2025-07-23T08:16:40.660+0000] {logging_mixin.py:188} INFO - [2025-07-23T08:16:40.659+0000] {dag.py:3096} INFO - Sync 1 DAGs
[2025-07-23T08:16:40.702+0000] {logging_mixin.py:188} INFO - [2025-07-23T08:16:40.701+0000] {dag.py:3954} INFO - Setting next_dagrun for example_python_decorator to None, run_after=None
[2025-07-23T08:16:40.799+0000] {processor.py:183} INFO - Processing /home/airflow/.local/lib/python3.12/site-packages/airflow/example_dags/example_python_decorator.py took 0.411 seconds
[2025-07-23T08:17:11.964+0000] {processor.py:161} INFO - Started process (PID=437) to work on /home/airflow/.local/lib/python3.12/site-packages/airflow/example_dags/example_python_decorator.py
[2025-07-23T08:17:11.972+0000] {processor.py:830} INFO - Processing file /home/airflow/.local/lib/python3.12/site-packages/airflow/example_dags/example_python_decorator.py for tasks to queue
[2025-07-23T08:17:11.987+0000] {logging_mixin.py:188} INFO - [2025-07-23T08:17:11.985+0000] {dagbag.py:545} INFO - Filling up the DagBag from /home/airflow/.local/lib/python3.12/site-packages/airflow/example_dags/example_python_decorator.py
[2025-07-23T08:17:12.043+0000] {processor.py:840} INFO - DAG(s) 'example_python_decorator' retrieved from /home/airflow/.local/lib/python3.12/site-packages/airflow/example_dags/example_python_decorator.py
[2025-07-23T08:17:12.121+0000] {logging_mixin.py:188} INFO - [2025-07-23T08:17:12.120+0000] {dag.py:3096} INFO - Sync 1 DAGs
[2025-07-23T08:17:12.164+0000] {logging_mixin.py:188} INFO - [2025-07-23T08:17:12.164+0000] {dag.py:3954} INFO - Setting next_dagrun for example_python_decorator to None, run_after=None
[2025-07-23T08:17:12.216+0000] {processor.py:183} INFO - Processing /home/airflow/.local/lib/python3.12/site-packages/airflow/example_dags/example_python_decorator.py took 0.284 seconds
[2025-07-23T08:17:42.471+0000] {processor.py:161} INFO - Started process (PID=494) to work on /home/airflow/.local/lib/python3.12/site-packages/airflow/example_dags/example_python_decorator.py
[2025-07-23T08:17:42.477+0000] {processor.py:830} INFO - Processing file /home/airflow/.local/lib/python3.12/site-packages/airflow/example_dags/example_python_decorator.py for tasks to queue
[2025-07-23T08:17:42.483+0000] {logging_mixin.py:188} INFO - [2025-07-23T08:17:42.482+0000] {dagbag.py:545} INFO - Filling up the DagBag from /home/airflow/.local/lib/python3.12/site-packages/airflow/example_dags/example_python_decorator.py
[2025-07-23T08:17:42.533+0000] {processor.py:840} INFO - DAG(s) 'example_python_decorator' retrieved from /home/airflow/.local/lib/python3.12/site-packages/airflow/example_dags/example_python_decorator.py
[2025-07-23T08:17:42.583+0000] {logging_mixin.py:188} INFO - [2025-07-23T08:17:42.582+0000] {dag.py:3096} INFO - Sync 1 DAGs
[2025-07-23T08:17:42.614+0000] {logging_mixin.py:188} INFO - [2025-07-23T08:17:42.613+0000] {dag.py:3954} INFO - Setting next_dagrun for example_python_decorator to None, run_after=None
[2025-07-23T08:17:42.671+0000] {processor.py:183} INFO - Processing /home/airflow/.local/lib/python3.12/site-packages/airflow/example_dags/example_python_decorator.py took 0.221 seconds
[2025-07-23T08:18:13.312+0000] {processor.py:161} INFO - Started process (PID=552) to work on /home/airflow/.local/lib/python3.12/site-packages/airflow/example_dags/example_python_decorator.py
[2025-07-23T08:18:13.326+0000] {processor.py:830} INFO - Processing file /home/airflow/.local/lib/python3.12/site-packages/airflow/example_dags/example_python_decorator.py for tasks to queue
[2025-07-23T08:18:13.331+0000] {logging_mixin.py:188} INFO - [2025-07-23T08:18:13.330+0000] {dagbag.py:545} INFO - Filling up the DagBag from /home/airflow/.local/lib/python3.12/site-packages/airflow/example_dags/example_python_decorator.py
[2025-07-23T08:18:13.379+0000] {processor.py:840} INFO - DAG(s) 'example_python_decorator' retrieved from /home/airflow/.local/lib/python3.12/site-packages/airflow/example_dags/example_python_decorator.py
[2025-07-23T08:18:13.465+0000] {logging_mixin.py:188} INFO - [2025-07-23T08:18:13.464+0000] {dag.py:3096} INFO - Sync 1 DAGs
[2025-07-23T08:18:13.520+0000] {logging_mixin.py:188} INFO - [2025-07-23T08:18:13.519+0000] {dag.py:3954} INFO - Setting next_dagrun for example_python_decorator to None, run_after=None
[2025-07-23T08:18:13.563+0000] {processor.py:183} INFO - Processing /home/airflow/.local/lib/python3.12/site-packages/airflow/example_dags/example_python_decorator.py took 0.264 seconds
[2025-07-23T08:18:44.879+0000] {processor.py:161} INFO - Started process (PID=610) to work on /home/airflow/.local/lib/python3.12/site-packages/airflow/example_dags/example_python_decorator.py
[2025-07-23T08:18:44.881+0000] {processor.py:830} INFO - Processing file /home/airflow/.local/lib/python3.12/site-packages/airflow/example_dags/example_python_decorator.py for tasks to queue
[2025-07-23T08:18:44.885+0000] {logging_mixin.py:188} INFO - [2025-07-23T08:18:44.885+0000] {dagbag.py:545} INFO - Filling up the DagBag from /home/airflow/.local/lib/python3.12/site-packages/airflow/example_dags/example_python_decorator.py
[2025-07-23T08:18:44.933+0000] {processor.py:840} INFO - DAG(s) 'example_python_decorator' retrieved from /home/airflow/.local/lib/python3.12/site-packages/airflow/example_dags/example_python_decorator.py
[2025-07-23T08:18:45.068+0000] {logging_mixin.py:188} INFO - [2025-07-23T08:18:45.067+0000] {dag.py:3096} INFO - Sync 1 DAGs
[2025-07-23T08:18:45.104+0000] {logging_mixin.py:188} INFO - [2025-07-23T08:18:45.104+0000] {dag.py:3954} INFO - Setting next_dagrun for example_python_decorator to None, run_after=None
[2025-07-23T08:18:45.230+0000] {processor.py:183} INFO - Processing /home/airflow/.local/lib/python3.12/site-packages/airflow/example_dags/example_python_decorator.py took 0.363 seconds
[2025-07-23T08:19:22.492+0000] {processor.py:161} INFO - Started process (PID=668) to work on /home/airflow/.local/lib/python3.12/site-packages/airflow/example_dags/example_python_decorator.py
[2025-07-23T08:19:22.494+0000] {processor.py:830} INFO - Processing file /home/airflow/.local/lib/python3.12/site-packages/airflow/example_dags/example_python_decorator.py for tasks to queue
[2025-07-23T08:19:22.513+0000] {logging_mixin.py:188} INFO - [2025-07-23T08:19:22.511+0000] {dagbag.py:545} INFO - Filling up the DagBag from /home/airflow/.local/lib/python3.12/site-packages/airflow/example_dags/example_python_decorator.py
[2025-07-23T08:19:22.620+0000] {processor.py:840} INFO - DAG(s) 'example_python_decorator' retrieved from /home/airflow/.local/lib/python3.12/site-packages/airflow/example_dags/example_python_decorator.py
[2025-07-23T08:19:22.802+0000] {logging_mixin.py:188} INFO - [2025-07-23T08:19:22.802+0000] {dag.py:3096} INFO - Sync 1 DAGs
[2025-07-23T08:19:22.884+0000] {logging_mixin.py:188} INFO - [2025-07-23T08:19:22.884+0000] {dag.py:3954} INFO - Setting next_dagrun for example_python_decorator to None, run_after=None
[2025-07-23T08:19:23.052+0000] {processor.py:183} INFO - Processing /home/airflow/.local/lib/python3.12/site-packages/airflow/example_dags/example_python_decorator.py took 0.617 seconds
[2025-07-23T08:19:53.307+0000] {processor.py:161} INFO - Started process (PID=726) to work on /home/airflow/.local/lib/python3.12/site-packages/airflow/example_dags/example_python_decorator.py
[2025-07-23T08:19:53.317+0000] {processor.py:830} INFO - Processing file /home/airflow/.local/lib/python3.12/site-packages/airflow/example_dags/example_python_decorator.py for tasks to queue
[2025-07-23T08:19:53.331+0000] {logging_mixin.py:188} INFO - [2025-07-23T08:19:53.330+0000] {dagbag.py:545} INFO - Filling up the DagBag from /home/airflow/.local/lib/python3.12/site-packages/airflow/example_dags/example_python_decorator.py
[2025-07-23T08:19:53.454+0000] {processor.py:840} INFO - DAG(s) 'example_python_decorator' retrieved from /home/airflow/.local/lib/python3.12/site-packages/airflow/example_dags/example_python_decorator.py
[2025-07-23T08:19:53.542+0000] {logging_mixin.py:188} INFO - [2025-07-23T08:19:53.541+0000] {dag.py:3096} INFO - Sync 1 DAGs
[2025-07-23T08:19:53.655+0000] {logging_mixin.py:188} INFO - [2025-07-23T08:19:53.655+0000] {dag.py:3954} INFO - Setting next_dagrun for example_python_decorator to None, run_after=None
[2025-07-23T08:19:53.777+0000] {processor.py:183} INFO - Processing /home/airflow/.local/lib/python3.12/site-packages/airflow/example_dags/example_python_decorator.py took 0.495 seconds
[2025-07-23T08:20:24.662+0000] {processor.py:161} INFO - Started process (PID=783) to work on /home/airflow/.local/lib/python3.12/site-packages/airflow/example_dags/example_python_decorator.py
[2025-07-23T08:20:24.678+0000] {processor.py:830} INFO - Processing file /home/airflow/.local/lib/python3.12/site-packages/airflow/example_dags/example_python_decorator.py for tasks to queue
[2025-07-23T08:20:24.689+0000] {logging_mixin.py:188} INFO - [2025-07-23T08:20:24.688+0000] {dagbag.py:545} INFO - Filling up the DagBag from /home/airflow/.local/lib/python3.12/site-packages/airflow/example_dags/example_python_decorator.py
[2025-07-23T08:20:24.955+0000] {processor.py:840} INFO - DAG(s) 'example_python_decorator' retrieved from /home/airflow/.local/lib/python3.12/site-packages/airflow/example_dags/example_python_decorator.py
[2025-07-23T08:20:25.604+0000] {logging_mixin.py:188} INFO - [2025-07-23T08:20:25.604+0000] {dag.py:3096} INFO - Sync 1 DAGs
[2025-07-23T08:20:25.653+0000] {logging_mixin.py:188} INFO - [2025-07-23T08:20:25.653+0000] {dag.py:3954} INFO - Setting next_dagrun for example_python_decorator to None, run_after=None
[2025-07-23T08:20:25.765+0000] {processor.py:183} INFO - Processing /home/airflow/.local/lib/python3.12/site-packages/airflow/example_dags/example_python_decorator.py took 1.208 seconds
[2025-07-23T08:21:00.468+0000] {processor.py:161} INFO - Started process (PID=847) to work on /home/airflow/.local/lib/python3.12/site-packages/airflow/example_dags/example_python_decorator.py
[2025-07-23T08:21:00.484+0000] {processor.py:830} INFO - Processing file /home/airflow/.local/lib/python3.12/site-packages/airflow/example_dags/example_python_decorator.py for tasks to queue
[2025-07-23T08:21:00.493+0000] {logging_mixin.py:188} INFO - [2025-07-23T08:21:00.492+0000] {dagbag.py:545} INFO - Filling up the DagBag from /home/airflow/.local/lib/python3.12/site-packages/airflow/example_dags/example_python_decorator.py
[2025-07-23T08:21:00.583+0000] {processor.py:840} INFO - DAG(s) 'example_python_decorator' retrieved from /home/airflow/.local/lib/python3.12/site-packages/airflow/example_dags/example_python_decorator.py
[2025-07-23T08:21:00.709+0000] {logging_mixin.py:188} INFO - [2025-07-23T08:21:00.709+0000] {dag.py:3096} INFO - Sync 1 DAGs
[2025-07-23T08:21:00.872+0000] {logging_mixin.py:188} INFO - [2025-07-23T08:21:00.871+0000] {dag.py:3954} INFO - Setting next_dagrun for example_python_decorator to None, run_after=None
[2025-07-23T08:21:01.023+0000] {processor.py:183} INFO - Processing /home/airflow/.local/lib/python3.12/site-packages/airflow/example_dags/example_python_decorator.py took 0.589 seconds
[2025-07-23T08:21:33.393+0000] {processor.py:161} INFO - Started process (PID=904) to work on /home/airflow/.local/lib/python3.12/site-packages/airflow/example_dags/example_python_decorator.py
[2025-07-23T08:21:33.409+0000] {processor.py:830} INFO - Processing file /home/airflow/.local/lib/python3.12/site-packages/airflow/example_dags/example_python_decorator.py for tasks to queue
[2025-07-23T08:21:33.418+0000] {logging_mixin.py:188} INFO - [2025-07-23T08:21:33.417+0000] {dagbag.py:545} INFO - Filling up the DagBag from /home/airflow/.local/lib/python3.12/site-packages/airflow/example_dags/example_python_decorator.py
[2025-07-23T08:21:33.730+0000] {processor.py:840} INFO - DAG(s) 'example_python_decorator' retrieved from /home/airflow/.local/lib/python3.12/site-packages/airflow/example_dags/example_python_decorator.py
[2025-07-23T08:21:33.962+0000] {logging_mixin.py:188} INFO - [2025-07-23T08:21:33.961+0000] {dag.py:3096} INFO - Sync 1 DAGs
[2025-07-23T08:21:34.074+0000] {logging_mixin.py:188} INFO - [2025-07-23T08:21:34.073+0000] {dag.py:3954} INFO - Setting next_dagrun for example_python_decorator to None, run_after=None
[2025-07-23T08:21:34.411+0000] {processor.py:183} INFO - Processing /home/airflow/.local/lib/python3.12/site-packages/airflow/example_dags/example_python_decorator.py took 1.038 seconds
[2025-07-23T08:22:05.060+0000] {processor.py:161} INFO - Started process (PID=962) to work on /home/airflow/.local/lib/python3.12/site-packages/airflow/example_dags/example_python_decorator.py
[2025-07-23T08:22:05.061+0000] {processor.py:830} INFO - Processing file /home/airflow/.local/lib/python3.12/site-packages/airflow/example_dags/example_python_decorator.py for tasks to queue
[2025-07-23T08:22:05.104+0000] {logging_mixin.py:188} INFO - [2025-07-23T08:22:05.103+0000] {dagbag.py:545} INFO - Filling up the DagBag from /home/airflow/.local/lib/python3.12/site-packages/airflow/example_dags/example_python_decorator.py
[2025-07-23T08:22:05.172+0000] {processor.py:840} INFO - DAG(s) 'example_python_decorator' retrieved from /home/airflow/.local/lib/python3.12/site-packages/airflow/example_dags/example_python_decorator.py
[2025-07-23T08:22:05.287+0000] {logging_mixin.py:188} INFO - [2025-07-23T08:22:05.277+0000] {dag.py:3096} INFO - Sync 1 DAGs
[2025-07-23T08:22:05.329+0000] {logging_mixin.py:188} INFO - [2025-07-23T08:22:05.328+0000] {dag.py:3954} INFO - Setting next_dagrun for example_python_decorator to None, run_after=None
[2025-07-23T08:22:05.441+0000] {processor.py:183} INFO - Processing /home/airflow/.local/lib/python3.12/site-packages/airflow/example_dags/example_python_decorator.py took 0.459 seconds
[2025-07-23T08:22:36.136+0000] {processor.py:161} INFO - Started process (PID=1019) to work on /home/airflow/.local/lib/python3.12/site-packages/airflow/example_dags/example_python_decorator.py
[2025-07-23T08:22:36.138+0000] {processor.py:830} INFO - Processing file /home/airflow/.local/lib/python3.12/site-packages/airflow/example_dags/example_python_decorator.py for tasks to queue
[2025-07-23T08:22:36.153+0000] {logging_mixin.py:188} INFO - [2025-07-23T08:22:36.152+0000] {dagbag.py:545} INFO - Filling up the DagBag from /home/airflow/.local/lib/python3.12/site-packages/airflow/example_dags/example_python_decorator.py
[2025-07-23T08:22:36.244+0000] {processor.py:840} INFO - DAG(s) 'example_python_decorator' retrieved from /home/airflow/.local/lib/python3.12/site-packages/airflow/example_dags/example_python_decorator.py
[2025-07-23T08:22:36.366+0000] {logging_mixin.py:188} INFO - [2025-07-23T08:22:36.365+0000] {dag.py:3096} INFO - Sync 1 DAGs
[2025-07-23T08:22:36.525+0000] {logging_mixin.py:188} INFO - [2025-07-23T08:22:36.524+0000] {dag.py:3954} INFO - Setting next_dagrun for example_python_decorator to None, run_after=None
[2025-07-23T08:22:36.714+0000] {processor.py:183} INFO - Processing /home/airflow/.local/lib/python3.12/site-packages/airflow/example_dags/example_python_decorator.py took 0.610 seconds
[2025-07-23T08:23:16.117+0000] {processor.py:161} INFO - Started process (PID=1077) to work on /home/airflow/.local/lib/python3.12/site-packages/airflow/example_dags/example_python_decorator.py
[2025-07-23T08:23:16.119+0000] {processor.py:830} INFO - Processing file /home/airflow/.local/lib/python3.12/site-packages/airflow/example_dags/example_python_decorator.py for tasks to queue
[2025-07-23T08:23:16.150+0000] {logging_mixin.py:188} INFO - [2025-07-23T08:23:16.149+0000] {dagbag.py:545} INFO - Filling up the DagBag from /home/airflow/.local/lib/python3.12/site-packages/airflow/example_dags/example_python_decorator.py
[2025-07-23T08:23:16.278+0000] {processor.py:840} INFO - DAG(s) 'example_python_decorator' retrieved from /home/airflow/.local/lib/python3.12/site-packages/airflow/example_dags/example_python_decorator.py
[2025-07-23T08:23:16.649+0000] {logging_mixin.py:188} INFO - [2025-07-23T08:23:16.649+0000] {dag.py:3096} INFO - Sync 1 DAGs
[2025-07-23T08:23:16.800+0000] {logging_mixin.py:188} INFO - [2025-07-23T08:23:16.800+0000] {dag.py:3954} INFO - Setting next_dagrun for example_python_decorator to None, run_after=None
[2025-07-23T08:23:17.006+0000] {processor.py:183} INFO - Processing /home/airflow/.local/lib/python3.12/site-packages/airflow/example_dags/example_python_decorator.py took 0.938 seconds
[2025-07-23T08:23:56.365+0000] {processor.py:161} INFO - Started process (PID=1136) to work on /home/airflow/.local/lib/python3.12/site-packages/airflow/example_dags/example_python_decorator.py
[2025-07-23T08:23:56.366+0000] {processor.py:830} INFO - Processing file /home/airflow/.local/lib/python3.12/site-packages/airflow/example_dags/example_python_decorator.py for tasks to queue
[2025-07-23T08:23:56.370+0000] {logging_mixin.py:188} INFO - [2025-07-23T08:23:56.369+0000] {dagbag.py:545} INFO - Filling up the DagBag from /home/airflow/.local/lib/python3.12/site-packages/airflow/example_dags/example_python_decorator.py
[2025-07-23T08:23:56.501+0000] {processor.py:840} INFO - DAG(s) 'example_python_decorator' retrieved from /home/airflow/.local/lib/python3.12/site-packages/airflow/example_dags/example_python_decorator.py
[2025-07-23T08:23:56.733+0000] {logging_mixin.py:188} INFO - [2025-07-23T08:23:56.732+0000] {dag.py:3096} INFO - Sync 1 DAGs
[2025-07-23T08:23:56.811+0000] {logging_mixin.py:188} INFO - [2025-07-23T08:23:56.811+0000] {dag.py:3954} INFO - Setting next_dagrun for example_python_decorator to None, run_after=None
[2025-07-23T08:23:57.293+0000] {processor.py:183} INFO - Processing /home/airflow/.local/lib/python3.12/site-packages/airflow/example_dags/example_python_decorator.py took 0.953 seconds
[2025-07-23T08:24:27.566+0000] {processor.py:161} INFO - Started process (PID=1194) to work on /home/airflow/.local/lib/python3.12/site-packages/airflow/example_dags/example_python_decorator.py
[2025-07-23T08:24:27.568+0000] {processor.py:830} INFO - Processing file /home/airflow/.local/lib/python3.12/site-packages/airflow/example_dags/example_python_decorator.py for tasks to queue
[2025-07-23T08:24:27.574+0000] {logging_mixin.py:188} INFO - [2025-07-23T08:24:27.573+0000] {dagbag.py:545} INFO - Filling up the DagBag from /home/airflow/.local/lib/python3.12/site-packages/airflow/example_dags/example_python_decorator.py
[2025-07-23T08:24:27.639+0000] {processor.py:840} INFO - DAG(s) 'example_python_decorator' retrieved from /home/airflow/.local/lib/python3.12/site-packages/airflow/example_dags/example_python_decorator.py
[2025-07-23T08:24:27.719+0000] {logging_mixin.py:188} INFO - [2025-07-23T08:24:27.717+0000] {dag.py:3096} INFO - Sync 1 DAGs
[2025-07-23T08:24:27.833+0000] {logging_mixin.py:188} INFO - [2025-07-23T08:24:27.832+0000] {dag.py:3954} INFO - Setting next_dagrun for example_python_decorator to None, run_after=None
[2025-07-23T08:24:27.948+0000] {processor.py:183} INFO - Processing /home/airflow/.local/lib/python3.12/site-packages/airflow/example_dags/example_python_decorator.py took 0.395 seconds
[2025-07-23T08:24:58.311+0000] {processor.py:161} INFO - Started process (PID=1251) to work on /home/airflow/.local/lib/python3.12/site-packages/airflow/example_dags/example_python_decorator.py
[2025-07-23T08:24:58.312+0000] {processor.py:830} INFO - Processing file /home/airflow/.local/lib/python3.12/site-packages/airflow/example_dags/example_python_decorator.py for tasks to queue
[2025-07-23T08:24:58.333+0000] {logging_mixin.py:188} INFO - [2025-07-23T08:24:58.332+0000] {dagbag.py:545} INFO - Filling up the DagBag from /home/airflow/.local/lib/python3.12/site-packages/airflow/example_dags/example_python_decorator.py
[2025-07-23T08:24:58.382+0000] {processor.py:840} INFO - DAG(s) 'example_python_decorator' retrieved from /home/airflow/.local/lib/python3.12/site-packages/airflow/example_dags/example_python_decorator.py
[2025-07-23T08:24:58.449+0000] {logging_mixin.py:188} INFO - [2025-07-23T08:24:58.449+0000] {dag.py:3096} INFO - Sync 1 DAGs
[2025-07-23T08:24:58.483+0000] {logging_mixin.py:188} INFO - [2025-07-23T08:24:58.482+0000] {dag.py:3954} INFO - Setting next_dagrun for example_python_decorator to None, run_after=None
[2025-07-23T08:24:58.545+0000] {processor.py:183} INFO - Processing /home/airflow/.local/lib/python3.12/site-packages/airflow/example_dags/example_python_decorator.py took 0.256 seconds
[2025-07-23T08:25:29.637+0000] {processor.py:161} INFO - Started process (PID=1307) to work on /home/airflow/.local/lib/python3.12/site-packages/airflow/example_dags/example_python_decorator.py
[2025-07-23T08:25:29.650+0000] {processor.py:830} INFO - Processing file /home/airflow/.local/lib/python3.12/site-packages/airflow/example_dags/example_python_decorator.py for tasks to queue
[2025-07-23T08:25:29.660+0000] {logging_mixin.py:188} INFO - [2025-07-23T08:25:29.659+0000] {dagbag.py:545} INFO - Filling up the DagBag from /home/airflow/.local/lib/python3.12/site-packages/airflow/example_dags/example_python_decorator.py
[2025-07-23T08:25:29.721+0000] {processor.py:840} INFO - DAG(s) 'example_python_decorator' retrieved from /home/airflow/.local/lib/python3.12/site-packages/airflow/example_dags/example_python_decorator.py
[2025-07-23T08:25:29.790+0000] {logging_mixin.py:188} INFO - [2025-07-23T08:25:29.789+0000] {dag.py:3096} INFO - Sync 1 DAGs
[2025-07-23T08:25:29.826+0000] {logging_mixin.py:188} INFO - [2025-07-23T08:25:29.826+0000] {dag.py:3954} INFO - Setting next_dagrun for example_python_decorator to None, run_after=None
[2025-07-23T08:25:29.896+0000] {processor.py:183} INFO - Processing /home/airflow/.local/lib/python3.12/site-packages/airflow/example_dags/example_python_decorator.py took 0.281 seconds
[2025-07-23T08:26:00.106+0000] {processor.py:161} INFO - Started process (PID=1365) to work on /home/airflow/.local/lib/python3.12/site-packages/airflow/example_dags/example_python_decorator.py
[2025-07-23T08:26:00.129+0000] {processor.py:830} INFO - Processing file /home/airflow/.local/lib/python3.12/site-packages/airflow/example_dags/example_python_decorator.py for tasks to queue
[2025-07-23T08:26:00.133+0000] {logging_mixin.py:188} INFO - [2025-07-23T08:26:00.132+0000] {dagbag.py:545} INFO - Filling up the DagBag from /home/airflow/.local/lib/python3.12/site-packages/airflow/example_dags/example_python_decorator.py
[2025-07-23T08:26:00.163+0000] {processor.py:840} INFO - DAG(s) 'example_python_decorator' retrieved from /home/airflow/.local/lib/python3.12/site-packages/airflow/example_dags/example_python_decorator.py
[2025-07-23T08:26:00.217+0000] {logging_mixin.py:188} INFO - [2025-07-23T08:26:00.217+0000] {dag.py:3096} INFO - Sync 1 DAGs
[2025-07-23T08:26:00.251+0000] {logging_mixin.py:188} INFO - [2025-07-23T08:26:00.250+0000] {dag.py:3954} INFO - Setting next_dagrun for example_python_decorator to None, run_after=None
[2025-07-23T08:26:00.319+0000] {processor.py:183} INFO - Processing /home/airflow/.local/lib/python3.12/site-packages/airflow/example_dags/example_python_decorator.py took 0.230 seconds
[2025-07-23T08:26:30.455+0000] {processor.py:161} INFO - Started process (PID=1421) to work on /home/airflow/.local/lib/python3.12/site-packages/airflow/example_dags/example_python_decorator.py
[2025-07-23T08:26:30.462+0000] {processor.py:830} INFO - Processing file /home/airflow/.local/lib/python3.12/site-packages/airflow/example_dags/example_python_decorator.py for tasks to queue
[2025-07-23T08:26:30.473+0000] {logging_mixin.py:188} INFO - [2025-07-23T08:26:30.472+0000] {dagbag.py:545} INFO - Filling up the DagBag from /home/airflow/.local/lib/python3.12/site-packages/airflow/example_dags/example_python_decorator.py
[2025-07-23T08:26:30.585+0000] {processor.py:840} INFO - DAG(s) 'example_python_decorator' retrieved from /home/airflow/.local/lib/python3.12/site-packages/airflow/example_dags/example_python_decorator.py
[2025-07-23T08:26:30.776+0000] {logging_mixin.py:188} INFO - [2025-07-23T08:26:30.775+0000] {dag.py:3096} INFO - Sync 1 DAGs
[2025-07-23T08:26:30.898+0000] {logging_mixin.py:188} INFO - [2025-07-23T08:26:30.898+0000] {dag.py:3954} INFO - Setting next_dagrun for example_python_decorator to None, run_after=None
[2025-07-23T08:26:31.143+0000] {processor.py:183} INFO - Processing /home/airflow/.local/lib/python3.12/site-packages/airflow/example_dags/example_python_decorator.py took 0.710 seconds
[2025-07-23T08:27:01.948+0000] {processor.py:161} INFO - Started process (PID=1479) to work on /home/airflow/.local/lib/python3.12/site-packages/airflow/example_dags/example_python_decorator.py
[2025-07-23T08:27:02.026+0000] {processor.py:830} INFO - Processing file /home/airflow/.local/lib/python3.12/site-packages/airflow/example_dags/example_python_decorator.py for tasks to queue
[2025-07-23T08:27:02.151+0000] {logging_mixin.py:188} INFO - [2025-07-23T08:27:02.150+0000] {dagbag.py:545} INFO - Filling up the DagBag from /home/airflow/.local/lib/python3.12/site-packages/airflow/example_dags/example_python_decorator.py
[2025-07-23T08:27:02.428+0000] {processor.py:840} INFO - DAG(s) 'example_python_decorator' retrieved from /home/airflow/.local/lib/python3.12/site-packages/airflow/example_dags/example_python_decorator.py
[2025-07-23T08:27:02.847+0000] {logging_mixin.py:188} INFO - [2025-07-23T08:27:02.846+0000] {dag.py:3096} INFO - Sync 1 DAGs
[2025-07-23T08:27:03.298+0000] {logging_mixin.py:188} INFO - [2025-07-23T08:27:03.297+0000] {dag.py:3954} INFO - Setting next_dagrun for example_python_decorator to None, run_after=None
[2025-07-23T08:27:03.758+0000] {processor.py:183} INFO - Processing /home/airflow/.local/lib/python3.12/site-packages/airflow/example_dags/example_python_decorator.py took 1.862 seconds
[2025-07-23T08:27:44.639+0000] {processor.py:161} INFO - Started process (PID=1537) to work on /home/airflow/.local/lib/python3.12/site-packages/airflow/example_dags/example_python_decorator.py
[2025-07-23T08:27:44.641+0000] {processor.py:830} INFO - Processing file /home/airflow/.local/lib/python3.12/site-packages/airflow/example_dags/example_python_decorator.py for tasks to queue
[2025-07-23T08:27:44.655+0000] {logging_mixin.py:188} INFO - [2025-07-23T08:27:44.646+0000] {dagbag.py:545} INFO - Filling up the DagBag from /home/airflow/.local/lib/python3.12/site-packages/airflow/example_dags/example_python_decorator.py
[2025-07-23T08:27:44.747+0000] {processor.py:840} INFO - DAG(s) 'example_python_decorator' retrieved from /home/airflow/.local/lib/python3.12/site-packages/airflow/example_dags/example_python_decorator.py
[2025-07-23T08:27:44.932+0000] {logging_mixin.py:188} INFO - [2025-07-23T08:27:44.931+0000] {dag.py:3096} INFO - Sync 1 DAGs
[2025-07-23T08:27:45.016+0000] {logging_mixin.py:188} INFO - [2025-07-23T08:27:45.016+0000] {dag.py:3954} INFO - Setting next_dagrun for example_python_decorator to None, run_after=None
[2025-07-23T08:27:45.169+0000] {processor.py:183} INFO - Processing /home/airflow/.local/lib/python3.12/site-packages/airflow/example_dags/example_python_decorator.py took 0.585 seconds
[2025-07-23T08:28:15.713+0000] {processor.py:161} INFO - Started process (PID=1595) to work on /home/airflow/.local/lib/python3.12/site-packages/airflow/example_dags/example_python_decorator.py
[2025-07-23T08:28:15.715+0000] {processor.py:830} INFO - Processing file /home/airflow/.local/lib/python3.12/site-packages/airflow/example_dags/example_python_decorator.py for tasks to queue
[2025-07-23T08:28:15.724+0000] {logging_mixin.py:188} INFO - [2025-07-23T08:28:15.724+0000] {dagbag.py:545} INFO - Filling up the DagBag from /home/airflow/.local/lib/python3.12/site-packages/airflow/example_dags/example_python_decorator.py
[2025-07-23T08:28:15.756+0000] {processor.py:840} INFO - DAG(s) 'example_python_decorator' retrieved from /home/airflow/.local/lib/python3.12/site-packages/airflow/example_dags/example_python_decorator.py
[2025-07-23T08:28:15.825+0000] {logging_mixin.py:188} INFO - [2025-07-23T08:28:15.825+0000] {dag.py:3096} INFO - Sync 1 DAGs
[2025-07-23T08:28:15.858+0000] {logging_mixin.py:188} INFO - [2025-07-23T08:28:15.858+0000] {dag.py:3954} INFO - Setting next_dagrun for example_python_decorator to None, run_after=None
[2025-07-23T08:28:15.951+0000] {processor.py:183} INFO - Processing /home/airflow/.local/lib/python3.12/site-packages/airflow/example_dags/example_python_decorator.py took 0.251 seconds
[2025-07-23T08:28:47.204+0000] {processor.py:161} INFO - Started process (PID=1654) to work on /home/airflow/.local/lib/python3.12/site-packages/airflow/example_dags/example_python_decorator.py
[2025-07-23T08:28:47.218+0000] {processor.py:830} INFO - Processing file /home/airflow/.local/lib/python3.12/site-packages/airflow/example_dags/example_python_decorator.py for tasks to queue
[2025-07-23T08:28:47.229+0000] {logging_mixin.py:188} INFO - [2025-07-23T08:28:47.228+0000] {dagbag.py:545} INFO - Filling up the DagBag from /home/airflow/.local/lib/python3.12/site-packages/airflow/example_dags/example_python_decorator.py
[2025-07-23T08:28:47.356+0000] {processor.py:840} INFO - DAG(s) 'example_python_decorator' retrieved from /home/airflow/.local/lib/python3.12/site-packages/airflow/example_dags/example_python_decorator.py
[2025-07-23T08:28:47.514+0000] {logging_mixin.py:188} INFO - [2025-07-23T08:28:47.514+0000] {dag.py:3096} INFO - Sync 1 DAGs
[2025-07-23T08:28:47.782+0000] {logging_mixin.py:188} INFO - [2025-07-23T08:28:47.782+0000] {dag.py:3954} INFO - Setting next_dagrun for example_python_decorator to None, run_after=None
[2025-07-23T08:28:48.008+0000] {processor.py:183} INFO - Processing /home/airflow/.local/lib/python3.12/site-packages/airflow/example_dags/example_python_decorator.py took 0.825 seconds
[2025-07-23T08:29:18.182+0000] {processor.py:161} INFO - Started process (PID=1712) to work on /home/airflow/.local/lib/python3.12/site-packages/airflow/example_dags/example_python_decorator.py
[2025-07-23T08:29:18.184+0000] {processor.py:830} INFO - Processing file /home/airflow/.local/lib/python3.12/site-packages/airflow/example_dags/example_python_decorator.py for tasks to queue
[2025-07-23T08:29:18.187+0000] {logging_mixin.py:188} INFO - [2025-07-23T08:29:18.187+0000] {dagbag.py:545} INFO - Filling up the DagBag from /home/airflow/.local/lib/python3.12/site-packages/airflow/example_dags/example_python_decorator.py
[2025-07-23T08:29:18.217+0000] {processor.py:840} INFO - DAG(s) 'example_python_decorator' retrieved from /home/airflow/.local/lib/python3.12/site-packages/airflow/example_dags/example_python_decorator.py
[2025-07-23T08:29:18.263+0000] {logging_mixin.py:188} INFO - [2025-07-23T08:29:18.262+0000] {dag.py:3096} INFO - Sync 1 DAGs
[2025-07-23T08:29:18.287+0000] {logging_mixin.py:188} INFO - [2025-07-23T08:29:18.287+0000] {dag.py:3954} INFO - Setting next_dagrun for example_python_decorator to None, run_after=None
[2025-07-23T08:29:18.324+0000] {processor.py:183} INFO - Processing /home/airflow/.local/lib/python3.12/site-packages/airflow/example_dags/example_python_decorator.py took 0.155 seconds
[2025-07-23T08:29:48.753+0000] {processor.py:161} INFO - Started process (PID=1770) to work on /home/airflow/.local/lib/python3.12/site-packages/airflow/example_dags/example_python_decorator.py
[2025-07-23T08:29:48.766+0000] {processor.py:830} INFO - Processing file /home/airflow/.local/lib/python3.12/site-packages/airflow/example_dags/example_python_decorator.py for tasks to queue
[2025-07-23T08:29:48.771+0000] {logging_mixin.py:188} INFO - [2025-07-23T08:29:48.770+0000] {dagbag.py:545} INFO - Filling up the DagBag from /home/airflow/.local/lib/python3.12/site-packages/airflow/example_dags/example_python_decorator.py
[2025-07-23T08:29:48.802+0000] {processor.py:840} INFO - DAG(s) 'example_python_decorator' retrieved from /home/airflow/.local/lib/python3.12/site-packages/airflow/example_dags/example_python_decorator.py
[2025-07-23T08:29:48.868+0000] {logging_mixin.py:188} INFO - [2025-07-23T08:29:48.867+0000] {dag.py:3096} INFO - Sync 1 DAGs
[2025-07-23T08:29:48.900+0000] {logging_mixin.py:188} INFO - [2025-07-23T08:29:48.899+0000] {dag.py:3954} INFO - Setting next_dagrun for example_python_decorator to None, run_after=None
[2025-07-23T08:29:48.957+0000] {processor.py:183} INFO - Processing /home/airflow/.local/lib/python3.12/site-packages/airflow/example_dags/example_python_decorator.py took 0.240 seconds
[2025-07-23T08:30:19.534+0000] {processor.py:161} INFO - Started process (PID=1828) to work on /home/airflow/.local/lib/python3.12/site-packages/airflow/example_dags/example_python_decorator.py
[2025-07-23T08:30:19.537+0000] {processor.py:830} INFO - Processing file /home/airflow/.local/lib/python3.12/site-packages/airflow/example_dags/example_python_decorator.py for tasks to queue
[2025-07-23T08:30:19.543+0000] {logging_mixin.py:188} INFO - [2025-07-23T08:30:19.542+0000] {dagbag.py:545} INFO - Filling up the DagBag from /home/airflow/.local/lib/python3.12/site-packages/airflow/example_dags/example_python_decorator.py
[2025-07-23T08:30:19.569+0000] {processor.py:840} INFO - DAG(s) 'example_python_decorator' retrieved from /home/airflow/.local/lib/python3.12/site-packages/airflow/example_dags/example_python_decorator.py
[2025-07-23T08:30:19.627+0000] {logging_mixin.py:188} INFO - [2025-07-23T08:30:19.626+0000] {dag.py:3096} INFO - Sync 1 DAGs
[2025-07-23T08:30:19.660+0000] {logging_mixin.py:188} INFO - [2025-07-23T08:30:19.659+0000] {dag.py:3954} INFO - Setting next_dagrun for example_python_decorator to None, run_after=None
[2025-07-23T08:30:19.736+0000] {processor.py:183} INFO - Processing /home/airflow/.local/lib/python3.12/site-packages/airflow/example_dags/example_python_decorator.py took 0.220 seconds
[2025-07-23T08:30:50.834+0000] {processor.py:161} INFO - Started process (PID=1886) to work on /home/airflow/.local/lib/python3.12/site-packages/airflow/example_dags/example_python_decorator.py
[2025-07-23T08:30:50.836+0000] {processor.py:830} INFO - Processing file /home/airflow/.local/lib/python3.12/site-packages/airflow/example_dags/example_python_decorator.py for tasks to queue
[2025-07-23T08:30:50.849+0000] {logging_mixin.py:188} INFO - [2025-07-23T08:30:50.848+0000] {dagbag.py:545} INFO - Filling up the DagBag from /home/airflow/.local/lib/python3.12/site-packages/airflow/example_dags/example_python_decorator.py
[2025-07-23T08:30:50.890+0000] {processor.py:840} INFO - DAG(s) 'example_python_decorator' retrieved from /home/airflow/.local/lib/python3.12/site-packages/airflow/example_dags/example_python_decorator.py
[2025-07-23T08:30:50.950+0000] {logging_mixin.py:188} INFO - [2025-07-23T08:30:50.950+0000] {dag.py:3096} INFO - Sync 1 DAGs
[2025-07-23T08:30:50.981+0000] {logging_mixin.py:188} INFO - [2025-07-23T08:30:50.980+0000] {dag.py:3954} INFO - Setting next_dagrun for example_python_decorator to None, run_after=None
[2025-07-23T08:30:51.027+0000] {processor.py:183} INFO - Processing /home/airflow/.local/lib/python3.12/site-packages/airflow/example_dags/example_python_decorator.py took 0.216 seconds
[2025-07-23T08:31:21.927+0000] {processor.py:161} INFO - Started process (PID=1944) to work on /home/airflow/.local/lib/python3.12/site-packages/airflow/example_dags/example_python_decorator.py
[2025-07-23T08:31:21.933+0000] {processor.py:830} INFO - Processing file /home/airflow/.local/lib/python3.12/site-packages/airflow/example_dags/example_python_decorator.py for tasks to queue
[2025-07-23T08:31:21.947+0000] {logging_mixin.py:188} INFO - [2025-07-23T08:31:21.947+0000] {dagbag.py:545} INFO - Filling up the DagBag from /home/airflow/.local/lib/python3.12/site-packages/airflow/example_dags/example_python_decorator.py
[2025-07-23T08:31:22.316+0000] {processor.py:840} INFO - DAG(s) 'example_python_decorator' retrieved from /home/airflow/.local/lib/python3.12/site-packages/airflow/example_dags/example_python_decorator.py
[2025-07-23T08:31:22.502+0000] {logging_mixin.py:188} INFO - [2025-07-23T08:31:22.501+0000] {dag.py:3096} INFO - Sync 1 DAGs
[2025-07-23T08:31:22.563+0000] {logging_mixin.py:188} INFO - [2025-07-23T08:31:22.563+0000] {dag.py:3954} INFO - Setting next_dagrun for example_python_decorator to None, run_after=None
[2025-07-23T08:31:22.700+0000] {processor.py:183} INFO - Processing /home/airflow/.local/lib/python3.12/site-packages/airflow/example_dags/example_python_decorator.py took 0.841 seconds
[2025-07-23T08:31:53.729+0000] {processor.py:161} INFO - Started process (PID=2002) to work on /home/airflow/.local/lib/python3.12/site-packages/airflow/example_dags/example_python_decorator.py
[2025-07-23T08:31:53.731+0000] {processor.py:830} INFO - Processing file /home/airflow/.local/lib/python3.12/site-packages/airflow/example_dags/example_python_decorator.py for tasks to queue
[2025-07-23T08:31:53.735+0000] {logging_mixin.py:188} INFO - [2025-07-23T08:31:53.735+0000] {dagbag.py:545} INFO - Filling up the DagBag from /home/airflow/.local/lib/python3.12/site-packages/airflow/example_dags/example_python_decorator.py
[2025-07-23T08:31:53.778+0000] {processor.py:840} INFO - DAG(s) 'example_python_decorator' retrieved from /home/airflow/.local/lib/python3.12/site-packages/airflow/example_dags/example_python_decorator.py
[2025-07-23T08:31:53.941+0000] {logging_mixin.py:188} INFO - [2025-07-23T08:31:53.940+0000] {dag.py:3096} INFO - Sync 1 DAGs
[2025-07-23T08:31:54.072+0000] {logging_mixin.py:188} INFO - [2025-07-23T08:31:54.072+0000] {dag.py:3954} INFO - Setting next_dagrun for example_python_decorator to None, run_after=None
[2025-07-23T08:31:54.598+0000] {processor.py:183} INFO - Processing /home/airflow/.local/lib/python3.12/site-packages/airflow/example_dags/example_python_decorator.py took 0.885 seconds
[2025-07-23T08:32:26.929+0000] {processor.py:161} INFO - Started process (PID=2060) to work on /home/airflow/.local/lib/python3.12/site-packages/airflow/example_dags/example_python_decorator.py
[2025-07-23T08:32:26.947+0000] {processor.py:830} INFO - Processing file /home/airflow/.local/lib/python3.12/site-packages/airflow/example_dags/example_python_decorator.py for tasks to queue
[2025-07-23T08:32:26.960+0000] {logging_mixin.py:188} INFO - [2025-07-23T08:32:26.959+0000] {dagbag.py:545} INFO - Filling up the DagBag from /home/airflow/.local/lib/python3.12/site-packages/airflow/example_dags/example_python_decorator.py
[2025-07-23T08:32:27.135+0000] {processor.py:840} INFO - DAG(s) 'example_python_decorator' retrieved from /home/airflow/.local/lib/python3.12/site-packages/airflow/example_dags/example_python_decorator.py
[2025-07-23T08:32:32.594+0000] {logging_mixin.py:188} INFO - [2025-07-23T08:32:32.593+0000] {process_utils.py:263} INFO - Waiting up to 5 seconds for processes to exit...
[2025-07-23T08:32:32.669+0000] {logging_mixin.py:188} INFO - [2025-07-23T08:32:32.669+0000] {process_utils.py:263} INFO - Waiting up to 5 seconds for processes to exit...
[2025-07-23T08:35:07.863+0000] {processor.py:161} INFO - Started process (PID=94) to work on /home/airflow/.local/lib/python3.12/site-packages/airflow/example_dags/example_python_decorator.py
[2025-07-23T08:35:07.865+0000] {processor.py:830} INFO - Processing file /home/airflow/.local/lib/python3.12/site-packages/airflow/example_dags/example_python_decorator.py for tasks to queue
[2025-07-23T08:35:07.870+0000] {logging_mixin.py:188} INFO - [2025-07-23T08:35:07.868+0000] {dagbag.py:545} INFO - Filling up the DagBag from /home/airflow/.local/lib/python3.12/site-packages/airflow/example_dags/example_python_decorator.py
[2025-07-23T08:35:07.907+0000] {processor.py:840} INFO - DAG(s) 'example_python_decorator' retrieved from /home/airflow/.local/lib/python3.12/site-packages/airflow/example_dags/example_python_decorator.py
[2025-07-23T08:35:08.193+0000] {logging_mixin.py:188} INFO - [2025-07-23T08:35:08.192+0000] {dag.py:3096} INFO - Sync 1 DAGs
[2025-07-23T08:35:08.219+0000] {logging_mixin.py:188} INFO - [2025-07-23T08:35:08.219+0000] {dag.py:3954} INFO - Setting next_dagrun for example_python_decorator to None, run_after=None
[2025-07-23T08:35:08.264+0000] {processor.py:183} INFO - Processing /home/airflow/.local/lib/python3.12/site-packages/airflow/example_dags/example_python_decorator.py took 0.413 seconds
[2025-07-23T08:35:42.252+0000] {processor.py:161} INFO - Started process (PID=158) to work on /home/airflow/.local/lib/python3.12/site-packages/airflow/example_dags/example_python_decorator.py
[2025-07-23T08:35:42.259+0000] {processor.py:830} INFO - Processing file /home/airflow/.local/lib/python3.12/site-packages/airflow/example_dags/example_python_decorator.py for tasks to queue
[2025-07-23T08:35:42.276+0000] {logging_mixin.py:188} INFO - [2025-07-23T08:35:42.275+0000] {dagbag.py:545} INFO - Filling up the DagBag from /home/airflow/.local/lib/python3.12/site-packages/airflow/example_dags/example_python_decorator.py
[2025-07-23T08:35:42.806+0000] {processor.py:840} INFO - DAG(s) 'example_python_decorator' retrieved from /home/airflow/.local/lib/python3.12/site-packages/airflow/example_dags/example_python_decorator.py
[2025-07-23T08:35:43.380+0000] {logging_mixin.py:188} INFO - [2025-07-23T08:35:43.379+0000] {dag.py:3096} INFO - Sync 1 DAGs
[2025-07-23T08:35:43.505+0000] {logging_mixin.py:188} INFO - [2025-07-23T08:35:43.504+0000] {dag.py:3954} INFO - Setting next_dagrun for example_python_decorator to None, run_after=None
[2025-07-23T08:35:43.771+0000] {processor.py:183} INFO - Processing /home/airflow/.local/lib/python3.12/site-packages/airflow/example_dags/example_python_decorator.py took 1.607 seconds
[2025-07-23T08:36:14.186+0000] {processor.py:161} INFO - Started process (PID=216) to work on /home/airflow/.local/lib/python3.12/site-packages/airflow/example_dags/example_python_decorator.py
[2025-07-23T08:36:14.193+0000] {processor.py:830} INFO - Processing file /home/airflow/.local/lib/python3.12/site-packages/airflow/example_dags/example_python_decorator.py for tasks to queue
[2025-07-23T08:36:14.203+0000] {logging_mixin.py:188} INFO - [2025-07-23T08:36:14.202+0000] {dagbag.py:545} INFO - Filling up the DagBag from /home/airflow/.local/lib/python3.12/site-packages/airflow/example_dags/example_python_decorator.py
[2025-07-23T08:36:14.357+0000] {processor.py:840} INFO - DAG(s) 'example_python_decorator' retrieved from /home/airflow/.local/lib/python3.12/site-packages/airflow/example_dags/example_python_decorator.py
[2025-07-23T08:36:14.596+0000] {logging_mixin.py:188} INFO - [2025-07-23T08:36:14.595+0000] {dag.py:3096} INFO - Sync 1 DAGs
[2025-07-23T08:36:14.637+0000] {logging_mixin.py:188} INFO - [2025-07-23T08:36:14.637+0000] {dag.py:3954} INFO - Setting next_dagrun for example_python_decorator to None, run_after=None
[2025-07-23T08:36:14.763+0000] {processor.py:183} INFO - Processing /home/airflow/.local/lib/python3.12/site-packages/airflow/example_dags/example_python_decorator.py took 0.606 seconds
[2025-07-23T08:36:45.657+0000] {processor.py:161} INFO - Started process (PID=275) to work on /home/airflow/.local/lib/python3.12/site-packages/airflow/example_dags/example_python_decorator.py
[2025-07-23T08:36:45.671+0000] {processor.py:830} INFO - Processing file /home/airflow/.local/lib/python3.12/site-packages/airflow/example_dags/example_python_decorator.py for tasks to queue
[2025-07-23T08:36:45.685+0000] {logging_mixin.py:188} INFO - [2025-07-23T08:36:45.681+0000] {dagbag.py:545} INFO - Filling up the DagBag from /home/airflow/.local/lib/python3.12/site-packages/airflow/example_dags/example_python_decorator.py
[2025-07-23T08:36:45.777+0000] {processor.py:840} INFO - DAG(s) 'example_python_decorator' retrieved from /home/airflow/.local/lib/python3.12/site-packages/airflow/example_dags/example_python_decorator.py
[2025-07-23T08:36:46.071+0000] {logging_mixin.py:188} INFO - [2025-07-23T08:36:46.071+0000] {dag.py:3096} INFO - Sync 1 DAGs
[2025-07-23T08:36:46.213+0000] {logging_mixin.py:188} INFO - [2025-07-23T08:36:46.202+0000] {dag.py:3954} INFO - Setting next_dagrun for example_python_decorator to None, run_after=None
[2025-07-23T08:36:46.321+0000] {processor.py:183} INFO - Processing /home/airflow/.local/lib/python3.12/site-packages/airflow/example_dags/example_python_decorator.py took 0.699 seconds
[2025-07-23T08:37:16.447+0000] {processor.py:161} INFO - Started process (PID=333) to work on /home/airflow/.local/lib/python3.12/site-packages/airflow/example_dags/example_python_decorator.py
[2025-07-23T08:37:16.450+0000] {processor.py:830} INFO - Processing file /home/airflow/.local/lib/python3.12/site-packages/airflow/example_dags/example_python_decorator.py for tasks to queue
[2025-07-23T08:37:16.462+0000] {logging_mixin.py:188} INFO - [2025-07-23T08:37:16.458+0000] {dagbag.py:545} INFO - Filling up the DagBag from /home/airflow/.local/lib/python3.12/site-packages/airflow/example_dags/example_python_decorator.py
[2025-07-23T08:37:16.501+0000] {processor.py:840} INFO - DAG(s) 'example_python_decorator' retrieved from /home/airflow/.local/lib/python3.12/site-packages/airflow/example_dags/example_python_decorator.py
[2025-07-23T08:37:16.647+0000] {logging_mixin.py:188} INFO - [2025-07-23T08:37:16.647+0000] {dag.py:3096} INFO - Sync 1 DAGs
[2025-07-23T08:37:16.730+0000] {logging_mixin.py:188} INFO - [2025-07-23T08:37:16.729+0000] {dag.py:3954} INFO - Setting next_dagrun for example_python_decorator to None, run_after=None
[2025-07-23T08:37:16.838+0000] {processor.py:183} INFO - Processing /home/airflow/.local/lib/python3.12/site-packages/airflow/example_dags/example_python_decorator.py took 0.409 seconds
[2025-07-23T08:37:49.838+0000] {processor.py:161} INFO - Started process (PID=391) to work on /home/airflow/.local/lib/python3.12/site-packages/airflow/example_dags/example_python_decorator.py
[2025-07-23T08:37:49.844+0000] {processor.py:830} INFO - Processing file /home/airflow/.local/lib/python3.12/site-packages/airflow/example_dags/example_python_decorator.py for tasks to queue
[2025-07-23T08:37:49.849+0000] {logging_mixin.py:188} INFO - [2025-07-23T08:37:49.849+0000] {dagbag.py:545} INFO - Filling up the DagBag from /home/airflow/.local/lib/python3.12/site-packages/airflow/example_dags/example_python_decorator.py
[2025-07-23T08:37:49.896+0000] {processor.py:840} INFO - DAG(s) 'example_python_decorator' retrieved from /home/airflow/.local/lib/python3.12/site-packages/airflow/example_dags/example_python_decorator.py
[2025-07-23T08:37:50.017+0000] {logging_mixin.py:188} INFO - [2025-07-23T08:37:50.016+0000] {dag.py:3096} INFO - Sync 1 DAGs
[2025-07-23T08:37:50.080+0000] {logging_mixin.py:188} INFO - [2025-07-23T08:37:50.079+0000] {dag.py:3954} INFO - Setting next_dagrun for example_python_decorator to None, run_after=None
[2025-07-23T08:37:50.154+0000] {processor.py:183} INFO - Processing /home/airflow/.local/lib/python3.12/site-packages/airflow/example_dags/example_python_decorator.py took 0.352 seconds
[2025-07-23T08:38:42.392+0000] {processor.py:161} INFO - Started process (PID=449) to work on /home/airflow/.local/lib/python3.12/site-packages/airflow/example_dags/example_python_decorator.py
[2025-07-23T08:38:42.422+0000] {processor.py:830} INFO - Processing file /home/airflow/.local/lib/python3.12/site-packages/airflow/example_dags/example_python_decorator.py for tasks to queue
[2025-07-23T08:38:42.442+0000] {logging_mixin.py:188} INFO - [2025-07-23T08:38:42.441+0000] {dagbag.py:545} INFO - Filling up the DagBag from /home/airflow/.local/lib/python3.12/site-packages/airflow/example_dags/example_python_decorator.py
[2025-07-23T08:38:42.779+0000] {processor.py:840} INFO - DAG(s) 'example_python_decorator' retrieved from /home/airflow/.local/lib/python3.12/site-packages/airflow/example_dags/example_python_decorator.py
[2025-07-23T08:38:43.433+0000] {logging_mixin.py:188} INFO - [2025-07-23T08:38:43.433+0000] {dag.py:3096} INFO - Sync 1 DAGs
[2025-07-23T08:38:43.914+0000] {logging_mixin.py:188} INFO - [2025-07-23T08:38:43.913+0000] {dag.py:3954} INFO - Setting next_dagrun for example_python_decorator to None, run_after=None
[2025-07-23T08:38:44.250+0000] {processor.py:183} INFO - Processing /home/airflow/.local/lib/python3.12/site-packages/airflow/example_dags/example_python_decorator.py took 2.068 seconds
[2025-07-23T08:39:49.353+0000] {processor.py:161} INFO - Started process (PID=518) to work on /home/airflow/.local/lib/python3.12/site-packages/airflow/example_dags/example_python_decorator.py
[2025-07-23T08:39:49.355+0000] {processor.py:830} INFO - Processing file /home/airflow/.local/lib/python3.12/site-packages/airflow/example_dags/example_python_decorator.py for tasks to queue
[2025-07-23T08:39:49.385+0000] {logging_mixin.py:188} INFO - [2025-07-23T08:39:49.384+0000] {dagbag.py:545} INFO - Filling up the DagBag from /home/airflow/.local/lib/python3.12/site-packages/airflow/example_dags/example_python_decorator.py
[2025-07-23T08:39:49.591+0000] {processor.py:840} INFO - DAG(s) 'example_python_decorator' retrieved from /home/airflow/.local/lib/python3.12/site-packages/airflow/example_dags/example_python_decorator.py
[2025-07-23T08:39:49.847+0000] {logging_mixin.py:188} INFO - [2025-07-23T08:39:49.847+0000] {dag.py:3096} INFO - Sync 1 DAGs
[2025-07-23T08:39:50.115+0000] {logging_mixin.py:188} INFO - [2025-07-23T08:39:50.114+0000] {dag.py:3954} INFO - Setting next_dagrun for example_python_decorator to None, run_after=None
[2025-07-23T08:39:50.370+0000] {processor.py:183} INFO - Processing /home/airflow/.local/lib/python3.12/site-packages/airflow/example_dags/example_python_decorator.py took 1.112 seconds
[2025-07-23T08:40:34.081+0000] {processor.py:161} INFO - Started process (PID=576) to work on /home/airflow/.local/lib/python3.12/site-packages/airflow/example_dags/example_python_decorator.py
[2025-07-23T08:40:34.083+0000] {processor.py:830} INFO - Processing file /home/airflow/.local/lib/python3.12/site-packages/airflow/example_dags/example_python_decorator.py for tasks to queue
[2025-07-23T08:40:34.087+0000] {logging_mixin.py:188} INFO - [2025-07-23T08:40:34.086+0000] {dagbag.py:545} INFO - Filling up the DagBag from /home/airflow/.local/lib/python3.12/site-packages/airflow/example_dags/example_python_decorator.py
[2025-07-23T08:40:34.222+0000] {processor.py:840} INFO - DAG(s) 'example_python_decorator' retrieved from /home/airflow/.local/lib/python3.12/site-packages/airflow/example_dags/example_python_decorator.py
[2025-07-23T08:40:34.465+0000] {logging_mixin.py:188} INFO - [2025-07-23T08:40:34.465+0000] {dag.py:3096} INFO - Sync 1 DAGs
[2025-07-23T08:40:34.590+0000] {logging_mixin.py:188} INFO - [2025-07-23T08:40:34.589+0000] {dag.py:3954} INFO - Setting next_dagrun for example_python_decorator to None, run_after=None
[2025-07-23T08:40:34.963+0000] {processor.py:183} INFO - Processing /home/airflow/.local/lib/python3.12/site-packages/airflow/example_dags/example_python_decorator.py took 0.934 seconds
[2025-07-23T09:00:59.696+0000] {processor.py:161} INFO - Started process (PID=64) to work on /home/airflow/.local/lib/python3.12/site-packages/airflow/example_dags/example_python_decorator.py
[2025-07-23T09:00:59.718+0000] {processor.py:830} INFO - Processing file /home/airflow/.local/lib/python3.12/site-packages/airflow/example_dags/example_python_decorator.py for tasks to queue
[2025-07-23T09:00:59.720+0000] {logging_mixin.py:188} INFO - [2025-07-23T09:00:59.719+0000] {dagbag.py:545} INFO - Filling up the DagBag from /home/airflow/.local/lib/python3.12/site-packages/airflow/example_dags/example_python_decorator.py
[2025-07-23T09:00:59.858+0000] {processor.py:840} INFO - DAG(s) 'example_python_decorator' retrieved from /home/airflow/.local/lib/python3.12/site-packages/airflow/example_dags/example_python_decorator.py
[2025-07-23T09:01:02.008+0000] {logging_mixin.py:188} INFO - [2025-07-23T09:01:02.008+0000] {dag.py:3096} INFO - Sync 1 DAGs
[2025-07-23T09:01:02.123+0000] {logging_mixin.py:188} INFO - [2025-07-23T09:01:02.085+0000] {dag.py:3954} INFO - Setting next_dagrun for example_python_decorator to None, run_after=None
[2025-07-23T09:01:02.432+0000] {processor.py:183} INFO - Processing /home/airflow/.local/lib/python3.12/site-packages/airflow/example_dags/example_python_decorator.py took 2.873 seconds
[2025-07-23T09:01:45.004+0000] {processor.py:161} INFO - Started process (PID=123) to work on /home/airflow/.local/lib/python3.12/site-packages/airflow/example_dags/example_python_decorator.py
[2025-07-23T09:01:45.036+0000] {processor.py:830} INFO - Processing file /home/airflow/.local/lib/python3.12/site-packages/airflow/example_dags/example_python_decorator.py for tasks to queue
[2025-07-23T09:01:45.047+0000] {logging_mixin.py:188} INFO - [2025-07-23T09:01:45.045+0000] {dagbag.py:545} INFO - Filling up the DagBag from /home/airflow/.local/lib/python3.12/site-packages/airflow/example_dags/example_python_decorator.py
[2025-07-23T09:01:45.253+0000] {processor.py:840} INFO - DAG(s) 'example_python_decorator' retrieved from /home/airflow/.local/lib/python3.12/site-packages/airflow/example_dags/example_python_decorator.py
[2025-07-23T09:01:45.527+0000] {logging_mixin.py:188} INFO - [2025-07-23T09:01:45.527+0000] {dag.py:3096} INFO - Sync 1 DAGs
[2025-07-23T09:01:45.643+0000] {logging_mixin.py:188} INFO - [2025-07-23T09:01:45.643+0000] {dag.py:3954} INFO - Setting next_dagrun for example_python_decorator to None, run_after=None
[2025-07-23T09:01:45.805+0000] {processor.py:183} INFO - Processing /home/airflow/.local/lib/python3.12/site-packages/airflow/example_dags/example_python_decorator.py took 0.846 seconds
[2025-07-23T09:02:19.246+0000] {processor.py:161} INFO - Started process (PID=182) to work on /home/airflow/.local/lib/python3.12/site-packages/airflow/example_dags/example_python_decorator.py
[2025-07-23T09:02:19.261+0000] {processor.py:830} INFO - Processing file /home/airflow/.local/lib/python3.12/site-packages/airflow/example_dags/example_python_decorator.py for tasks to queue
[2025-07-23T09:02:19.279+0000] {logging_mixin.py:188} INFO - [2025-07-23T09:02:19.278+0000] {dagbag.py:545} INFO - Filling up the DagBag from /home/airflow/.local/lib/python3.12/site-packages/airflow/example_dags/example_python_decorator.py
[2025-07-23T09:02:19.381+0000] {processor.py:840} INFO - DAG(s) 'example_python_decorator' retrieved from /home/airflow/.local/lib/python3.12/site-packages/airflow/example_dags/example_python_decorator.py
[2025-07-23T09:02:19.527+0000] {logging_mixin.py:188} INFO - [2025-07-23T09:02:19.527+0000] {dag.py:3096} INFO - Sync 1 DAGs
[2025-07-23T09:02:19.620+0000] {logging_mixin.py:188} INFO - [2025-07-23T09:02:19.620+0000] {dag.py:3954} INFO - Setting next_dagrun for example_python_decorator to None, run_after=None
[2025-07-23T09:02:19.853+0000] {processor.py:183} INFO - Processing /home/airflow/.local/lib/python3.12/site-packages/airflow/example_dags/example_python_decorator.py took 0.674 seconds
[2025-07-23T09:02:57.029+0000] {processor.py:161} INFO - Started process (PID=240) to work on /home/airflow/.local/lib/python3.12/site-packages/airflow/example_dags/example_python_decorator.py
[2025-07-23T09:02:57.065+0000] {processor.py:830} INFO - Processing file /home/airflow/.local/lib/python3.12/site-packages/airflow/example_dags/example_python_decorator.py for tasks to queue
[2025-07-23T09:02:57.083+0000] {logging_mixin.py:188} INFO - [2025-07-23T09:02:57.082+0000] {dagbag.py:545} INFO - Filling up the DagBag from /home/airflow/.local/lib/python3.12/site-packages/airflow/example_dags/example_python_decorator.py
[2025-07-23T09:02:57.626+0000] {processor.py:840} INFO - DAG(s) 'example_python_decorator' retrieved from /home/airflow/.local/lib/python3.12/site-packages/airflow/example_dags/example_python_decorator.py
[2025-07-23T09:02:58.026+0000] {logging_mixin.py:188} INFO - [2025-07-23T09:02:58.026+0000] {dag.py:3096} INFO - Sync 1 DAGs
[2025-07-23T09:02:58.163+0000] {logging_mixin.py:188} INFO - [2025-07-23T09:02:58.162+0000] {dag.py:3954} INFO - Setting next_dagrun for example_python_decorator to None, run_after=None
[2025-07-23T09:02:58.386+0000] {processor.py:183} INFO - Processing /home/airflow/.local/lib/python3.12/site-packages/airflow/example_dags/example_python_decorator.py took 1.375 seconds
[2025-07-23T09:03:29.270+0000] {processor.py:161} INFO - Started process (PID=299) to work on /home/airflow/.local/lib/python3.12/site-packages/airflow/example_dags/example_python_decorator.py
[2025-07-23T09:03:29.286+0000] {processor.py:830} INFO - Processing file /home/airflow/.local/lib/python3.12/site-packages/airflow/example_dags/example_python_decorator.py for tasks to queue
[2025-07-23T09:03:29.302+0000] {logging_mixin.py:188} INFO - [2025-07-23T09:03:29.301+0000] {dagbag.py:545} INFO - Filling up the DagBag from /home/airflow/.local/lib/python3.12/site-packages/airflow/example_dags/example_python_decorator.py
[2025-07-23T09:03:29.501+0000] {processor.py:840} INFO - DAG(s) 'example_python_decorator' retrieved from /home/airflow/.local/lib/python3.12/site-packages/airflow/example_dags/example_python_decorator.py
[2025-07-23T09:03:29.652+0000] {logging_mixin.py:188} INFO - [2025-07-23T09:03:29.651+0000] {dag.py:3096} INFO - Sync 1 DAGs
[2025-07-23T09:03:29.738+0000] {logging_mixin.py:188} INFO - [2025-07-23T09:03:29.737+0000] {dag.py:3954} INFO - Setting next_dagrun for example_python_decorator to None, run_after=None
[2025-07-23T09:03:29.948+0000] {processor.py:183} INFO - Processing /home/airflow/.local/lib/python3.12/site-packages/airflow/example_dags/example_python_decorator.py took 0.756 seconds
[2025-07-23T09:04:00.820+0000] {processor.py:161} INFO - Started process (PID=349) to work on /home/airflow/.local/lib/python3.12/site-packages/airflow/example_dags/example_python_decorator.py
[2025-07-23T09:04:00.826+0000] {processor.py:830} INFO - Processing file /home/airflow/.local/lib/python3.12/site-packages/airflow/example_dags/example_python_decorator.py for tasks to queue
[2025-07-23T09:04:00.832+0000] {logging_mixin.py:188} INFO - [2025-07-23T09:04:00.829+0000] {dagbag.py:545} INFO - Filling up the DagBag from /home/airflow/.local/lib/python3.12/site-packages/airflow/example_dags/example_python_decorator.py
[2025-07-23T09:04:00.918+0000] {processor.py:840} INFO - DAG(s) 'example_python_decorator' retrieved from /home/airflow/.local/lib/python3.12/site-packages/airflow/example_dags/example_python_decorator.py
[2025-07-23T09:04:01.114+0000] {logging_mixin.py:188} INFO - [2025-07-23T09:04:01.113+0000] {dag.py:3096} INFO - Sync 1 DAGs
[2025-07-23T09:04:01.181+0000] {logging_mixin.py:188} INFO - [2025-07-23T09:04:01.181+0000] {dag.py:3954} INFO - Setting next_dagrun for example_python_decorator to None, run_after=None
[2025-07-23T09:04:01.339+0000] {processor.py:183} INFO - Processing /home/airflow/.local/lib/python3.12/site-packages/airflow/example_dags/example_python_decorator.py took 0.599 seconds
[2025-07-23T09:04:32.722+0000] {processor.py:161} INFO - Started process (PID=408) to work on /home/airflow/.local/lib/python3.12/site-packages/airflow/example_dags/example_python_decorator.py
[2025-07-23T09:04:32.729+0000] {processor.py:830} INFO - Processing file /home/airflow/.local/lib/python3.12/site-packages/airflow/example_dags/example_python_decorator.py for tasks to queue
[2025-07-23T09:04:32.734+0000] {logging_mixin.py:188} INFO - [2025-07-23T09:04:32.733+0000] {dagbag.py:545} INFO - Filling up the DagBag from /home/airflow/.local/lib/python3.12/site-packages/airflow/example_dags/example_python_decorator.py
[2025-07-23T09:04:32.775+0000] {processor.py:840} INFO - DAG(s) 'example_python_decorator' retrieved from /home/airflow/.local/lib/python3.12/site-packages/airflow/example_dags/example_python_decorator.py
[2025-07-23T09:04:32.870+0000] {logging_mixin.py:188} INFO - [2025-07-23T09:04:32.870+0000] {dag.py:3096} INFO - Sync 1 DAGs
[2025-07-23T09:04:32.909+0000] {logging_mixin.py:188} INFO - [2025-07-23T09:04:32.909+0000] {dag.py:3954} INFO - Setting next_dagrun for example_python_decorator to None, run_after=None
[2025-07-23T09:04:33.025+0000] {processor.py:183} INFO - Processing /home/airflow/.local/lib/python3.12/site-packages/airflow/example_dags/example_python_decorator.py took 0.329 seconds
[2025-07-23T09:05:03.924+0000] {processor.py:161} INFO - Started process (PID=467) to work on /home/airflow/.local/lib/python3.12/site-packages/airflow/example_dags/example_python_decorator.py
[2025-07-23T09:05:03.926+0000] {processor.py:830} INFO - Processing file /home/airflow/.local/lib/python3.12/site-packages/airflow/example_dags/example_python_decorator.py for tasks to queue
[2025-07-23T09:05:03.928+0000] {logging_mixin.py:188} INFO - [2025-07-23T09:05:03.927+0000] {dagbag.py:545} INFO - Filling up the DagBag from /home/airflow/.local/lib/python3.12/site-packages/airflow/example_dags/example_python_decorator.py
[2025-07-23T09:05:03.954+0000] {processor.py:840} INFO - DAG(s) 'example_python_decorator' retrieved from /home/airflow/.local/lib/python3.12/site-packages/airflow/example_dags/example_python_decorator.py
[2025-07-23T09:05:03.974+0000] {logging_mixin.py:188} INFO - [2025-07-23T09:05:03.973+0000] {dag.py:3096} INFO - Sync 1 DAGs
[2025-07-23T09:05:04.003+0000] {logging_mixin.py:188} INFO - [2025-07-23T09:05:04.002+0000] {dag.py:3954} INFO - Setting next_dagrun for example_python_decorator to None, run_after=None
[2025-07-23T09:05:04.044+0000] {processor.py:183} INFO - Processing /home/airflow/.local/lib/python3.12/site-packages/airflow/example_dags/example_python_decorator.py took 0.130 seconds
[2025-07-23T09:05:37.265+0000] {processor.py:161} INFO - Started process (PID=527) to work on /home/airflow/.local/lib/python3.12/site-packages/airflow/example_dags/example_python_decorator.py
[2025-07-23T09:05:37.270+0000] {processor.py:830} INFO - Processing file /home/airflow/.local/lib/python3.12/site-packages/airflow/example_dags/example_python_decorator.py for tasks to queue
[2025-07-23T09:05:37.275+0000] {logging_mixin.py:188} INFO - [2025-07-23T09:05:37.275+0000] {dagbag.py:545} INFO - Filling up the DagBag from /home/airflow/.local/lib/python3.12/site-packages/airflow/example_dags/example_python_decorator.py
[2025-07-23T09:05:37.384+0000] {processor.py:840} INFO - DAG(s) 'example_python_decorator' retrieved from /home/airflow/.local/lib/python3.12/site-packages/airflow/example_dags/example_python_decorator.py
[2025-07-23T09:05:37.416+0000] {logging_mixin.py:188} INFO - [2025-07-23T09:05:37.416+0000] {dag.py:3096} INFO - Sync 1 DAGs
[2025-07-23T09:05:37.449+0000] {logging_mixin.py:188} INFO - [2025-07-23T09:05:37.448+0000] {dag.py:3954} INFO - Setting next_dagrun for example_python_decorator to None, run_after=None
[2025-07-23T09:05:37.526+0000] {processor.py:183} INFO - Processing /home/airflow/.local/lib/python3.12/site-packages/airflow/example_dags/example_python_decorator.py took 0.279 seconds
[2025-07-23T09:06:08.469+0000] {processor.py:161} INFO - Started process (PID=585) to work on /home/airflow/.local/lib/python3.12/site-packages/airflow/example_dags/example_python_decorator.py
[2025-07-23T09:06:08.471+0000] {processor.py:830} INFO - Processing file /home/airflow/.local/lib/python3.12/site-packages/airflow/example_dags/example_python_decorator.py for tasks to queue
[2025-07-23T09:06:08.473+0000] {logging_mixin.py:188} INFO - [2025-07-23T09:06:08.473+0000] {dagbag.py:545} INFO - Filling up the DagBag from /home/airflow/.local/lib/python3.12/site-packages/airflow/example_dags/example_python_decorator.py
[2025-07-23T09:06:08.502+0000] {processor.py:840} INFO - DAG(s) 'example_python_decorator' retrieved from /home/airflow/.local/lib/python3.12/site-packages/airflow/example_dags/example_python_decorator.py
[2025-07-23T09:06:08.976+0000] {logging_mixin.py:188} INFO - [2025-07-23T09:06:08.976+0000] {dag.py:3096} INFO - Sync 1 DAGs
[2025-07-23T09:06:09.040+0000] {logging_mixin.py:188} INFO - [2025-07-23T09:06:09.040+0000] {dag.py:3954} INFO - Setting next_dagrun for example_python_decorator to None, run_after=None
[2025-07-23T09:06:09.119+0000] {processor.py:183} INFO - Processing /home/airflow/.local/lib/python3.12/site-packages/airflow/example_dags/example_python_decorator.py took 0.662 seconds
[2025-07-23T09:06:39.337+0000] {processor.py:161} INFO - Started process (PID=638) to work on /home/airflow/.local/lib/python3.12/site-packages/airflow/example_dags/example_python_decorator.py
[2025-07-23T09:06:39.338+0000] {processor.py:830} INFO - Processing file /home/airflow/.local/lib/python3.12/site-packages/airflow/example_dags/example_python_decorator.py for tasks to queue
[2025-07-23T09:06:39.340+0000] {logging_mixin.py:188} INFO - [2025-07-23T09:06:39.339+0000] {dagbag.py:545} INFO - Filling up the DagBag from /home/airflow/.local/lib/python3.12/site-packages/airflow/example_dags/example_python_decorator.py
[2025-07-23T09:06:39.389+0000] {processor.py:840} INFO - DAG(s) 'example_python_decorator' retrieved from /home/airflow/.local/lib/python3.12/site-packages/airflow/example_dags/example_python_decorator.py
[2025-07-23T09:06:39.442+0000] {logging_mixin.py:188} INFO - [2025-07-23T09:06:39.441+0000] {dag.py:3096} INFO - Sync 1 DAGs
[2025-07-23T09:06:39.480+0000] {logging_mixin.py:188} INFO - [2025-07-23T09:06:39.480+0000] {dag.py:3954} INFO - Setting next_dagrun for example_python_decorator to None, run_after=None
[2025-07-23T09:06:39.512+0000] {processor.py:183} INFO - Processing /home/airflow/.local/lib/python3.12/site-packages/airflow/example_dags/example_python_decorator.py took 0.185 seconds
[2025-07-23T09:07:09.701+0000] {processor.py:161} INFO - Started process (PID=697) to work on /home/airflow/.local/lib/python3.12/site-packages/airflow/example_dags/example_python_decorator.py
[2025-07-23T09:07:09.703+0000] {processor.py:830} INFO - Processing file /home/airflow/.local/lib/python3.12/site-packages/airflow/example_dags/example_python_decorator.py for tasks to queue
[2025-07-23T09:07:09.705+0000] {logging_mixin.py:188} INFO - [2025-07-23T09:07:09.705+0000] {dagbag.py:545} INFO - Filling up the DagBag from /home/airflow/.local/lib/python3.12/site-packages/airflow/example_dags/example_python_decorator.py
[2025-07-23T09:07:09.737+0000] {processor.py:840} INFO - DAG(s) 'example_python_decorator' retrieved from /home/airflow/.local/lib/python3.12/site-packages/airflow/example_dags/example_python_decorator.py
[2025-07-23T09:07:09.768+0000] {logging_mixin.py:188} INFO - [2025-07-23T09:07:09.767+0000] {dag.py:3096} INFO - Sync 1 DAGs
[2025-07-23T09:07:09.784+0000] {logging_mixin.py:188} INFO - [2025-07-23T09:07:09.784+0000] {dag.py:3954} INFO - Setting next_dagrun for example_python_decorator to None, run_after=None
[2025-07-23T09:07:09.821+0000] {processor.py:183} INFO - Processing /home/airflow/.local/lib/python3.12/site-packages/airflow/example_dags/example_python_decorator.py took 0.132 seconds
