[2025-07-23T08:13:57.914+0000] {processor.py:161} INFO - Started process (PID=87) to work on /home/airflow/.local/lib/python3.12/site-packages/airflow/example_dags/example_short_circuit_operator.py
[2025-07-23T08:13:57.918+0000] {processor.py:830} INFO - Processing file /home/airflow/.local/lib/python3.12/site-packages/airflow/example_dags/example_short_circuit_operator.py for tasks to queue
[2025-07-23T08:13:57.925+0000] {logging_mixin.py:188} INFO - [2025-07-23T08:13:57.925+0000] {dagbag.py:545} INFO - Filling up the DagBag from /home/airflow/.local/lib/python3.12/site-packages/airflow/example_dags/example_short_circuit_operator.py
[2025-07-23T08:13:57.981+0000] {processor.py:840} INFO - DAG(s) 'example_short_circuit_operator' retrieved from /home/airflow/.local/lib/python3.12/site-packages/airflow/example_dags/example_short_circuit_operator.py
[2025-07-23T08:13:58.280+0000] {logging_mixin.py:188} INFO - [2025-07-23T08:13:58.279+0000] {dag.py:3096} INFO - Sync 1 DAGs
[2025-07-23T08:13:58.326+0000] {logging_mixin.py:188} INFO - [2025-07-23T08:13:58.325+0000] {dag.py:3954} INFO - Setting next_dagrun for example_short_circuit_operator to 2025-07-22 00:00:00+00:00, run_after=2025-07-23 00:00:00+00:00
[2025-07-23T08:13:58.466+0000] {processor.py:183} INFO - Processing /home/airflow/.local/lib/python3.12/site-packages/airflow/example_dags/example_short_circuit_operator.py took 0.577 seconds
[2025-07-23T08:14:29.231+0000] {processor.py:161} INFO - Started process (PID=144) to work on /home/airflow/.local/lib/python3.12/site-packages/airflow/example_dags/example_short_circuit_operator.py
[2025-07-23T08:14:29.252+0000] {processor.py:830} INFO - Processing file /home/airflow/.local/lib/python3.12/site-packages/airflow/example_dags/example_short_circuit_operator.py for tasks to queue
[2025-07-23T08:14:29.262+0000] {logging_mixin.py:188} INFO - [2025-07-23T08:14:29.259+0000] {dagbag.py:545} INFO - Filling up the DagBag from /home/airflow/.local/lib/python3.12/site-packages/airflow/example_dags/example_short_circuit_operator.py
[2025-07-23T08:14:29.430+0000] {processor.py:840} INFO - DAG(s) 'example_short_circuit_operator' retrieved from /home/airflow/.local/lib/python3.12/site-packages/airflow/example_dags/example_short_circuit_operator.py
[2025-07-23T08:14:29.585+0000] {logging_mixin.py:188} INFO - [2025-07-23T08:14:29.585+0000] {dag.py:3096} INFO - Sync 1 DAGs
[2025-07-23T08:14:29.745+0000] {logging_mixin.py:188} INFO - [2025-07-23T08:14:29.745+0000] {dag.py:3954} INFO - Setting next_dagrun for example_short_circuit_operator to 2025-07-22 00:00:00+00:00, run_after=2025-07-23 00:00:00+00:00
[2025-07-23T08:14:29.950+0000] {processor.py:183} INFO - Processing /home/airflow/.local/lib/python3.12/site-packages/airflow/example_dags/example_short_circuit_operator.py took 0.830 seconds
[2025-07-23T08:15:00.197+0000] {processor.py:161} INFO - Started process (PID=202) to work on /home/airflow/.local/lib/python3.12/site-packages/airflow/example_dags/example_short_circuit_operator.py
[2025-07-23T08:15:00.201+0000] {processor.py:830} INFO - Processing file /home/airflow/.local/lib/python3.12/site-packages/airflow/example_dags/example_short_circuit_operator.py for tasks to queue
[2025-07-23T08:15:00.208+0000] {logging_mixin.py:188} INFO - [2025-07-23T08:15:00.208+0000] {dagbag.py:545} INFO - Filling up the DagBag from /home/airflow/.local/lib/python3.12/site-packages/airflow/example_dags/example_short_circuit_operator.py
[2025-07-23T08:15:00.232+0000] {processor.py:840} INFO - DAG(s) 'example_short_circuit_operator' retrieved from /home/airflow/.local/lib/python3.12/site-packages/airflow/example_dags/example_short_circuit_operator.py
[2025-07-23T08:15:00.333+0000] {logging_mixin.py:188} INFO - [2025-07-23T08:15:00.332+0000] {dag.py:3096} INFO - Sync 1 DAGs
[2025-07-23T08:15:00.406+0000] {logging_mixin.py:188} INFO - [2025-07-23T08:15:00.405+0000] {dag.py:3954} INFO - Setting next_dagrun for example_short_circuit_operator to 2025-07-22 00:00:00+00:00, run_after=2025-07-23 00:00:00+00:00
[2025-07-23T08:15:00.460+0000] {processor.py:183} INFO - Processing /home/airflow/.local/lib/python3.12/site-packages/airflow/example_dags/example_short_circuit_operator.py took 0.283 seconds
[2025-07-23T08:15:30.575+0000] {processor.py:161} INFO - Started process (PID=259) to work on /home/airflow/.local/lib/python3.12/site-packages/airflow/example_dags/example_short_circuit_operator.py
[2025-07-23T08:15:30.577+0000] {processor.py:830} INFO - Processing file /home/airflow/.local/lib/python3.12/site-packages/airflow/example_dags/example_short_circuit_operator.py for tasks to queue
[2025-07-23T08:15:30.582+0000] {logging_mixin.py:188} INFO - [2025-07-23T08:15:30.581+0000] {dagbag.py:545} INFO - Filling up the DagBag from /home/airflow/.local/lib/python3.12/site-packages/airflow/example_dags/example_short_circuit_operator.py
[2025-07-23T08:15:30.650+0000] {processor.py:840} INFO - DAG(s) 'example_short_circuit_operator' retrieved from /home/airflow/.local/lib/python3.12/site-packages/airflow/example_dags/example_short_circuit_operator.py
[2025-07-23T08:15:30.745+0000] {logging_mixin.py:188} INFO - [2025-07-23T08:15:30.745+0000] {dag.py:3096} INFO - Sync 1 DAGs
[2025-07-23T08:15:30.816+0000] {logging_mixin.py:188} INFO - [2025-07-23T08:15:30.815+0000] {dag.py:3954} INFO - Setting next_dagrun for example_short_circuit_operator to 2025-07-22 00:00:00+00:00, run_after=2025-07-23 00:00:00+00:00
[2025-07-23T08:15:30.904+0000] {processor.py:183} INFO - Processing /home/airflow/.local/lib/python3.12/site-packages/airflow/example_dags/example_short_circuit_operator.py took 0.343 seconds
[2025-07-23T08:16:03.233+0000] {processor.py:161} INFO - Started process (PID=317) to work on /home/airflow/.local/lib/python3.12/site-packages/airflow/example_dags/example_short_circuit_operator.py
[2025-07-23T08:16:03.238+0000] {processor.py:830} INFO - Processing file /home/airflow/.local/lib/python3.12/site-packages/airflow/example_dags/example_short_circuit_operator.py for tasks to queue
[2025-07-23T08:16:03.274+0000] {logging_mixin.py:188} INFO - [2025-07-23T08:16:03.273+0000] {dagbag.py:545} INFO - Filling up the DagBag from /home/airflow/.local/lib/python3.12/site-packages/airflow/example_dags/example_short_circuit_operator.py
[2025-07-23T08:16:03.333+0000] {processor.py:840} INFO - DAG(s) 'example_short_circuit_operator' retrieved from /home/airflow/.local/lib/python3.12/site-packages/airflow/example_dags/example_short_circuit_operator.py
[2025-07-23T08:16:03.487+0000] {logging_mixin.py:188} INFO - [2025-07-23T08:16:03.486+0000] {dag.py:3096} INFO - Sync 1 DAGs
[2025-07-23T08:16:03.594+0000] {logging_mixin.py:188} INFO - [2025-07-23T08:16:03.593+0000] {dag.py:3954} INFO - Setting next_dagrun for example_short_circuit_operator to 2025-07-22 00:00:00+00:00, run_after=2025-07-23 00:00:00+00:00
[2025-07-23T08:16:03.687+0000] {processor.py:183} INFO - Processing /home/airflow/.local/lib/python3.12/site-packages/airflow/example_dags/example_short_circuit_operator.py took 0.483 seconds
[2025-07-23T08:16:39.386+0000] {processor.py:161} INFO - Started process (PID=373) to work on /home/airflow/.local/lib/python3.12/site-packages/airflow/example_dags/example_short_circuit_operator.py
[2025-07-23T08:16:39.389+0000] {processor.py:830} INFO - Processing file /home/airflow/.local/lib/python3.12/site-packages/airflow/example_dags/example_short_circuit_operator.py for tasks to queue
[2025-07-23T08:16:39.399+0000] {logging_mixin.py:188} INFO - [2025-07-23T08:16:39.398+0000] {dagbag.py:545} INFO - Filling up the DagBag from /home/airflow/.local/lib/python3.12/site-packages/airflow/example_dags/example_short_circuit_operator.py
[2025-07-23T08:16:39.415+0000] {processor.py:840} INFO - DAG(s) 'example_short_circuit_operator' retrieved from /home/airflow/.local/lib/python3.12/site-packages/airflow/example_dags/example_short_circuit_operator.py
[2025-07-23T08:16:39.482+0000] {logging_mixin.py:188} INFO - [2025-07-23T08:16:39.482+0000] {dag.py:3096} INFO - Sync 1 DAGs
[2025-07-23T08:16:39.538+0000] {logging_mixin.py:188} INFO - [2025-07-23T08:16:39.537+0000] {dag.py:3954} INFO - Setting next_dagrun for example_short_circuit_operator to 2025-07-22 00:00:00+00:00, run_after=2025-07-23 00:00:00+00:00
[2025-07-23T08:16:39.582+0000] {processor.py:183} INFO - Processing /home/airflow/.local/lib/python3.12/site-packages/airflow/example_dags/example_short_circuit_operator.py took 0.223 seconds
[2025-07-23T08:17:10.168+0000] {processor.py:161} INFO - Started process (PID=431) to work on /home/airflow/.local/lib/python3.12/site-packages/airflow/example_dags/example_short_circuit_operator.py
[2025-07-23T08:17:10.172+0000] {processor.py:830} INFO - Processing file /home/airflow/.local/lib/python3.12/site-packages/airflow/example_dags/example_short_circuit_operator.py for tasks to queue
[2025-07-23T08:17:10.181+0000] {logging_mixin.py:188} INFO - [2025-07-23T08:17:10.180+0000] {dagbag.py:545} INFO - Filling up the DagBag from /home/airflow/.local/lib/python3.12/site-packages/airflow/example_dags/example_short_circuit_operator.py
[2025-07-23T08:17:10.217+0000] {processor.py:840} INFO - DAG(s) 'example_short_circuit_operator' retrieved from /home/airflow/.local/lib/python3.12/site-packages/airflow/example_dags/example_short_circuit_operator.py
[2025-07-23T08:17:10.290+0000] {logging_mixin.py:188} INFO - [2025-07-23T08:17:10.289+0000] {dag.py:3096} INFO - Sync 1 DAGs
[2025-07-23T08:17:10.364+0000] {logging_mixin.py:188} INFO - [2025-07-23T08:17:10.363+0000] {dag.py:3954} INFO - Setting next_dagrun for example_short_circuit_operator to 2025-07-22 00:00:00+00:00, run_after=2025-07-23 00:00:00+00:00
[2025-07-23T08:17:10.427+0000] {processor.py:183} INFO - Processing /home/airflow/.local/lib/python3.12/site-packages/airflow/example_dags/example_short_circuit_operator.py took 0.281 seconds
[2025-07-23T08:17:40.759+0000] {processor.py:161} INFO - Started process (PID=488) to work on /home/airflow/.local/lib/python3.12/site-packages/airflow/example_dags/example_short_circuit_operator.py
[2025-07-23T08:17:40.761+0000] {processor.py:830} INFO - Processing file /home/airflow/.local/lib/python3.12/site-packages/airflow/example_dags/example_short_circuit_operator.py for tasks to queue
[2025-07-23T08:17:40.766+0000] {logging_mixin.py:188} INFO - [2025-07-23T08:17:40.765+0000] {dagbag.py:545} INFO - Filling up the DagBag from /home/airflow/.local/lib/python3.12/site-packages/airflow/example_dags/example_short_circuit_operator.py
[2025-07-23T08:17:40.782+0000] {processor.py:840} INFO - DAG(s) 'example_short_circuit_operator' retrieved from /home/airflow/.local/lib/python3.12/site-packages/airflow/example_dags/example_short_circuit_operator.py
[2025-07-23T08:17:40.835+0000] {logging_mixin.py:188} INFO - [2025-07-23T08:17:40.835+0000] {dag.py:3096} INFO - Sync 1 DAGs
[2025-07-23T08:17:40.939+0000] {logging_mixin.py:188} INFO - [2025-07-23T08:17:40.938+0000] {dag.py:3954} INFO - Setting next_dagrun for example_short_circuit_operator to 2025-07-22 00:00:00+00:00, run_after=2025-07-23 00:00:00+00:00
[2025-07-23T08:17:41.100+0000] {processor.py:183} INFO - Processing /home/airflow/.local/lib/python3.12/site-packages/airflow/example_dags/example_short_circuit_operator.py took 0.353 seconds
[2025-07-23T08:18:12.158+0000] {processor.py:161} INFO - Started process (PID=545) to work on /home/airflow/.local/lib/python3.12/site-packages/airflow/example_dags/example_short_circuit_operator.py
[2025-07-23T08:18:12.184+0000] {processor.py:830} INFO - Processing file /home/airflow/.local/lib/python3.12/site-packages/airflow/example_dags/example_short_circuit_operator.py for tasks to queue
[2025-07-23T08:18:12.199+0000] {logging_mixin.py:188} INFO - [2025-07-23T08:18:12.198+0000] {dagbag.py:545} INFO - Filling up the DagBag from /home/airflow/.local/lib/python3.12/site-packages/airflow/example_dags/example_short_circuit_operator.py
[2025-07-23T08:18:12.245+0000] {processor.py:840} INFO - DAG(s) 'example_short_circuit_operator' retrieved from /home/airflow/.local/lib/python3.12/site-packages/airflow/example_dags/example_short_circuit_operator.py
[2025-07-23T08:18:12.334+0000] {logging_mixin.py:188} INFO - [2025-07-23T08:18:12.333+0000] {dag.py:3096} INFO - Sync 1 DAGs
[2025-07-23T08:18:12.455+0000] {logging_mixin.py:188} INFO - [2025-07-23T08:18:12.452+0000] {dag.py:3954} INFO - Setting next_dagrun for example_short_circuit_operator to 2025-07-22 00:00:00+00:00, run_after=2025-07-23 00:00:00+00:00
[2025-07-23T08:18:12.574+0000] {processor.py:183} INFO - Processing /home/airflow/.local/lib/python3.12/site-packages/airflow/example_dags/example_short_circuit_operator.py took 0.440 seconds
[2025-07-23T08:18:43.176+0000] {processor.py:161} INFO - Started process (PID=603) to work on /home/airflow/.local/lib/python3.12/site-packages/airflow/example_dags/example_short_circuit_operator.py
[2025-07-23T08:18:43.179+0000] {processor.py:830} INFO - Processing file /home/airflow/.local/lib/python3.12/site-packages/airflow/example_dags/example_short_circuit_operator.py for tasks to queue
[2025-07-23T08:18:43.183+0000] {logging_mixin.py:188} INFO - [2025-07-23T08:18:43.182+0000] {dagbag.py:545} INFO - Filling up the DagBag from /home/airflow/.local/lib/python3.12/site-packages/airflow/example_dags/example_short_circuit_operator.py
[2025-07-23T08:18:43.199+0000] {processor.py:840} INFO - DAG(s) 'example_short_circuit_operator' retrieved from /home/airflow/.local/lib/python3.12/site-packages/airflow/example_dags/example_short_circuit_operator.py
[2025-07-23T08:18:43.269+0000] {logging_mixin.py:188} INFO - [2025-07-23T08:18:43.268+0000] {dag.py:3096} INFO - Sync 1 DAGs
[2025-07-23T08:18:43.371+0000] {logging_mixin.py:188} INFO - [2025-07-23T08:18:43.371+0000] {dag.py:3954} INFO - Setting next_dagrun for example_short_circuit_operator to 2025-07-22 00:00:00+00:00, run_after=2025-07-23 00:00:00+00:00
[2025-07-23T08:18:43.523+0000] {processor.py:183} INFO - Processing /home/airflow/.local/lib/python3.12/site-packages/airflow/example_dags/example_short_circuit_operator.py took 0.361 seconds
[2025-07-23T08:19:15.012+0000] {processor.py:161} INFO - Started process (PID=661) to work on /home/airflow/.local/lib/python3.12/site-packages/airflow/example_dags/example_short_circuit_operator.py
[2025-07-23T08:19:15.054+0000] {processor.py:830} INFO - Processing file /home/airflow/.local/lib/python3.12/site-packages/airflow/example_dags/example_short_circuit_operator.py for tasks to queue
[2025-07-23T08:19:15.074+0000] {logging_mixin.py:188} INFO - [2025-07-23T08:19:15.069+0000] {dagbag.py:545} INFO - Filling up the DagBag from /home/airflow/.local/lib/python3.12/site-packages/airflow/example_dags/example_short_circuit_operator.py
[2025-07-23T08:19:15.162+0000] {processor.py:840} INFO - DAG(s) 'example_short_circuit_operator' retrieved from /home/airflow/.local/lib/python3.12/site-packages/airflow/example_dags/example_short_circuit_operator.py
[2025-07-23T08:19:15.656+0000] {logging_mixin.py:188} INFO - [2025-07-23T08:19:15.655+0000] {dag.py:3096} INFO - Sync 1 DAGs
[2025-07-23T08:19:15.893+0000] {logging_mixin.py:188} INFO - [2025-07-23T08:19:15.892+0000] {dag.py:3954} INFO - Setting next_dagrun for example_short_circuit_operator to 2025-07-22 00:00:00+00:00, run_after=2025-07-23 00:00:00+00:00
[2025-07-23T08:19:16.049+0000] {processor.py:183} INFO - Processing /home/airflow/.local/lib/python3.12/site-packages/airflow/example_dags/example_short_circuit_operator.py took 1.165 seconds
[2025-07-23T08:19:47.315+0000] {processor.py:161} INFO - Started process (PID=719) to work on /home/airflow/.local/lib/python3.12/site-packages/airflow/example_dags/example_short_circuit_operator.py
[2025-07-23T08:19:47.327+0000] {processor.py:830} INFO - Processing file /home/airflow/.local/lib/python3.12/site-packages/airflow/example_dags/example_short_circuit_operator.py for tasks to queue
[2025-07-23T08:19:47.331+0000] {logging_mixin.py:188} INFO - [2025-07-23T08:19:47.331+0000] {dagbag.py:545} INFO - Filling up the DagBag from /home/airflow/.local/lib/python3.12/site-packages/airflow/example_dags/example_short_circuit_operator.py
[2025-07-23T08:19:47.365+0000] {processor.py:840} INFO - DAG(s) 'example_short_circuit_operator' retrieved from /home/airflow/.local/lib/python3.12/site-packages/airflow/example_dags/example_short_circuit_operator.py
[2025-07-23T08:19:47.567+0000] {logging_mixin.py:188} INFO - [2025-07-23T08:19:47.567+0000] {dag.py:3096} INFO - Sync 1 DAGs
[2025-07-23T08:19:47.625+0000] {logging_mixin.py:188} INFO - [2025-07-23T08:19:47.624+0000] {dag.py:3954} INFO - Setting next_dagrun for example_short_circuit_operator to 2025-07-22 00:00:00+00:00, run_after=2025-07-23 00:00:00+00:00
[2025-07-23T08:19:47.722+0000] {processor.py:183} INFO - Processing /home/airflow/.local/lib/python3.12/site-packages/airflow/example_dags/example_short_circuit_operator.py took 0.469 seconds
[2025-07-23T08:20:19.541+0000] {processor.py:161} INFO - Started process (PID=776) to work on /home/airflow/.local/lib/python3.12/site-packages/airflow/example_dags/example_short_circuit_operator.py
[2025-07-23T08:20:19.568+0000] {processor.py:830} INFO - Processing file /home/airflow/.local/lib/python3.12/site-packages/airflow/example_dags/example_short_circuit_operator.py for tasks to queue
[2025-07-23T08:20:19.573+0000] {logging_mixin.py:188} INFO - [2025-07-23T08:20:19.572+0000] {dagbag.py:545} INFO - Filling up the DagBag from /home/airflow/.local/lib/python3.12/site-packages/airflow/example_dags/example_short_circuit_operator.py
[2025-07-23T08:20:19.617+0000] {processor.py:840} INFO - DAG(s) 'example_short_circuit_operator' retrieved from /home/airflow/.local/lib/python3.12/site-packages/airflow/example_dags/example_short_circuit_operator.py
[2025-07-23T08:20:19.944+0000] {logging_mixin.py:188} INFO - [2025-07-23T08:20:19.943+0000] {dag.py:3096} INFO - Sync 1 DAGs
[2025-07-23T08:20:19.994+0000] {logging_mixin.py:188} INFO - [2025-07-23T08:20:19.993+0000] {dag.py:3954} INFO - Setting next_dagrun for example_short_circuit_operator to 2025-07-22 00:00:00+00:00, run_after=2025-07-23 00:00:00+00:00
[2025-07-23T08:20:20.158+0000] {processor.py:183} INFO - Processing /home/airflow/.local/lib/python3.12/site-packages/airflow/example_dags/example_short_circuit_operator.py took 0.633 seconds
[2025-07-23T08:20:57.264+0000] {processor.py:161} INFO - Started process (PID=839) to work on /home/airflow/.local/lib/python3.12/site-packages/airflow/example_dags/example_short_circuit_operator.py
[2025-07-23T08:20:57.266+0000] {processor.py:830} INFO - Processing file /home/airflow/.local/lib/python3.12/site-packages/airflow/example_dags/example_short_circuit_operator.py for tasks to queue
[2025-07-23T08:20:57.283+0000] {logging_mixin.py:188} INFO - [2025-07-23T08:20:57.283+0000] {dagbag.py:545} INFO - Filling up the DagBag from /home/airflow/.local/lib/python3.12/site-packages/airflow/example_dags/example_short_circuit_operator.py
[2025-07-23T08:20:57.309+0000] {processor.py:840} INFO - DAG(s) 'example_short_circuit_operator' retrieved from /home/airflow/.local/lib/python3.12/site-packages/airflow/example_dags/example_short_circuit_operator.py
[2025-07-23T08:20:57.487+0000] {logging_mixin.py:188} INFO - [2025-07-23T08:20:57.486+0000] {dag.py:3096} INFO - Sync 1 DAGs
[2025-07-23T08:20:57.601+0000] {logging_mixin.py:188} INFO - [2025-07-23T08:20:57.601+0000] {dag.py:3954} INFO - Setting next_dagrun for example_short_circuit_operator to 2025-07-22 00:00:00+00:00, run_after=2025-07-23 00:00:00+00:00
[2025-07-23T08:20:57.665+0000] {processor.py:183} INFO - Processing /home/airflow/.local/lib/python3.12/site-packages/airflow/example_dags/example_short_circuit_operator.py took 0.443 seconds
[2025-07-23T08:21:29.908+0000] {processor.py:161} INFO - Started process (PID=898) to work on /home/airflow/.local/lib/python3.12/site-packages/airflow/example_dags/example_short_circuit_operator.py
[2025-07-23T08:21:29.910+0000] {processor.py:830} INFO - Processing file /home/airflow/.local/lib/python3.12/site-packages/airflow/example_dags/example_short_circuit_operator.py for tasks to queue
[2025-07-23T08:21:29.927+0000] {logging_mixin.py:188} INFO - [2025-07-23T08:21:29.926+0000] {dagbag.py:545} INFO - Filling up the DagBag from /home/airflow/.local/lib/python3.12/site-packages/airflow/example_dags/example_short_circuit_operator.py
[2025-07-23T08:21:30.001+0000] {processor.py:840} INFO - DAG(s) 'example_short_circuit_operator' retrieved from /home/airflow/.local/lib/python3.12/site-packages/airflow/example_dags/example_short_circuit_operator.py
[2025-07-23T08:21:30.146+0000] {logging_mixin.py:188} INFO - [2025-07-23T08:21:30.145+0000] {dag.py:3096} INFO - Sync 1 DAGs
[2025-07-23T08:21:30.282+0000] {logging_mixin.py:188} INFO - [2025-07-23T08:21:30.282+0000] {dag.py:3954} INFO - Setting next_dagrun for example_short_circuit_operator to 2025-07-22 00:00:00+00:00, run_after=2025-07-23 00:00:00+00:00
[2025-07-23T08:21:30.374+0000] {processor.py:183} INFO - Processing /home/airflow/.local/lib/python3.12/site-packages/airflow/example_dags/example_short_circuit_operator.py took 0.539 seconds
[2025-07-23T08:22:01.004+0000] {processor.py:161} INFO - Started process (PID=955) to work on /home/airflow/.local/lib/python3.12/site-packages/airflow/example_dags/example_short_circuit_operator.py
[2025-07-23T08:22:01.024+0000] {processor.py:830} INFO - Processing file /home/airflow/.local/lib/python3.12/site-packages/airflow/example_dags/example_short_circuit_operator.py for tasks to queue
[2025-07-23T08:22:01.033+0000] {logging_mixin.py:188} INFO - [2025-07-23T08:22:01.032+0000] {dagbag.py:545} INFO - Filling up the DagBag from /home/airflow/.local/lib/python3.12/site-packages/airflow/example_dags/example_short_circuit_operator.py
[2025-07-23T08:22:01.086+0000] {processor.py:840} INFO - DAG(s) 'example_short_circuit_operator' retrieved from /home/airflow/.local/lib/python3.12/site-packages/airflow/example_dags/example_short_circuit_operator.py
[2025-07-23T08:22:01.304+0000] {logging_mixin.py:188} INFO - [2025-07-23T08:22:01.292+0000] {dag.py:3096} INFO - Sync 1 DAGs
[2025-07-23T08:22:01.557+0000] {logging_mixin.py:188} INFO - [2025-07-23T08:22:01.556+0000] {dag.py:3954} INFO - Setting next_dagrun for example_short_circuit_operator to 2025-07-22 00:00:00+00:00, run_after=2025-07-23 00:00:00+00:00
[2025-07-23T08:22:01.735+0000] {processor.py:183} INFO - Processing /home/airflow/.local/lib/python3.12/site-packages/airflow/example_dags/example_short_circuit_operator.py took 0.773 seconds
[2025-07-23T08:22:32.356+0000] {processor.py:161} INFO - Started process (PID=1012) to work on /home/airflow/.local/lib/python3.12/site-packages/airflow/example_dags/example_short_circuit_operator.py
[2025-07-23T08:22:32.363+0000] {processor.py:830} INFO - Processing file /home/airflow/.local/lib/python3.12/site-packages/airflow/example_dags/example_short_circuit_operator.py for tasks to queue
[2025-07-23T08:22:32.373+0000] {logging_mixin.py:188} INFO - [2025-07-23T08:22:32.372+0000] {dagbag.py:545} INFO - Filling up the DagBag from /home/airflow/.local/lib/python3.12/site-packages/airflow/example_dags/example_short_circuit_operator.py
[2025-07-23T08:22:32.420+0000] {processor.py:840} INFO - DAG(s) 'example_short_circuit_operator' retrieved from /home/airflow/.local/lib/python3.12/site-packages/airflow/example_dags/example_short_circuit_operator.py
[2025-07-23T08:22:32.581+0000] {logging_mixin.py:188} INFO - [2025-07-23T08:22:32.581+0000] {dag.py:3096} INFO - Sync 1 DAGs
[2025-07-23T08:22:32.814+0000] {logging_mixin.py:188} INFO - [2025-07-23T08:22:32.813+0000] {dag.py:3954} INFO - Setting next_dagrun for example_short_circuit_operator to 2025-07-22 00:00:00+00:00, run_after=2025-07-23 00:00:00+00:00
[2025-07-23T08:22:33.052+0000] {processor.py:183} INFO - Processing /home/airflow/.local/lib/python3.12/site-packages/airflow/example_dags/example_short_circuit_operator.py took 0.731 seconds
[2025-07-23T08:23:09.572+0000] {processor.py:161} INFO - Started process (PID=1071) to work on /home/airflow/.local/lib/python3.12/site-packages/airflow/example_dags/example_short_circuit_operator.py
[2025-07-23T08:23:09.577+0000] {processor.py:830} INFO - Processing file /home/airflow/.local/lib/python3.12/site-packages/airflow/example_dags/example_short_circuit_operator.py for tasks to queue
[2025-07-23T08:23:09.604+0000] {logging_mixin.py:188} INFO - [2025-07-23T08:23:09.591+0000] {dagbag.py:545} INFO - Filling up the DagBag from /home/airflow/.local/lib/python3.12/site-packages/airflow/example_dags/example_short_circuit_operator.py
[2025-07-23T08:23:09.667+0000] {processor.py:840} INFO - DAG(s) 'example_short_circuit_operator' retrieved from /home/airflow/.local/lib/python3.12/site-packages/airflow/example_dags/example_short_circuit_operator.py
[2025-07-23T08:23:09.985+0000] {logging_mixin.py:188} INFO - [2025-07-23T08:23:09.985+0000] {dag.py:3096} INFO - Sync 1 DAGs
[2025-07-23T08:23:10.226+0000] {logging_mixin.py:188} INFO - [2025-07-23T08:23:10.225+0000] {dag.py:3954} INFO - Setting next_dagrun for example_short_circuit_operator to 2025-07-22 00:00:00+00:00, run_after=2025-07-23 00:00:00+00:00
[2025-07-23T08:23:10.544+0000] {processor.py:183} INFO - Processing /home/airflow/.local/lib/python3.12/site-packages/airflow/example_dags/example_short_circuit_operator.py took 1.033 seconds
[2025-07-23T08:23:50.163+0000] {processor.py:161} INFO - Started process (PID=1122) to work on /home/airflow/.local/lib/python3.12/site-packages/airflow/example_dags/example_short_circuit_operator.py
[2025-07-23T08:23:50.175+0000] {processor.py:830} INFO - Processing file /home/airflow/.local/lib/python3.12/site-packages/airflow/example_dags/example_short_circuit_operator.py for tasks to queue
[2025-07-23T08:23:50.189+0000] {logging_mixin.py:188} INFO - [2025-07-23T08:23:50.188+0000] {dagbag.py:545} INFO - Filling up the DagBag from /home/airflow/.local/lib/python3.12/site-packages/airflow/example_dags/example_short_circuit_operator.py
[2025-07-23T08:23:50.250+0000] {processor.py:840} INFO - DAG(s) 'example_short_circuit_operator' retrieved from /home/airflow/.local/lib/python3.12/site-packages/airflow/example_dags/example_short_circuit_operator.py
[2025-07-23T08:23:50.436+0000] {logging_mixin.py:188} INFO - [2025-07-23T08:23:50.436+0000] {dag.py:3096} INFO - Sync 1 DAGs
[2025-07-23T08:23:50.516+0000] {logging_mixin.py:188} INFO - [2025-07-23T08:23:50.516+0000] {dag.py:3954} INFO - Setting next_dagrun for example_short_circuit_operator to 2025-07-22 00:00:00+00:00, run_after=2025-07-23 00:00:00+00:00
[2025-07-23T08:23:50.630+0000] {processor.py:183} INFO - Processing /home/airflow/.local/lib/python3.12/site-packages/airflow/example_dags/example_short_circuit_operator.py took 0.502 seconds
[2025-07-23T08:24:21.675+0000] {processor.py:161} INFO - Started process (PID=1180) to work on /home/airflow/.local/lib/python3.12/site-packages/airflow/example_dags/example_short_circuit_operator.py
[2025-07-23T08:24:21.700+0000] {processor.py:830} INFO - Processing file /home/airflow/.local/lib/python3.12/site-packages/airflow/example_dags/example_short_circuit_operator.py for tasks to queue
[2025-07-23T08:24:21.759+0000] {logging_mixin.py:188} INFO - [2025-07-23T08:24:21.758+0000] {dagbag.py:545} INFO - Filling up the DagBag from /home/airflow/.local/lib/python3.12/site-packages/airflow/example_dags/example_short_circuit_operator.py
[2025-07-23T08:24:21.867+0000] {processor.py:840} INFO - DAG(s) 'example_short_circuit_operator' retrieved from /home/airflow/.local/lib/python3.12/site-packages/airflow/example_dags/example_short_circuit_operator.py
[2025-07-23T08:24:22.049+0000] {logging_mixin.py:188} INFO - [2025-07-23T08:24:22.042+0000] {dag.py:3096} INFO - Sync 1 DAGs
[2025-07-23T08:24:22.169+0000] {logging_mixin.py:188} INFO - [2025-07-23T08:24:22.167+0000] {dag.py:3954} INFO - Setting next_dagrun for example_short_circuit_operator to 2025-07-22 00:00:00+00:00, run_after=2025-07-23 00:00:00+00:00
[2025-07-23T08:24:22.328+0000] {processor.py:183} INFO - Processing /home/airflow/.local/lib/python3.12/site-packages/airflow/example_dags/example_short_circuit_operator.py took 0.697 seconds
[2025-07-23T08:24:52.952+0000] {processor.py:161} INFO - Started process (PID=1237) to work on /home/airflow/.local/lib/python3.12/site-packages/airflow/example_dags/example_short_circuit_operator.py
[2025-07-23T08:24:52.956+0000] {processor.py:830} INFO - Processing file /home/airflow/.local/lib/python3.12/site-packages/airflow/example_dags/example_short_circuit_operator.py for tasks to queue
[2025-07-23T08:24:52.969+0000] {logging_mixin.py:188} INFO - [2025-07-23T08:24:52.968+0000] {dagbag.py:545} INFO - Filling up the DagBag from /home/airflow/.local/lib/python3.12/site-packages/airflow/example_dags/example_short_circuit_operator.py
[2025-07-23T08:24:53.047+0000] {processor.py:840} INFO - DAG(s) 'example_short_circuit_operator' retrieved from /home/airflow/.local/lib/python3.12/site-packages/airflow/example_dags/example_short_circuit_operator.py
[2025-07-23T08:24:53.214+0000] {logging_mixin.py:188} INFO - [2025-07-23T08:24:53.213+0000] {dag.py:3096} INFO - Sync 1 DAGs
[2025-07-23T08:24:53.345+0000] {logging_mixin.py:188} INFO - [2025-07-23T08:24:53.344+0000] {dag.py:3954} INFO - Setting next_dagrun for example_short_circuit_operator to 2025-07-22 00:00:00+00:00, run_after=2025-07-23 00:00:00+00:00
[2025-07-23T08:24:53.430+0000] {processor.py:183} INFO - Processing /home/airflow/.local/lib/python3.12/site-packages/airflow/example_dags/example_short_circuit_operator.py took 0.503 seconds
[2025-07-23T08:25:23.763+0000] {processor.py:161} INFO - Started process (PID=1295) to work on /home/airflow/.local/lib/python3.12/site-packages/airflow/example_dags/example_short_circuit_operator.py
[2025-07-23T08:25:23.765+0000] {processor.py:830} INFO - Processing file /home/airflow/.local/lib/python3.12/site-packages/airflow/example_dags/example_short_circuit_operator.py for tasks to queue
[2025-07-23T08:25:23.780+0000] {logging_mixin.py:188} INFO - [2025-07-23T08:25:23.779+0000] {dagbag.py:545} INFO - Filling up the DagBag from /home/airflow/.local/lib/python3.12/site-packages/airflow/example_dags/example_short_circuit_operator.py
[2025-07-23T08:25:23.803+0000] {processor.py:840} INFO - DAG(s) 'example_short_circuit_operator' retrieved from /home/airflow/.local/lib/python3.12/site-packages/airflow/example_dags/example_short_circuit_operator.py
[2025-07-23T08:25:23.863+0000] {logging_mixin.py:188} INFO - [2025-07-23T08:25:23.863+0000] {dag.py:3096} INFO - Sync 1 DAGs
[2025-07-23T08:25:23.918+0000] {logging_mixin.py:188} INFO - [2025-07-23T08:25:23.918+0000] {dag.py:3954} INFO - Setting next_dagrun for example_short_circuit_operator to 2025-07-22 00:00:00+00:00, run_after=2025-07-23 00:00:00+00:00
[2025-07-23T08:25:23.969+0000] {processor.py:183} INFO - Processing /home/airflow/.local/lib/python3.12/site-packages/airflow/example_dags/example_short_circuit_operator.py took 0.221 seconds
[2025-07-23T08:25:55.496+0000] {processor.py:161} INFO - Started process (PID=1353) to work on /home/airflow/.local/lib/python3.12/site-packages/airflow/example_dags/example_short_circuit_operator.py
[2025-07-23T08:25:55.507+0000] {processor.py:830} INFO - Processing file /home/airflow/.local/lib/python3.12/site-packages/airflow/example_dags/example_short_circuit_operator.py for tasks to queue
[2025-07-23T08:25:55.512+0000] {logging_mixin.py:188} INFO - [2025-07-23T08:25:55.511+0000] {dagbag.py:545} INFO - Filling up the DagBag from /home/airflow/.local/lib/python3.12/site-packages/airflow/example_dags/example_short_circuit_operator.py
[2025-07-23T08:25:55.588+0000] {processor.py:840} INFO - DAG(s) 'example_short_circuit_operator' retrieved from /home/airflow/.local/lib/python3.12/site-packages/airflow/example_dags/example_short_circuit_operator.py
[2025-07-23T08:25:55.963+0000] {logging_mixin.py:188} INFO - [2025-07-23T08:25:55.962+0000] {dag.py:3096} INFO - Sync 1 DAGs
[2025-07-23T08:25:56.219+0000] {logging_mixin.py:188} INFO - [2025-07-23T08:25:56.218+0000] {dag.py:3954} INFO - Setting next_dagrun for example_short_circuit_operator to 2025-07-22 00:00:00+00:00, run_after=2025-07-23 00:00:00+00:00
[2025-07-23T08:25:56.374+0000] {processor.py:183} INFO - Processing /home/airflow/.local/lib/python3.12/site-packages/airflow/example_dags/example_short_circuit_operator.py took 0.908 seconds
[2025-07-23T08:26:26.488+0000] {processor.py:161} INFO - Started process (PID=1410) to work on /home/airflow/.local/lib/python3.12/site-packages/airflow/example_dags/example_short_circuit_operator.py
[2025-07-23T08:26:26.490+0000] {processor.py:830} INFO - Processing file /home/airflow/.local/lib/python3.12/site-packages/airflow/example_dags/example_short_circuit_operator.py for tasks to queue
[2025-07-23T08:26:26.499+0000] {logging_mixin.py:188} INFO - [2025-07-23T08:26:26.498+0000] {dagbag.py:545} INFO - Filling up the DagBag from /home/airflow/.local/lib/python3.12/site-packages/airflow/example_dags/example_short_circuit_operator.py
[2025-07-23T08:26:26.535+0000] {processor.py:840} INFO - DAG(s) 'example_short_circuit_operator' retrieved from /home/airflow/.local/lib/python3.12/site-packages/airflow/example_dags/example_short_circuit_operator.py
[2025-07-23T08:26:26.646+0000] {logging_mixin.py:188} INFO - [2025-07-23T08:26:26.646+0000] {dag.py:3096} INFO - Sync 1 DAGs
[2025-07-23T08:26:26.760+0000] {logging_mixin.py:188} INFO - [2025-07-23T08:26:26.759+0000] {dag.py:3954} INFO - Setting next_dagrun for example_short_circuit_operator to 2025-07-22 00:00:00+00:00, run_after=2025-07-23 00:00:00+00:00
[2025-07-23T08:26:26.933+0000] {processor.py:183} INFO - Processing /home/airflow/.local/lib/python3.12/site-packages/airflow/example_dags/example_short_circuit_operator.py took 0.466 seconds
[2025-07-23T08:26:57.206+0000] {processor.py:161} INFO - Started process (PID=1468) to work on /home/airflow/.local/lib/python3.12/site-packages/airflow/example_dags/example_short_circuit_operator.py
[2025-07-23T08:26:57.207+0000] {processor.py:830} INFO - Processing file /home/airflow/.local/lib/python3.12/site-packages/airflow/example_dags/example_short_circuit_operator.py for tasks to queue
[2025-07-23T08:26:57.210+0000] {logging_mixin.py:188} INFO - [2025-07-23T08:26:57.210+0000] {dagbag.py:545} INFO - Filling up the DagBag from /home/airflow/.local/lib/python3.12/site-packages/airflow/example_dags/example_short_circuit_operator.py
[2025-07-23T08:26:57.228+0000] {processor.py:840} INFO - DAG(s) 'example_short_circuit_operator' retrieved from /home/airflow/.local/lib/python3.12/site-packages/airflow/example_dags/example_short_circuit_operator.py
[2025-07-23T08:26:57.330+0000] {logging_mixin.py:188} INFO - [2025-07-23T08:26:57.330+0000] {dag.py:3096} INFO - Sync 1 DAGs
[2025-07-23T08:26:57.408+0000] {logging_mixin.py:188} INFO - [2025-07-23T08:26:57.408+0000] {dag.py:3954} INFO - Setting next_dagrun for example_short_circuit_operator to 2025-07-22 00:00:00+00:00, run_after=2025-07-23 00:00:00+00:00
[2025-07-23T08:26:57.492+0000] {processor.py:183} INFO - Processing /home/airflow/.local/lib/python3.12/site-packages/airflow/example_dags/example_short_circuit_operator.py took 0.302 seconds
[2025-07-23T08:27:40.298+0000] {processor.py:161} INFO - Started process (PID=1532) to work on /home/airflow/.local/lib/python3.12/site-packages/airflow/example_dags/example_short_circuit_operator.py
[2025-07-23T08:27:40.322+0000] {processor.py:830} INFO - Processing file /home/airflow/.local/lib/python3.12/site-packages/airflow/example_dags/example_short_circuit_operator.py for tasks to queue
[2025-07-23T08:27:40.353+0000] {logging_mixin.py:188} INFO - [2025-07-23T08:27:40.348+0000] {dagbag.py:545} INFO - Filling up the DagBag from /home/airflow/.local/lib/python3.12/site-packages/airflow/example_dags/example_short_circuit_operator.py
[2025-07-23T08:27:40.475+0000] {processor.py:840} INFO - DAG(s) 'example_short_circuit_operator' retrieved from /home/airflow/.local/lib/python3.12/site-packages/airflow/example_dags/example_short_circuit_operator.py
[2025-07-23T08:27:40.693+0000] {logging_mixin.py:188} INFO - [2025-07-23T08:27:40.692+0000] {dag.py:3096} INFO - Sync 1 DAGs
[2025-07-23T08:27:40.892+0000] {logging_mixin.py:188} INFO - [2025-07-23T08:27:40.891+0000] {dag.py:3954} INFO - Setting next_dagrun for example_short_circuit_operator to 2025-07-22 00:00:00+00:00, run_after=2025-07-23 00:00:00+00:00
[2025-07-23T08:27:41.074+0000] {processor.py:183} INFO - Processing /home/airflow/.local/lib/python3.12/site-packages/airflow/example_dags/example_short_circuit_operator.py took 0.844 seconds
[2025-07-23T08:28:11.679+0000] {processor.py:161} INFO - Started process (PID=1590) to work on /home/airflow/.local/lib/python3.12/site-packages/airflow/example_dags/example_short_circuit_operator.py
[2025-07-23T08:28:11.682+0000] {processor.py:830} INFO - Processing file /home/airflow/.local/lib/python3.12/site-packages/airflow/example_dags/example_short_circuit_operator.py for tasks to queue
[2025-07-23T08:28:11.714+0000] {logging_mixin.py:188} INFO - [2025-07-23T08:28:11.694+0000] {dagbag.py:545} INFO - Filling up the DagBag from /home/airflow/.local/lib/python3.12/site-packages/airflow/example_dags/example_short_circuit_operator.py
[2025-07-23T08:28:11.894+0000] {processor.py:840} INFO - DAG(s) 'example_short_circuit_operator' retrieved from /home/airflow/.local/lib/python3.12/site-packages/airflow/example_dags/example_short_circuit_operator.py
[2025-07-23T08:28:12.042+0000] {logging_mixin.py:188} INFO - [2025-07-23T08:28:12.042+0000] {dag.py:3096} INFO - Sync 1 DAGs
[2025-07-23T08:28:12.359+0000] {logging_mixin.py:188} INFO - [2025-07-23T08:28:12.359+0000] {dag.py:3954} INFO - Setting next_dagrun for example_short_circuit_operator to 2025-07-22 00:00:00+00:00, run_after=2025-07-23 00:00:00+00:00
[2025-07-23T08:28:12.450+0000] {processor.py:183} INFO - Processing /home/airflow/.local/lib/python3.12/site-packages/airflow/example_dags/example_short_circuit_operator.py took 0.825 seconds
[2025-07-23T08:28:45.014+0000] {processor.py:161} INFO - Started process (PID=1649) to work on /home/airflow/.local/lib/python3.12/site-packages/airflow/example_dags/example_short_circuit_operator.py
[2025-07-23T08:28:45.016+0000] {processor.py:830} INFO - Processing file /home/airflow/.local/lib/python3.12/site-packages/airflow/example_dags/example_short_circuit_operator.py for tasks to queue
[2025-07-23T08:28:45.026+0000] {logging_mixin.py:188} INFO - [2025-07-23T08:28:45.020+0000] {dagbag.py:545} INFO - Filling up the DagBag from /home/airflow/.local/lib/python3.12/site-packages/airflow/example_dags/example_short_circuit_operator.py
[2025-07-23T08:28:45.072+0000] {processor.py:840} INFO - DAG(s) 'example_short_circuit_operator' retrieved from /home/airflow/.local/lib/python3.12/site-packages/airflow/example_dags/example_short_circuit_operator.py
[2025-07-23T08:28:45.162+0000] {logging_mixin.py:188} INFO - [2025-07-23T08:28:45.161+0000] {dag.py:3096} INFO - Sync 1 DAGs
[2025-07-23T08:28:45.350+0000] {logging_mixin.py:188} INFO - [2025-07-23T08:28:45.349+0000] {dag.py:3954} INFO - Setting next_dagrun for example_short_circuit_operator to 2025-07-22 00:00:00+00:00, run_after=2025-07-23 00:00:00+00:00
[2025-07-23T08:28:45.603+0000] {processor.py:183} INFO - Processing /home/airflow/.local/lib/python3.12/site-packages/airflow/example_dags/example_short_circuit_operator.py took 0.608 seconds
[2025-07-23T08:29:16.179+0000] {processor.py:161} INFO - Started process (PID=1707) to work on /home/airflow/.local/lib/python3.12/site-packages/airflow/example_dags/example_short_circuit_operator.py
[2025-07-23T08:29:16.181+0000] {processor.py:830} INFO - Processing file /home/airflow/.local/lib/python3.12/site-packages/airflow/example_dags/example_short_circuit_operator.py for tasks to queue
[2025-07-23T08:29:16.184+0000] {logging_mixin.py:188} INFO - [2025-07-23T08:29:16.183+0000] {dagbag.py:545} INFO - Filling up the DagBag from /home/airflow/.local/lib/python3.12/site-packages/airflow/example_dags/example_short_circuit_operator.py
[2025-07-23T08:29:16.195+0000] {processor.py:840} INFO - DAG(s) 'example_short_circuit_operator' retrieved from /home/airflow/.local/lib/python3.12/site-packages/airflow/example_dags/example_short_circuit_operator.py
[2025-07-23T08:29:16.236+0000] {logging_mixin.py:188} INFO - [2025-07-23T08:29:16.236+0000] {dag.py:3096} INFO - Sync 1 DAGs
[2025-07-23T08:29:16.275+0000] {logging_mixin.py:188} INFO - [2025-07-23T08:29:16.274+0000] {dag.py:3954} INFO - Setting next_dagrun for example_short_circuit_operator to 2025-07-22 00:00:00+00:00, run_after=2025-07-23 00:00:00+00:00
[2025-07-23T08:29:16.319+0000] {processor.py:183} INFO - Processing /home/airflow/.local/lib/python3.12/site-packages/airflow/example_dags/example_short_circuit_operator.py took 0.149 seconds
[2025-07-23T08:29:47.686+0000] {processor.py:161} INFO - Started process (PID=1765) to work on /home/airflow/.local/lib/python3.12/site-packages/airflow/example_dags/example_short_circuit_operator.py
[2025-07-23T08:29:47.700+0000] {processor.py:830} INFO - Processing file /home/airflow/.local/lib/python3.12/site-packages/airflow/example_dags/example_short_circuit_operator.py for tasks to queue
[2025-07-23T08:29:47.704+0000] {logging_mixin.py:188} INFO - [2025-07-23T08:29:47.703+0000] {dagbag.py:545} INFO - Filling up the DagBag from /home/airflow/.local/lib/python3.12/site-packages/airflow/example_dags/example_short_circuit_operator.py
[2025-07-23T08:29:47.761+0000] {processor.py:840} INFO - DAG(s) 'example_short_circuit_operator' retrieved from /home/airflow/.local/lib/python3.12/site-packages/airflow/example_dags/example_short_circuit_operator.py
[2025-07-23T08:29:47.826+0000] {logging_mixin.py:188} INFO - [2025-07-23T08:29:47.825+0000] {dag.py:3096} INFO - Sync 1 DAGs
[2025-07-23T08:29:47.888+0000] {logging_mixin.py:188} INFO - [2025-07-23T08:29:47.888+0000] {dag.py:3954} INFO - Setting next_dagrun for example_short_circuit_operator to 2025-07-22 00:00:00+00:00, run_after=2025-07-23 00:00:00+00:00
[2025-07-23T08:29:47.957+0000] {processor.py:183} INFO - Processing /home/airflow/.local/lib/python3.12/site-packages/airflow/example_dags/example_short_circuit_operator.py took 0.296 seconds
[2025-07-23T08:30:18.374+0000] {processor.py:161} INFO - Started process (PID=1823) to work on /home/airflow/.local/lib/python3.12/site-packages/airflow/example_dags/example_short_circuit_operator.py
[2025-07-23T08:30:18.378+0000] {processor.py:830} INFO - Processing file /home/airflow/.local/lib/python3.12/site-packages/airflow/example_dags/example_short_circuit_operator.py for tasks to queue
[2025-07-23T08:30:18.382+0000] {logging_mixin.py:188} INFO - [2025-07-23T08:30:18.381+0000] {dagbag.py:545} INFO - Filling up the DagBag from /home/airflow/.local/lib/python3.12/site-packages/airflow/example_dags/example_short_circuit_operator.py
[2025-07-23T08:30:18.399+0000] {processor.py:840} INFO - DAG(s) 'example_short_circuit_operator' retrieved from /home/airflow/.local/lib/python3.12/site-packages/airflow/example_dags/example_short_circuit_operator.py
[2025-07-23T08:30:18.452+0000] {logging_mixin.py:188} INFO - [2025-07-23T08:30:18.452+0000] {dag.py:3096} INFO - Sync 1 DAGs
[2025-07-23T08:30:18.501+0000] {logging_mixin.py:188} INFO - [2025-07-23T08:30:18.501+0000] {dag.py:3954} INFO - Setting next_dagrun for example_short_circuit_operator to 2025-07-22 00:00:00+00:00, run_after=2025-07-23 00:00:00+00:00
[2025-07-23T08:30:18.563+0000] {processor.py:183} INFO - Processing /home/airflow/.local/lib/python3.12/site-packages/airflow/example_dags/example_short_circuit_operator.py took 0.202 seconds
[2025-07-23T08:30:49.226+0000] {processor.py:161} INFO - Started process (PID=1880) to work on /home/airflow/.local/lib/python3.12/site-packages/airflow/example_dags/example_short_circuit_operator.py
[2025-07-23T08:30:49.228+0000] {processor.py:830} INFO - Processing file /home/airflow/.local/lib/python3.12/site-packages/airflow/example_dags/example_short_circuit_operator.py for tasks to queue
[2025-07-23T08:30:49.232+0000] {logging_mixin.py:188} INFO - [2025-07-23T08:30:49.231+0000] {dagbag.py:545} INFO - Filling up the DagBag from /home/airflow/.local/lib/python3.12/site-packages/airflow/example_dags/example_short_circuit_operator.py
[2025-07-23T08:30:49.307+0000] {processor.py:840} INFO - DAG(s) 'example_short_circuit_operator' retrieved from /home/airflow/.local/lib/python3.12/site-packages/airflow/example_dags/example_short_circuit_operator.py
[2025-07-23T08:30:49.413+0000] {logging_mixin.py:188} INFO - [2025-07-23T08:30:49.413+0000] {dag.py:3096} INFO - Sync 1 DAGs
[2025-07-23T08:30:49.564+0000] {logging_mixin.py:188} INFO - [2025-07-23T08:30:49.563+0000] {dag.py:3954} INFO - Setting next_dagrun for example_short_circuit_operator to 2025-07-22 00:00:00+00:00, run_after=2025-07-23 00:00:00+00:00
[2025-07-23T08:30:49.685+0000] {processor.py:183} INFO - Processing /home/airflow/.local/lib/python3.12/site-packages/airflow/example_dags/example_short_circuit_operator.py took 0.496 seconds
[2025-07-23T08:31:20.186+0000] {processor.py:161} INFO - Started process (PID=1939) to work on /home/airflow/.local/lib/python3.12/site-packages/airflow/example_dags/example_short_circuit_operator.py
[2025-07-23T08:31:20.188+0000] {processor.py:830} INFO - Processing file /home/airflow/.local/lib/python3.12/site-packages/airflow/example_dags/example_short_circuit_operator.py for tasks to queue
[2025-07-23T08:31:20.192+0000] {logging_mixin.py:188} INFO - [2025-07-23T08:31:20.191+0000] {dagbag.py:545} INFO - Filling up the DagBag from /home/airflow/.local/lib/python3.12/site-packages/airflow/example_dags/example_short_circuit_operator.py
[2025-07-23T08:31:20.207+0000] {processor.py:840} INFO - DAG(s) 'example_short_circuit_operator' retrieved from /home/airflow/.local/lib/python3.12/site-packages/airflow/example_dags/example_short_circuit_operator.py
[2025-07-23T08:31:20.273+0000] {logging_mixin.py:188} INFO - [2025-07-23T08:31:20.272+0000] {dag.py:3096} INFO - Sync 1 DAGs
[2025-07-23T08:31:20.504+0000] {logging_mixin.py:188} INFO - [2025-07-23T08:31:20.504+0000] {dag.py:3954} INFO - Setting next_dagrun for example_short_circuit_operator to 2025-07-22 00:00:00+00:00, run_after=2025-07-23 00:00:00+00:00
[2025-07-23T08:31:20.726+0000] {processor.py:183} INFO - Processing /home/airflow/.local/lib/python3.12/site-packages/airflow/example_dags/example_short_circuit_operator.py took 0.553 seconds
[2025-07-23T08:31:51.693+0000] {processor.py:161} INFO - Started process (PID=1997) to work on /home/airflow/.local/lib/python3.12/site-packages/airflow/example_dags/example_short_circuit_operator.py
[2025-07-23T08:31:51.708+0000] {processor.py:830} INFO - Processing file /home/airflow/.local/lib/python3.12/site-packages/airflow/example_dags/example_short_circuit_operator.py for tasks to queue
[2025-07-23T08:31:51.726+0000] {logging_mixin.py:188} INFO - [2025-07-23T08:31:51.725+0000] {dagbag.py:545} INFO - Filling up the DagBag from /home/airflow/.local/lib/python3.12/site-packages/airflow/example_dags/example_short_circuit_operator.py
[2025-07-23T08:31:51.815+0000] {processor.py:840} INFO - DAG(s) 'example_short_circuit_operator' retrieved from /home/airflow/.local/lib/python3.12/site-packages/airflow/example_dags/example_short_circuit_operator.py
[2025-07-23T08:31:52.069+0000] {logging_mixin.py:188} INFO - [2025-07-23T08:31:52.068+0000] {dag.py:3096} INFO - Sync 1 DAGs
[2025-07-23T08:31:52.270+0000] {logging_mixin.py:188} INFO - [2025-07-23T08:31:52.268+0000] {dag.py:3954} INFO - Setting next_dagrun for example_short_circuit_operator to 2025-07-22 00:00:00+00:00, run_after=2025-07-23 00:00:00+00:00
[2025-07-23T08:31:52.915+0000] {processor.py:183} INFO - Processing /home/airflow/.local/lib/python3.12/site-packages/airflow/example_dags/example_short_circuit_operator.py took 1.291 seconds
[2025-07-23T08:32:23.500+0000] {processor.py:161} INFO - Started process (PID=2055) to work on /home/airflow/.local/lib/python3.12/site-packages/airflow/example_dags/example_short_circuit_operator.py
[2025-07-23T08:32:23.511+0000] {processor.py:830} INFO - Processing file /home/airflow/.local/lib/python3.12/site-packages/airflow/example_dags/example_short_circuit_operator.py for tasks to queue
[2025-07-23T08:32:23.531+0000] {logging_mixin.py:188} INFO - [2025-07-23T08:32:23.528+0000] {dagbag.py:545} INFO - Filling up the DagBag from /home/airflow/.local/lib/python3.12/site-packages/airflow/example_dags/example_short_circuit_operator.py
[2025-07-23T08:32:23.617+0000] {processor.py:840} INFO - DAG(s) 'example_short_circuit_operator' retrieved from /home/airflow/.local/lib/python3.12/site-packages/airflow/example_dags/example_short_circuit_operator.py
[2025-07-23T08:32:23.888+0000] {logging_mixin.py:188} INFO - [2025-07-23T08:32:23.887+0000] {dag.py:3096} INFO - Sync 1 DAGs
[2025-07-23T08:32:24.195+0000] {logging_mixin.py:188} INFO - [2025-07-23T08:32:24.194+0000] {dag.py:3954} INFO - Setting next_dagrun for example_short_circuit_operator to 2025-07-22 00:00:00+00:00, run_after=2025-07-23 00:00:00+00:00
[2025-07-23T08:32:24.612+0000] {processor.py:183} INFO - Processing /home/airflow/.local/lib/python3.12/site-packages/airflow/example_dags/example_short_circuit_operator.py took 1.190 seconds
[2025-07-23T08:35:05.985+0000] {processor.py:161} INFO - Started process (PID=88) to work on /home/airflow/.local/lib/python3.12/site-packages/airflow/example_dags/example_short_circuit_operator.py
[2025-07-23T08:35:05.992+0000] {processor.py:830} INFO - Processing file /home/airflow/.local/lib/python3.12/site-packages/airflow/example_dags/example_short_circuit_operator.py for tasks to queue
[2025-07-23T08:35:05.996+0000] {logging_mixin.py:188} INFO - [2025-07-23T08:35:05.995+0000] {dagbag.py:545} INFO - Filling up the DagBag from /home/airflow/.local/lib/python3.12/site-packages/airflow/example_dags/example_short_circuit_operator.py
[2025-07-23T08:35:06.025+0000] {processor.py:840} INFO - DAG(s) 'example_short_circuit_operator' retrieved from /home/airflow/.local/lib/python3.12/site-packages/airflow/example_dags/example_short_circuit_operator.py
[2025-07-23T08:35:06.299+0000] {logging_mixin.py:188} INFO - [2025-07-23T08:35:06.298+0000] {dag.py:3096} INFO - Sync 1 DAGs
[2025-07-23T08:35:06.344+0000] {logging_mixin.py:188} INFO - [2025-07-23T08:35:06.344+0000] {dag.py:3954} INFO - Setting next_dagrun for example_short_circuit_operator to 2025-07-22 00:00:00+00:00, run_after=2025-07-23 00:00:00+00:00
[2025-07-23T08:35:06.459+0000] {processor.py:183} INFO - Processing /home/airflow/.local/lib/python3.12/site-packages/airflow/example_dags/example_short_circuit_operator.py took 0.488 seconds
[2025-07-23T08:35:38.990+0000] {processor.py:161} INFO - Started process (PID=146) to work on /home/airflow/.local/lib/python3.12/site-packages/airflow/example_dags/example_short_circuit_operator.py
[2025-07-23T08:35:39.010+0000] {processor.py:830} INFO - Processing file /home/airflow/.local/lib/python3.12/site-packages/airflow/example_dags/example_short_circuit_operator.py for tasks to queue
[2025-07-23T08:35:39.043+0000] {logging_mixin.py:188} INFO - [2025-07-23T08:35:39.042+0000] {dagbag.py:545} INFO - Filling up the DagBag from /home/airflow/.local/lib/python3.12/site-packages/airflow/example_dags/example_short_circuit_operator.py
[2025-07-23T08:35:39.304+0000] {processor.py:840} INFO - DAG(s) 'example_short_circuit_operator' retrieved from /home/airflow/.local/lib/python3.12/site-packages/airflow/example_dags/example_short_circuit_operator.py
[2025-07-23T08:35:40.121+0000] {logging_mixin.py:188} INFO - [2025-07-23T08:35:40.120+0000] {dag.py:3096} INFO - Sync 1 DAGs
[2025-07-23T08:35:40.510+0000] {logging_mixin.py:188} INFO - [2025-07-23T08:35:40.510+0000] {dag.py:3954} INFO - Setting next_dagrun for example_short_circuit_operator to 2025-07-22 00:00:00+00:00, run_after=2025-07-23 00:00:00+00:00
[2025-07-23T08:35:40.716+0000] {processor.py:183} INFO - Processing /home/airflow/.local/lib/python3.12/site-packages/airflow/example_dags/example_short_circuit_operator.py took 1.814 seconds
[2025-07-23T08:36:11.532+0000] {processor.py:161} INFO - Started process (PID=210) to work on /home/airflow/.local/lib/python3.12/site-packages/airflow/example_dags/example_short_circuit_operator.py
[2025-07-23T08:36:11.543+0000] {processor.py:830} INFO - Processing file /home/airflow/.local/lib/python3.12/site-packages/airflow/example_dags/example_short_circuit_operator.py for tasks to queue
[2025-07-23T08:36:11.556+0000] {logging_mixin.py:188} INFO - [2025-07-23T08:36:11.554+0000] {dagbag.py:545} INFO - Filling up the DagBag from /home/airflow/.local/lib/python3.12/site-packages/airflow/example_dags/example_short_circuit_operator.py
[2025-07-23T08:36:11.594+0000] {processor.py:840} INFO - DAG(s) 'example_short_circuit_operator' retrieved from /home/airflow/.local/lib/python3.12/site-packages/airflow/example_dags/example_short_circuit_operator.py
[2025-07-23T08:36:11.691+0000] {logging_mixin.py:188} INFO - [2025-07-23T08:36:11.690+0000] {dag.py:3096} INFO - Sync 1 DAGs
[2025-07-23T08:36:11.793+0000] {logging_mixin.py:188} INFO - [2025-07-23T08:36:11.793+0000] {dag.py:3954} INFO - Setting next_dagrun for example_short_circuit_operator to 2025-07-22 00:00:00+00:00, run_after=2025-07-23 00:00:00+00:00
[2025-07-23T08:36:11.863+0000] {processor.py:183} INFO - Processing /home/airflow/.local/lib/python3.12/site-packages/airflow/example_dags/example_short_circuit_operator.py took 0.385 seconds
[2025-07-23T08:36:43.186+0000] {processor.py:161} INFO - Started process (PID=269) to work on /home/airflow/.local/lib/python3.12/site-packages/airflow/example_dags/example_short_circuit_operator.py
[2025-07-23T08:36:43.210+0000] {processor.py:830} INFO - Processing file /home/airflow/.local/lib/python3.12/site-packages/airflow/example_dags/example_short_circuit_operator.py for tasks to queue
[2025-07-23T08:36:43.255+0000] {logging_mixin.py:188} INFO - [2025-07-23T08:36:43.251+0000] {dagbag.py:545} INFO - Filling up the DagBag from /home/airflow/.local/lib/python3.12/site-packages/airflow/example_dags/example_short_circuit_operator.py
[2025-07-23T08:36:43.338+0000] {processor.py:840} INFO - DAG(s) 'example_short_circuit_operator' retrieved from /home/airflow/.local/lib/python3.12/site-packages/airflow/example_dags/example_short_circuit_operator.py
[2025-07-23T08:36:43.475+0000] {logging_mixin.py:188} INFO - [2025-07-23T08:36:43.475+0000] {dag.py:3096} INFO - Sync 1 DAGs
[2025-07-23T08:36:43.685+0000] {logging_mixin.py:188} INFO - [2025-07-23T08:36:43.685+0000] {dag.py:3954} INFO - Setting next_dagrun for example_short_circuit_operator to 2025-07-22 00:00:00+00:00, run_after=2025-07-23 00:00:00+00:00
[2025-07-23T08:36:43.850+0000] {processor.py:183} INFO - Processing /home/airflow/.local/lib/python3.12/site-packages/airflow/example_dags/example_short_circuit_operator.py took 0.810 seconds
[2025-07-23T08:37:14.350+0000] {processor.py:161} INFO - Started process (PID=328) to work on /home/airflow/.local/lib/python3.12/site-packages/airflow/example_dags/example_short_circuit_operator.py
[2025-07-23T08:37:14.357+0000] {processor.py:830} INFO - Processing file /home/airflow/.local/lib/python3.12/site-packages/airflow/example_dags/example_short_circuit_operator.py for tasks to queue
[2025-07-23T08:37:14.364+0000] {logging_mixin.py:188} INFO - [2025-07-23T08:37:14.363+0000] {dagbag.py:545} INFO - Filling up the DagBag from /home/airflow/.local/lib/python3.12/site-packages/airflow/example_dags/example_short_circuit_operator.py
[2025-07-23T08:37:14.386+0000] {processor.py:840} INFO - DAG(s) 'example_short_circuit_operator' retrieved from /home/airflow/.local/lib/python3.12/site-packages/airflow/example_dags/example_short_circuit_operator.py
[2025-07-23T08:37:14.495+0000] {logging_mixin.py:188} INFO - [2025-07-23T08:37:14.494+0000] {dag.py:3096} INFO - Sync 1 DAGs
[2025-07-23T08:37:14.635+0000] {logging_mixin.py:188} INFO - [2025-07-23T08:37:14.634+0000] {dag.py:3954} INFO - Setting next_dagrun for example_short_circuit_operator to 2025-07-22 00:00:00+00:00, run_after=2025-07-23 00:00:00+00:00
[2025-07-23T08:37:14.711+0000] {processor.py:183} INFO - Processing /home/airflow/.local/lib/python3.12/site-packages/airflow/example_dags/example_short_circuit_operator.py took 0.376 seconds
[2025-07-23T08:37:47.453+0000] {processor.py:161} INFO - Started process (PID=385) to work on /home/airflow/.local/lib/python3.12/site-packages/airflow/example_dags/example_short_circuit_operator.py
[2025-07-23T08:37:47.458+0000] {processor.py:830} INFO - Processing file /home/airflow/.local/lib/python3.12/site-packages/airflow/example_dags/example_short_circuit_operator.py for tasks to queue
[2025-07-23T08:37:47.467+0000] {logging_mixin.py:188} INFO - [2025-07-23T08:37:47.466+0000] {dagbag.py:545} INFO - Filling up the DagBag from /home/airflow/.local/lib/python3.12/site-packages/airflow/example_dags/example_short_circuit_operator.py
[2025-07-23T08:37:47.490+0000] {processor.py:840} INFO - DAG(s) 'example_short_circuit_operator' retrieved from /home/airflow/.local/lib/python3.12/site-packages/airflow/example_dags/example_short_circuit_operator.py
[2025-07-23T08:37:47.658+0000] {logging_mixin.py:188} INFO - [2025-07-23T08:37:47.658+0000] {dag.py:3096} INFO - Sync 1 DAGs
[2025-07-23T08:37:47.798+0000] {logging_mixin.py:188} INFO - [2025-07-23T08:37:47.792+0000] {dag.py:3954} INFO - Setting next_dagrun for example_short_circuit_operator to 2025-07-22 00:00:00+00:00, run_after=2025-07-23 00:00:00+00:00
[2025-07-23T08:37:48.103+0000] {processor.py:183} INFO - Processing /home/airflow/.local/lib/python3.12/site-packages/airflow/example_dags/example_short_circuit_operator.py took 0.669 seconds
[2025-07-23T08:38:36.901+0000] {processor.py:161} INFO - Started process (PID=443) to work on /home/airflow/.local/lib/python3.12/site-packages/airflow/example_dags/example_short_circuit_operator.py
[2025-07-23T08:38:36.915+0000] {processor.py:830} INFO - Processing file /home/airflow/.local/lib/python3.12/site-packages/airflow/example_dags/example_short_circuit_operator.py for tasks to queue
[2025-07-23T08:38:36.932+0000] {logging_mixin.py:188} INFO - [2025-07-23T08:38:36.931+0000] {dagbag.py:545} INFO - Filling up the DagBag from /home/airflow/.local/lib/python3.12/site-packages/airflow/example_dags/example_short_circuit_operator.py
[2025-07-23T08:38:37.044+0000] {processor.py:840} INFO - DAG(s) 'example_short_circuit_operator' retrieved from /home/airflow/.local/lib/python3.12/site-packages/airflow/example_dags/example_short_circuit_operator.py
[2025-07-23T08:38:37.379+0000] {logging_mixin.py:188} INFO - [2025-07-23T08:38:37.379+0000] {dag.py:3096} INFO - Sync 1 DAGs
[2025-07-23T08:38:37.762+0000] {logging_mixin.py:188} INFO - [2025-07-23T08:38:37.761+0000] {dag.py:3954} INFO - Setting next_dagrun for example_short_circuit_operator to 2025-07-22 00:00:00+00:00, run_after=2025-07-23 00:00:00+00:00
[2025-07-23T08:38:38.292+0000] {processor.py:183} INFO - Processing /home/airflow/.local/lib/python3.12/site-packages/airflow/example_dags/example_short_circuit_operator.py took 1.374 seconds
[2025-07-23T08:39:44.750+0000] {processor.py:161} INFO - Started process (PID=507) to work on /home/airflow/.local/lib/python3.12/site-packages/airflow/example_dags/example_short_circuit_operator.py
[2025-07-23T08:39:44.763+0000] {processor.py:830} INFO - Processing file /home/airflow/.local/lib/python3.12/site-packages/airflow/example_dags/example_short_circuit_operator.py for tasks to queue
[2025-07-23T08:39:44.767+0000] {logging_mixin.py:188} INFO - [2025-07-23T08:39:44.766+0000] {dagbag.py:545} INFO - Filling up the DagBag from /home/airflow/.local/lib/python3.12/site-packages/airflow/example_dags/example_short_circuit_operator.py
[2025-07-23T08:39:44.828+0000] {processor.py:840} INFO - DAG(s) 'example_short_circuit_operator' retrieved from /home/airflow/.local/lib/python3.12/site-packages/airflow/example_dags/example_short_circuit_operator.py
[2025-07-23T08:39:45.121+0000] {logging_mixin.py:188} INFO - [2025-07-23T08:39:45.120+0000] {dag.py:3096} INFO - Sync 1 DAGs
[2025-07-23T08:39:45.490+0000] {logging_mixin.py:188} INFO - [2025-07-23T08:39:45.490+0000] {dag.py:3954} INFO - Setting next_dagrun for example_short_circuit_operator to 2025-07-22 00:00:00+00:00, run_after=2025-07-23 00:00:00+00:00
[2025-07-23T08:39:45.760+0000] {processor.py:183} INFO - Processing /home/airflow/.local/lib/python3.12/site-packages/airflow/example_dags/example_short_circuit_operator.py took 1.061 seconds
[2025-07-23T08:40:26.078+0000] {processor.py:161} INFO - Started process (PID=568) to work on /home/airflow/.local/lib/python3.12/site-packages/airflow/example_dags/example_short_circuit_operator.py
[2025-07-23T08:40:26.128+0000] {processor.py:830} INFO - Processing file /home/airflow/.local/lib/python3.12/site-packages/airflow/example_dags/example_short_circuit_operator.py for tasks to queue
[2025-07-23T08:40:26.145+0000] {logging_mixin.py:188} INFO - [2025-07-23T08:40:26.144+0000] {dagbag.py:545} INFO - Filling up the DagBag from /home/airflow/.local/lib/python3.12/site-packages/airflow/example_dags/example_short_circuit_operator.py
[2025-07-23T08:40:26.278+0000] {processor.py:840} INFO - DAG(s) 'example_short_circuit_operator' retrieved from /home/airflow/.local/lib/python3.12/site-packages/airflow/example_dags/example_short_circuit_operator.py
[2025-07-23T08:40:26.550+0000] {logging_mixin.py:188} INFO - [2025-07-23T08:40:26.523+0000] {dag.py:3096} INFO - Sync 1 DAGs
[2025-07-23T08:40:27.079+0000] {logging_mixin.py:188} INFO - [2025-07-23T08:40:27.078+0000] {dag.py:3954} INFO - Setting next_dagrun for example_short_circuit_operator to 2025-07-22 00:00:00+00:00, run_after=2025-07-23 00:00:00+00:00
[2025-07-23T08:40:27.281+0000] {processor.py:183} INFO - Processing /home/airflow/.local/lib/python3.12/site-packages/airflow/example_dags/example_short_circuit_operator.py took 1.255 seconds
[2025-07-23T09:00:54.949+0000] {processor.py:161} INFO - Started process (PID=58) to work on /home/airflow/.local/lib/python3.12/site-packages/airflow/example_dags/example_short_circuit_operator.py
[2025-07-23T09:00:55.014+0000] {processor.py:830} INFO - Processing file /home/airflow/.local/lib/python3.12/site-packages/airflow/example_dags/example_short_circuit_operator.py for tasks to queue
[2025-07-23T09:00:55.061+0000] {logging_mixin.py:188} INFO - [2025-07-23T09:00:55.060+0000] {dagbag.py:545} INFO - Filling up the DagBag from /home/airflow/.local/lib/python3.12/site-packages/airflow/example_dags/example_short_circuit_operator.py
[2025-07-23T09:00:55.212+0000] {processor.py:840} INFO - DAG(s) 'example_short_circuit_operator' retrieved from /home/airflow/.local/lib/python3.12/site-packages/airflow/example_dags/example_short_circuit_operator.py
[2025-07-23T09:00:55.661+0000] {logging_mixin.py:188} INFO - [2025-07-23T09:00:55.660+0000] {dag.py:3096} INFO - Sync 1 DAGs
[2025-07-23T09:00:55.807+0000] {logging_mixin.py:188} INFO - [2025-07-23T09:00:55.807+0000] {dag.py:3954} INFO - Setting next_dagrun for example_short_circuit_operator to 2025-07-22 00:00:00+00:00, run_after=2025-07-23 00:00:00+00:00
[2025-07-23T09:00:56.126+0000] {processor.py:183} INFO - Processing /home/airflow/.local/lib/python3.12/site-packages/airflow/example_dags/example_short_circuit_operator.py took 1.323 seconds
[2025-07-23T09:01:39.625+0000] {processor.py:161} INFO - Started process (PID=117) to work on /home/airflow/.local/lib/python3.12/site-packages/airflow/example_dags/example_short_circuit_operator.py
[2025-07-23T09:01:39.629+0000] {processor.py:830} INFO - Processing file /home/airflow/.local/lib/python3.12/site-packages/airflow/example_dags/example_short_circuit_operator.py for tasks to queue
[2025-07-23T09:01:39.642+0000] {logging_mixin.py:188} INFO - [2025-07-23T09:01:39.639+0000] {dagbag.py:545} INFO - Filling up the DagBag from /home/airflow/.local/lib/python3.12/site-packages/airflow/example_dags/example_short_circuit_operator.py
[2025-07-23T09:01:39.727+0000] {processor.py:840} INFO - DAG(s) 'example_short_circuit_operator' retrieved from /home/airflow/.local/lib/python3.12/site-packages/airflow/example_dags/example_short_circuit_operator.py
[2025-07-23T09:01:39.903+0000] {logging_mixin.py:188} INFO - [2025-07-23T09:01:39.903+0000] {dag.py:3096} INFO - Sync 1 DAGs
[2025-07-23T09:01:40.032+0000] {logging_mixin.py:188} INFO - [2025-07-23T09:01:40.031+0000] {dag.py:3954} INFO - Setting next_dagrun for example_short_circuit_operator to 2025-07-22 00:00:00+00:00, run_after=2025-07-23 00:00:00+00:00
[2025-07-23T09:01:40.191+0000] {processor.py:183} INFO - Processing /home/airflow/.local/lib/python3.12/site-packages/airflow/example_dags/example_short_circuit_operator.py took 0.608 seconds
[2025-07-23T09:02:14.958+0000] {processor.py:161} INFO - Started process (PID=176) to work on /home/airflow/.local/lib/python3.12/site-packages/airflow/example_dags/example_short_circuit_operator.py
[2025-07-23T09:02:14.973+0000] {processor.py:830} INFO - Processing file /home/airflow/.local/lib/python3.12/site-packages/airflow/example_dags/example_short_circuit_operator.py for tasks to queue
[2025-07-23T09:02:14.977+0000] {logging_mixin.py:188} INFO - [2025-07-23T09:02:14.976+0000] {dagbag.py:545} INFO - Filling up the DagBag from /home/airflow/.local/lib/python3.12/site-packages/airflow/example_dags/example_short_circuit_operator.py
[2025-07-23T09:02:15.040+0000] {processor.py:840} INFO - DAG(s) 'example_short_circuit_operator' retrieved from /home/airflow/.local/lib/python3.12/site-packages/airflow/example_dags/example_short_circuit_operator.py
[2025-07-23T09:02:15.231+0000] {logging_mixin.py:188} INFO - [2025-07-23T09:02:15.230+0000] {dag.py:3096} INFO - Sync 1 DAGs
[2025-07-23T09:02:15.388+0000] {logging_mixin.py:188} INFO - [2025-07-23T09:02:15.387+0000] {dag.py:3954} INFO - Setting next_dagrun for example_short_circuit_operator to 2025-07-22 00:00:00+00:00, run_after=2025-07-23 00:00:00+00:00
[2025-07-23T09:02:15.564+0000] {processor.py:183} INFO - Processing /home/airflow/.local/lib/python3.12/site-packages/airflow/example_dags/example_short_circuit_operator.py took 0.640 seconds
[2025-07-23T09:02:48.492+0000] {processor.py:161} INFO - Started process (PID=232) to work on /home/airflow/.local/lib/python3.12/site-packages/airflow/example_dags/example_short_circuit_operator.py
[2025-07-23T09:02:48.521+0000] {processor.py:830} INFO - Processing file /home/airflow/.local/lib/python3.12/site-packages/airflow/example_dags/example_short_circuit_operator.py for tasks to queue
[2025-07-23T09:02:48.537+0000] {logging_mixin.py:188} INFO - [2025-07-23T09:02:48.536+0000] {dagbag.py:545} INFO - Filling up the DagBag from /home/airflow/.local/lib/python3.12/site-packages/airflow/example_dags/example_short_circuit_operator.py
[2025-07-23T09:02:48.621+0000] {processor.py:840} INFO - DAG(s) 'example_short_circuit_operator' retrieved from /home/airflow/.local/lib/python3.12/site-packages/airflow/example_dags/example_short_circuit_operator.py
[2025-07-23T09:02:48.853+0000] {logging_mixin.py:188} INFO - [2025-07-23T09:02:48.852+0000] {dag.py:3096} INFO - Sync 1 DAGs
[2025-07-23T09:02:49.292+0000] {logging_mixin.py:188} INFO - [2025-07-23T09:02:49.292+0000] {dag.py:3954} INFO - Setting next_dagrun for example_short_circuit_operator to 2025-07-22 00:00:00+00:00, run_after=2025-07-23 00:00:00+00:00
[2025-07-23T09:02:49.717+0000] {processor.py:183} INFO - Processing /home/airflow/.local/lib/python3.12/site-packages/airflow/example_dags/example_short_circuit_operator.py took 1.275 seconds
[2025-07-23T09:03:20.046+0000] {processor.py:161} INFO - Started process (PID=284) to work on /home/airflow/.local/lib/python3.12/site-packages/airflow/example_dags/example_short_circuit_operator.py
[2025-07-23T09:03:20.048+0000] {processor.py:830} INFO - Processing file /home/airflow/.local/lib/python3.12/site-packages/airflow/example_dags/example_short_circuit_operator.py for tasks to queue
[2025-07-23T09:03:20.050+0000] {logging_mixin.py:188} INFO - [2025-07-23T09:03:20.049+0000] {dagbag.py:545} INFO - Filling up the DagBag from /home/airflow/.local/lib/python3.12/site-packages/airflow/example_dags/example_short_circuit_operator.py
[2025-07-23T09:03:20.066+0000] {processor.py:840} INFO - DAG(s) 'example_short_circuit_operator' retrieved from /home/airflow/.local/lib/python3.12/site-packages/airflow/example_dags/example_short_circuit_operator.py
[2025-07-23T09:03:20.136+0000] {logging_mixin.py:188} INFO - [2025-07-23T09:03:20.134+0000] {dag.py:3096} INFO - Sync 1 DAGs
[2025-07-23T09:03:20.240+0000] {logging_mixin.py:188} INFO - [2025-07-23T09:03:20.239+0000] {dag.py:3954} INFO - Setting next_dagrun for example_short_circuit_operator to 2025-07-22 00:00:00+00:00, run_after=2025-07-23 00:00:00+00:00
[2025-07-23T09:03:20.286+0000] {processor.py:183} INFO - Processing /home/airflow/.local/lib/python3.12/site-packages/airflow/example_dags/example_short_circuit_operator.py took 0.252 seconds
[2025-07-23T09:03:50.510+0000] {processor.py:161} INFO - Started process (PID=343) to work on /home/airflow/.local/lib/python3.12/site-packages/airflow/example_dags/example_short_circuit_operator.py
[2025-07-23T09:03:50.530+0000] {processor.py:830} INFO - Processing file /home/airflow/.local/lib/python3.12/site-packages/airflow/example_dags/example_short_circuit_operator.py for tasks to queue
[2025-07-23T09:03:50.532+0000] {logging_mixin.py:188} INFO - [2025-07-23T09:03:50.531+0000] {dagbag.py:545} INFO - Filling up the DagBag from /home/airflow/.local/lib/python3.12/site-packages/airflow/example_dags/example_short_circuit_operator.py
[2025-07-23T09:03:50.587+0000] {processor.py:840} INFO - DAG(s) 'example_short_circuit_operator' retrieved from /home/airflow/.local/lib/python3.12/site-packages/airflow/example_dags/example_short_circuit_operator.py
[2025-07-23T09:03:50.761+0000] {logging_mixin.py:188} INFO - [2025-07-23T09:03:50.758+0000] {dag.py:3096} INFO - Sync 1 DAGs
[2025-07-23T09:03:50.825+0000] {logging_mixin.py:188} INFO - [2025-07-23T09:03:50.825+0000] {dag.py:3954} INFO - Setting next_dagrun for example_short_circuit_operator to 2025-07-22 00:00:00+00:00, run_after=2025-07-23 00:00:00+00:00
[2025-07-23T09:03:50.955+0000] {processor.py:183} INFO - Processing /home/airflow/.local/lib/python3.12/site-packages/airflow/example_dags/example_short_circuit_operator.py took 0.456 seconds
[2025-07-23T09:04:31.576+0000] {processor.py:161} INFO - Started process (PID=402) to work on /home/airflow/.local/lib/python3.12/site-packages/airflow/example_dags/example_short_circuit_operator.py
[2025-07-23T09:04:31.580+0000] {processor.py:830} INFO - Processing file /home/airflow/.local/lib/python3.12/site-packages/airflow/example_dags/example_short_circuit_operator.py for tasks to queue
[2025-07-23T09:04:31.582+0000] {logging_mixin.py:188} INFO - [2025-07-23T09:04:31.581+0000] {dagbag.py:545} INFO - Filling up the DagBag from /home/airflow/.local/lib/python3.12/site-packages/airflow/example_dags/example_short_circuit_operator.py
[2025-07-23T09:04:31.599+0000] {processor.py:840} INFO - DAG(s) 'example_short_circuit_operator' retrieved from /home/airflow/.local/lib/python3.12/site-packages/airflow/example_dags/example_short_circuit_operator.py
[2025-07-23T09:04:31.663+0000] {logging_mixin.py:188} INFO - [2025-07-23T09:04:31.662+0000] {dag.py:3096} INFO - Sync 1 DAGs
[2025-07-23T09:04:31.828+0000] {logging_mixin.py:188} INFO - [2025-07-23T09:04:31.828+0000] {dag.py:3954} INFO - Setting next_dagrun for example_short_circuit_operator to 2025-07-22 00:00:00+00:00, run_after=2025-07-23 00:00:00+00:00
[2025-07-23T09:04:31.957+0000] {processor.py:183} INFO - Processing /home/airflow/.local/lib/python3.12/site-packages/airflow/example_dags/example_short_circuit_operator.py took 0.394 seconds
[2025-07-23T09:05:02.987+0000] {processor.py:161} INFO - Started process (PID=461) to work on /home/airflow/.local/lib/python3.12/site-packages/airflow/example_dags/example_short_circuit_operator.py
[2025-07-23T09:05:02.989+0000] {processor.py:830} INFO - Processing file /home/airflow/.local/lib/python3.12/site-packages/airflow/example_dags/example_short_circuit_operator.py for tasks to queue
[2025-07-23T09:05:02.996+0000] {logging_mixin.py:188} INFO - [2025-07-23T09:05:02.992+0000] {dagbag.py:545} INFO - Filling up the DagBag from /home/airflow/.local/lib/python3.12/site-packages/airflow/example_dags/example_short_circuit_operator.py
[2025-07-23T09:05:03.011+0000] {processor.py:840} INFO - DAG(s) 'example_short_circuit_operator' retrieved from /home/airflow/.local/lib/python3.12/site-packages/airflow/example_dags/example_short_circuit_operator.py
[2025-07-23T09:05:03.047+0000] {logging_mixin.py:188} INFO - [2025-07-23T09:05:03.046+0000] {dag.py:3096} INFO - Sync 1 DAGs
[2025-07-23T09:05:03.107+0000] {logging_mixin.py:188} INFO - [2025-07-23T09:05:03.106+0000] {dag.py:3954} INFO - Setting next_dagrun for example_short_circuit_operator to 2025-07-22 00:00:00+00:00, run_after=2025-07-23 00:00:00+00:00
[2025-07-23T09:05:03.152+0000] {processor.py:183} INFO - Processing /home/airflow/.local/lib/python3.12/site-packages/airflow/example_dags/example_short_circuit_operator.py took 0.189 seconds
[2025-07-23T09:05:34.956+0000] {processor.py:161} INFO - Started process (PID=521) to work on /home/airflow/.local/lib/python3.12/site-packages/airflow/example_dags/example_short_circuit_operator.py
[2025-07-23T09:05:34.959+0000] {processor.py:830} INFO - Processing file /home/airflow/.local/lib/python3.12/site-packages/airflow/example_dags/example_short_circuit_operator.py for tasks to queue
[2025-07-23T09:05:34.965+0000] {logging_mixin.py:188} INFO - [2025-07-23T09:05:34.965+0000] {dagbag.py:545} INFO - Filling up the DagBag from /home/airflow/.local/lib/python3.12/site-packages/airflow/example_dags/example_short_circuit_operator.py
[2025-07-23T09:05:34.989+0000] {processor.py:840} INFO - DAG(s) 'example_short_circuit_operator' retrieved from /home/airflow/.local/lib/python3.12/site-packages/airflow/example_dags/example_short_circuit_operator.py
[2025-07-23T09:05:35.432+0000] {logging_mixin.py:188} INFO - [2025-07-23T09:05:35.431+0000] {dag.py:3096} INFO - Sync 1 DAGs
[2025-07-23T09:05:35.506+0000] {logging_mixin.py:188} INFO - [2025-07-23T09:05:35.506+0000] {dag.py:3954} INFO - Setting next_dagrun for example_short_circuit_operator to 2025-07-22 00:00:00+00:00, run_after=2025-07-23 00:00:00+00:00
[2025-07-23T09:05:35.584+0000] {processor.py:183} INFO - Processing /home/airflow/.local/lib/python3.12/site-packages/airflow/example_dags/example_short_circuit_operator.py took 0.645 seconds
[2025-07-23T09:06:06.152+0000] {processor.py:161} INFO - Started process (PID=579) to work on /home/airflow/.local/lib/python3.12/site-packages/airflow/example_dags/example_short_circuit_operator.py
[2025-07-23T09:06:06.154+0000] {processor.py:830} INFO - Processing file /home/airflow/.local/lib/python3.12/site-packages/airflow/example_dags/example_short_circuit_operator.py for tasks to queue
[2025-07-23T09:06:06.156+0000] {logging_mixin.py:188} INFO - [2025-07-23T09:06:06.155+0000] {dagbag.py:545} INFO - Filling up the DagBag from /home/airflow/.local/lib/python3.12/site-packages/airflow/example_dags/example_short_circuit_operator.py
[2025-07-23T09:06:06.172+0000] {processor.py:840} INFO - DAG(s) 'example_short_circuit_operator' retrieved from /home/airflow/.local/lib/python3.12/site-packages/airflow/example_dags/example_short_circuit_operator.py
[2025-07-23T09:06:06.240+0000] {logging_mixin.py:188} INFO - [2025-07-23T09:06:06.240+0000] {dag.py:3096} INFO - Sync 1 DAGs
[2025-07-23T09:06:06.324+0000] {logging_mixin.py:188} INFO - [2025-07-23T09:06:06.323+0000] {dag.py:3954} INFO - Setting next_dagrun for example_short_circuit_operator to 2025-07-22 00:00:00+00:00, run_after=2025-07-23 00:00:00+00:00
[2025-07-23T09:06:06.394+0000] {processor.py:183} INFO - Processing /home/airflow/.local/lib/python3.12/site-packages/airflow/example_dags/example_short_circuit_operator.py took 0.253 seconds
[2025-07-23T09:06:36.589+0000] {processor.py:161} INFO - Started process (PID=632) to work on /home/airflow/.local/lib/python3.12/site-packages/airflow/example_dags/example_short_circuit_operator.py
[2025-07-23T09:06:36.591+0000] {processor.py:830} INFO - Processing file /home/airflow/.local/lib/python3.12/site-packages/airflow/example_dags/example_short_circuit_operator.py for tasks to queue
[2025-07-23T09:06:36.593+0000] {logging_mixin.py:188} INFO - [2025-07-23T09:06:36.592+0000] {dagbag.py:545} INFO - Filling up the DagBag from /home/airflow/.local/lib/python3.12/site-packages/airflow/example_dags/example_short_circuit_operator.py
[2025-07-23T09:06:36.608+0000] {processor.py:840} INFO - DAG(s) 'example_short_circuit_operator' retrieved from /home/airflow/.local/lib/python3.12/site-packages/airflow/example_dags/example_short_circuit_operator.py
[2025-07-23T09:06:36.660+0000] {logging_mixin.py:188} INFO - [2025-07-23T09:06:36.659+0000] {dag.py:3096} INFO - Sync 1 DAGs
[2025-07-23T09:06:36.702+0000] {logging_mixin.py:188} INFO - [2025-07-23T09:06:36.702+0000] {dag.py:3954} INFO - Setting next_dagrun for example_short_circuit_operator to 2025-07-22 00:00:00+00:00, run_after=2025-07-23 00:00:00+00:00
[2025-07-23T09:06:36.739+0000] {processor.py:183} INFO - Processing /home/airflow/.local/lib/python3.12/site-packages/airflow/example_dags/example_short_circuit_operator.py took 0.158 seconds
[2025-07-23T09:07:06.845+0000] {processor.py:161} INFO - Started process (PID=691) to work on /home/airflow/.local/lib/python3.12/site-packages/airflow/example_dags/example_short_circuit_operator.py
[2025-07-23T09:07:06.846+0000] {processor.py:830} INFO - Processing file /home/airflow/.local/lib/python3.12/site-packages/airflow/example_dags/example_short_circuit_operator.py for tasks to queue
[2025-07-23T09:07:06.847+0000] {logging_mixin.py:188} INFO - [2025-07-23T09:07:06.847+0000] {dagbag.py:545} INFO - Filling up the DagBag from /home/airflow/.local/lib/python3.12/site-packages/airflow/example_dags/example_short_circuit_operator.py
[2025-07-23T09:07:06.857+0000] {processor.py:840} INFO - DAG(s) 'example_short_circuit_operator' retrieved from /home/airflow/.local/lib/python3.12/site-packages/airflow/example_dags/example_short_circuit_operator.py
[2025-07-23T09:07:06.896+0000] {logging_mixin.py:188} INFO - [2025-07-23T09:07:06.895+0000] {dag.py:3096} INFO - Sync 1 DAGs
[2025-07-23T09:07:06.932+0000] {logging_mixin.py:188} INFO - [2025-07-23T09:07:06.932+0000] {dag.py:3954} INFO - Setting next_dagrun for example_short_circuit_operator to 2025-07-22 00:00:00+00:00, run_after=2025-07-23 00:00:00+00:00
[2025-07-23T09:07:06.962+0000] {processor.py:183} INFO - Processing /home/airflow/.local/lib/python3.12/site-packages/airflow/example_dags/example_short_circuit_operator.py took 0.126 seconds
