[2025-07-23T08:14:11.468+0000] {processor.py:161} INFO - Started process (PID=107) to work on /home/airflow/.local/lib/python3.12/site-packages/airflow/example_dags/example_dag_decorator.py
[2025-07-23T08:14:11.470+0000] {processor.py:830} INFO - Processing file /home/airflow/.local/lib/python3.12/site-packages/airflow/example_dags/example_dag_decorator.py for tasks to queue
[2025-07-23T08:14:11.505+0000] {logging_mixin.py:188} INFO - [2025-07-23T08:14:11.485+0000] {dagbag.py:545} INFO - Filling up the DagBag from /home/airflow/.local/lib/python3.12/site-packages/airflow/example_dags/example_dag_decorator.py
[2025-07-23T08:14:14.260+0000] {processor.py:840} INFO - DAG(s) 'example_dag_decorator' retrieved from /home/airflow/.local/lib/python3.12/site-packages/airflow/example_dags/example_dag_decorator.py
[2025-07-23T08:14:14.596+0000] {logging_mixin.py:188} INFO - [2025-07-23T08:14:14.596+0000] {dag.py:3096} INFO - Sync 1 DAGs
[2025-07-23T08:14:14.654+0000] {logging_mixin.py:188} INFO - [2025-07-23T08:14:14.654+0000] {dag.py:3954} INFO - Setting next_dagrun for example_dag_decorator to None, run_after=None
[2025-07-23T08:14:14.756+0000] {processor.py:183} INFO - Processing /home/airflow/.local/lib/python3.12/site-packages/airflow/example_dags/example_dag_decorator.py took 3.338 seconds
[2025-07-23T08:14:45.884+0000] {processor.py:161} INFO - Started process (PID=165) to work on /home/airflow/.local/lib/python3.12/site-packages/airflow/example_dags/example_dag_decorator.py
[2025-07-23T08:14:45.889+0000] {processor.py:830} INFO - Processing file /home/airflow/.local/lib/python3.12/site-packages/airflow/example_dags/example_dag_decorator.py for tasks to queue
[2025-07-23T08:14:45.895+0000] {logging_mixin.py:188} INFO - [2025-07-23T08:14:45.894+0000] {dagbag.py:545} INFO - Filling up the DagBag from /home/airflow/.local/lib/python3.12/site-packages/airflow/example_dags/example_dag_decorator.py
[2025-07-23T08:14:46.598+0000] {processor.py:840} INFO - DAG(s) 'example_dag_decorator' retrieved from /home/airflow/.local/lib/python3.12/site-packages/airflow/example_dags/example_dag_decorator.py
[2025-07-23T08:14:47.640+0000] {logging_mixin.py:188} INFO - [2025-07-23T08:14:47.635+0000] {dag.py:3096} INFO - Sync 1 DAGs
[2025-07-23T08:14:47.789+0000] {logging_mixin.py:188} INFO - [2025-07-23T08:14:47.778+0000] {dag.py:3954} INFO - Setting next_dagrun for example_dag_decorator to None, run_after=None
[2025-07-23T08:14:47.916+0000] {processor.py:183} INFO - Processing /home/airflow/.local/lib/python3.12/site-packages/airflow/example_dags/example_dag_decorator.py took 2.113 seconds
[2025-07-23T08:15:18.686+0000] {processor.py:161} INFO - Started process (PID=224) to work on /home/airflow/.local/lib/python3.12/site-packages/airflow/example_dags/example_dag_decorator.py
[2025-07-23T08:15:18.707+0000] {processor.py:830} INFO - Processing file /home/airflow/.local/lib/python3.12/site-packages/airflow/example_dags/example_dag_decorator.py for tasks to queue
[2025-07-23T08:15:18.718+0000] {logging_mixin.py:188} INFO - [2025-07-23T08:15:18.717+0000] {dagbag.py:545} INFO - Filling up the DagBag from /home/airflow/.local/lib/python3.12/site-packages/airflow/example_dags/example_dag_decorator.py
[2025-07-23T08:15:20.456+0000] {processor.py:840} INFO - DAG(s) 'example_dag_decorator' retrieved from /home/airflow/.local/lib/python3.12/site-packages/airflow/example_dags/example_dag_decorator.py
[2025-07-23T08:15:21.779+0000] {logging_mixin.py:188} INFO - [2025-07-23T08:15:21.778+0000] {dag.py:3096} INFO - Sync 1 DAGs
[2025-07-23T08:15:21.848+0000] {logging_mixin.py:188} INFO - [2025-07-23T08:15:21.848+0000] {dag.py:3954} INFO - Setting next_dagrun for example_dag_decorator to None, run_after=None
[2025-07-23T08:15:22.053+0000] {processor.py:183} INFO - Processing /home/airflow/.local/lib/python3.12/site-packages/airflow/example_dags/example_dag_decorator.py took 3.401 seconds
[2025-07-23T08:15:52.591+0000] {processor.py:161} INFO - Started process (PID=290) to work on /home/airflow/.local/lib/python3.12/site-packages/airflow/example_dags/example_dag_decorator.py
[2025-07-23T08:15:52.597+0000] {processor.py:830} INFO - Processing file /home/airflow/.local/lib/python3.12/site-packages/airflow/example_dags/example_dag_decorator.py for tasks to queue
[2025-07-23T08:15:52.631+0000] {logging_mixin.py:188} INFO - [2025-07-23T08:15:52.616+0000] {dagbag.py:545} INFO - Filling up the DagBag from /home/airflow/.local/lib/python3.12/site-packages/airflow/example_dags/example_dag_decorator.py
[2025-07-23T08:15:53.850+0000] {processor.py:840} INFO - DAG(s) 'example_dag_decorator' retrieved from /home/airflow/.local/lib/python3.12/site-packages/airflow/example_dags/example_dag_decorator.py
[2025-07-23T08:15:54.819+0000] {logging_mixin.py:188} INFO - [2025-07-23T08:15:54.818+0000] {dag.py:3096} INFO - Sync 1 DAGs
[2025-07-23T08:15:54.881+0000] {logging_mixin.py:188} INFO - [2025-07-23T08:15:54.880+0000] {dag.py:3954} INFO - Setting next_dagrun for example_dag_decorator to None, run_after=None
[2025-07-23T08:15:54.985+0000] {processor.py:183} INFO - Processing /home/airflow/.local/lib/python3.12/site-packages/airflow/example_dags/example_dag_decorator.py took 2.428 seconds
[2025-07-23T08:16:25.307+0000] {processor.py:161} INFO - Started process (PID=350) to work on /home/airflow/.local/lib/python3.12/site-packages/airflow/example_dags/example_dag_decorator.py
[2025-07-23T08:16:25.312+0000] {processor.py:830} INFO - Processing file /home/airflow/.local/lib/python3.12/site-packages/airflow/example_dags/example_dag_decorator.py for tasks to queue
[2025-07-23T08:16:25.318+0000] {logging_mixin.py:188} INFO - [2025-07-23T08:16:25.318+0000] {dagbag.py:545} INFO - Filling up the DagBag from /home/airflow/.local/lib/python3.12/site-packages/airflow/example_dags/example_dag_decorator.py
[2025-07-23T08:16:26.161+0000] {processor.py:840} INFO - DAG(s) 'example_dag_decorator' retrieved from /home/airflow/.local/lib/python3.12/site-packages/airflow/example_dags/example_dag_decorator.py
[2025-07-23T08:16:27.645+0000] {logging_mixin.py:188} INFO - [2025-07-23T08:16:27.633+0000] {dag.py:3096} INFO - Sync 1 DAGs
[2025-07-23T08:16:27.824+0000] {logging_mixin.py:188} INFO - [2025-07-23T08:16:27.823+0000] {dag.py:3954} INFO - Setting next_dagrun for example_dag_decorator to None, run_after=None
[2025-07-23T08:16:28.295+0000] {processor.py:183} INFO - Processing /home/airflow/.local/lib/python3.12/site-packages/airflow/example_dags/example_dag_decorator.py took 3.000 seconds
[2025-07-23T08:16:59.135+0000] {processor.py:161} INFO - Started process (PID=409) to work on /home/airflow/.local/lib/python3.12/site-packages/airflow/example_dags/example_dag_decorator.py
[2025-07-23T08:16:59.144+0000] {processor.py:830} INFO - Processing file /home/airflow/.local/lib/python3.12/site-packages/airflow/example_dags/example_dag_decorator.py for tasks to queue
[2025-07-23T08:16:59.201+0000] {logging_mixin.py:188} INFO - [2025-07-23T08:16:59.196+0000] {dagbag.py:545} INFO - Filling up the DagBag from /home/airflow/.local/lib/python3.12/site-packages/airflow/example_dags/example_dag_decorator.py
[2025-07-23T08:17:00.446+0000] {processor.py:840} INFO - DAG(s) 'example_dag_decorator' retrieved from /home/airflow/.local/lib/python3.12/site-packages/airflow/example_dags/example_dag_decorator.py
[2025-07-23T08:17:01.171+0000] {logging_mixin.py:188} INFO - [2025-07-23T08:17:01.169+0000] {dag.py:3096} INFO - Sync 1 DAGs
[2025-07-23T08:17:01.262+0000] {logging_mixin.py:188} INFO - [2025-07-23T08:17:01.261+0000] {dag.py:3954} INFO - Setting next_dagrun for example_dag_decorator to None, run_after=None
[2025-07-23T08:17:01.408+0000] {processor.py:183} INFO - Processing /home/airflow/.local/lib/python3.12/site-packages/airflow/example_dags/example_dag_decorator.py took 2.315 seconds
[2025-07-23T08:17:31.601+0000] {processor.py:161} INFO - Started process (PID=468) to work on /home/airflow/.local/lib/python3.12/site-packages/airflow/example_dags/example_dag_decorator.py
[2025-07-23T08:17:31.603+0000] {processor.py:830} INFO - Processing file /home/airflow/.local/lib/python3.12/site-packages/airflow/example_dags/example_dag_decorator.py for tasks to queue
[2025-07-23T08:17:31.609+0000] {logging_mixin.py:188} INFO - [2025-07-23T08:17:31.608+0000] {dagbag.py:545} INFO - Filling up the DagBag from /home/airflow/.local/lib/python3.12/site-packages/airflow/example_dags/example_dag_decorator.py
[2025-07-23T08:17:32.104+0000] {processor.py:840} INFO - DAG(s) 'example_dag_decorator' retrieved from /home/airflow/.local/lib/python3.12/site-packages/airflow/example_dags/example_dag_decorator.py
[2025-07-23T08:17:33.075+0000] {logging_mixin.py:188} INFO - [2025-07-23T08:17:33.074+0000] {dag.py:3096} INFO - Sync 1 DAGs
[2025-07-23T08:17:33.156+0000] {logging_mixin.py:188} INFO - [2025-07-23T08:17:33.155+0000] {dag.py:3954} INFO - Setting next_dagrun for example_dag_decorator to None, run_after=None
[2025-07-23T08:17:33.371+0000] {processor.py:183} INFO - Processing /home/airflow/.local/lib/python3.12/site-packages/airflow/example_dags/example_dag_decorator.py took 1.807 seconds
[2025-07-23T08:18:04.171+0000] {processor.py:161} INFO - Started process (PID=528) to work on /home/airflow/.local/lib/python3.12/site-packages/airflow/example_dags/example_dag_decorator.py
[2025-07-23T08:18:04.176+0000] {processor.py:830} INFO - Processing file /home/airflow/.local/lib/python3.12/site-packages/airflow/example_dags/example_dag_decorator.py for tasks to queue
[2025-07-23T08:18:04.191+0000] {logging_mixin.py:188} INFO - [2025-07-23T08:18:04.191+0000] {dagbag.py:545} INFO - Filling up the DagBag from /home/airflow/.local/lib/python3.12/site-packages/airflow/example_dags/example_dag_decorator.py
[2025-07-23T08:18:04.703+0000] {processor.py:840} INFO - DAG(s) 'example_dag_decorator' retrieved from /home/airflow/.local/lib/python3.12/site-packages/airflow/example_dags/example_dag_decorator.py
[2025-07-23T08:18:05.273+0000] {logging_mixin.py:188} INFO - [2025-07-23T08:18:05.272+0000] {dag.py:3096} INFO - Sync 1 DAGs
[2025-07-23T08:18:05.303+0000] {logging_mixin.py:188} INFO - [2025-07-23T08:18:05.303+0000] {dag.py:3954} INFO - Setting next_dagrun for example_dag_decorator to None, run_after=None
[2025-07-23T08:18:05.403+0000] {processor.py:183} INFO - Processing /home/airflow/.local/lib/python3.12/site-packages/airflow/example_dags/example_dag_decorator.py took 1.246 seconds
[2025-07-23T08:18:36.590+0000] {processor.py:161} INFO - Started process (PID=589) to work on /home/airflow/.local/lib/python3.12/site-packages/airflow/example_dags/example_dag_decorator.py
[2025-07-23T08:18:36.602+0000] {processor.py:830} INFO - Processing file /home/airflow/.local/lib/python3.12/site-packages/airflow/example_dags/example_dag_decorator.py for tasks to queue
[2025-07-23T08:18:36.615+0000] {logging_mixin.py:188} INFO - [2025-07-23T08:18:36.614+0000] {dagbag.py:545} INFO - Filling up the DagBag from /home/airflow/.local/lib/python3.12/site-packages/airflow/example_dags/example_dag_decorator.py
[2025-07-23T08:18:37.480+0000] {processor.py:840} INFO - DAG(s) 'example_dag_decorator' retrieved from /home/airflow/.local/lib/python3.12/site-packages/airflow/example_dags/example_dag_decorator.py
[2025-07-23T08:18:38.330+0000] {logging_mixin.py:188} INFO - [2025-07-23T08:18:38.329+0000] {dag.py:3096} INFO - Sync 1 DAGs
[2025-07-23T08:18:38.421+0000] {logging_mixin.py:188} INFO - [2025-07-23T08:18:38.420+0000] {dag.py:3954} INFO - Setting next_dagrun for example_dag_decorator to None, run_after=None
[2025-07-23T08:18:38.520+0000] {processor.py:183} INFO - Processing /home/airflow/.local/lib/python3.12/site-packages/airflow/example_dags/example_dag_decorator.py took 1.947 seconds
[2025-07-23T08:19:09.659+0000] {processor.py:161} INFO - Started process (PID=651) to work on /home/airflow/.local/lib/python3.12/site-packages/airflow/example_dags/example_dag_decorator.py
[2025-07-23T08:19:09.661+0000] {processor.py:830} INFO - Processing file /home/airflow/.local/lib/python3.12/site-packages/airflow/example_dags/example_dag_decorator.py for tasks to queue
[2025-07-23T08:19:09.666+0000] {logging_mixin.py:188} INFO - [2025-07-23T08:19:09.665+0000] {dagbag.py:545} INFO - Filling up the DagBag from /home/airflow/.local/lib/python3.12/site-packages/airflow/example_dags/example_dag_decorator.py
[2025-07-23T08:19:10.087+0000] {processor.py:840} INFO - DAG(s) 'example_dag_decorator' retrieved from /home/airflow/.local/lib/python3.12/site-packages/airflow/example_dags/example_dag_decorator.py
[2025-07-23T08:19:10.740+0000] {logging_mixin.py:188} INFO - [2025-07-23T08:19:10.740+0000] {dag.py:3096} INFO - Sync 1 DAGs
[2025-07-23T08:19:10.823+0000] {logging_mixin.py:188} INFO - [2025-07-23T08:19:10.822+0000] {dag.py:3954} INFO - Setting next_dagrun for example_dag_decorator to None, run_after=None
[2025-07-23T08:19:10.900+0000] {processor.py:183} INFO - Processing /home/airflow/.local/lib/python3.12/site-packages/airflow/example_dags/example_dag_decorator.py took 1.284 seconds
[2025-07-23T08:19:41.865+0000] {processor.py:161} INFO - Started process (PID=712) to work on /home/airflow/.local/lib/python3.12/site-packages/airflow/example_dags/example_dag_decorator.py
[2025-07-23T08:19:41.882+0000] {processor.py:830} INFO - Processing file /home/airflow/.local/lib/python3.12/site-packages/airflow/example_dags/example_dag_decorator.py for tasks to queue
[2025-07-23T08:19:41.898+0000] {logging_mixin.py:188} INFO - [2025-07-23T08:19:41.897+0000] {dagbag.py:545} INFO - Filling up the DagBag from /home/airflow/.local/lib/python3.12/site-packages/airflow/example_dags/example_dag_decorator.py
[2025-07-23T08:19:43.080+0000] {processor.py:840} INFO - DAG(s) 'example_dag_decorator' retrieved from /home/airflow/.local/lib/python3.12/site-packages/airflow/example_dags/example_dag_decorator.py
[2025-07-23T08:19:44.183+0000] {logging_mixin.py:188} INFO - [2025-07-23T08:19:44.183+0000] {dag.py:3096} INFO - Sync 1 DAGs
[2025-07-23T08:19:44.253+0000] {logging_mixin.py:188} INFO - [2025-07-23T08:19:44.252+0000] {dag.py:3954} INFO - Setting next_dagrun for example_dag_decorator to None, run_after=None
[2025-07-23T08:19:45.437+0000] {processor.py:183} INFO - Processing /home/airflow/.local/lib/python3.12/site-packages/airflow/example_dags/example_dag_decorator.py took 3.657 seconds
[2025-07-23T08:20:16.576+0000] {processor.py:161} INFO - Started process (PID=771) to work on /home/airflow/.local/lib/python3.12/site-packages/airflow/example_dags/example_dag_decorator.py
[2025-07-23T08:20:16.591+0000] {processor.py:830} INFO - Processing file /home/airflow/.local/lib/python3.12/site-packages/airflow/example_dags/example_dag_decorator.py for tasks to queue
[2025-07-23T08:20:16.609+0000] {logging_mixin.py:188} INFO - [2025-07-23T08:20:16.608+0000] {dagbag.py:545} INFO - Filling up the DagBag from /home/airflow/.local/lib/python3.12/site-packages/airflow/example_dags/example_dag_decorator.py
[2025-07-23T08:20:17.658+0000] {processor.py:840} INFO - DAG(s) 'example_dag_decorator' retrieved from /home/airflow/.local/lib/python3.12/site-packages/airflow/example_dags/example_dag_decorator.py
[2025-07-23T08:20:18.322+0000] {logging_mixin.py:188} INFO - [2025-07-23T08:20:18.321+0000] {dag.py:3096} INFO - Sync 1 DAGs
[2025-07-23T08:20:18.445+0000] {logging_mixin.py:188} INFO - [2025-07-23T08:20:18.445+0000] {dag.py:3954} INFO - Setting next_dagrun for example_dag_decorator to None, run_after=None
[2025-07-23T08:20:18.584+0000] {processor.py:183} INFO - Processing /home/airflow/.local/lib/python3.12/site-packages/airflow/example_dags/example_dag_decorator.py took 2.138 seconds
[2025-07-23T08:20:58.341+0000] {processor.py:161} INFO - Started process (PID=842) to work on /home/airflow/.local/lib/python3.12/site-packages/airflow/example_dags/example_dag_decorator.py
[2025-07-23T08:20:58.352+0000] {processor.py:830} INFO - Processing file /home/airflow/.local/lib/python3.12/site-packages/airflow/example_dags/example_dag_decorator.py for tasks to queue
[2025-07-23T08:20:58.365+0000] {logging_mixin.py:188} INFO - [2025-07-23T08:20:58.364+0000] {dagbag.py:545} INFO - Filling up the DagBag from /home/airflow/.local/lib/python3.12/site-packages/airflow/example_dags/example_dag_decorator.py
[2025-07-23T08:20:59.332+0000] {processor.py:840} INFO - DAG(s) 'example_dag_decorator' retrieved from /home/airflow/.local/lib/python3.12/site-packages/airflow/example_dags/example_dag_decorator.py
[2025-07-23T08:21:00.017+0000] {logging_mixin.py:188} INFO - [2025-07-23T08:21:00.016+0000] {dag.py:3096} INFO - Sync 1 DAGs
[2025-07-23T08:21:00.147+0000] {logging_mixin.py:188} INFO - [2025-07-23T08:21:00.145+0000] {dag.py:3954} INFO - Setting next_dagrun for example_dag_decorator to None, run_after=None
[2025-07-23T08:21:00.284+0000] {processor.py:183} INFO - Processing /home/airflow/.local/lib/python3.12/site-packages/airflow/example_dags/example_dag_decorator.py took 1.980 seconds
[2025-07-23T08:21:34.724+0000] {processor.py:161} INFO - Started process (PID=905) to work on /home/airflow/.local/lib/python3.12/site-packages/airflow/example_dags/example_dag_decorator.py
[2025-07-23T08:21:34.738+0000] {processor.py:830} INFO - Processing file /home/airflow/.local/lib/python3.12/site-packages/airflow/example_dags/example_dag_decorator.py for tasks to queue
[2025-07-23T08:21:34.756+0000] {logging_mixin.py:188} INFO - [2025-07-23T08:21:34.755+0000] {dagbag.py:545} INFO - Filling up the DagBag from /home/airflow/.local/lib/python3.12/site-packages/airflow/example_dags/example_dag_decorator.py
[2025-07-23T08:21:35.992+0000] {processor.py:840} INFO - DAG(s) 'example_dag_decorator' retrieved from /home/airflow/.local/lib/python3.12/site-packages/airflow/example_dags/example_dag_decorator.py
[2025-07-23T08:21:38.366+0000] {logging_mixin.py:188} INFO - [2025-07-23T08:21:38.366+0000] {dag.py:3096} INFO - Sync 1 DAGs
[2025-07-23T08:21:38.542+0000] {logging_mixin.py:188} INFO - [2025-07-23T08:21:38.542+0000] {dag.py:3954} INFO - Setting next_dagrun for example_dag_decorator to None, run_after=None
[2025-07-23T08:21:38.758+0000] {processor.py:183} INFO - Processing /home/airflow/.local/lib/python3.12/site-packages/airflow/example_dags/example_dag_decorator.py took 4.094 seconds
[2025-07-23T08:22:09.350+0000] {processor.py:161} INFO - Started process (PID=966) to work on /home/airflow/.local/lib/python3.12/site-packages/airflow/example_dags/example_dag_decorator.py
[2025-07-23T08:22:09.367+0000] {processor.py:830} INFO - Processing file /home/airflow/.local/lib/python3.12/site-packages/airflow/example_dags/example_dag_decorator.py for tasks to queue
[2025-07-23T08:22:09.371+0000] {logging_mixin.py:188} INFO - [2025-07-23T08:22:09.370+0000] {dagbag.py:545} INFO - Filling up the DagBag from /home/airflow/.local/lib/python3.12/site-packages/airflow/example_dags/example_dag_decorator.py
[2025-07-23T08:22:10.132+0000] {processor.py:840} INFO - DAG(s) 'example_dag_decorator' retrieved from /home/airflow/.local/lib/python3.12/site-packages/airflow/example_dags/example_dag_decorator.py
[2025-07-23T08:22:11.469+0000] {logging_mixin.py:188} INFO - [2025-07-23T08:22:11.469+0000] {dag.py:3096} INFO - Sync 1 DAGs
[2025-07-23T08:22:11.612+0000] {logging_mixin.py:188} INFO - [2025-07-23T08:22:11.611+0000] {dag.py:3954} INFO - Setting next_dagrun for example_dag_decorator to None, run_after=None
[2025-07-23T08:22:12.018+0000] {processor.py:183} INFO - Processing /home/airflow/.local/lib/python3.12/site-packages/airflow/example_dags/example_dag_decorator.py took 2.702 seconds
[2025-07-23T08:22:42.863+0000] {processor.py:161} INFO - Started process (PID=1025) to work on /home/airflow/.local/lib/python3.12/site-packages/airflow/example_dags/example_dag_decorator.py
[2025-07-23T08:22:42.870+0000] {processor.py:830} INFO - Processing file /home/airflow/.local/lib/python3.12/site-packages/airflow/example_dags/example_dag_decorator.py for tasks to queue
[2025-07-23T08:22:42.892+0000] {logging_mixin.py:188} INFO - [2025-07-23T08:22:42.891+0000] {dagbag.py:545} INFO - Filling up the DagBag from /home/airflow/.local/lib/python3.12/site-packages/airflow/example_dags/example_dag_decorator.py
[2025-07-23T08:22:43.656+0000] {processor.py:840} INFO - DAG(s) 'example_dag_decorator' retrieved from /home/airflow/.local/lib/python3.12/site-packages/airflow/example_dags/example_dag_decorator.py
[2025-07-23T08:22:44.399+0000] {logging_mixin.py:188} INFO - [2025-07-23T08:22:44.398+0000] {dag.py:3096} INFO - Sync 1 DAGs
[2025-07-23T08:22:45.440+0000] {logging_mixin.py:188} INFO - [2025-07-23T08:22:45.439+0000] {dag.py:3954} INFO - Setting next_dagrun for example_dag_decorator to None, run_after=None
[2025-07-23T08:22:45.716+0000] {processor.py:183} INFO - Processing /home/airflow/.local/lib/python3.12/site-packages/airflow/example_dags/example_dag_decorator.py took 2.899 seconds
[2025-07-23T08:23:27.297+0000] {processor.py:161} INFO - Started process (PID=1087) to work on /home/airflow/.local/lib/python3.12/site-packages/airflow/example_dags/example_dag_decorator.py
[2025-07-23T08:23:27.311+0000] {processor.py:830} INFO - Processing file /home/airflow/.local/lib/python3.12/site-packages/airflow/example_dags/example_dag_decorator.py for tasks to queue
[2025-07-23T08:23:27.344+0000] {logging_mixin.py:188} INFO - [2025-07-23T08:23:27.343+0000] {dagbag.py:545} INFO - Filling up the DagBag from /home/airflow/.local/lib/python3.12/site-packages/airflow/example_dags/example_dag_decorator.py
[2025-07-23T08:23:30.258+0000] {processor.py:840} INFO - DAG(s) 'example_dag_decorator' retrieved from /home/airflow/.local/lib/python3.12/site-packages/airflow/example_dags/example_dag_decorator.py
[2025-07-23T08:23:32.099+0000] {logging_mixin.py:188} INFO - [2025-07-23T08:23:32.099+0000] {dag.py:3096} INFO - Sync 1 DAGs
[2025-07-23T08:23:33.311+0000] {logging_mixin.py:188} INFO - [2025-07-23T08:23:33.311+0000] {dag.py:3954} INFO - Setting next_dagrun for example_dag_decorator to None, run_after=None
[2025-07-23T08:23:33.501+0000] {processor.py:183} INFO - Processing /home/airflow/.local/lib/python3.12/site-packages/airflow/example_dags/example_dag_decorator.py took 6.261 seconds
[2025-07-23T08:24:04.290+0000] {processor.py:161} INFO - Started process (PID=1154) to work on /home/airflow/.local/lib/python3.12/site-packages/airflow/example_dags/example_dag_decorator.py
[2025-07-23T08:24:04.292+0000] {processor.py:830} INFO - Processing file /home/airflow/.local/lib/python3.12/site-packages/airflow/example_dags/example_dag_decorator.py for tasks to queue
[2025-07-23T08:24:04.318+0000] {logging_mixin.py:188} INFO - [2025-07-23T08:24:04.317+0000] {dagbag.py:545} INFO - Filling up the DagBag from /home/airflow/.local/lib/python3.12/site-packages/airflow/example_dags/example_dag_decorator.py
[2025-07-23T08:24:04.928+0000] {processor.py:840} INFO - DAG(s) 'example_dag_decorator' retrieved from /home/airflow/.local/lib/python3.12/site-packages/airflow/example_dags/example_dag_decorator.py
[2025-07-23T08:24:05.731+0000] {logging_mixin.py:188} INFO - [2025-07-23T08:24:05.730+0000] {dag.py:3096} INFO - Sync 1 DAGs
[2025-07-23T08:24:05.805+0000] {logging_mixin.py:188} INFO - [2025-07-23T08:24:05.805+0000] {dag.py:3954} INFO - Setting next_dagrun for example_dag_decorator to None, run_after=None
[2025-07-23T08:24:05.925+0000] {processor.py:183} INFO - Processing /home/airflow/.local/lib/python3.12/site-packages/airflow/example_dags/example_dag_decorator.py took 1.672 seconds
[2025-07-23T08:24:36.594+0000] {processor.py:161} INFO - Started process (PID=1212) to work on /home/airflow/.local/lib/python3.12/site-packages/airflow/example_dags/example_dag_decorator.py
[2025-07-23T08:24:36.597+0000] {processor.py:830} INFO - Processing file /home/airflow/.local/lib/python3.12/site-packages/airflow/example_dags/example_dag_decorator.py for tasks to queue
[2025-07-23T08:24:36.603+0000] {logging_mixin.py:188} INFO - [2025-07-23T08:24:36.602+0000] {dagbag.py:545} INFO - Filling up the DagBag from /home/airflow/.local/lib/python3.12/site-packages/airflow/example_dags/example_dag_decorator.py
[2025-07-23T08:24:37.231+0000] {processor.py:840} INFO - DAG(s) 'example_dag_decorator' retrieved from /home/airflow/.local/lib/python3.12/site-packages/airflow/example_dags/example_dag_decorator.py
[2025-07-23T08:24:38.500+0000] {logging_mixin.py:188} INFO - [2025-07-23T08:24:38.500+0000] {dag.py:3096} INFO - Sync 1 DAGs
[2025-07-23T08:24:38.550+0000] {logging_mixin.py:188} INFO - [2025-07-23T08:24:38.550+0000] {dag.py:3954} INFO - Setting next_dagrun for example_dag_decorator to None, run_after=None
[2025-07-23T08:24:38.630+0000] {processor.py:183} INFO - Processing /home/airflow/.local/lib/python3.12/site-packages/airflow/example_dags/example_dag_decorator.py took 2.051 seconds
[2025-07-23T08:25:09.724+0000] {processor.py:161} INFO - Started process (PID=1273) to work on /home/airflow/.local/lib/python3.12/site-packages/airflow/example_dags/example_dag_decorator.py
[2025-07-23T08:25:09.726+0000] {processor.py:830} INFO - Processing file /home/airflow/.local/lib/python3.12/site-packages/airflow/example_dags/example_dag_decorator.py for tasks to queue
[2025-07-23T08:25:09.730+0000] {logging_mixin.py:188} INFO - [2025-07-23T08:25:09.729+0000] {dagbag.py:545} INFO - Filling up the DagBag from /home/airflow/.local/lib/python3.12/site-packages/airflow/example_dags/example_dag_decorator.py
[2025-07-23T08:25:09.976+0000] {processor.py:840} INFO - DAG(s) 'example_dag_decorator' retrieved from /home/airflow/.local/lib/python3.12/site-packages/airflow/example_dags/example_dag_decorator.py
[2025-07-23T08:25:10.405+0000] {logging_mixin.py:188} INFO - [2025-07-23T08:25:10.405+0000] {dag.py:3096} INFO - Sync 1 DAGs
[2025-07-23T08:25:10.421+0000] {logging_mixin.py:188} INFO - [2025-07-23T08:25:10.421+0000] {dag.py:3954} INFO - Setting next_dagrun for example_dag_decorator to None, run_after=None
[2025-07-23T08:25:10.462+0000] {processor.py:183} INFO - Processing /home/airflow/.local/lib/python3.12/site-packages/airflow/example_dags/example_dag_decorator.py took 0.750 seconds
[2025-07-23T08:25:41.250+0000] {processor.py:161} INFO - Started process (PID=1331) to work on /home/airflow/.local/lib/python3.12/site-packages/airflow/example_dags/example_dag_decorator.py
[2025-07-23T08:25:41.257+0000] {processor.py:830} INFO - Processing file /home/airflow/.local/lib/python3.12/site-packages/airflow/example_dags/example_dag_decorator.py for tasks to queue
[2025-07-23T08:25:41.294+0000] {logging_mixin.py:188} INFO - [2025-07-23T08:25:41.294+0000] {dagbag.py:545} INFO - Filling up the DagBag from /home/airflow/.local/lib/python3.12/site-packages/airflow/example_dags/example_dag_decorator.py
[2025-07-23T08:25:42.034+0000] {processor.py:840} INFO - DAG(s) 'example_dag_decorator' retrieved from /home/airflow/.local/lib/python3.12/site-packages/airflow/example_dags/example_dag_decorator.py
[2025-07-23T08:25:42.636+0000] {logging_mixin.py:188} INFO - [2025-07-23T08:25:42.635+0000] {dag.py:3096} INFO - Sync 1 DAGs
[2025-07-23T08:25:42.689+0000] {logging_mixin.py:188} INFO - [2025-07-23T08:25:42.689+0000] {dag.py:3954} INFO - Setting next_dagrun for example_dag_decorator to None, run_after=None
[2025-07-23T08:25:42.797+0000] {processor.py:183} INFO - Processing /home/airflow/.local/lib/python3.12/site-packages/airflow/example_dags/example_dag_decorator.py took 1.608 seconds
[2025-07-23T08:26:13.659+0000] {processor.py:161} INFO - Started process (PID=1391) to work on /home/airflow/.local/lib/python3.12/site-packages/airflow/example_dags/example_dag_decorator.py
[2025-07-23T08:26:13.672+0000] {processor.py:830} INFO - Processing file /home/airflow/.local/lib/python3.12/site-packages/airflow/example_dags/example_dag_decorator.py for tasks to queue
[2025-07-23T08:26:13.678+0000] {logging_mixin.py:188} INFO - [2025-07-23T08:26:13.678+0000] {dagbag.py:545} INFO - Filling up the DagBag from /home/airflow/.local/lib/python3.12/site-packages/airflow/example_dags/example_dag_decorator.py
[2025-07-23T08:26:14.212+0000] {processor.py:840} INFO - DAG(s) 'example_dag_decorator' retrieved from /home/airflow/.local/lib/python3.12/site-packages/airflow/example_dags/example_dag_decorator.py
[2025-07-23T08:26:15.340+0000] {logging_mixin.py:188} INFO - [2025-07-23T08:26:15.338+0000] {dag.py:3096} INFO - Sync 1 DAGs
[2025-07-23T08:26:15.457+0000] {logging_mixin.py:188} INFO - [2025-07-23T08:26:15.456+0000] {dag.py:3954} INFO - Setting next_dagrun for example_dag_decorator to None, run_after=None
[2025-07-23T08:26:15.544+0000] {processor.py:183} INFO - Processing /home/airflow/.local/lib/python3.12/site-packages/airflow/example_dags/example_dag_decorator.py took 1.907 seconds
[2025-07-23T08:26:46.355+0000] {processor.py:161} INFO - Started process (PID=1451) to work on /home/airflow/.local/lib/python3.12/site-packages/airflow/example_dags/example_dag_decorator.py
[2025-07-23T08:26:46.388+0000] {processor.py:830} INFO - Processing file /home/airflow/.local/lib/python3.12/site-packages/airflow/example_dags/example_dag_decorator.py for tasks to queue
[2025-07-23T08:26:46.394+0000] {logging_mixin.py:188} INFO - [2025-07-23T08:26:46.394+0000] {dagbag.py:545} INFO - Filling up the DagBag from /home/airflow/.local/lib/python3.12/site-packages/airflow/example_dags/example_dag_decorator.py
[2025-07-23T08:26:46.850+0000] {processor.py:840} INFO - DAG(s) 'example_dag_decorator' retrieved from /home/airflow/.local/lib/python3.12/site-packages/airflow/example_dags/example_dag_decorator.py
[2025-07-23T08:26:47.933+0000] {logging_mixin.py:188} INFO - [2025-07-23T08:26:47.932+0000] {dag.py:3096} INFO - Sync 1 DAGs
[2025-07-23T08:26:48.029+0000] {logging_mixin.py:188} INFO - [2025-07-23T08:26:48.029+0000] {dag.py:3954} INFO - Setting next_dagrun for example_dag_decorator to None, run_after=None
[2025-07-23T08:26:48.192+0000] {processor.py:183} INFO - Processing /home/airflow/.local/lib/python3.12/site-packages/airflow/example_dags/example_dag_decorator.py took 1.879 seconds
[2025-07-23T08:27:32.288+0000] {processor.py:161} INFO - Started process (PID=1513) to work on /home/airflow/.local/lib/python3.12/site-packages/airflow/example_dags/example_dag_decorator.py
[2025-07-23T08:27:32.290+0000] {processor.py:830} INFO - Processing file /home/airflow/.local/lib/python3.12/site-packages/airflow/example_dags/example_dag_decorator.py for tasks to queue
[2025-07-23T08:27:32.308+0000] {logging_mixin.py:188} INFO - [2025-07-23T08:27:32.308+0000] {dagbag.py:545} INFO - Filling up the DagBag from /home/airflow/.local/lib/python3.12/site-packages/airflow/example_dags/example_dag_decorator.py
[2025-07-23T08:27:33.453+0000] {processor.py:840} INFO - DAG(s) 'example_dag_decorator' retrieved from /home/airflow/.local/lib/python3.12/site-packages/airflow/example_dags/example_dag_decorator.py
[2025-07-23T08:27:35.201+0000] {logging_mixin.py:188} INFO - [2025-07-23T08:27:35.201+0000] {dag.py:3096} INFO - Sync 1 DAGs
[2025-07-23T08:27:35.302+0000] {logging_mixin.py:188} INFO - [2025-07-23T08:27:35.302+0000] {dag.py:3954} INFO - Setting next_dagrun for example_dag_decorator to None, run_after=None
[2025-07-23T08:27:35.435+0000] {processor.py:183} INFO - Processing /home/airflow/.local/lib/python3.12/site-packages/airflow/example_dags/example_dag_decorator.py took 3.084 seconds
[2025-07-23T08:28:05.810+0000] {processor.py:161} INFO - Started process (PID=1578) to work on /home/airflow/.local/lib/python3.12/site-packages/airflow/example_dags/example_dag_decorator.py
[2025-07-23T08:28:05.818+0000] {processor.py:830} INFO - Processing file /home/airflow/.local/lib/python3.12/site-packages/airflow/example_dags/example_dag_decorator.py for tasks to queue
[2025-07-23T08:28:05.822+0000] {logging_mixin.py:188} INFO - [2025-07-23T08:28:05.822+0000] {dagbag.py:545} INFO - Filling up the DagBag from /home/airflow/.local/lib/python3.12/site-packages/airflow/example_dags/example_dag_decorator.py
[2025-07-23T08:28:06.299+0000] {processor.py:840} INFO - DAG(s) 'example_dag_decorator' retrieved from /home/airflow/.local/lib/python3.12/site-packages/airflow/example_dags/example_dag_decorator.py
[2025-07-23T08:28:07.253+0000] {logging_mixin.py:188} INFO - [2025-07-23T08:28:07.251+0000] {dag.py:3096} INFO - Sync 1 DAGs
[2025-07-23T08:28:07.301+0000] {logging_mixin.py:188} INFO - [2025-07-23T08:28:07.301+0000] {dag.py:3954} INFO - Setting next_dagrun for example_dag_decorator to None, run_after=None
[2025-07-23T08:28:07.402+0000] {processor.py:183} INFO - Processing /home/airflow/.local/lib/python3.12/site-packages/airflow/example_dags/example_dag_decorator.py took 1.605 seconds
[2025-07-23T08:28:40.041+0000] {processor.py:161} INFO - Started process (PID=1641) to work on /home/airflow/.local/lib/python3.12/site-packages/airflow/example_dags/example_dag_decorator.py
[2025-07-23T08:28:40.045+0000] {processor.py:830} INFO - Processing file /home/airflow/.local/lib/python3.12/site-packages/airflow/example_dags/example_dag_decorator.py for tasks to queue
[2025-07-23T08:28:40.074+0000] {logging_mixin.py:188} INFO - [2025-07-23T08:28:40.074+0000] {dagbag.py:545} INFO - Filling up the DagBag from /home/airflow/.local/lib/python3.12/site-packages/airflow/example_dags/example_dag_decorator.py
[2025-07-23T08:28:41.043+0000] {processor.py:840} INFO - DAG(s) 'example_dag_decorator' retrieved from /home/airflow/.local/lib/python3.12/site-packages/airflow/example_dags/example_dag_decorator.py
[2025-07-23T08:28:41.229+0000] {logging_mixin.py:188} INFO - [2025-07-23T08:28:41.227+0000] {dag.py:3096} INFO - Sync 1 DAGs
[2025-07-23T08:28:42.378+0000] {logging_mixin.py:188} INFO - [2025-07-23T08:28:42.378+0000] {dag.py:3954} INFO - Setting next_dagrun for example_dag_decorator to None, run_after=None
[2025-07-23T08:28:42.682+0000] {processor.py:183} INFO - Processing /home/airflow/.local/lib/python3.12/site-packages/airflow/example_dags/example_dag_decorator.py took 2.672 seconds
[2025-07-23T08:29:14.575+0000] {processor.py:161} INFO - Started process (PID=1703) to work on /home/airflow/.local/lib/python3.12/site-packages/airflow/example_dags/example_dag_decorator.py
[2025-07-23T08:29:14.577+0000] {processor.py:830} INFO - Processing file /home/airflow/.local/lib/python3.12/site-packages/airflow/example_dags/example_dag_decorator.py for tasks to queue
[2025-07-23T08:29:14.581+0000] {logging_mixin.py:188} INFO - [2025-07-23T08:29:14.580+0000] {dagbag.py:545} INFO - Filling up the DagBag from /home/airflow/.local/lib/python3.12/site-packages/airflow/example_dags/example_dag_decorator.py
[2025-07-23T08:29:14.855+0000] {processor.py:840} INFO - DAG(s) 'example_dag_decorator' retrieved from /home/airflow/.local/lib/python3.12/site-packages/airflow/example_dags/example_dag_decorator.py
[2025-07-23T08:29:14.972+0000] {logging_mixin.py:188} INFO - [2025-07-23T08:29:14.971+0000] {dag.py:3096} INFO - Sync 1 DAGs
[2025-07-23T08:29:15.352+0000] {logging_mixin.py:188} INFO - [2025-07-23T08:29:15.351+0000] {dag.py:3954} INFO - Setting next_dagrun for example_dag_decorator to None, run_after=None
[2025-07-23T08:29:15.421+0000] {processor.py:183} INFO - Processing /home/airflow/.local/lib/python3.12/site-packages/airflow/example_dags/example_dag_decorator.py took 0.858 seconds
[2025-07-23T08:29:47.004+0000] {processor.py:161} INFO - Started process (PID=1764) to work on /home/airflow/.local/lib/python3.12/site-packages/airflow/example_dags/example_dag_decorator.py
[2025-07-23T08:29:47.007+0000] {processor.py:830} INFO - Processing file /home/airflow/.local/lib/python3.12/site-packages/airflow/example_dags/example_dag_decorator.py for tasks to queue
[2025-07-23T08:29:47.011+0000] {logging_mixin.py:188} INFO - [2025-07-23T08:29:47.011+0000] {dagbag.py:545} INFO - Filling up the DagBag from /home/airflow/.local/lib/python3.12/site-packages/airflow/example_dags/example_dag_decorator.py
[2025-07-23T08:29:47.545+0000] {processor.py:840} INFO - DAG(s) 'example_dag_decorator' retrieved from /home/airflow/.local/lib/python3.12/site-packages/airflow/example_dags/example_dag_decorator.py
[2025-07-23T08:29:47.592+0000] {logging_mixin.py:188} INFO - [2025-07-23T08:29:47.592+0000] {dag.py:3096} INFO - Sync 1 DAGs
[2025-07-23T08:29:47.647+0000] {logging_mixin.py:188} INFO - [2025-07-23T08:29:47.647+0000] {dag.py:3954} INFO - Setting next_dagrun for example_dag_decorator to None, run_after=None
[2025-07-23T08:29:47.699+0000] {processor.py:183} INFO - Processing /home/airflow/.local/lib/python3.12/site-packages/airflow/example_dags/example_dag_decorator.py took 0.709 seconds
[2025-07-23T08:30:17.902+0000] {processor.py:161} INFO - Started process (PID=1822) to work on /home/airflow/.local/lib/python3.12/site-packages/airflow/example_dags/example_dag_decorator.py
[2025-07-23T08:30:17.903+0000] {processor.py:830} INFO - Processing file /home/airflow/.local/lib/python3.12/site-packages/airflow/example_dags/example_dag_decorator.py for tasks to queue
[2025-07-23T08:30:17.907+0000] {logging_mixin.py:188} INFO - [2025-07-23T08:30:17.906+0000] {dagbag.py:545} INFO - Filling up the DagBag from /home/airflow/.local/lib/python3.12/site-packages/airflow/example_dags/example_dag_decorator.py
[2025-07-23T08:30:18.589+0000] {processor.py:840} INFO - DAG(s) 'example_dag_decorator' retrieved from /home/airflow/.local/lib/python3.12/site-packages/airflow/example_dags/example_dag_decorator.py
[2025-07-23T08:30:19.080+0000] {logging_mixin.py:188} INFO - [2025-07-23T08:30:19.079+0000] {dag.py:3096} INFO - Sync 1 DAGs
[2025-07-23T08:30:19.133+0000] {logging_mixin.py:188} INFO - [2025-07-23T08:30:19.133+0000] {dag.py:3954} INFO - Setting next_dagrun for example_dag_decorator to None, run_after=None
[2025-07-23T08:30:19.197+0000] {processor.py:183} INFO - Processing /home/airflow/.local/lib/python3.12/site-packages/airflow/example_dags/example_dag_decorator.py took 1.308 seconds
[2025-07-23T08:30:50.727+0000] {processor.py:161} INFO - Started process (PID=1885) to work on /home/airflow/.local/lib/python3.12/site-packages/airflow/example_dags/example_dag_decorator.py
[2025-07-23T08:30:50.733+0000] {processor.py:830} INFO - Processing file /home/airflow/.local/lib/python3.12/site-packages/airflow/example_dags/example_dag_decorator.py for tasks to queue
[2025-07-23T08:30:50.737+0000] {logging_mixin.py:188} INFO - [2025-07-23T08:30:50.736+0000] {dagbag.py:545} INFO - Filling up the DagBag from /home/airflow/.local/lib/python3.12/site-packages/airflow/example_dags/example_dag_decorator.py
[2025-07-23T08:30:52.239+0000] {processor.py:840} INFO - DAG(s) 'example_dag_decorator' retrieved from /home/airflow/.local/lib/python3.12/site-packages/airflow/example_dags/example_dag_decorator.py
[2025-07-23T08:30:52.921+0000] {logging_mixin.py:188} INFO - [2025-07-23T08:30:52.921+0000] {dag.py:3096} INFO - Sync 1 DAGs
[2025-07-23T08:30:52.945+0000] {logging_mixin.py:188} INFO - [2025-07-23T08:30:52.945+0000] {dag.py:3954} INFO - Setting next_dagrun for example_dag_decorator to None, run_after=None
[2025-07-23T08:30:53.072+0000] {processor.py:183} INFO - Processing /home/airflow/.local/lib/python3.12/site-packages/airflow/example_dags/example_dag_decorator.py took 2.367 seconds
[2025-07-23T08:31:23.827+0000] {processor.py:161} INFO - Started process (PID=1947) to work on /home/airflow/.local/lib/python3.12/site-packages/airflow/example_dags/example_dag_decorator.py
[2025-07-23T08:31:23.835+0000] {processor.py:830} INFO - Processing file /home/airflow/.local/lib/python3.12/site-packages/airflow/example_dags/example_dag_decorator.py for tasks to queue
[2025-07-23T08:31:23.839+0000] {logging_mixin.py:188} INFO - [2025-07-23T08:31:23.838+0000] {dagbag.py:545} INFO - Filling up the DagBag from /home/airflow/.local/lib/python3.12/site-packages/airflow/example_dags/example_dag_decorator.py
[2025-07-23T08:31:24.843+0000] {processor.py:840} INFO - DAG(s) 'example_dag_decorator' retrieved from /home/airflow/.local/lib/python3.12/site-packages/airflow/example_dags/example_dag_decorator.py
[2025-07-23T08:31:25.277+0000] {logging_mixin.py:188} INFO - [2025-07-23T08:31:25.276+0000] {dag.py:3096} INFO - Sync 1 DAGs
[2025-07-23T08:31:25.328+0000] {logging_mixin.py:188} INFO - [2025-07-23T08:31:25.328+0000] {dag.py:3954} INFO - Setting next_dagrun for example_dag_decorator to None, run_after=None
[2025-07-23T08:31:25.399+0000] {processor.py:183} INFO - Processing /home/airflow/.local/lib/python3.12/site-packages/airflow/example_dags/example_dag_decorator.py took 1.608 seconds
[2025-07-23T08:31:55.599+0000] {processor.py:161} INFO - Started process (PID=2007) to work on /home/airflow/.local/lib/python3.12/site-packages/airflow/example_dags/example_dag_decorator.py
[2025-07-23T08:31:55.602+0000] {processor.py:830} INFO - Processing file /home/airflow/.local/lib/python3.12/site-packages/airflow/example_dags/example_dag_decorator.py for tasks to queue
[2025-07-23T08:31:55.610+0000] {logging_mixin.py:188} INFO - [2025-07-23T08:31:55.609+0000] {dagbag.py:545} INFO - Filling up the DagBag from /home/airflow/.local/lib/python3.12/site-packages/airflow/example_dags/example_dag_decorator.py
[2025-07-23T08:31:56.621+0000] {processor.py:840} INFO - DAG(s) 'example_dag_decorator' retrieved from /home/airflow/.local/lib/python3.12/site-packages/airflow/example_dags/example_dag_decorator.py
[2025-07-23T08:31:57.117+0000] {logging_mixin.py:188} INFO - [2025-07-23T08:31:57.116+0000] {dag.py:3096} INFO - Sync 1 DAGs
[2025-07-23T08:31:57.151+0000] {logging_mixin.py:188} INFO - [2025-07-23T08:31:57.150+0000] {dag.py:3954} INFO - Setting next_dagrun for example_dag_decorator to None, run_after=None
[2025-07-23T08:31:57.206+0000] {processor.py:183} INFO - Processing /home/airflow/.local/lib/python3.12/site-packages/airflow/example_dags/example_dag_decorator.py took 1.643 seconds
[2025-07-23T08:35:13.955+0000] {processor.py:161} INFO - Started process (PID=114) to work on /home/airflow/.local/lib/python3.12/site-packages/airflow/example_dags/example_dag_decorator.py
[2025-07-23T08:35:13.957+0000] {processor.py:830} INFO - Processing file /home/airflow/.local/lib/python3.12/site-packages/airflow/example_dags/example_dag_decorator.py for tasks to queue
[2025-07-23T08:35:13.961+0000] {logging_mixin.py:188} INFO - [2025-07-23T08:35:13.961+0000] {dagbag.py:545} INFO - Filling up the DagBag from /home/airflow/.local/lib/python3.12/site-packages/airflow/example_dags/example_dag_decorator.py
[2025-07-23T08:35:15.676+0000] {processor.py:840} INFO - DAG(s) 'example_dag_decorator' retrieved from /home/airflow/.local/lib/python3.12/site-packages/airflow/example_dags/example_dag_decorator.py
[2025-07-23T08:35:16.161+0000] {logging_mixin.py:188} INFO - [2025-07-23T08:35:16.161+0000] {dag.py:3096} INFO - Sync 1 DAGs
[2025-07-23T08:35:16.210+0000] {logging_mixin.py:188} INFO - [2025-07-23T08:35:16.210+0000] {dag.py:3954} INFO - Setting next_dagrun for example_dag_decorator to None, run_after=None
[2025-07-23T08:35:16.345+0000] {processor.py:183} INFO - Processing /home/airflow/.local/lib/python3.12/site-packages/airflow/example_dags/example_dag_decorator.py took 2.410 seconds
[2025-07-23T08:35:48.090+0000] {processor.py:161} INFO - Started process (PID=172) to work on /home/airflow/.local/lib/python3.12/site-packages/airflow/example_dags/example_dag_decorator.py
[2025-07-23T08:35:48.097+0000] {processor.py:830} INFO - Processing file /home/airflow/.local/lib/python3.12/site-packages/airflow/example_dags/example_dag_decorator.py for tasks to queue
[2025-07-23T08:35:48.108+0000] {logging_mixin.py:188} INFO - [2025-07-23T08:35:48.107+0000] {dagbag.py:545} INFO - Filling up the DagBag from /home/airflow/.local/lib/python3.12/site-packages/airflow/example_dags/example_dag_decorator.py
[2025-07-23T08:35:49.331+0000] {processor.py:840} INFO - DAG(s) 'example_dag_decorator' retrieved from /home/airflow/.local/lib/python3.12/site-packages/airflow/example_dags/example_dag_decorator.py
[2025-07-23T08:35:49.845+0000] {logging_mixin.py:188} INFO - [2025-07-23T08:35:49.845+0000] {dag.py:3096} INFO - Sync 1 DAGs
[2025-07-23T08:35:49.917+0000] {logging_mixin.py:188} INFO - [2025-07-23T08:35:49.916+0000] {dag.py:3954} INFO - Setting next_dagrun for example_dag_decorator to None, run_after=None
[2025-07-23T08:35:50.037+0000] {processor.py:183} INFO - Processing /home/airflow/.local/lib/python3.12/site-packages/airflow/example_dags/example_dag_decorator.py took 1.987 seconds
[2025-07-23T08:36:20.526+0000] {processor.py:161} INFO - Started process (PID=230) to work on /home/airflow/.local/lib/python3.12/site-packages/airflow/example_dags/example_dag_decorator.py
[2025-07-23T08:36:20.529+0000] {processor.py:830} INFO - Processing file /home/airflow/.local/lib/python3.12/site-packages/airflow/example_dags/example_dag_decorator.py for tasks to queue
[2025-07-23T08:36:20.539+0000] {logging_mixin.py:188} INFO - [2025-07-23T08:36:20.537+0000] {dagbag.py:545} INFO - Filling up the DagBag from /home/airflow/.local/lib/python3.12/site-packages/airflow/example_dags/example_dag_decorator.py
[2025-07-23T08:36:21.936+0000] {processor.py:840} INFO - DAG(s) 'example_dag_decorator' retrieved from /home/airflow/.local/lib/python3.12/site-packages/airflow/example_dags/example_dag_decorator.py
[2025-07-23T08:36:23.264+0000] {logging_mixin.py:188} INFO - [2025-07-23T08:36:23.263+0000] {dag.py:3096} INFO - Sync 1 DAGs
[2025-07-23T08:36:23.312+0000] {logging_mixin.py:188} INFO - [2025-07-23T08:36:23.311+0000] {dag.py:3954} INFO - Setting next_dagrun for example_dag_decorator to None, run_after=None
[2025-07-23T08:36:23.454+0000] {processor.py:183} INFO - Processing /home/airflow/.local/lib/python3.12/site-packages/airflow/example_dags/example_dag_decorator.py took 2.964 seconds
[2025-07-23T08:36:54.182+0000] {processor.py:161} INFO - Started process (PID=292) to work on /home/airflow/.local/lib/python3.12/site-packages/airflow/example_dags/example_dag_decorator.py
[2025-07-23T08:36:54.184+0000] {processor.py:830} INFO - Processing file /home/airflow/.local/lib/python3.12/site-packages/airflow/example_dags/example_dag_decorator.py for tasks to queue
[2025-07-23T08:36:54.188+0000] {logging_mixin.py:188} INFO - [2025-07-23T08:36:54.187+0000] {dagbag.py:545} INFO - Filling up the DagBag from /home/airflow/.local/lib/python3.12/site-packages/airflow/example_dags/example_dag_decorator.py
[2025-07-23T08:36:54.644+0000] {processor.py:840} INFO - DAG(s) 'example_dag_decorator' retrieved from /home/airflow/.local/lib/python3.12/site-packages/airflow/example_dags/example_dag_decorator.py
[2025-07-23T08:36:55.259+0000] {logging_mixin.py:188} INFO - [2025-07-23T08:36:55.258+0000] {dag.py:3096} INFO - Sync 1 DAGs
[2025-07-23T08:36:55.317+0000] {logging_mixin.py:188} INFO - [2025-07-23T08:36:55.317+0000] {dag.py:3954} INFO - Setting next_dagrun for example_dag_decorator to None, run_after=None
[2025-07-23T08:36:55.442+0000] {processor.py:183} INFO - Processing /home/airflow/.local/lib/python3.12/site-packages/airflow/example_dags/example_dag_decorator.py took 1.278 seconds
[2025-07-23T08:37:27.465+0000] {processor.py:161} INFO - Started process (PID=351) to work on /home/airflow/.local/lib/python3.12/site-packages/airflow/example_dags/example_dag_decorator.py
[2025-07-23T08:37:27.467+0000] {processor.py:830} INFO - Processing file /home/airflow/.local/lib/python3.12/site-packages/airflow/example_dags/example_dag_decorator.py for tasks to queue
[2025-07-23T08:37:27.481+0000] {logging_mixin.py:188} INFO - [2025-07-23T08:37:27.480+0000] {dagbag.py:545} INFO - Filling up the DagBag from /home/airflow/.local/lib/python3.12/site-packages/airflow/example_dags/example_dag_decorator.py
[2025-07-23T08:37:28.879+0000] {processor.py:840} INFO - DAG(s) 'example_dag_decorator' retrieved from /home/airflow/.local/lib/python3.12/site-packages/airflow/example_dags/example_dag_decorator.py
[2025-07-23T08:37:30.431+0000] {logging_mixin.py:188} INFO - [2025-07-23T08:37:30.431+0000] {dag.py:3096} INFO - Sync 1 DAGs
[2025-07-23T08:37:30.628+0000] {logging_mixin.py:188} INFO - [2025-07-23T08:37:30.628+0000] {dag.py:3954} INFO - Setting next_dagrun for example_dag_decorator to None, run_after=None
[2025-07-23T08:37:30.902+0000] {processor.py:183} INFO - Processing /home/airflow/.local/lib/python3.12/site-packages/airflow/example_dags/example_dag_decorator.py took 3.492 seconds
[2025-07-23T08:38:07.586+0000] {processor.py:161} INFO - Started process (PID=409) to work on /home/airflow/.local/lib/python3.12/site-packages/airflow/example_dags/example_dag_decorator.py
[2025-07-23T08:38:07.609+0000] {processor.py:830} INFO - Processing file /home/airflow/.local/lib/python3.12/site-packages/airflow/example_dags/example_dag_decorator.py for tasks to queue
[2025-07-23T08:38:07.650+0000] {logging_mixin.py:188} INFO - [2025-07-23T08:38:07.649+0000] {dagbag.py:545} INFO - Filling up the DagBag from /home/airflow/.local/lib/python3.12/site-packages/airflow/example_dags/example_dag_decorator.py
[2025-07-23T08:38:08.861+0000] {processor.py:840} INFO - DAG(s) 'example_dag_decorator' retrieved from /home/airflow/.local/lib/python3.12/site-packages/airflow/example_dags/example_dag_decorator.py
[2025-07-23T08:38:10.195+0000] {logging_mixin.py:188} INFO - [2025-07-23T08:38:10.194+0000] {dag.py:3096} INFO - Sync 1 DAGs
[2025-07-23T08:38:10.263+0000] {logging_mixin.py:188} INFO - [2025-07-23T08:38:10.263+0000] {dag.py:3954} INFO - Setting next_dagrun for example_dag_decorator to None, run_after=None
[2025-07-23T08:38:10.591+0000] {processor.py:183} INFO - Processing /home/airflow/.local/lib/python3.12/site-packages/airflow/example_dags/example_dag_decorator.py took 3.079 seconds
[2025-07-23T08:39:10.546+0000] {processor.py:161} INFO - Started process (PID=479) to work on /home/airflow/.local/lib/python3.12/site-packages/airflow/example_dags/example_dag_decorator.py
[2025-07-23T08:39:10.548+0000] {processor.py:830} INFO - Processing file /home/airflow/.local/lib/python3.12/site-packages/airflow/example_dags/example_dag_decorator.py for tasks to queue
[2025-07-23T08:39:10.563+0000] {logging_mixin.py:188} INFO - [2025-07-23T08:39:10.563+0000] {dagbag.py:545} INFO - Filling up the DagBag from /home/airflow/.local/lib/python3.12/site-packages/airflow/example_dags/example_dag_decorator.py
[2025-07-23T08:39:15.999+0000] {processor.py:840} INFO - DAG(s) 'example_dag_decorator' retrieved from /home/airflow/.local/lib/python3.12/site-packages/airflow/example_dags/example_dag_decorator.py
[2025-07-23T08:39:18.083+0000] {logging_mixin.py:188} INFO - [2025-07-23T08:39:18.052+0000] {dag.py:3096} INFO - Sync 1 DAGs
[2025-07-23T08:39:18.779+0000] {logging_mixin.py:188} INFO - [2025-07-23T08:39:18.779+0000] {dag.py:3954} INFO - Setting next_dagrun for example_dag_decorator to None, run_after=None
[2025-07-23T08:39:19.186+0000] {processor.py:183} INFO - Processing /home/airflow/.local/lib/python3.12/site-packages/airflow/example_dags/example_dag_decorator.py took 8.800 seconds
[2025-07-23T08:40:10.812+0000] {processor.py:161} INFO - Started process (PID=542) to work on /home/airflow/.local/lib/python3.12/site-packages/airflow/example_dags/example_dag_decorator.py
[2025-07-23T08:40:10.840+0000] {processor.py:830} INFO - Processing file /home/airflow/.local/lib/python3.12/site-packages/airflow/example_dags/example_dag_decorator.py for tasks to queue
[2025-07-23T08:40:10.858+0000] {logging_mixin.py:188} INFO - [2025-07-23T08:40:10.857+0000] {dagbag.py:545} INFO - Filling up the DagBag from /home/airflow/.local/lib/python3.12/site-packages/airflow/example_dags/example_dag_decorator.py
[2025-07-23T08:40:11.978+0000] {processor.py:840} INFO - DAG(s) 'example_dag_decorator' retrieved from /home/airflow/.local/lib/python3.12/site-packages/airflow/example_dags/example_dag_decorator.py
[2025-07-23T08:40:12.701+0000] {logging_mixin.py:188} INFO - [2025-07-23T08:40:12.700+0000] {dag.py:3096} INFO - Sync 1 DAGs
[2025-07-23T08:40:12.937+0000] {logging_mixin.py:188} INFO - [2025-07-23T08:40:12.937+0000] {dag.py:3954} INFO - Setting next_dagrun for example_dag_decorator to None, run_after=None
[2025-07-23T08:40:13.214+0000] {processor.py:183} INFO - Processing /home/airflow/.local/lib/python3.12/site-packages/airflow/example_dags/example_dag_decorator.py took 2.513 seconds
[2025-07-23T08:40:49.560+0000] {processor.py:161} INFO - Started process (PID=605) to work on /home/airflow/.local/lib/python3.12/site-packages/airflow/example_dags/example_dag_decorator.py
[2025-07-23T08:40:49.562+0000] {processor.py:830} INFO - Processing file /home/airflow/.local/lib/python3.12/site-packages/airflow/example_dags/example_dag_decorator.py for tasks to queue
[2025-07-23T08:40:49.567+0000] {logging_mixin.py:188} INFO - [2025-07-23T08:40:49.566+0000] {dagbag.py:545} INFO - Filling up the DagBag from /home/airflow/.local/lib/python3.12/site-packages/airflow/example_dags/example_dag_decorator.py
[2025-07-23T08:40:50.505+0000] {processor.py:840} INFO - DAG(s) 'example_dag_decorator' retrieved from /home/airflow/.local/lib/python3.12/site-packages/airflow/example_dags/example_dag_decorator.py
[2025-07-23T08:40:51.301+0000] {logging_mixin.py:188} INFO - [2025-07-23T08:40:51.301+0000] {dag.py:3096} INFO - Sync 1 DAGs
[2025-07-23T08:40:51.338+0000] {logging_mixin.py:188} INFO - [2025-07-23T08:40:51.338+0000] {dag.py:3954} INFO - Setting next_dagrun for example_dag_decorator to None, run_after=None
[2025-07-23T08:40:51.501+0000] {processor.py:183} INFO - Processing /home/airflow/.local/lib/python3.12/site-packages/airflow/example_dags/example_dag_decorator.py took 2.009 seconds
[2025-07-23T09:01:12.745+0000] {processor.py:161} INFO - Started process (PID=78) to work on /home/airflow/.local/lib/python3.12/site-packages/airflow/example_dags/example_dag_decorator.py
[2025-07-23T09:01:12.816+0000] {processor.py:830} INFO - Processing file /home/airflow/.local/lib/python3.12/site-packages/airflow/example_dags/example_dag_decorator.py for tasks to queue
[2025-07-23T09:01:12.863+0000] {logging_mixin.py:188} INFO - [2025-07-23T09:01:12.862+0000] {dagbag.py:545} INFO - Filling up the DagBag from /home/airflow/.local/lib/python3.12/site-packages/airflow/example_dags/example_dag_decorator.py
[2025-07-23T09:01:17.013+0000] {processor.py:840} INFO - DAG(s) 'example_dag_decorator' retrieved from /home/airflow/.local/lib/python3.12/site-packages/airflow/example_dags/example_dag_decorator.py
[2025-07-23T09:01:17.593+0000] {logging_mixin.py:188} INFO - [2025-07-23T09:01:17.593+0000] {dag.py:3096} INFO - Sync 1 DAGs
[2025-07-23T09:01:17.640+0000] {logging_mixin.py:188} INFO - [2025-07-23T09:01:17.640+0000] {dag.py:3954} INFO - Setting next_dagrun for example_dag_decorator to None, run_after=None
[2025-07-23T09:01:17.745+0000] {processor.py:183} INFO - Processing /home/airflow/.local/lib/python3.12/site-packages/airflow/example_dags/example_dag_decorator.py took 5.148 seconds
[2025-07-23T09:01:51.513+0000] {processor.py:161} INFO - Started process (PID=138) to work on /home/airflow/.local/lib/python3.12/site-packages/airflow/example_dags/example_dag_decorator.py
[2025-07-23T09:01:51.515+0000] {processor.py:830} INFO - Processing file /home/airflow/.local/lib/python3.12/site-packages/airflow/example_dags/example_dag_decorator.py for tasks to queue
[2025-07-23T09:01:51.543+0000] {logging_mixin.py:188} INFO - [2025-07-23T09:01:51.542+0000] {dagbag.py:545} INFO - Filling up the DagBag from /home/airflow/.local/lib/python3.12/site-packages/airflow/example_dags/example_dag_decorator.py
[2025-07-23T09:01:52.230+0000] {processor.py:840} INFO - DAG(s) 'example_dag_decorator' retrieved from /home/airflow/.local/lib/python3.12/site-packages/airflow/example_dags/example_dag_decorator.py
[2025-07-23T09:01:52.936+0000] {logging_mixin.py:188} INFO - [2025-07-23T09:01:52.925+0000] {dag.py:3096} INFO - Sync 1 DAGs
[2025-07-23T09:01:52.992+0000] {logging_mixin.py:188} INFO - [2025-07-23T09:01:52.992+0000] {dag.py:3954} INFO - Setting next_dagrun for example_dag_decorator to None, run_after=None
[2025-07-23T09:01:53.096+0000] {processor.py:183} INFO - Processing /home/airflow/.local/lib/python3.12/site-packages/airflow/example_dags/example_dag_decorator.py took 1.605 seconds
[2025-07-23T09:02:30.301+0000] {processor.py:161} INFO - Started process (PID=202) to work on /home/airflow/.local/lib/python3.12/site-packages/airflow/example_dags/example_dag_decorator.py
[2025-07-23T09:02:30.320+0000] {processor.py:830} INFO - Processing file /home/airflow/.local/lib/python3.12/site-packages/airflow/example_dags/example_dag_decorator.py for tasks to queue
[2025-07-23T09:02:30.331+0000] {logging_mixin.py:188} INFO - [2025-07-23T09:02:30.330+0000] {dagbag.py:545} INFO - Filling up the DagBag from /home/airflow/.local/lib/python3.12/site-packages/airflow/example_dags/example_dag_decorator.py
[2025-07-23T09:02:31.060+0000] {processor.py:840} INFO - DAG(s) 'example_dag_decorator' retrieved from /home/airflow/.local/lib/python3.12/site-packages/airflow/example_dags/example_dag_decorator.py
[2025-07-23T09:02:32.054+0000] {logging_mixin.py:188} INFO - [2025-07-23T09:02:32.053+0000] {dag.py:3096} INFO - Sync 1 DAGs
[2025-07-23T09:02:32.157+0000] {logging_mixin.py:188} INFO - [2025-07-23T09:02:32.156+0000] {dag.py:3954} INFO - Setting next_dagrun for example_dag_decorator to None, run_after=None
[2025-07-23T09:02:32.440+0000] {processor.py:183} INFO - Processing /home/airflow/.local/lib/python3.12/site-packages/airflow/example_dags/example_dag_decorator.py took 2.171 seconds
[2025-07-23T09:03:06.014+0000] {processor.py:161} INFO - Started process (PID=260) to work on /home/airflow/.local/lib/python3.12/site-packages/airflow/example_dags/example_dag_decorator.py
[2025-07-23T09:03:06.035+0000] {processor.py:830} INFO - Processing file /home/airflow/.local/lib/python3.12/site-packages/airflow/example_dags/example_dag_decorator.py for tasks to queue
[2025-07-23T09:03:06.060+0000] {logging_mixin.py:188} INFO - [2025-07-23T09:03:06.059+0000] {dagbag.py:545} INFO - Filling up the DagBag from /home/airflow/.local/lib/python3.12/site-packages/airflow/example_dags/example_dag_decorator.py
[2025-07-23T09:03:06.824+0000] {processor.py:840} INFO - DAG(s) 'example_dag_decorator' retrieved from /home/airflow/.local/lib/python3.12/site-packages/airflow/example_dags/example_dag_decorator.py
[2025-07-23T09:03:07.275+0000] {logging_mixin.py:188} INFO - [2025-07-23T09:03:07.274+0000] {dag.py:3096} INFO - Sync 1 DAGs
[2025-07-23T09:03:07.305+0000] {logging_mixin.py:188} INFO - [2025-07-23T09:03:07.305+0000] {dag.py:3954} INFO - Setting next_dagrun for example_dag_decorator to None, run_after=None
[2025-07-23T09:03:07.357+0000] {processor.py:183} INFO - Processing /home/airflow/.local/lib/python3.12/site-packages/airflow/example_dags/example_dag_decorator.py took 1.369 seconds
[2025-07-23T09:03:39.554+0000] {processor.py:161} INFO - Started process (PID=321) to work on /home/airflow/.local/lib/python3.12/site-packages/airflow/example_dags/example_dag_decorator.py
[2025-07-23T09:03:39.565+0000] {processor.py:830} INFO - Processing file /home/airflow/.local/lib/python3.12/site-packages/airflow/example_dags/example_dag_decorator.py for tasks to queue
[2025-07-23T09:03:39.590+0000] {logging_mixin.py:188} INFO - [2025-07-23T09:03:39.588+0000] {dagbag.py:545} INFO - Filling up the DagBag from /home/airflow/.local/lib/python3.12/site-packages/airflow/example_dags/example_dag_decorator.py
[2025-07-23T09:03:40.638+0000] {processor.py:840} INFO - DAG(s) 'example_dag_decorator' retrieved from /home/airflow/.local/lib/python3.12/site-packages/airflow/example_dags/example_dag_decorator.py
[2025-07-23T09:03:41.860+0000] {logging_mixin.py:188} INFO - [2025-07-23T09:03:41.859+0000] {dag.py:3096} INFO - Sync 1 DAGs
[2025-07-23T09:03:42.025+0000] {logging_mixin.py:188} INFO - [2025-07-23T09:03:42.020+0000] {dag.py:3954} INFO - Setting next_dagrun for example_dag_decorator to None, run_after=None
[2025-07-23T09:03:42.229+0000] {processor.py:183} INFO - Processing /home/airflow/.local/lib/python3.12/site-packages/airflow/example_dags/example_dag_decorator.py took 2.695 seconds
[2025-07-23T09:04:22.636+0000] {processor.py:161} INFO - Started process (PID=385) to work on /home/airflow/.local/lib/python3.12/site-packages/airflow/example_dags/example_dag_decorator.py
[2025-07-23T09:04:22.640+0000] {processor.py:830} INFO - Processing file /home/airflow/.local/lib/python3.12/site-packages/airflow/example_dags/example_dag_decorator.py for tasks to queue
[2025-07-23T09:04:22.647+0000] {logging_mixin.py:188} INFO - [2025-07-23T09:04:22.646+0000] {dagbag.py:545} INFO - Filling up the DagBag from /home/airflow/.local/lib/python3.12/site-packages/airflow/example_dags/example_dag_decorator.py
[2025-07-23T09:04:24.564+0000] {processor.py:840} INFO - DAG(s) 'example_dag_decorator' retrieved from /home/airflow/.local/lib/python3.12/site-packages/airflow/example_dags/example_dag_decorator.py
[2025-07-23T09:04:26.304+0000] {logging_mixin.py:188} INFO - [2025-07-23T09:04:26.303+0000] {dag.py:3096} INFO - Sync 1 DAGs
[2025-07-23T09:04:26.515+0000] {logging_mixin.py:188} INFO - [2025-07-23T09:04:26.514+0000] {dag.py:3954} INFO - Setting next_dagrun for example_dag_decorator to None, run_after=None
[2025-07-23T09:04:26.645+0000] {processor.py:183} INFO - Processing /home/airflow/.local/lib/python3.12/site-packages/airflow/example_dags/example_dag_decorator.py took 4.047 seconds
[2025-07-23T09:04:56.841+0000] {processor.py:161} INFO - Started process (PID=446) to work on /home/airflow/.local/lib/python3.12/site-packages/airflow/example_dags/example_dag_decorator.py
[2025-07-23T09:04:56.842+0000] {processor.py:830} INFO - Processing file /home/airflow/.local/lib/python3.12/site-packages/airflow/example_dags/example_dag_decorator.py for tasks to queue
[2025-07-23T09:04:56.844+0000] {logging_mixin.py:188} INFO - [2025-07-23T09:04:56.843+0000] {dagbag.py:545} INFO - Filling up the DagBag from /home/airflow/.local/lib/python3.12/site-packages/airflow/example_dags/example_dag_decorator.py
[2025-07-23T09:04:57.181+0000] {processor.py:840} INFO - DAG(s) 'example_dag_decorator' retrieved from /home/airflow/.local/lib/python3.12/site-packages/airflow/example_dags/example_dag_decorator.py
[2025-07-23T09:04:57.231+0000] {logging_mixin.py:188} INFO - [2025-07-23T09:04:57.230+0000] {dag.py:3096} INFO - Sync 1 DAGs
[2025-07-23T09:04:57.318+0000] {logging_mixin.py:188} INFO - [2025-07-23T09:04:57.318+0000] {dag.py:3954} INFO - Setting next_dagrun for example_dag_decorator to None, run_after=None
[2025-07-23T09:04:57.443+0000] {processor.py:183} INFO - Processing /home/airflow/.local/lib/python3.12/site-packages/airflow/example_dags/example_dag_decorator.py took 0.610 seconds
[2025-07-23T09:05:27.811+0000] {processor.py:161} INFO - Started process (PID=506) to work on /home/airflow/.local/lib/python3.12/site-packages/airflow/example_dags/example_dag_decorator.py
[2025-07-23T09:05:27.817+0000] {processor.py:830} INFO - Processing file /home/airflow/.local/lib/python3.12/site-packages/airflow/example_dags/example_dag_decorator.py for tasks to queue
[2025-07-23T09:05:27.821+0000] {logging_mixin.py:188} INFO - [2025-07-23T09:05:27.820+0000] {dagbag.py:545} INFO - Filling up the DagBag from /home/airflow/.local/lib/python3.12/site-packages/airflow/example_dags/example_dag_decorator.py
[2025-07-23T09:05:28.303+0000] {processor.py:840} INFO - DAG(s) 'example_dag_decorator' retrieved from /home/airflow/.local/lib/python3.12/site-packages/airflow/example_dags/example_dag_decorator.py
[2025-07-23T09:05:28.344+0000] {logging_mixin.py:188} INFO - [2025-07-23T09:05:28.344+0000] {dag.py:3096} INFO - Sync 1 DAGs
[2025-07-23T09:05:28.525+0000] {logging_mixin.py:188} INFO - [2025-07-23T09:05:28.525+0000] {dag.py:3954} INFO - Setting next_dagrun for example_dag_decorator to None, run_after=None
[2025-07-23T09:05:28.725+0000] {processor.py:183} INFO - Processing /home/airflow/.local/lib/python3.12/site-packages/airflow/example_dags/example_dag_decorator.py took 0.940 seconds
[2025-07-23T09:05:59.492+0000] {processor.py:161} INFO - Started process (PID=558) to work on /home/airflow/.local/lib/python3.12/site-packages/airflow/example_dags/example_dag_decorator.py
[2025-07-23T09:05:59.494+0000] {processor.py:830} INFO - Processing file /home/airflow/.local/lib/python3.12/site-packages/airflow/example_dags/example_dag_decorator.py for tasks to queue
[2025-07-23T09:05:59.496+0000] {logging_mixin.py:188} INFO - [2025-07-23T09:05:59.495+0000] {dagbag.py:545} INFO - Filling up the DagBag from /home/airflow/.local/lib/python3.12/site-packages/airflow/example_dags/example_dag_decorator.py
[2025-07-23T09:05:59.728+0000] {processor.py:840} INFO - DAG(s) 'example_dag_decorator' retrieved from /home/airflow/.local/lib/python3.12/site-packages/airflow/example_dags/example_dag_decorator.py
[2025-07-23T09:05:59.853+0000] {logging_mixin.py:188} INFO - [2025-07-23T09:05:59.853+0000] {dag.py:3096} INFO - Sync 1 DAGs
[2025-07-23T09:05:59.873+0000] {logging_mixin.py:188} INFO - [2025-07-23T09:05:59.873+0000] {dag.py:3954} INFO - Setting next_dagrun for example_dag_decorator to None, run_after=None
[2025-07-23T09:05:59.916+0000] {processor.py:183} INFO - Processing /home/airflow/.local/lib/python3.12/site-packages/airflow/example_dags/example_dag_decorator.py took 0.547 seconds
[2025-07-23T09:06:29.996+0000] {processor.py:161} INFO - Started process (PID=618) to work on /home/airflow/.local/lib/python3.12/site-packages/airflow/example_dags/example_dag_decorator.py
[2025-07-23T09:06:29.997+0000] {processor.py:830} INFO - Processing file /home/airflow/.local/lib/python3.12/site-packages/airflow/example_dags/example_dag_decorator.py for tasks to queue
[2025-07-23T09:06:29.999+0000] {logging_mixin.py:188} INFO - [2025-07-23T09:06:29.998+0000] {dagbag.py:545} INFO - Filling up the DagBag from /home/airflow/.local/lib/python3.12/site-packages/airflow/example_dags/example_dag_decorator.py
[2025-07-23T09:06:30.308+0000] {processor.py:840} INFO - DAG(s) 'example_dag_decorator' retrieved from /home/airflow/.local/lib/python3.12/site-packages/airflow/example_dags/example_dag_decorator.py
[2025-07-23T09:06:30.667+0000] {logging_mixin.py:188} INFO - [2025-07-23T09:06:30.666+0000] {dag.py:3096} INFO - Sync 1 DAGs
[2025-07-23T09:06:30.682+0000] {logging_mixin.py:188} INFO - [2025-07-23T09:06:30.682+0000] {dag.py:3954} INFO - Setting next_dagrun for example_dag_decorator to None, run_after=None
[2025-07-23T09:06:30.712+0000] {processor.py:183} INFO - Processing /home/airflow/.local/lib/python3.12/site-packages/airflow/example_dags/example_dag_decorator.py took 0.729 seconds
[2025-07-23T09:07:00.949+0000] {processor.py:161} INFO - Started process (PID=680) to work on /home/airflow/.local/lib/python3.12/site-packages/airflow/example_dags/example_dag_decorator.py
[2025-07-23T09:07:00.951+0000] {processor.py:830} INFO - Processing file /home/airflow/.local/lib/python3.12/site-packages/airflow/example_dags/example_dag_decorator.py for tasks to queue
[2025-07-23T09:07:00.952+0000] {logging_mixin.py:188} INFO - [2025-07-23T09:07:00.952+0000] {dagbag.py:545} INFO - Filling up the DagBag from /home/airflow/.local/lib/python3.12/site-packages/airflow/example_dags/example_dag_decorator.py
[2025-07-23T09:07:01.143+0000] {processor.py:840} INFO - DAG(s) 'example_dag_decorator' retrieved from /home/airflow/.local/lib/python3.12/site-packages/airflow/example_dags/example_dag_decorator.py
[2025-07-23T09:07:01.315+0000] {logging_mixin.py:188} INFO - [2025-07-23T09:07:01.315+0000] {dag.py:3096} INFO - Sync 1 DAGs
[2025-07-23T09:07:01.330+0000] {logging_mixin.py:188} INFO - [2025-07-23T09:07:01.330+0000] {dag.py:3954} INFO - Setting next_dagrun for example_dag_decorator to None, run_after=None
[2025-07-23T09:07:01.359+0000] {processor.py:183} INFO - Processing /home/airflow/.local/lib/python3.12/site-packages/airflow/example_dags/example_dag_decorator.py took 0.419 seconds
