[2025-07-23T08:14:06.975+0000] {processor.py:161} INFO - Started process (PID=101) to work on /home/airflow/.local/lib/python3.12/site-packages/airflow/example_dags/example_short_circuit_decorator.py
[2025-07-23T08:14:07.009+0000] {processor.py:830} INFO - Processing file /home/airflow/.local/lib/python3.12/site-packages/airflow/example_dags/example_short_circuit_decorator.py for tasks to queue
[2025-07-23T08:14:07.020+0000] {logging_mixin.py:188} INFO - [2025-07-23T08:14:07.019+0000] {dagbag.py:545} INFO - Filling up the DagBag from /home/airflow/.local/lib/python3.12/site-packages/airflow/example_dags/example_short_circuit_decorator.py
[2025-07-23T08:14:07.074+0000] {processor.py:840} INFO - DAG(s) 'example_short_circuit_decorator' retrieved from /home/airflow/.local/lib/python3.12/site-packages/airflow/example_dags/example_short_circuit_decorator.py
[2025-07-23T08:14:08.025+0000] {logging_mixin.py:188} INFO - [2025-07-23T08:14:08.025+0000] {dag.py:3096} INFO - Sync 1 DAGs
[2025-07-23T08:14:08.139+0000] {logging_mixin.py:188} INFO - [2025-07-23T08:14:08.138+0000] {dag.py:3954} INFO - Setting next_dagrun for example_short_circuit_decorator to 2025-07-22 00:00:00+00:00, run_after=2025-07-23 00:00:00+00:00
[2025-07-23T08:14:08.307+0000] {processor.py:183} INFO - Processing /home/airflow/.local/lib/python3.12/site-packages/airflow/example_dags/example_short_circuit_decorator.py took 1.382 seconds
[2025-07-23T08:14:38.928+0000] {processor.py:161} INFO - Started process (PID=158) to work on /home/airflow/.local/lib/python3.12/site-packages/airflow/example_dags/example_short_circuit_decorator.py
[2025-07-23T08:14:38.930+0000] {processor.py:830} INFO - Processing file /home/airflow/.local/lib/python3.12/site-packages/airflow/example_dags/example_short_circuit_decorator.py for tasks to queue
[2025-07-23T08:14:38.934+0000] {logging_mixin.py:188} INFO - [2025-07-23T08:14:38.933+0000] {dagbag.py:545} INFO - Filling up the DagBag from /home/airflow/.local/lib/python3.12/site-packages/airflow/example_dags/example_short_circuit_decorator.py
[2025-07-23T08:14:38.954+0000] {processor.py:840} INFO - DAG(s) 'example_short_circuit_decorator' retrieved from /home/airflow/.local/lib/python3.12/site-packages/airflow/example_dags/example_short_circuit_decorator.py
[2025-07-23T08:14:39.006+0000] {logging_mixin.py:188} INFO - [2025-07-23T08:14:39.006+0000] {dag.py:3096} INFO - Sync 1 DAGs
[2025-07-23T08:14:39.056+0000] {logging_mixin.py:188} INFO - [2025-07-23T08:14:39.055+0000] {dag.py:3954} INFO - Setting next_dagrun for example_short_circuit_decorator to 2025-07-22 00:00:00+00:00, run_after=2025-07-23 00:00:00+00:00
[2025-07-23T08:14:39.110+0000] {processor.py:183} INFO - Processing /home/airflow/.local/lib/python3.12/site-packages/airflow/example_dags/example_short_circuit_decorator.py took 0.194 seconds
[2025-07-23T08:15:09.685+0000] {processor.py:161} INFO - Started process (PID=216) to work on /home/airflow/.local/lib/python3.12/site-packages/airflow/example_dags/example_short_circuit_decorator.py
[2025-07-23T08:15:09.688+0000] {processor.py:830} INFO - Processing file /home/airflow/.local/lib/python3.12/site-packages/airflow/example_dags/example_short_circuit_decorator.py for tasks to queue
[2025-07-23T08:15:09.692+0000] {logging_mixin.py:188} INFO - [2025-07-23T08:15:09.692+0000] {dagbag.py:545} INFO - Filling up the DagBag from /home/airflow/.local/lib/python3.12/site-packages/airflow/example_dags/example_short_circuit_decorator.py
[2025-07-23T08:15:09.734+0000] {processor.py:840} INFO - DAG(s) 'example_short_circuit_decorator' retrieved from /home/airflow/.local/lib/python3.12/site-packages/airflow/example_dags/example_short_circuit_decorator.py
[2025-07-23T08:15:10.003+0000] {logging_mixin.py:188} INFO - [2025-07-23T08:15:09.993+0000] {dag.py:3096} INFO - Sync 1 DAGs
[2025-07-23T08:15:10.129+0000] {logging_mixin.py:188} INFO - [2025-07-23T08:15:10.128+0000] {dag.py:3954} INFO - Setting next_dagrun for example_short_circuit_decorator to 2025-07-22 00:00:00+00:00, run_after=2025-07-23 00:00:00+00:00
[2025-07-23T08:15:10.260+0000] {processor.py:183} INFO - Processing /home/airflow/.local/lib/python3.12/site-packages/airflow/example_dags/example_short_circuit_decorator.py took 0.604 seconds
[2025-07-23T08:15:40.463+0000] {processor.py:161} INFO - Started process (PID=273) to work on /home/airflow/.local/lib/python3.12/site-packages/airflow/example_dags/example_short_circuit_decorator.py
[2025-07-23T08:15:40.465+0000] {processor.py:830} INFO - Processing file /home/airflow/.local/lib/python3.12/site-packages/airflow/example_dags/example_short_circuit_decorator.py for tasks to queue
[2025-07-23T08:15:40.470+0000] {logging_mixin.py:188} INFO - [2025-07-23T08:15:40.469+0000] {dagbag.py:545} INFO - Filling up the DagBag from /home/airflow/.local/lib/python3.12/site-packages/airflow/example_dags/example_short_circuit_decorator.py
[2025-07-23T08:15:40.495+0000] {processor.py:840} INFO - DAG(s) 'example_short_circuit_decorator' retrieved from /home/airflow/.local/lib/python3.12/site-packages/airflow/example_dags/example_short_circuit_decorator.py
[2025-07-23T08:15:40.552+0000] {logging_mixin.py:188} INFO - [2025-07-23T08:15:40.551+0000] {dag.py:3096} INFO - Sync 1 DAGs
[2025-07-23T08:15:40.626+0000] {logging_mixin.py:188} INFO - [2025-07-23T08:15:40.625+0000] {dag.py:3954} INFO - Setting next_dagrun for example_short_circuit_decorator to 2025-07-22 00:00:00+00:00, run_after=2025-07-23 00:00:00+00:00
[2025-07-23T08:15:40.678+0000] {processor.py:183} INFO - Processing /home/airflow/.local/lib/python3.12/site-packages/airflow/example_dags/example_short_circuit_decorator.py took 0.229 seconds
[2025-07-23T08:16:12.160+0000] {processor.py:161} INFO - Started process (PID=331) to work on /home/airflow/.local/lib/python3.12/site-packages/airflow/example_dags/example_short_circuit_decorator.py
[2025-07-23T08:16:12.220+0000] {processor.py:830} INFO - Processing file /home/airflow/.local/lib/python3.12/site-packages/airflow/example_dags/example_short_circuit_decorator.py for tasks to queue
[2025-07-23T08:16:12.245+0000] {logging_mixin.py:188} INFO - [2025-07-23T08:16:12.244+0000] {dagbag.py:545} INFO - Filling up the DagBag from /home/airflow/.local/lib/python3.12/site-packages/airflow/example_dags/example_short_circuit_decorator.py
[2025-07-23T08:16:12.457+0000] {processor.py:840} INFO - DAG(s) 'example_short_circuit_decorator' retrieved from /home/airflow/.local/lib/python3.12/site-packages/airflow/example_dags/example_short_circuit_decorator.py
[2025-07-23T08:16:12.707+0000] {logging_mixin.py:188} INFO - [2025-07-23T08:16:12.706+0000] {dag.py:3096} INFO - Sync 1 DAGs
[2025-07-23T08:16:13.275+0000] {logging_mixin.py:188} INFO - [2025-07-23T08:16:13.275+0000] {dag.py:3954} INFO - Setting next_dagrun for example_short_circuit_decorator to 2025-07-22 00:00:00+00:00, run_after=2025-07-23 00:00:00+00:00
[2025-07-23T08:16:13.623+0000] {processor.py:183} INFO - Processing /home/airflow/.local/lib/python3.12/site-packages/airflow/example_dags/example_short_circuit_decorator.py took 1.524 seconds
[2025-07-23T08:16:45.520+0000] {processor.py:161} INFO - Started process (PID=389) to work on /home/airflow/.local/lib/python3.12/site-packages/airflow/example_dags/example_short_circuit_decorator.py
[2025-07-23T08:16:45.523+0000] {processor.py:830} INFO - Processing file /home/airflow/.local/lib/python3.12/site-packages/airflow/example_dags/example_short_circuit_decorator.py for tasks to queue
[2025-07-23T08:16:45.549+0000] {logging_mixin.py:188} INFO - [2025-07-23T08:16:45.532+0000] {dagbag.py:545} INFO - Filling up the DagBag from /home/airflow/.local/lib/python3.12/site-packages/airflow/example_dags/example_short_circuit_decorator.py
[2025-07-23T08:16:45.600+0000] {processor.py:840} INFO - DAG(s) 'example_short_circuit_decorator' retrieved from /home/airflow/.local/lib/python3.12/site-packages/airflow/example_dags/example_short_circuit_decorator.py
[2025-07-23T08:16:45.721+0000] {logging_mixin.py:188} INFO - [2025-07-23T08:16:45.715+0000] {dag.py:3096} INFO - Sync 1 DAGs
[2025-07-23T08:16:45.827+0000] {logging_mixin.py:188} INFO - [2025-07-23T08:16:45.827+0000] {dag.py:3954} INFO - Setting next_dagrun for example_short_circuit_decorator to 2025-07-22 00:00:00+00:00, run_after=2025-07-23 00:00:00+00:00
[2025-07-23T08:16:45.968+0000] {processor.py:183} INFO - Processing /home/airflow/.local/lib/python3.12/site-packages/airflow/example_dags/example_short_circuit_decorator.py took 0.518 seconds
[2025-07-23T08:17:18.399+0000] {processor.py:161} INFO - Started process (PID=447) to work on /home/airflow/.local/lib/python3.12/site-packages/airflow/example_dags/example_short_circuit_decorator.py
[2025-07-23T08:17:18.406+0000] {processor.py:830} INFO - Processing file /home/airflow/.local/lib/python3.12/site-packages/airflow/example_dags/example_short_circuit_decorator.py for tasks to queue
[2025-07-23T08:17:18.410+0000] {logging_mixin.py:188} INFO - [2025-07-23T08:17:18.409+0000] {dagbag.py:545} INFO - Filling up the DagBag from /home/airflow/.local/lib/python3.12/site-packages/airflow/example_dags/example_short_circuit_decorator.py
[2025-07-23T08:17:18.433+0000] {processor.py:840} INFO - DAG(s) 'example_short_circuit_decorator' retrieved from /home/airflow/.local/lib/python3.12/site-packages/airflow/example_dags/example_short_circuit_decorator.py
[2025-07-23T08:17:18.483+0000] {logging_mixin.py:188} INFO - [2025-07-23T08:17:18.482+0000] {dag.py:3096} INFO - Sync 1 DAGs
[2025-07-23T08:17:18.578+0000] {logging_mixin.py:188} INFO - [2025-07-23T08:17:18.577+0000] {dag.py:3954} INFO - Setting next_dagrun for example_short_circuit_decorator to 2025-07-22 00:00:00+00:00, run_after=2025-07-23 00:00:00+00:00
[2025-07-23T08:17:18.685+0000] {processor.py:183} INFO - Processing /home/airflow/.local/lib/python3.12/site-packages/airflow/example_dags/example_short_circuit_decorator.py took 0.311 seconds
[2025-07-23T08:17:48.982+0000] {processor.py:161} INFO - Started process (PID=502) to work on /home/airflow/.local/lib/python3.12/site-packages/airflow/example_dags/example_short_circuit_decorator.py
[2025-07-23T08:17:48.984+0000] {processor.py:830} INFO - Processing file /home/airflow/.local/lib/python3.12/site-packages/airflow/example_dags/example_short_circuit_decorator.py for tasks to queue
[2025-07-23T08:17:48.988+0000] {logging_mixin.py:188} INFO - [2025-07-23T08:17:48.987+0000] {dagbag.py:545} INFO - Filling up the DagBag from /home/airflow/.local/lib/python3.12/site-packages/airflow/example_dags/example_short_circuit_decorator.py
[2025-07-23T08:17:49.010+0000] {processor.py:840} INFO - DAG(s) 'example_short_circuit_decorator' retrieved from /home/airflow/.local/lib/python3.12/site-packages/airflow/example_dags/example_short_circuit_decorator.py
[2025-07-23T08:17:49.062+0000] {logging_mixin.py:188} INFO - [2025-07-23T08:17:49.062+0000] {dag.py:3096} INFO - Sync 1 DAGs
[2025-07-23T08:17:49.133+0000] {logging_mixin.py:188} INFO - [2025-07-23T08:17:49.133+0000] {dag.py:3954} INFO - Setting next_dagrun for example_short_circuit_decorator to 2025-07-22 00:00:00+00:00, run_after=2025-07-23 00:00:00+00:00
[2025-07-23T08:17:49.189+0000] {processor.py:183} INFO - Processing /home/airflow/.local/lib/python3.12/site-packages/airflow/example_dags/example_short_circuit_decorator.py took 0.221 seconds
[2025-07-23T08:18:19.306+0000] {processor.py:161} INFO - Started process (PID=560) to work on /home/airflow/.local/lib/python3.12/site-packages/airflow/example_dags/example_short_circuit_decorator.py
[2025-07-23T08:18:19.308+0000] {processor.py:830} INFO - Processing file /home/airflow/.local/lib/python3.12/site-packages/airflow/example_dags/example_short_circuit_decorator.py for tasks to queue
[2025-07-23T08:18:19.314+0000] {logging_mixin.py:188} INFO - [2025-07-23T08:18:19.314+0000] {dagbag.py:545} INFO - Filling up the DagBag from /home/airflow/.local/lib/python3.12/site-packages/airflow/example_dags/example_short_circuit_decorator.py
[2025-07-23T08:18:19.352+0000] {processor.py:840} INFO - DAG(s) 'example_short_circuit_decorator' retrieved from /home/airflow/.local/lib/python3.12/site-packages/airflow/example_dags/example_short_circuit_decorator.py
[2025-07-23T08:18:19.432+0000] {logging_mixin.py:188} INFO - [2025-07-23T08:18:19.431+0000] {dag.py:3096} INFO - Sync 1 DAGs
[2025-07-23T08:18:19.549+0000] {logging_mixin.py:188} INFO - [2025-07-23T08:18:19.548+0000] {dag.py:3954} INFO - Setting next_dagrun for example_short_circuit_decorator to 2025-07-22 00:00:00+00:00, run_after=2025-07-23 00:00:00+00:00
[2025-07-23T08:18:19.683+0000] {processor.py:183} INFO - Processing /home/airflow/.local/lib/python3.12/site-packages/airflow/example_dags/example_short_circuit_decorator.py took 0.403 seconds
[2025-07-23T08:18:50.130+0000] {processor.py:161} INFO - Started process (PID=618) to work on /home/airflow/.local/lib/python3.12/site-packages/airflow/example_dags/example_short_circuit_decorator.py
[2025-07-23T08:18:50.132+0000] {processor.py:830} INFO - Processing file /home/airflow/.local/lib/python3.12/site-packages/airflow/example_dags/example_short_circuit_decorator.py for tasks to queue
[2025-07-23T08:18:50.137+0000] {logging_mixin.py:188} INFO - [2025-07-23T08:18:50.136+0000] {dagbag.py:545} INFO - Filling up the DagBag from /home/airflow/.local/lib/python3.12/site-packages/airflow/example_dags/example_short_circuit_decorator.py
[2025-07-23T08:18:50.191+0000] {processor.py:840} INFO - DAG(s) 'example_short_circuit_decorator' retrieved from /home/airflow/.local/lib/python3.12/site-packages/airflow/example_dags/example_short_circuit_decorator.py
[2025-07-23T08:18:50.284+0000] {logging_mixin.py:188} INFO - [2025-07-23T08:18:50.284+0000] {dag.py:3096} INFO - Sync 1 DAGs
[2025-07-23T08:18:50.401+0000] {logging_mixin.py:188} INFO - [2025-07-23T08:18:50.400+0000] {dag.py:3954} INFO - Setting next_dagrun for example_short_circuit_decorator to 2025-07-22 00:00:00+00:00, run_after=2025-07-23 00:00:00+00:00
[2025-07-23T08:18:50.487+0000] {processor.py:183} INFO - Processing /home/airflow/.local/lib/python3.12/site-packages/airflow/example_dags/example_short_circuit_decorator.py took 0.389 seconds
[2025-07-23T08:19:26.086+0000] {processor.py:161} INFO - Started process (PID=682) to work on /home/airflow/.local/lib/python3.12/site-packages/airflow/example_dags/example_short_circuit_decorator.py
[2025-07-23T08:19:26.091+0000] {processor.py:830} INFO - Processing file /home/airflow/.local/lib/python3.12/site-packages/airflow/example_dags/example_short_circuit_decorator.py for tasks to queue
[2025-07-23T08:19:26.099+0000] {logging_mixin.py:188} INFO - [2025-07-23T08:19:26.099+0000] {dagbag.py:545} INFO - Filling up the DagBag from /home/airflow/.local/lib/python3.12/site-packages/airflow/example_dags/example_short_circuit_decorator.py
[2025-07-23T08:19:26.173+0000] {processor.py:840} INFO - DAG(s) 'example_short_circuit_decorator' retrieved from /home/airflow/.local/lib/python3.12/site-packages/airflow/example_dags/example_short_circuit_decorator.py
[2025-07-23T08:19:26.231+0000] {logging_mixin.py:188} INFO - [2025-07-23T08:19:26.231+0000] {dag.py:3096} INFO - Sync 1 DAGs
[2025-07-23T08:19:26.365+0000] {logging_mixin.py:188} INFO - [2025-07-23T08:19:26.365+0000] {dag.py:3954} INFO - Setting next_dagrun for example_short_circuit_decorator to 2025-07-22 00:00:00+00:00, run_after=2025-07-23 00:00:00+00:00
[2025-07-23T08:19:26.504+0000] {processor.py:183} INFO - Processing /home/airflow/.local/lib/python3.12/site-packages/airflow/example_dags/example_short_circuit_decorator.py took 0.446 seconds
[2025-07-23T08:19:57.673+0000] {processor.py:161} INFO - Started process (PID=739) to work on /home/airflow/.local/lib/python3.12/site-packages/airflow/example_dags/example_short_circuit_decorator.py
[2025-07-23T08:19:57.690+0000] {processor.py:830} INFO - Processing file /home/airflow/.local/lib/python3.12/site-packages/airflow/example_dags/example_short_circuit_decorator.py for tasks to queue
[2025-07-23T08:19:57.694+0000] {logging_mixin.py:188} INFO - [2025-07-23T08:19:57.694+0000] {dagbag.py:545} INFO - Filling up the DagBag from /home/airflow/.local/lib/python3.12/site-packages/airflow/example_dags/example_short_circuit_decorator.py
[2025-07-23T08:19:57.769+0000] {processor.py:840} INFO - DAG(s) 'example_short_circuit_decorator' retrieved from /home/airflow/.local/lib/python3.12/site-packages/airflow/example_dags/example_short_circuit_decorator.py
[2025-07-23T08:19:57.999+0000] {logging_mixin.py:188} INFO - [2025-07-23T08:19:57.999+0000] {dag.py:3096} INFO - Sync 1 DAGs
[2025-07-23T08:19:58.225+0000] {logging_mixin.py:188} INFO - [2025-07-23T08:19:58.225+0000] {dag.py:3954} INFO - Setting next_dagrun for example_short_circuit_decorator to 2025-07-22 00:00:00+00:00, run_after=2025-07-23 00:00:00+00:00
[2025-07-23T08:19:58.306+0000] {processor.py:183} INFO - Processing /home/airflow/.local/lib/python3.12/site-packages/airflow/example_dags/example_short_circuit_decorator.py took 0.671 seconds
[2025-07-23T08:20:28.844+0000] {processor.py:161} INFO - Started process (PID=797) to work on /home/airflow/.local/lib/python3.12/site-packages/airflow/example_dags/example_short_circuit_decorator.py
[2025-07-23T08:20:28.846+0000] {processor.py:830} INFO - Processing file /home/airflow/.local/lib/python3.12/site-packages/airflow/example_dags/example_short_circuit_decorator.py for tasks to queue
[2025-07-23T08:20:28.855+0000] {logging_mixin.py:188} INFO - [2025-07-23T08:20:28.855+0000] {dagbag.py:545} INFO - Filling up the DagBag from /home/airflow/.local/lib/python3.12/site-packages/airflow/example_dags/example_short_circuit_decorator.py
[2025-07-23T08:20:28.904+0000] {processor.py:840} INFO - DAG(s) 'example_short_circuit_decorator' retrieved from /home/airflow/.local/lib/python3.12/site-packages/airflow/example_dags/example_short_circuit_decorator.py
[2025-07-23T08:20:29.677+0000] {logging_mixin.py:188} INFO - [2025-07-23T08:20:29.674+0000] {dag.py:3096} INFO - Sync 1 DAGs
[2025-07-23T08:20:29.750+0000] {logging_mixin.py:188} INFO - [2025-07-23T08:20:29.749+0000] {dag.py:3954} INFO - Setting next_dagrun for example_short_circuit_decorator to 2025-07-22 00:00:00+00:00, run_after=2025-07-23 00:00:00+00:00
[2025-07-23T08:20:29.810+0000] {processor.py:183} INFO - Processing /home/airflow/.local/lib/python3.12/site-packages/airflow/example_dags/example_short_circuit_decorator.py took 0.996 seconds
[2025-07-23T08:21:06.511+0000] {processor.py:161} INFO - Started process (PID=856) to work on /home/airflow/.local/lib/python3.12/site-packages/airflow/example_dags/example_short_circuit_decorator.py
[2025-07-23T08:21:06.522+0000] {processor.py:830} INFO - Processing file /home/airflow/.local/lib/python3.12/site-packages/airflow/example_dags/example_short_circuit_decorator.py for tasks to queue
[2025-07-23T08:21:06.539+0000] {logging_mixin.py:188} INFO - [2025-07-23T08:21:06.538+0000] {dagbag.py:545} INFO - Filling up the DagBag from /home/airflow/.local/lib/python3.12/site-packages/airflow/example_dags/example_short_circuit_decorator.py
[2025-07-23T08:21:06.618+0000] {processor.py:840} INFO - DAG(s) 'example_short_circuit_decorator' retrieved from /home/airflow/.local/lib/python3.12/site-packages/airflow/example_dags/example_short_circuit_decorator.py
[2025-07-23T08:21:06.792+0000] {logging_mixin.py:188} INFO - [2025-07-23T08:21:06.791+0000] {dag.py:3096} INFO - Sync 1 DAGs
[2025-07-23T08:21:07.075+0000] {logging_mixin.py:188} INFO - [2025-07-23T08:21:07.074+0000] {dag.py:3954} INFO - Setting next_dagrun for example_short_circuit_decorator to 2025-07-22 00:00:00+00:00, run_after=2025-07-23 00:00:00+00:00
[2025-07-23T08:21:07.344+0000] {processor.py:183} INFO - Processing /home/airflow/.local/lib/python3.12/site-packages/airflow/example_dags/example_short_circuit_decorator.py took 0.891 seconds
[2025-07-23T08:21:42.703+0000] {processor.py:161} INFO - Started process (PID=915) to work on /home/airflow/.local/lib/python3.12/site-packages/airflow/example_dags/example_short_circuit_decorator.py
[2025-07-23T08:21:42.718+0000] {processor.py:830} INFO - Processing file /home/airflow/.local/lib/python3.12/site-packages/airflow/example_dags/example_short_circuit_decorator.py for tasks to queue
[2025-07-23T08:21:42.722+0000] {logging_mixin.py:188} INFO - [2025-07-23T08:21:42.722+0000] {dagbag.py:545} INFO - Filling up the DagBag from /home/airflow/.local/lib/python3.12/site-packages/airflow/example_dags/example_short_circuit_decorator.py
[2025-07-23T08:21:42.783+0000] {processor.py:840} INFO - DAG(s) 'example_short_circuit_decorator' retrieved from /home/airflow/.local/lib/python3.12/site-packages/airflow/example_dags/example_short_circuit_decorator.py
[2025-07-23T08:21:42.864+0000] {logging_mixin.py:188} INFO - [2025-07-23T08:21:42.863+0000] {dag.py:3096} INFO - Sync 1 DAGs
[2025-07-23T08:21:42.937+0000] {logging_mixin.py:188} INFO - [2025-07-23T08:21:42.937+0000] {dag.py:3954} INFO - Setting next_dagrun for example_short_circuit_decorator to 2025-07-22 00:00:00+00:00, run_after=2025-07-23 00:00:00+00:00
[2025-07-23T08:21:43.038+0000] {processor.py:183} INFO - Processing /home/airflow/.local/lib/python3.12/site-packages/airflow/example_dags/example_short_circuit_decorator.py took 0.407 seconds
[2025-07-23T08:22:14.457+0000] {processor.py:161} INFO - Started process (PID=973) to work on /home/airflow/.local/lib/python3.12/site-packages/airflow/example_dags/example_short_circuit_decorator.py
[2025-07-23T08:22:14.479+0000] {processor.py:830} INFO - Processing file /home/airflow/.local/lib/python3.12/site-packages/airflow/example_dags/example_short_circuit_decorator.py for tasks to queue
[2025-07-23T08:22:14.490+0000] {logging_mixin.py:188} INFO - [2025-07-23T08:22:14.489+0000] {dagbag.py:545} INFO - Filling up the DagBag from /home/airflow/.local/lib/python3.12/site-packages/airflow/example_dags/example_short_circuit_decorator.py
[2025-07-23T08:22:14.586+0000] {processor.py:840} INFO - DAG(s) 'example_short_circuit_decorator' retrieved from /home/airflow/.local/lib/python3.12/site-packages/airflow/example_dags/example_short_circuit_decorator.py
[2025-07-23T08:22:14.831+0000] {logging_mixin.py:188} INFO - [2025-07-23T08:22:14.830+0000] {dag.py:3096} INFO - Sync 1 DAGs
[2025-07-23T08:22:15.059+0000] {logging_mixin.py:188} INFO - [2025-07-23T08:22:15.059+0000] {dag.py:3954} INFO - Setting next_dagrun for example_short_circuit_decorator to 2025-07-22 00:00:00+00:00, run_after=2025-07-23 00:00:00+00:00
[2025-07-23T08:22:15.512+0000] {processor.py:183} INFO - Processing /home/airflow/.local/lib/python3.12/site-packages/airflow/example_dags/example_short_circuit_decorator.py took 1.127 seconds
[2025-07-23T08:22:46.770+0000] {processor.py:161} INFO - Started process (PID=1030) to work on /home/airflow/.local/lib/python3.12/site-packages/airflow/example_dags/example_short_circuit_decorator.py
[2025-07-23T08:22:46.774+0000] {processor.py:830} INFO - Processing file /home/airflow/.local/lib/python3.12/site-packages/airflow/example_dags/example_short_circuit_decorator.py for tasks to queue
[2025-07-23T08:22:46.785+0000] {logging_mixin.py:188} INFO - [2025-07-23T08:22:46.784+0000] {dagbag.py:545} INFO - Filling up the DagBag from /home/airflow/.local/lib/python3.12/site-packages/airflow/example_dags/example_short_circuit_decorator.py
[2025-07-23T08:22:46.826+0000] {processor.py:840} INFO - DAG(s) 'example_short_circuit_decorator' retrieved from /home/airflow/.local/lib/python3.12/site-packages/airflow/example_dags/example_short_circuit_decorator.py
[2025-07-23T08:22:46.936+0000] {logging_mixin.py:188} INFO - [2025-07-23T08:22:46.936+0000] {dag.py:3096} INFO - Sync 1 DAGs
[2025-07-23T08:22:47.249+0000] {logging_mixin.py:188} INFO - [2025-07-23T08:22:47.249+0000] {dag.py:3954} INFO - Setting next_dagrun for example_short_circuit_decorator to 2025-07-22 00:00:00+00:00, run_after=2025-07-23 00:00:00+00:00
[2025-07-23T08:22:47.549+0000] {processor.py:183} INFO - Processing /home/airflow/.local/lib/python3.12/site-packages/airflow/example_dags/example_short_circuit_decorator.py took 0.802 seconds
[2025-07-23T08:23:37.996+0000] {processor.py:161} INFO - Started process (PID=1102) to work on /home/airflow/.local/lib/python3.12/site-packages/airflow/example_dags/example_short_circuit_decorator.py
[2025-07-23T08:23:38.010+0000] {processor.py:830} INFO - Processing file /home/airflow/.local/lib/python3.12/site-packages/airflow/example_dags/example_short_circuit_decorator.py for tasks to queue
[2025-07-23T08:23:38.028+0000] {logging_mixin.py:188} INFO - [2025-07-23T08:23:38.027+0000] {dagbag.py:545} INFO - Filling up the DagBag from /home/airflow/.local/lib/python3.12/site-packages/airflow/example_dags/example_short_circuit_decorator.py
[2025-07-23T08:23:38.220+0000] {processor.py:840} INFO - DAG(s) 'example_short_circuit_decorator' retrieved from /home/airflow/.local/lib/python3.12/site-packages/airflow/example_dags/example_short_circuit_decorator.py
[2025-07-23T08:23:38.452+0000] {logging_mixin.py:188} INFO - [2025-07-23T08:23:38.452+0000] {dag.py:3096} INFO - Sync 1 DAGs
[2025-07-23T08:23:38.728+0000] {logging_mixin.py:188} INFO - [2025-07-23T08:23:38.728+0000] {dag.py:3954} INFO - Setting next_dagrun for example_short_circuit_decorator to 2025-07-22 00:00:00+00:00, run_after=2025-07-23 00:00:00+00:00
[2025-07-23T08:23:38.981+0000] {processor.py:183} INFO - Processing /home/airflow/.local/lib/python3.12/site-packages/airflow/example_dags/example_short_circuit_decorator.py took 1.114 seconds
[2025-07-23T08:24:09.577+0000] {processor.py:161} INFO - Started process (PID=1160) to work on /home/airflow/.local/lib/python3.12/site-packages/airflow/example_dags/example_short_circuit_decorator.py
[2025-07-23T08:24:09.581+0000] {processor.py:830} INFO - Processing file /home/airflow/.local/lib/python3.12/site-packages/airflow/example_dags/example_short_circuit_decorator.py for tasks to queue
[2025-07-23T08:24:09.588+0000] {logging_mixin.py:188} INFO - [2025-07-23T08:24:09.584+0000] {dagbag.py:545} INFO - Filling up the DagBag from /home/airflow/.local/lib/python3.12/site-packages/airflow/example_dags/example_short_circuit_decorator.py
[2025-07-23T08:24:09.616+0000] {processor.py:840} INFO - DAG(s) 'example_short_circuit_decorator' retrieved from /home/airflow/.local/lib/python3.12/site-packages/airflow/example_dags/example_short_circuit_decorator.py
[2025-07-23T08:24:09.700+0000] {logging_mixin.py:188} INFO - [2025-07-23T08:24:09.700+0000] {dag.py:3096} INFO - Sync 1 DAGs
[2025-07-23T08:24:09.801+0000] {logging_mixin.py:188} INFO - [2025-07-23T08:24:09.801+0000] {dag.py:3954} INFO - Setting next_dagrun for example_short_circuit_decorator to 2025-07-22 00:00:00+00:00, run_after=2025-07-23 00:00:00+00:00
[2025-07-23T08:24:09.986+0000] {processor.py:183} INFO - Processing /home/airflow/.local/lib/python3.12/site-packages/airflow/example_dags/example_short_circuit_decorator.py took 0.426 seconds
[2025-07-23T08:24:40.350+0000] {processor.py:161} INFO - Started process (PID=1216) to work on /home/airflow/.local/lib/python3.12/site-packages/airflow/example_dags/example_short_circuit_decorator.py
[2025-07-23T08:24:40.353+0000] {processor.py:830} INFO - Processing file /home/airflow/.local/lib/python3.12/site-packages/airflow/example_dags/example_short_circuit_decorator.py for tasks to queue
[2025-07-23T08:24:40.363+0000] {logging_mixin.py:188} INFO - [2025-07-23T08:24:40.361+0000] {dagbag.py:545} INFO - Filling up the DagBag from /home/airflow/.local/lib/python3.12/site-packages/airflow/example_dags/example_short_circuit_decorator.py
[2025-07-23T08:24:40.433+0000] {processor.py:840} INFO - DAG(s) 'example_short_circuit_decorator' retrieved from /home/airflow/.local/lib/python3.12/site-packages/airflow/example_dags/example_short_circuit_decorator.py
[2025-07-23T08:24:40.606+0000] {logging_mixin.py:188} INFO - [2025-07-23T08:24:40.606+0000] {dag.py:3096} INFO - Sync 1 DAGs
[2025-07-23T08:24:40.778+0000] {logging_mixin.py:188} INFO - [2025-07-23T08:24:40.778+0000] {dag.py:3954} INFO - Setting next_dagrun for example_short_circuit_decorator to 2025-07-22 00:00:00+00:00, run_after=2025-07-23 00:00:00+00:00
[2025-07-23T08:24:41.005+0000] {processor.py:183} INFO - Processing /home/airflow/.local/lib/python3.12/site-packages/airflow/example_dags/example_short_circuit_decorator.py took 0.670 seconds
[2025-07-23T08:25:11.693+0000] {processor.py:161} INFO - Started process (PID=1275) to work on /home/airflow/.local/lib/python3.12/site-packages/airflow/example_dags/example_short_circuit_decorator.py
[2025-07-23T08:25:11.707+0000] {processor.py:830} INFO - Processing file /home/airflow/.local/lib/python3.12/site-packages/airflow/example_dags/example_short_circuit_decorator.py for tasks to queue
[2025-07-23T08:25:11.732+0000] {logging_mixin.py:188} INFO - [2025-07-23T08:25:11.731+0000] {dagbag.py:545} INFO - Filling up the DagBag from /home/airflow/.local/lib/python3.12/site-packages/airflow/example_dags/example_short_circuit_decorator.py
[2025-07-23T08:25:11.800+0000] {processor.py:840} INFO - DAG(s) 'example_short_circuit_decorator' retrieved from /home/airflow/.local/lib/python3.12/site-packages/airflow/example_dags/example_short_circuit_decorator.py
[2025-07-23T08:25:12.011+0000] {logging_mixin.py:188} INFO - [2025-07-23T08:25:12.010+0000] {dag.py:3096} INFO - Sync 1 DAGs
[2025-07-23T08:25:12.133+0000] {logging_mixin.py:188} INFO - [2025-07-23T08:25:12.133+0000] {dag.py:3954} INFO - Setting next_dagrun for example_short_circuit_decorator to 2025-07-22 00:00:00+00:00, run_after=2025-07-23 00:00:00+00:00
[2025-07-23T08:25:12.182+0000] {processor.py:183} INFO - Processing /home/airflow/.local/lib/python3.12/site-packages/airflow/example_dags/example_short_circuit_decorator.py took 0.557 seconds
[2025-07-23T08:25:42.574+0000] {processor.py:161} INFO - Started process (PID=1333) to work on /home/airflow/.local/lib/python3.12/site-packages/airflow/example_dags/example_short_circuit_decorator.py
[2025-07-23T08:25:42.576+0000] {processor.py:830} INFO - Processing file /home/airflow/.local/lib/python3.12/site-packages/airflow/example_dags/example_short_circuit_decorator.py for tasks to queue
[2025-07-23T08:25:42.589+0000] {logging_mixin.py:188} INFO - [2025-07-23T08:25:42.588+0000] {dagbag.py:545} INFO - Filling up the DagBag from /home/airflow/.local/lib/python3.12/site-packages/airflow/example_dags/example_short_circuit_decorator.py
[2025-07-23T08:25:42.619+0000] {processor.py:840} INFO - DAG(s) 'example_short_circuit_decorator' retrieved from /home/airflow/.local/lib/python3.12/site-packages/airflow/example_dags/example_short_circuit_decorator.py
[2025-07-23T08:25:42.673+0000] {logging_mixin.py:188} INFO - [2025-07-23T08:25:42.673+0000] {dag.py:3096} INFO - Sync 1 DAGs
[2025-07-23T08:25:42.727+0000] {logging_mixin.py:188} INFO - [2025-07-23T08:25:42.727+0000] {dag.py:3954} INFO - Setting next_dagrun for example_short_circuit_decorator to 2025-07-22 00:00:00+00:00, run_after=2025-07-23 00:00:00+00:00
[2025-07-23T08:25:42.777+0000] {processor.py:183} INFO - Processing /home/airflow/.local/lib/python3.12/site-packages/airflow/example_dags/example_short_circuit_decorator.py took 0.216 seconds
[2025-07-23T08:26:13.300+0000] {processor.py:161} INFO - Started process (PID=1389) to work on /home/airflow/.local/lib/python3.12/site-packages/airflow/example_dags/example_short_circuit_decorator.py
[2025-07-23T08:26:13.305+0000] {processor.py:830} INFO - Processing file /home/airflow/.local/lib/python3.12/site-packages/airflow/example_dags/example_short_circuit_decorator.py for tasks to queue
[2025-07-23T08:26:13.311+0000] {logging_mixin.py:188} INFO - [2025-07-23T08:26:13.310+0000] {dagbag.py:545} INFO - Filling up the DagBag from /home/airflow/.local/lib/python3.12/site-packages/airflow/example_dags/example_short_circuit_decorator.py
[2025-07-23T08:26:13.346+0000] {processor.py:840} INFO - DAG(s) 'example_short_circuit_decorator' retrieved from /home/airflow/.local/lib/python3.12/site-packages/airflow/example_dags/example_short_circuit_decorator.py
[2025-07-23T08:26:13.578+0000] {logging_mixin.py:188} INFO - [2025-07-23T08:26:13.578+0000] {dag.py:3096} INFO - Sync 1 DAGs
[2025-07-23T08:26:13.748+0000] {logging_mixin.py:188} INFO - [2025-07-23T08:26:13.748+0000] {dag.py:3954} INFO - Setting next_dagrun for example_short_circuit_decorator to 2025-07-22 00:00:00+00:00, run_after=2025-07-23 00:00:00+00:00
[2025-07-23T08:26:13.948+0000] {processor.py:183} INFO - Processing /home/airflow/.local/lib/python3.12/site-packages/airflow/example_dags/example_short_circuit_decorator.py took 0.698 seconds
[2025-07-23T08:26:44.796+0000] {processor.py:161} INFO - Started process (PID=1448) to work on /home/airflow/.local/lib/python3.12/site-packages/airflow/example_dags/example_short_circuit_decorator.py
[2025-07-23T08:26:44.798+0000] {processor.py:830} INFO - Processing file /home/airflow/.local/lib/python3.12/site-packages/airflow/example_dags/example_short_circuit_decorator.py for tasks to queue
[2025-07-23T08:26:44.802+0000] {logging_mixin.py:188} INFO - [2025-07-23T08:26:44.801+0000] {dagbag.py:545} INFO - Filling up the DagBag from /home/airflow/.local/lib/python3.12/site-packages/airflow/example_dags/example_short_circuit_decorator.py
[2025-07-23T08:26:44.822+0000] {processor.py:840} INFO - DAG(s) 'example_short_circuit_decorator' retrieved from /home/airflow/.local/lib/python3.12/site-packages/airflow/example_dags/example_short_circuit_decorator.py
[2025-07-23T08:26:44.875+0000] {logging_mixin.py:188} INFO - [2025-07-23T08:26:44.875+0000] {dag.py:3096} INFO - Sync 1 DAGs
[2025-07-23T08:26:44.942+0000] {logging_mixin.py:188} INFO - [2025-07-23T08:26:44.942+0000] {dag.py:3954} INFO - Setting next_dagrun for example_short_circuit_decorator to 2025-07-22 00:00:00+00:00, run_after=2025-07-23 00:00:00+00:00
[2025-07-23T08:26:44.994+0000] {processor.py:183} INFO - Processing /home/airflow/.local/lib/python3.12/site-packages/airflow/example_dags/example_short_circuit_decorator.py took 0.210 seconds
[2025-07-23T08:27:20.414+0000] {processor.py:161} INFO - Started process (PID=1505) to work on /home/airflow/.local/lib/python3.12/site-packages/airflow/example_dags/example_short_circuit_decorator.py
[2025-07-23T08:27:20.450+0000] {processor.py:830} INFO - Processing file /home/airflow/.local/lib/python3.12/site-packages/airflow/example_dags/example_short_circuit_decorator.py for tasks to queue
[2025-07-23T08:27:20.458+0000] {logging_mixin.py:188} INFO - [2025-07-23T08:27:20.458+0000] {dagbag.py:545} INFO - Filling up the DagBag from /home/airflow/.local/lib/python3.12/site-packages/airflow/example_dags/example_short_circuit_decorator.py
[2025-07-23T08:27:20.664+0000] {processor.py:840} INFO - DAG(s) 'example_short_circuit_decorator' retrieved from /home/airflow/.local/lib/python3.12/site-packages/airflow/example_dags/example_short_circuit_decorator.py
[2025-07-23T08:27:21.769+0000] {logging_mixin.py:188} INFO - [2025-07-23T08:27:21.769+0000] {dag.py:3096} INFO - Sync 1 DAGs
[2025-07-23T08:27:22.131+0000] {logging_mixin.py:188} INFO - [2025-07-23T08:27:22.131+0000] {dag.py:3954} INFO - Setting next_dagrun for example_short_circuit_decorator to 2025-07-22 00:00:00+00:00, run_after=2025-07-23 00:00:00+00:00
[2025-07-23T08:27:22.819+0000] {processor.py:183} INFO - Processing /home/airflow/.local/lib/python3.12/site-packages/airflow/example_dags/example_short_circuit_decorator.py took 2.509 seconds
[2025-07-23T08:27:55.811+0000] {processor.py:161} INFO - Started process (PID=1562) to work on /home/airflow/.local/lib/python3.12/site-packages/airflow/example_dags/example_short_circuit_decorator.py
[2025-07-23T08:27:55.840+0000] {processor.py:830} INFO - Processing file /home/airflow/.local/lib/python3.12/site-packages/airflow/example_dags/example_short_circuit_decorator.py for tasks to queue
[2025-07-23T08:27:55.845+0000] {logging_mixin.py:188} INFO - [2025-07-23T08:27:55.844+0000] {dagbag.py:545} INFO - Filling up the DagBag from /home/airflow/.local/lib/python3.12/site-packages/airflow/example_dags/example_short_circuit_decorator.py
[2025-07-23T08:27:55.925+0000] {processor.py:840} INFO - DAG(s) 'example_short_circuit_decorator' retrieved from /home/airflow/.local/lib/python3.12/site-packages/airflow/example_dags/example_short_circuit_decorator.py
[2025-07-23T08:27:56.134+0000] {logging_mixin.py:188} INFO - [2025-07-23T08:27:56.134+0000] {dag.py:3096} INFO - Sync 1 DAGs
[2025-07-23T08:27:56.314+0000] {logging_mixin.py:188} INFO - [2025-07-23T08:27:56.302+0000] {dag.py:3954} INFO - Setting next_dagrun for example_short_circuit_decorator to 2025-07-22 00:00:00+00:00, run_after=2025-07-23 00:00:00+00:00
[2025-07-23T08:27:56.423+0000] {processor.py:183} INFO - Processing /home/airflow/.local/lib/python3.12/site-packages/airflow/example_dags/example_short_circuit_decorator.py took 0.670 seconds
[2025-07-23T08:28:27.010+0000] {processor.py:161} INFO - Started process (PID=1618) to work on /home/airflow/.local/lib/python3.12/site-packages/airflow/example_dags/example_short_circuit_decorator.py
[2025-07-23T08:28:27.020+0000] {processor.py:830} INFO - Processing file /home/airflow/.local/lib/python3.12/site-packages/airflow/example_dags/example_short_circuit_decorator.py for tasks to queue
[2025-07-23T08:28:27.023+0000] {logging_mixin.py:188} INFO - [2025-07-23T08:28:27.022+0000] {dagbag.py:545} INFO - Filling up the DagBag from /home/airflow/.local/lib/python3.12/site-packages/airflow/example_dags/example_short_circuit_decorator.py
[2025-07-23T08:28:27.083+0000] {processor.py:840} INFO - DAG(s) 'example_short_circuit_decorator' retrieved from /home/airflow/.local/lib/python3.12/site-packages/airflow/example_dags/example_short_circuit_decorator.py
[2025-07-23T08:28:27.378+0000] {logging_mixin.py:188} INFO - [2025-07-23T08:28:27.377+0000] {dag.py:3096} INFO - Sync 1 DAGs
[2025-07-23T08:28:27.598+0000] {logging_mixin.py:188} INFO - [2025-07-23T08:28:27.597+0000] {dag.py:3954} INFO - Setting next_dagrun for example_short_circuit_decorator to 2025-07-22 00:00:00+00:00, run_after=2025-07-23 00:00:00+00:00
[2025-07-23T08:28:27.867+0000] {processor.py:183} INFO - Processing /home/airflow/.local/lib/python3.12/site-packages/airflow/example_dags/example_short_circuit_decorator.py took 0.962 seconds
[2025-07-23T08:28:58.318+0000] {processor.py:161} INFO - Started process (PID=1677) to work on /home/airflow/.local/lib/python3.12/site-packages/airflow/example_dags/example_short_circuit_decorator.py
[2025-07-23T08:28:58.320+0000] {processor.py:830} INFO - Processing file /home/airflow/.local/lib/python3.12/site-packages/airflow/example_dags/example_short_circuit_decorator.py for tasks to queue
[2025-07-23T08:28:58.326+0000] {logging_mixin.py:188} INFO - [2025-07-23T08:28:58.326+0000] {dagbag.py:545} INFO - Filling up the DagBag from /home/airflow/.local/lib/python3.12/site-packages/airflow/example_dags/example_short_circuit_decorator.py
[2025-07-23T08:28:58.395+0000] {processor.py:840} INFO - DAG(s) 'example_short_circuit_decorator' retrieved from /home/airflow/.local/lib/python3.12/site-packages/airflow/example_dags/example_short_circuit_decorator.py
[2025-07-23T08:28:58.679+0000] {logging_mixin.py:188} INFO - [2025-07-23T08:28:58.677+0000] {dag.py:3096} INFO - Sync 1 DAGs
[2025-07-23T08:28:58.859+0000] {logging_mixin.py:188} INFO - [2025-07-23T08:28:58.858+0000] {dag.py:3954} INFO - Setting next_dagrun for example_short_circuit_decorator to 2025-07-22 00:00:00+00:00, run_after=2025-07-23 00:00:00+00:00
[2025-07-23T08:28:58.986+0000] {processor.py:183} INFO - Processing /home/airflow/.local/lib/python3.12/site-packages/airflow/example_dags/example_short_circuit_decorator.py took 0.693 seconds
[2025-07-23T08:29:29.732+0000] {processor.py:161} INFO - Started process (PID=1735) to work on /home/airflow/.local/lib/python3.12/site-packages/airflow/example_dags/example_short_circuit_decorator.py
[2025-07-23T08:29:29.743+0000] {processor.py:830} INFO - Processing file /home/airflow/.local/lib/python3.12/site-packages/airflow/example_dags/example_short_circuit_decorator.py for tasks to queue
[2025-07-23T08:29:29.748+0000] {logging_mixin.py:188} INFO - [2025-07-23T08:29:29.747+0000] {dagbag.py:545} INFO - Filling up the DagBag from /home/airflow/.local/lib/python3.12/site-packages/airflow/example_dags/example_short_circuit_decorator.py
[2025-07-23T08:29:29.770+0000] {processor.py:840} INFO - DAG(s) 'example_short_circuit_decorator' retrieved from /home/airflow/.local/lib/python3.12/site-packages/airflow/example_dags/example_short_circuit_decorator.py
[2025-07-23T08:29:29.833+0000] {logging_mixin.py:188} INFO - [2025-07-23T08:29:29.832+0000] {dag.py:3096} INFO - Sync 1 DAGs
[2025-07-23T08:29:29.902+0000] {logging_mixin.py:188} INFO - [2025-07-23T08:29:29.901+0000] {dag.py:3954} INFO - Setting next_dagrun for example_short_circuit_decorator to 2025-07-22 00:00:00+00:00, run_after=2025-07-23 00:00:00+00:00
[2025-07-23T08:29:30.008+0000] {processor.py:183} INFO - Processing /home/airflow/.local/lib/python3.12/site-packages/airflow/example_dags/example_short_circuit_decorator.py took 0.309 seconds
[2025-07-23T08:30:00.369+0000] {processor.py:161} INFO - Started process (PID=1793) to work on /home/airflow/.local/lib/python3.12/site-packages/airflow/example_dags/example_short_circuit_decorator.py
[2025-07-23T08:30:00.371+0000] {processor.py:830} INFO - Processing file /home/airflow/.local/lib/python3.12/site-packages/airflow/example_dags/example_short_circuit_decorator.py for tasks to queue
[2025-07-23T08:30:00.374+0000] {logging_mixin.py:188} INFO - [2025-07-23T08:30:00.374+0000] {dagbag.py:545} INFO - Filling up the DagBag from /home/airflow/.local/lib/python3.12/site-packages/airflow/example_dags/example_short_circuit_decorator.py
[2025-07-23T08:30:00.390+0000] {processor.py:840} INFO - DAG(s) 'example_short_circuit_decorator' retrieved from /home/airflow/.local/lib/python3.12/site-packages/airflow/example_dags/example_short_circuit_decorator.py
[2025-07-23T08:30:00.439+0000] {logging_mixin.py:188} INFO - [2025-07-23T08:30:00.439+0000] {dag.py:3096} INFO - Sync 1 DAGs
[2025-07-23T08:30:00.511+0000] {logging_mixin.py:188} INFO - [2025-07-23T08:30:00.511+0000] {dag.py:3954} INFO - Setting next_dagrun for example_short_circuit_decorator to 2025-07-22 00:00:00+00:00, run_after=2025-07-23 00:00:00+00:00
[2025-07-23T08:30:00.576+0000] {processor.py:183} INFO - Processing /home/airflow/.local/lib/python3.12/site-packages/airflow/example_dags/example_short_circuit_decorator.py took 0.221 seconds
[2025-07-23T08:30:33.168+0000] {processor.py:161} INFO - Started process (PID=1851) to work on /home/airflow/.local/lib/python3.12/site-packages/airflow/example_dags/example_short_circuit_decorator.py
[2025-07-23T08:30:33.186+0000] {processor.py:830} INFO - Processing file /home/airflow/.local/lib/python3.12/site-packages/airflow/example_dags/example_short_circuit_decorator.py for tasks to queue
[2025-07-23T08:30:33.197+0000] {logging_mixin.py:188} INFO - [2025-07-23T08:30:33.196+0000] {dagbag.py:545} INFO - Filling up the DagBag from /home/airflow/.local/lib/python3.12/site-packages/airflow/example_dags/example_short_circuit_decorator.py
[2025-07-23T08:30:33.230+0000] {processor.py:840} INFO - DAG(s) 'example_short_circuit_decorator' retrieved from /home/airflow/.local/lib/python3.12/site-packages/airflow/example_dags/example_short_circuit_decorator.py
[2025-07-23T08:30:33.332+0000] {logging_mixin.py:188} INFO - [2025-07-23T08:30:33.331+0000] {dag.py:3096} INFO - Sync 1 DAGs
[2025-07-23T08:30:33.894+0000] {logging_mixin.py:188} INFO - [2025-07-23T08:30:33.893+0000] {dag.py:3954} INFO - Setting next_dagrun for example_short_circuit_decorator to 2025-07-22 00:00:00+00:00, run_after=2025-07-23 00:00:00+00:00
[2025-07-23T08:30:34.012+0000] {processor.py:183} INFO - Processing /home/airflow/.local/lib/python3.12/site-packages/airflow/example_dags/example_short_circuit_decorator.py took 0.896 seconds
[2025-07-23T08:31:04.769+0000] {processor.py:161} INFO - Started process (PID=1909) to work on /home/airflow/.local/lib/python3.12/site-packages/airflow/example_dags/example_short_circuit_decorator.py
[2025-07-23T08:31:04.777+0000] {processor.py:830} INFO - Processing file /home/airflow/.local/lib/python3.12/site-packages/airflow/example_dags/example_short_circuit_decorator.py for tasks to queue
[2025-07-23T08:31:04.783+0000] {logging_mixin.py:188} INFO - [2025-07-23T08:31:04.782+0000] {dagbag.py:545} INFO - Filling up the DagBag from /home/airflow/.local/lib/python3.12/site-packages/airflow/example_dags/example_short_circuit_decorator.py
[2025-07-23T08:31:04.822+0000] {processor.py:840} INFO - DAG(s) 'example_short_circuit_decorator' retrieved from /home/airflow/.local/lib/python3.12/site-packages/airflow/example_dags/example_short_circuit_decorator.py
[2025-07-23T08:31:04.874+0000] {logging_mixin.py:188} INFO - [2025-07-23T08:31:04.874+0000] {dag.py:3096} INFO - Sync 1 DAGs
[2025-07-23T08:31:04.939+0000] {logging_mixin.py:188} INFO - [2025-07-23T08:31:04.939+0000] {dag.py:3954} INFO - Setting next_dagrun for example_short_circuit_decorator to 2025-07-22 00:00:00+00:00, run_after=2025-07-23 00:00:00+00:00
[2025-07-23T08:31:04.987+0000] {processor.py:183} INFO - Processing /home/airflow/.local/lib/python3.12/site-packages/airflow/example_dags/example_short_circuit_decorator.py took 0.240 seconds
[2025-07-23T08:31:35.537+0000] {processor.py:161} INFO - Started process (PID=1968) to work on /home/airflow/.local/lib/python3.12/site-packages/airflow/example_dags/example_short_circuit_decorator.py
[2025-07-23T08:31:35.539+0000] {processor.py:830} INFO - Processing file /home/airflow/.local/lib/python3.12/site-packages/airflow/example_dags/example_short_circuit_decorator.py for tasks to queue
[2025-07-23T08:31:35.555+0000] {logging_mixin.py:188} INFO - [2025-07-23T08:31:35.554+0000] {dagbag.py:545} INFO - Filling up the DagBag from /home/airflow/.local/lib/python3.12/site-packages/airflow/example_dags/example_short_circuit_decorator.py
[2025-07-23T08:31:35.622+0000] {processor.py:840} INFO - DAG(s) 'example_short_circuit_decorator' retrieved from /home/airflow/.local/lib/python3.12/site-packages/airflow/example_dags/example_short_circuit_decorator.py
[2025-07-23T08:31:35.820+0000] {logging_mixin.py:188} INFO - [2025-07-23T08:31:35.819+0000] {dag.py:3096} INFO - Sync 1 DAGs
[2025-07-23T08:31:35.884+0000] {logging_mixin.py:188} INFO - [2025-07-23T08:31:35.884+0000] {dag.py:3954} INFO - Setting next_dagrun for example_short_circuit_decorator to 2025-07-22 00:00:00+00:00, run_after=2025-07-23 00:00:00+00:00
[2025-07-23T08:31:35.940+0000] {processor.py:183} INFO - Processing /home/airflow/.local/lib/python3.12/site-packages/airflow/example_dags/example_short_circuit_decorator.py took 0.343 seconds
[2025-07-23T08:32:07.281+0000] {processor.py:161} INFO - Started process (PID=2026) to work on /home/airflow/.local/lib/python3.12/site-packages/airflow/example_dags/example_short_circuit_decorator.py
[2025-07-23T08:32:07.298+0000] {processor.py:830} INFO - Processing file /home/airflow/.local/lib/python3.12/site-packages/airflow/example_dags/example_short_circuit_decorator.py for tasks to queue
[2025-07-23T08:32:07.380+0000] {logging_mixin.py:188} INFO - [2025-07-23T08:32:07.379+0000] {dagbag.py:545} INFO - Filling up the DagBag from /home/airflow/.local/lib/python3.12/site-packages/airflow/example_dags/example_short_circuit_decorator.py
[2025-07-23T08:32:07.586+0000] {processor.py:840} INFO - DAG(s) 'example_short_circuit_decorator' retrieved from /home/airflow/.local/lib/python3.12/site-packages/airflow/example_dags/example_short_circuit_decorator.py
[2025-07-23T08:32:07.984+0000] {logging_mixin.py:188} INFO - [2025-07-23T08:32:07.983+0000] {dag.py:3096} INFO - Sync 1 DAGs
[2025-07-23T08:32:08.248+0000] {logging_mixin.py:188} INFO - [2025-07-23T08:32:08.248+0000] {dag.py:3954} INFO - Setting next_dagrun for example_short_circuit_decorator to 2025-07-22 00:00:00+00:00, run_after=2025-07-23 00:00:00+00:00
[2025-07-23T08:32:08.497+0000] {processor.py:183} INFO - Processing /home/airflow/.local/lib/python3.12/site-packages/airflow/example_dags/example_short_circuit_decorator.py took 1.323 seconds
[2025-07-23T08:35:10.206+0000] {processor.py:161} INFO - Started process (PID=108) to work on /home/airflow/.local/lib/python3.12/site-packages/airflow/example_dags/example_short_circuit_decorator.py
[2025-07-23T08:35:10.219+0000] {processor.py:830} INFO - Processing file /home/airflow/.local/lib/python3.12/site-packages/airflow/example_dags/example_short_circuit_decorator.py for tasks to queue
[2025-07-23T08:35:10.225+0000] {logging_mixin.py:188} INFO - [2025-07-23T08:35:10.223+0000] {dagbag.py:545} INFO - Filling up the DagBag from /home/airflow/.local/lib/python3.12/site-packages/airflow/example_dags/example_short_circuit_decorator.py
[2025-07-23T08:35:10.266+0000] {processor.py:840} INFO - DAG(s) 'example_short_circuit_decorator' retrieved from /home/airflow/.local/lib/python3.12/site-packages/airflow/example_dags/example_short_circuit_decorator.py
[2025-07-23T08:35:10.649+0000] {logging_mixin.py:188} INFO - [2025-07-23T08:35:10.648+0000] {dag.py:3096} INFO - Sync 1 DAGs
[2025-07-23T08:35:10.706+0000] {logging_mixin.py:188} INFO - [2025-07-23T08:35:10.706+0000] {dag.py:3954} INFO - Setting next_dagrun for example_short_circuit_decorator to 2025-07-22 00:00:00+00:00, run_after=2025-07-23 00:00:00+00:00
[2025-07-23T08:35:10.751+0000] {processor.py:183} INFO - Processing /home/airflow/.local/lib/python3.12/site-packages/airflow/example_dags/example_short_circuit_decorator.py took 0.560 seconds
[2025-07-23T08:35:46.263+0000] {processor.py:161} INFO - Started process (PID=166) to work on /home/airflow/.local/lib/python3.12/site-packages/airflow/example_dags/example_short_circuit_decorator.py
[2025-07-23T08:35:46.265+0000] {processor.py:830} INFO - Processing file /home/airflow/.local/lib/python3.12/site-packages/airflow/example_dags/example_short_circuit_decorator.py for tasks to queue
[2025-07-23T08:35:46.269+0000] {logging_mixin.py:188} INFO - [2025-07-23T08:35:46.268+0000] {dagbag.py:545} INFO - Filling up the DagBag from /home/airflow/.local/lib/python3.12/site-packages/airflow/example_dags/example_short_circuit_decorator.py
[2025-07-23T08:35:46.292+0000] {processor.py:840} INFO - DAG(s) 'example_short_circuit_decorator' retrieved from /home/airflow/.local/lib/python3.12/site-packages/airflow/example_dags/example_short_circuit_decorator.py
[2025-07-23T08:35:46.412+0000] {logging_mixin.py:188} INFO - [2025-07-23T08:35:46.411+0000] {dag.py:3096} INFO - Sync 1 DAGs
[2025-07-23T08:35:46.470+0000] {logging_mixin.py:188} INFO - [2025-07-23T08:35:46.469+0000] {dag.py:3954} INFO - Setting next_dagrun for example_short_circuit_decorator to 2025-07-22 00:00:00+00:00, run_after=2025-07-23 00:00:00+00:00
[2025-07-23T08:35:46.522+0000] {processor.py:183} INFO - Processing /home/airflow/.local/lib/python3.12/site-packages/airflow/example_dags/example_short_circuit_decorator.py took 0.276 seconds
[2025-07-23T08:36:17.204+0000] {processor.py:161} INFO - Started process (PID=224) to work on /home/airflow/.local/lib/python3.12/site-packages/airflow/example_dags/example_short_circuit_decorator.py
[2025-07-23T08:36:17.206+0000] {processor.py:830} INFO - Processing file /home/airflow/.local/lib/python3.12/site-packages/airflow/example_dags/example_short_circuit_decorator.py for tasks to queue
[2025-07-23T08:36:17.214+0000] {logging_mixin.py:188} INFO - [2025-07-23T08:36:17.212+0000] {dagbag.py:545} INFO - Filling up the DagBag from /home/airflow/.local/lib/python3.12/site-packages/airflow/example_dags/example_short_circuit_decorator.py
[2025-07-23T08:36:17.249+0000] {processor.py:840} INFO - DAG(s) 'example_short_circuit_decorator' retrieved from /home/airflow/.local/lib/python3.12/site-packages/airflow/example_dags/example_short_circuit_decorator.py
[2025-07-23T08:36:17.427+0000] {logging_mixin.py:188} INFO - [2025-07-23T08:36:17.426+0000] {dag.py:3096} INFO - Sync 1 DAGs
[2025-07-23T08:36:17.582+0000] {logging_mixin.py:188} INFO - [2025-07-23T08:36:17.581+0000] {dag.py:3954} INFO - Setting next_dagrun for example_short_circuit_decorator to 2025-07-22 00:00:00+00:00, run_after=2025-07-23 00:00:00+00:00
[2025-07-23T08:36:17.712+0000] {processor.py:183} INFO - Processing /home/airflow/.local/lib/python3.12/site-packages/airflow/example_dags/example_short_circuit_decorator.py took 0.523 seconds
[2025-07-23T08:36:48.647+0000] {processor.py:161} INFO - Started process (PID=283) to work on /home/airflow/.local/lib/python3.12/site-packages/airflow/example_dags/example_short_circuit_decorator.py
[2025-07-23T08:36:48.652+0000] {processor.py:830} INFO - Processing file /home/airflow/.local/lib/python3.12/site-packages/airflow/example_dags/example_short_circuit_decorator.py for tasks to queue
[2025-07-23T08:36:48.664+0000] {logging_mixin.py:188} INFO - [2025-07-23T08:36:48.663+0000] {dagbag.py:545} INFO - Filling up the DagBag from /home/airflow/.local/lib/python3.12/site-packages/airflow/example_dags/example_short_circuit_decorator.py
[2025-07-23T08:36:48.692+0000] {processor.py:840} INFO - DAG(s) 'example_short_circuit_decorator' retrieved from /home/airflow/.local/lib/python3.12/site-packages/airflow/example_dags/example_short_circuit_decorator.py
[2025-07-23T08:36:48.772+0000] {logging_mixin.py:188} INFO - [2025-07-23T08:36:48.772+0000] {dag.py:3096} INFO - Sync 1 DAGs
[2025-07-23T08:36:48.865+0000] {logging_mixin.py:188} INFO - [2025-07-23T08:36:48.864+0000] {dag.py:3954} INFO - Setting next_dagrun for example_short_circuit_decorator to 2025-07-22 00:00:00+00:00, run_after=2025-07-23 00:00:00+00:00
[2025-07-23T08:36:48.988+0000] {processor.py:183} INFO - Processing /home/airflow/.local/lib/python3.12/site-packages/airflow/example_dags/example_short_circuit_decorator.py took 0.366 seconds
[2025-07-23T08:37:19.619+0000] {processor.py:161} INFO - Started process (PID=342) to work on /home/airflow/.local/lib/python3.12/site-packages/airflow/example_dags/example_short_circuit_decorator.py
[2025-07-23T08:37:19.628+0000] {processor.py:830} INFO - Processing file /home/airflow/.local/lib/python3.12/site-packages/airflow/example_dags/example_short_circuit_decorator.py for tasks to queue
[2025-07-23T08:37:19.633+0000] {logging_mixin.py:188} INFO - [2025-07-23T08:37:19.633+0000] {dagbag.py:545} INFO - Filling up the DagBag from /home/airflow/.local/lib/python3.12/site-packages/airflow/example_dags/example_short_circuit_decorator.py
[2025-07-23T08:37:19.665+0000] {processor.py:840} INFO - DAG(s) 'example_short_circuit_decorator' retrieved from /home/airflow/.local/lib/python3.12/site-packages/airflow/example_dags/example_short_circuit_decorator.py
[2025-07-23T08:37:19.773+0000] {logging_mixin.py:188} INFO - [2025-07-23T08:37:19.772+0000] {dag.py:3096} INFO - Sync 1 DAGs
[2025-07-23T08:37:19.911+0000] {logging_mixin.py:188} INFO - [2025-07-23T08:37:19.910+0000] {dag.py:3954} INFO - Setting next_dagrun for example_short_circuit_decorator to 2025-07-22 00:00:00+00:00, run_after=2025-07-23 00:00:00+00:00
[2025-07-23T08:37:20.010+0000] {processor.py:183} INFO - Processing /home/airflow/.local/lib/python3.12/site-packages/airflow/example_dags/example_short_circuit_decorator.py took 0.427 seconds
[2025-07-23T08:37:54.095+0000] {processor.py:161} INFO - Started process (PID=399) to work on /home/airflow/.local/lib/python3.12/site-packages/airflow/example_dags/example_short_circuit_decorator.py
[2025-07-23T08:37:54.218+0000] {processor.py:830} INFO - Processing file /home/airflow/.local/lib/python3.12/site-packages/airflow/example_dags/example_short_circuit_decorator.py for tasks to queue
[2025-07-23T08:37:54.267+0000] {logging_mixin.py:188} INFO - [2025-07-23T08:37:54.266+0000] {dagbag.py:545} INFO - Filling up the DagBag from /home/airflow/.local/lib/python3.12/site-packages/airflow/example_dags/example_short_circuit_decorator.py
[2025-07-23T08:37:54.570+0000] {processor.py:840} INFO - DAG(s) 'example_short_circuit_decorator' retrieved from /home/airflow/.local/lib/python3.12/site-packages/airflow/example_dags/example_short_circuit_decorator.py
[2025-07-23T08:37:55.216+0000] {logging_mixin.py:188} INFO - [2025-07-23T08:37:55.215+0000] {dag.py:3096} INFO - Sync 1 DAGs
[2025-07-23T08:37:55.551+0000] {logging_mixin.py:188} INFO - [2025-07-23T08:37:55.550+0000] {dag.py:3954} INFO - Setting next_dagrun for example_short_circuit_decorator to 2025-07-22 00:00:00+00:00, run_after=2025-07-23 00:00:00+00:00
[2025-07-23T08:37:55.896+0000] {processor.py:183} INFO - Processing /home/airflow/.local/lib/python3.12/site-packages/airflow/example_dags/example_short_circuit_decorator.py took 1.882 seconds
[2025-07-23T08:38:50.350+0000] {processor.py:161} INFO - Started process (PID=463) to work on /home/airflow/.local/lib/python3.12/site-packages/airflow/example_dags/example_short_circuit_decorator.py
[2025-07-23T08:38:50.410+0000] {processor.py:830} INFO - Processing file /home/airflow/.local/lib/python3.12/site-packages/airflow/example_dags/example_short_circuit_decorator.py for tasks to queue
[2025-07-23T08:38:50.435+0000] {logging_mixin.py:188} INFO - [2025-07-23T08:38:50.434+0000] {dagbag.py:545} INFO - Filling up the DagBag from /home/airflow/.local/lib/python3.12/site-packages/airflow/example_dags/example_short_circuit_decorator.py
[2025-07-23T08:38:50.827+0000] {processor.py:840} INFO - DAG(s) 'example_short_circuit_decorator' retrieved from /home/airflow/.local/lib/python3.12/site-packages/airflow/example_dags/example_short_circuit_decorator.py
[2025-07-23T08:38:51.364+0000] {logging_mixin.py:188} INFO - [2025-07-23T08:38:51.364+0000] {dag.py:3096} INFO - Sync 1 DAGs
[2025-07-23T08:38:51.769+0000] {logging_mixin.py:188} INFO - [2025-07-23T08:38:51.769+0000] {dag.py:3954} INFO - Setting next_dagrun for example_short_circuit_decorator to 2025-07-22 00:00:00+00:00, run_after=2025-07-23 00:00:00+00:00
[2025-07-23T08:38:52.165+0000] {processor.py:183} INFO - Processing /home/airflow/.local/lib/python3.12/site-packages/airflow/example_dags/example_short_circuit_decorator.py took 1.928 seconds
[2025-07-23T08:39:58.669+0000] {processor.py:161} INFO - Started process (PID=526) to work on /home/airflow/.local/lib/python3.12/site-packages/airflow/example_dags/example_short_circuit_decorator.py
[2025-07-23T08:39:58.681+0000] {processor.py:830} INFO - Processing file /home/airflow/.local/lib/python3.12/site-packages/airflow/example_dags/example_short_circuit_decorator.py for tasks to queue
[2025-07-23T08:39:58.686+0000] {logging_mixin.py:188} INFO - [2025-07-23T08:39:58.685+0000] {dagbag.py:545} INFO - Filling up the DagBag from /home/airflow/.local/lib/python3.12/site-packages/airflow/example_dags/example_short_circuit_decorator.py
[2025-07-23T08:39:58.748+0000] {processor.py:840} INFO - DAG(s) 'example_short_circuit_decorator' retrieved from /home/airflow/.local/lib/python3.12/site-packages/airflow/example_dags/example_short_circuit_decorator.py
[2025-07-23T08:39:58.983+0000] {logging_mixin.py:188} INFO - [2025-07-23T08:39:58.982+0000] {dag.py:3096} INFO - Sync 1 DAGs
[2025-07-23T08:39:59.378+0000] {logging_mixin.py:188} INFO - [2025-07-23T08:39:59.378+0000] {dag.py:3954} INFO - Setting next_dagrun for example_short_circuit_decorator to 2025-07-22 00:00:00+00:00, run_after=2025-07-23 00:00:00+00:00
[2025-07-23T08:39:59.771+0000] {processor.py:183} INFO - Processing /home/airflow/.local/lib/python3.12/site-packages/airflow/example_dags/example_short_circuit_decorator.py took 1.184 seconds
[2025-07-23T08:40:45.795+0000] {processor.py:161} INFO - Started process (PID=592) to work on /home/airflow/.local/lib/python3.12/site-packages/airflow/example_dags/example_short_circuit_decorator.py
[2025-07-23T08:40:45.813+0000] {processor.py:830} INFO - Processing file /home/airflow/.local/lib/python3.12/site-packages/airflow/example_dags/example_short_circuit_decorator.py for tasks to queue
[2025-07-23T08:40:45.829+0000] {logging_mixin.py:188} INFO - [2025-07-23T08:40:45.828+0000] {dagbag.py:545} INFO - Filling up the DagBag from /home/airflow/.local/lib/python3.12/site-packages/airflow/example_dags/example_short_circuit_decorator.py
[2025-07-23T08:40:45.952+0000] {processor.py:840} INFO - DAG(s) 'example_short_circuit_decorator' retrieved from /home/airflow/.local/lib/python3.12/site-packages/airflow/example_dags/example_short_circuit_decorator.py
[2025-07-23T08:40:46.115+0000] {logging_mixin.py:188} INFO - [2025-07-23T08:40:46.114+0000] {dag.py:3096} INFO - Sync 1 DAGs
[2025-07-23T08:40:46.345+0000] {logging_mixin.py:188} INFO - [2025-07-23T08:40:46.344+0000] {dag.py:3954} INFO - Setting next_dagrun for example_short_circuit_decorator to 2025-07-22 00:00:00+00:00, run_after=2025-07-23 00:00:00+00:00
[2025-07-23T08:40:46.690+0000] {processor.py:183} INFO - Processing /home/airflow/.local/lib/python3.12/site-packages/airflow/example_dags/example_short_circuit_decorator.py took 0.953 seconds
[2025-07-23T09:01:07.715+0000] {processor.py:161} INFO - Started process (PID=72) to work on /home/airflow/.local/lib/python3.12/site-packages/airflow/example_dags/example_short_circuit_decorator.py
[2025-07-23T09:01:07.745+0000] {processor.py:830} INFO - Processing file /home/airflow/.local/lib/python3.12/site-packages/airflow/example_dags/example_short_circuit_decorator.py for tasks to queue
[2025-07-23T09:01:07.758+0000] {logging_mixin.py:188} INFO - [2025-07-23T09:01:07.758+0000] {dagbag.py:545} INFO - Filling up the DagBag from /home/airflow/.local/lib/python3.12/site-packages/airflow/example_dags/example_short_circuit_decorator.py
[2025-07-23T09:01:07.813+0000] {processor.py:840} INFO - DAG(s) 'example_short_circuit_decorator' retrieved from /home/airflow/.local/lib/python3.12/site-packages/airflow/example_dags/example_short_circuit_decorator.py
[2025-07-23T09:01:08.049+0000] {logging_mixin.py:188} INFO - [2025-07-23T09:01:08.048+0000] {dag.py:3096} INFO - Sync 1 DAGs
[2025-07-23T09:01:08.321+0000] {logging_mixin.py:188} INFO - [2025-07-23T09:01:08.320+0000] {dag.py:3954} INFO - Setting next_dagrun for example_short_circuit_decorator to 2025-07-22 00:00:00+00:00, run_after=2025-07-23 00:00:00+00:00
[2025-07-23T09:01:08.481+0000] {processor.py:183} INFO - Processing /home/airflow/.local/lib/python3.12/site-packages/airflow/example_dags/example_short_circuit_decorator.py took 0.832 seconds
[2025-07-23T09:01:48.956+0000] {processor.py:161} INFO - Started process (PID=131) to work on /home/airflow/.local/lib/python3.12/site-packages/airflow/example_dags/example_short_circuit_decorator.py
[2025-07-23T09:01:48.958+0000] {processor.py:830} INFO - Processing file /home/airflow/.local/lib/python3.12/site-packages/airflow/example_dags/example_short_circuit_decorator.py for tasks to queue
[2025-07-23T09:01:48.963+0000] {logging_mixin.py:188} INFO - [2025-07-23T09:01:48.963+0000] {dagbag.py:545} INFO - Filling up the DagBag from /home/airflow/.local/lib/python3.12/site-packages/airflow/example_dags/example_short_circuit_decorator.py
[2025-07-23T09:01:49.025+0000] {processor.py:840} INFO - DAG(s) 'example_short_circuit_decorator' retrieved from /home/airflow/.local/lib/python3.12/site-packages/airflow/example_dags/example_short_circuit_decorator.py
[2025-07-23T09:01:49.220+0000] {logging_mixin.py:188} INFO - [2025-07-23T09:01:49.219+0000] {dag.py:3096} INFO - Sync 1 DAGs
[2025-07-23T09:01:49.402+0000] {logging_mixin.py:188} INFO - [2025-07-23T09:01:49.401+0000] {dag.py:3954} INFO - Setting next_dagrun for example_short_circuit_decorator to 2025-07-22 00:00:00+00:00, run_after=2025-07-23 00:00:00+00:00
[2025-07-23T09:01:49.516+0000] {processor.py:183} INFO - Processing /home/airflow/.local/lib/python3.12/site-packages/airflow/example_dags/example_short_circuit_decorator.py took 0.594 seconds
[2025-07-23T09:02:24.957+0000] {processor.py:161} INFO - Started process (PID=190) to work on /home/airflow/.local/lib/python3.12/site-packages/airflow/example_dags/example_short_circuit_decorator.py
[2025-07-23T09:02:24.988+0000] {processor.py:830} INFO - Processing file /home/airflow/.local/lib/python3.12/site-packages/airflow/example_dags/example_short_circuit_decorator.py for tasks to queue
[2025-07-23T09:02:25.005+0000] {logging_mixin.py:188} INFO - [2025-07-23T09:02:25.004+0000] {dagbag.py:545} INFO - Filling up the DagBag from /home/airflow/.local/lib/python3.12/site-packages/airflow/example_dags/example_short_circuit_decorator.py
[2025-07-23T09:02:25.073+0000] {processor.py:840} INFO - DAG(s) 'example_short_circuit_decorator' retrieved from /home/airflow/.local/lib/python3.12/site-packages/airflow/example_dags/example_short_circuit_decorator.py
[2025-07-23T09:02:25.259+0000] {logging_mixin.py:188} INFO - [2025-07-23T09:02:25.259+0000] {dag.py:3096} INFO - Sync 1 DAGs
[2025-07-23T09:02:25.415+0000] {logging_mixin.py:188} INFO - [2025-07-23T09:02:25.414+0000] {dag.py:3954} INFO - Setting next_dagrun for example_short_circuit_decorator to 2025-07-22 00:00:00+00:00, run_after=2025-07-23 00:00:00+00:00
[2025-07-23T09:02:25.640+0000] {processor.py:183} INFO - Processing /home/airflow/.local/lib/python3.12/site-packages/airflow/example_dags/example_short_circuit_decorator.py took 0.779 seconds
[2025-07-23T09:03:02.472+0000] {processor.py:161} INFO - Started process (PID=251) to work on /home/airflow/.local/lib/python3.12/site-packages/airflow/example_dags/example_short_circuit_decorator.py
[2025-07-23T09:03:02.474+0000] {processor.py:830} INFO - Processing file /home/airflow/.local/lib/python3.12/site-packages/airflow/example_dags/example_short_circuit_decorator.py for tasks to queue
[2025-07-23T09:03:02.476+0000] {logging_mixin.py:188} INFO - [2025-07-23T09:03:02.475+0000] {dagbag.py:545} INFO - Filling up the DagBag from /home/airflow/.local/lib/python3.12/site-packages/airflow/example_dags/example_short_circuit_decorator.py
[2025-07-23T09:03:02.496+0000] {processor.py:840} INFO - DAG(s) 'example_short_circuit_decorator' retrieved from /home/airflow/.local/lib/python3.12/site-packages/airflow/example_dags/example_short_circuit_decorator.py
[2025-07-23T09:03:02.604+0000] {logging_mixin.py:188} INFO - [2025-07-23T09:03:02.603+0000] {dag.py:3096} INFO - Sync 1 DAGs
[2025-07-23T09:03:02.840+0000] {logging_mixin.py:188} INFO - [2025-07-23T09:03:02.839+0000] {dag.py:3954} INFO - Setting next_dagrun for example_short_circuit_decorator to 2025-07-22 00:00:00+00:00, run_after=2025-07-23 00:00:00+00:00
[2025-07-23T09:03:02.948+0000] {processor.py:183} INFO - Processing /home/airflow/.local/lib/python3.12/site-packages/airflow/example_dags/example_short_circuit_decorator.py took 0.487 seconds
[2025-07-23T09:03:37.795+0000] {processor.py:161} INFO - Started process (PID=313) to work on /home/airflow/.local/lib/python3.12/site-packages/airflow/example_dags/example_short_circuit_decorator.py
[2025-07-23T09:03:37.799+0000] {processor.py:830} INFO - Processing file /home/airflow/.local/lib/python3.12/site-packages/airflow/example_dags/example_short_circuit_decorator.py for tasks to queue
[2025-07-23T09:03:37.801+0000] {logging_mixin.py:188} INFO - [2025-07-23T09:03:37.800+0000] {dagbag.py:545} INFO - Filling up the DagBag from /home/airflow/.local/lib/python3.12/site-packages/airflow/example_dags/example_short_circuit_decorator.py
[2025-07-23T09:03:37.847+0000] {processor.py:840} INFO - DAG(s) 'example_short_circuit_decorator' retrieved from /home/airflow/.local/lib/python3.12/site-packages/airflow/example_dags/example_short_circuit_decorator.py
[2025-07-23T09:03:37.973+0000] {logging_mixin.py:188} INFO - [2025-07-23T09:03:37.973+0000] {dag.py:3096} INFO - Sync 1 DAGs
[2025-07-23T09:03:38.087+0000] {logging_mixin.py:188} INFO - [2025-07-23T09:03:38.087+0000] {dag.py:3954} INFO - Setting next_dagrun for example_short_circuit_decorator to 2025-07-22 00:00:00+00:00, run_after=2025-07-23 00:00:00+00:00
[2025-07-23T09:03:38.218+0000] {processor.py:183} INFO - Processing /home/airflow/.local/lib/python3.12/site-packages/airflow/example_dags/example_short_circuit_decorator.py took 0.438 seconds
[2025-07-23T09:04:12.857+0000] {processor.py:161} INFO - Started process (PID=372) to work on /home/airflow/.local/lib/python3.12/site-packages/airflow/example_dags/example_short_circuit_decorator.py
[2025-07-23T09:04:12.869+0000] {processor.py:830} INFO - Processing file /home/airflow/.local/lib/python3.12/site-packages/airflow/example_dags/example_short_circuit_decorator.py for tasks to queue
[2025-07-23T09:04:12.871+0000] {logging_mixin.py:188} INFO - [2025-07-23T09:04:12.870+0000] {dagbag.py:545} INFO - Filling up the DagBag from /home/airflow/.local/lib/python3.12/site-packages/airflow/example_dags/example_short_circuit_decorator.py
[2025-07-23T09:04:12.973+0000] {processor.py:840} INFO - DAG(s) 'example_short_circuit_decorator' retrieved from /home/airflow/.local/lib/python3.12/site-packages/airflow/example_dags/example_short_circuit_decorator.py
[2025-07-23T09:04:13.314+0000] {logging_mixin.py:188} INFO - [2025-07-23T09:04:13.285+0000] {dag.py:3096} INFO - Sync 1 DAGs
[2025-07-23T09:04:13.782+0000] {logging_mixin.py:188} INFO - [2025-07-23T09:04:13.782+0000] {dag.py:3954} INFO - Setting next_dagrun for example_short_circuit_decorator to 2025-07-22 00:00:00+00:00, run_after=2025-07-23 00:00:00+00:00
[2025-07-23T09:04:13.967+0000] {processor.py:183} INFO - Processing /home/airflow/.local/lib/python3.12/site-packages/airflow/example_dags/example_short_circuit_decorator.py took 1.136 seconds
[2025-07-23T09:04:44.691+0000] {processor.py:161} INFO - Started process (PID=424) to work on /home/airflow/.local/lib/python3.12/site-packages/airflow/example_dags/example_short_circuit_decorator.py
[2025-07-23T09:04:44.692+0000] {processor.py:830} INFO - Processing file /home/airflow/.local/lib/python3.12/site-packages/airflow/example_dags/example_short_circuit_decorator.py for tasks to queue
[2025-07-23T09:04:44.694+0000] {logging_mixin.py:188} INFO - [2025-07-23T09:04:44.694+0000] {dagbag.py:545} INFO - Filling up the DagBag from /home/airflow/.local/lib/python3.12/site-packages/airflow/example_dags/example_short_circuit_decorator.py
[2025-07-23T09:04:44.723+0000] {processor.py:840} INFO - DAG(s) 'example_short_circuit_decorator' retrieved from /home/airflow/.local/lib/python3.12/site-packages/airflow/example_dags/example_short_circuit_decorator.py
[2025-07-23T09:04:44.900+0000] {logging_mixin.py:188} INFO - [2025-07-23T09:04:44.900+0000] {dag.py:3096} INFO - Sync 1 DAGs
[2025-07-23T09:04:45.182+0000] {logging_mixin.py:188} INFO - [2025-07-23T09:04:45.181+0000] {dag.py:3954} INFO - Setting next_dagrun for example_short_circuit_decorator to 2025-07-22 00:00:00+00:00, run_after=2025-07-23 00:00:00+00:00
[2025-07-23T09:04:45.489+0000] {processor.py:183} INFO - Processing /home/airflow/.local/lib/python3.12/site-packages/airflow/example_dags/example_short_circuit_decorator.py took 0.813 seconds
[2025-07-23T09:05:15.922+0000] {processor.py:161} INFO - Started process (PID=484) to work on /home/airflow/.local/lib/python3.12/site-packages/airflow/example_dags/example_short_circuit_decorator.py
[2025-07-23T09:05:15.924+0000] {processor.py:830} INFO - Processing file /home/airflow/.local/lib/python3.12/site-packages/airflow/example_dags/example_short_circuit_decorator.py for tasks to queue
[2025-07-23T09:05:15.927+0000] {logging_mixin.py:188} INFO - [2025-07-23T09:05:15.926+0000] {dagbag.py:545} INFO - Filling up the DagBag from /home/airflow/.local/lib/python3.12/site-packages/airflow/example_dags/example_short_circuit_decorator.py
[2025-07-23T09:05:15.944+0000] {processor.py:840} INFO - DAG(s) 'example_short_circuit_decorator' retrieved from /home/airflow/.local/lib/python3.12/site-packages/airflow/example_dags/example_short_circuit_decorator.py
[2025-07-23T09:05:15.964+0000] {logging_mixin.py:188} INFO - [2025-07-23T09:05:15.963+0000] {dag.py:3096} INFO - Sync 1 DAGs
[2025-07-23T09:05:16.009+0000] {logging_mixin.py:188} INFO - [2025-07-23T09:05:16.009+0000] {dag.py:3954} INFO - Setting next_dagrun for example_short_circuit_decorator to 2025-07-22 00:00:00+00:00, run_after=2025-07-23 00:00:00+00:00
[2025-07-23T09:05:16.088+0000] {processor.py:183} INFO - Processing /home/airflow/.local/lib/python3.12/site-packages/airflow/example_dags/example_short_circuit_decorator.py took 0.188 seconds
[2025-07-23T09:05:47.152+0000] {processor.py:161} INFO - Started process (PID=544) to work on /home/airflow/.local/lib/python3.12/site-packages/airflow/example_dags/example_short_circuit_decorator.py
[2025-07-23T09:05:47.154+0000] {processor.py:830} INFO - Processing file /home/airflow/.local/lib/python3.12/site-packages/airflow/example_dags/example_short_circuit_decorator.py for tasks to queue
[2025-07-23T09:05:47.157+0000] {logging_mixin.py:188} INFO - [2025-07-23T09:05:47.156+0000] {dagbag.py:545} INFO - Filling up the DagBag from /home/airflow/.local/lib/python3.12/site-packages/airflow/example_dags/example_short_circuit_decorator.py
[2025-07-23T09:05:47.224+0000] {processor.py:840} INFO - DAG(s) 'example_short_circuit_decorator' retrieved from /home/airflow/.local/lib/python3.12/site-packages/airflow/example_dags/example_short_circuit_decorator.py
[2025-07-23T09:05:47.692+0000] {logging_mixin.py:188} INFO - [2025-07-23T09:05:47.689+0000] {dag.py:3096} INFO - Sync 1 DAGs
[2025-07-23T09:05:47.790+0000] {logging_mixin.py:188} INFO - [2025-07-23T09:05:47.790+0000] {dag.py:3954} INFO - Setting next_dagrun for example_short_circuit_decorator to 2025-07-22 00:00:00+00:00, run_after=2025-07-23 00:00:00+00:00
[2025-07-23T09:05:47.883+0000] {processor.py:183} INFO - Processing /home/airflow/.local/lib/python3.12/site-packages/airflow/example_dags/example_short_circuit_decorator.py took 0.773 seconds
[2025-07-23T09:06:18.370+0000] {processor.py:161} INFO - Started process (PID=603) to work on /home/airflow/.local/lib/python3.12/site-packages/airflow/example_dags/example_short_circuit_decorator.py
[2025-07-23T09:06:18.375+0000] {processor.py:830} INFO - Processing file /home/airflow/.local/lib/python3.12/site-packages/airflow/example_dags/example_short_circuit_decorator.py for tasks to queue
[2025-07-23T09:06:18.378+0000] {logging_mixin.py:188} INFO - [2025-07-23T09:06:18.377+0000] {dagbag.py:545} INFO - Filling up the DagBag from /home/airflow/.local/lib/python3.12/site-packages/airflow/example_dags/example_short_circuit_decorator.py
[2025-07-23T09:06:18.402+0000] {processor.py:840} INFO - DAG(s) 'example_short_circuit_decorator' retrieved from /home/airflow/.local/lib/python3.12/site-packages/airflow/example_dags/example_short_circuit_decorator.py
[2025-07-23T09:06:18.468+0000] {logging_mixin.py:188} INFO - [2025-07-23T09:06:18.467+0000] {dag.py:3096} INFO - Sync 1 DAGs
[2025-07-23T09:06:18.545+0000] {logging_mixin.py:188} INFO - [2025-07-23T09:06:18.545+0000] {dag.py:3954} INFO - Setting next_dagrun for example_short_circuit_decorator to 2025-07-22 00:00:00+00:00, run_after=2025-07-23 00:00:00+00:00
[2025-07-23T09:06:18.659+0000] {processor.py:183} INFO - Processing /home/airflow/.local/lib/python3.12/site-packages/airflow/example_dags/example_short_circuit_decorator.py took 0.320 seconds
[2025-07-23T09:06:49.190+0000] {processor.py:161} INFO - Started process (PID=662) to work on /home/airflow/.local/lib/python3.12/site-packages/airflow/example_dags/example_short_circuit_decorator.py
[2025-07-23T09:06:49.194+0000] {processor.py:830} INFO - Processing file /home/airflow/.local/lib/python3.12/site-packages/airflow/example_dags/example_short_circuit_decorator.py for tasks to queue
[2025-07-23T09:06:49.196+0000] {logging_mixin.py:188} INFO - [2025-07-23T09:06:49.195+0000] {dagbag.py:545} INFO - Filling up the DagBag from /home/airflow/.local/lib/python3.12/site-packages/airflow/example_dags/example_short_circuit_decorator.py
[2025-07-23T09:06:49.231+0000] {processor.py:840} INFO - DAG(s) 'example_short_circuit_decorator' retrieved from /home/airflow/.local/lib/python3.12/site-packages/airflow/example_dags/example_short_circuit_decorator.py
[2025-07-23T09:06:49.301+0000] {logging_mixin.py:188} INFO - [2025-07-23T09:06:49.301+0000] {dag.py:3096} INFO - Sync 1 DAGs
[2025-07-23T09:06:49.371+0000] {logging_mixin.py:188} INFO - [2025-07-23T09:06:49.371+0000] {dag.py:3954} INFO - Setting next_dagrun for example_short_circuit_decorator to 2025-07-22 00:00:00+00:00, run_after=2025-07-23 00:00:00+00:00
[2025-07-23T09:06:49.417+0000] {processor.py:183} INFO - Processing /home/airflow/.local/lib/python3.12/site-packages/airflow/example_dags/example_short_circuit_decorator.py took 0.242 seconds
