[2025-07-23T08:14:16.745+0000] {processor.py:161} INFO - Started process (PID=111) to work on /home/airflow/.local/lib/python3.12/site-packages/airflow/example_dags/example_nested_branch_dag.py
[2025-07-23T08:14:16.760+0000] {processor.py:830} INFO - Processing file /home/airflow/.local/lib/python3.12/site-packages/airflow/example_dags/example_nested_branch_dag.py for tasks to queue
[2025-07-23T08:14:16.765+0000] {logging_mixin.py:188} INFO - [2025-07-23T08:14:16.764+0000] {dagbag.py:545} INFO - Filling up the DagBag from /home/airflow/.local/lib/python3.12/site-packages/airflow/example_dags/example_nested_branch_dag.py
[2025-07-23T08:14:16.808+0000] {processor.py:840} INFO - DAG(s) 'example_nested_branch_dag' retrieved from /home/airflow/.local/lib/python3.12/site-packages/airflow/example_dags/example_nested_branch_dag.py
[2025-07-23T08:14:17.611+0000] {logging_mixin.py:188} INFO - [2025-07-23T08:14:17.610+0000] {dag.py:3096} INFO - Sync 1 DAGs
[2025-07-23T08:14:17.703+0000] {logging_mixin.py:188} INFO - [2025-07-23T08:14:17.703+0000] {dag.py:3954} INFO - Setting next_dagrun for example_nested_branch_dag to 2025-07-22 00:00:00+00:00, run_after=2025-07-23 00:00:00+00:00
[2025-07-23T08:14:17.815+0000] {processor.py:183} INFO - Processing /home/airflow/.local/lib/python3.12/site-packages/airflow/example_dags/example_nested_branch_dag.py took 1.095 seconds
[2025-07-23T08:14:48.778+0000] {processor.py:161} INFO - Started process (PID=170) to work on /home/airflow/.local/lib/python3.12/site-packages/airflow/example_dags/example_nested_branch_dag.py
[2025-07-23T08:14:48.787+0000] {processor.py:830} INFO - Processing file /home/airflow/.local/lib/python3.12/site-packages/airflow/example_dags/example_nested_branch_dag.py for tasks to queue
[2025-07-23T08:14:48.794+0000] {logging_mixin.py:188} INFO - [2025-07-23T08:14:48.793+0000] {dagbag.py:545} INFO - Filling up the DagBag from /home/airflow/.local/lib/python3.12/site-packages/airflow/example_dags/example_nested_branch_dag.py
[2025-07-23T08:14:48.896+0000] {processor.py:840} INFO - DAG(s) 'example_nested_branch_dag' retrieved from /home/airflow/.local/lib/python3.12/site-packages/airflow/example_dags/example_nested_branch_dag.py
[2025-07-23T08:14:49.149+0000] {logging_mixin.py:188} INFO - [2025-07-23T08:14:49.148+0000] {dag.py:3096} INFO - Sync 1 DAGs
[2025-07-23T08:14:49.477+0000] {logging_mixin.py:188} INFO - [2025-07-23T08:14:49.477+0000] {dag.py:3954} INFO - Setting next_dagrun for example_nested_branch_dag to 2025-07-22 00:00:00+00:00, run_after=2025-07-23 00:00:00+00:00
[2025-07-23T08:14:49.827+0000] {processor.py:183} INFO - Processing /home/airflow/.local/lib/python3.12/site-packages/airflow/example_dags/example_nested_branch_dag.py took 1.079 seconds
[2025-07-23T08:15:21.883+0000] {processor.py:161} INFO - Started process (PID=233) to work on /home/airflow/.local/lib/python3.12/site-packages/airflow/example_dags/example_nested_branch_dag.py
[2025-07-23T08:15:21.885+0000] {processor.py:830} INFO - Processing file /home/airflow/.local/lib/python3.12/site-packages/airflow/example_dags/example_nested_branch_dag.py for tasks to queue
[2025-07-23T08:15:21.902+0000] {logging_mixin.py:188} INFO - [2025-07-23T08:15:21.902+0000] {dagbag.py:545} INFO - Filling up the DagBag from /home/airflow/.local/lib/python3.12/site-packages/airflow/example_dags/example_nested_branch_dag.py
[2025-07-23T08:15:21.964+0000] {processor.py:840} INFO - DAG(s) 'example_nested_branch_dag' retrieved from /home/airflow/.local/lib/python3.12/site-packages/airflow/example_dags/example_nested_branch_dag.py
[2025-07-23T08:15:22.134+0000] {logging_mixin.py:188} INFO - [2025-07-23T08:15:22.134+0000] {dag.py:3096} INFO - Sync 1 DAGs
[2025-07-23T08:15:22.455+0000] {logging_mixin.py:188} INFO - [2025-07-23T08:15:22.450+0000] {dag.py:3954} INFO - Setting next_dagrun for example_nested_branch_dag to 2025-07-22 00:00:00+00:00, run_after=2025-07-23 00:00:00+00:00
[2025-07-23T08:15:22.581+0000] {processor.py:183} INFO - Processing /home/airflow/.local/lib/python3.12/site-packages/airflow/example_dags/example_nested_branch_dag.py took 0.718 seconds
[2025-07-23T08:15:53.173+0000] {processor.py:161} INFO - Started process (PID=291) to work on /home/airflow/.local/lib/python3.12/site-packages/airflow/example_dags/example_nested_branch_dag.py
[2025-07-23T08:15:53.178+0000] {processor.py:830} INFO - Processing file /home/airflow/.local/lib/python3.12/site-packages/airflow/example_dags/example_nested_branch_dag.py for tasks to queue
[2025-07-23T08:15:53.204+0000] {logging_mixin.py:188} INFO - [2025-07-23T08:15:53.203+0000] {dagbag.py:545} INFO - Filling up the DagBag from /home/airflow/.local/lib/python3.12/site-packages/airflow/example_dags/example_nested_branch_dag.py
[2025-07-23T08:15:53.248+0000] {processor.py:840} INFO - DAG(s) 'example_nested_branch_dag' retrieved from /home/airflow/.local/lib/python3.12/site-packages/airflow/example_dags/example_nested_branch_dag.py
[2025-07-23T08:15:53.481+0000] {logging_mixin.py:188} INFO - [2025-07-23T08:15:53.480+0000] {dag.py:3096} INFO - Sync 1 DAGs
[2025-07-23T08:15:53.681+0000] {logging_mixin.py:188} INFO - [2025-07-23T08:15:53.681+0000] {dag.py:3954} INFO - Setting next_dagrun for example_nested_branch_dag to 2025-07-22 00:00:00+00:00, run_after=2025-07-23 00:00:00+00:00
[2025-07-23T08:15:54.001+0000] {processor.py:183} INFO - Processing /home/airflow/.local/lib/python3.12/site-packages/airflow/example_dags/example_nested_branch_dag.py took 0.864 seconds
[2025-07-23T08:16:24.716+0000] {processor.py:161} INFO - Started process (PID=348) to work on /home/airflow/.local/lib/python3.12/site-packages/airflow/example_dags/example_nested_branch_dag.py
[2025-07-23T08:16:24.738+0000] {processor.py:830} INFO - Processing file /home/airflow/.local/lib/python3.12/site-packages/airflow/example_dags/example_nested_branch_dag.py for tasks to queue
[2025-07-23T08:16:24.750+0000] {logging_mixin.py:188} INFO - [2025-07-23T08:16:24.748+0000] {dagbag.py:545} INFO - Filling up the DagBag from /home/airflow/.local/lib/python3.12/site-packages/airflow/example_dags/example_nested_branch_dag.py
[2025-07-23T08:16:24.785+0000] {processor.py:840} INFO - DAG(s) 'example_nested_branch_dag' retrieved from /home/airflow/.local/lib/python3.12/site-packages/airflow/example_dags/example_nested_branch_dag.py
[2025-07-23T08:16:24.872+0000] {logging_mixin.py:188} INFO - [2025-07-23T08:16:24.871+0000] {dag.py:3096} INFO - Sync 1 DAGs
[2025-07-23T08:16:25.007+0000] {logging_mixin.py:188} INFO - [2025-07-23T08:16:25.007+0000] {dag.py:3954} INFO - Setting next_dagrun for example_nested_branch_dag to 2025-07-22 00:00:00+00:00, run_after=2025-07-23 00:00:00+00:00
[2025-07-23T08:16:25.124+0000] {processor.py:183} INFO - Processing /home/airflow/.local/lib/python3.12/site-packages/airflow/example_dags/example_nested_branch_dag.py took 0.433 seconds
[2025-07-23T08:16:55.786+0000] {processor.py:161} INFO - Started process (PID=406) to work on /home/airflow/.local/lib/python3.12/site-packages/airflow/example_dags/example_nested_branch_dag.py
[2025-07-23T08:16:55.792+0000] {processor.py:830} INFO - Processing file /home/airflow/.local/lib/python3.12/site-packages/airflow/example_dags/example_nested_branch_dag.py for tasks to queue
[2025-07-23T08:16:55.797+0000] {logging_mixin.py:188} INFO - [2025-07-23T08:16:55.797+0000] {dagbag.py:545} INFO - Filling up the DagBag from /home/airflow/.local/lib/python3.12/site-packages/airflow/example_dags/example_nested_branch_dag.py
[2025-07-23T08:16:55.834+0000] {processor.py:840} INFO - DAG(s) 'example_nested_branch_dag' retrieved from /home/airflow/.local/lib/python3.12/site-packages/airflow/example_dags/example_nested_branch_dag.py
[2025-07-23T08:16:55.924+0000] {logging_mixin.py:188} INFO - [2025-07-23T08:16:55.924+0000] {dag.py:3096} INFO - Sync 1 DAGs
[2025-07-23T08:16:55.965+0000] {logging_mixin.py:188} INFO - [2025-07-23T08:16:55.965+0000] {dag.py:3954} INFO - Setting next_dagrun for example_nested_branch_dag to 2025-07-22 00:00:00+00:00, run_after=2025-07-23 00:00:00+00:00
[2025-07-23T08:16:56.015+0000] {processor.py:183} INFO - Processing /home/airflow/.local/lib/python3.12/site-packages/airflow/example_dags/example_nested_branch_dag.py took 0.251 seconds
[2025-07-23T08:17:26.796+0000] {processor.py:161} INFO - Started process (PID=463) to work on /home/airflow/.local/lib/python3.12/site-packages/airflow/example_dags/example_nested_branch_dag.py
[2025-07-23T08:17:26.809+0000] {processor.py:830} INFO - Processing file /home/airflow/.local/lib/python3.12/site-packages/airflow/example_dags/example_nested_branch_dag.py for tasks to queue
[2025-07-23T08:17:26.812+0000] {logging_mixin.py:188} INFO - [2025-07-23T08:17:26.812+0000] {dagbag.py:545} INFO - Filling up the DagBag from /home/airflow/.local/lib/python3.12/site-packages/airflow/example_dags/example_nested_branch_dag.py
[2025-07-23T08:17:26.853+0000] {processor.py:840} INFO - DAG(s) 'example_nested_branch_dag' retrieved from /home/airflow/.local/lib/python3.12/site-packages/airflow/example_dags/example_nested_branch_dag.py
[2025-07-23T08:17:26.940+0000] {logging_mixin.py:188} INFO - [2025-07-23T08:17:26.939+0000] {dag.py:3096} INFO - Sync 1 DAGs
[2025-07-23T08:17:26.993+0000] {logging_mixin.py:188} INFO - [2025-07-23T08:17:26.992+0000] {dag.py:3954} INFO - Setting next_dagrun for example_nested_branch_dag to 2025-07-22 00:00:00+00:00, run_after=2025-07-23 00:00:00+00:00
[2025-07-23T08:17:27.043+0000] {processor.py:183} INFO - Processing /home/airflow/.local/lib/python3.12/site-packages/airflow/example_dags/example_nested_branch_dag.py took 0.267 seconds
[2025-07-23T08:17:58.373+0000] {processor.py:161} INFO - Started process (PID=521) to work on /home/airflow/.local/lib/python3.12/site-packages/airflow/example_dags/example_nested_branch_dag.py
[2025-07-23T08:17:58.388+0000] {processor.py:830} INFO - Processing file /home/airflow/.local/lib/python3.12/site-packages/airflow/example_dags/example_nested_branch_dag.py for tasks to queue
[2025-07-23T08:17:58.395+0000] {logging_mixin.py:188} INFO - [2025-07-23T08:17:58.395+0000] {dagbag.py:545} INFO - Filling up the DagBag from /home/airflow/.local/lib/python3.12/site-packages/airflow/example_dags/example_nested_branch_dag.py
[2025-07-23T08:17:58.454+0000] {processor.py:840} INFO - DAG(s) 'example_nested_branch_dag' retrieved from /home/airflow/.local/lib/python3.12/site-packages/airflow/example_dags/example_nested_branch_dag.py
[2025-07-23T08:17:58.619+0000] {logging_mixin.py:188} INFO - [2025-07-23T08:17:58.619+0000] {dag.py:3096} INFO - Sync 1 DAGs
[2025-07-23T08:17:58.874+0000] {logging_mixin.py:188} INFO - [2025-07-23T08:17:58.873+0000] {dag.py:3954} INFO - Setting next_dagrun for example_nested_branch_dag to 2025-07-22 00:00:00+00:00, run_after=2025-07-23 00:00:00+00:00
[2025-07-23T08:17:59.000+0000] {processor.py:183} INFO - Processing /home/airflow/.local/lib/python3.12/site-packages/airflow/example_dags/example_nested_branch_dag.py took 0.669 seconds
[2025-07-23T08:18:29.345+0000] {processor.py:161} INFO - Started process (PID=579) to work on /home/airflow/.local/lib/python3.12/site-packages/airflow/example_dags/example_nested_branch_dag.py
[2025-07-23T08:18:29.363+0000] {processor.py:830} INFO - Processing file /home/airflow/.local/lib/python3.12/site-packages/airflow/example_dags/example_nested_branch_dag.py for tasks to queue
[2025-07-23T08:18:29.366+0000] {logging_mixin.py:188} INFO - [2025-07-23T08:18:29.366+0000] {dagbag.py:545} INFO - Filling up the DagBag from /home/airflow/.local/lib/python3.12/site-packages/airflow/example_dags/example_nested_branch_dag.py
[2025-07-23T08:18:29.403+0000] {processor.py:840} INFO - DAG(s) 'example_nested_branch_dag' retrieved from /home/airflow/.local/lib/python3.12/site-packages/airflow/example_dags/example_nested_branch_dag.py
[2025-07-23T08:18:29.486+0000] {logging_mixin.py:188} INFO - [2025-07-23T08:18:29.486+0000] {dag.py:3096} INFO - Sync 1 DAGs
[2025-07-23T08:18:29.588+0000] {logging_mixin.py:188} INFO - [2025-07-23T08:18:29.587+0000] {dag.py:3954} INFO - Setting next_dagrun for example_nested_branch_dag to 2025-07-22 00:00:00+00:00, run_after=2025-07-23 00:00:00+00:00
[2025-07-23T08:18:29.684+0000] {processor.py:183} INFO - Processing /home/airflow/.local/lib/python3.12/site-packages/airflow/example_dags/example_nested_branch_dag.py took 0.351 seconds
[2025-07-23T08:19:00.525+0000] {processor.py:161} INFO - Started process (PID=637) to work on /home/airflow/.local/lib/python3.12/site-packages/airflow/example_dags/example_nested_branch_dag.py
[2025-07-23T08:19:00.527+0000] {processor.py:830} INFO - Processing file /home/airflow/.local/lib/python3.12/site-packages/airflow/example_dags/example_nested_branch_dag.py for tasks to queue
[2025-07-23T08:19:00.531+0000] {logging_mixin.py:188} INFO - [2025-07-23T08:19:00.530+0000] {dagbag.py:545} INFO - Filling up the DagBag from /home/airflow/.local/lib/python3.12/site-packages/airflow/example_dags/example_nested_branch_dag.py
[2025-07-23T08:19:00.561+0000] {processor.py:840} INFO - DAG(s) 'example_nested_branch_dag' retrieved from /home/airflow/.local/lib/python3.12/site-packages/airflow/example_dags/example_nested_branch_dag.py
[2025-07-23T08:19:00.615+0000] {logging_mixin.py:188} INFO - [2025-07-23T08:19:00.615+0000] {dag.py:3096} INFO - Sync 1 DAGs
[2025-07-23T08:19:00.682+0000] {logging_mixin.py:188} INFO - [2025-07-23T08:19:00.682+0000] {dag.py:3954} INFO - Setting next_dagrun for example_nested_branch_dag to 2025-07-22 00:00:00+00:00, run_after=2025-07-23 00:00:00+00:00
[2025-07-23T08:19:00.763+0000] {processor.py:183} INFO - Processing /home/airflow/.local/lib/python3.12/site-packages/airflow/example_dags/example_nested_branch_dag.py took 0.258 seconds
[2025-07-23T08:19:32.062+0000] {processor.py:161} INFO - Started process (PID=695) to work on /home/airflow/.local/lib/python3.12/site-packages/airflow/example_dags/example_nested_branch_dag.py
[2025-07-23T08:19:32.071+0000] {processor.py:830} INFO - Processing file /home/airflow/.local/lib/python3.12/site-packages/airflow/example_dags/example_nested_branch_dag.py for tasks to queue
[2025-07-23T08:19:32.087+0000] {logging_mixin.py:188} INFO - [2025-07-23T08:19:32.081+0000] {dagbag.py:545} INFO - Filling up the DagBag from /home/airflow/.local/lib/python3.12/site-packages/airflow/example_dags/example_nested_branch_dag.py
[2025-07-23T08:19:32.166+0000] {processor.py:840} INFO - DAG(s) 'example_nested_branch_dag' retrieved from /home/airflow/.local/lib/python3.12/site-packages/airflow/example_dags/example_nested_branch_dag.py
[2025-07-23T08:19:32.391+0000] {logging_mixin.py:188} INFO - [2025-07-23T08:19:32.390+0000] {dag.py:3096} INFO - Sync 1 DAGs
[2025-07-23T08:19:32.636+0000] {logging_mixin.py:188} INFO - [2025-07-23T08:19:32.636+0000] {dag.py:3954} INFO - Setting next_dagrun for example_nested_branch_dag to 2025-07-22 00:00:00+00:00, run_after=2025-07-23 00:00:00+00:00
[2025-07-23T08:19:32.805+0000] {processor.py:183} INFO - Processing /home/airflow/.local/lib/python3.12/site-packages/airflow/example_dags/example_nested_branch_dag.py took 0.782 seconds
[2025-07-23T08:20:04.428+0000] {processor.py:161} INFO - Started process (PID=753) to work on /home/airflow/.local/lib/python3.12/site-packages/airflow/example_dags/example_nested_branch_dag.py
[2025-07-23T08:20:04.465+0000] {processor.py:830} INFO - Processing file /home/airflow/.local/lib/python3.12/site-packages/airflow/example_dags/example_nested_branch_dag.py for tasks to queue
[2025-07-23T08:20:04.469+0000] {logging_mixin.py:188} INFO - [2025-07-23T08:20:04.468+0000] {dagbag.py:545} INFO - Filling up the DagBag from /home/airflow/.local/lib/python3.12/site-packages/airflow/example_dags/example_nested_branch_dag.py
[2025-07-23T08:20:04.579+0000] {processor.py:840} INFO - DAG(s) 'example_nested_branch_dag' retrieved from /home/airflow/.local/lib/python3.12/site-packages/airflow/example_dags/example_nested_branch_dag.py
[2025-07-23T08:20:04.690+0000] {logging_mixin.py:188} INFO - [2025-07-23T08:20:04.689+0000] {dag.py:3096} INFO - Sync 1 DAGs
[2025-07-23T08:20:04.965+0000] {logging_mixin.py:188} INFO - [2025-07-23T08:20:04.964+0000] {dag.py:3954} INFO - Setting next_dagrun for example_nested_branch_dag to 2025-07-22 00:00:00+00:00, run_after=2025-07-23 00:00:00+00:00
[2025-07-23T08:20:05.093+0000] {processor.py:183} INFO - Processing /home/airflow/.local/lib/python3.12/site-packages/airflow/example_dags/example_nested_branch_dag.py took 0.689 seconds
[2025-07-23T08:20:43.874+0000] {processor.py:161} INFO - Started process (PID=813) to work on /home/airflow/.local/lib/python3.12/site-packages/airflow/example_dags/example_nested_branch_dag.py
[2025-07-23T08:20:43.881+0000] {processor.py:830} INFO - Processing file /home/airflow/.local/lib/python3.12/site-packages/airflow/example_dags/example_nested_branch_dag.py for tasks to queue
[2025-07-23T08:20:43.890+0000] {logging_mixin.py:188} INFO - [2025-07-23T08:20:43.889+0000] {dagbag.py:545} INFO - Filling up the DagBag from /home/airflow/.local/lib/python3.12/site-packages/airflow/example_dags/example_nested_branch_dag.py
[2025-07-23T08:20:43.938+0000] {processor.py:840} INFO - DAG(s) 'example_nested_branch_dag' retrieved from /home/airflow/.local/lib/python3.12/site-packages/airflow/example_dags/example_nested_branch_dag.py
[2025-07-23T08:20:44.682+0000] {logging_mixin.py:188} INFO - [2025-07-23T08:20:44.682+0000] {dag.py:3096} INFO - Sync 1 DAGs
[2025-07-23T08:20:44.816+0000] {logging_mixin.py:188} INFO - [2025-07-23T08:20:44.816+0000] {dag.py:3954} INFO - Setting next_dagrun for example_nested_branch_dag to 2025-07-22 00:00:00+00:00, run_after=2025-07-23 00:00:00+00:00
[2025-07-23T08:20:44.951+0000] {processor.py:183} INFO - Processing /home/airflow/.local/lib/python3.12/site-packages/airflow/example_dags/example_nested_branch_dag.py took 1.113 seconds
[2025-07-23T08:21:15.753+0000] {processor.py:161} INFO - Started process (PID=871) to work on /home/airflow/.local/lib/python3.12/site-packages/airflow/example_dags/example_nested_branch_dag.py
[2025-07-23T08:21:15.755+0000] {processor.py:830} INFO - Processing file /home/airflow/.local/lib/python3.12/site-packages/airflow/example_dags/example_nested_branch_dag.py for tasks to queue
[2025-07-23T08:21:15.770+0000] {logging_mixin.py:188} INFO - [2025-07-23T08:21:15.769+0000] {dagbag.py:545} INFO - Filling up the DagBag from /home/airflow/.local/lib/python3.12/site-packages/airflow/example_dags/example_nested_branch_dag.py
[2025-07-23T08:21:15.853+0000] {processor.py:840} INFO - DAG(s) 'example_nested_branch_dag' retrieved from /home/airflow/.local/lib/python3.12/site-packages/airflow/example_dags/example_nested_branch_dag.py
[2025-07-23T08:21:16.001+0000] {logging_mixin.py:188} INFO - [2025-07-23T08:21:16.000+0000] {dag.py:3096} INFO - Sync 1 DAGs
[2025-07-23T08:21:16.102+0000] {logging_mixin.py:188} INFO - [2025-07-23T08:21:16.102+0000] {dag.py:3954} INFO - Setting next_dagrun for example_nested_branch_dag to 2025-07-22 00:00:00+00:00, run_after=2025-07-23 00:00:00+00:00
[2025-07-23T08:21:16.217+0000] {processor.py:183} INFO - Processing /home/airflow/.local/lib/python3.12/site-packages/airflow/example_dags/example_nested_branch_dag.py took 0.518 seconds
[2025-07-23T08:21:51.231+0000] {processor.py:161} INFO - Started process (PID=932) to work on /home/airflow/.local/lib/python3.12/site-packages/airflow/example_dags/example_nested_branch_dag.py
[2025-07-23T08:21:51.233+0000] {processor.py:830} INFO - Processing file /home/airflow/.local/lib/python3.12/site-packages/airflow/example_dags/example_nested_branch_dag.py for tasks to queue
[2025-07-23T08:21:51.236+0000] {logging_mixin.py:188} INFO - [2025-07-23T08:21:51.236+0000] {dagbag.py:545} INFO - Filling up the DagBag from /home/airflow/.local/lib/python3.12/site-packages/airflow/example_dags/example_nested_branch_dag.py
[2025-07-23T08:21:51.303+0000] {processor.py:840} INFO - DAG(s) 'example_nested_branch_dag' retrieved from /home/airflow/.local/lib/python3.12/site-packages/airflow/example_dags/example_nested_branch_dag.py
[2025-07-23T08:21:51.433+0000] {logging_mixin.py:188} INFO - [2025-07-23T08:21:51.432+0000] {dag.py:3096} INFO - Sync 1 DAGs
[2025-07-23T08:21:51.546+0000] {logging_mixin.py:188} INFO - [2025-07-23T08:21:51.545+0000] {dag.py:3954} INFO - Setting next_dagrun for example_nested_branch_dag to 2025-07-22 00:00:00+00:00, run_after=2025-07-23 00:00:00+00:00
[2025-07-23T08:21:51.695+0000] {processor.py:183} INFO - Processing /home/airflow/.local/lib/python3.12/site-packages/airflow/example_dags/example_nested_branch_dag.py took 0.516 seconds
[2025-07-23T08:22:24.236+0000] {processor.py:161} INFO - Started process (PID=990) to work on /home/airflow/.local/lib/python3.12/site-packages/airflow/example_dags/example_nested_branch_dag.py
[2025-07-23T08:22:24.249+0000] {processor.py:830} INFO - Processing file /home/airflow/.local/lib/python3.12/site-packages/airflow/example_dags/example_nested_branch_dag.py for tasks to queue
[2025-07-23T08:22:24.257+0000] {logging_mixin.py:188} INFO - [2025-07-23T08:22:24.257+0000] {dagbag.py:545} INFO - Filling up the DagBag from /home/airflow/.local/lib/python3.12/site-packages/airflow/example_dags/example_nested_branch_dag.py
[2025-07-23T08:22:24.370+0000] {processor.py:840} INFO - DAG(s) 'example_nested_branch_dag' retrieved from /home/airflow/.local/lib/python3.12/site-packages/airflow/example_dags/example_nested_branch_dag.py
[2025-07-23T08:22:24.530+0000] {logging_mixin.py:188} INFO - [2025-07-23T08:22:24.529+0000] {dag.py:3096} INFO - Sync 1 DAGs
[2025-07-23T08:22:24.697+0000] {logging_mixin.py:188} INFO - [2025-07-23T08:22:24.697+0000] {dag.py:3954} INFO - Setting next_dagrun for example_nested_branch_dag to 2025-07-22 00:00:00+00:00, run_after=2025-07-23 00:00:00+00:00
[2025-07-23T08:22:24.853+0000] {processor.py:183} INFO - Processing /home/airflow/.local/lib/python3.12/site-packages/airflow/example_dags/example_nested_branch_dag.py took 0.701 seconds
[2025-07-23T08:22:58.331+0000] {processor.py:161} INFO - Started process (PID=1055) to work on /home/airflow/.local/lib/python3.12/site-packages/airflow/example_dags/example_nested_branch_dag.py
[2025-07-23T08:22:58.337+0000] {processor.py:830} INFO - Processing file /home/airflow/.local/lib/python3.12/site-packages/airflow/example_dags/example_nested_branch_dag.py for tasks to queue
[2025-07-23T08:22:58.340+0000] {logging_mixin.py:188} INFO - [2025-07-23T08:22:58.339+0000] {dagbag.py:545} INFO - Filling up the DagBag from /home/airflow/.local/lib/python3.12/site-packages/airflow/example_dags/example_nested_branch_dag.py
[2025-07-23T08:22:58.417+0000] {processor.py:840} INFO - DAG(s) 'example_nested_branch_dag' retrieved from /home/airflow/.local/lib/python3.12/site-packages/airflow/example_dags/example_nested_branch_dag.py
[2025-07-23T08:22:58.578+0000] {logging_mixin.py:188} INFO - [2025-07-23T08:22:58.577+0000] {dag.py:3096} INFO - Sync 1 DAGs
[2025-07-23T08:22:58.683+0000] {logging_mixin.py:188} INFO - [2025-07-23T08:22:58.682+0000] {dag.py:3954} INFO - Setting next_dagrun for example_nested_branch_dag to 2025-07-22 00:00:00+00:00, run_after=2025-07-23 00:00:00+00:00
[2025-07-23T08:22:58.841+0000] {processor.py:183} INFO - Processing /home/airflow/.local/lib/python3.12/site-packages/airflow/example_dags/example_nested_branch_dag.py took 0.555 seconds
[2025-07-23T08:23:52.094+0000] {processor.py:161} INFO - Started process (PID=1127) to work on /home/airflow/.local/lib/python3.12/site-packages/airflow/example_dags/example_nested_branch_dag.py
[2025-07-23T08:23:52.098+0000] {processor.py:830} INFO - Processing file /home/airflow/.local/lib/python3.12/site-packages/airflow/example_dags/example_nested_branch_dag.py for tasks to queue
[2025-07-23T08:23:52.107+0000] {logging_mixin.py:188} INFO - [2025-07-23T08:23:52.102+0000] {dagbag.py:545} INFO - Filling up the DagBag from /home/airflow/.local/lib/python3.12/site-packages/airflow/example_dags/example_nested_branch_dag.py
[2025-07-23T08:23:52.161+0000] {processor.py:840} INFO - DAG(s) 'example_nested_branch_dag' retrieved from /home/airflow/.local/lib/python3.12/site-packages/airflow/example_dags/example_nested_branch_dag.py
[2025-07-23T08:23:52.269+0000] {logging_mixin.py:188} INFO - [2025-07-23T08:23:52.269+0000] {dag.py:3096} INFO - Sync 1 DAGs
[2025-07-23T08:23:52.487+0000] {logging_mixin.py:188} INFO - [2025-07-23T08:23:52.487+0000] {dag.py:3954} INFO - Setting next_dagrun for example_nested_branch_dag to 2025-07-22 00:00:00+00:00, run_after=2025-07-23 00:00:00+00:00
[2025-07-23T08:23:52.681+0000] {processor.py:183} INFO - Processing /home/airflow/.local/lib/python3.12/site-packages/airflow/example_dags/example_nested_branch_dag.py took 0.621 seconds
[2025-07-23T08:24:24.263+0000] {processor.py:161} INFO - Started process (PID=1186) to work on /home/airflow/.local/lib/python3.12/site-packages/airflow/example_dags/example_nested_branch_dag.py
[2025-07-23T08:24:24.265+0000] {processor.py:830} INFO - Processing file /home/airflow/.local/lib/python3.12/site-packages/airflow/example_dags/example_nested_branch_dag.py for tasks to queue
[2025-07-23T08:24:24.279+0000] {logging_mixin.py:188} INFO - [2025-07-23T08:24:24.279+0000] {dagbag.py:545} INFO - Filling up the DagBag from /home/airflow/.local/lib/python3.12/site-packages/airflow/example_dags/example_nested_branch_dag.py
[2025-07-23T08:24:24.388+0000] {processor.py:840} INFO - DAG(s) 'example_nested_branch_dag' retrieved from /home/airflow/.local/lib/python3.12/site-packages/airflow/example_dags/example_nested_branch_dag.py
[2025-07-23T08:24:24.541+0000] {logging_mixin.py:188} INFO - [2025-07-23T08:24:24.540+0000] {dag.py:3096} INFO - Sync 1 DAGs
[2025-07-23T08:24:24.645+0000] {logging_mixin.py:188} INFO - [2025-07-23T08:24:24.645+0000] {dag.py:3954} INFO - Setting next_dagrun for example_nested_branch_dag to 2025-07-22 00:00:00+00:00, run_after=2025-07-23 00:00:00+00:00
[2025-07-23T08:24:24.728+0000] {processor.py:183} INFO - Processing /home/airflow/.local/lib/python3.12/site-packages/airflow/example_dags/example_nested_branch_dag.py took 0.496 seconds
[2025-07-23T08:24:55.346+0000] {processor.py:161} INFO - Started process (PID=1243) to work on /home/airflow/.local/lib/python3.12/site-packages/airflow/example_dags/example_nested_branch_dag.py
[2025-07-23T08:24:55.361+0000] {processor.py:830} INFO - Processing file /home/airflow/.local/lib/python3.12/site-packages/airflow/example_dags/example_nested_branch_dag.py for tasks to queue
[2025-07-23T08:24:55.366+0000] {logging_mixin.py:188} INFO - [2025-07-23T08:24:55.365+0000] {dagbag.py:545} INFO - Filling up the DagBag from /home/airflow/.local/lib/python3.12/site-packages/airflow/example_dags/example_nested_branch_dag.py
[2025-07-23T08:24:55.410+0000] {processor.py:840} INFO - DAG(s) 'example_nested_branch_dag' retrieved from /home/airflow/.local/lib/python3.12/site-packages/airflow/example_dags/example_nested_branch_dag.py
[2025-07-23T08:24:55.486+0000] {logging_mixin.py:188} INFO - [2025-07-23T08:24:55.486+0000] {dag.py:3096} INFO - Sync 1 DAGs
[2025-07-23T08:24:55.607+0000] {logging_mixin.py:188} INFO - [2025-07-23T08:24:55.607+0000] {dag.py:3954} INFO - Setting next_dagrun for example_nested_branch_dag to 2025-07-22 00:00:00+00:00, run_after=2025-07-23 00:00:00+00:00
[2025-07-23T08:24:55.680+0000] {processor.py:183} INFO - Processing /home/airflow/.local/lib/python3.12/site-packages/airflow/example_dags/example_nested_branch_dag.py took 0.369 seconds
[2025-07-23T08:25:27.304+0000] {processor.py:161} INFO - Started process (PID=1301) to work on /home/airflow/.local/lib/python3.12/site-packages/airflow/example_dags/example_nested_branch_dag.py
[2025-07-23T08:25:27.308+0000] {processor.py:830} INFO - Processing file /home/airflow/.local/lib/python3.12/site-packages/airflow/example_dags/example_nested_branch_dag.py for tasks to queue
[2025-07-23T08:25:27.324+0000] {logging_mixin.py:188} INFO - [2025-07-23T08:25:27.323+0000] {dagbag.py:545} INFO - Filling up the DagBag from /home/airflow/.local/lib/python3.12/site-packages/airflow/example_dags/example_nested_branch_dag.py
[2025-07-23T08:25:27.416+0000] {processor.py:840} INFO - DAG(s) 'example_nested_branch_dag' retrieved from /home/airflow/.local/lib/python3.12/site-packages/airflow/example_dags/example_nested_branch_dag.py
[2025-07-23T08:25:27.639+0000] {logging_mixin.py:188} INFO - [2025-07-23T08:25:27.638+0000] {dag.py:3096} INFO - Sync 1 DAGs
[2025-07-23T08:25:27.755+0000] {logging_mixin.py:188} INFO - [2025-07-23T08:25:27.755+0000] {dag.py:3954} INFO - Setting next_dagrun for example_nested_branch_dag to 2025-07-22 00:00:00+00:00, run_after=2025-07-23 00:00:00+00:00
[2025-07-23T08:25:27.973+0000] {processor.py:183} INFO - Processing /home/airflow/.local/lib/python3.12/site-packages/airflow/example_dags/example_nested_branch_dag.py took 0.714 seconds
[2025-07-23T08:25:58.560+0000] {processor.py:161} INFO - Started process (PID=1359) to work on /home/airflow/.local/lib/python3.12/site-packages/airflow/example_dags/example_nested_branch_dag.py
[2025-07-23T08:25:58.572+0000] {processor.py:830} INFO - Processing file /home/airflow/.local/lib/python3.12/site-packages/airflow/example_dags/example_nested_branch_dag.py for tasks to queue
[2025-07-23T08:25:58.575+0000] {logging_mixin.py:188} INFO - [2025-07-23T08:25:58.575+0000] {dagbag.py:545} INFO - Filling up the DagBag from /home/airflow/.local/lib/python3.12/site-packages/airflow/example_dags/example_nested_branch_dag.py
[2025-07-23T08:25:58.637+0000] {processor.py:840} INFO - DAG(s) 'example_nested_branch_dag' retrieved from /home/airflow/.local/lib/python3.12/site-packages/airflow/example_dags/example_nested_branch_dag.py
[2025-07-23T08:25:58.745+0000] {logging_mixin.py:188} INFO - [2025-07-23T08:25:58.745+0000] {dag.py:3096} INFO - Sync 1 DAGs
[2025-07-23T08:25:58.866+0000] {logging_mixin.py:188} INFO - [2025-07-23T08:25:58.865+0000] {dag.py:3954} INFO - Setting next_dagrun for example_nested_branch_dag to 2025-07-22 00:00:00+00:00, run_after=2025-07-23 00:00:00+00:00
[2025-07-23T08:25:58.965+0000] {processor.py:183} INFO - Processing /home/airflow/.local/lib/python3.12/site-packages/airflow/example_dags/example_nested_branch_dag.py took 0.427 seconds
[2025-07-23T08:26:29.544+0000] {processor.py:161} INFO - Started process (PID=1416) to work on /home/airflow/.local/lib/python3.12/site-packages/airflow/example_dags/example_nested_branch_dag.py
[2025-07-23T08:26:29.548+0000] {processor.py:830} INFO - Processing file /home/airflow/.local/lib/python3.12/site-packages/airflow/example_dags/example_nested_branch_dag.py for tasks to queue
[2025-07-23T08:26:29.553+0000] {logging_mixin.py:188} INFO - [2025-07-23T08:26:29.552+0000] {dagbag.py:545} INFO - Filling up the DagBag from /home/airflow/.local/lib/python3.12/site-packages/airflow/example_dags/example_nested_branch_dag.py
[2025-07-23T08:26:29.579+0000] {processor.py:840} INFO - DAG(s) 'example_nested_branch_dag' retrieved from /home/airflow/.local/lib/python3.12/site-packages/airflow/example_dags/example_nested_branch_dag.py
[2025-07-23T08:26:29.652+0000] {logging_mixin.py:188} INFO - [2025-07-23T08:26:29.651+0000] {dag.py:3096} INFO - Sync 1 DAGs
[2025-07-23T08:26:29.735+0000] {logging_mixin.py:188} INFO - [2025-07-23T08:26:29.734+0000] {dag.py:3954} INFO - Setting next_dagrun for example_nested_branch_dag to 2025-07-22 00:00:00+00:00, run_after=2025-07-23 00:00:00+00:00
[2025-07-23T08:26:29.817+0000] {processor.py:183} INFO - Processing /home/airflow/.local/lib/python3.12/site-packages/airflow/example_dags/example_nested_branch_dag.py took 0.292 seconds
[2025-07-23T08:27:00.149+0000] {processor.py:161} INFO - Started process (PID=1474) to work on /home/airflow/.local/lib/python3.12/site-packages/airflow/example_dags/example_nested_branch_dag.py
[2025-07-23T08:27:00.151+0000] {processor.py:830} INFO - Processing file /home/airflow/.local/lib/python3.12/site-packages/airflow/example_dags/example_nested_branch_dag.py for tasks to queue
[2025-07-23T08:27:00.155+0000] {logging_mixin.py:188} INFO - [2025-07-23T08:27:00.154+0000] {dagbag.py:545} INFO - Filling up the DagBag from /home/airflow/.local/lib/python3.12/site-packages/airflow/example_dags/example_nested_branch_dag.py
[2025-07-23T08:27:00.177+0000] {processor.py:840} INFO - DAG(s) 'example_nested_branch_dag' retrieved from /home/airflow/.local/lib/python3.12/site-packages/airflow/example_dags/example_nested_branch_dag.py
[2025-07-23T08:27:00.222+0000] {logging_mixin.py:188} INFO - [2025-07-23T08:27:00.222+0000] {dag.py:3096} INFO - Sync 1 DAGs
[2025-07-23T08:27:00.280+0000] {logging_mixin.py:188} INFO - [2025-07-23T08:27:00.279+0000] {dag.py:3954} INFO - Setting next_dagrun for example_nested_branch_dag to 2025-07-22 00:00:00+00:00, run_after=2025-07-23 00:00:00+00:00
[2025-07-23T08:27:00.365+0000] {processor.py:183} INFO - Processing /home/airflow/.local/lib/python3.12/site-packages/airflow/example_dags/example_nested_branch_dag.py took 0.228 seconds
[2025-07-23T08:27:47.052+0000] {processor.py:161} INFO - Started process (PID=1541) to work on /home/airflow/.local/lib/python3.12/site-packages/airflow/example_dags/example_nested_branch_dag.py
[2025-07-23T08:27:47.057+0000] {processor.py:830} INFO - Processing file /home/airflow/.local/lib/python3.12/site-packages/airflow/example_dags/example_nested_branch_dag.py for tasks to queue
[2025-07-23T08:27:47.076+0000] {logging_mixin.py:188} INFO - [2025-07-23T08:27:47.071+0000] {dagbag.py:545} INFO - Filling up the DagBag from /home/airflow/.local/lib/python3.12/site-packages/airflow/example_dags/example_nested_branch_dag.py
[2025-07-23T08:27:47.130+0000] {processor.py:840} INFO - DAG(s) 'example_nested_branch_dag' retrieved from /home/airflow/.local/lib/python3.12/site-packages/airflow/example_dags/example_nested_branch_dag.py
[2025-07-23T08:27:47.244+0000] {logging_mixin.py:188} INFO - [2025-07-23T08:27:47.243+0000] {dag.py:3096} INFO - Sync 1 DAGs
[2025-07-23T08:27:47.394+0000] {logging_mixin.py:188} INFO - [2025-07-23T08:27:47.394+0000] {dag.py:3954} INFO - Setting next_dagrun for example_nested_branch_dag to 2025-07-22 00:00:00+00:00, run_after=2025-07-23 00:00:00+00:00
[2025-07-23T08:27:47.594+0000] {processor.py:183} INFO - Processing /home/airflow/.local/lib/python3.12/site-packages/airflow/example_dags/example_nested_branch_dag.py took 0.602 seconds
[2025-07-23T08:28:18.077+0000] {processor.py:161} INFO - Started process (PID=1599) to work on /home/airflow/.local/lib/python3.12/site-packages/airflow/example_dags/example_nested_branch_dag.py
[2025-07-23T08:28:18.079+0000] {processor.py:830} INFO - Processing file /home/airflow/.local/lib/python3.12/site-packages/airflow/example_dags/example_nested_branch_dag.py for tasks to queue
[2025-07-23T08:28:18.083+0000] {logging_mixin.py:188} INFO - [2025-07-23T08:28:18.082+0000] {dagbag.py:545} INFO - Filling up the DagBag from /home/airflow/.local/lib/python3.12/site-packages/airflow/example_dags/example_nested_branch_dag.py
[2025-07-23T08:28:18.105+0000] {processor.py:840} INFO - DAG(s) 'example_nested_branch_dag' retrieved from /home/airflow/.local/lib/python3.12/site-packages/airflow/example_dags/example_nested_branch_dag.py
[2025-07-23T08:28:18.155+0000] {logging_mixin.py:188} INFO - [2025-07-23T08:28:18.155+0000] {dag.py:3096} INFO - Sync 1 DAGs
[2025-07-23T08:28:18.213+0000] {logging_mixin.py:188} INFO - [2025-07-23T08:28:18.213+0000] {dag.py:3954} INFO - Setting next_dagrun for example_nested_branch_dag to 2025-07-22 00:00:00+00:00, run_after=2025-07-23 00:00:00+00:00
[2025-07-23T08:28:18.280+0000] {processor.py:183} INFO - Processing /home/airflow/.local/lib/python3.12/site-packages/airflow/example_dags/example_nested_branch_dag.py took 0.220 seconds
[2025-07-23T08:28:49.764+0000] {processor.py:161} INFO - Started process (PID=1659) to work on /home/airflow/.local/lib/python3.12/site-packages/airflow/example_dags/example_nested_branch_dag.py
[2025-07-23T08:28:49.769+0000] {processor.py:830} INFO - Processing file /home/airflow/.local/lib/python3.12/site-packages/airflow/example_dags/example_nested_branch_dag.py for tasks to queue
[2025-07-23T08:28:49.777+0000] {logging_mixin.py:188} INFO - [2025-07-23T08:28:49.776+0000] {dagbag.py:545} INFO - Filling up the DagBag from /home/airflow/.local/lib/python3.12/site-packages/airflow/example_dags/example_nested_branch_dag.py
[2025-07-23T08:28:49.962+0000] {processor.py:840} INFO - DAG(s) 'example_nested_branch_dag' retrieved from /home/airflow/.local/lib/python3.12/site-packages/airflow/example_dags/example_nested_branch_dag.py
[2025-07-23T08:28:50.217+0000] {logging_mixin.py:188} INFO - [2025-07-23T08:28:50.209+0000] {dag.py:3096} INFO - Sync 1 DAGs
[2025-07-23T08:28:50.398+0000] {logging_mixin.py:188} INFO - [2025-07-23T08:28:50.398+0000] {dag.py:3954} INFO - Setting next_dagrun for example_nested_branch_dag to 2025-07-22 00:00:00+00:00, run_after=2025-07-23 00:00:00+00:00
[2025-07-23T08:28:50.591+0000] {processor.py:183} INFO - Processing /home/airflow/.local/lib/python3.12/site-packages/airflow/example_dags/example_nested_branch_dag.py took 0.915 seconds
[2025-07-23T08:29:21.012+0000] {processor.py:161} INFO - Started process (PID=1717) to work on /home/airflow/.local/lib/python3.12/site-packages/airflow/example_dags/example_nested_branch_dag.py
[2025-07-23T08:29:21.016+0000] {processor.py:830} INFO - Processing file /home/airflow/.local/lib/python3.12/site-packages/airflow/example_dags/example_nested_branch_dag.py for tasks to queue
[2025-07-23T08:29:21.030+0000] {logging_mixin.py:188} INFO - [2025-07-23T08:29:21.028+0000] {dagbag.py:545} INFO - Filling up the DagBag from /home/airflow/.local/lib/python3.12/site-packages/airflow/example_dags/example_nested_branch_dag.py
[2025-07-23T08:29:21.106+0000] {processor.py:840} INFO - DAG(s) 'example_nested_branch_dag' retrieved from /home/airflow/.local/lib/python3.12/site-packages/airflow/example_dags/example_nested_branch_dag.py
[2025-07-23T08:29:21.199+0000] {logging_mixin.py:188} INFO - [2025-07-23T08:29:21.198+0000] {dag.py:3096} INFO - Sync 1 DAGs
[2025-07-23T08:29:21.290+0000] {logging_mixin.py:188} INFO - [2025-07-23T08:29:21.290+0000] {dag.py:3954} INFO - Setting next_dagrun for example_nested_branch_dag to 2025-07-22 00:00:00+00:00, run_after=2025-07-23 00:00:00+00:00
[2025-07-23T08:29:21.565+0000] {processor.py:183} INFO - Processing /home/airflow/.local/lib/python3.12/site-packages/airflow/example_dags/example_nested_branch_dag.py took 0.600 seconds
[2025-07-23T08:29:51.865+0000] {processor.py:161} INFO - Started process (PID=1774) to work on /home/airflow/.local/lib/python3.12/site-packages/airflow/example_dags/example_nested_branch_dag.py
[2025-07-23T08:29:51.874+0000] {processor.py:830} INFO - Processing file /home/airflow/.local/lib/python3.12/site-packages/airflow/example_dags/example_nested_branch_dag.py for tasks to queue
[2025-07-23T08:29:51.918+0000] {logging_mixin.py:188} INFO - [2025-07-23T08:29:51.917+0000] {dagbag.py:545} INFO - Filling up the DagBag from /home/airflow/.local/lib/python3.12/site-packages/airflow/example_dags/example_nested_branch_dag.py
[2025-07-23T08:29:51.967+0000] {processor.py:840} INFO - DAG(s) 'example_nested_branch_dag' retrieved from /home/airflow/.local/lib/python3.12/site-packages/airflow/example_dags/example_nested_branch_dag.py
[2025-07-23T08:29:52.069+0000] {logging_mixin.py:188} INFO - [2025-07-23T08:29:52.068+0000] {dag.py:3096} INFO - Sync 1 DAGs
[2025-07-23T08:29:52.185+0000] {logging_mixin.py:188} INFO - [2025-07-23T08:29:52.185+0000] {dag.py:3954} INFO - Setting next_dagrun for example_nested_branch_dag to 2025-07-22 00:00:00+00:00, run_after=2025-07-23 00:00:00+00:00
[2025-07-23T08:29:52.278+0000] {processor.py:183} INFO - Processing /home/airflow/.local/lib/python3.12/site-packages/airflow/example_dags/example_nested_branch_dag.py took 0.465 seconds
[2025-07-23T08:30:23.309+0000] {processor.py:161} INFO - Started process (PID=1832) to work on /home/airflow/.local/lib/python3.12/site-packages/airflow/example_dags/example_nested_branch_dag.py
[2025-07-23T08:30:23.313+0000] {processor.py:830} INFO - Processing file /home/airflow/.local/lib/python3.12/site-packages/airflow/example_dags/example_nested_branch_dag.py for tasks to queue
[2025-07-23T08:30:23.323+0000] {logging_mixin.py:188} INFO - [2025-07-23T08:30:23.322+0000] {dagbag.py:545} INFO - Filling up the DagBag from /home/airflow/.local/lib/python3.12/site-packages/airflow/example_dags/example_nested_branch_dag.py
[2025-07-23T08:30:23.368+0000] {processor.py:840} INFO - DAG(s) 'example_nested_branch_dag' retrieved from /home/airflow/.local/lib/python3.12/site-packages/airflow/example_dags/example_nested_branch_dag.py
[2025-07-23T08:30:23.442+0000] {logging_mixin.py:188} INFO - [2025-07-23T08:30:23.442+0000] {dag.py:3096} INFO - Sync 1 DAGs
[2025-07-23T08:30:23.502+0000] {logging_mixin.py:188} INFO - [2025-07-23T08:30:23.501+0000] {dag.py:3954} INFO - Setting next_dagrun for example_nested_branch_dag to 2025-07-22 00:00:00+00:00, run_after=2025-07-23 00:00:00+00:00
[2025-07-23T08:30:23.550+0000] {processor.py:183} INFO - Processing /home/airflow/.local/lib/python3.12/site-packages/airflow/example_dags/example_nested_branch_dag.py took 0.278 seconds
[2025-07-23T08:30:54.319+0000] {processor.py:161} INFO - Started process (PID=1890) to work on /home/airflow/.local/lib/python3.12/site-packages/airflow/example_dags/example_nested_branch_dag.py
[2025-07-23T08:30:54.324+0000] {processor.py:830} INFO - Processing file /home/airflow/.local/lib/python3.12/site-packages/airflow/example_dags/example_nested_branch_dag.py for tasks to queue
[2025-07-23T08:30:54.328+0000] {logging_mixin.py:188} INFO - [2025-07-23T08:30:54.328+0000] {dagbag.py:545} INFO - Filling up the DagBag from /home/airflow/.local/lib/python3.12/site-packages/airflow/example_dags/example_nested_branch_dag.py
[2025-07-23T08:30:54.368+0000] {processor.py:840} INFO - DAG(s) 'example_nested_branch_dag' retrieved from /home/airflow/.local/lib/python3.12/site-packages/airflow/example_dags/example_nested_branch_dag.py
[2025-07-23T08:30:54.535+0000] {logging_mixin.py:188} INFO - [2025-07-23T08:30:54.532+0000] {dag.py:3096} INFO - Sync 1 DAGs
[2025-07-23T08:30:54.667+0000] {logging_mixin.py:188} INFO - [2025-07-23T08:30:54.666+0000] {dag.py:3954} INFO - Setting next_dagrun for example_nested_branch_dag to 2025-07-22 00:00:00+00:00, run_after=2025-07-23 00:00:00+00:00
[2025-07-23T08:30:54.875+0000] {processor.py:183} INFO - Processing /home/airflow/.local/lib/python3.12/site-packages/airflow/example_dags/example_nested_branch_dag.py took 0.594 seconds
[2025-07-23T08:31:25.047+0000] {processor.py:161} INFO - Started process (PID=1950) to work on /home/airflow/.local/lib/python3.12/site-packages/airflow/example_dags/example_nested_branch_dag.py
[2025-07-23T08:31:25.052+0000] {processor.py:830} INFO - Processing file /home/airflow/.local/lib/python3.12/site-packages/airflow/example_dags/example_nested_branch_dag.py for tasks to queue
[2025-07-23T08:31:25.058+0000] {logging_mixin.py:188} INFO - [2025-07-23T08:31:25.057+0000] {dagbag.py:545} INFO - Filling up the DagBag from /home/airflow/.local/lib/python3.12/site-packages/airflow/example_dags/example_nested_branch_dag.py
[2025-07-23T08:31:25.082+0000] {processor.py:840} INFO - DAG(s) 'example_nested_branch_dag' retrieved from /home/airflow/.local/lib/python3.12/site-packages/airflow/example_dags/example_nested_branch_dag.py
[2025-07-23T08:31:25.159+0000] {logging_mixin.py:188} INFO - [2025-07-23T08:31:25.158+0000] {dag.py:3096} INFO - Sync 1 DAGs
[2025-07-23T08:31:25.279+0000] {logging_mixin.py:188} INFO - [2025-07-23T08:31:25.278+0000] {dag.py:3954} INFO - Setting next_dagrun for example_nested_branch_dag to 2025-07-22 00:00:00+00:00, run_after=2025-07-23 00:00:00+00:00
[2025-07-23T08:31:25.350+0000] {processor.py:183} INFO - Processing /home/airflow/.local/lib/python3.12/site-packages/airflow/example_dags/example_nested_branch_dag.py took 0.325 seconds
[2025-07-23T08:31:56.028+0000] {processor.py:161} INFO - Started process (PID=2008) to work on /home/airflow/.local/lib/python3.12/site-packages/airflow/example_dags/example_nested_branch_dag.py
[2025-07-23T08:31:56.030+0000] {processor.py:830} INFO - Processing file /home/airflow/.local/lib/python3.12/site-packages/airflow/example_dags/example_nested_branch_dag.py for tasks to queue
[2025-07-23T08:31:56.037+0000] {logging_mixin.py:188} INFO - [2025-07-23T08:31:56.036+0000] {dagbag.py:545} INFO - Filling up the DagBag from /home/airflow/.local/lib/python3.12/site-packages/airflow/example_dags/example_nested_branch_dag.py
[2025-07-23T08:31:56.079+0000] {processor.py:840} INFO - DAG(s) 'example_nested_branch_dag' retrieved from /home/airflow/.local/lib/python3.12/site-packages/airflow/example_dags/example_nested_branch_dag.py
[2025-07-23T08:31:56.167+0000] {logging_mixin.py:188} INFO - [2025-07-23T08:31:56.167+0000] {dag.py:3096} INFO - Sync 1 DAGs
[2025-07-23T08:31:56.606+0000] {logging_mixin.py:188} INFO - [2025-07-23T08:31:56.605+0000] {dag.py:3954} INFO - Setting next_dagrun for example_nested_branch_dag to 2025-07-22 00:00:00+00:00, run_after=2025-07-23 00:00:00+00:00
[2025-07-23T08:31:56.686+0000] {processor.py:183} INFO - Processing /home/airflow/.local/lib/python3.12/site-packages/airflow/example_dags/example_nested_branch_dag.py took 0.676 seconds
[2025-07-23T08:35:16.815+0000] {processor.py:161} INFO - Started process (PID=118) to work on /home/airflow/.local/lib/python3.12/site-packages/airflow/example_dags/example_nested_branch_dag.py
[2025-07-23T08:35:16.817+0000] {processor.py:830} INFO - Processing file /home/airflow/.local/lib/python3.12/site-packages/airflow/example_dags/example_nested_branch_dag.py for tasks to queue
[2025-07-23T08:35:16.820+0000] {logging_mixin.py:188} INFO - [2025-07-23T08:35:16.820+0000] {dagbag.py:545} INFO - Filling up the DagBag from /home/airflow/.local/lib/python3.12/site-packages/airflow/example_dags/example_nested_branch_dag.py
[2025-07-23T08:35:16.877+0000] {processor.py:840} INFO - DAG(s) 'example_nested_branch_dag' retrieved from /home/airflow/.local/lib/python3.12/site-packages/airflow/example_dags/example_nested_branch_dag.py
[2025-07-23T08:35:17.169+0000] {logging_mixin.py:188} INFO - [2025-07-23T08:35:17.169+0000] {dag.py:3096} INFO - Sync 1 DAGs
[2025-07-23T08:35:17.216+0000] {logging_mixin.py:188} INFO - [2025-07-23T08:35:17.216+0000] {dag.py:3954} INFO - Setting next_dagrun for example_nested_branch_dag to 2025-07-22 00:00:00+00:00, run_after=2025-07-23 00:00:00+00:00
[2025-07-23T08:35:17.273+0000] {processor.py:183} INFO - Processing /home/airflow/.local/lib/python3.12/site-packages/airflow/example_dags/example_nested_branch_dag.py took 0.491 seconds
[2025-07-23T08:35:50.328+0000] {processor.py:161} INFO - Started process (PID=176) to work on /home/airflow/.local/lib/python3.12/site-packages/airflow/example_dags/example_nested_branch_dag.py
[2025-07-23T08:35:50.337+0000] {processor.py:830} INFO - Processing file /home/airflow/.local/lib/python3.12/site-packages/airflow/example_dags/example_nested_branch_dag.py for tasks to queue
[2025-07-23T08:35:50.353+0000] {logging_mixin.py:188} INFO - [2025-07-23T08:35:50.352+0000] {dagbag.py:545} INFO - Filling up the DagBag from /home/airflow/.local/lib/python3.12/site-packages/airflow/example_dags/example_nested_branch_dag.py
[2025-07-23T08:35:50.417+0000] {processor.py:840} INFO - DAG(s) 'example_nested_branch_dag' retrieved from /home/airflow/.local/lib/python3.12/site-packages/airflow/example_dags/example_nested_branch_dag.py
[2025-07-23T08:35:50.615+0000] {logging_mixin.py:188} INFO - [2025-07-23T08:35:50.615+0000] {dag.py:3096} INFO - Sync 1 DAGs
[2025-07-23T08:35:50.735+0000] {logging_mixin.py:188} INFO - [2025-07-23T08:35:50.734+0000] {dag.py:3954} INFO - Setting next_dagrun for example_nested_branch_dag to 2025-07-22 00:00:00+00:00, run_after=2025-07-23 00:00:00+00:00
[2025-07-23T08:35:50.825+0000] {processor.py:183} INFO - Processing /home/airflow/.local/lib/python3.12/site-packages/airflow/example_dags/example_nested_branch_dag.py took 0.508 seconds
[2025-07-23T08:36:23.368+0000] {processor.py:161} INFO - Started process (PID=234) to work on /home/airflow/.local/lib/python3.12/site-packages/airflow/example_dags/example_nested_branch_dag.py
[2025-07-23T08:36:23.376+0000] {processor.py:830} INFO - Processing file /home/airflow/.local/lib/python3.12/site-packages/airflow/example_dags/example_nested_branch_dag.py for tasks to queue
[2025-07-23T08:36:23.390+0000] {logging_mixin.py:188} INFO - [2025-07-23T08:36:23.390+0000] {dagbag.py:545} INFO - Filling up the DagBag from /home/airflow/.local/lib/python3.12/site-packages/airflow/example_dags/example_nested_branch_dag.py
[2025-07-23T08:36:23.431+0000] {processor.py:840} INFO - DAG(s) 'example_nested_branch_dag' retrieved from /home/airflow/.local/lib/python3.12/site-packages/airflow/example_dags/example_nested_branch_dag.py
[2025-07-23T08:36:23.496+0000] {logging_mixin.py:188} INFO - [2025-07-23T08:36:23.496+0000] {dag.py:3096} INFO - Sync 1 DAGs
[2025-07-23T08:36:23.611+0000] {logging_mixin.py:188} INFO - [2025-07-23T08:36:23.611+0000] {dag.py:3954} INFO - Setting next_dagrun for example_nested_branch_dag to 2025-07-22 00:00:00+00:00, run_after=2025-07-23 00:00:00+00:00
[2025-07-23T08:36:23.748+0000] {processor.py:183} INFO - Processing /home/airflow/.local/lib/python3.12/site-packages/airflow/example_dags/example_nested_branch_dag.py took 0.430 seconds
[2025-07-23T08:36:54.580+0000] {processor.py:161} INFO - Started process (PID=293) to work on /home/airflow/.local/lib/python3.12/site-packages/airflow/example_dags/example_nested_branch_dag.py
[2025-07-23T08:36:54.594+0000] {processor.py:830} INFO - Processing file /home/airflow/.local/lib/python3.12/site-packages/airflow/example_dags/example_nested_branch_dag.py for tasks to queue
[2025-07-23T08:36:54.599+0000] {logging_mixin.py:188} INFO - [2025-07-23T08:36:54.598+0000] {dagbag.py:545} INFO - Filling up the DagBag from /home/airflow/.local/lib/python3.12/site-packages/airflow/example_dags/example_nested_branch_dag.py
[2025-07-23T08:36:54.633+0000] {processor.py:840} INFO - DAG(s) 'example_nested_branch_dag' retrieved from /home/airflow/.local/lib/python3.12/site-packages/airflow/example_dags/example_nested_branch_dag.py
[2025-07-23T08:36:54.710+0000] {logging_mixin.py:188} INFO - [2025-07-23T08:36:54.710+0000] {dag.py:3096} INFO - Sync 1 DAGs
[2025-07-23T08:36:54.794+0000] {logging_mixin.py:188} INFO - [2025-07-23T08:36:54.793+0000] {dag.py:3954} INFO - Setting next_dagrun for example_nested_branch_dag to 2025-07-22 00:00:00+00:00, run_after=2025-07-23 00:00:00+00:00
[2025-07-23T08:36:54.931+0000] {processor.py:183} INFO - Processing /home/airflow/.local/lib/python3.12/site-packages/airflow/example_dags/example_nested_branch_dag.py took 0.389 seconds
[2025-07-23T08:37:28.692+0000] {processor.py:161} INFO - Started process (PID=352) to work on /home/airflow/.local/lib/python3.12/site-packages/airflow/example_dags/example_nested_branch_dag.py
[2025-07-23T08:37:28.716+0000] {processor.py:830} INFO - Processing file /home/airflow/.local/lib/python3.12/site-packages/airflow/example_dags/example_nested_branch_dag.py for tasks to queue
[2025-07-23T08:37:28.720+0000] {logging_mixin.py:188} INFO - [2025-07-23T08:37:28.720+0000] {dagbag.py:545} INFO - Filling up the DagBag from /home/airflow/.local/lib/python3.12/site-packages/airflow/example_dags/example_nested_branch_dag.py
[2025-07-23T08:37:28.963+0000] {processor.py:840} INFO - DAG(s) 'example_nested_branch_dag' retrieved from /home/airflow/.local/lib/python3.12/site-packages/airflow/example_dags/example_nested_branch_dag.py
[2025-07-23T08:37:29.449+0000] {logging_mixin.py:188} INFO - [2025-07-23T08:37:29.449+0000] {dag.py:3096} INFO - Sync 1 DAGs
[2025-07-23T08:37:29.900+0000] {logging_mixin.py:188} INFO - [2025-07-23T08:37:29.899+0000] {dag.py:3954} INFO - Setting next_dagrun for example_nested_branch_dag to 2025-07-22 00:00:00+00:00, run_after=2025-07-23 00:00:00+00:00
[2025-07-23T08:37:30.035+0000] {processor.py:183} INFO - Processing /home/airflow/.local/lib/python3.12/site-packages/airflow/example_dags/example_nested_branch_dag.py took 1.462 seconds
[2025-07-23T08:38:08.231+0000] {processor.py:161} INFO - Started process (PID=410) to work on /home/airflow/.local/lib/python3.12/site-packages/airflow/example_dags/example_nested_branch_dag.py
[2025-07-23T08:38:08.239+0000] {processor.py:830} INFO - Processing file /home/airflow/.local/lib/python3.12/site-packages/airflow/example_dags/example_nested_branch_dag.py for tasks to queue
[2025-07-23T08:38:08.248+0000] {logging_mixin.py:188} INFO - [2025-07-23T08:38:08.246+0000] {dagbag.py:545} INFO - Filling up the DagBag from /home/airflow/.local/lib/python3.12/site-packages/airflow/example_dags/example_nested_branch_dag.py
[2025-07-23T08:38:08.364+0000] {processor.py:840} INFO - DAG(s) 'example_nested_branch_dag' retrieved from /home/airflow/.local/lib/python3.12/site-packages/airflow/example_dags/example_nested_branch_dag.py
[2025-07-23T08:38:08.483+0000] {logging_mixin.py:188} INFO - [2025-07-23T08:38:08.483+0000] {dag.py:3096} INFO - Sync 1 DAGs
[2025-07-23T08:38:08.717+0000] {logging_mixin.py:188} INFO - [2025-07-23T08:38:08.717+0000] {dag.py:3954} INFO - Setting next_dagrun for example_nested_branch_dag to 2025-07-22 00:00:00+00:00, run_after=2025-07-23 00:00:00+00:00
[2025-07-23T08:38:08.911+0000] {processor.py:183} INFO - Processing /home/airflow/.local/lib/python3.12/site-packages/airflow/example_dags/example_nested_branch_dag.py took 0.745 seconds
[2025-07-23T08:39:22.219+0000] {processor.py:161} INFO - Started process (PID=488) to work on /home/airflow/.local/lib/python3.12/site-packages/airflow/example_dags/example_nested_branch_dag.py
[2025-07-23T08:39:22.268+0000] {processor.py:830} INFO - Processing file /home/airflow/.local/lib/python3.12/site-packages/airflow/example_dags/example_nested_branch_dag.py for tasks to queue
[2025-07-23T08:39:22.348+0000] {logging_mixin.py:188} INFO - [2025-07-23T08:39:22.347+0000] {dagbag.py:545} INFO - Filling up the DagBag from /home/airflow/.local/lib/python3.12/site-packages/airflow/example_dags/example_nested_branch_dag.py
[2025-07-23T08:39:22.521+0000] {processor.py:840} INFO - DAG(s) 'example_nested_branch_dag' retrieved from /home/airflow/.local/lib/python3.12/site-packages/airflow/example_dags/example_nested_branch_dag.py
[2025-07-23T08:39:23.418+0000] {logging_mixin.py:188} INFO - [2025-07-23T08:39:23.417+0000] {dag.py:3096} INFO - Sync 1 DAGs
[2025-07-23T08:39:23.894+0000] {logging_mixin.py:188} INFO - [2025-07-23T08:39:23.894+0000] {dag.py:3954} INFO - Setting next_dagrun for example_nested_branch_dag to 2025-07-22 00:00:00+00:00, run_after=2025-07-23 00:00:00+00:00
[2025-07-23T08:39:24.468+0000] {processor.py:183} INFO - Processing /home/airflow/.local/lib/python3.12/site-packages/airflow/example_dags/example_nested_branch_dag.py took 2.444 seconds
[2025-07-23T08:40:15.176+0000] {processor.py:161} INFO - Started process (PID=546) to work on /home/airflow/.local/lib/python3.12/site-packages/airflow/example_dags/example_nested_branch_dag.py
[2025-07-23T08:40:15.186+0000] {processor.py:830} INFO - Processing file /home/airflow/.local/lib/python3.12/site-packages/airflow/example_dags/example_nested_branch_dag.py for tasks to queue
[2025-07-23T08:40:15.202+0000] {logging_mixin.py:188} INFO - [2025-07-23T08:40:15.201+0000] {dagbag.py:545} INFO - Filling up the DagBag from /home/airflow/.local/lib/python3.12/site-packages/airflow/example_dags/example_nested_branch_dag.py
[2025-07-23T08:40:15.259+0000] {processor.py:840} INFO - DAG(s) 'example_nested_branch_dag' retrieved from /home/airflow/.local/lib/python3.12/site-packages/airflow/example_dags/example_nested_branch_dag.py
[2025-07-23T08:40:15.469+0000] {logging_mixin.py:188} INFO - [2025-07-23T08:40:15.447+0000] {dag.py:3096} INFO - Sync 1 DAGs
[2025-07-23T08:40:15.655+0000] {logging_mixin.py:188} INFO - [2025-07-23T08:40:15.653+0000] {dag.py:3954} INFO - Setting next_dagrun for example_nested_branch_dag to 2025-07-22 00:00:00+00:00, run_after=2025-07-23 00:00:00+00:00
[2025-07-23T08:40:15.774+0000] {processor.py:183} INFO - Processing /home/airflow/.local/lib/python3.12/site-packages/airflow/example_dags/example_nested_branch_dag.py took 0.665 seconds
[2025-07-23T08:40:51.789+0000] {processor.py:161} INFO - Started process (PID=609) to work on /home/airflow/.local/lib/python3.12/site-packages/airflow/example_dags/example_nested_branch_dag.py
[2025-07-23T08:40:51.791+0000] {processor.py:830} INFO - Processing file /home/airflow/.local/lib/python3.12/site-packages/airflow/example_dags/example_nested_branch_dag.py for tasks to queue
[2025-07-23T08:40:51.803+0000] {logging_mixin.py:188} INFO - [2025-07-23T08:40:51.803+0000] {dagbag.py:545} INFO - Filling up the DagBag from /home/airflow/.local/lib/python3.12/site-packages/airflow/example_dags/example_nested_branch_dag.py
[2025-07-23T08:40:51.889+0000] {processor.py:840} INFO - DAG(s) 'example_nested_branch_dag' retrieved from /home/airflow/.local/lib/python3.12/site-packages/airflow/example_dags/example_nested_branch_dag.py
[2025-07-23T08:40:52.124+0000] {logging_mixin.py:188} INFO - [2025-07-23T08:40:52.124+0000] {dag.py:3096} INFO - Sync 1 DAGs
[2025-07-23T08:40:52.283+0000] {logging_mixin.py:188} INFO - [2025-07-23T08:40:52.282+0000] {dag.py:3954} INFO - Setting next_dagrun for example_nested_branch_dag to 2025-07-22 00:00:00+00:00, run_after=2025-07-23 00:00:00+00:00
[2025-07-23T08:40:52.469+0000] {processor.py:183} INFO - Processing /home/airflow/.local/lib/python3.12/site-packages/airflow/example_dags/example_nested_branch_dag.py took 0.751 seconds
[2025-07-23T09:01:18.402+0000] {processor.py:161} INFO - Started process (PID=82) to work on /home/airflow/.local/lib/python3.12/site-packages/airflow/example_dags/example_nested_branch_dag.py
[2025-07-23T09:01:18.408+0000] {processor.py:830} INFO - Processing file /home/airflow/.local/lib/python3.12/site-packages/airflow/example_dags/example_nested_branch_dag.py for tasks to queue
[2025-07-23T09:01:18.410+0000] {logging_mixin.py:188} INFO - [2025-07-23T09:01:18.410+0000] {dagbag.py:545} INFO - Filling up the DagBag from /home/airflow/.local/lib/python3.12/site-packages/airflow/example_dags/example_nested_branch_dag.py
[2025-07-23T09:01:18.453+0000] {processor.py:840} INFO - DAG(s) 'example_nested_branch_dag' retrieved from /home/airflow/.local/lib/python3.12/site-packages/airflow/example_dags/example_nested_branch_dag.py
[2025-07-23T09:01:18.568+0000] {logging_mixin.py:188} INFO - [2025-07-23T09:01:18.567+0000] {dag.py:3096} INFO - Sync 1 DAGs
[2025-07-23T09:01:18.710+0000] {logging_mixin.py:188} INFO - [2025-07-23T09:01:18.710+0000] {dag.py:3954} INFO - Setting next_dagrun for example_nested_branch_dag to 2025-07-22 00:00:00+00:00, run_after=2025-07-23 00:00:00+00:00
[2025-07-23T09:01:18.848+0000] {processor.py:183} INFO - Processing /home/airflow/.local/lib/python3.12/site-packages/airflow/example_dags/example_nested_branch_dag.py took 0.466 seconds
[2025-07-23T09:01:53.220+0000] {processor.py:161} INFO - Started process (PID=142) to work on /home/airflow/.local/lib/python3.12/site-packages/airflow/example_dags/example_nested_branch_dag.py
[2025-07-23T09:01:53.236+0000] {processor.py:830} INFO - Processing file /home/airflow/.local/lib/python3.12/site-packages/airflow/example_dags/example_nested_branch_dag.py for tasks to queue
[2025-07-23T09:01:53.238+0000] {logging_mixin.py:188} INFO - [2025-07-23T09:01:53.237+0000] {dagbag.py:545} INFO - Filling up the DagBag from /home/airflow/.local/lib/python3.12/site-packages/airflow/example_dags/example_nested_branch_dag.py
[2025-07-23T09:01:53.288+0000] {processor.py:840} INFO - DAG(s) 'example_nested_branch_dag' retrieved from /home/airflow/.local/lib/python3.12/site-packages/airflow/example_dags/example_nested_branch_dag.py
[2025-07-23T09:01:53.437+0000] {logging_mixin.py:188} INFO - [2025-07-23T09:01:53.425+0000] {dag.py:3096} INFO - Sync 1 DAGs
[2025-07-23T09:01:53.602+0000] {logging_mixin.py:188} INFO - [2025-07-23T09:01:53.602+0000] {dag.py:3954} INFO - Setting next_dagrun for example_nested_branch_dag to 2025-07-22 00:00:00+00:00, run_after=2025-07-23 00:00:00+00:00
[2025-07-23T09:01:53.732+0000] {processor.py:183} INFO - Processing /home/airflow/.local/lib/python3.12/site-packages/airflow/example_dags/example_nested_branch_dag.py took 0.530 seconds
[2025-07-23T09:02:32.637+0000] {processor.py:161} INFO - Started process (PID=206) to work on /home/airflow/.local/lib/python3.12/site-packages/airflow/example_dags/example_nested_branch_dag.py
[2025-07-23T09:02:32.649+0000] {processor.py:830} INFO - Processing file /home/airflow/.local/lib/python3.12/site-packages/airflow/example_dags/example_nested_branch_dag.py for tasks to queue
[2025-07-23T09:02:32.651+0000] {logging_mixin.py:188} INFO - [2025-07-23T09:02:32.651+0000] {dagbag.py:545} INFO - Filling up the DagBag from /home/airflow/.local/lib/python3.12/site-packages/airflow/example_dags/example_nested_branch_dag.py
[2025-07-23T09:02:32.728+0000] {processor.py:840} INFO - DAG(s) 'example_nested_branch_dag' retrieved from /home/airflow/.local/lib/python3.12/site-packages/airflow/example_dags/example_nested_branch_dag.py
[2025-07-23T09:02:32.875+0000] {logging_mixin.py:188} INFO - [2025-07-23T09:02:32.874+0000] {dag.py:3096} INFO - Sync 1 DAGs
[2025-07-23T09:02:33.176+0000] {logging_mixin.py:188} INFO - [2025-07-23T09:02:33.165+0000] {dag.py:3954} INFO - Setting next_dagrun for example_nested_branch_dag to 2025-07-22 00:00:00+00:00, run_after=2025-07-23 00:00:00+00:00
[2025-07-23T09:02:33.421+0000] {processor.py:183} INFO - Processing /home/airflow/.local/lib/python3.12/site-packages/airflow/example_dags/example_nested_branch_dag.py took 0.814 seconds
[2025-07-23T09:03:07.554+0000] {processor.py:161} INFO - Started process (PID=264) to work on /home/airflow/.local/lib/python3.12/site-packages/airflow/example_dags/example_nested_branch_dag.py
[2025-07-23T09:03:07.556+0000] {processor.py:830} INFO - Processing file /home/airflow/.local/lib/python3.12/site-packages/airflow/example_dags/example_nested_branch_dag.py for tasks to queue
[2025-07-23T09:03:07.562+0000] {logging_mixin.py:188} INFO - [2025-07-23T09:03:07.561+0000] {dagbag.py:545} INFO - Filling up the DagBag from /home/airflow/.local/lib/python3.12/site-packages/airflow/example_dags/example_nested_branch_dag.py
[2025-07-23T09:03:07.589+0000] {processor.py:840} INFO - DAG(s) 'example_nested_branch_dag' retrieved from /home/airflow/.local/lib/python3.12/site-packages/airflow/example_dags/example_nested_branch_dag.py
[2025-07-23T09:03:07.652+0000] {logging_mixin.py:188} INFO - [2025-07-23T09:03:07.652+0000] {dag.py:3096} INFO - Sync 1 DAGs
[2025-07-23T09:03:07.707+0000] {logging_mixin.py:188} INFO - [2025-07-23T09:03:07.706+0000] {dag.py:3954} INFO - Setting next_dagrun for example_nested_branch_dag to 2025-07-22 00:00:00+00:00, run_after=2025-07-23 00:00:00+00:00
[2025-07-23T09:03:07.776+0000] {processor.py:183} INFO - Processing /home/airflow/.local/lib/python3.12/site-packages/airflow/example_dags/example_nested_branch_dag.py took 0.237 seconds
[2025-07-23T09:03:42.835+0000] {processor.py:161} INFO - Started process (PID=325) to work on /home/airflow/.local/lib/python3.12/site-packages/airflow/example_dags/example_nested_branch_dag.py
[2025-07-23T09:03:42.842+0000] {processor.py:830} INFO - Processing file /home/airflow/.local/lib/python3.12/site-packages/airflow/example_dags/example_nested_branch_dag.py for tasks to queue
[2025-07-23T09:03:42.844+0000] {logging_mixin.py:188} INFO - [2025-07-23T09:03:42.843+0000] {dagbag.py:545} INFO - Filling up the DagBag from /home/airflow/.local/lib/python3.12/site-packages/airflow/example_dags/example_nested_branch_dag.py
[2025-07-23T09:03:42.876+0000] {processor.py:840} INFO - DAG(s) 'example_nested_branch_dag' retrieved from /home/airflow/.local/lib/python3.12/site-packages/airflow/example_dags/example_nested_branch_dag.py
[2025-07-23T09:03:42.984+0000] {logging_mixin.py:188} INFO - [2025-07-23T09:03:42.983+0000] {dag.py:3096} INFO - Sync 1 DAGs
[2025-07-23T09:03:43.126+0000] {logging_mixin.py:188} INFO - [2025-07-23T09:03:43.126+0000] {dag.py:3954} INFO - Setting next_dagrun for example_nested_branch_dag to 2025-07-22 00:00:00+00:00, run_after=2025-07-23 00:00:00+00:00
[2025-07-23T09:03:43.420+0000] {processor.py:183} INFO - Processing /home/airflow/.local/lib/python3.12/site-packages/airflow/example_dags/example_nested_branch_dag.py took 0.613 seconds
[2025-07-23T09:04:26.815+0000] {processor.py:161} INFO - Started process (PID=389) to work on /home/airflow/.local/lib/python3.12/site-packages/airflow/example_dags/example_nested_branch_dag.py
[2025-07-23T09:04:26.820+0000] {processor.py:830} INFO - Processing file /home/airflow/.local/lib/python3.12/site-packages/airflow/example_dags/example_nested_branch_dag.py for tasks to queue
[2025-07-23T09:04:26.837+0000] {logging_mixin.py:188} INFO - [2025-07-23T09:04:26.836+0000] {dagbag.py:545} INFO - Filling up the DagBag from /home/airflow/.local/lib/python3.12/site-packages/airflow/example_dags/example_nested_branch_dag.py
[2025-07-23T09:04:26.897+0000] {processor.py:840} INFO - DAG(s) 'example_nested_branch_dag' retrieved from /home/airflow/.local/lib/python3.12/site-packages/airflow/example_dags/example_nested_branch_dag.py
[2025-07-23T09:04:27.256+0000] {logging_mixin.py:188} INFO - [2025-07-23T09:04:27.255+0000] {dag.py:3096} INFO - Sync 1 DAGs
[2025-07-23T09:04:27.660+0000] {logging_mixin.py:188} INFO - [2025-07-23T09:04:27.659+0000] {dag.py:3954} INFO - Setting next_dagrun for example_nested_branch_dag to 2025-07-22 00:00:00+00:00, run_after=2025-07-23 00:00:00+00:00
[2025-07-23T09:04:28.150+0000] {processor.py:183} INFO - Processing /home/airflow/.local/lib/python3.12/site-packages/airflow/example_dags/example_nested_branch_dag.py took 1.354 seconds
[2025-07-23T09:04:59.084+0000] {processor.py:161} INFO - Started process (PID=449) to work on /home/airflow/.local/lib/python3.12/site-packages/airflow/example_dags/example_nested_branch_dag.py
[2025-07-23T09:04:59.085+0000] {processor.py:830} INFO - Processing file /home/airflow/.local/lib/python3.12/site-packages/airflow/example_dags/example_nested_branch_dag.py for tasks to queue
[2025-07-23T09:04:59.087+0000] {logging_mixin.py:188} INFO - [2025-07-23T09:04:59.087+0000] {dagbag.py:545} INFO - Filling up the DagBag from /home/airflow/.local/lib/python3.12/site-packages/airflow/example_dags/example_nested_branch_dag.py
[2025-07-23T09:04:59.111+0000] {processor.py:840} INFO - DAG(s) 'example_nested_branch_dag' retrieved from /home/airflow/.local/lib/python3.12/site-packages/airflow/example_dags/example_nested_branch_dag.py
[2025-07-23T09:04:59.144+0000] {logging_mixin.py:188} INFO - [2025-07-23T09:04:59.144+0000] {dag.py:3096} INFO - Sync 1 DAGs
[2025-07-23T09:04:59.206+0000] {logging_mixin.py:188} INFO - [2025-07-23T09:04:59.206+0000] {dag.py:3954} INFO - Setting next_dagrun for example_nested_branch_dag to 2025-07-22 00:00:00+00:00, run_after=2025-07-23 00:00:00+00:00
[2025-07-23T09:04:59.283+0000] {processor.py:183} INFO - Processing /home/airflow/.local/lib/python3.12/site-packages/airflow/example_dags/example_nested_branch_dag.py took 0.213 seconds
[2025-07-23T09:05:29.655+0000] {processor.py:161} INFO - Started process (PID=511) to work on /home/airflow/.local/lib/python3.12/site-packages/airflow/example_dags/example_nested_branch_dag.py
[2025-07-23T09:05:29.661+0000] {processor.py:830} INFO - Processing file /home/airflow/.local/lib/python3.12/site-packages/airflow/example_dags/example_nested_branch_dag.py for tasks to queue
[2025-07-23T09:05:29.663+0000] {logging_mixin.py:188} INFO - [2025-07-23T09:05:29.663+0000] {dagbag.py:545} INFO - Filling up the DagBag from /home/airflow/.local/lib/python3.12/site-packages/airflow/example_dags/example_nested_branch_dag.py
[2025-07-23T09:05:29.688+0000] {processor.py:840} INFO - DAG(s) 'example_nested_branch_dag' retrieved from /home/airflow/.local/lib/python3.12/site-packages/airflow/example_dags/example_nested_branch_dag.py
[2025-07-23T09:05:29.989+0000] {logging_mixin.py:188} INFO - [2025-07-23T09:05:29.988+0000] {dag.py:3096} INFO - Sync 1 DAGs
[2025-07-23T09:05:30.045+0000] {logging_mixin.py:188} INFO - [2025-07-23T09:05:30.045+0000] {dag.py:3954} INFO - Setting next_dagrun for example_nested_branch_dag to 2025-07-22 00:00:00+00:00, run_after=2025-07-23 00:00:00+00:00
[2025-07-23T09:05:30.133+0000] {processor.py:183} INFO - Processing /home/airflow/.local/lib/python3.12/site-packages/airflow/example_dags/example_nested_branch_dag.py took 0.599 seconds
[2025-07-23T09:06:00.882+0000] {processor.py:161} INFO - Started process (PID=563) to work on /home/airflow/.local/lib/python3.12/site-packages/airflow/example_dags/example_nested_branch_dag.py
[2025-07-23T09:06:00.884+0000] {processor.py:830} INFO - Processing file /home/airflow/.local/lib/python3.12/site-packages/airflow/example_dags/example_nested_branch_dag.py for tasks to queue
[2025-07-23T09:06:00.886+0000] {logging_mixin.py:188} INFO - [2025-07-23T09:06:00.885+0000] {dagbag.py:545} INFO - Filling up the DagBag from /home/airflow/.local/lib/python3.12/site-packages/airflow/example_dags/example_nested_branch_dag.py
[2025-07-23T09:06:00.904+0000] {processor.py:840} INFO - DAG(s) 'example_nested_branch_dag' retrieved from /home/airflow/.local/lib/python3.12/site-packages/airflow/example_dags/example_nested_branch_dag.py
[2025-07-23T09:06:00.947+0000] {logging_mixin.py:188} INFO - [2025-07-23T09:06:00.947+0000] {dag.py:3096} INFO - Sync 1 DAGs
[2025-07-23T09:06:00.990+0000] {logging_mixin.py:188} INFO - [2025-07-23T09:06:00.989+0000] {dag.py:3954} INFO - Setting next_dagrun for example_nested_branch_dag to 2025-07-22 00:00:00+00:00, run_after=2025-07-23 00:00:00+00:00
[2025-07-23T09:06:01.026+0000] {processor.py:183} INFO - Processing /home/airflow/.local/lib/python3.12/site-packages/airflow/example_dags/example_nested_branch_dag.py took 0.161 seconds
[2025-07-23T09:06:31.623+0000] {processor.py:161} INFO - Started process (PID=622) to work on /home/airflow/.local/lib/python3.12/site-packages/airflow/example_dags/example_nested_branch_dag.py
[2025-07-23T09:06:31.625+0000] {processor.py:830} INFO - Processing file /home/airflow/.local/lib/python3.12/site-packages/airflow/example_dags/example_nested_branch_dag.py for tasks to queue
[2025-07-23T09:06:31.627+0000] {logging_mixin.py:188} INFO - [2025-07-23T09:06:31.626+0000] {dagbag.py:545} INFO - Filling up the DagBag from /home/airflow/.local/lib/python3.12/site-packages/airflow/example_dags/example_nested_branch_dag.py
[2025-07-23T09:06:31.646+0000] {processor.py:840} INFO - DAG(s) 'example_nested_branch_dag' retrieved from /home/airflow/.local/lib/python3.12/site-packages/airflow/example_dags/example_nested_branch_dag.py
[2025-07-23T09:06:31.690+0000] {logging_mixin.py:188} INFO - [2025-07-23T09:06:31.689+0000] {dag.py:3096} INFO - Sync 1 DAGs
[2025-07-23T09:06:31.734+0000] {logging_mixin.py:188} INFO - [2025-07-23T09:06:31.733+0000] {dag.py:3954} INFO - Setting next_dagrun for example_nested_branch_dag to 2025-07-22 00:00:00+00:00, run_after=2025-07-23 00:00:00+00:00
[2025-07-23T09:06:31.783+0000] {processor.py:183} INFO - Processing /home/airflow/.local/lib/python3.12/site-packages/airflow/example_dags/example_nested_branch_dag.py took 0.168 seconds
[2025-07-23T09:07:01.984+0000] {processor.py:161} INFO - Started process (PID=681) to work on /home/airflow/.local/lib/python3.12/site-packages/airflow/example_dags/example_nested_branch_dag.py
[2025-07-23T09:07:01.987+0000] {processor.py:830} INFO - Processing file /home/airflow/.local/lib/python3.12/site-packages/airflow/example_dags/example_nested_branch_dag.py for tasks to queue
[2025-07-23T09:07:01.989+0000] {logging_mixin.py:188} INFO - [2025-07-23T09:07:01.989+0000] {dagbag.py:545} INFO - Filling up the DagBag from /home/airflow/.local/lib/python3.12/site-packages/airflow/example_dags/example_nested_branch_dag.py
[2025-07-23T09:07:02.017+0000] {processor.py:840} INFO - DAG(s) 'example_nested_branch_dag' retrieved from /home/airflow/.local/lib/python3.12/site-packages/airflow/example_dags/example_nested_branch_dag.py
[2025-07-23T09:07:02.065+0000] {logging_mixin.py:188} INFO - [2025-07-23T09:07:02.064+0000] {dag.py:3096} INFO - Sync 1 DAGs
[2025-07-23T09:07:02.101+0000] {logging_mixin.py:188} INFO - [2025-07-23T09:07:02.100+0000] {dag.py:3954} INFO - Setting next_dagrun for example_nested_branch_dag to 2025-07-22 00:00:00+00:00, run_after=2025-07-23 00:00:00+00:00
[2025-07-23T09:07:02.130+0000] {processor.py:183} INFO - Processing /home/airflow/.local/lib/python3.12/site-packages/airflow/example_dags/example_nested_branch_dag.py took 0.162 seconds
