[2025-07-23T08:13:45.686+0000] {processor.py:161} INFO - Started process (PID=66) to work on /home/airflow/.local/lib/python3.12/site-packages/airflow/example_dags/example_latest_only.py
[2025-07-23T08:13:45.688+0000] {processor.py:830} INFO - Processing file /home/airflow/.local/lib/python3.12/site-packages/airflow/example_dags/example_latest_only.py for tasks to queue
[2025-07-23T08:13:45.693+0000] {logging_mixin.py:188} INFO - [2025-07-23T08:13:45.692+0000] {dagbag.py:545} INFO - Filling up the DagBag from /home/airflow/.local/lib/python3.12/site-packages/airflow/example_dags/example_latest_only.py
[2025-07-23T08:13:45.723+0000] {processor.py:840} INFO - DAG(s) 'latest_only' retrieved from /home/airflow/.local/lib/python3.12/site-packages/airflow/example_dags/example_latest_only.py
[2025-07-23T08:13:46.665+0000] {logging_mixin.py:188} INFO - [2025-07-23T08:13:46.665+0000] {dag.py:3096} INFO - Sync 1 DAGs
[2025-07-23T08:13:46.803+0000] {logging_mixin.py:188} INFO - [2025-07-23T08:13:46.802+0000] {dag.py:3954} INFO - Setting next_dagrun for latest_only to 2025-07-23 04:00:00+00:00, run_after=2025-07-23 08:00:00+00:00
[2025-07-23T08:13:46.931+0000] {processor.py:183} INFO - Processing /home/airflow/.local/lib/python3.12/site-packages/airflow/example_dags/example_latest_only.py took 1.264 seconds
[2025-07-23T08:14:19.957+0000] {processor.py:161} INFO - Started process (PID=128) to work on /home/airflow/.local/lib/python3.12/site-packages/airflow/example_dags/example_latest_only.py
[2025-07-23T08:14:19.959+0000] {processor.py:830} INFO - Processing file /home/airflow/.local/lib/python3.12/site-packages/airflow/example_dags/example_latest_only.py for tasks to queue
[2025-07-23T08:14:19.963+0000] {logging_mixin.py:188} INFO - [2025-07-23T08:14:19.962+0000] {dagbag.py:545} INFO - Filling up the DagBag from /home/airflow/.local/lib/python3.12/site-packages/airflow/example_dags/example_latest_only.py
[2025-07-23T08:14:19.973+0000] {processor.py:840} INFO - DAG(s) 'latest_only' retrieved from /home/airflow/.local/lib/python3.12/site-packages/airflow/example_dags/example_latest_only.py
[2025-07-23T08:14:20.053+0000] {logging_mixin.py:188} INFO - [2025-07-23T08:14:20.053+0000] {dag.py:3096} INFO - Sync 1 DAGs
[2025-07-23T08:14:20.207+0000] {logging_mixin.py:188} INFO - [2025-07-23T08:14:20.206+0000] {dag.py:3954} INFO - Setting next_dagrun for latest_only to 2025-07-23 04:00:00+00:00, run_after=2025-07-23 08:00:00+00:00
[2025-07-23T08:14:20.255+0000] {processor.py:183} INFO - Processing /home/airflow/.local/lib/python3.12/site-packages/airflow/example_dags/example_latest_only.py took 0.313 seconds
[2025-07-23T08:14:52.188+0000] {processor.py:161} INFO - Started process (PID=184) to work on /home/airflow/.local/lib/python3.12/site-packages/airflow/example_dags/example_latest_only.py
[2025-07-23T08:14:52.192+0000] {processor.py:830} INFO - Processing file /home/airflow/.local/lib/python3.12/site-packages/airflow/example_dags/example_latest_only.py for tasks to queue
[2025-07-23T08:14:52.209+0000] {logging_mixin.py:188} INFO - [2025-07-23T08:14:52.206+0000] {dagbag.py:545} INFO - Filling up the DagBag from /home/airflow/.local/lib/python3.12/site-packages/airflow/example_dags/example_latest_only.py
[2025-07-23T08:14:52.257+0000] {processor.py:840} INFO - DAG(s) 'latest_only' retrieved from /home/airflow/.local/lib/python3.12/site-packages/airflow/example_dags/example_latest_only.py
[2025-07-23T08:14:52.427+0000] {logging_mixin.py:188} INFO - [2025-07-23T08:14:52.426+0000] {dag.py:3096} INFO - Sync 1 DAGs
[2025-07-23T08:14:52.525+0000] {logging_mixin.py:188} INFO - [2025-07-23T08:14:52.524+0000] {dag.py:3954} INFO - Setting next_dagrun for latest_only to 2025-07-23 04:00:00+00:00, run_after=2025-07-23 08:00:00+00:00
[2025-07-23T08:14:52.640+0000] {processor.py:183} INFO - Processing /home/airflow/.local/lib/python3.12/site-packages/airflow/example_dags/example_latest_only.py took 0.475 seconds
[2025-07-23T08:15:24.336+0000] {processor.py:161} INFO - Started process (PID=241) to work on /home/airflow/.local/lib/python3.12/site-packages/airflow/example_dags/example_latest_only.py
[2025-07-23T08:15:24.352+0000] {processor.py:830} INFO - Processing file /home/airflow/.local/lib/python3.12/site-packages/airflow/example_dags/example_latest_only.py for tasks to queue
[2025-07-23T08:15:24.360+0000] {logging_mixin.py:188} INFO - [2025-07-23T08:15:24.359+0000] {dagbag.py:545} INFO - Filling up the DagBag from /home/airflow/.local/lib/python3.12/site-packages/airflow/example_dags/example_latest_only.py
[2025-07-23T08:15:24.391+0000] {processor.py:840} INFO - DAG(s) 'latest_only' retrieved from /home/airflow/.local/lib/python3.12/site-packages/airflow/example_dags/example_latest_only.py
[2025-07-23T08:15:24.539+0000] {logging_mixin.py:188} INFO - [2025-07-23T08:15:24.539+0000] {dag.py:3096} INFO - Sync 1 DAGs
[2025-07-23T08:15:24.704+0000] {logging_mixin.py:188} INFO - [2025-07-23T08:15:24.704+0000] {dag.py:3954} INFO - Setting next_dagrun for latest_only to 2025-07-23 04:00:00+00:00, run_after=2025-07-23 08:00:00+00:00
[2025-07-23T08:15:24.840+0000] {processor.py:183} INFO - Processing /home/airflow/.local/lib/python3.12/site-packages/airflow/example_dags/example_latest_only.py took 0.517 seconds
[2025-07-23T08:15:56.696+0000] {processor.py:161} INFO - Started process (PID=298) to work on /home/airflow/.local/lib/python3.12/site-packages/airflow/example_dags/example_latest_only.py
[2025-07-23T08:15:56.707+0000] {processor.py:830} INFO - Processing file /home/airflow/.local/lib/python3.12/site-packages/airflow/example_dags/example_latest_only.py for tasks to queue
[2025-07-23T08:15:56.711+0000] {logging_mixin.py:188} INFO - [2025-07-23T08:15:56.711+0000] {dagbag.py:545} INFO - Filling up the DagBag from /home/airflow/.local/lib/python3.12/site-packages/airflow/example_dags/example_latest_only.py
[2025-07-23T08:15:56.737+0000] {processor.py:840} INFO - DAG(s) 'latest_only' retrieved from /home/airflow/.local/lib/python3.12/site-packages/airflow/example_dags/example_latest_only.py
[2025-07-23T08:15:56.842+0000] {logging_mixin.py:188} INFO - [2025-07-23T08:15:56.842+0000] {dag.py:3096} INFO - Sync 1 DAGs
[2025-07-23T08:15:56.923+0000] {logging_mixin.py:188} INFO - [2025-07-23T08:15:56.923+0000] {dag.py:3954} INFO - Setting next_dagrun for latest_only to 2025-07-23 04:00:00+00:00, run_after=2025-07-23 08:00:00+00:00
[2025-07-23T08:15:56.972+0000] {processor.py:183} INFO - Processing /home/airflow/.local/lib/python3.12/site-packages/airflow/example_dags/example_latest_only.py took 0.290 seconds
[2025-07-23T08:16:30.751+0000] {processor.py:161} INFO - Started process (PID=356) to work on /home/airflow/.local/lib/python3.12/site-packages/airflow/example_dags/example_latest_only.py
[2025-07-23T08:16:30.757+0000] {processor.py:830} INFO - Processing file /home/airflow/.local/lib/python3.12/site-packages/airflow/example_dags/example_latest_only.py for tasks to queue
[2025-07-23T08:16:30.816+0000] {logging_mixin.py:188} INFO - [2025-07-23T08:16:30.789+0000] {dagbag.py:545} INFO - Filling up the DagBag from /home/airflow/.local/lib/python3.12/site-packages/airflow/example_dags/example_latest_only.py
[2025-07-23T08:16:30.851+0000] {processor.py:840} INFO - DAG(s) 'latest_only' retrieved from /home/airflow/.local/lib/python3.12/site-packages/airflow/example_dags/example_latest_only.py
[2025-07-23T08:16:31.144+0000] {logging_mixin.py:188} INFO - [2025-07-23T08:16:31.144+0000] {dag.py:3096} INFO - Sync 1 DAGs
[2025-07-23T08:16:31.474+0000] {logging_mixin.py:188} INFO - [2025-07-23T08:16:31.473+0000] {dag.py:3954} INFO - Setting next_dagrun for latest_only to 2025-07-23 04:00:00+00:00, run_after=2025-07-23 08:00:00+00:00
[2025-07-23T08:16:31.680+0000] {processor.py:183} INFO - Processing /home/airflow/.local/lib/python3.12/site-packages/airflow/example_dags/example_latest_only.py took 0.999 seconds
[2025-07-23T08:17:01.858+0000] {processor.py:161} INFO - Started process (PID=414) to work on /home/airflow/.local/lib/python3.12/site-packages/airflow/example_dags/example_latest_only.py
[2025-07-23T08:17:01.860+0000] {processor.py:830} INFO - Processing file /home/airflow/.local/lib/python3.12/site-packages/airflow/example_dags/example_latest_only.py for tasks to queue
[2025-07-23T08:17:01.864+0000] {logging_mixin.py:188} INFO - [2025-07-23T08:17:01.864+0000] {dagbag.py:545} INFO - Filling up the DagBag from /home/airflow/.local/lib/python3.12/site-packages/airflow/example_dags/example_latest_only.py
[2025-07-23T08:17:01.876+0000] {processor.py:840} INFO - DAG(s) 'latest_only' retrieved from /home/airflow/.local/lib/python3.12/site-packages/airflow/example_dags/example_latest_only.py
[2025-07-23T08:17:01.916+0000] {logging_mixin.py:188} INFO - [2025-07-23T08:17:01.915+0000] {dag.py:3096} INFO - Sync 1 DAGs
[2025-07-23T08:17:01.968+0000] {logging_mixin.py:188} INFO - [2025-07-23T08:17:01.967+0000] {dag.py:3954} INFO - Setting next_dagrun for latest_only to 2025-07-23 04:00:00+00:00, run_after=2025-07-23 08:00:00+00:00
[2025-07-23T08:17:02.018+0000] {processor.py:183} INFO - Processing /home/airflow/.local/lib/python3.12/site-packages/airflow/example_dags/example_latest_only.py took 0.173 seconds
[2025-07-23T08:17:33.169+0000] {processor.py:161} INFO - Started process (PID=470) to work on /home/airflow/.local/lib/python3.12/site-packages/airflow/example_dags/example_latest_only.py
[2025-07-23T08:17:33.171+0000] {processor.py:830} INFO - Processing file /home/airflow/.local/lib/python3.12/site-packages/airflow/example_dags/example_latest_only.py for tasks to queue
[2025-07-23T08:17:33.177+0000] {logging_mixin.py:188} INFO - [2025-07-23T08:17:33.176+0000] {dagbag.py:545} INFO - Filling up the DagBag from /home/airflow/.local/lib/python3.12/site-packages/airflow/example_dags/example_latest_only.py
[2025-07-23T08:17:33.217+0000] {processor.py:840} INFO - DAG(s) 'latest_only' retrieved from /home/airflow/.local/lib/python3.12/site-packages/airflow/example_dags/example_latest_only.py
[2025-07-23T08:17:33.394+0000] {logging_mixin.py:188} INFO - [2025-07-23T08:17:33.393+0000] {dag.py:3096} INFO - Sync 1 DAGs
[2025-07-23T08:17:33.542+0000] {logging_mixin.py:188} INFO - [2025-07-23T08:17:33.541+0000] {dag.py:3954} INFO - Setting next_dagrun for latest_only to 2025-07-23 04:00:00+00:00, run_after=2025-07-23 08:00:00+00:00
[2025-07-23T08:17:33.624+0000] {processor.py:183} INFO - Processing /home/airflow/.local/lib/python3.12/site-packages/airflow/example_dags/example_latest_only.py took 0.492 seconds
[2025-07-23T08:18:04.154+0000] {processor.py:161} INFO - Started process (PID=527) to work on /home/airflow/.local/lib/python3.12/site-packages/airflow/example_dags/example_latest_only.py
[2025-07-23T08:18:04.172+0000] {processor.py:830} INFO - Processing file /home/airflow/.local/lib/python3.12/site-packages/airflow/example_dags/example_latest_only.py for tasks to queue
[2025-07-23T08:18:04.176+0000] {logging_mixin.py:188} INFO - [2025-07-23T08:18:04.175+0000] {dagbag.py:545} INFO - Filling up the DagBag from /home/airflow/.local/lib/python3.12/site-packages/airflow/example_dags/example_latest_only.py
[2025-07-23T08:18:04.189+0000] {processor.py:840} INFO - DAG(s) 'latest_only' retrieved from /home/airflow/.local/lib/python3.12/site-packages/airflow/example_dags/example_latest_only.py
[2025-07-23T08:18:04.278+0000] {logging_mixin.py:188} INFO - [2025-07-23T08:18:04.278+0000] {dag.py:3096} INFO - Sync 1 DAGs
[2025-07-23T08:18:04.379+0000] {logging_mixin.py:188} INFO - [2025-07-23T08:18:04.378+0000] {dag.py:3954} INFO - Setting next_dagrun for latest_only to 2025-07-23 04:00:00+00:00, run_after=2025-07-23 08:00:00+00:00
[2025-07-23T08:18:04.487+0000] {processor.py:183} INFO - Processing /home/airflow/.local/lib/python3.12/site-packages/airflow/example_dags/example_latest_only.py took 0.347 seconds
[2025-07-23T08:18:34.873+0000] {processor.py:161} INFO - Started process (PID=585) to work on /home/airflow/.local/lib/python3.12/site-packages/airflow/example_dags/example_latest_only.py
[2025-07-23T08:18:34.878+0000] {processor.py:830} INFO - Processing file /home/airflow/.local/lib/python3.12/site-packages/airflow/example_dags/example_latest_only.py for tasks to queue
[2025-07-23T08:18:34.882+0000] {logging_mixin.py:188} INFO - [2025-07-23T08:18:34.881+0000] {dagbag.py:545} INFO - Filling up the DagBag from /home/airflow/.local/lib/python3.12/site-packages/airflow/example_dags/example_latest_only.py
[2025-07-23T08:18:34.895+0000] {processor.py:840} INFO - DAG(s) 'latest_only' retrieved from /home/airflow/.local/lib/python3.12/site-packages/airflow/example_dags/example_latest_only.py
[2025-07-23T08:18:34.947+0000] {logging_mixin.py:188} INFO - [2025-07-23T08:18:34.947+0000] {dag.py:3096} INFO - Sync 1 DAGs
[2025-07-23T08:18:35.012+0000] {logging_mixin.py:188} INFO - [2025-07-23T08:18:35.012+0000] {dag.py:3954} INFO - Setting next_dagrun for latest_only to 2025-07-23 04:00:00+00:00, run_after=2025-07-23 08:00:00+00:00
[2025-07-23T08:18:35.115+0000] {processor.py:183} INFO - Processing /home/airflow/.local/lib/python3.12/site-packages/airflow/example_dags/example_latest_only.py took 0.260 seconds
[2025-07-23T08:19:05.381+0000] {processor.py:161} INFO - Started process (PID=643) to work on /home/airflow/.local/lib/python3.12/site-packages/airflow/example_dags/example_latest_only.py
[2025-07-23T08:19:05.383+0000] {processor.py:830} INFO - Processing file /home/airflow/.local/lib/python3.12/site-packages/airflow/example_dags/example_latest_only.py for tasks to queue
[2025-07-23T08:19:05.387+0000] {logging_mixin.py:188} INFO - [2025-07-23T08:19:05.386+0000] {dagbag.py:545} INFO - Filling up the DagBag from /home/airflow/.local/lib/python3.12/site-packages/airflow/example_dags/example_latest_only.py
[2025-07-23T08:19:05.402+0000] {processor.py:840} INFO - DAG(s) 'latest_only' retrieved from /home/airflow/.local/lib/python3.12/site-packages/airflow/example_dags/example_latest_only.py
[2025-07-23T08:19:05.465+0000] {logging_mixin.py:188} INFO - [2025-07-23T08:19:05.464+0000] {dag.py:3096} INFO - Sync 1 DAGs
[2025-07-23T08:19:05.527+0000] {logging_mixin.py:188} INFO - [2025-07-23T08:19:05.527+0000] {dag.py:3954} INFO - Setting next_dagrun for latest_only to 2025-07-23 04:00:00+00:00, run_after=2025-07-23 08:00:00+00:00
[2025-07-23T08:19:05.572+0000] {processor.py:183} INFO - Processing /home/airflow/.local/lib/python3.12/site-packages/airflow/example_dags/example_latest_only.py took 0.212 seconds
[2025-07-23T08:19:35.963+0000] {processor.py:161} INFO - Started process (PID=701) to work on /home/airflow/.local/lib/python3.12/site-packages/airflow/example_dags/example_latest_only.py
[2025-07-23T08:19:35.977+0000] {processor.py:830} INFO - Processing file /home/airflow/.local/lib/python3.12/site-packages/airflow/example_dags/example_latest_only.py for tasks to queue
[2025-07-23T08:19:35.984+0000] {logging_mixin.py:188} INFO - [2025-07-23T08:19:35.983+0000] {dagbag.py:545} INFO - Filling up the DagBag from /home/airflow/.local/lib/python3.12/site-packages/airflow/example_dags/example_latest_only.py
[2025-07-23T08:19:36.008+0000] {processor.py:840} INFO - DAG(s) 'latest_only' retrieved from /home/airflow/.local/lib/python3.12/site-packages/airflow/example_dags/example_latest_only.py
[2025-07-23T08:19:36.113+0000] {logging_mixin.py:188} INFO - [2025-07-23T08:19:36.113+0000] {dag.py:3096} INFO - Sync 1 DAGs
[2025-07-23T08:19:36.322+0000] {logging_mixin.py:188} INFO - [2025-07-23T08:19:36.321+0000] {dag.py:3954} INFO - Setting next_dagrun for latest_only to 2025-07-23 04:00:00+00:00, run_after=2025-07-23 08:00:00+00:00
[2025-07-23T08:19:36.530+0000] {processor.py:183} INFO - Processing /home/airflow/.local/lib/python3.12/site-packages/airflow/example_dags/example_latest_only.py took 0.605 seconds
[2025-07-23T08:20:07.205+0000] {processor.py:161} INFO - Started process (PID=758) to work on /home/airflow/.local/lib/python3.12/site-packages/airflow/example_dags/example_latest_only.py
[2025-07-23T08:20:07.208+0000] {processor.py:830} INFO - Processing file /home/airflow/.local/lib/python3.12/site-packages/airflow/example_dags/example_latest_only.py for tasks to queue
[2025-07-23T08:20:07.215+0000] {logging_mixin.py:188} INFO - [2025-07-23T08:20:07.214+0000] {dagbag.py:545} INFO - Filling up the DagBag from /home/airflow/.local/lib/python3.12/site-packages/airflow/example_dags/example_latest_only.py
[2025-07-23T08:20:07.237+0000] {processor.py:840} INFO - DAG(s) 'latest_only' retrieved from /home/airflow/.local/lib/python3.12/site-packages/airflow/example_dags/example_latest_only.py
[2025-07-23T08:20:07.301+0000] {logging_mixin.py:188} INFO - [2025-07-23T08:20:07.300+0000] {dag.py:3096} INFO - Sync 1 DAGs
[2025-07-23T08:20:07.458+0000] {logging_mixin.py:188} INFO - [2025-07-23T08:20:07.457+0000] {dag.py:3954} INFO - Setting next_dagrun for latest_only to 2025-07-23 04:00:00+00:00, run_after=2025-07-23 08:00:00+00:00
[2025-07-23T08:20:07.601+0000] {processor.py:183} INFO - Processing /home/airflow/.local/lib/python3.12/site-packages/airflow/example_dags/example_latest_only.py took 0.411 seconds
[2025-07-23T08:20:40.899+0000] {processor.py:161} INFO - Started process (PID=809) to work on /home/airflow/.local/lib/python3.12/site-packages/airflow/example_dags/example_latest_only.py
[2025-07-23T08:20:40.904+0000] {processor.py:830} INFO - Processing file /home/airflow/.local/lib/python3.12/site-packages/airflow/example_dags/example_latest_only.py for tasks to queue
[2025-07-23T08:20:40.912+0000] {logging_mixin.py:188} INFO - [2025-07-23T08:20:40.911+0000] {dagbag.py:545} INFO - Filling up the DagBag from /home/airflow/.local/lib/python3.12/site-packages/airflow/example_dags/example_latest_only.py
[2025-07-23T08:20:40.949+0000] {processor.py:840} INFO - DAG(s) 'latest_only' retrieved from /home/airflow/.local/lib/python3.12/site-packages/airflow/example_dags/example_latest_only.py
[2025-07-23T08:20:42.274+0000] {logging_mixin.py:188} INFO - [2025-07-23T08:20:42.274+0000] {dag.py:3096} INFO - Sync 1 DAGs
[2025-07-23T08:20:42.571+0000] {logging_mixin.py:188} INFO - [2025-07-23T08:20:42.571+0000] {dag.py:3954} INFO - Setting next_dagrun for latest_only to 2025-07-23 04:00:00+00:00, run_after=2025-07-23 08:00:00+00:00
[2025-07-23T08:20:42.690+0000] {processor.py:183} INFO - Processing /home/airflow/.local/lib/python3.12/site-packages/airflow/example_dags/example_latest_only.py took 1.839 seconds
[2025-07-23T08:21:13.251+0000] {processor.py:161} INFO - Started process (PID=867) to work on /home/airflow/.local/lib/python3.12/site-packages/airflow/example_dags/example_latest_only.py
[2025-07-23T08:21:13.255+0000] {processor.py:830} INFO - Processing file /home/airflow/.local/lib/python3.12/site-packages/airflow/example_dags/example_latest_only.py for tasks to queue
[2025-07-23T08:21:13.270+0000] {logging_mixin.py:188} INFO - [2025-07-23T08:21:13.269+0000] {dagbag.py:545} INFO - Filling up the DagBag from /home/airflow/.local/lib/python3.12/site-packages/airflow/example_dags/example_latest_only.py
[2025-07-23T08:21:13.303+0000] {processor.py:840} INFO - DAG(s) 'latest_only' retrieved from /home/airflow/.local/lib/python3.12/site-packages/airflow/example_dags/example_latest_only.py
[2025-07-23T08:21:13.385+0000] {logging_mixin.py:188} INFO - [2025-07-23T08:21:13.384+0000] {dag.py:3096} INFO - Sync 1 DAGs
[2025-07-23T08:21:13.541+0000] {logging_mixin.py:188} INFO - [2025-07-23T08:21:13.540+0000] {dag.py:3954} INFO - Setting next_dagrun for latest_only to 2025-07-23 04:00:00+00:00, run_after=2025-07-23 08:00:00+00:00
[2025-07-23T08:21:13.663+0000] {processor.py:183} INFO - Processing /home/airflow/.local/lib/python3.12/site-packages/airflow/example_dags/example_latest_only.py took 0.444 seconds
[2025-07-23T08:21:48.026+0000] {processor.py:161} INFO - Started process (PID=925) to work on /home/airflow/.local/lib/python3.12/site-packages/airflow/example_dags/example_latest_only.py
[2025-07-23T08:21:48.048+0000] {processor.py:830} INFO - Processing file /home/airflow/.local/lib/python3.12/site-packages/airflow/example_dags/example_latest_only.py for tasks to queue
[2025-07-23T08:21:48.052+0000] {logging_mixin.py:188} INFO - [2025-07-23T08:21:48.051+0000] {dagbag.py:545} INFO - Filling up the DagBag from /home/airflow/.local/lib/python3.12/site-packages/airflow/example_dags/example_latest_only.py
[2025-07-23T08:21:48.103+0000] {processor.py:840} INFO - DAG(s) 'latest_only' retrieved from /home/airflow/.local/lib/python3.12/site-packages/airflow/example_dags/example_latest_only.py
[2025-07-23T08:21:48.244+0000] {logging_mixin.py:188} INFO - [2025-07-23T08:21:48.243+0000] {dag.py:3096} INFO - Sync 1 DAGs
[2025-07-23T08:21:48.451+0000] {logging_mixin.py:188} INFO - [2025-07-23T08:21:48.451+0000] {dag.py:3954} INFO - Setting next_dagrun for latest_only to 2025-07-23 04:00:00+00:00, run_after=2025-07-23 08:00:00+00:00
[2025-07-23T08:21:48.567+0000] {processor.py:183} INFO - Processing /home/airflow/.local/lib/python3.12/site-packages/airflow/example_dags/example_latest_only.py took 0.585 seconds
[2025-07-23T08:22:19.928+0000] {processor.py:161} INFO - Started process (PID=983) to work on /home/airflow/.local/lib/python3.12/site-packages/airflow/example_dags/example_latest_only.py
[2025-07-23T08:22:19.959+0000] {processor.py:830} INFO - Processing file /home/airflow/.local/lib/python3.12/site-packages/airflow/example_dags/example_latest_only.py for tasks to queue
[2025-07-23T08:22:19.972+0000] {logging_mixin.py:188} INFO - [2025-07-23T08:22:19.971+0000] {dagbag.py:545} INFO - Filling up the DagBag from /home/airflow/.local/lib/python3.12/site-packages/airflow/example_dags/example_latest_only.py
[2025-07-23T08:22:20.009+0000] {processor.py:840} INFO - DAG(s) 'latest_only' retrieved from /home/airflow/.local/lib/python3.12/site-packages/airflow/example_dags/example_latest_only.py
[2025-07-23T08:22:20.268+0000] {logging_mixin.py:188} INFO - [2025-07-23T08:22:20.267+0000] {dag.py:3096} INFO - Sync 1 DAGs
[2025-07-23T08:22:20.559+0000] {logging_mixin.py:188} INFO - [2025-07-23T08:22:20.553+0000] {dag.py:3954} INFO - Setting next_dagrun for latest_only to 2025-07-23 04:00:00+00:00, run_after=2025-07-23 08:00:00+00:00
[2025-07-23T08:22:21.015+0000] {processor.py:183} INFO - Processing /home/airflow/.local/lib/python3.12/site-packages/airflow/example_dags/example_latest_only.py took 1.175 seconds
[2025-07-23T08:22:53.870+0000] {processor.py:161} INFO - Started process (PID=1040) to work on /home/airflow/.local/lib/python3.12/site-packages/airflow/example_dags/example_latest_only.py
[2025-07-23T08:22:53.894+0000] {processor.py:830} INFO - Processing file /home/airflow/.local/lib/python3.12/site-packages/airflow/example_dags/example_latest_only.py for tasks to queue
[2025-07-23T08:22:53.942+0000] {logging_mixin.py:188} INFO - [2025-07-23T08:22:53.934+0000] {dagbag.py:545} INFO - Filling up the DagBag from /home/airflow/.local/lib/python3.12/site-packages/airflow/example_dags/example_latest_only.py
[2025-07-23T08:22:53.997+0000] {processor.py:840} INFO - DAG(s) 'latest_only' retrieved from /home/airflow/.local/lib/python3.12/site-packages/airflow/example_dags/example_latest_only.py
[2025-07-23T08:22:54.207+0000] {logging_mixin.py:188} INFO - [2025-07-23T08:22:54.206+0000] {dag.py:3096} INFO - Sync 1 DAGs
[2025-07-23T08:22:54.409+0000] {logging_mixin.py:188} INFO - [2025-07-23T08:22:54.409+0000] {dag.py:3954} INFO - Setting next_dagrun for latest_only to 2025-07-23 04:00:00+00:00, run_after=2025-07-23 08:00:00+00:00
[2025-07-23T08:22:54.654+0000] {processor.py:183} INFO - Processing /home/airflow/.local/lib/python3.12/site-packages/airflow/example_dags/example_latest_only.py took 0.830 seconds
[2025-07-23T08:23:34.078+0000] {processor.py:161} INFO - Started process (PID=1098) to work on /home/airflow/.local/lib/python3.12/site-packages/airflow/example_dags/example_latest_only.py
[2025-07-23T08:23:34.086+0000] {processor.py:830} INFO - Processing file /home/airflow/.local/lib/python3.12/site-packages/airflow/example_dags/example_latest_only.py for tasks to queue
[2025-07-23T08:23:34.103+0000] {logging_mixin.py:188} INFO - [2025-07-23T08:23:34.102+0000] {dagbag.py:545} INFO - Filling up the DagBag from /home/airflow/.local/lib/python3.12/site-packages/airflow/example_dags/example_latest_only.py
[2025-07-23T08:23:34.144+0000] {processor.py:840} INFO - DAG(s) 'latest_only' retrieved from /home/airflow/.local/lib/python3.12/site-packages/airflow/example_dags/example_latest_only.py
[2025-07-23T08:23:34.427+0000] {logging_mixin.py:188} INFO - [2025-07-23T08:23:34.427+0000] {dag.py:3096} INFO - Sync 1 DAGs
[2025-07-23T08:23:34.897+0000] {logging_mixin.py:188} INFO - [2025-07-23T08:23:34.897+0000] {dag.py:3954} INFO - Setting next_dagrun for latest_only to 2025-07-23 04:00:00+00:00, run_after=2025-07-23 08:00:00+00:00
[2025-07-23T08:23:35.177+0000] {processor.py:183} INFO - Processing /home/airflow/.local/lib/python3.12/site-packages/airflow/example_dags/example_latest_only.py took 1.262 seconds
[2025-07-23T08:24:06.134+0000] {processor.py:161} INFO - Started process (PID=1156) to work on /home/airflow/.local/lib/python3.12/site-packages/airflow/example_dags/example_latest_only.py
[2025-07-23T08:24:06.145+0000] {processor.py:830} INFO - Processing file /home/airflow/.local/lib/python3.12/site-packages/airflow/example_dags/example_latest_only.py for tasks to queue
[2025-07-23T08:24:06.179+0000] {logging_mixin.py:188} INFO - [2025-07-23T08:24:06.178+0000] {dagbag.py:545} INFO - Filling up the DagBag from /home/airflow/.local/lib/python3.12/site-packages/airflow/example_dags/example_latest_only.py
[2025-07-23T08:24:06.225+0000] {processor.py:840} INFO - DAG(s) 'latest_only' retrieved from /home/airflow/.local/lib/python3.12/site-packages/airflow/example_dags/example_latest_only.py
[2025-07-23T08:24:06.406+0000] {logging_mixin.py:188} INFO - [2025-07-23T08:24:06.405+0000] {dag.py:3096} INFO - Sync 1 DAGs
[2025-07-23T08:24:06.553+0000] {logging_mixin.py:188} INFO - [2025-07-23T08:24:06.553+0000] {dag.py:3954} INFO - Setting next_dagrun for latest_only to 2025-07-23 04:00:00+00:00, run_after=2025-07-23 08:00:00+00:00
[2025-07-23T08:24:06.703+0000] {processor.py:183} INFO - Processing /home/airflow/.local/lib/python3.12/site-packages/airflow/example_dags/example_latest_only.py took 0.609 seconds
[2025-07-23T08:24:37.295+0000] {processor.py:161} INFO - Started process (PID=1213) to work on /home/airflow/.local/lib/python3.12/site-packages/airflow/example_dags/example_latest_only.py
[2025-07-23T08:24:37.297+0000] {processor.py:830} INFO - Processing file /home/airflow/.local/lib/python3.12/site-packages/airflow/example_dags/example_latest_only.py for tasks to queue
[2025-07-23T08:24:37.307+0000] {logging_mixin.py:188} INFO - [2025-07-23T08:24:37.307+0000] {dagbag.py:545} INFO - Filling up the DagBag from /home/airflow/.local/lib/python3.12/site-packages/airflow/example_dags/example_latest_only.py
[2025-07-23T08:24:37.319+0000] {processor.py:840} INFO - DAG(s) 'latest_only' retrieved from /home/airflow/.local/lib/python3.12/site-packages/airflow/example_dags/example_latest_only.py
[2025-07-23T08:24:37.436+0000] {logging_mixin.py:188} INFO - [2025-07-23T08:24:37.436+0000] {dag.py:3096} INFO - Sync 1 DAGs
[2025-07-23T08:24:37.650+0000] {logging_mixin.py:188} INFO - [2025-07-23T08:24:37.650+0000] {dag.py:3954} INFO - Setting next_dagrun for latest_only to 2025-07-23 04:00:00+00:00, run_after=2025-07-23 08:00:00+00:00
[2025-07-23T08:24:37.889+0000] {processor.py:183} INFO - Processing /home/airflow/.local/lib/python3.12/site-packages/airflow/example_dags/example_latest_only.py took 0.611 seconds
[2025-07-23T08:25:08.412+0000] {processor.py:161} INFO - Started process (PID=1270) to work on /home/airflow/.local/lib/python3.12/site-packages/airflow/example_dags/example_latest_only.py
[2025-07-23T08:25:08.414+0000] {processor.py:830} INFO - Processing file /home/airflow/.local/lib/python3.12/site-packages/airflow/example_dags/example_latest_only.py for tasks to queue
[2025-07-23T08:25:08.420+0000] {logging_mixin.py:188} INFO - [2025-07-23T08:25:08.419+0000] {dagbag.py:545} INFO - Filling up the DagBag from /home/airflow/.local/lib/python3.12/site-packages/airflow/example_dags/example_latest_only.py
[2025-07-23T08:25:08.431+0000] {processor.py:840} INFO - DAG(s) 'latest_only' retrieved from /home/airflow/.local/lib/python3.12/site-packages/airflow/example_dags/example_latest_only.py
[2025-07-23T08:25:08.466+0000] {logging_mixin.py:188} INFO - [2025-07-23T08:25:08.465+0000] {dag.py:3096} INFO - Sync 1 DAGs
[2025-07-23T08:25:08.516+0000] {logging_mixin.py:188} INFO - [2025-07-23T08:25:08.516+0000] {dag.py:3954} INFO - Setting next_dagrun for latest_only to 2025-07-23 04:00:00+00:00, run_after=2025-07-23 08:00:00+00:00
[2025-07-23T08:25:08.566+0000] {processor.py:183} INFO - Processing /home/airflow/.local/lib/python3.12/site-packages/airflow/example_dags/example_latest_only.py took 0.163 seconds
[2025-07-23T08:25:38.839+0000] {processor.py:161} INFO - Started process (PID=1328) to work on /home/airflow/.local/lib/python3.12/site-packages/airflow/example_dags/example_latest_only.py
[2025-07-23T08:25:38.841+0000] {processor.py:830} INFO - Processing file /home/airflow/.local/lib/python3.12/site-packages/airflow/example_dags/example_latest_only.py for tasks to queue
[2025-07-23T08:25:38.859+0000] {logging_mixin.py:188} INFO - [2025-07-23T08:25:38.858+0000] {dagbag.py:545} INFO - Filling up the DagBag from /home/airflow/.local/lib/python3.12/site-packages/airflow/example_dags/example_latest_only.py
[2025-07-23T08:25:38.899+0000] {processor.py:840} INFO - DAG(s) 'latest_only' retrieved from /home/airflow/.local/lib/python3.12/site-packages/airflow/example_dags/example_latest_only.py
[2025-07-23T08:25:38.952+0000] {logging_mixin.py:188} INFO - [2025-07-23T08:25:38.952+0000] {dag.py:3096} INFO - Sync 1 DAGs
[2025-07-23T08:25:39.015+0000] {logging_mixin.py:188} INFO - [2025-07-23T08:25:39.015+0000] {dag.py:3954} INFO - Setting next_dagrun for latest_only to 2025-07-23 04:00:00+00:00, run_after=2025-07-23 08:00:00+00:00
[2025-07-23T08:25:39.109+0000] {processor.py:183} INFO - Processing /home/airflow/.local/lib/python3.12/site-packages/airflow/example_dags/example_latest_only.py took 0.304 seconds
[2025-07-23T08:26:09.656+0000] {processor.py:161} INFO - Started process (PID=1385) to work on /home/airflow/.local/lib/python3.12/site-packages/airflow/example_dags/example_latest_only.py
[2025-07-23T08:26:09.658+0000] {processor.py:830} INFO - Processing file /home/airflow/.local/lib/python3.12/site-packages/airflow/example_dags/example_latest_only.py for tasks to queue
[2025-07-23T08:26:09.666+0000] {logging_mixin.py:188} INFO - [2025-07-23T08:26:09.661+0000] {dagbag.py:545} INFO - Filling up the DagBag from /home/airflow/.local/lib/python3.12/site-packages/airflow/example_dags/example_latest_only.py
[2025-07-23T08:26:09.684+0000] {processor.py:840} INFO - DAG(s) 'latest_only' retrieved from /home/airflow/.local/lib/python3.12/site-packages/airflow/example_dags/example_latest_only.py
[2025-07-23T08:26:09.761+0000] {logging_mixin.py:188} INFO - [2025-07-23T08:26:09.760+0000] {dag.py:3096} INFO - Sync 1 DAGs
[2025-07-23T08:26:09.817+0000] {logging_mixin.py:188} INFO - [2025-07-23T08:26:09.816+0000] {dag.py:3954} INFO - Setting next_dagrun for latest_only to 2025-07-23 04:00:00+00:00, run_after=2025-07-23 08:00:00+00:00
[2025-07-23T08:26:09.867+0000] {processor.py:183} INFO - Processing /home/airflow/.local/lib/python3.12/site-packages/airflow/example_dags/example_latest_only.py took 0.239 seconds
[2025-07-23T08:26:40.112+0000] {processor.py:161} INFO - Started process (PID=1443) to work on /home/airflow/.local/lib/python3.12/site-packages/airflow/example_dags/example_latest_only.py
[2025-07-23T08:26:40.114+0000] {processor.py:830} INFO - Processing file /home/airflow/.local/lib/python3.12/site-packages/airflow/example_dags/example_latest_only.py for tasks to queue
[2025-07-23T08:26:40.118+0000] {logging_mixin.py:188} INFO - [2025-07-23T08:26:40.117+0000] {dagbag.py:545} INFO - Filling up the DagBag from /home/airflow/.local/lib/python3.12/site-packages/airflow/example_dags/example_latest_only.py
[2025-07-23T08:26:40.130+0000] {processor.py:840} INFO - DAG(s) 'latest_only' retrieved from /home/airflow/.local/lib/python3.12/site-packages/airflow/example_dags/example_latest_only.py
[2025-07-23T08:26:40.175+0000] {logging_mixin.py:188} INFO - [2025-07-23T08:26:40.174+0000] {dag.py:3096} INFO - Sync 1 DAGs
[2025-07-23T08:26:40.246+0000] {logging_mixin.py:188} INFO - [2025-07-23T08:26:40.245+0000] {dag.py:3954} INFO - Setting next_dagrun for latest_only to 2025-07-23 04:00:00+00:00, run_after=2025-07-23 08:00:00+00:00
[2025-07-23T08:26:40.405+0000] {processor.py:183} INFO - Processing /home/airflow/.local/lib/python3.12/site-packages/airflow/example_dags/example_latest_only.py took 0.307 seconds
[2025-07-23T08:27:16.387+0000] {processor.py:161} INFO - Started process (PID=1501) to work on /home/airflow/.local/lib/python3.12/site-packages/airflow/example_dags/example_latest_only.py
[2025-07-23T08:27:16.481+0000] {processor.py:830} INFO - Processing file /home/airflow/.local/lib/python3.12/site-packages/airflow/example_dags/example_latest_only.py for tasks to queue
[2025-07-23T08:27:16.707+0000] {logging_mixin.py:188} INFO - [2025-07-23T08:27:16.706+0000] {dagbag.py:545} INFO - Filling up the DagBag from /home/airflow/.local/lib/python3.12/site-packages/airflow/example_dags/example_latest_only.py
[2025-07-23T08:27:16.856+0000] {processor.py:840} INFO - DAG(s) 'latest_only' retrieved from /home/airflow/.local/lib/python3.12/site-packages/airflow/example_dags/example_latest_only.py
[2025-07-23T08:27:16.949+0000] {logging_mixin.py:188} INFO - [2025-07-23T08:27:16.949+0000] {dag.py:3096} INFO - Sync 1 DAGs
[2025-07-23T08:27:17.167+0000] {logging_mixin.py:188} INFO - [2025-07-23T08:27:17.167+0000] {dag.py:3954} INFO - Setting next_dagrun for latest_only to 2025-07-23 04:00:00+00:00, run_after=2025-07-23 08:00:00+00:00
[2025-07-23T08:27:17.352+0000] {processor.py:183} INFO - Processing /home/airflow/.local/lib/python3.12/site-packages/airflow/example_dags/example_latest_only.py took 1.006 seconds
[2025-07-23T08:27:48.677+0000] {processor.py:161} INFO - Started process (PID=1548) to work on /home/airflow/.local/lib/python3.12/site-packages/airflow/example_dags/example_latest_only.py
[2025-07-23T08:27:48.679+0000] {processor.py:830} INFO - Processing file /home/airflow/.local/lib/python3.12/site-packages/airflow/example_dags/example_latest_only.py for tasks to queue
[2025-07-23T08:27:48.683+0000] {logging_mixin.py:188} INFO - [2025-07-23T08:27:48.683+0000] {dagbag.py:545} INFO - Filling up the DagBag from /home/airflow/.local/lib/python3.12/site-packages/airflow/example_dags/example_latest_only.py
[2025-07-23T08:27:48.694+0000] {processor.py:840} INFO - DAG(s) 'latest_only' retrieved from /home/airflow/.local/lib/python3.12/site-packages/airflow/example_dags/example_latest_only.py
[2025-07-23T08:27:48.754+0000] {logging_mixin.py:188} INFO - [2025-07-23T08:27:48.753+0000] {dag.py:3096} INFO - Sync 1 DAGs
[2025-07-23T08:27:48.812+0000] {logging_mixin.py:188} INFO - [2025-07-23T08:27:48.811+0000] {dag.py:3954} INFO - Setting next_dagrun for latest_only to 2025-07-23 04:00:00+00:00, run_after=2025-07-23 08:00:00+00:00
[2025-07-23T08:27:48.957+0000] {processor.py:183} INFO - Processing /home/airflow/.local/lib/python3.12/site-packages/airflow/example_dags/example_latest_only.py took 0.292 seconds
[2025-07-23T08:28:19.092+0000] {processor.py:161} INFO - Started process (PID=1606) to work on /home/airflow/.local/lib/python3.12/site-packages/airflow/example_dags/example_latest_only.py
[2025-07-23T08:28:19.093+0000] {processor.py:830} INFO - Processing file /home/airflow/.local/lib/python3.12/site-packages/airflow/example_dags/example_latest_only.py for tasks to queue
[2025-07-23T08:28:19.096+0000] {logging_mixin.py:188} INFO - [2025-07-23T08:28:19.095+0000] {dagbag.py:545} INFO - Filling up the DagBag from /home/airflow/.local/lib/python3.12/site-packages/airflow/example_dags/example_latest_only.py
[2025-07-23T08:28:19.106+0000] {processor.py:840} INFO - DAG(s) 'latest_only' retrieved from /home/airflow/.local/lib/python3.12/site-packages/airflow/example_dags/example_latest_only.py
[2025-07-23T08:28:19.139+0000] {logging_mixin.py:188} INFO - [2025-07-23T08:28:19.138+0000] {dag.py:3096} INFO - Sync 1 DAGs
[2025-07-23T08:28:19.187+0000] {logging_mixin.py:188} INFO - [2025-07-23T08:28:19.187+0000] {dag.py:3954} INFO - Setting next_dagrun for latest_only to 2025-07-23 04:00:00+00:00, run_after=2025-07-23 08:00:00+00:00
[2025-07-23T08:28:19.233+0000] {processor.py:183} INFO - Processing /home/airflow/.local/lib/python3.12/site-packages/airflow/example_dags/example_latest_only.py took 0.152 seconds
[2025-07-23T08:28:52.498+0000] {processor.py:161} INFO - Started process (PID=1665) to work on /home/airflow/.local/lib/python3.12/site-packages/airflow/example_dags/example_latest_only.py
[2025-07-23T08:28:52.529+0000] {processor.py:830} INFO - Processing file /home/airflow/.local/lib/python3.12/site-packages/airflow/example_dags/example_latest_only.py for tasks to queue
[2025-07-23T08:28:52.543+0000] {logging_mixin.py:188} INFO - [2025-07-23T08:28:52.542+0000] {dagbag.py:545} INFO - Filling up the DagBag from /home/airflow/.local/lib/python3.12/site-packages/airflow/example_dags/example_latest_only.py
[2025-07-23T08:28:52.604+0000] {processor.py:840} INFO - DAG(s) 'latest_only' retrieved from /home/airflow/.local/lib/python3.12/site-packages/airflow/example_dags/example_latest_only.py
[2025-07-23T08:28:52.943+0000] {logging_mixin.py:188} INFO - [2025-07-23T08:28:52.942+0000] {dag.py:3096} INFO - Sync 1 DAGs
[2025-07-23T08:28:53.246+0000] {logging_mixin.py:188} INFO - [2025-07-23T08:28:53.231+0000] {dag.py:3954} INFO - Setting next_dagrun for latest_only to 2025-07-23 04:00:00+00:00, run_after=2025-07-23 08:00:00+00:00
[2025-07-23T08:28:53.460+0000] {processor.py:183} INFO - Processing /home/airflow/.local/lib/python3.12/site-packages/airflow/example_dags/example_latest_only.py took 1.062 seconds
[2025-07-23T08:29:23.853+0000] {processor.py:161} INFO - Started process (PID=1723) to work on /home/airflow/.local/lib/python3.12/site-packages/airflow/example_dags/example_latest_only.py
[2025-07-23T08:29:23.855+0000] {processor.py:830} INFO - Processing file /home/airflow/.local/lib/python3.12/site-packages/airflow/example_dags/example_latest_only.py for tasks to queue
[2025-07-23T08:29:23.861+0000] {logging_mixin.py:188} INFO - [2025-07-23T08:29:23.860+0000] {dagbag.py:545} INFO - Filling up the DagBag from /home/airflow/.local/lib/python3.12/site-packages/airflow/example_dags/example_latest_only.py
[2025-07-23T08:29:23.884+0000] {processor.py:840} INFO - DAG(s) 'latest_only' retrieved from /home/airflow/.local/lib/python3.12/site-packages/airflow/example_dags/example_latest_only.py
[2025-07-23T08:29:23.931+0000] {logging_mixin.py:188} INFO - [2025-07-23T08:29:23.930+0000] {dag.py:3096} INFO - Sync 1 DAGs
[2025-07-23T08:29:23.999+0000] {logging_mixin.py:188} INFO - [2025-07-23T08:29:23.998+0000] {dag.py:3954} INFO - Setting next_dagrun for latest_only to 2025-07-23 04:00:00+00:00, run_after=2025-07-23 08:00:00+00:00
[2025-07-23T08:29:24.069+0000] {processor.py:183} INFO - Processing /home/airflow/.local/lib/python3.12/site-packages/airflow/example_dags/example_latest_only.py took 0.235 seconds
[2025-07-23T08:29:54.391+0000] {processor.py:161} INFO - Started process (PID=1781) to work on /home/airflow/.local/lib/python3.12/site-packages/airflow/example_dags/example_latest_only.py
[2025-07-23T08:29:54.393+0000] {processor.py:830} INFO - Processing file /home/airflow/.local/lib/python3.12/site-packages/airflow/example_dags/example_latest_only.py for tasks to queue
[2025-07-23T08:29:54.398+0000] {logging_mixin.py:188} INFO - [2025-07-23T08:29:54.396+0000] {dagbag.py:545} INFO - Filling up the DagBag from /home/airflow/.local/lib/python3.12/site-packages/airflow/example_dags/example_latest_only.py
[2025-07-23T08:29:54.409+0000] {processor.py:840} INFO - DAG(s) 'latest_only' retrieved from /home/airflow/.local/lib/python3.12/site-packages/airflow/example_dags/example_latest_only.py
[2025-07-23T08:29:54.455+0000] {logging_mixin.py:188} INFO - [2025-07-23T08:29:54.455+0000] {dag.py:3096} INFO - Sync 1 DAGs
[2025-07-23T08:29:54.549+0000] {logging_mixin.py:188} INFO - [2025-07-23T08:29:54.548+0000] {dag.py:3954} INFO - Setting next_dagrun for latest_only to 2025-07-23 04:00:00+00:00, run_after=2025-07-23 08:00:00+00:00
[2025-07-23T08:29:54.635+0000] {processor.py:183} INFO - Processing /home/airflow/.local/lib/python3.12/site-packages/airflow/example_dags/example_latest_only.py took 0.256 seconds
[2025-07-23T08:30:25.456+0000] {processor.py:161} INFO - Started process (PID=1838) to work on /home/airflow/.local/lib/python3.12/site-packages/airflow/example_dags/example_latest_only.py
[2025-07-23T08:30:25.460+0000] {processor.py:830} INFO - Processing file /home/airflow/.local/lib/python3.12/site-packages/airflow/example_dags/example_latest_only.py for tasks to queue
[2025-07-23T08:30:25.474+0000] {logging_mixin.py:188} INFO - [2025-07-23T08:30:25.473+0000] {dagbag.py:545} INFO - Filling up the DagBag from /home/airflow/.local/lib/python3.12/site-packages/airflow/example_dags/example_latest_only.py
[2025-07-23T08:30:25.495+0000] {processor.py:840} INFO - DAG(s) 'latest_only' retrieved from /home/airflow/.local/lib/python3.12/site-packages/airflow/example_dags/example_latest_only.py
[2025-07-23T08:30:25.555+0000] {logging_mixin.py:188} INFO - [2025-07-23T08:30:25.552+0000] {dag.py:3096} INFO - Sync 1 DAGs
[2025-07-23T08:30:25.638+0000] {logging_mixin.py:188} INFO - [2025-07-23T08:30:25.637+0000] {dag.py:3954} INFO - Setting next_dagrun for latest_only to 2025-07-23 04:00:00+00:00, run_after=2025-07-23 08:00:00+00:00
[2025-07-23T08:30:25.694+0000] {processor.py:183} INFO - Processing /home/airflow/.local/lib/python3.12/site-packages/airflow/example_dags/example_latest_only.py took 0.275 seconds
[2025-07-23T08:30:56.575+0000] {processor.py:161} INFO - Started process (PID=1896) to work on /home/airflow/.local/lib/python3.12/site-packages/airflow/example_dags/example_latest_only.py
[2025-07-23T08:30:56.577+0000] {processor.py:830} INFO - Processing file /home/airflow/.local/lib/python3.12/site-packages/airflow/example_dags/example_latest_only.py for tasks to queue
[2025-07-23T08:30:56.581+0000] {logging_mixin.py:188} INFO - [2025-07-23T08:30:56.580+0000] {dagbag.py:545} INFO - Filling up the DagBag from /home/airflow/.local/lib/python3.12/site-packages/airflow/example_dags/example_latest_only.py
[2025-07-23T08:30:56.591+0000] {processor.py:840} INFO - DAG(s) 'latest_only' retrieved from /home/airflow/.local/lib/python3.12/site-packages/airflow/example_dags/example_latest_only.py
[2025-07-23T08:30:56.654+0000] {logging_mixin.py:188} INFO - [2025-07-23T08:30:56.653+0000] {dag.py:3096} INFO - Sync 1 DAGs
[2025-07-23T08:30:56.718+0000] {logging_mixin.py:188} INFO - [2025-07-23T08:30:56.717+0000] {dag.py:3954} INFO - Setting next_dagrun for latest_only to 2025-07-23 04:00:00+00:00, run_after=2025-07-23 08:00:00+00:00
[2025-07-23T08:30:56.828+0000] {processor.py:183} INFO - Processing /home/airflow/.local/lib/python3.12/site-packages/airflow/example_dags/example_latest_only.py took 0.266 seconds
[2025-07-23T08:31:27.153+0000] {processor.py:161} INFO - Started process (PID=1954) to work on /home/airflow/.local/lib/python3.12/site-packages/airflow/example_dags/example_latest_only.py
[2025-07-23T08:31:27.167+0000] {processor.py:830} INFO - Processing file /home/airflow/.local/lib/python3.12/site-packages/airflow/example_dags/example_latest_only.py for tasks to queue
[2025-07-23T08:31:27.171+0000] {logging_mixin.py:188} INFO - [2025-07-23T08:31:27.170+0000] {dagbag.py:545} INFO - Filling up the DagBag from /home/airflow/.local/lib/python3.12/site-packages/airflow/example_dags/example_latest_only.py
[2025-07-23T08:31:27.200+0000] {processor.py:840} INFO - DAG(s) 'latest_only' retrieved from /home/airflow/.local/lib/python3.12/site-packages/airflow/example_dags/example_latest_only.py
[2025-07-23T08:31:27.375+0000] {logging_mixin.py:188} INFO - [2025-07-23T08:31:27.374+0000] {dag.py:3096} INFO - Sync 1 DAGs
[2025-07-23T08:31:27.574+0000] {logging_mixin.py:188} INFO - [2025-07-23T08:31:27.573+0000] {dag.py:3954} INFO - Setting next_dagrun for latest_only to 2025-07-23 04:00:00+00:00, run_after=2025-07-23 08:00:00+00:00
[2025-07-23T08:31:27.667+0000] {processor.py:183} INFO - Processing /home/airflow/.local/lib/python3.12/site-packages/airflow/example_dags/example_latest_only.py took 0.544 seconds
[2025-07-23T08:31:58.078+0000] {processor.py:161} INFO - Started process (PID=2013) to work on /home/airflow/.local/lib/python3.12/site-packages/airflow/example_dags/example_latest_only.py
[2025-07-23T08:31:58.081+0000] {processor.py:830} INFO - Processing file /home/airflow/.local/lib/python3.12/site-packages/airflow/example_dags/example_latest_only.py for tasks to queue
[2025-07-23T08:31:58.085+0000] {logging_mixin.py:188} INFO - [2025-07-23T08:31:58.084+0000] {dagbag.py:545} INFO - Filling up the DagBag from /home/airflow/.local/lib/python3.12/site-packages/airflow/example_dags/example_latest_only.py
[2025-07-23T08:31:58.096+0000] {processor.py:840} INFO - DAG(s) 'latest_only' retrieved from /home/airflow/.local/lib/python3.12/site-packages/airflow/example_dags/example_latest_only.py
[2025-07-23T08:31:58.141+0000] {logging_mixin.py:188} INFO - [2025-07-23T08:31:58.141+0000] {dag.py:3096} INFO - Sync 1 DAGs
[2025-07-23T08:31:58.500+0000] {logging_mixin.py:188} INFO - [2025-07-23T08:31:58.499+0000] {dag.py:3954} INFO - Setting next_dagrun for latest_only to 2025-07-23 04:00:00+00:00, run_after=2025-07-23 08:00:00+00:00
[2025-07-23T08:31:58.554+0000] {processor.py:183} INFO - Processing /home/airflow/.local/lib/python3.12/site-packages/airflow/example_dags/example_latest_only.py took 0.498 seconds
[2025-07-23T08:34:59.613+0000] {processor.py:161} INFO - Started process (PID=72) to work on /home/airflow/.local/lib/python3.12/site-packages/airflow/example_dags/example_latest_only.py
[2025-07-23T08:34:59.615+0000] {processor.py:830} INFO - Processing file /home/airflow/.local/lib/python3.12/site-packages/airflow/example_dags/example_latest_only.py for tasks to queue
[2025-07-23T08:34:59.620+0000] {logging_mixin.py:188} INFO - [2025-07-23T08:34:59.619+0000] {dagbag.py:545} INFO - Filling up the DagBag from /home/airflow/.local/lib/python3.12/site-packages/airflow/example_dags/example_latest_only.py
[2025-07-23T08:34:59.639+0000] {processor.py:840} INFO - DAG(s) 'latest_only' retrieved from /home/airflow/.local/lib/python3.12/site-packages/airflow/example_dags/example_latest_only.py
[2025-07-23T08:34:59.890+0000] {logging_mixin.py:188} INFO - [2025-07-23T08:34:59.890+0000] {dag.py:3096} INFO - Sync 1 DAGs
[2025-07-23T08:34:59.936+0000] {logging_mixin.py:188} INFO - [2025-07-23T08:34:59.936+0000] {dag.py:3954} INFO - Setting next_dagrun for latest_only to 2025-07-23 04:00:00+00:00, run_after=2025-07-23 08:00:00+00:00
[2025-07-23T08:34:59.984+0000] {processor.py:183} INFO - Processing /home/airflow/.local/lib/python3.12/site-packages/airflow/example_dags/example_latest_only.py took 0.386 seconds
[2025-07-23T08:35:30.555+0000] {processor.py:161} INFO - Started process (PID=130) to work on /home/airflow/.local/lib/python3.12/site-packages/airflow/example_dags/example_latest_only.py
[2025-07-23T08:35:30.556+0000] {processor.py:830} INFO - Processing file /home/airflow/.local/lib/python3.12/site-packages/airflow/example_dags/example_latest_only.py for tasks to queue
[2025-07-23T08:35:30.559+0000] {logging_mixin.py:188} INFO - [2025-07-23T08:35:30.559+0000] {dagbag.py:545} INFO - Filling up the DagBag from /home/airflow/.local/lib/python3.12/site-packages/airflow/example_dags/example_latest_only.py
[2025-07-23T08:35:30.566+0000] {processor.py:840} INFO - DAG(s) 'latest_only' retrieved from /home/airflow/.local/lib/python3.12/site-packages/airflow/example_dags/example_latest_only.py
[2025-07-23T08:35:30.602+0000] {logging_mixin.py:188} INFO - [2025-07-23T08:35:30.602+0000] {dag.py:3096} INFO - Sync 1 DAGs
[2025-07-23T08:35:30.640+0000] {logging_mixin.py:188} INFO - [2025-07-23T08:35:30.640+0000] {dag.py:3954} INFO - Setting next_dagrun for latest_only to 2025-07-23 04:00:00+00:00, run_after=2025-07-23 08:00:00+00:00
[2025-07-23T08:35:30.675+0000] {processor.py:183} INFO - Processing /home/airflow/.local/lib/python3.12/site-packages/airflow/example_dags/example_latest_only.py took 0.130 seconds
[2025-07-23T08:36:01.943+0000] {processor.py:161} INFO - Started process (PID=188) to work on /home/airflow/.local/lib/python3.12/site-packages/airflow/example_dags/example_latest_only.py
[2025-07-23T08:36:01.952+0000] {processor.py:830} INFO - Processing file /home/airflow/.local/lib/python3.12/site-packages/airflow/example_dags/example_latest_only.py for tasks to queue
[2025-07-23T08:36:01.966+0000] {logging_mixin.py:188} INFO - [2025-07-23T08:36:01.965+0000] {dagbag.py:545} INFO - Filling up the DagBag from /home/airflow/.local/lib/python3.12/site-packages/airflow/example_dags/example_latest_only.py
[2025-07-23T08:36:02.001+0000] {processor.py:840} INFO - DAG(s) 'latest_only' retrieved from /home/airflow/.local/lib/python3.12/site-packages/airflow/example_dags/example_latest_only.py
[2025-07-23T08:36:02.118+0000] {logging_mixin.py:188} INFO - [2025-07-23T08:36:02.117+0000] {dag.py:3096} INFO - Sync 1 DAGs
[2025-07-23T08:36:02.443+0000] {logging_mixin.py:188} INFO - [2025-07-23T08:36:02.441+0000] {dag.py:3954} INFO - Setting next_dagrun for latest_only to 2025-07-23 04:00:00+00:00, run_after=2025-07-23 08:00:00+00:00
[2025-07-23T08:36:02.720+0000] {processor.py:183} INFO - Processing /home/airflow/.local/lib/python3.12/site-packages/airflow/example_dags/example_latest_only.py took 0.813 seconds
[2025-07-23T08:36:33.078+0000] {processor.py:161} INFO - Started process (PID=246) to work on /home/airflow/.local/lib/python3.12/site-packages/airflow/example_dags/example_latest_only.py
[2025-07-23T08:36:33.079+0000] {processor.py:830} INFO - Processing file /home/airflow/.local/lib/python3.12/site-packages/airflow/example_dags/example_latest_only.py for tasks to queue
[2025-07-23T08:36:33.090+0000] {logging_mixin.py:188} INFO - [2025-07-23T08:36:33.089+0000] {dagbag.py:545} INFO - Filling up the DagBag from /home/airflow/.local/lib/python3.12/site-packages/airflow/example_dags/example_latest_only.py
[2025-07-23T08:36:33.101+0000] {processor.py:840} INFO - DAG(s) 'latest_only' retrieved from /home/airflow/.local/lib/python3.12/site-packages/airflow/example_dags/example_latest_only.py
[2025-07-23T08:36:33.167+0000] {logging_mixin.py:188} INFO - [2025-07-23T08:36:33.166+0000] {dag.py:3096} INFO - Sync 1 DAGs
[2025-07-23T08:36:33.281+0000] {logging_mixin.py:188} INFO - [2025-07-23T08:36:33.280+0000] {dag.py:3954} INFO - Setting next_dagrun for latest_only to 2025-07-23 04:00:00+00:00, run_after=2025-07-23 08:00:00+00:00
[2025-07-23T08:36:33.391+0000] {processor.py:183} INFO - Processing /home/airflow/.local/lib/python3.12/site-packages/airflow/example_dags/example_latest_only.py took 0.332 seconds
[2025-07-23T08:37:04.122+0000] {processor.py:161} INFO - Started process (PID=305) to work on /home/airflow/.local/lib/python3.12/site-packages/airflow/example_dags/example_latest_only.py
[2025-07-23T08:37:04.138+0000] {processor.py:830} INFO - Processing file /home/airflow/.local/lib/python3.12/site-packages/airflow/example_dags/example_latest_only.py for tasks to queue
[2025-07-23T08:37:04.160+0000] {logging_mixin.py:188} INFO - [2025-07-23T08:37:04.159+0000] {dagbag.py:545} INFO - Filling up the DagBag from /home/airflow/.local/lib/python3.12/site-packages/airflow/example_dags/example_latest_only.py
[2025-07-23T08:37:04.214+0000] {processor.py:840} INFO - DAG(s) 'latest_only' retrieved from /home/airflow/.local/lib/python3.12/site-packages/airflow/example_dags/example_latest_only.py
[2025-07-23T08:37:04.385+0000] {logging_mixin.py:188} INFO - [2025-07-23T08:37:04.384+0000] {dag.py:3096} INFO - Sync 1 DAGs
[2025-07-23T08:37:04.589+0000] {logging_mixin.py:188} INFO - [2025-07-23T08:37:04.588+0000] {dag.py:3954} INFO - Setting next_dagrun for latest_only to 2025-07-23 04:00:00+00:00, run_after=2025-07-23 08:00:00+00:00
[2025-07-23T08:37:04.739+0000] {processor.py:183} INFO - Processing /home/airflow/.local/lib/python3.12/site-packages/airflow/example_dags/example_latest_only.py took 0.732 seconds
[2025-07-23T08:37:39.237+0000] {processor.py:161} INFO - Started process (PID=364) to work on /home/airflow/.local/lib/python3.12/site-packages/airflow/example_dags/example_latest_only.py
[2025-07-23T08:37:39.251+0000] {processor.py:830} INFO - Processing file /home/airflow/.local/lib/python3.12/site-packages/airflow/example_dags/example_latest_only.py for tasks to queue
[2025-07-23T08:37:39.260+0000] {logging_mixin.py:188} INFO - [2025-07-23T08:37:39.259+0000] {dagbag.py:545} INFO - Filling up the DagBag from /home/airflow/.local/lib/python3.12/site-packages/airflow/example_dags/example_latest_only.py
[2025-07-23T08:37:39.291+0000] {processor.py:840} INFO - DAG(s) 'latest_only' retrieved from /home/airflow/.local/lib/python3.12/site-packages/airflow/example_dags/example_latest_only.py
[2025-07-23T08:37:39.587+0000] {logging_mixin.py:188} INFO - [2025-07-23T08:37:39.583+0000] {dag.py:3096} INFO - Sync 1 DAGs
[2025-07-23T08:37:39.935+0000] {logging_mixin.py:188} INFO - [2025-07-23T08:37:39.934+0000] {dag.py:3954} INFO - Setting next_dagrun for latest_only to 2025-07-23 04:00:00+00:00, run_after=2025-07-23 08:00:00+00:00
[2025-07-23T08:37:40.243+0000] {processor.py:183} INFO - Processing /home/airflow/.local/lib/python3.12/site-packages/airflow/example_dags/example_latest_only.py took 1.038 seconds
[2025-07-23T08:38:15.870+0000] {processor.py:161} INFO - Started process (PID=425) to work on /home/airflow/.local/lib/python3.12/site-packages/airflow/example_dags/example_latest_only.py
[2025-07-23T08:38:15.900+0000] {processor.py:830} INFO - Processing file /home/airflow/.local/lib/python3.12/site-packages/airflow/example_dags/example_latest_only.py for tasks to queue
[2025-07-23T08:38:15.914+0000] {logging_mixin.py:188} INFO - [2025-07-23T08:38:15.913+0000] {dagbag.py:545} INFO - Filling up the DagBag from /home/airflow/.local/lib/python3.12/site-packages/airflow/example_dags/example_latest_only.py
[2025-07-23T08:38:15.947+0000] {processor.py:840} INFO - DAG(s) 'latest_only' retrieved from /home/airflow/.local/lib/python3.12/site-packages/airflow/example_dags/example_latest_only.py
[2025-07-23T08:38:16.077+0000] {logging_mixin.py:188} INFO - [2025-07-23T08:38:16.077+0000] {dag.py:3096} INFO - Sync 1 DAGs
[2025-07-23T08:38:16.266+0000] {logging_mixin.py:188} INFO - [2025-07-23T08:38:16.265+0000] {dag.py:3954} INFO - Setting next_dagrun for latest_only to 2025-07-23 04:00:00+00:00, run_after=2025-07-23 08:00:00+00:00
[2025-07-23T08:38:16.589+0000] {processor.py:183} INFO - Processing /home/airflow/.local/lib/python3.12/site-packages/airflow/example_dags/example_latest_only.py took 0.803 seconds
[2025-07-23T08:39:03.138+0000] {processor.py:161} INFO - Started process (PID=473) to work on /home/airflow/.local/lib/python3.12/site-packages/airflow/example_dags/example_latest_only.py
[2025-07-23T08:39:03.153+0000] {processor.py:830} INFO - Processing file /home/airflow/.local/lib/python3.12/site-packages/airflow/example_dags/example_latest_only.py for tasks to queue
[2025-07-23T08:39:03.170+0000] {logging_mixin.py:188} INFO - [2025-07-23T08:39:03.169+0000] {dagbag.py:545} INFO - Filling up the DagBag from /home/airflow/.local/lib/python3.12/site-packages/airflow/example_dags/example_latest_only.py
[2025-07-23T08:39:03.344+0000] {processor.py:840} INFO - DAG(s) 'latest_only' retrieved from /home/airflow/.local/lib/python3.12/site-packages/airflow/example_dags/example_latest_only.py
[2025-07-23T08:39:03.775+0000] {logging_mixin.py:188} INFO - [2025-07-23T08:39:03.775+0000] {dag.py:3096} INFO - Sync 1 DAGs
[2025-07-23T08:39:04.148+0000] {logging_mixin.py:188} INFO - [2025-07-23T08:39:04.147+0000] {dag.py:3954} INFO - Setting next_dagrun for latest_only to 2025-07-23 04:00:00+00:00, run_after=2025-07-23 08:00:00+00:00
[2025-07-23T08:39:04.440+0000] {processor.py:183} INFO - Processing /home/airflow/.local/lib/python3.12/site-packages/airflow/example_dags/example_latest_only.py took 1.642 seconds
[2025-07-23T08:40:05.495+0000] {processor.py:161} INFO - Started process (PID=535) to work on /home/airflow/.local/lib/python3.12/site-packages/airflow/example_dags/example_latest_only.py
[2025-07-23T08:40:05.510+0000] {processor.py:830} INFO - Processing file /home/airflow/.local/lib/python3.12/site-packages/airflow/example_dags/example_latest_only.py for tasks to queue
[2025-07-23T08:40:05.533+0000] {logging_mixin.py:188} INFO - [2025-07-23T08:40:05.532+0000] {dagbag.py:545} INFO - Filling up the DagBag from /home/airflow/.local/lib/python3.12/site-packages/airflow/example_dags/example_latest_only.py
[2025-07-23T08:40:05.586+0000] {processor.py:840} INFO - DAG(s) 'latest_only' retrieved from /home/airflow/.local/lib/python3.12/site-packages/airflow/example_dags/example_latest_only.py
[2025-07-23T08:40:05.801+0000] {logging_mixin.py:188} INFO - [2025-07-23T08:40:05.800+0000] {dag.py:3096} INFO - Sync 1 DAGs
[2025-07-23T08:40:06.011+0000] {logging_mixin.py:188} INFO - [2025-07-23T08:40:06.011+0000] {dag.py:3954} INFO - Setting next_dagrun for latest_only to 2025-07-23 04:00:00+00:00, run_after=2025-07-23 08:00:00+00:00
[2025-07-23T08:40:06.154+0000] {processor.py:183} INFO - Processing /home/airflow/.local/lib/python3.12/site-packages/airflow/example_dags/example_latest_only.py took 0.739 seconds
[2025-07-23T08:40:43.658+0000] {processor.py:161} INFO - Started process (PID=589) to work on /home/airflow/.local/lib/python3.12/site-packages/airflow/example_dags/example_latest_only.py
[2025-07-23T08:40:43.674+0000] {processor.py:830} INFO - Processing file /home/airflow/.local/lib/python3.12/site-packages/airflow/example_dags/example_latest_only.py for tasks to queue
[2025-07-23T08:40:43.706+0000] {logging_mixin.py:188} INFO - [2025-07-23T08:40:43.704+0000] {dagbag.py:545} INFO - Filling up the DagBag from /home/airflow/.local/lib/python3.12/site-packages/airflow/example_dags/example_latest_only.py
[2025-07-23T08:40:43.823+0000] {processor.py:840} INFO - DAG(s) 'latest_only' retrieved from /home/airflow/.local/lib/python3.12/site-packages/airflow/example_dags/example_latest_only.py
[2025-07-23T08:40:43.990+0000] {logging_mixin.py:188} INFO - [2025-07-23T08:40:43.989+0000] {dag.py:3096} INFO - Sync 1 DAGs
[2025-07-23T08:40:44.428+0000] {logging_mixin.py:188} INFO - [2025-07-23T08:40:44.428+0000] {dag.py:3954} INFO - Setting next_dagrun for latest_only to 2025-07-23 04:00:00+00:00, run_after=2025-07-23 08:00:00+00:00
[2025-07-23T08:40:44.678+0000] {processor.py:183} INFO - Processing /home/airflow/.local/lib/python3.12/site-packages/airflow/example_dags/example_latest_only.py took 1.230 seconds
[2025-07-23T09:00:40.059+0000] {processor.py:161} INFO - Started process (PID=34) to work on /home/airflow/.local/lib/python3.12/site-packages/airflow/example_dags/example_latest_only.py
[2025-07-23T09:00:40.064+0000] {processor.py:830} INFO - Processing file /home/airflow/.local/lib/python3.12/site-packages/airflow/example_dags/example_latest_only.py for tasks to queue
[2025-07-23T09:00:40.074+0000] {logging_mixin.py:188} INFO - [2025-07-23T09:00:40.072+0000] {dagbag.py:545} INFO - Filling up the DagBag from /home/airflow/.local/lib/python3.12/site-packages/airflow/example_dags/example_latest_only.py
[2025-07-23T09:00:40.132+0000] {processor.py:840} INFO - DAG(s) 'latest_only' retrieved from /home/airflow/.local/lib/python3.12/site-packages/airflow/example_dags/example_latest_only.py
[2025-07-23T09:00:40.289+0000] {logging_mixin.py:188} INFO - [2025-07-23T09:00:40.289+0000] {dag.py:3096} INFO - Sync 1 DAGs
[2025-07-23T09:00:40.449+0000] {logging_mixin.py:188} INFO - [2025-07-23T09:00:40.449+0000] {dag.py:3954} INFO - Setting next_dagrun for latest_only to 2025-07-23 04:00:00+00:00, run_after=2025-07-23 08:00:00+00:00
[2025-07-23T09:00:40.626+0000] {processor.py:183} INFO - Processing /home/airflow/.local/lib/python3.12/site-packages/airflow/example_dags/example_latest_only.py took 0.581 seconds
[2025-07-23T09:01:24.089+0000] {processor.py:161} INFO - Started process (PID=101) to work on /home/airflow/.local/lib/python3.12/site-packages/airflow/example_dags/example_latest_only.py
[2025-07-23T09:01:24.103+0000] {processor.py:830} INFO - Processing file /home/airflow/.local/lib/python3.12/site-packages/airflow/example_dags/example_latest_only.py for tasks to queue
[2025-07-23T09:01:24.121+0000] {logging_mixin.py:188} INFO - [2025-07-23T09:01:24.120+0000] {dagbag.py:545} INFO - Filling up the DagBag from /home/airflow/.local/lib/python3.12/site-packages/airflow/example_dags/example_latest_only.py
[2025-07-23T09:01:24.259+0000] {processor.py:840} INFO - DAG(s) 'latest_only' retrieved from /home/airflow/.local/lib/python3.12/site-packages/airflow/example_dags/example_latest_only.py
[2025-07-23T09:01:24.448+0000] {logging_mixin.py:188} INFO - [2025-07-23T09:01:24.447+0000] {dag.py:3096} INFO - Sync 1 DAGs
[2025-07-23T09:01:24.700+0000] {logging_mixin.py:188} INFO - [2025-07-23T09:01:24.699+0000] {dag.py:3954} INFO - Setting next_dagrun for latest_only to 2025-07-23 04:00:00+00:00, run_after=2025-07-23 08:00:00+00:00
[2025-07-23T09:01:24.971+0000] {processor.py:183} INFO - Processing /home/airflow/.local/lib/python3.12/site-packages/airflow/example_dags/example_latest_only.py took 0.917 seconds
[2025-07-23T09:01:55.260+0000] {processor.py:161} INFO - Started process (PID=151) to work on /home/airflow/.local/lib/python3.12/site-packages/airflow/example_dags/example_latest_only.py
[2025-07-23T09:01:55.263+0000] {processor.py:830} INFO - Processing file /home/airflow/.local/lib/python3.12/site-packages/airflow/example_dags/example_latest_only.py for tasks to queue
[2025-07-23T09:01:55.267+0000] {logging_mixin.py:188} INFO - [2025-07-23T09:01:55.266+0000] {dagbag.py:545} INFO - Filling up the DagBag from /home/airflow/.local/lib/python3.12/site-packages/airflow/example_dags/example_latest_only.py
[2025-07-23T09:01:55.289+0000] {processor.py:840} INFO - DAG(s) 'latest_only' retrieved from /home/airflow/.local/lib/python3.12/site-packages/airflow/example_dags/example_latest_only.py
[2025-07-23T09:01:55.376+0000] {logging_mixin.py:188} INFO - [2025-07-23T09:01:55.375+0000] {dag.py:3096} INFO - Sync 1 DAGs
[2025-07-23T09:01:55.515+0000] {logging_mixin.py:188} INFO - [2025-07-23T09:01:55.504+0000] {dag.py:3954} INFO - Setting next_dagrun for latest_only to 2025-07-23 04:00:00+00:00, run_after=2025-07-23 08:00:00+00:00
[2025-07-23T09:01:55.646+0000] {processor.py:183} INFO - Processing /home/airflow/.local/lib/python3.12/site-packages/airflow/example_dags/example_latest_only.py took 0.417 seconds
[2025-07-23T09:02:29.788+0000] {processor.py:161} INFO - Started process (PID=200) to work on /home/airflow/.local/lib/python3.12/site-packages/airflow/example_dags/example_latest_only.py
[2025-07-23T09:02:29.805+0000] {processor.py:830} INFO - Processing file /home/airflow/.local/lib/python3.12/site-packages/airflow/example_dags/example_latest_only.py for tasks to queue
[2025-07-23T09:02:29.808+0000] {logging_mixin.py:188} INFO - [2025-07-23T09:02:29.808+0000] {dagbag.py:545} INFO - Filling up the DagBag from /home/airflow/.local/lib/python3.12/site-packages/airflow/example_dags/example_latest_only.py
[2025-07-23T09:02:29.859+0000] {processor.py:840} INFO - DAG(s) 'latest_only' retrieved from /home/airflow/.local/lib/python3.12/site-packages/airflow/example_dags/example_latest_only.py
[2025-07-23T09:02:29.971+0000] {logging_mixin.py:188} INFO - [2025-07-23T09:02:29.970+0000] {dag.py:3096} INFO - Sync 1 DAGs
[2025-07-23T09:02:30.105+0000] {logging_mixin.py:188} INFO - [2025-07-23T09:02:30.105+0000] {dag.py:3954} INFO - Setting next_dagrun for latest_only to 2025-07-23 04:00:00+00:00, run_after=2025-07-23 08:00:00+00:00
[2025-07-23T09:02:30.195+0000] {processor.py:183} INFO - Processing /home/airflow/.local/lib/python3.12/site-packages/airflow/example_dags/example_latest_only.py took 0.441 seconds
[2025-07-23T09:03:05.156+0000] {processor.py:161} INFO - Started process (PID=258) to work on /home/airflow/.local/lib/python3.12/site-packages/airflow/example_dags/example_latest_only.py
[2025-07-23T09:03:05.184+0000] {processor.py:830} INFO - Processing file /home/airflow/.local/lib/python3.12/site-packages/airflow/example_dags/example_latest_only.py for tasks to queue
[2025-07-23T09:03:05.203+0000] {logging_mixin.py:188} INFO - [2025-07-23T09:03:05.202+0000] {dagbag.py:545} INFO - Filling up the DagBag from /home/airflow/.local/lib/python3.12/site-packages/airflow/example_dags/example_latest_only.py
[2025-07-23T09:03:05.237+0000] {processor.py:840} INFO - DAG(s) 'latest_only' retrieved from /home/airflow/.local/lib/python3.12/site-packages/airflow/example_dags/example_latest_only.py
[2025-07-23T09:03:05.353+0000] {logging_mixin.py:188} INFO - [2025-07-23T09:03:05.353+0000] {dag.py:3096} INFO - Sync 1 DAGs
[2025-07-23T09:03:05.457+0000] {logging_mixin.py:188} INFO - [2025-07-23T09:03:05.457+0000] {dag.py:3954} INFO - Setting next_dagrun for latest_only to 2025-07-23 04:00:00+00:00, run_after=2025-07-23 08:00:00+00:00
[2025-07-23T09:03:05.557+0000] {processor.py:183} INFO - Processing /home/airflow/.local/lib/python3.12/site-packages/airflow/example_dags/example_latest_only.py took 0.490 seconds
[2025-07-23T09:03:37.456+0000] {processor.py:161} INFO - Started process (PID=312) to work on /home/airflow/.local/lib/python3.12/site-packages/airflow/example_dags/example_latest_only.py
[2025-07-23T09:03:37.466+0000] {processor.py:830} INFO - Processing file /home/airflow/.local/lib/python3.12/site-packages/airflow/example_dags/example_latest_only.py for tasks to queue
[2025-07-23T09:03:37.478+0000] {logging_mixin.py:188} INFO - [2025-07-23T09:03:37.474+0000] {dagbag.py:545} INFO - Filling up the DagBag from /home/airflow/.local/lib/python3.12/site-packages/airflow/example_dags/example_latest_only.py
[2025-07-23T09:03:37.530+0000] {processor.py:840} INFO - DAG(s) 'latest_only' retrieved from /home/airflow/.local/lib/python3.12/site-packages/airflow/example_dags/example_latest_only.py
[2025-07-23T09:03:37.636+0000] {logging_mixin.py:188} INFO - [2025-07-23T09:03:37.636+0000] {dag.py:3096} INFO - Sync 1 DAGs
[2025-07-23T09:03:37.716+0000] {logging_mixin.py:188} INFO - [2025-07-23T09:03:37.716+0000] {dag.py:3954} INFO - Setting next_dagrun for latest_only to 2025-07-23 04:00:00+00:00, run_after=2025-07-23 08:00:00+00:00
[2025-07-23T09:03:37.813+0000] {processor.py:183} INFO - Processing /home/airflow/.local/lib/python3.12/site-packages/airflow/example_dags/example_latest_only.py took 0.375 seconds
[2025-07-23T09:04:11.706+0000] {processor.py:161} INFO - Started process (PID=371) to work on /home/airflow/.local/lib/python3.12/site-packages/airflow/example_dags/example_latest_only.py
[2025-07-23T09:04:11.757+0000] {processor.py:830} INFO - Processing file /home/airflow/.local/lib/python3.12/site-packages/airflow/example_dags/example_latest_only.py for tasks to queue
[2025-07-23T09:04:11.762+0000] {logging_mixin.py:188} INFO - [2025-07-23T09:04:11.762+0000] {dagbag.py:545} INFO - Filling up the DagBag from /home/airflow/.local/lib/python3.12/site-packages/airflow/example_dags/example_latest_only.py
[2025-07-23T09:04:11.786+0000] {processor.py:840} INFO - DAG(s) 'latest_only' retrieved from /home/airflow/.local/lib/python3.12/site-packages/airflow/example_dags/example_latest_only.py
[2025-07-23T09:04:12.057+0000] {logging_mixin.py:188} INFO - [2025-07-23T09:04:12.056+0000] {dag.py:3096} INFO - Sync 1 DAGs
[2025-07-23T09:04:12.173+0000] {logging_mixin.py:188} INFO - [2025-07-23T09:04:12.172+0000] {dag.py:3954} INFO - Setting next_dagrun for latest_only to 2025-07-23 04:00:00+00:00, run_after=2025-07-23 08:00:00+00:00
[2025-07-23T09:04:12.407+0000] {processor.py:183} INFO - Processing /home/airflow/.local/lib/python3.12/site-packages/airflow/example_dags/example_latest_only.py took 0.835 seconds
[2025-07-23T09:04:42.561+0000] {processor.py:161} INFO - Started process (PID=423) to work on /home/airflow/.local/lib/python3.12/site-packages/airflow/example_dags/example_latest_only.py
[2025-07-23T09:04:42.563+0000] {processor.py:830} INFO - Processing file /home/airflow/.local/lib/python3.12/site-packages/airflow/example_dags/example_latest_only.py for tasks to queue
[2025-07-23T09:04:42.593+0000] {logging_mixin.py:188} INFO - [2025-07-23T09:04:42.592+0000] {dagbag.py:545} INFO - Filling up the DagBag from /home/airflow/.local/lib/python3.12/site-packages/airflow/example_dags/example_latest_only.py
[2025-07-23T09:04:42.630+0000] {processor.py:840} INFO - DAG(s) 'latest_only' retrieved from /home/airflow/.local/lib/python3.12/site-packages/airflow/example_dags/example_latest_only.py
[2025-07-23T09:04:42.693+0000] {logging_mixin.py:188} INFO - [2025-07-23T09:04:42.692+0000] {dag.py:3096} INFO - Sync 1 DAGs
[2025-07-23T09:04:42.742+0000] {logging_mixin.py:188} INFO - [2025-07-23T09:04:42.741+0000] {dag.py:3954} INFO - Setting next_dagrun for latest_only to 2025-07-23 04:00:00+00:00, run_after=2025-07-23 08:00:00+00:00
[2025-07-23T09:04:42.792+0000] {processor.py:183} INFO - Processing /home/airflow/.local/lib/python3.12/site-packages/airflow/example_dags/example_latest_only.py took 0.252 seconds
[2025-07-23T09:05:13.093+0000] {processor.py:161} INFO - Started process (PID=482) to work on /home/airflow/.local/lib/python3.12/site-packages/airflow/example_dags/example_latest_only.py
[2025-07-23T09:05:13.096+0000] {processor.py:830} INFO - Processing file /home/airflow/.local/lib/python3.12/site-packages/airflow/example_dags/example_latest_only.py for tasks to queue
[2025-07-23T09:05:13.106+0000] {logging_mixin.py:188} INFO - [2025-07-23T09:05:13.106+0000] {dagbag.py:545} INFO - Filling up the DagBag from /home/airflow/.local/lib/python3.12/site-packages/airflow/example_dags/example_latest_only.py
[2025-07-23T09:05:13.135+0000] {processor.py:840} INFO - DAG(s) 'latest_only' retrieved from /home/airflow/.local/lib/python3.12/site-packages/airflow/example_dags/example_latest_only.py
[2025-07-23T09:05:13.269+0000] {logging_mixin.py:188} INFO - [2025-07-23T09:05:13.269+0000] {dag.py:3096} INFO - Sync 1 DAGs
[2025-07-23T09:05:13.411+0000] {logging_mixin.py:188} INFO - [2025-07-23T09:05:13.410+0000] {dag.py:3954} INFO - Setting next_dagrun for latest_only to 2025-07-23 04:00:00+00:00, run_after=2025-07-23 08:00:00+00:00
[2025-07-23T09:05:13.451+0000] {processor.py:183} INFO - Processing /home/airflow/.local/lib/python3.12/site-packages/airflow/example_dags/example_latest_only.py took 0.382 seconds
[2025-07-23T09:05:43.842+0000] {processor.py:161} INFO - Started process (PID=542) to work on /home/airflow/.local/lib/python3.12/site-packages/airflow/example_dags/example_latest_only.py
[2025-07-23T09:05:43.854+0000] {processor.py:830} INFO - Processing file /home/airflow/.local/lib/python3.12/site-packages/airflow/example_dags/example_latest_only.py for tasks to queue
[2025-07-23T09:05:43.866+0000] {logging_mixin.py:188} INFO - [2025-07-23T09:05:43.865+0000] {dagbag.py:545} INFO - Filling up the DagBag from /home/airflow/.local/lib/python3.12/site-packages/airflow/example_dags/example_latest_only.py
[2025-07-23T09:05:43.880+0000] {processor.py:840} INFO - DAG(s) 'latest_only' retrieved from /home/airflow/.local/lib/python3.12/site-packages/airflow/example_dags/example_latest_only.py
[2025-07-23T09:05:44.519+0000] {logging_mixin.py:188} INFO - [2025-07-23T09:05:44.518+0000] {dag.py:3096} INFO - Sync 1 DAGs
[2025-07-23T09:05:44.652+0000] {logging_mixin.py:188} INFO - [2025-07-23T09:05:44.651+0000] {dag.py:3954} INFO - Setting next_dagrun for latest_only to 2025-07-23 04:00:00+00:00, run_after=2025-07-23 08:00:00+00:00
[2025-07-23T09:05:44.841+0000] {processor.py:183} INFO - Processing /home/airflow/.local/lib/python3.12/site-packages/airflow/example_dags/example_latest_only.py took 1.017 seconds
[2025-07-23T09:06:14.989+0000] {processor.py:161} INFO - Started process (PID=601) to work on /home/airflow/.local/lib/python3.12/site-packages/airflow/example_dags/example_latest_only.py
[2025-07-23T09:06:14.991+0000] {processor.py:830} INFO - Processing file /home/airflow/.local/lib/python3.12/site-packages/airflow/example_dags/example_latest_only.py for tasks to queue
[2025-07-23T09:06:14.993+0000] {logging_mixin.py:188} INFO - [2025-07-23T09:06:14.992+0000] {dagbag.py:545} INFO - Filling up the DagBag from /home/airflow/.local/lib/python3.12/site-packages/airflow/example_dags/example_latest_only.py
[2025-07-23T09:06:15.002+0000] {processor.py:840} INFO - DAG(s) 'latest_only' retrieved from /home/airflow/.local/lib/python3.12/site-packages/airflow/example_dags/example_latest_only.py
[2025-07-23T09:06:15.041+0000] {logging_mixin.py:188} INFO - [2025-07-23T09:06:15.040+0000] {dag.py:3096} INFO - Sync 1 DAGs
[2025-07-23T09:06:15.091+0000] {logging_mixin.py:188} INFO - [2025-07-23T09:06:15.090+0000] {dag.py:3954} INFO - Setting next_dagrun for latest_only to 2025-07-23 04:00:00+00:00, run_after=2025-07-23 08:00:00+00:00
[2025-07-23T09:06:15.167+0000] {processor.py:183} INFO - Processing /home/airflow/.local/lib/python3.12/site-packages/airflow/example_dags/example_latest_only.py took 0.189 seconds
[2025-07-23T09:06:46.196+0000] {processor.py:161} INFO - Started process (PID=660) to work on /home/airflow/.local/lib/python3.12/site-packages/airflow/example_dags/example_latest_only.py
[2025-07-23T09:06:46.204+0000] {processor.py:830} INFO - Processing file /home/airflow/.local/lib/python3.12/site-packages/airflow/example_dags/example_latest_only.py for tasks to queue
[2025-07-23T09:06:46.207+0000] {logging_mixin.py:188} INFO - [2025-07-23T09:06:46.206+0000] {dagbag.py:545} INFO - Filling up the DagBag from /home/airflow/.local/lib/python3.12/site-packages/airflow/example_dags/example_latest_only.py
[2025-07-23T09:06:46.242+0000] {processor.py:840} INFO - DAG(s) 'latest_only' retrieved from /home/airflow/.local/lib/python3.12/site-packages/airflow/example_dags/example_latest_only.py
[2025-07-23T09:06:46.303+0000] {logging_mixin.py:188} INFO - [2025-07-23T09:06:46.302+0000] {dag.py:3096} INFO - Sync 1 DAGs
[2025-07-23T09:06:46.378+0000] {logging_mixin.py:188} INFO - [2025-07-23T09:06:46.377+0000] {dag.py:3954} INFO - Setting next_dagrun for latest_only to 2025-07-23 04:00:00+00:00, run_after=2025-07-23 08:00:00+00:00
[2025-07-23T09:06:46.446+0000] {processor.py:183} INFO - Processing /home/airflow/.local/lib/python3.12/site-packages/airflow/example_dags/example_latest_only.py took 0.272 seconds
[2025-07-23T09:07:16.595+0000] {processor.py:161} INFO - Started process (PID=712) to work on /home/airflow/.local/lib/python3.12/site-packages/airflow/example_dags/example_latest_only.py
[2025-07-23T09:07:16.596+0000] {processor.py:830} INFO - Processing file /home/airflow/.local/lib/python3.12/site-packages/airflow/example_dags/example_latest_only.py for tasks to queue
[2025-07-23T09:07:16.598+0000] {logging_mixin.py:188} INFO - [2025-07-23T09:07:16.597+0000] {dagbag.py:545} INFO - Filling up the DagBag from /home/airflow/.local/lib/python3.12/site-packages/airflow/example_dags/example_latest_only.py
[2025-07-23T09:07:16.605+0000] {processor.py:840} INFO - DAG(s) 'latest_only' retrieved from /home/airflow/.local/lib/python3.12/site-packages/airflow/example_dags/example_latest_only.py
[2025-07-23T09:07:16.638+0000] {logging_mixin.py:188} INFO - [2025-07-23T09:07:16.637+0000] {dag.py:3096} INFO - Sync 1 DAGs
[2025-07-23T09:07:16.684+0000] {logging_mixin.py:188} INFO - [2025-07-23T09:07:16.684+0000] {dag.py:3954} INFO - Setting next_dagrun for latest_only to 2025-07-23 04:00:00+00:00, run_after=2025-07-23 08:00:00+00:00
[2025-07-23T09:07:16.733+0000] {processor.py:183} INFO - Processing /home/airflow/.local/lib/python3.12/site-packages/airflow/example_dags/example_latest_only.py took 0.152 seconds
