[2025-07-23T08:13:44.542+0000] {processor.py:161} INFO - Started process (PID=63) to work on /home/airflow/.local/lib/python3.12/site-packages/airflow/example_dags/example_latest_only_with_trigger.py
[2025-07-23T08:13:44.559+0000] {processor.py:830} INFO - Processing file /home/airflow/.local/lib/python3.12/site-packages/airflow/example_dags/example_latest_only_with_trigger.py for tasks to queue
[2025-07-23T08:13:44.565+0000] {logging_mixin.py:188} INFO - [2025-07-23T08:13:44.564+0000] {dagbag.py:545} INFO - Filling up the DagBag from /home/airflow/.local/lib/python3.12/site-packages/airflow/example_dags/example_latest_only_with_trigger.py
[2025-07-23T08:13:44.612+0000] {processor.py:840} INFO - DAG(s) 'latest_only_with_trigger' retrieved from /home/airflow/.local/lib/python3.12/site-packages/airflow/example_dags/example_latest_only_with_trigger.py
[2025-07-23T08:13:45.280+0000] {logging_mixin.py:188} INFO - [2025-07-23T08:13:45.278+0000] {dag.py:3096} INFO - Sync 1 DAGs
[2025-07-23T08:13:45.443+0000] {logging_mixin.py:188} INFO - [2025-07-23T08:13:45.443+0000] {dag.py:3954} INFO - Setting next_dagrun for latest_only_with_trigger to 2025-07-23 04:00:00+00:00, run_after=2025-07-23 08:00:00+00:00
[2025-07-23T08:13:45.549+0000] {processor.py:183} INFO - Processing /home/airflow/.local/lib/python3.12/site-packages/airflow/example_dags/example_latest_only_with_trigger.py took 1.048 seconds
[2025-07-23T08:14:18.807+0000] {processor.py:161} INFO - Started process (PID=119) to work on /home/airflow/.local/lib/python3.12/site-packages/airflow/example_dags/example_latest_only_with_trigger.py
[2025-07-23T08:14:18.811+0000] {processor.py:830} INFO - Processing file /home/airflow/.local/lib/python3.12/site-packages/airflow/example_dags/example_latest_only_with_trigger.py for tasks to queue
[2025-07-23T08:14:18.818+0000] {logging_mixin.py:188} INFO - [2025-07-23T08:14:18.817+0000] {dagbag.py:545} INFO - Filling up the DagBag from /home/airflow/.local/lib/python3.12/site-packages/airflow/example_dags/example_latest_only_with_trigger.py
[2025-07-23T08:14:18.838+0000] {processor.py:840} INFO - DAG(s) 'latest_only_with_trigger' retrieved from /home/airflow/.local/lib/python3.12/site-packages/airflow/example_dags/example_latest_only_with_trigger.py
[2025-07-23T08:14:18.914+0000] {logging_mixin.py:188} INFO - [2025-07-23T08:14:18.914+0000] {dag.py:3096} INFO - Sync 1 DAGs
[2025-07-23T08:14:18.987+0000] {logging_mixin.py:188} INFO - [2025-07-23T08:14:18.987+0000] {dag.py:3954} INFO - Setting next_dagrun for latest_only_with_trigger to 2025-07-23 04:00:00+00:00, run_after=2025-07-23 08:00:00+00:00
[2025-07-23T08:14:19.038+0000] {processor.py:183} INFO - Processing /home/airflow/.local/lib/python3.12/site-packages/airflow/example_dags/example_latest_only_with_trigger.py took 0.251 seconds
[2025-07-23T08:14:50.692+0000] {processor.py:161} INFO - Started process (PID=181) to work on /home/airflow/.local/lib/python3.12/site-packages/airflow/example_dags/example_latest_only_with_trigger.py
[2025-07-23T08:14:50.715+0000] {processor.py:830} INFO - Processing file /home/airflow/.local/lib/python3.12/site-packages/airflow/example_dags/example_latest_only_with_trigger.py for tasks to queue
[2025-07-23T08:14:50.739+0000] {logging_mixin.py:188} INFO - [2025-07-23T08:14:50.738+0000] {dagbag.py:545} INFO - Filling up the DagBag from /home/airflow/.local/lib/python3.12/site-packages/airflow/example_dags/example_latest_only_with_trigger.py
[2025-07-23T08:14:50.783+0000] {processor.py:840} INFO - DAG(s) 'latest_only_with_trigger' retrieved from /home/airflow/.local/lib/python3.12/site-packages/airflow/example_dags/example_latest_only_with_trigger.py
[2025-07-23T08:14:50.959+0000] {logging_mixin.py:188} INFO - [2025-07-23T08:14:50.958+0000] {dag.py:3096} INFO - Sync 1 DAGs
[2025-07-23T08:14:51.315+0000] {logging_mixin.py:188} INFO - [2025-07-23T08:14:51.314+0000] {dag.py:3954} INFO - Setting next_dagrun for latest_only_with_trigger to 2025-07-23 04:00:00+00:00, run_after=2025-07-23 08:00:00+00:00
[2025-07-23T08:14:51.541+0000] {processor.py:183} INFO - Processing /home/airflow/.local/lib/python3.12/site-packages/airflow/example_dags/example_latest_only_with_trigger.py took 0.885 seconds
[2025-07-23T08:15:23.138+0000] {processor.py:161} INFO - Started process (PID=238) to work on /home/airflow/.local/lib/python3.12/site-packages/airflow/example_dags/example_latest_only_with_trigger.py
[2025-07-23T08:15:23.148+0000] {processor.py:830} INFO - Processing file /home/airflow/.local/lib/python3.12/site-packages/airflow/example_dags/example_latest_only_with_trigger.py for tasks to queue
[2025-07-23T08:15:23.159+0000] {logging_mixin.py:188} INFO - [2025-07-23T08:15:23.158+0000] {dagbag.py:545} INFO - Filling up the DagBag from /home/airflow/.local/lib/python3.12/site-packages/airflow/example_dags/example_latest_only_with_trigger.py
[2025-07-23T08:15:23.181+0000] {processor.py:840} INFO - DAG(s) 'latest_only_with_trigger' retrieved from /home/airflow/.local/lib/python3.12/site-packages/airflow/example_dags/example_latest_only_with_trigger.py
[2025-07-23T08:15:23.330+0000] {logging_mixin.py:188} INFO - [2025-07-23T08:15:23.330+0000] {dag.py:3096} INFO - Sync 1 DAGs
[2025-07-23T08:15:23.402+0000] {logging_mixin.py:188} INFO - [2025-07-23T08:15:23.402+0000] {dag.py:3954} INFO - Setting next_dagrun for latest_only_with_trigger to 2025-07-23 04:00:00+00:00, run_after=2025-07-23 08:00:00+00:00
[2025-07-23T08:15:23.478+0000] {processor.py:183} INFO - Processing /home/airflow/.local/lib/python3.12/site-packages/airflow/example_dags/example_latest_only_with_trigger.py took 0.371 seconds
[2025-07-23T08:15:55.495+0000] {processor.py:161} INFO - Started process (PID=295) to work on /home/airflow/.local/lib/python3.12/site-packages/airflow/example_dags/example_latest_only_with_trigger.py
[2025-07-23T08:15:55.516+0000] {processor.py:830} INFO - Processing file /home/airflow/.local/lib/python3.12/site-packages/airflow/example_dags/example_latest_only_with_trigger.py for tasks to queue
[2025-07-23T08:15:55.523+0000] {logging_mixin.py:188} INFO - [2025-07-23T08:15:55.521+0000] {dagbag.py:545} INFO - Filling up the DagBag from /home/airflow/.local/lib/python3.12/site-packages/airflow/example_dags/example_latest_only_with_trigger.py
[2025-07-23T08:15:55.547+0000] {processor.py:840} INFO - DAG(s) 'latest_only_with_trigger' retrieved from /home/airflow/.local/lib/python3.12/site-packages/airflow/example_dags/example_latest_only_with_trigger.py
[2025-07-23T08:15:55.638+0000] {logging_mixin.py:188} INFO - [2025-07-23T08:15:55.637+0000] {dag.py:3096} INFO - Sync 1 DAGs
[2025-07-23T08:15:55.782+0000] {logging_mixin.py:188} INFO - [2025-07-23T08:15:55.780+0000] {dag.py:3954} INFO - Setting next_dagrun for latest_only_with_trigger to 2025-07-23 04:00:00+00:00, run_after=2025-07-23 08:00:00+00:00
[2025-07-23T08:15:55.989+0000] {processor.py:183} INFO - Processing /home/airflow/.local/lib/python3.12/site-packages/airflow/example_dags/example_latest_only_with_trigger.py took 0.536 seconds
[2025-07-23T08:16:28.825+0000] {processor.py:161} INFO - Started process (PID=352) to work on /home/airflow/.local/lib/python3.12/site-packages/airflow/example_dags/example_latest_only_with_trigger.py
[2025-07-23T08:16:28.840+0000] {processor.py:830} INFO - Processing file /home/airflow/.local/lib/python3.12/site-packages/airflow/example_dags/example_latest_only_with_trigger.py for tasks to queue
[2025-07-23T08:16:28.851+0000] {logging_mixin.py:188} INFO - [2025-07-23T08:16:28.851+0000] {dagbag.py:545} INFO - Filling up the DagBag from /home/airflow/.local/lib/python3.12/site-packages/airflow/example_dags/example_latest_only_with_trigger.py
[2025-07-23T08:16:28.908+0000] {processor.py:840} INFO - DAG(s) 'latest_only_with_trigger' retrieved from /home/airflow/.local/lib/python3.12/site-packages/airflow/example_dags/example_latest_only_with_trigger.py
[2025-07-23T08:16:29.033+0000] {logging_mixin.py:188} INFO - [2025-07-23T08:16:29.032+0000] {dag.py:3096} INFO - Sync 1 DAGs
[2025-07-23T08:16:29.294+0000] {logging_mixin.py:188} INFO - [2025-07-23T08:16:29.294+0000] {dag.py:3954} INFO - Setting next_dagrun for latest_only_with_trigger to 2025-07-23 04:00:00+00:00, run_after=2025-07-23 08:00:00+00:00
[2025-07-23T08:16:29.503+0000] {processor.py:183} INFO - Processing /home/airflow/.local/lib/python3.12/site-packages/airflow/example_dags/example_latest_only_with_trigger.py took 0.702 seconds
[2025-07-23T08:17:00.318+0000] {processor.py:161} INFO - Started process (PID=410) to work on /home/airflow/.local/lib/python3.12/site-packages/airflow/example_dags/example_latest_only_with_trigger.py
[2025-07-23T08:17:00.323+0000] {processor.py:830} INFO - Processing file /home/airflow/.local/lib/python3.12/site-packages/airflow/example_dags/example_latest_only_with_trigger.py for tasks to queue
[2025-07-23T08:17:00.344+0000] {logging_mixin.py:188} INFO - [2025-07-23T08:17:00.340+0000] {dagbag.py:545} INFO - Filling up the DagBag from /home/airflow/.local/lib/python3.12/site-packages/airflow/example_dags/example_latest_only_with_trigger.py
[2025-07-23T08:17:00.375+0000] {processor.py:840} INFO - DAG(s) 'latest_only_with_trigger' retrieved from /home/airflow/.local/lib/python3.12/site-packages/airflow/example_dags/example_latest_only_with_trigger.py
[2025-07-23T08:17:00.474+0000] {logging_mixin.py:188} INFO - [2025-07-23T08:17:00.474+0000] {dag.py:3096} INFO - Sync 1 DAGs
[2025-07-23T08:17:00.545+0000] {logging_mixin.py:188} INFO - [2025-07-23T08:17:00.544+0000] {dag.py:3954} INFO - Setting next_dagrun for latest_only_with_trigger to 2025-07-23 04:00:00+00:00, run_after=2025-07-23 08:00:00+00:00
[2025-07-23T08:17:00.682+0000] {processor.py:183} INFO - Processing /home/airflow/.local/lib/python3.12/site-packages/airflow/example_dags/example_latest_only_with_trigger.py took 0.388 seconds
[2025-07-23T08:17:30.927+0000] {processor.py:161} INFO - Started process (PID=466) to work on /home/airflow/.local/lib/python3.12/site-packages/airflow/example_dags/example_latest_only_with_trigger.py
[2025-07-23T08:17:30.930+0000] {processor.py:830} INFO - Processing file /home/airflow/.local/lib/python3.12/site-packages/airflow/example_dags/example_latest_only_with_trigger.py for tasks to queue
[2025-07-23T08:17:30.935+0000] {logging_mixin.py:188} INFO - [2025-07-23T08:17:30.934+0000] {dagbag.py:545} INFO - Filling up the DagBag from /home/airflow/.local/lib/python3.12/site-packages/airflow/example_dags/example_latest_only_with_trigger.py
[2025-07-23T08:17:30.949+0000] {processor.py:840} INFO - DAG(s) 'latest_only_with_trigger' retrieved from /home/airflow/.local/lib/python3.12/site-packages/airflow/example_dags/example_latest_only_with_trigger.py
[2025-07-23T08:17:31.100+0000] {logging_mixin.py:188} INFO - [2025-07-23T08:17:31.099+0000] {dag.py:3096} INFO - Sync 1 DAGs
[2025-07-23T08:17:31.247+0000] {logging_mixin.py:188} INFO - [2025-07-23T08:17:31.246+0000] {dag.py:3954} INFO - Setting next_dagrun for latest_only_with_trigger to 2025-07-23 04:00:00+00:00, run_after=2025-07-23 08:00:00+00:00
[2025-07-23T08:17:31.387+0000] {processor.py:183} INFO - Processing /home/airflow/.local/lib/python3.12/site-packages/airflow/example_dags/example_latest_only_with_trigger.py took 0.510 seconds
[2025-07-23T08:18:02.203+0000] {processor.py:161} INFO - Started process (PID=524) to work on /home/airflow/.local/lib/python3.12/site-packages/airflow/example_dags/example_latest_only_with_trigger.py
[2025-07-23T08:18:02.205+0000] {processor.py:830} INFO - Processing file /home/airflow/.local/lib/python3.12/site-packages/airflow/example_dags/example_latest_only_with_trigger.py for tasks to queue
[2025-07-23T08:18:02.212+0000] {logging_mixin.py:188} INFO - [2025-07-23T08:18:02.210+0000] {dagbag.py:545} INFO - Filling up the DagBag from /home/airflow/.local/lib/python3.12/site-packages/airflow/example_dags/example_latest_only_with_trigger.py
[2025-07-23T08:18:02.245+0000] {processor.py:840} INFO - DAG(s) 'latest_only_with_trigger' retrieved from /home/airflow/.local/lib/python3.12/site-packages/airflow/example_dags/example_latest_only_with_trigger.py
[2025-07-23T08:18:02.515+0000] {logging_mixin.py:188} INFO - [2025-07-23T08:18:02.512+0000] {dag.py:3096} INFO - Sync 1 DAGs
[2025-07-23T08:18:02.640+0000] {logging_mixin.py:188} INFO - [2025-07-23T08:18:02.640+0000] {dag.py:3954} INFO - Setting next_dagrun for latest_only_with_trigger to 2025-07-23 04:00:00+00:00, run_after=2025-07-23 08:00:00+00:00
[2025-07-23T08:18:02.857+0000] {processor.py:183} INFO - Processing /home/airflow/.local/lib/python3.12/site-packages/airflow/example_dags/example_latest_only_with_trigger.py took 0.714 seconds
[2025-07-23T08:18:33.263+0000] {processor.py:161} INFO - Started process (PID=582) to work on /home/airflow/.local/lib/python3.12/site-packages/airflow/example_dags/example_latest_only_with_trigger.py
[2025-07-23T08:18:33.266+0000] {processor.py:830} INFO - Processing file /home/airflow/.local/lib/python3.12/site-packages/airflow/example_dags/example_latest_only_with_trigger.py for tasks to queue
[2025-07-23T08:18:33.270+0000] {logging_mixin.py:188} INFO - [2025-07-23T08:18:33.269+0000] {dagbag.py:545} INFO - Filling up the DagBag from /home/airflow/.local/lib/python3.12/site-packages/airflow/example_dags/example_latest_only_with_trigger.py
[2025-07-23T08:18:33.285+0000] {processor.py:840} INFO - DAG(s) 'latest_only_with_trigger' retrieved from /home/airflow/.local/lib/python3.12/site-packages/airflow/example_dags/example_latest_only_with_trigger.py
[2025-07-23T08:18:33.332+0000] {logging_mixin.py:188} INFO - [2025-07-23T08:18:33.331+0000] {dag.py:3096} INFO - Sync 1 DAGs
[2025-07-23T08:18:33.381+0000] {logging_mixin.py:188} INFO - [2025-07-23T08:18:33.380+0000] {dag.py:3954} INFO - Setting next_dagrun for latest_only_with_trigger to 2025-07-23 04:00:00+00:00, run_after=2025-07-23 08:00:00+00:00
[2025-07-23T08:18:33.427+0000] {processor.py:183} INFO - Processing /home/airflow/.local/lib/python3.12/site-packages/airflow/example_dags/example_latest_only_with_trigger.py took 0.183 seconds
[2025-07-23T08:19:04.035+0000] {processor.py:161} INFO - Started process (PID=640) to work on /home/airflow/.local/lib/python3.12/site-packages/airflow/example_dags/example_latest_only_with_trigger.py
[2025-07-23T08:19:04.063+0000] {processor.py:830} INFO - Processing file /home/airflow/.local/lib/python3.12/site-packages/airflow/example_dags/example_latest_only_with_trigger.py for tasks to queue
[2025-07-23T08:19:04.095+0000] {logging_mixin.py:188} INFO - [2025-07-23T08:19:04.067+0000] {dagbag.py:545} INFO - Filling up the DagBag from /home/airflow/.local/lib/python3.12/site-packages/airflow/example_dags/example_latest_only_with_trigger.py
[2025-07-23T08:19:04.148+0000] {processor.py:840} INFO - DAG(s) 'latest_only_with_trigger' retrieved from /home/airflow/.local/lib/python3.12/site-packages/airflow/example_dags/example_latest_only_with_trigger.py
[2025-07-23T08:19:04.265+0000] {logging_mixin.py:188} INFO - [2025-07-23T08:19:04.264+0000] {dag.py:3096} INFO - Sync 1 DAGs
[2025-07-23T08:19:04.379+0000] {logging_mixin.py:188} INFO - [2025-07-23T08:19:04.379+0000] {dag.py:3954} INFO - Setting next_dagrun for latest_only_with_trigger to 2025-07-23 04:00:00+00:00, run_after=2025-07-23 08:00:00+00:00
[2025-07-23T08:19:04.535+0000] {processor.py:183} INFO - Processing /home/airflow/.local/lib/python3.12/site-packages/airflow/example_dags/example_latest_only_with_trigger.py took 0.554 seconds
[2025-07-23T08:19:34.830+0000] {processor.py:161} INFO - Started process (PID=698) to work on /home/airflow/.local/lib/python3.12/site-packages/airflow/example_dags/example_latest_only_with_trigger.py
[2025-07-23T08:19:34.844+0000] {processor.py:830} INFO - Processing file /home/airflow/.local/lib/python3.12/site-packages/airflow/example_dags/example_latest_only_with_trigger.py for tasks to queue
[2025-07-23T08:19:34.848+0000] {logging_mixin.py:188} INFO - [2025-07-23T08:19:34.847+0000] {dagbag.py:545} INFO - Filling up the DagBag from /home/airflow/.local/lib/python3.12/site-packages/airflow/example_dags/example_latest_only_with_trigger.py
[2025-07-23T08:19:34.928+0000] {processor.py:840} INFO - DAG(s) 'latest_only_with_trigger' retrieved from /home/airflow/.local/lib/python3.12/site-packages/airflow/example_dags/example_latest_only_with_trigger.py
[2025-07-23T08:19:34.991+0000] {logging_mixin.py:188} INFO - [2025-07-23T08:19:34.991+0000] {dag.py:3096} INFO - Sync 1 DAGs
[2025-07-23T08:19:35.069+0000] {logging_mixin.py:188} INFO - [2025-07-23T08:19:35.068+0000] {dag.py:3954} INFO - Setting next_dagrun for latest_only_with_trigger to 2025-07-23 04:00:00+00:00, run_after=2025-07-23 08:00:00+00:00
[2025-07-23T08:19:35.114+0000] {processor.py:183} INFO - Processing /home/airflow/.local/lib/python3.12/site-packages/airflow/example_dags/example_latest_only_with_trigger.py took 0.317 seconds
[2025-07-23T08:20:05.940+0000] {processor.py:161} INFO - Started process (PID=755) to work on /home/airflow/.local/lib/python3.12/site-packages/airflow/example_dags/example_latest_only_with_trigger.py
[2025-07-23T08:20:05.943+0000] {processor.py:830} INFO - Processing file /home/airflow/.local/lib/python3.12/site-packages/airflow/example_dags/example_latest_only_with_trigger.py for tasks to queue
[2025-07-23T08:20:05.986+0000] {logging_mixin.py:188} INFO - [2025-07-23T08:20:05.985+0000] {dagbag.py:545} INFO - Filling up the DagBag from /home/airflow/.local/lib/python3.12/site-packages/airflow/example_dags/example_latest_only_with_trigger.py
[2025-07-23T08:20:06.002+0000] {processor.py:840} INFO - DAG(s) 'latest_only_with_trigger' retrieved from /home/airflow/.local/lib/python3.12/site-packages/airflow/example_dags/example_latest_only_with_trigger.py
[2025-07-23T08:20:06.058+0000] {logging_mixin.py:188} INFO - [2025-07-23T08:20:06.057+0000] {dag.py:3096} INFO - Sync 1 DAGs
[2025-07-23T08:20:06.132+0000] {logging_mixin.py:188} INFO - [2025-07-23T08:20:06.132+0000] {dag.py:3954} INFO - Setting next_dagrun for latest_only_with_trigger to 2025-07-23 04:00:00+00:00, run_after=2025-07-23 08:00:00+00:00
[2025-07-23T08:20:06.225+0000] {processor.py:183} INFO - Processing /home/airflow/.local/lib/python3.12/site-packages/airflow/example_dags/example_latest_only_with_trigger.py took 0.307 seconds
[2025-07-23T08:20:38.740+0000] {processor.py:161} INFO - Started process (PID=806) to work on /home/airflow/.local/lib/python3.12/site-packages/airflow/example_dags/example_latest_only_with_trigger.py
[2025-07-23T08:20:38.752+0000] {processor.py:830} INFO - Processing file /home/airflow/.local/lib/python3.12/site-packages/airflow/example_dags/example_latest_only_with_trigger.py for tasks to queue
[2025-07-23T08:20:38.785+0000] {logging_mixin.py:188} INFO - [2025-07-23T08:20:38.780+0000] {dagbag.py:545} INFO - Filling up the DagBag from /home/airflow/.local/lib/python3.12/site-packages/airflow/example_dags/example_latest_only_with_trigger.py
[2025-07-23T08:20:38.841+0000] {processor.py:840} INFO - DAG(s) 'latest_only_with_trigger' retrieved from /home/airflow/.local/lib/python3.12/site-packages/airflow/example_dags/example_latest_only_with_trigger.py
[2025-07-23T08:20:39.317+0000] {logging_mixin.py:188} INFO - [2025-07-23T08:20:39.317+0000] {dag.py:3096} INFO - Sync 1 DAGs
[2025-07-23T08:20:39.675+0000] {logging_mixin.py:188} INFO - [2025-07-23T08:20:39.674+0000] {dag.py:3954} INFO - Setting next_dagrun for latest_only_with_trigger to 2025-07-23 04:00:00+00:00, run_after=2025-07-23 08:00:00+00:00
[2025-07-23T08:20:39.774+0000] {processor.py:183} INFO - Processing /home/airflow/.local/lib/python3.12/site-packages/airflow/example_dags/example_latest_only_with_trigger.py took 1.050 seconds
[2025-07-23T08:21:10.727+0000] {processor.py:161} INFO - Started process (PID=862) to work on /home/airflow/.local/lib/python3.12/site-packages/airflow/example_dags/example_latest_only_with_trigger.py
[2025-07-23T08:21:10.750+0000] {processor.py:830} INFO - Processing file /home/airflow/.local/lib/python3.12/site-packages/airflow/example_dags/example_latest_only_with_trigger.py for tasks to queue
[2025-07-23T08:21:10.755+0000] {logging_mixin.py:188} INFO - [2025-07-23T08:21:10.754+0000] {dagbag.py:545} INFO - Filling up the DagBag from /home/airflow/.local/lib/python3.12/site-packages/airflow/example_dags/example_latest_only_with_trigger.py
[2025-07-23T08:21:10.782+0000] {processor.py:840} INFO - DAG(s) 'latest_only_with_trigger' retrieved from /home/airflow/.local/lib/python3.12/site-packages/airflow/example_dags/example_latest_only_with_trigger.py
[2025-07-23T08:21:10.897+0000] {logging_mixin.py:188} INFO - [2025-07-23T08:21:10.895+0000] {dag.py:3096} INFO - Sync 1 DAGs
[2025-07-23T08:21:11.020+0000] {logging_mixin.py:188} INFO - [2025-07-23T08:21:11.019+0000] {dag.py:3954} INFO - Setting next_dagrun for latest_only_with_trigger to 2025-07-23 04:00:00+00:00, run_after=2025-07-23 08:00:00+00:00
[2025-07-23T08:21:11.253+0000] {processor.py:183} INFO - Processing /home/airflow/.local/lib/python3.12/site-packages/airflow/example_dags/example_latest_only_with_trigger.py took 0.570 seconds
[2025-07-23T08:21:46.030+0000] {processor.py:161} INFO - Started process (PID=922) to work on /home/airflow/.local/lib/python3.12/site-packages/airflow/example_dags/example_latest_only_with_trigger.py
[2025-07-23T08:21:46.045+0000] {processor.py:830} INFO - Processing file /home/airflow/.local/lib/python3.12/site-packages/airflow/example_dags/example_latest_only_with_trigger.py for tasks to queue
[2025-07-23T08:21:46.061+0000] {logging_mixin.py:188} INFO - [2025-07-23T08:21:46.053+0000] {dagbag.py:545} INFO - Filling up the DagBag from /home/airflow/.local/lib/python3.12/site-packages/airflow/example_dags/example_latest_only_with_trigger.py
[2025-07-23T08:21:46.104+0000] {processor.py:840} INFO - DAG(s) 'latest_only_with_trigger' retrieved from /home/airflow/.local/lib/python3.12/site-packages/airflow/example_dags/example_latest_only_with_trigger.py
[2025-07-23T08:21:46.371+0000] {logging_mixin.py:188} INFO - [2025-07-23T08:21:46.357+0000] {dag.py:3096} INFO - Sync 1 DAGs
[2025-07-23T08:21:46.710+0000] {logging_mixin.py:188} INFO - [2025-07-23T08:21:46.709+0000] {dag.py:3954} INFO - Setting next_dagrun for latest_only_with_trigger to 2025-07-23 04:00:00+00:00, run_after=2025-07-23 08:00:00+00:00
[2025-07-23T08:21:46.921+0000] {processor.py:183} INFO - Processing /home/airflow/.local/lib/python3.12/site-packages/airflow/example_dags/example_latest_only_with_trigger.py took 0.919 seconds
[2025-07-23T08:22:18.065+0000] {processor.py:161} INFO - Started process (PID=980) to work on /home/airflow/.local/lib/python3.12/site-packages/airflow/example_dags/example_latest_only_with_trigger.py
[2025-07-23T08:22:18.079+0000] {processor.py:830} INFO - Processing file /home/airflow/.local/lib/python3.12/site-packages/airflow/example_dags/example_latest_only_with_trigger.py for tasks to queue
[2025-07-23T08:22:18.089+0000] {logging_mixin.py:188} INFO - [2025-07-23T08:22:18.089+0000] {dagbag.py:545} INFO - Filling up the DagBag from /home/airflow/.local/lib/python3.12/site-packages/airflow/example_dags/example_latest_only_with_trigger.py
[2025-07-23T08:22:18.156+0000] {processor.py:840} INFO - DAG(s) 'latest_only_with_trigger' retrieved from /home/airflow/.local/lib/python3.12/site-packages/airflow/example_dags/example_latest_only_with_trigger.py
[2025-07-23T08:22:18.364+0000] {logging_mixin.py:188} INFO - [2025-07-23T08:22:18.364+0000] {dag.py:3096} INFO - Sync 1 DAGs
[2025-07-23T08:22:18.604+0000] {logging_mixin.py:188} INFO - [2025-07-23T08:22:18.604+0000] {dag.py:3954} INFO - Setting next_dagrun for latest_only_with_trigger to 2025-07-23 04:00:00+00:00, run_after=2025-07-23 08:00:00+00:00
[2025-07-23T08:22:18.877+0000] {processor.py:183} INFO - Processing /home/airflow/.local/lib/python3.12/site-packages/airflow/example_dags/example_latest_only_with_trigger.py took 0.860 seconds
[2025-07-23T08:22:52.291+0000] {processor.py:161} INFO - Started process (PID=1037) to work on /home/airflow/.local/lib/python3.12/site-packages/airflow/example_dags/example_latest_only_with_trigger.py
[2025-07-23T08:22:52.307+0000] {processor.py:830} INFO - Processing file /home/airflow/.local/lib/python3.12/site-packages/airflow/example_dags/example_latest_only_with_trigger.py for tasks to queue
[2025-07-23T08:22:52.323+0000] {logging_mixin.py:188} INFO - [2025-07-23T08:22:52.323+0000] {dagbag.py:545} INFO - Filling up the DagBag from /home/airflow/.local/lib/python3.12/site-packages/airflow/example_dags/example_latest_only_with_trigger.py
[2025-07-23T08:22:52.425+0000] {processor.py:840} INFO - DAG(s) 'latest_only_with_trigger' retrieved from /home/airflow/.local/lib/python3.12/site-packages/airflow/example_dags/example_latest_only_with_trigger.py
[2025-07-23T08:22:52.661+0000] {logging_mixin.py:188} INFO - [2025-07-23T08:22:52.660+0000] {dag.py:3096} INFO - Sync 1 DAGs
[2025-07-23T08:22:53.114+0000] {logging_mixin.py:188} INFO - [2025-07-23T08:22:53.113+0000] {dag.py:3954} INFO - Setting next_dagrun for latest_only_with_trigger to 2025-07-23 04:00:00+00:00, run_after=2025-07-23 08:00:00+00:00
[2025-07-23T08:22:53.248+0000] {processor.py:183} INFO - Processing /home/airflow/.local/lib/python3.12/site-packages/airflow/example_dags/example_latest_only_with_trigger.py took 1.087 seconds
[2025-07-23T08:23:30.556+0000] {processor.py:161} INFO - Started process (PID=1095) to work on /home/airflow/.local/lib/python3.12/site-packages/airflow/example_dags/example_latest_only_with_trigger.py
[2025-07-23T08:23:30.570+0000] {processor.py:830} INFO - Processing file /home/airflow/.local/lib/python3.12/site-packages/airflow/example_dags/example_latest_only_with_trigger.py for tasks to queue
[2025-07-23T08:23:30.587+0000] {logging_mixin.py:188} INFO - [2025-07-23T08:23:30.586+0000] {dagbag.py:545} INFO - Filling up the DagBag from /home/airflow/.local/lib/python3.12/site-packages/airflow/example_dags/example_latest_only_with_trigger.py
[2025-07-23T08:23:30.668+0000] {processor.py:840} INFO - DAG(s) 'latest_only_with_trigger' retrieved from /home/airflow/.local/lib/python3.12/site-packages/airflow/example_dags/example_latest_only_with_trigger.py
[2025-07-23T08:23:31.062+0000] {logging_mixin.py:188} INFO - [2025-07-23T08:23:31.062+0000] {dag.py:3096} INFO - Sync 1 DAGs
[2025-07-23T08:23:31.527+0000] {logging_mixin.py:188} INFO - [2025-07-23T08:23:31.527+0000] {dag.py:3954} INFO - Setting next_dagrun for latest_only_with_trigger to 2025-07-23 04:00:00+00:00, run_after=2025-07-23 08:00:00+00:00
[2025-07-23T08:23:31.829+0000] {processor.py:183} INFO - Processing /home/airflow/.local/lib/python3.12/site-packages/airflow/example_dags/example_latest_only_with_trigger.py took 1.354 seconds
[2025-07-23T08:24:02.061+0000] {processor.py:161} INFO - Started process (PID=1152) to work on /home/airflow/.local/lib/python3.12/site-packages/airflow/example_dags/example_latest_only_with_trigger.py
[2025-07-23T08:24:02.063+0000] {processor.py:830} INFO - Processing file /home/airflow/.local/lib/python3.12/site-packages/airflow/example_dags/example_latest_only_with_trigger.py for tasks to queue
[2025-07-23T08:24:02.066+0000] {logging_mixin.py:188} INFO - [2025-07-23T08:24:02.065+0000] {dagbag.py:545} INFO - Filling up the DagBag from /home/airflow/.local/lib/python3.12/site-packages/airflow/example_dags/example_latest_only_with_trigger.py
[2025-07-23T08:24:02.103+0000] {processor.py:840} INFO - DAG(s) 'latest_only_with_trigger' retrieved from /home/airflow/.local/lib/python3.12/site-packages/airflow/example_dags/example_latest_only_with_trigger.py
[2025-07-23T08:24:02.219+0000] {logging_mixin.py:188} INFO - [2025-07-23T08:24:02.218+0000] {dag.py:3096} INFO - Sync 1 DAGs
[2025-07-23T08:24:02.344+0000] {logging_mixin.py:188} INFO - [2025-07-23T08:24:02.344+0000] {dag.py:3954} INFO - Setting next_dagrun for latest_only_with_trigger to 2025-07-23 04:00:00+00:00, run_after=2025-07-23 08:00:00+00:00
[2025-07-23T08:24:02.429+0000] {processor.py:183} INFO - Processing /home/airflow/.local/lib/python3.12/site-packages/airflow/example_dags/example_latest_only_with_trigger.py took 0.398 seconds
[2025-07-23T08:24:33.040+0000] {processor.py:161} INFO - Started process (PID=1209) to work on /home/airflow/.local/lib/python3.12/site-packages/airflow/example_dags/example_latest_only_with_trigger.py
[2025-07-23T08:24:33.045+0000] {processor.py:830} INFO - Processing file /home/airflow/.local/lib/python3.12/site-packages/airflow/example_dags/example_latest_only_with_trigger.py for tasks to queue
[2025-07-23T08:24:33.053+0000] {logging_mixin.py:188} INFO - [2025-07-23T08:24:33.052+0000] {dagbag.py:545} INFO - Filling up the DagBag from /home/airflow/.local/lib/python3.12/site-packages/airflow/example_dags/example_latest_only_with_trigger.py
[2025-07-23T08:24:33.069+0000] {processor.py:840} INFO - DAG(s) 'latest_only_with_trigger' retrieved from /home/airflow/.local/lib/python3.12/site-packages/airflow/example_dags/example_latest_only_with_trigger.py
[2025-07-23T08:24:33.161+0000] {logging_mixin.py:188} INFO - [2025-07-23T08:24:33.161+0000] {dag.py:3096} INFO - Sync 1 DAGs
[2025-07-23T08:24:33.249+0000] {logging_mixin.py:188} INFO - [2025-07-23T08:24:33.248+0000] {dag.py:3954} INFO - Setting next_dagrun for latest_only_with_trigger to 2025-07-23 04:00:00+00:00, run_after=2025-07-23 08:00:00+00:00
[2025-07-23T08:24:33.342+0000] {processor.py:183} INFO - Processing /home/airflow/.local/lib/python3.12/site-packages/airflow/example_dags/example_latest_only_with_trigger.py took 0.320 seconds
[2025-07-23T08:25:03.682+0000] {processor.py:161} INFO - Started process (PID=1267) to work on /home/airflow/.local/lib/python3.12/site-packages/airflow/example_dags/example_latest_only_with_trigger.py
[2025-07-23T08:25:03.683+0000] {processor.py:830} INFO - Processing file /home/airflow/.local/lib/python3.12/site-packages/airflow/example_dags/example_latest_only_with_trigger.py for tasks to queue
[2025-07-23T08:25:03.686+0000] {logging_mixin.py:188} INFO - [2025-07-23T08:25:03.686+0000] {dagbag.py:545} INFO - Filling up the DagBag from /home/airflow/.local/lib/python3.12/site-packages/airflow/example_dags/example_latest_only_with_trigger.py
[2025-07-23T08:25:03.696+0000] {processor.py:840} INFO - DAG(s) 'latest_only_with_trigger' retrieved from /home/airflow/.local/lib/python3.12/site-packages/airflow/example_dags/example_latest_only_with_trigger.py
[2025-07-23T08:25:03.772+0000] {logging_mixin.py:188} INFO - [2025-07-23T08:25:03.772+0000] {dag.py:3096} INFO - Sync 1 DAGs
[2025-07-23T08:25:03.834+0000] {logging_mixin.py:188} INFO - [2025-07-23T08:25:03.833+0000] {dag.py:3954} INFO - Setting next_dagrun for latest_only_with_trigger to 2025-07-23 04:00:00+00:00, run_after=2025-07-23 08:00:00+00:00
[2025-07-23T08:25:03.889+0000] {processor.py:183} INFO - Processing /home/airflow/.local/lib/python3.12/site-packages/airflow/example_dags/example_latest_only_with_trigger.py took 0.216 seconds
[2025-07-23T08:25:34.280+0000] {processor.py:161} INFO - Started process (PID=1325) to work on /home/airflow/.local/lib/python3.12/site-packages/airflow/example_dags/example_latest_only_with_trigger.py
[2025-07-23T08:25:34.284+0000] {processor.py:830} INFO - Processing file /home/airflow/.local/lib/python3.12/site-packages/airflow/example_dags/example_latest_only_with_trigger.py for tasks to queue
[2025-07-23T08:25:34.288+0000] {logging_mixin.py:188} INFO - [2025-07-23T08:25:34.287+0000] {dagbag.py:545} INFO - Filling up the DagBag from /home/airflow/.local/lib/python3.12/site-packages/airflow/example_dags/example_latest_only_with_trigger.py
[2025-07-23T08:25:34.426+0000] {processor.py:840} INFO - DAG(s) 'latest_only_with_trigger' retrieved from /home/airflow/.local/lib/python3.12/site-packages/airflow/example_dags/example_latest_only_with_trigger.py
[2025-07-23T08:25:34.472+0000] {logging_mixin.py:188} INFO - [2025-07-23T08:25:34.471+0000] {dag.py:3096} INFO - Sync 1 DAGs
[2025-07-23T08:25:34.584+0000] {logging_mixin.py:188} INFO - [2025-07-23T08:25:34.583+0000] {dag.py:3954} INFO - Setting next_dagrun for latest_only_with_trigger to 2025-07-23 04:00:00+00:00, run_after=2025-07-23 08:00:00+00:00
[2025-07-23T08:25:34.675+0000] {processor.py:183} INFO - Processing /home/airflow/.local/lib/python3.12/site-packages/airflow/example_dags/example_latest_only_with_trigger.py took 0.320 seconds
[2025-07-23T08:26:05.119+0000] {processor.py:161} INFO - Started process (PID=1382) to work on /home/airflow/.local/lib/python3.12/site-packages/airflow/example_dags/example_latest_only_with_trigger.py
[2025-07-23T08:26:05.121+0000] {processor.py:830} INFO - Processing file /home/airflow/.local/lib/python3.12/site-packages/airflow/example_dags/example_latest_only_with_trigger.py for tasks to queue
[2025-07-23T08:26:05.126+0000] {logging_mixin.py:188} INFO - [2025-07-23T08:26:05.125+0000] {dagbag.py:545} INFO - Filling up the DagBag from /home/airflow/.local/lib/python3.12/site-packages/airflow/example_dags/example_latest_only_with_trigger.py
[2025-07-23T08:26:05.147+0000] {processor.py:840} INFO - DAG(s) 'latest_only_with_trigger' retrieved from /home/airflow/.local/lib/python3.12/site-packages/airflow/example_dags/example_latest_only_with_trigger.py
[2025-07-23T08:26:05.239+0000] {logging_mixin.py:188} INFO - [2025-07-23T08:26:05.238+0000] {dag.py:3096} INFO - Sync 1 DAGs
[2025-07-23T08:26:05.349+0000] {logging_mixin.py:188} INFO - [2025-07-23T08:26:05.349+0000] {dag.py:3954} INFO - Setting next_dagrun for latest_only_with_trigger to 2025-07-23 04:00:00+00:00, run_after=2025-07-23 08:00:00+00:00
[2025-07-23T08:26:05.420+0000] {processor.py:183} INFO - Processing /home/airflow/.local/lib/python3.12/site-packages/airflow/example_dags/example_latest_only_with_trigger.py took 0.329 seconds
[2025-07-23T08:26:36.299+0000] {processor.py:161} INFO - Started process (PID=1437) to work on /home/airflow/.local/lib/python3.12/site-packages/airflow/example_dags/example_latest_only_with_trigger.py
[2025-07-23T08:26:36.302+0000] {processor.py:830} INFO - Processing file /home/airflow/.local/lib/python3.12/site-packages/airflow/example_dags/example_latest_only_with_trigger.py for tasks to queue
[2025-07-23T08:26:36.306+0000] {logging_mixin.py:188} INFO - [2025-07-23T08:26:36.306+0000] {dagbag.py:545} INFO - Filling up the DagBag from /home/airflow/.local/lib/python3.12/site-packages/airflow/example_dags/example_latest_only_with_trigger.py
[2025-07-23T08:26:36.324+0000] {processor.py:840} INFO - DAG(s) 'latest_only_with_trigger' retrieved from /home/airflow/.local/lib/python3.12/site-packages/airflow/example_dags/example_latest_only_with_trigger.py
[2025-07-23T08:26:36.383+0000] {logging_mixin.py:188} INFO - [2025-07-23T08:26:36.383+0000] {dag.py:3096} INFO - Sync 1 DAGs
[2025-07-23T08:26:36.454+0000] {logging_mixin.py:188} INFO - [2025-07-23T08:26:36.453+0000] {dag.py:3954} INFO - Setting next_dagrun for latest_only_with_trigger to 2025-07-23 04:00:00+00:00, run_after=2025-07-23 08:00:00+00:00
[2025-07-23T08:26:36.504+0000] {processor.py:183} INFO - Processing /home/airflow/.local/lib/python3.12/site-packages/airflow/example_dags/example_latest_only_with_trigger.py took 0.227 seconds
[2025-07-23T08:27:07.405+0000] {processor.py:161} INFO - Started process (PID=1493) to work on /home/airflow/.local/lib/python3.12/site-packages/airflow/example_dags/example_latest_only_with_trigger.py
[2025-07-23T08:27:07.419+0000] {processor.py:830} INFO - Processing file /home/airflow/.local/lib/python3.12/site-packages/airflow/example_dags/example_latest_only_with_trigger.py for tasks to queue
[2025-07-23T08:27:07.453+0000] {logging_mixin.py:188} INFO - [2025-07-23T08:27:07.448+0000] {dagbag.py:545} INFO - Filling up the DagBag from /home/airflow/.local/lib/python3.12/site-packages/airflow/example_dags/example_latest_only_with_trigger.py
[2025-07-23T08:27:07.529+0000] {processor.py:840} INFO - DAG(s) 'latest_only_with_trigger' retrieved from /home/airflow/.local/lib/python3.12/site-packages/airflow/example_dags/example_latest_only_with_trigger.py
[2025-07-23T08:27:07.626+0000] {logging_mixin.py:188} INFO - [2025-07-23T08:27:07.625+0000] {dag.py:3096} INFO - Sync 1 DAGs
[2025-07-23T08:27:07.927+0000] {logging_mixin.py:188} INFO - [2025-07-23T08:27:07.927+0000] {dag.py:3954} INFO - Setting next_dagrun for latest_only_with_trigger to 2025-07-23 04:00:00+00:00, run_after=2025-07-23 08:00:00+00:00
[2025-07-23T08:27:08.175+0000] {processor.py:183} INFO - Processing /home/airflow/.local/lib/python3.12/site-packages/airflow/example_dags/example_latest_only_with_trigger.py took 0.790 seconds
[2025-07-23T08:27:47.998+0000] {processor.py:161} INFO - Started process (PID=1545) to work on /home/airflow/.local/lib/python3.12/site-packages/airflow/example_dags/example_latest_only_with_trigger.py
[2025-07-23T08:27:48.010+0000] {processor.py:830} INFO - Processing file /home/airflow/.local/lib/python3.12/site-packages/airflow/example_dags/example_latest_only_with_trigger.py for tasks to queue
[2025-07-23T08:27:48.025+0000] {logging_mixin.py:188} INFO - [2025-07-23T08:27:48.024+0000] {dagbag.py:545} INFO - Filling up the DagBag from /home/airflow/.local/lib/python3.12/site-packages/airflow/example_dags/example_latest_only_with_trigger.py
[2025-07-23T08:27:48.038+0000] {processor.py:840} INFO - DAG(s) 'latest_only_with_trigger' retrieved from /home/airflow/.local/lib/python3.12/site-packages/airflow/example_dags/example_latest_only_with_trigger.py
[2025-07-23T08:27:48.116+0000] {logging_mixin.py:188} INFO - [2025-07-23T08:27:48.115+0000] {dag.py:3096} INFO - Sync 1 DAGs
[2025-07-23T08:27:48.225+0000] {logging_mixin.py:188} INFO - [2025-07-23T08:27:48.225+0000] {dag.py:3954} INFO - Setting next_dagrun for latest_only_with_trigger to 2025-07-23 04:00:00+00:00, run_after=2025-07-23 08:00:00+00:00
[2025-07-23T08:27:48.326+0000] {processor.py:183} INFO - Processing /home/airflow/.local/lib/python3.12/site-packages/airflow/example_dags/example_latest_only_with_trigger.py took 0.341 seconds
[2025-07-23T08:28:18.589+0000] {processor.py:161} INFO - Started process (PID=1603) to work on /home/airflow/.local/lib/python3.12/site-packages/airflow/example_dags/example_latest_only_with_trigger.py
[2025-07-23T08:28:18.591+0000] {processor.py:830} INFO - Processing file /home/airflow/.local/lib/python3.12/site-packages/airflow/example_dags/example_latest_only_with_trigger.py for tasks to queue
[2025-07-23T08:28:18.595+0000] {logging_mixin.py:188} INFO - [2025-07-23T08:28:18.594+0000] {dagbag.py:545} INFO - Filling up the DagBag from /home/airflow/.local/lib/python3.12/site-packages/airflow/example_dags/example_latest_only_with_trigger.py
[2025-07-23T08:28:18.607+0000] {processor.py:840} INFO - DAG(s) 'latest_only_with_trigger' retrieved from /home/airflow/.local/lib/python3.12/site-packages/airflow/example_dags/example_latest_only_with_trigger.py
[2025-07-23T08:28:18.683+0000] {logging_mixin.py:188} INFO - [2025-07-23T08:28:18.682+0000] {dag.py:3096} INFO - Sync 1 DAGs
[2025-07-23T08:28:18.730+0000] {logging_mixin.py:188} INFO - [2025-07-23T08:28:18.730+0000] {dag.py:3954} INFO - Setting next_dagrun for latest_only_with_trigger to 2025-07-23 04:00:00+00:00, run_after=2025-07-23 08:00:00+00:00
[2025-07-23T08:28:18.788+0000] {processor.py:183} INFO - Processing /home/airflow/.local/lib/python3.12/site-packages/airflow/example_dags/example_latest_only_with_trigger.py took 0.213 seconds
[2025-07-23T08:28:51.121+0000] {processor.py:161} INFO - Started process (PID=1662) to work on /home/airflow/.local/lib/python3.12/site-packages/airflow/example_dags/example_latest_only_with_trigger.py
[2025-07-23T08:28:51.131+0000] {processor.py:830} INFO - Processing file /home/airflow/.local/lib/python3.12/site-packages/airflow/example_dags/example_latest_only_with_trigger.py for tasks to queue
[2025-07-23T08:28:51.135+0000] {logging_mixin.py:188} INFO - [2025-07-23T08:28:51.134+0000] {dagbag.py:545} INFO - Filling up the DagBag from /home/airflow/.local/lib/python3.12/site-packages/airflow/example_dags/example_latest_only_with_trigger.py
[2025-07-23T08:28:51.152+0000] {processor.py:840} INFO - DAG(s) 'latest_only_with_trigger' retrieved from /home/airflow/.local/lib/python3.12/site-packages/airflow/example_dags/example_latest_only_with_trigger.py
[2025-07-23T08:28:51.252+0000] {logging_mixin.py:188} INFO - [2025-07-23T08:28:51.247+0000] {dag.py:3096} INFO - Sync 1 DAGs
[2025-07-23T08:28:51.534+0000] {logging_mixin.py:188} INFO - [2025-07-23T08:28:51.533+0000] {dag.py:3954} INFO - Setting next_dagrun for latest_only_with_trigger to 2025-07-23 04:00:00+00:00, run_after=2025-07-23 08:00:00+00:00
[2025-07-23T08:28:51.752+0000] {processor.py:183} INFO - Processing /home/airflow/.local/lib/python3.12/site-packages/airflow/example_dags/example_latest_only_with_trigger.py took 0.649 seconds
[2025-07-23T08:29:22.155+0000] {processor.py:161} INFO - Started process (PID=1719) to work on /home/airflow/.local/lib/python3.12/site-packages/airflow/example_dags/example_latest_only_with_trigger.py
[2025-07-23T08:29:22.158+0000] {processor.py:830} INFO - Processing file /home/airflow/.local/lib/python3.12/site-packages/airflow/example_dags/example_latest_only_with_trigger.py for tasks to queue
[2025-07-23T08:29:22.166+0000] {logging_mixin.py:188} INFO - [2025-07-23T08:29:22.163+0000] {dagbag.py:545} INFO - Filling up the DagBag from /home/airflow/.local/lib/python3.12/site-packages/airflow/example_dags/example_latest_only_with_trigger.py
[2025-07-23T08:29:22.205+0000] {processor.py:840} INFO - DAG(s) 'latest_only_with_trigger' retrieved from /home/airflow/.local/lib/python3.12/site-packages/airflow/example_dags/example_latest_only_with_trigger.py
[2025-07-23T08:29:22.624+0000] {logging_mixin.py:188} INFO - [2025-07-23T08:29:22.623+0000] {dag.py:3096} INFO - Sync 1 DAGs
[2025-07-23T08:29:22.788+0000] {logging_mixin.py:188} INFO - [2025-07-23T08:29:22.787+0000] {dag.py:3954} INFO - Setting next_dagrun for latest_only_with_trigger to 2025-07-23 04:00:00+00:00, run_after=2025-07-23 08:00:00+00:00
[2025-07-23T08:29:22.902+0000] {processor.py:183} INFO - Processing /home/airflow/.local/lib/python3.12/site-packages/airflow/example_dags/example_latest_only_with_trigger.py took 0.772 seconds
[2025-07-23T08:29:53.422+0000] {processor.py:161} INFO - Started process (PID=1776) to work on /home/airflow/.local/lib/python3.12/site-packages/airflow/example_dags/example_latest_only_with_trigger.py
[2025-07-23T08:29:53.424+0000] {processor.py:830} INFO - Processing file /home/airflow/.local/lib/python3.12/site-packages/airflow/example_dags/example_latest_only_with_trigger.py for tasks to queue
[2025-07-23T08:29:53.428+0000] {logging_mixin.py:188} INFO - [2025-07-23T08:29:53.427+0000] {dagbag.py:545} INFO - Filling up the DagBag from /home/airflow/.local/lib/python3.12/site-packages/airflow/example_dags/example_latest_only_with_trigger.py
[2025-07-23T08:29:53.439+0000] {processor.py:840} INFO - DAG(s) 'latest_only_with_trigger' retrieved from /home/airflow/.local/lib/python3.12/site-packages/airflow/example_dags/example_latest_only_with_trigger.py
[2025-07-23T08:29:53.482+0000] {logging_mixin.py:188} INFO - [2025-07-23T08:29:53.482+0000] {dag.py:3096} INFO - Sync 1 DAGs
[2025-07-23T08:29:53.533+0000] {logging_mixin.py:188} INFO - [2025-07-23T08:29:53.532+0000] {dag.py:3954} INFO - Setting next_dagrun for latest_only_with_trigger to 2025-07-23 04:00:00+00:00, run_after=2025-07-23 08:00:00+00:00
[2025-07-23T08:29:53.842+0000] {processor.py:183} INFO - Processing /home/airflow/.local/lib/python3.12/site-packages/airflow/example_dags/example_latest_only_with_trigger.py took 0.433 seconds
[2025-07-23T08:30:24.528+0000] {processor.py:161} INFO - Started process (PID=1834) to work on /home/airflow/.local/lib/python3.12/site-packages/airflow/example_dags/example_latest_only_with_trigger.py
[2025-07-23T08:30:24.529+0000] {processor.py:830} INFO - Processing file /home/airflow/.local/lib/python3.12/site-packages/airflow/example_dags/example_latest_only_with_trigger.py for tasks to queue
[2025-07-23T08:30:24.538+0000] {logging_mixin.py:188} INFO - [2025-07-23T08:30:24.536+0000] {dagbag.py:545} INFO - Filling up the DagBag from /home/airflow/.local/lib/python3.12/site-packages/airflow/example_dags/example_latest_only_with_trigger.py
[2025-07-23T08:30:24.571+0000] {processor.py:840} INFO - DAG(s) 'latest_only_with_trigger' retrieved from /home/airflow/.local/lib/python3.12/site-packages/airflow/example_dags/example_latest_only_with_trigger.py
[2025-07-23T08:30:24.635+0000] {logging_mixin.py:188} INFO - [2025-07-23T08:30:24.634+0000] {dag.py:3096} INFO - Sync 1 DAGs
[2025-07-23T08:30:24.805+0000] {logging_mixin.py:188} INFO - [2025-07-23T08:30:24.805+0000] {dag.py:3954} INFO - Setting next_dagrun for latest_only_with_trigger to 2025-07-23 04:00:00+00:00, run_after=2025-07-23 08:00:00+00:00
[2025-07-23T08:30:24.905+0000] {processor.py:183} INFO - Processing /home/airflow/.local/lib/python3.12/site-packages/airflow/example_dags/example_latest_only_with_trigger.py took 0.441 seconds
[2025-07-23T08:30:55.664+0000] {processor.py:161} INFO - Started process (PID=1892) to work on /home/airflow/.local/lib/python3.12/site-packages/airflow/example_dags/example_latest_only_with_trigger.py
[2025-07-23T08:30:55.670+0000] {processor.py:830} INFO - Processing file /home/airflow/.local/lib/python3.12/site-packages/airflow/example_dags/example_latest_only_with_trigger.py for tasks to queue
[2025-07-23T08:30:55.676+0000] {logging_mixin.py:188} INFO - [2025-07-23T08:30:55.675+0000] {dagbag.py:545} INFO - Filling up the DagBag from /home/airflow/.local/lib/python3.12/site-packages/airflow/example_dags/example_latest_only_with_trigger.py
[2025-07-23T08:30:55.712+0000] {processor.py:840} INFO - DAG(s) 'latest_only_with_trigger' retrieved from /home/airflow/.local/lib/python3.12/site-packages/airflow/example_dags/example_latest_only_with_trigger.py
[2025-07-23T08:30:55.861+0000] {logging_mixin.py:188} INFO - [2025-07-23T08:30:55.860+0000] {dag.py:3096} INFO - Sync 1 DAGs
[2025-07-23T08:30:56.004+0000] {logging_mixin.py:188} INFO - [2025-07-23T08:30:56.004+0000] {dag.py:3954} INFO - Setting next_dagrun for latest_only_with_trigger to 2025-07-23 04:00:00+00:00, run_after=2025-07-23 08:00:00+00:00
[2025-07-23T08:30:56.108+0000] {processor.py:183} INFO - Processing /home/airflow/.local/lib/python3.12/site-packages/airflow/example_dags/example_latest_only_with_trigger.py took 0.486 seconds
[2025-07-23T08:31:26.457+0000] {processor.py:161} INFO - Started process (PID=1951) to work on /home/airflow/.local/lib/python3.12/site-packages/airflow/example_dags/example_latest_only_with_trigger.py
[2025-07-23T08:31:26.462+0000] {processor.py:830} INFO - Processing file /home/airflow/.local/lib/python3.12/site-packages/airflow/example_dags/example_latest_only_with_trigger.py for tasks to queue
[2025-07-23T08:31:26.470+0000] {logging_mixin.py:188} INFO - [2025-07-23T08:31:26.469+0000] {dagbag.py:545} INFO - Filling up the DagBag from /home/airflow/.local/lib/python3.12/site-packages/airflow/example_dags/example_latest_only_with_trigger.py
[2025-07-23T08:31:26.493+0000] {processor.py:840} INFO - DAG(s) 'latest_only_with_trigger' retrieved from /home/airflow/.local/lib/python3.12/site-packages/airflow/example_dags/example_latest_only_with_trigger.py
[2025-07-23T08:31:26.596+0000] {logging_mixin.py:188} INFO - [2025-07-23T08:31:26.596+0000] {dag.py:3096} INFO - Sync 1 DAGs
[2025-07-23T08:31:26.660+0000] {logging_mixin.py:188} INFO - [2025-07-23T08:31:26.659+0000] {dag.py:3954} INFO - Setting next_dagrun for latest_only_with_trigger to 2025-07-23 04:00:00+00:00, run_after=2025-07-23 08:00:00+00:00
[2025-07-23T08:31:26.737+0000] {processor.py:183} INFO - Processing /home/airflow/.local/lib/python3.12/site-packages/airflow/example_dags/example_latest_only_with_trigger.py took 0.301 seconds
[2025-07-23T08:31:57.337+0000] {processor.py:161} INFO - Started process (PID=2009) to work on /home/airflow/.local/lib/python3.12/site-packages/airflow/example_dags/example_latest_only_with_trigger.py
[2025-07-23T08:31:57.340+0000] {processor.py:830} INFO - Processing file /home/airflow/.local/lib/python3.12/site-packages/airflow/example_dags/example_latest_only_with_trigger.py for tasks to queue
[2025-07-23T08:31:57.345+0000] {logging_mixin.py:188} INFO - [2025-07-23T08:31:57.345+0000] {dagbag.py:545} INFO - Filling up the DagBag from /home/airflow/.local/lib/python3.12/site-packages/airflow/example_dags/example_latest_only_with_trigger.py
[2025-07-23T08:31:57.380+0000] {processor.py:840} INFO - DAG(s) 'latest_only_with_trigger' retrieved from /home/airflow/.local/lib/python3.12/site-packages/airflow/example_dags/example_latest_only_with_trigger.py
[2025-07-23T08:31:57.458+0000] {logging_mixin.py:188} INFO - [2025-07-23T08:31:57.457+0000] {dag.py:3096} INFO - Sync 1 DAGs
[2025-07-23T08:31:57.764+0000] {logging_mixin.py:188} INFO - [2025-07-23T08:31:57.764+0000] {dag.py:3954} INFO - Setting next_dagrun for latest_only_with_trigger to 2025-07-23 04:00:00+00:00, run_after=2025-07-23 08:00:00+00:00
[2025-07-23T08:31:57.816+0000] {processor.py:183} INFO - Processing /home/airflow/.local/lib/python3.12/site-packages/airflow/example_dags/example_latest_only_with_trigger.py took 0.491 seconds
[2025-07-23T08:34:58.413+0000] {processor.py:161} INFO - Started process (PID=69) to work on /home/airflow/.local/lib/python3.12/site-packages/airflow/example_dags/example_latest_only_with_trigger.py
[2025-07-23T08:34:58.415+0000] {processor.py:830} INFO - Processing file /home/airflow/.local/lib/python3.12/site-packages/airflow/example_dags/example_latest_only_with_trigger.py for tasks to queue
[2025-07-23T08:34:58.418+0000] {logging_mixin.py:188} INFO - [2025-07-23T08:34:58.418+0000] {dagbag.py:545} INFO - Filling up the DagBag from /home/airflow/.local/lib/python3.12/site-packages/airflow/example_dags/example_latest_only_with_trigger.py
[2025-07-23T08:34:58.436+0000] {processor.py:840} INFO - DAG(s) 'latest_only_with_trigger' retrieved from /home/airflow/.local/lib/python3.12/site-packages/airflow/example_dags/example_latest_only_with_trigger.py
[2025-07-23T08:34:58.706+0000] {logging_mixin.py:188} INFO - [2025-07-23T08:34:58.705+0000] {dag.py:3096} INFO - Sync 1 DAGs
[2025-07-23T08:34:58.755+0000] {logging_mixin.py:188} INFO - [2025-07-23T08:34:58.754+0000] {dag.py:3954} INFO - Setting next_dagrun for latest_only_with_trigger to 2025-07-23 04:00:00+00:00, run_after=2025-07-23 08:00:00+00:00
[2025-07-23T08:34:58.821+0000] {processor.py:183} INFO - Processing /home/airflow/.local/lib/python3.12/site-packages/airflow/example_dags/example_latest_only_with_trigger.py took 0.422 seconds
[2025-07-23T08:35:29.025+0000] {processor.py:161} INFO - Started process (PID=127) to work on /home/airflow/.local/lib/python3.12/site-packages/airflow/example_dags/example_latest_only_with_trigger.py
[2025-07-23T08:35:29.028+0000] {processor.py:830} INFO - Processing file /home/airflow/.local/lib/python3.12/site-packages/airflow/example_dags/example_latest_only_with_trigger.py for tasks to queue
[2025-07-23T08:35:29.041+0000] {logging_mixin.py:188} INFO - [2025-07-23T08:35:29.040+0000] {dagbag.py:545} INFO - Filling up the DagBag from /home/airflow/.local/lib/python3.12/site-packages/airflow/example_dags/example_latest_only_with_trigger.py
[2025-07-23T08:35:29.052+0000] {processor.py:840} INFO - DAG(s) 'latest_only_with_trigger' retrieved from /home/airflow/.local/lib/python3.12/site-packages/airflow/example_dags/example_latest_only_with_trigger.py
[2025-07-23T08:35:29.096+0000] {logging_mixin.py:188} INFO - [2025-07-23T08:35:29.096+0000] {dag.py:3096} INFO - Sync 1 DAGs
[2025-07-23T08:35:29.146+0000] {logging_mixin.py:188} INFO - [2025-07-23T08:35:29.146+0000] {dag.py:3954} INFO - Setting next_dagrun for latest_only_with_trigger to 2025-07-23 04:00:00+00:00, run_after=2025-07-23 08:00:00+00:00
[2025-07-23T08:35:29.191+0000] {processor.py:183} INFO - Processing /home/airflow/.local/lib/python3.12/site-packages/airflow/example_dags/example_latest_only_with_trigger.py took 0.179 seconds
[2025-07-23T08:36:01.010+0000] {processor.py:161} INFO - Started process (PID=185) to work on /home/airflow/.local/lib/python3.12/site-packages/airflow/example_dags/example_latest_only_with_trigger.py
[2025-07-23T08:36:01.015+0000] {processor.py:830} INFO - Processing file /home/airflow/.local/lib/python3.12/site-packages/airflow/example_dags/example_latest_only_with_trigger.py for tasks to queue
[2025-07-23T08:36:01.040+0000] {logging_mixin.py:188} INFO - [2025-07-23T08:36:01.040+0000] {dagbag.py:545} INFO - Filling up the DagBag from /home/airflow/.local/lib/python3.12/site-packages/airflow/example_dags/example_latest_only_with_trigger.py
[2025-07-23T08:36:01.105+0000] {processor.py:840} INFO - DAG(s) 'latest_only_with_trigger' retrieved from /home/airflow/.local/lib/python3.12/site-packages/airflow/example_dags/example_latest_only_with_trigger.py
[2025-07-23T08:36:01.236+0000] {logging_mixin.py:188} INFO - [2025-07-23T08:36:01.235+0000] {dag.py:3096} INFO - Sync 1 DAGs
[2025-07-23T08:36:01.391+0000] {logging_mixin.py:188} INFO - [2025-07-23T08:36:01.389+0000] {dag.py:3954} INFO - Setting next_dagrun for latest_only_with_trigger to 2025-07-23 04:00:00+00:00, run_after=2025-07-23 08:00:00+00:00
[2025-07-23T08:36:01.574+0000] {processor.py:183} INFO - Processing /home/airflow/.local/lib/python3.12/site-packages/airflow/example_dags/example_latest_only_with_trigger.py took 0.612 seconds
[2025-07-23T08:36:31.904+0000] {processor.py:161} INFO - Started process (PID=243) to work on /home/airflow/.local/lib/python3.12/site-packages/airflow/example_dags/example_latest_only_with_trigger.py
[2025-07-23T08:36:31.915+0000] {processor.py:830} INFO - Processing file /home/airflow/.local/lib/python3.12/site-packages/airflow/example_dags/example_latest_only_with_trigger.py for tasks to queue
[2025-07-23T08:36:31.926+0000] {logging_mixin.py:188} INFO - [2025-07-23T08:36:31.926+0000] {dagbag.py:545} INFO - Filling up the DagBag from /home/airflow/.local/lib/python3.12/site-packages/airflow/example_dags/example_latest_only_with_trigger.py
[2025-07-23T08:36:31.968+0000] {processor.py:840} INFO - DAG(s) 'latest_only_with_trigger' retrieved from /home/airflow/.local/lib/python3.12/site-packages/airflow/example_dags/example_latest_only_with_trigger.py
[2025-07-23T08:36:32.034+0000] {logging_mixin.py:188} INFO - [2025-07-23T08:36:32.033+0000] {dag.py:3096} INFO - Sync 1 DAGs
[2025-07-23T08:36:32.174+0000] {logging_mixin.py:188} INFO - [2025-07-23T08:36:32.174+0000] {dag.py:3954} INFO - Setting next_dagrun for latest_only_with_trigger to 2025-07-23 04:00:00+00:00, run_after=2025-07-23 08:00:00+00:00
[2025-07-23T08:36:32.323+0000] {processor.py:183} INFO - Processing /home/airflow/.local/lib/python3.12/site-packages/airflow/example_dags/example_latest_only_with_trigger.py took 0.449 seconds
[2025-07-23T08:37:02.748+0000] {processor.py:161} INFO - Started process (PID=302) to work on /home/airflow/.local/lib/python3.12/site-packages/airflow/example_dags/example_latest_only_with_trigger.py
[2025-07-23T08:37:02.754+0000] {processor.py:830} INFO - Processing file /home/airflow/.local/lib/python3.12/site-packages/airflow/example_dags/example_latest_only_with_trigger.py for tasks to queue
[2025-07-23T08:37:02.765+0000] {logging_mixin.py:188} INFO - [2025-07-23T08:37:02.762+0000] {dagbag.py:545} INFO - Filling up the DagBag from /home/airflow/.local/lib/python3.12/site-packages/airflow/example_dags/example_latest_only_with_trigger.py
[2025-07-23T08:37:02.792+0000] {processor.py:840} INFO - DAG(s) 'latest_only_with_trigger' retrieved from /home/airflow/.local/lib/python3.12/site-packages/airflow/example_dags/example_latest_only_with_trigger.py
[2025-07-23T08:37:02.969+0000] {logging_mixin.py:188} INFO - [2025-07-23T08:37:02.968+0000] {dag.py:3096} INFO - Sync 1 DAGs
[2025-07-23T08:37:03.069+0000] {logging_mixin.py:188} INFO - [2025-07-23T08:37:03.068+0000] {dag.py:3954} INFO - Setting next_dagrun for latest_only_with_trigger to 2025-07-23 04:00:00+00:00, run_after=2025-07-23 08:00:00+00:00
[2025-07-23T08:37:03.177+0000] {processor.py:183} INFO - Processing /home/airflow/.local/lib/python3.12/site-packages/airflow/example_dags/example_latest_only_with_trigger.py took 0.470 seconds
[2025-07-23T08:37:36.460+0000] {processor.py:161} INFO - Started process (PID=361) to work on /home/airflow/.local/lib/python3.12/site-packages/airflow/example_dags/example_latest_only_with_trigger.py
[2025-07-23T08:37:36.472+0000] {processor.py:830} INFO - Processing file /home/airflow/.local/lib/python3.12/site-packages/airflow/example_dags/example_latest_only_with_trigger.py for tasks to queue
[2025-07-23T08:37:36.547+0000] {logging_mixin.py:188} INFO - [2025-07-23T08:37:36.546+0000] {dagbag.py:545} INFO - Filling up the DagBag from /home/airflow/.local/lib/python3.12/site-packages/airflow/example_dags/example_latest_only_with_trigger.py
[2025-07-23T08:37:36.757+0000] {processor.py:840} INFO - DAG(s) 'latest_only_with_trigger' retrieved from /home/airflow/.local/lib/python3.12/site-packages/airflow/example_dags/example_latest_only_with_trigger.py
[2025-07-23T08:37:37.061+0000] {logging_mixin.py:188} INFO - [2025-07-23T08:37:37.054+0000] {dag.py:3096} INFO - Sync 1 DAGs
[2025-07-23T08:37:37.494+0000] {logging_mixin.py:188} INFO - [2025-07-23T08:37:37.494+0000] {dag.py:3954} INFO - Setting next_dagrun for latest_only_with_trigger to 2025-07-23 04:00:00+00:00, run_after=2025-07-23 08:00:00+00:00
[2025-07-23T08:37:37.925+0000] {processor.py:183} INFO - Processing /home/airflow/.local/lib/python3.12/site-packages/airflow/example_dags/example_latest_only_with_trigger.py took 1.408 seconds
[2025-07-23T08:38:11.671+0000] {processor.py:161} INFO - Started process (PID=416) to work on /home/airflow/.local/lib/python3.12/site-packages/airflow/example_dags/example_latest_only_with_trigger.py
[2025-07-23T08:38:11.688+0000] {processor.py:830} INFO - Processing file /home/airflow/.local/lib/python3.12/site-packages/airflow/example_dags/example_latest_only_with_trigger.py for tasks to queue
[2025-07-23T08:38:11.705+0000] {logging_mixin.py:188} INFO - [2025-07-23T08:38:11.704+0000] {dagbag.py:545} INFO - Filling up the DagBag from /home/airflow/.local/lib/python3.12/site-packages/airflow/example_dags/example_latest_only_with_trigger.py
[2025-07-23T08:38:11.752+0000] {processor.py:840} INFO - DAG(s) 'latest_only_with_trigger' retrieved from /home/airflow/.local/lib/python3.12/site-packages/airflow/example_dags/example_latest_only_with_trigger.py
[2025-07-23T08:38:11.887+0000] {logging_mixin.py:188} INFO - [2025-07-23T08:38:11.887+0000] {dag.py:3096} INFO - Sync 1 DAGs
[2025-07-23T08:38:12.111+0000] {logging_mixin.py:188} INFO - [2025-07-23T08:38:12.111+0000] {dag.py:3954} INFO - Setting next_dagrun for latest_only_with_trigger to 2025-07-23 04:00:00+00:00, run_after=2025-07-23 08:00:00+00:00
[2025-07-23T08:38:12.376+0000] {processor.py:183} INFO - Processing /home/airflow/.local/lib/python3.12/site-packages/airflow/example_dags/example_latest_only_with_trigger.py took 0.810 seconds
[2025-07-23T08:38:58.447+0000] {processor.py:161} INFO - Started process (PID=470) to work on /home/airflow/.local/lib/python3.12/site-packages/airflow/example_dags/example_latest_only_with_trigger.py
[2025-07-23T08:38:58.508+0000] {processor.py:830} INFO - Processing file /home/airflow/.local/lib/python3.12/site-packages/airflow/example_dags/example_latest_only_with_trigger.py for tasks to queue
[2025-07-23T08:38:58.533+0000] {logging_mixin.py:188} INFO - [2025-07-23T08:38:58.532+0000] {dagbag.py:545} INFO - Filling up the DagBag from /home/airflow/.local/lib/python3.12/site-packages/airflow/example_dags/example_latest_only_with_trigger.py
[2025-07-23T08:38:58.686+0000] {processor.py:840} INFO - DAG(s) 'latest_only_with_trigger' retrieved from /home/airflow/.local/lib/python3.12/site-packages/airflow/example_dags/example_latest_only_with_trigger.py
[2025-07-23T08:38:59.118+0000] {logging_mixin.py:188} INFO - [2025-07-23T08:38:59.117+0000] {dag.py:3096} INFO - Sync 1 DAGs
[2025-07-23T08:38:59.864+0000] {logging_mixin.py:188} INFO - [2025-07-23T08:38:59.863+0000] {dag.py:3954} INFO - Setting next_dagrun for latest_only_with_trigger to 2025-07-23 04:00:00+00:00, run_after=2025-07-23 08:00:00+00:00
[2025-07-23T08:39:00.483+0000] {processor.py:183} INFO - Processing /home/airflow/.local/lib/python3.12/site-packages/airflow/example_dags/example_latest_only_with_trigger.py took 2.251 seconds
[2025-07-23T08:40:03.649+0000] {processor.py:161} INFO - Started process (PID=532) to work on /home/airflow/.local/lib/python3.12/site-packages/airflow/example_dags/example_latest_only_with_trigger.py
[2025-07-23T08:40:03.661+0000] {processor.py:830} INFO - Processing file /home/airflow/.local/lib/python3.12/site-packages/airflow/example_dags/example_latest_only_with_trigger.py for tasks to queue
[2025-07-23T08:40:03.679+0000] {logging_mixin.py:188} INFO - [2025-07-23T08:40:03.678+0000] {dagbag.py:545} INFO - Filling up the DagBag from /home/airflow/.local/lib/python3.12/site-packages/airflow/example_dags/example_latest_only_with_trigger.py
[2025-07-23T08:40:03.826+0000] {processor.py:840} INFO - DAG(s) 'latest_only_with_trigger' retrieved from /home/airflow/.local/lib/python3.12/site-packages/airflow/example_dags/example_latest_only_with_trigger.py
[2025-07-23T08:40:04.306+0000] {logging_mixin.py:188} INFO - [2025-07-23T08:40:04.305+0000] {dag.py:3096} INFO - Sync 1 DAGs
[2025-07-23T08:40:04.620+0000] {logging_mixin.py:188} INFO - [2025-07-23T08:40:04.619+0000] {dag.py:3954} INFO - Setting next_dagrun for latest_only_with_trigger to 2025-07-23 04:00:00+00:00, run_after=2025-07-23 08:00:00+00:00
[2025-07-23T08:40:04.923+0000] {processor.py:183} INFO - Processing /home/airflow/.local/lib/python3.12/site-packages/airflow/example_dags/example_latest_only_with_trigger.py took 1.387 seconds
[2025-07-23T08:40:40.891+0000] {processor.py:161} INFO - Started process (PID=586) to work on /home/airflow/.local/lib/python3.12/site-packages/airflow/example_dags/example_latest_only_with_trigger.py
[2025-07-23T08:40:40.921+0000] {processor.py:830} INFO - Processing file /home/airflow/.local/lib/python3.12/site-packages/airflow/example_dags/example_latest_only_with_trigger.py for tasks to queue
[2025-07-23T08:40:40.940+0000] {logging_mixin.py:188} INFO - [2025-07-23T08:40:40.925+0000] {dagbag.py:545} INFO - Filling up the DagBag from /home/airflow/.local/lib/python3.12/site-packages/airflow/example_dags/example_latest_only_with_trigger.py
[2025-07-23T08:40:41.037+0000] {processor.py:840} INFO - DAG(s) 'latest_only_with_trigger' retrieved from /home/airflow/.local/lib/python3.12/site-packages/airflow/example_dags/example_latest_only_with_trigger.py
[2025-07-23T08:40:41.661+0000] {logging_mixin.py:188} INFO - [2025-07-23T08:40:41.660+0000] {dag.py:3096} INFO - Sync 1 DAGs
[2025-07-23T08:40:42.082+0000] {logging_mixin.py:188} INFO - [2025-07-23T08:40:42.081+0000] {dag.py:3954} INFO - Setting next_dagrun for latest_only_with_trigger to 2025-07-23 04:00:00+00:00, run_after=2025-07-23 08:00:00+00:00
[2025-07-23T08:40:42.378+0000] {processor.py:183} INFO - Processing /home/airflow/.local/lib/python3.12/site-packages/airflow/example_dags/example_latest_only_with_trigger.py took 1.618 seconds
[2025-07-23T09:00:38.399+0000] {processor.py:161} INFO - Started process (PID=31) to work on /home/airflow/.local/lib/python3.12/site-packages/airflow/example_dags/example_latest_only_with_trigger.py
[2025-07-23T09:00:38.402+0000] {processor.py:830} INFO - Processing file /home/airflow/.local/lib/python3.12/site-packages/airflow/example_dags/example_latest_only_with_trigger.py for tasks to queue
[2025-07-23T09:00:38.404+0000] {logging_mixin.py:188} INFO - [2025-07-23T09:00:38.404+0000] {dagbag.py:545} INFO - Filling up the DagBag from /home/airflow/.local/lib/python3.12/site-packages/airflow/example_dags/example_latest_only_with_trigger.py
[2025-07-23T09:00:38.424+0000] {processor.py:840} INFO - DAG(s) 'latest_only_with_trigger' retrieved from /home/airflow/.local/lib/python3.12/site-packages/airflow/example_dags/example_latest_only_with_trigger.py
[2025-07-23T09:00:38.509+0000] {logging_mixin.py:188} INFO - [2025-07-23T09:00:38.508+0000] {dag.py:3096} INFO - Sync 1 DAGs
[2025-07-23T09:00:38.733+0000] {logging_mixin.py:188} INFO - [2025-07-23T09:00:38.733+0000] {dag.py:3954} INFO - Setting next_dagrun for latest_only_with_trigger to 2025-07-23 04:00:00+00:00, run_after=2025-07-23 08:00:00+00:00
[2025-07-23T09:00:38.857+0000] {processor.py:183} INFO - Processing /home/airflow/.local/lib/python3.12/site-packages/airflow/example_dags/example_latest_only_with_trigger.py took 0.485 seconds
[2025-07-23T09:01:21.350+0000] {processor.py:161} INFO - Started process (PID=91) to work on /home/airflow/.local/lib/python3.12/site-packages/airflow/example_dags/example_latest_only_with_trigger.py
[2025-07-23T09:01:21.353+0000] {processor.py:830} INFO - Processing file /home/airflow/.local/lib/python3.12/site-packages/airflow/example_dags/example_latest_only_with_trigger.py for tasks to queue
[2025-07-23T09:01:21.356+0000] {logging_mixin.py:188} INFO - [2025-07-23T09:01:21.355+0000] {dagbag.py:545} INFO - Filling up the DagBag from /home/airflow/.local/lib/python3.12/site-packages/airflow/example_dags/example_latest_only_with_trigger.py
[2025-07-23T09:01:21.406+0000] {processor.py:840} INFO - DAG(s) 'latest_only_with_trigger' retrieved from /home/airflow/.local/lib/python3.12/site-packages/airflow/example_dags/example_latest_only_with_trigger.py
[2025-07-23T09:01:21.605+0000] {logging_mixin.py:188} INFO - [2025-07-23T09:01:21.604+0000] {dag.py:3096} INFO - Sync 1 DAGs
[2025-07-23T09:01:21.767+0000] {logging_mixin.py:188} INFO - [2025-07-23T09:01:21.766+0000] {dag.py:3954} INFO - Setting next_dagrun for latest_only_with_trigger to 2025-07-23 04:00:00+00:00, run_after=2025-07-23 08:00:00+00:00
[2025-07-23T09:01:21.897+0000] {processor.py:183} INFO - Processing /home/airflow/.local/lib/python3.12/site-packages/airflow/example_dags/example_latest_only_with_trigger.py took 0.604 seconds
[2025-07-23T09:01:54.271+0000] {processor.py:161} INFO - Started process (PID=148) to work on /home/airflow/.local/lib/python3.12/site-packages/airflow/example_dags/example_latest_only_with_trigger.py
[2025-07-23T09:01:54.272+0000] {processor.py:830} INFO - Processing file /home/airflow/.local/lib/python3.12/site-packages/airflow/example_dags/example_latest_only_with_trigger.py for tasks to queue
[2025-07-23T09:01:54.286+0000] {logging_mixin.py:188} INFO - [2025-07-23T09:01:54.285+0000] {dagbag.py:545} INFO - Filling up the DagBag from /home/airflow/.local/lib/python3.12/site-packages/airflow/example_dags/example_latest_only_with_trigger.py
[2025-07-23T09:01:54.309+0000] {processor.py:840} INFO - DAG(s) 'latest_only_with_trigger' retrieved from /home/airflow/.local/lib/python3.12/site-packages/airflow/example_dags/example_latest_only_with_trigger.py
[2025-07-23T09:01:54.432+0000] {logging_mixin.py:188} INFO - [2025-07-23T09:01:54.431+0000] {dag.py:3096} INFO - Sync 1 DAGs
[2025-07-23T09:01:54.556+0000] {logging_mixin.py:188} INFO - [2025-07-23T09:01:54.556+0000] {dag.py:3954} INFO - Setting next_dagrun for latest_only_with_trigger to 2025-07-23 04:00:00+00:00, run_after=2025-07-23 08:00:00+00:00
[2025-07-23T09:01:54.691+0000] {processor.py:183} INFO - Processing /home/airflow/.local/lib/python3.12/site-packages/airflow/example_dags/example_latest_only_with_trigger.py took 0.441 seconds
[2025-07-23T09:02:28.567+0000] {processor.py:161} INFO - Started process (PID=197) to work on /home/airflow/.local/lib/python3.12/site-packages/airflow/example_dags/example_latest_only_with_trigger.py
[2025-07-23T09:02:28.573+0000] {processor.py:830} INFO - Processing file /home/airflow/.local/lib/python3.12/site-packages/airflow/example_dags/example_latest_only_with_trigger.py for tasks to queue
[2025-07-23T09:02:28.582+0000] {logging_mixin.py:188} INFO - [2025-07-23T09:02:28.582+0000] {dagbag.py:545} INFO - Filling up the DagBag from /home/airflow/.local/lib/python3.12/site-packages/airflow/example_dags/example_latest_only_with_trigger.py
[2025-07-23T09:02:28.632+0000] {processor.py:840} INFO - DAG(s) 'latest_only_with_trigger' retrieved from /home/airflow/.local/lib/python3.12/site-packages/airflow/example_dags/example_latest_only_with_trigger.py
[2025-07-23T09:02:28.778+0000] {logging_mixin.py:188} INFO - [2025-07-23T09:02:28.778+0000] {dag.py:3096} INFO - Sync 1 DAGs
[2025-07-23T09:02:28.947+0000] {logging_mixin.py:188} INFO - [2025-07-23T09:02:28.947+0000] {dag.py:3954} INFO - Setting next_dagrun for latest_only_with_trigger to 2025-07-23 04:00:00+00:00, run_after=2025-07-23 08:00:00+00:00
[2025-07-23T09:02:29.074+0000] {processor.py:183} INFO - Processing /home/airflow/.local/lib/python3.12/site-packages/airflow/example_dags/example_latest_only_with_trigger.py took 0.547 seconds
[2025-07-23T09:03:01.508+0000] {processor.py:161} INFO - Started process (PID=246) to work on /home/airflow/.local/lib/python3.12/site-packages/airflow/example_dags/example_latest_only_with_trigger.py
[2025-07-23T09:03:01.511+0000] {processor.py:830} INFO - Processing file /home/airflow/.local/lib/python3.12/site-packages/airflow/example_dags/example_latest_only_with_trigger.py for tasks to queue
[2025-07-23T09:03:01.517+0000] {logging_mixin.py:188} INFO - [2025-07-23T09:03:01.514+0000] {dagbag.py:545} INFO - Filling up the DagBag from /home/airflow/.local/lib/python3.12/site-packages/airflow/example_dags/example_latest_only_with_trigger.py
[2025-07-23T09:03:01.546+0000] {processor.py:840} INFO - DAG(s) 'latest_only_with_trigger' retrieved from /home/airflow/.local/lib/python3.12/site-packages/airflow/example_dags/example_latest_only_with_trigger.py
[2025-07-23T09:03:01.648+0000] {logging_mixin.py:188} INFO - [2025-07-23T09:03:01.647+0000] {dag.py:3096} INFO - Sync 1 DAGs
[2025-07-23T09:03:01.735+0000] {logging_mixin.py:188} INFO - [2025-07-23T09:03:01.734+0000] {dag.py:3954} INFO - Setting next_dagrun for latest_only_with_trigger to 2025-07-23 04:00:00+00:00, run_after=2025-07-23 08:00:00+00:00
[2025-07-23T09:03:01.813+0000] {processor.py:183} INFO - Processing /home/airflow/.local/lib/python3.12/site-packages/airflow/example_dags/example_latest_only_with_trigger.py took 0.338 seconds
[2025-07-23T09:03:34.600+0000] {processor.py:161} INFO - Started process (PID=305) to work on /home/airflow/.local/lib/python3.12/site-packages/airflow/example_dags/example_latest_only_with_trigger.py
[2025-07-23T09:03:34.630+0000] {processor.py:830} INFO - Processing file /home/airflow/.local/lib/python3.12/site-packages/airflow/example_dags/example_latest_only_with_trigger.py for tasks to queue
[2025-07-23T09:03:34.646+0000] {logging_mixin.py:188} INFO - [2025-07-23T09:03:34.646+0000] {dagbag.py:545} INFO - Filling up the DagBag from /home/airflow/.local/lib/python3.12/site-packages/airflow/example_dags/example_latest_only_with_trigger.py
[2025-07-23T09:03:34.679+0000] {processor.py:840} INFO - DAG(s) 'latest_only_with_trigger' retrieved from /home/airflow/.local/lib/python3.12/site-packages/airflow/example_dags/example_latest_only_with_trigger.py
[2025-07-23T09:03:35.045+0000] {logging_mixin.py:188} INFO - [2025-07-23T09:03:35.044+0000] {dag.py:3096} INFO - Sync 1 DAGs
[2025-07-23T09:03:35.207+0000] {logging_mixin.py:188} INFO - [2025-07-23T09:03:35.206+0000] {dag.py:3954} INFO - Setting next_dagrun for latest_only_with_trigger to 2025-07-23 04:00:00+00:00, run_after=2025-07-23 08:00:00+00:00
[2025-07-23T09:03:35.520+0000] {processor.py:183} INFO - Processing /home/airflow/.local/lib/python3.12/site-packages/airflow/example_dags/example_latest_only_with_trigger.py took 0.968 seconds
[2025-07-23T09:04:06.485+0000] {processor.py:161} INFO - Started process (PID=364) to work on /home/airflow/.local/lib/python3.12/site-packages/airflow/example_dags/example_latest_only_with_trigger.py
[2025-07-23T09:04:06.498+0000] {processor.py:830} INFO - Processing file /home/airflow/.local/lib/python3.12/site-packages/airflow/example_dags/example_latest_only_with_trigger.py for tasks to queue
[2025-07-23T09:04:06.527+0000] {logging_mixin.py:188} INFO - [2025-07-23T09:04:06.526+0000] {dagbag.py:545} INFO - Filling up the DagBag from /home/airflow/.local/lib/python3.12/site-packages/airflow/example_dags/example_latest_only_with_trigger.py
[2025-07-23T09:04:06.605+0000] {processor.py:840} INFO - DAG(s) 'latest_only_with_trigger' retrieved from /home/airflow/.local/lib/python3.12/site-packages/airflow/example_dags/example_latest_only_with_trigger.py
[2025-07-23T09:04:06.926+0000] {logging_mixin.py:188} INFO - [2025-07-23T09:04:06.925+0000] {dag.py:3096} INFO - Sync 1 DAGs
[2025-07-23T09:04:07.225+0000] {logging_mixin.py:188} INFO - [2025-07-23T09:04:07.224+0000] {dag.py:3954} INFO - Setting next_dagrun for latest_only_with_trigger to 2025-07-23 04:00:00+00:00, run_after=2025-07-23 08:00:00+00:00
[2025-07-23T09:04:07.703+0000] {processor.py:183} INFO - Processing /home/airflow/.local/lib/python3.12/site-packages/airflow/example_dags/example_latest_only_with_trigger.py took 1.316 seconds
[2025-07-23T09:04:38.207+0000] {processor.py:161} INFO - Started process (PID=416) to work on /home/airflow/.local/lib/python3.12/site-packages/airflow/example_dags/example_latest_only_with_trigger.py
[2025-07-23T09:04:38.209+0000] {processor.py:830} INFO - Processing file /home/airflow/.local/lib/python3.12/site-packages/airflow/example_dags/example_latest_only_with_trigger.py for tasks to queue
[2025-07-23T09:04:38.211+0000] {logging_mixin.py:188} INFO - [2025-07-23T09:04:38.211+0000] {dagbag.py:545} INFO - Filling up the DagBag from /home/airflow/.local/lib/python3.12/site-packages/airflow/example_dags/example_latest_only_with_trigger.py
[2025-07-23T09:04:38.230+0000] {processor.py:840} INFO - DAG(s) 'latest_only_with_trigger' retrieved from /home/airflow/.local/lib/python3.12/site-packages/airflow/example_dags/example_latest_only_with_trigger.py
[2025-07-23T09:04:38.295+0000] {logging_mixin.py:188} INFO - [2025-07-23T09:04:38.295+0000] {dag.py:3096} INFO - Sync 1 DAGs
[2025-07-23T09:04:38.360+0000] {logging_mixin.py:188} INFO - [2025-07-23T09:04:38.359+0000] {dag.py:3954} INFO - Setting next_dagrun for latest_only_with_trigger to 2025-07-23 04:00:00+00:00, run_after=2025-07-23 08:00:00+00:00
[2025-07-23T09:04:38.398+0000] {processor.py:183} INFO - Processing /home/airflow/.local/lib/python3.12/site-packages/airflow/example_dags/example_latest_only_with_trigger.py took 0.208 seconds
[2025-07-23T09:05:09.102+0000] {processor.py:161} INFO - Started process (PID=475) to work on /home/airflow/.local/lib/python3.12/site-packages/airflow/example_dags/example_latest_only_with_trigger.py
[2025-07-23T09:05:09.105+0000] {processor.py:830} INFO - Processing file /home/airflow/.local/lib/python3.12/site-packages/airflow/example_dags/example_latest_only_with_trigger.py for tasks to queue
[2025-07-23T09:05:09.108+0000] {logging_mixin.py:188} INFO - [2025-07-23T09:05:09.107+0000] {dagbag.py:545} INFO - Filling up the DagBag from /home/airflow/.local/lib/python3.12/site-packages/airflow/example_dags/example_latest_only_with_trigger.py
[2025-07-23T09:05:09.120+0000] {processor.py:840} INFO - DAG(s) 'latest_only_with_trigger' retrieved from /home/airflow/.local/lib/python3.12/site-packages/airflow/example_dags/example_latest_only_with_trigger.py
[2025-07-23T09:05:09.149+0000] {logging_mixin.py:188} INFO - [2025-07-23T09:05:09.149+0000] {dag.py:3096} INFO - Sync 1 DAGs
[2025-07-23T09:05:09.207+0000] {logging_mixin.py:188} INFO - [2025-07-23T09:05:09.207+0000] {dag.py:3954} INFO - Setting next_dagrun for latest_only_with_trigger to 2025-07-23 04:00:00+00:00, run_after=2025-07-23 08:00:00+00:00
[2025-07-23T09:05:09.250+0000] {processor.py:183} INFO - Processing /home/airflow/.local/lib/python3.12/site-packages/airflow/example_dags/example_latest_only_with_trigger.py took 0.160 seconds
[2025-07-23T09:05:39.453+0000] {processor.py:161} INFO - Started process (PID=533) to work on /home/airflow/.local/lib/python3.12/site-packages/airflow/example_dags/example_latest_only_with_trigger.py
[2025-07-23T09:05:39.455+0000] {processor.py:830} INFO - Processing file /home/airflow/.local/lib/python3.12/site-packages/airflow/example_dags/example_latest_only_with_trigger.py for tasks to queue
[2025-07-23T09:05:39.458+0000] {logging_mixin.py:188} INFO - [2025-07-23T09:05:39.457+0000] {dagbag.py:545} INFO - Filling up the DagBag from /home/airflow/.local/lib/python3.12/site-packages/airflow/example_dags/example_latest_only_with_trigger.py
[2025-07-23T09:05:39.476+0000] {processor.py:840} INFO - DAG(s) 'latest_only_with_trigger' retrieved from /home/airflow/.local/lib/python3.12/site-packages/airflow/example_dags/example_latest_only_with_trigger.py
[2025-07-23T09:05:39.738+0000] {logging_mixin.py:188} INFO - [2025-07-23T09:05:39.737+0000] {dag.py:3096} INFO - Sync 1 DAGs
[2025-07-23T09:05:39.807+0000] {logging_mixin.py:188} INFO - [2025-07-23T09:05:39.806+0000] {dag.py:3954} INFO - Setting next_dagrun for latest_only_with_trigger to 2025-07-23 04:00:00+00:00, run_after=2025-07-23 08:00:00+00:00
[2025-07-23T09:05:39.867+0000] {processor.py:183} INFO - Processing /home/airflow/.local/lib/python3.12/site-packages/airflow/example_dags/example_latest_only_with_trigger.py took 0.430 seconds
[2025-07-23T09:06:10.360+0000] {processor.py:161} INFO - Started process (PID=592) to work on /home/airflow/.local/lib/python3.12/site-packages/airflow/example_dags/example_latest_only_with_trigger.py
[2025-07-23T09:06:10.374+0000] {processor.py:830} INFO - Processing file /home/airflow/.local/lib/python3.12/site-packages/airflow/example_dags/example_latest_only_with_trigger.py for tasks to queue
[2025-07-23T09:06:10.383+0000] {logging_mixin.py:188} INFO - [2025-07-23T09:06:10.381+0000] {dagbag.py:545} INFO - Filling up the DagBag from /home/airflow/.local/lib/python3.12/site-packages/airflow/example_dags/example_latest_only_with_trigger.py
[2025-07-23T09:06:10.401+0000] {processor.py:840} INFO - DAG(s) 'latest_only_with_trigger' retrieved from /home/airflow/.local/lib/python3.12/site-packages/airflow/example_dags/example_latest_only_with_trigger.py
[2025-07-23T09:06:10.479+0000] {logging_mixin.py:188} INFO - [2025-07-23T09:06:10.479+0000] {dag.py:3096} INFO - Sync 1 DAGs
[2025-07-23T09:06:10.658+0000] {logging_mixin.py:188} INFO - [2025-07-23T09:06:10.656+0000] {dag.py:3954} INFO - Setting next_dagrun for latest_only_with_trigger to 2025-07-23 04:00:00+00:00, run_after=2025-07-23 08:00:00+00:00
[2025-07-23T09:06:10.817+0000] {processor.py:183} INFO - Processing /home/airflow/.local/lib/python3.12/site-packages/airflow/example_dags/example_latest_only_with_trigger.py took 0.506 seconds
[2025-07-23T09:06:41.077+0000] {processor.py:161} INFO - Started process (PID=643) to work on /home/airflow/.local/lib/python3.12/site-packages/airflow/example_dags/example_latest_only_with_trigger.py
[2025-07-23T09:06:41.087+0000] {processor.py:830} INFO - Processing file /home/airflow/.local/lib/python3.12/site-packages/airflow/example_dags/example_latest_only_with_trigger.py for tasks to queue
[2025-07-23T09:06:41.097+0000] {logging_mixin.py:188} INFO - [2025-07-23T09:06:41.095+0000] {dagbag.py:545} INFO - Filling up the DagBag from /home/airflow/.local/lib/python3.12/site-packages/airflow/example_dags/example_latest_only_with_trigger.py
[2025-07-23T09:06:41.142+0000] {processor.py:840} INFO - DAG(s) 'latest_only_with_trigger' retrieved from /home/airflow/.local/lib/python3.12/site-packages/airflow/example_dags/example_latest_only_with_trigger.py
[2025-07-23T09:06:41.275+0000] {logging_mixin.py:188} INFO - [2025-07-23T09:06:41.274+0000] {dag.py:3096} INFO - Sync 1 DAGs
[2025-07-23T09:06:41.339+0000] {logging_mixin.py:188} INFO - [2025-07-23T09:06:41.338+0000] {dag.py:3954} INFO - Setting next_dagrun for latest_only_with_trigger to 2025-07-23 04:00:00+00:00, run_after=2025-07-23 08:00:00+00:00
[2025-07-23T09:06:41.387+0000] {processor.py:183} INFO - Processing /home/airflow/.local/lib/python3.12/site-packages/airflow/example_dags/example_latest_only_with_trigger.py took 0.360 seconds
[2025-07-23T09:07:12.050+0000] {processor.py:161} INFO - Started process (PID=701) to work on /home/airflow/.local/lib/python3.12/site-packages/airflow/example_dags/example_latest_only_with_trigger.py
[2025-07-23T09:07:12.052+0000] {processor.py:830} INFO - Processing file /home/airflow/.local/lib/python3.12/site-packages/airflow/example_dags/example_latest_only_with_trigger.py for tasks to queue
[2025-07-23T09:07:12.053+0000] {logging_mixin.py:188} INFO - [2025-07-23T09:07:12.053+0000] {dagbag.py:545} INFO - Filling up the DagBag from /home/airflow/.local/lib/python3.12/site-packages/airflow/example_dags/example_latest_only_with_trigger.py
[2025-07-23T09:07:12.061+0000] {processor.py:840} INFO - DAG(s) 'latest_only_with_trigger' retrieved from /home/airflow/.local/lib/python3.12/site-packages/airflow/example_dags/example_latest_only_with_trigger.py
[2025-07-23T09:07:12.093+0000] {logging_mixin.py:188} INFO - [2025-07-23T09:07:12.092+0000] {dag.py:3096} INFO - Sync 1 DAGs
[2025-07-23T09:07:12.125+0000] {logging_mixin.py:188} INFO - [2025-07-23T09:07:12.125+0000] {dag.py:3954} INFO - Setting next_dagrun for latest_only_with_trigger to 2025-07-23 04:00:00+00:00, run_after=2025-07-23 08:00:00+00:00
[2025-07-23T09:07:12.160+0000] {processor.py:183} INFO - Processing /home/airflow/.local/lib/python3.12/site-packages/airflow/example_dags/example_latest_only_with_trigger.py took 0.120 seconds
