[2025-07-23T08:13:58.819+0000] {processor.py:161} INFO - Started process (PID=90) to work on /home/airflow/.local/lib/python3.12/site-packages/airflow/example_dags/example_branch_labels.py
[2025-07-23T08:13:58.825+0000] {processor.py:830} INFO - Processing file /home/airflow/.local/lib/python3.12/site-packages/airflow/example_dags/example_branch_labels.py for tasks to queue
[2025-07-23T08:13:58.833+0000] {logging_mixin.py:188} INFO - [2025-07-23T08:13:58.832+0000] {dagbag.py:545} INFO - Filling up the DagBag from /home/airflow/.local/lib/python3.12/site-packages/airflow/example_dags/example_branch_labels.py
[2025-07-23T08:13:58.887+0000] {processor.py:840} INFO - DAG(s) 'example_branch_labels' retrieved from /home/airflow/.local/lib/python3.12/site-packages/airflow/example_dags/example_branch_labels.py
[2025-07-23T08:13:59.308+0000] {logging_mixin.py:188} INFO - [2025-07-23T08:13:59.303+0000] {dag.py:3096} INFO - Sync 1 DAGs
[2025-07-23T08:13:59.411+0000] {logging_mixin.py:188} INFO - [2025-07-23T08:13:59.410+0000] {dag.py:3954} INFO - Setting next_dagrun for example_branch_labels to 2025-07-22 00:00:00+00:00, run_after=2025-07-23 00:00:00+00:00
[2025-07-23T08:13:59.520+0000] {processor.py:183} INFO - Processing /home/airflow/.local/lib/python3.12/site-packages/airflow/example_dags/example_branch_labels.py took 0.724 seconds
[2025-07-23T08:14:30.513+0000] {processor.py:161} INFO - Started process (PID=147) to work on /home/airflow/.local/lib/python3.12/site-packages/airflow/example_dags/example_branch_labels.py
[2025-07-23T08:14:30.523+0000] {processor.py:830} INFO - Processing file /home/airflow/.local/lib/python3.12/site-packages/airflow/example_dags/example_branch_labels.py for tasks to queue
[2025-07-23T08:14:30.556+0000] {logging_mixin.py:188} INFO - [2025-07-23T08:14:30.546+0000] {dagbag.py:545} INFO - Filling up the DagBag from /home/airflow/.local/lib/python3.12/site-packages/airflow/example_dags/example_branch_labels.py
[2025-07-23T08:14:30.709+0000] {processor.py:840} INFO - DAG(s) 'example_branch_labels' retrieved from /home/airflow/.local/lib/python3.12/site-packages/airflow/example_dags/example_branch_labels.py
[2025-07-23T08:14:30.985+0000] {logging_mixin.py:188} INFO - [2025-07-23T08:14:30.984+0000] {dag.py:3096} INFO - Sync 1 DAGs
[2025-07-23T08:14:31.252+0000] {logging_mixin.py:188} INFO - [2025-07-23T08:14:31.227+0000] {dag.py:3954} INFO - Setting next_dagrun for example_branch_labels to 2025-07-22 00:00:00+00:00, run_after=2025-07-23 00:00:00+00:00
[2025-07-23T08:14:31.478+0000] {processor.py:183} INFO - Processing /home/airflow/.local/lib/python3.12/site-packages/airflow/example_dags/example_branch_labels.py took 1.035 seconds
[2025-07-23T08:15:01.731+0000] {processor.py:161} INFO - Started process (PID=205) to work on /home/airflow/.local/lib/python3.12/site-packages/airflow/example_dags/example_branch_labels.py
[2025-07-23T08:15:01.733+0000] {processor.py:830} INFO - Processing file /home/airflow/.local/lib/python3.12/site-packages/airflow/example_dags/example_branch_labels.py for tasks to queue
[2025-07-23T08:15:01.736+0000] {logging_mixin.py:188} INFO - [2025-07-23T08:15:01.736+0000] {dagbag.py:545} INFO - Filling up the DagBag from /home/airflow/.local/lib/python3.12/site-packages/airflow/example_dags/example_branch_labels.py
[2025-07-23T08:15:01.750+0000] {processor.py:840} INFO - DAG(s) 'example_branch_labels' retrieved from /home/airflow/.local/lib/python3.12/site-packages/airflow/example_dags/example_branch_labels.py
[2025-07-23T08:15:01.799+0000] {logging_mixin.py:188} INFO - [2025-07-23T08:15:01.799+0000] {dag.py:3096} INFO - Sync 1 DAGs
[2025-07-23T08:15:01.845+0000] {logging_mixin.py:188} INFO - [2025-07-23T08:15:01.845+0000] {dag.py:3954} INFO - Setting next_dagrun for example_branch_labels to 2025-07-22 00:00:00+00:00, run_after=2025-07-23 00:00:00+00:00
[2025-07-23T08:15:01.880+0000] {processor.py:183} INFO - Processing /home/airflow/.local/lib/python3.12/site-packages/airflow/example_dags/example_branch_labels.py took 0.158 seconds
[2025-07-23T08:15:32.094+0000] {processor.py:161} INFO - Started process (PID=262) to work on /home/airflow/.local/lib/python3.12/site-packages/airflow/example_dags/example_branch_labels.py
[2025-07-23T08:15:32.097+0000] {processor.py:830} INFO - Processing file /home/airflow/.local/lib/python3.12/site-packages/airflow/example_dags/example_branch_labels.py for tasks to queue
[2025-07-23T08:15:32.103+0000] {logging_mixin.py:188} INFO - [2025-07-23T08:15:32.102+0000] {dagbag.py:545} INFO - Filling up the DagBag from /home/airflow/.local/lib/python3.12/site-packages/airflow/example_dags/example_branch_labels.py
[2025-07-23T08:15:32.130+0000] {processor.py:840} INFO - DAG(s) 'example_branch_labels' retrieved from /home/airflow/.local/lib/python3.12/site-packages/airflow/example_dags/example_branch_labels.py
[2025-07-23T08:15:32.315+0000] {logging_mixin.py:188} INFO - [2025-07-23T08:15:32.314+0000] {dag.py:3096} INFO - Sync 1 DAGs
[2025-07-23T08:15:32.624+0000] {logging_mixin.py:188} INFO - [2025-07-23T08:15:32.623+0000] {dag.py:3954} INFO - Setting next_dagrun for example_branch_labels to 2025-07-22 00:00:00+00:00, run_after=2025-07-23 00:00:00+00:00
[2025-07-23T08:15:32.801+0000] {processor.py:183} INFO - Processing /home/airflow/.local/lib/python3.12/site-packages/airflow/example_dags/example_branch_labels.py took 0.741 seconds
[2025-07-23T08:16:03.953+0000] {processor.py:161} INFO - Started process (PID=320) to work on /home/airflow/.local/lib/python3.12/site-packages/airflow/example_dags/example_branch_labels.py
[2025-07-23T08:16:03.958+0000] {processor.py:830} INFO - Processing file /home/airflow/.local/lib/python3.12/site-packages/airflow/example_dags/example_branch_labels.py for tasks to queue
[2025-07-23T08:16:03.971+0000] {logging_mixin.py:188} INFO - [2025-07-23T08:16:03.970+0000] {dagbag.py:545} INFO - Filling up the DagBag from /home/airflow/.local/lib/python3.12/site-packages/airflow/example_dags/example_branch_labels.py
[2025-07-23T08:16:04.040+0000] {processor.py:840} INFO - DAG(s) 'example_branch_labels' retrieved from /home/airflow/.local/lib/python3.12/site-packages/airflow/example_dags/example_branch_labels.py
[2025-07-23T08:16:04.169+0000] {logging_mixin.py:188} INFO - [2025-07-23T08:16:04.168+0000] {dag.py:3096} INFO - Sync 1 DAGs
[2025-07-23T08:16:04.285+0000] {logging_mixin.py:188} INFO - [2025-07-23T08:16:04.284+0000] {dag.py:3954} INFO - Setting next_dagrun for example_branch_labels to 2025-07-22 00:00:00+00:00, run_after=2025-07-23 00:00:00+00:00
[2025-07-23T08:16:04.363+0000] {processor.py:183} INFO - Processing /home/airflow/.local/lib/python3.12/site-packages/airflow/example_dags/example_branch_labels.py took 0.473 seconds
[2025-07-23T08:16:39.821+0000] {processor.py:161} INFO - Started process (PID=376) to work on /home/airflow/.local/lib/python3.12/site-packages/airflow/example_dags/example_branch_labels.py
[2025-07-23T08:16:39.833+0000] {processor.py:830} INFO - Processing file /home/airflow/.local/lib/python3.12/site-packages/airflow/example_dags/example_branch_labels.py for tasks to queue
[2025-07-23T08:16:39.844+0000] {logging_mixin.py:188} INFO - [2025-07-23T08:16:39.844+0000] {dagbag.py:545} INFO - Filling up the DagBag from /home/airflow/.local/lib/python3.12/site-packages/airflow/example_dags/example_branch_labels.py
[2025-07-23T08:16:39.872+0000] {processor.py:840} INFO - DAG(s) 'example_branch_labels' retrieved from /home/airflow/.local/lib/python3.12/site-packages/airflow/example_dags/example_branch_labels.py
[2025-07-23T08:16:39.986+0000] {logging_mixin.py:188} INFO - [2025-07-23T08:16:39.985+0000] {dag.py:3096} INFO - Sync 1 DAGs
[2025-07-23T08:16:40.060+0000] {logging_mixin.py:188} INFO - [2025-07-23T08:16:40.060+0000] {dag.py:3954} INFO - Setting next_dagrun for example_branch_labels to 2025-07-22 00:00:00+00:00, run_after=2025-07-23 00:00:00+00:00
[2025-07-23T08:16:40.112+0000] {processor.py:183} INFO - Processing /home/airflow/.local/lib/python3.12/site-packages/airflow/example_dags/example_branch_labels.py took 0.304 seconds
[2025-07-23T08:17:10.553+0000] {processor.py:161} INFO - Started process (PID=434) to work on /home/airflow/.local/lib/python3.12/site-packages/airflow/example_dags/example_branch_labels.py
[2025-07-23T08:17:10.556+0000] {processor.py:830} INFO - Processing file /home/airflow/.local/lib/python3.12/site-packages/airflow/example_dags/example_branch_labels.py for tasks to queue
[2025-07-23T08:17:10.559+0000] {logging_mixin.py:188} INFO - [2025-07-23T08:17:10.559+0000] {dagbag.py:545} INFO - Filling up the DagBag from /home/airflow/.local/lib/python3.12/site-packages/airflow/example_dags/example_branch_labels.py
[2025-07-23T08:17:10.577+0000] {processor.py:840} INFO - DAG(s) 'example_branch_labels' retrieved from /home/airflow/.local/lib/python3.12/site-packages/airflow/example_dags/example_branch_labels.py
[2025-07-23T08:17:10.617+0000] {logging_mixin.py:188} INFO - [2025-07-23T08:17:10.617+0000] {dag.py:3096} INFO - Sync 1 DAGs
[2025-07-23T08:17:10.759+0000] {logging_mixin.py:188} INFO - [2025-07-23T08:17:10.756+0000] {dag.py:3954} INFO - Setting next_dagrun for example_branch_labels to 2025-07-22 00:00:00+00:00, run_after=2025-07-23 00:00:00+00:00
[2025-07-23T08:17:10.855+0000] {processor.py:183} INFO - Processing /home/airflow/.local/lib/python3.12/site-packages/airflow/example_dags/example_branch_labels.py took 0.319 seconds
[2025-07-23T08:17:41.679+0000] {processor.py:161} INFO - Started process (PID=491) to work on /home/airflow/.local/lib/python3.12/site-packages/airflow/example_dags/example_branch_labels.py
[2025-07-23T08:17:41.681+0000] {processor.py:830} INFO - Processing file /home/airflow/.local/lib/python3.12/site-packages/airflow/example_dags/example_branch_labels.py for tasks to queue
[2025-07-23T08:17:41.695+0000] {logging_mixin.py:188} INFO - [2025-07-23T08:17:41.694+0000] {dagbag.py:545} INFO - Filling up the DagBag from /home/airflow/.local/lib/python3.12/site-packages/airflow/example_dags/example_branch_labels.py
[2025-07-23T08:17:41.730+0000] {processor.py:840} INFO - DAG(s) 'example_branch_labels' retrieved from /home/airflow/.local/lib/python3.12/site-packages/airflow/example_dags/example_branch_labels.py
[2025-07-23T08:17:41.807+0000] {logging_mixin.py:188} INFO - [2025-07-23T08:17:41.806+0000] {dag.py:3096} INFO - Sync 1 DAGs
[2025-07-23T08:17:41.869+0000] {logging_mixin.py:188} INFO - [2025-07-23T08:17:41.869+0000] {dag.py:3954} INFO - Setting next_dagrun for example_branch_labels to 2025-07-22 00:00:00+00:00, run_after=2025-07-23 00:00:00+00:00
[2025-07-23T08:17:41.918+0000] {processor.py:183} INFO - Processing /home/airflow/.local/lib/python3.12/site-packages/airflow/example_dags/example_branch_labels.py took 0.259 seconds
[2025-07-23T08:18:12.869+0000] {processor.py:161} INFO - Started process (PID=549) to work on /home/airflow/.local/lib/python3.12/site-packages/airflow/example_dags/example_branch_labels.py
[2025-07-23T08:18:12.872+0000] {processor.py:830} INFO - Processing file /home/airflow/.local/lib/python3.12/site-packages/airflow/example_dags/example_branch_labels.py for tasks to queue
[2025-07-23T08:18:12.884+0000] {logging_mixin.py:188} INFO - [2025-07-23T08:18:12.884+0000] {dagbag.py:545} INFO - Filling up the DagBag from /home/airflow/.local/lib/python3.12/site-packages/airflow/example_dags/example_branch_labels.py
[2025-07-23T08:18:12.920+0000] {processor.py:840} INFO - DAG(s) 'example_branch_labels' retrieved from /home/airflow/.local/lib/python3.12/site-packages/airflow/example_dags/example_branch_labels.py
[2025-07-23T08:18:12.990+0000] {logging_mixin.py:188} INFO - [2025-07-23T08:18:12.989+0000] {dag.py:3096} INFO - Sync 1 DAGs
[2025-07-23T08:18:13.098+0000] {logging_mixin.py:188} INFO - [2025-07-23T08:18:13.097+0000] {dag.py:3954} INFO - Setting next_dagrun for example_branch_labels to 2025-07-22 00:00:00+00:00, run_after=2025-07-23 00:00:00+00:00
[2025-07-23T08:18:13.173+0000] {processor.py:183} INFO - Processing /home/airflow/.local/lib/python3.12/site-packages/airflow/example_dags/example_branch_labels.py took 0.331 seconds
[2025-07-23T08:18:44.328+0000] {processor.py:161} INFO - Started process (PID=607) to work on /home/airflow/.local/lib/python3.12/site-packages/airflow/example_dags/example_branch_labels.py
[2025-07-23T08:18:44.332+0000] {processor.py:830} INFO - Processing file /home/airflow/.local/lib/python3.12/site-packages/airflow/example_dags/example_branch_labels.py for tasks to queue
[2025-07-23T08:18:44.345+0000] {logging_mixin.py:188} INFO - [2025-07-23T08:18:44.344+0000] {dagbag.py:545} INFO - Filling up the DagBag from /home/airflow/.local/lib/python3.12/site-packages/airflow/example_dags/example_branch_labels.py
[2025-07-23T08:18:44.371+0000] {processor.py:840} INFO - DAG(s) 'example_branch_labels' retrieved from /home/airflow/.local/lib/python3.12/site-packages/airflow/example_dags/example_branch_labels.py
[2025-07-23T08:18:44.454+0000] {logging_mixin.py:188} INFO - [2025-07-23T08:18:44.453+0000] {dag.py:3096} INFO - Sync 1 DAGs
[2025-07-23T08:18:44.619+0000] {logging_mixin.py:188} INFO - [2025-07-23T08:18:44.619+0000] {dag.py:3954} INFO - Setting next_dagrun for example_branch_labels to 2025-07-22 00:00:00+00:00, run_after=2025-07-23 00:00:00+00:00
[2025-07-23T08:18:44.680+0000] {processor.py:183} INFO - Processing /home/airflow/.local/lib/python3.12/site-packages/airflow/example_dags/example_branch_labels.py took 0.373 seconds
[2025-07-23T08:19:21.364+0000] {processor.py:161} INFO - Started process (PID=665) to work on /home/airflow/.local/lib/python3.12/site-packages/airflow/example_dags/example_branch_labels.py
[2025-07-23T08:19:21.403+0000] {processor.py:830} INFO - Processing file /home/airflow/.local/lib/python3.12/site-packages/airflow/example_dags/example_branch_labels.py for tasks to queue
[2025-07-23T08:19:21.418+0000] {logging_mixin.py:188} INFO - [2025-07-23T08:19:21.417+0000] {dagbag.py:545} INFO - Filling up the DagBag from /home/airflow/.local/lib/python3.12/site-packages/airflow/example_dags/example_branch_labels.py
[2025-07-23T08:19:21.483+0000] {processor.py:840} INFO - DAG(s) 'example_branch_labels' retrieved from /home/airflow/.local/lib/python3.12/site-packages/airflow/example_dags/example_branch_labels.py
[2025-07-23T08:19:21.639+0000] {logging_mixin.py:188} INFO - [2025-07-23T08:19:21.638+0000] {dag.py:3096} INFO - Sync 1 DAGs
[2025-07-23T08:19:21.922+0000] {logging_mixin.py:188} INFO - [2025-07-23T08:19:21.878+0000] {dag.py:3954} INFO - Setting next_dagrun for example_branch_labels to 2025-07-22 00:00:00+00:00, run_after=2025-07-23 00:00:00+00:00
[2025-07-23T08:19:22.125+0000] {processor.py:183} INFO - Processing /home/airflow/.local/lib/python3.12/site-packages/airflow/example_dags/example_branch_labels.py took 0.936 seconds
[2025-07-23T08:19:52.237+0000] {processor.py:161} INFO - Started process (PID=723) to work on /home/airflow/.local/lib/python3.12/site-packages/airflow/example_dags/example_branch_labels.py
[2025-07-23T08:19:52.240+0000] {processor.py:830} INFO - Processing file /home/airflow/.local/lib/python3.12/site-packages/airflow/example_dags/example_branch_labels.py for tasks to queue
[2025-07-23T08:19:52.244+0000] {logging_mixin.py:188} INFO - [2025-07-23T08:19:52.243+0000] {dagbag.py:545} INFO - Filling up the DagBag from /home/airflow/.local/lib/python3.12/site-packages/airflow/example_dags/example_branch_labels.py
[2025-07-23T08:19:52.262+0000] {processor.py:840} INFO - DAG(s) 'example_branch_labels' retrieved from /home/airflow/.local/lib/python3.12/site-packages/airflow/example_dags/example_branch_labels.py
[2025-07-23T08:19:52.337+0000] {logging_mixin.py:188} INFO - [2025-07-23T08:19:52.336+0000] {dag.py:3096} INFO - Sync 1 DAGs
[2025-07-23T08:19:52.473+0000] {logging_mixin.py:188} INFO - [2025-07-23T08:19:52.472+0000] {dag.py:3954} INFO - Setting next_dagrun for example_branch_labels to 2025-07-22 00:00:00+00:00, run_after=2025-07-23 00:00:00+00:00
[2025-07-23T08:19:52.599+0000] {processor.py:183} INFO - Processing /home/airflow/.local/lib/python3.12/site-packages/airflow/example_dags/example_branch_labels.py took 0.375 seconds
[2025-07-23T08:20:23.344+0000] {processor.py:161} INFO - Started process (PID=780) to work on /home/airflow/.local/lib/python3.12/site-packages/airflow/example_dags/example_branch_labels.py
[2025-07-23T08:20:23.348+0000] {processor.py:830} INFO - Processing file /home/airflow/.local/lib/python3.12/site-packages/airflow/example_dags/example_branch_labels.py for tasks to queue
[2025-07-23T08:20:23.371+0000] {logging_mixin.py:188} INFO - [2025-07-23T08:20:23.370+0000] {dagbag.py:545} INFO - Filling up the DagBag from /home/airflow/.local/lib/python3.12/site-packages/airflow/example_dags/example_branch_labels.py
[2025-07-23T08:20:23.408+0000] {processor.py:840} INFO - DAG(s) 'example_branch_labels' retrieved from /home/airflow/.local/lib/python3.12/site-packages/airflow/example_dags/example_branch_labels.py
[2025-07-23T08:20:24.034+0000] {logging_mixin.py:188} INFO - [2025-07-23T08:20:24.034+0000] {dag.py:3096} INFO - Sync 1 DAGs
[2025-07-23T08:20:24.128+0000] {logging_mixin.py:188} INFO - [2025-07-23T08:20:24.127+0000] {dag.py:3954} INFO - Setting next_dagrun for example_branch_labels to 2025-07-22 00:00:00+00:00, run_after=2025-07-23 00:00:00+00:00
[2025-07-23T08:20:24.218+0000] {processor.py:183} INFO - Processing /home/airflow/.local/lib/python3.12/site-packages/airflow/example_dags/example_branch_labels.py took 0.908 seconds
[2025-07-23T08:20:58.617+0000] {processor.py:161} INFO - Started process (PID=844) to work on /home/airflow/.local/lib/python3.12/site-packages/airflow/example_dags/example_branch_labels.py
[2025-07-23T08:20:58.619+0000] {processor.py:830} INFO - Processing file /home/airflow/.local/lib/python3.12/site-packages/airflow/example_dags/example_branch_labels.py for tasks to queue
[2025-07-23T08:20:58.626+0000] {logging_mixin.py:188} INFO - [2025-07-23T08:20:58.622+0000] {dagbag.py:545} INFO - Filling up the DagBag from /home/airflow/.local/lib/python3.12/site-packages/airflow/example_dags/example_branch_labels.py
[2025-07-23T08:20:58.665+0000] {processor.py:840} INFO - DAG(s) 'example_branch_labels' retrieved from /home/airflow/.local/lib/python3.12/site-packages/airflow/example_dags/example_branch_labels.py
[2025-07-23T08:20:58.882+0000] {logging_mixin.py:188} INFO - [2025-07-23T08:20:58.882+0000] {dag.py:3096} INFO - Sync 1 DAGs
[2025-07-23T08:20:59.066+0000] {logging_mixin.py:188} INFO - [2025-07-23T08:20:59.066+0000] {dag.py:3954} INFO - Setting next_dagrun for example_branch_labels to 2025-07-22 00:00:00+00:00, run_after=2025-07-23 00:00:00+00:00
[2025-07-23T08:20:59.228+0000] {processor.py:183} INFO - Processing /home/airflow/.local/lib/python3.12/site-packages/airflow/example_dags/example_branch_labels.py took 0.648 seconds
[2025-07-23T08:21:32.083+0000] {processor.py:161} INFO - Started process (PID=901) to work on /home/airflow/.local/lib/python3.12/site-packages/airflow/example_dags/example_branch_labels.py
[2025-07-23T08:21:32.087+0000] {processor.py:830} INFO - Processing file /home/airflow/.local/lib/python3.12/site-packages/airflow/example_dags/example_branch_labels.py for tasks to queue
[2025-07-23T08:21:32.092+0000] {logging_mixin.py:188} INFO - [2025-07-23T08:21:32.091+0000] {dagbag.py:545} INFO - Filling up the DagBag from /home/airflow/.local/lib/python3.12/site-packages/airflow/example_dags/example_branch_labels.py
[2025-07-23T08:21:32.137+0000] {processor.py:840} INFO - DAG(s) 'example_branch_labels' retrieved from /home/airflow/.local/lib/python3.12/site-packages/airflow/example_dags/example_branch_labels.py
[2025-07-23T08:21:32.220+0000] {logging_mixin.py:188} INFO - [2025-07-23T08:21:32.219+0000] {dag.py:3096} INFO - Sync 1 DAGs
[2025-07-23T08:21:32.399+0000] {logging_mixin.py:188} INFO - [2025-07-23T08:21:32.392+0000] {dag.py:3954} INFO - Setting next_dagrun for example_branch_labels to 2025-07-22 00:00:00+00:00, run_after=2025-07-23 00:00:00+00:00
[2025-07-23T08:21:32.565+0000] {processor.py:183} INFO - Processing /home/airflow/.local/lib/python3.12/site-packages/airflow/example_dags/example_branch_labels.py took 0.569 seconds
[2025-07-23T08:22:03.064+0000] {processor.py:161} INFO - Started process (PID=959) to work on /home/airflow/.local/lib/python3.12/site-packages/airflow/example_dags/example_branch_labels.py
[2025-07-23T08:22:03.065+0000] {processor.py:830} INFO - Processing file /home/airflow/.local/lib/python3.12/site-packages/airflow/example_dags/example_branch_labels.py for tasks to queue
[2025-07-23T08:22:03.069+0000] {logging_mixin.py:188} INFO - [2025-07-23T08:22:03.068+0000] {dagbag.py:545} INFO - Filling up the DagBag from /home/airflow/.local/lib/python3.12/site-packages/airflow/example_dags/example_branch_labels.py
[2025-07-23T08:22:03.134+0000] {processor.py:840} INFO - DAG(s) 'example_branch_labels' retrieved from /home/airflow/.local/lib/python3.12/site-packages/airflow/example_dags/example_branch_labels.py
[2025-07-23T08:22:03.351+0000] {logging_mixin.py:188} INFO - [2025-07-23T08:22:03.351+0000] {dag.py:3096} INFO - Sync 1 DAGs
[2025-07-23T08:22:03.688+0000] {logging_mixin.py:188} INFO - [2025-07-23T08:22:03.688+0000] {dag.py:3954} INFO - Setting next_dagrun for example_branch_labels to 2025-07-22 00:00:00+00:00, run_after=2025-07-23 00:00:00+00:00
[2025-07-23T08:22:03.800+0000] {processor.py:183} INFO - Processing /home/airflow/.local/lib/python3.12/site-packages/airflow/example_dags/example_branch_labels.py took 0.716 seconds
[2025-07-23T08:22:34.098+0000] {processor.py:161} INFO - Started process (PID=1016) to work on /home/airflow/.local/lib/python3.12/site-packages/airflow/example_dags/example_branch_labels.py
[2025-07-23T08:22:34.106+0000] {processor.py:830} INFO - Processing file /home/airflow/.local/lib/python3.12/site-packages/airflow/example_dags/example_branch_labels.py for tasks to queue
[2025-07-23T08:22:34.115+0000] {logging_mixin.py:188} INFO - [2025-07-23T08:22:34.114+0000] {dagbag.py:545} INFO - Filling up the DagBag from /home/airflow/.local/lib/python3.12/site-packages/airflow/example_dags/example_branch_labels.py
[2025-07-23T08:22:34.136+0000] {processor.py:840} INFO - DAG(s) 'example_branch_labels' retrieved from /home/airflow/.local/lib/python3.12/site-packages/airflow/example_dags/example_branch_labels.py
[2025-07-23T08:22:34.247+0000] {logging_mixin.py:188} INFO - [2025-07-23T08:22:34.245+0000] {dag.py:3096} INFO - Sync 1 DAGs
[2025-07-23T08:22:34.352+0000] {logging_mixin.py:188} INFO - [2025-07-23T08:22:34.352+0000] {dag.py:3954} INFO - Setting next_dagrun for example_branch_labels to 2025-07-22 00:00:00+00:00, run_after=2025-07-23 00:00:00+00:00
[2025-07-23T08:22:34.453+0000] {processor.py:183} INFO - Processing /home/airflow/.local/lib/python3.12/site-packages/airflow/example_dags/example_branch_labels.py took 0.374 seconds
[2025-07-23T08:23:13.234+0000] {processor.py:161} INFO - Started process (PID=1074) to work on /home/airflow/.local/lib/python3.12/site-packages/airflow/example_dags/example_branch_labels.py
[2025-07-23T08:23:13.378+0000] {processor.py:830} INFO - Processing file /home/airflow/.local/lib/python3.12/site-packages/airflow/example_dags/example_branch_labels.py for tasks to queue
[2025-07-23T08:23:13.493+0000] {logging_mixin.py:188} INFO - [2025-07-23T08:23:13.492+0000] {dagbag.py:545} INFO - Filling up the DagBag from /home/airflow/.local/lib/python3.12/site-packages/airflow/example_dags/example_branch_labels.py
[2025-07-23T08:23:13.715+0000] {processor.py:840} INFO - DAG(s) 'example_branch_labels' retrieved from /home/airflow/.local/lib/python3.12/site-packages/airflow/example_dags/example_branch_labels.py
[2025-07-23T08:23:14.074+0000] {logging_mixin.py:188} INFO - [2025-07-23T08:23:14.073+0000] {dag.py:3096} INFO - Sync 1 DAGs
[2025-07-23T08:23:14.410+0000] {logging_mixin.py:188} INFO - [2025-07-23T08:23:14.397+0000] {dag.py:3954} INFO - Setting next_dagrun for example_branch_labels to 2025-07-22 00:00:00+00:00, run_after=2025-07-23 00:00:00+00:00
[2025-07-23T08:23:14.761+0000] {processor.py:183} INFO - Processing /home/airflow/.local/lib/python3.12/site-packages/airflow/example_dags/example_branch_labels.py took 1.734 seconds
[2025-07-23T08:23:54.474+0000] {processor.py:161} INFO - Started process (PID=1133) to work on /home/airflow/.local/lib/python3.12/site-packages/airflow/example_dags/example_branch_labels.py
[2025-07-23T08:23:54.491+0000] {processor.py:830} INFO - Processing file /home/airflow/.local/lib/python3.12/site-packages/airflow/example_dags/example_branch_labels.py for tasks to queue
[2025-07-23T08:23:54.508+0000] {logging_mixin.py:188} INFO - [2025-07-23T08:23:54.507+0000] {dagbag.py:545} INFO - Filling up the DagBag from /home/airflow/.local/lib/python3.12/site-packages/airflow/example_dags/example_branch_labels.py
[2025-07-23T08:23:54.567+0000] {processor.py:840} INFO - DAG(s) 'example_branch_labels' retrieved from /home/airflow/.local/lib/python3.12/site-packages/airflow/example_dags/example_branch_labels.py
[2025-07-23T08:23:54.768+0000] {logging_mixin.py:188} INFO - [2025-07-23T08:23:54.768+0000] {dag.py:3096} INFO - Sync 1 DAGs
[2025-07-23T08:23:55.085+0000] {logging_mixin.py:188} INFO - [2025-07-23T08:23:55.084+0000] {dag.py:3954} INFO - Setting next_dagrun for example_branch_labels to 2025-07-22 00:00:00+00:00, run_after=2025-07-23 00:00:00+00:00
[2025-07-23T08:23:55.290+0000] {processor.py:183} INFO - Processing /home/airflow/.local/lib/python3.12/site-packages/airflow/example_dags/example_branch_labels.py took 0.848 seconds
[2025-07-23T08:24:25.868+0000] {processor.py:161} INFO - Started process (PID=1189) to work on /home/airflow/.local/lib/python3.12/site-packages/airflow/example_dags/example_branch_labels.py
[2025-07-23T08:24:25.876+0000] {processor.py:830} INFO - Processing file /home/airflow/.local/lib/python3.12/site-packages/airflow/example_dags/example_branch_labels.py for tasks to queue
[2025-07-23T08:24:25.880+0000] {logging_mixin.py:188} INFO - [2025-07-23T08:24:25.879+0000] {dagbag.py:545} INFO - Filling up the DagBag from /home/airflow/.local/lib/python3.12/site-packages/airflow/example_dags/example_branch_labels.py
[2025-07-23T08:24:25.901+0000] {processor.py:840} INFO - DAG(s) 'example_branch_labels' retrieved from /home/airflow/.local/lib/python3.12/site-packages/airflow/example_dags/example_branch_labels.py
[2025-07-23T08:24:25.985+0000] {logging_mixin.py:188} INFO - [2025-07-23T08:24:25.984+0000] {dag.py:3096} INFO - Sync 1 DAGs
[2025-07-23T08:24:26.066+0000] {logging_mixin.py:188} INFO - [2025-07-23T08:24:26.066+0000] {dag.py:3954} INFO - Setting next_dagrun for example_branch_labels to 2025-07-22 00:00:00+00:00, run_after=2025-07-23 00:00:00+00:00
[2025-07-23T08:24:26.132+0000] {processor.py:183} INFO - Processing /home/airflow/.local/lib/python3.12/site-packages/airflow/example_dags/example_branch_labels.py took 0.284 seconds
[2025-07-23T08:24:56.801+0000] {processor.py:161} INFO - Started process (PID=1246) to work on /home/airflow/.local/lib/python3.12/site-packages/airflow/example_dags/example_branch_labels.py
[2025-07-23T08:24:56.812+0000] {processor.py:830} INFO - Processing file /home/airflow/.local/lib/python3.12/site-packages/airflow/example_dags/example_branch_labels.py for tasks to queue
[2025-07-23T08:24:56.822+0000] {logging_mixin.py:188} INFO - [2025-07-23T08:24:56.821+0000] {dagbag.py:545} INFO - Filling up the DagBag from /home/airflow/.local/lib/python3.12/site-packages/airflow/example_dags/example_branch_labels.py
[2025-07-23T08:24:56.850+0000] {processor.py:840} INFO - DAG(s) 'example_branch_labels' retrieved from /home/airflow/.local/lib/python3.12/site-packages/airflow/example_dags/example_branch_labels.py
[2025-07-23T08:24:56.934+0000] {logging_mixin.py:188} INFO - [2025-07-23T08:24:56.934+0000] {dag.py:3096} INFO - Sync 1 DAGs
[2025-07-23T08:24:57.055+0000] {logging_mixin.py:188} INFO - [2025-07-23T08:24:57.054+0000] {dag.py:3954} INFO - Setting next_dagrun for example_branch_labels to 2025-07-22 00:00:00+00:00, run_after=2025-07-23 00:00:00+00:00
[2025-07-23T08:24:57.146+0000] {processor.py:183} INFO - Processing /home/airflow/.local/lib/python3.12/site-packages/airflow/example_dags/example_branch_labels.py took 0.367 seconds
[2025-07-23T08:25:28.567+0000] {processor.py:161} INFO - Started process (PID=1304) to work on /home/airflow/.local/lib/python3.12/site-packages/airflow/example_dags/example_branch_labels.py
[2025-07-23T08:25:28.581+0000] {processor.py:830} INFO - Processing file /home/airflow/.local/lib/python3.12/site-packages/airflow/example_dags/example_branch_labels.py for tasks to queue
[2025-07-23T08:25:28.595+0000] {logging_mixin.py:188} INFO - [2025-07-23T08:25:28.594+0000] {dagbag.py:545} INFO - Filling up the DagBag from /home/airflow/.local/lib/python3.12/site-packages/airflow/example_dags/example_branch_labels.py
[2025-07-23T08:25:28.665+0000] {processor.py:840} INFO - DAG(s) 'example_branch_labels' retrieved from /home/airflow/.local/lib/python3.12/site-packages/airflow/example_dags/example_branch_labels.py
[2025-07-23T08:25:28.803+0000] {logging_mixin.py:188} INFO - [2025-07-23T08:25:28.802+0000] {dag.py:3096} INFO - Sync 1 DAGs
[2025-07-23T08:25:28.909+0000] {logging_mixin.py:188} INFO - [2025-07-23T08:25:28.909+0000] {dag.py:3954} INFO - Setting next_dagrun for example_branch_labels to 2025-07-22 00:00:00+00:00, run_after=2025-07-23 00:00:00+00:00
[2025-07-23T08:25:29.080+0000] {processor.py:183} INFO - Processing /home/airflow/.local/lib/python3.12/site-packages/airflow/example_dags/example_branch_labels.py took 0.593 seconds
[2025-07-23T08:25:59.297+0000] {processor.py:161} INFO - Started process (PID=1361) to work on /home/airflow/.local/lib/python3.12/site-packages/airflow/example_dags/example_branch_labels.py
[2025-07-23T08:25:59.299+0000] {processor.py:830} INFO - Processing file /home/airflow/.local/lib/python3.12/site-packages/airflow/example_dags/example_branch_labels.py for tasks to queue
[2025-07-23T08:25:59.311+0000] {logging_mixin.py:188} INFO - [2025-07-23T08:25:59.307+0000] {dagbag.py:545} INFO - Filling up the DagBag from /home/airflow/.local/lib/python3.12/site-packages/airflow/example_dags/example_branch_labels.py
[2025-07-23T08:25:59.336+0000] {processor.py:840} INFO - DAG(s) 'example_branch_labels' retrieved from /home/airflow/.local/lib/python3.12/site-packages/airflow/example_dags/example_branch_labels.py
[2025-07-23T08:25:59.401+0000] {logging_mixin.py:188} INFO - [2025-07-23T08:25:59.401+0000] {dag.py:3096} INFO - Sync 1 DAGs
[2025-07-23T08:25:59.495+0000] {logging_mixin.py:188} INFO - [2025-07-23T08:25:59.494+0000] {dag.py:3954} INFO - Setting next_dagrun for example_branch_labels to 2025-07-22 00:00:00+00:00, run_after=2025-07-23 00:00:00+00:00
[2025-07-23T08:25:59.552+0000] {processor.py:183} INFO - Processing /home/airflow/.local/lib/python3.12/site-packages/airflow/example_dags/example_branch_labels.py took 0.284 seconds
[2025-07-23T08:26:29.936+0000] {processor.py:161} INFO - Started process (PID=1418) to work on /home/airflow/.local/lib/python3.12/site-packages/airflow/example_dags/example_branch_labels.py
[2025-07-23T08:26:29.951+0000] {processor.py:830} INFO - Processing file /home/airflow/.local/lib/python3.12/site-packages/airflow/example_dags/example_branch_labels.py for tasks to queue
[2025-07-23T08:26:29.973+0000] {logging_mixin.py:188} INFO - [2025-07-23T08:26:29.972+0000] {dagbag.py:545} INFO - Filling up the DagBag from /home/airflow/.local/lib/python3.12/site-packages/airflow/example_dags/example_branch_labels.py
[2025-07-23T08:26:29.992+0000] {processor.py:840} INFO - DAG(s) 'example_branch_labels' retrieved from /home/airflow/.local/lib/python3.12/site-packages/airflow/example_dags/example_branch_labels.py
[2025-07-23T08:26:30.040+0000] {logging_mixin.py:188} INFO - [2025-07-23T08:26:30.040+0000] {dag.py:3096} INFO - Sync 1 DAGs
[2025-07-23T08:26:30.124+0000] {logging_mixin.py:188} INFO - [2025-07-23T08:26:30.124+0000] {dag.py:3954} INFO - Setting next_dagrun for example_branch_labels to 2025-07-22 00:00:00+00:00, run_after=2025-07-23 00:00:00+00:00
[2025-07-23T08:26:30.204+0000] {processor.py:183} INFO - Processing /home/airflow/.local/lib/python3.12/site-packages/airflow/example_dags/example_branch_labels.py took 0.282 seconds
[2025-07-23T08:27:00.527+0000] {processor.py:161} INFO - Started process (PID=1476) to work on /home/airflow/.local/lib/python3.12/site-packages/airflow/example_dags/example_branch_labels.py
[2025-07-23T08:27:00.544+0000] {processor.py:830} INFO - Processing file /home/airflow/.local/lib/python3.12/site-packages/airflow/example_dags/example_branch_labels.py for tasks to queue
[2025-07-23T08:27:00.548+0000] {logging_mixin.py:188} INFO - [2025-07-23T08:27:00.547+0000] {dagbag.py:545} INFO - Filling up the DagBag from /home/airflow/.local/lib/python3.12/site-packages/airflow/example_dags/example_branch_labels.py
[2025-07-23T08:27:00.594+0000] {processor.py:840} INFO - DAG(s) 'example_branch_labels' retrieved from /home/airflow/.local/lib/python3.12/site-packages/airflow/example_dags/example_branch_labels.py
[2025-07-23T08:27:00.712+0000] {logging_mixin.py:188} INFO - [2025-07-23T08:27:00.712+0000] {dag.py:3096} INFO - Sync 1 DAGs
[2025-07-23T08:27:00.871+0000] {logging_mixin.py:188} INFO - [2025-07-23T08:27:00.870+0000] {dag.py:3954} INFO - Setting next_dagrun for example_branch_labels to 2025-07-22 00:00:00+00:00, run_after=2025-07-23 00:00:00+00:00
[2025-07-23T08:27:01.006+0000] {processor.py:183} INFO - Processing /home/airflow/.local/lib/python3.12/site-packages/airflow/example_dags/example_branch_labels.py took 0.500 seconds
[2025-07-23T08:27:43.687+0000] {processor.py:161} INFO - Started process (PID=1535) to work on /home/airflow/.local/lib/python3.12/site-packages/airflow/example_dags/example_branch_labels.py
[2025-07-23T08:27:43.708+0000] {processor.py:830} INFO - Processing file /home/airflow/.local/lib/python3.12/site-packages/airflow/example_dags/example_branch_labels.py for tasks to queue
[2025-07-23T08:27:43.729+0000] {logging_mixin.py:188} INFO - [2025-07-23T08:27:43.728+0000] {dagbag.py:545} INFO - Filling up the DagBag from /home/airflow/.local/lib/python3.12/site-packages/airflow/example_dags/example_branch_labels.py
[2025-07-23T08:27:43.825+0000] {processor.py:840} INFO - DAG(s) 'example_branch_labels' retrieved from /home/airflow/.local/lib/python3.12/site-packages/airflow/example_dags/example_branch_labels.py
[2025-07-23T08:27:44.162+0000] {logging_mixin.py:188} INFO - [2025-07-23T08:27:44.161+0000] {dag.py:3096} INFO - Sync 1 DAGs
[2025-07-23T08:27:44.348+0000] {logging_mixin.py:188} INFO - [2025-07-23T08:27:44.348+0000] {dag.py:3954} INFO - Setting next_dagrun for example_branch_labels to 2025-07-22 00:00:00+00:00, run_after=2025-07-23 00:00:00+00:00
[2025-07-23T08:27:44.406+0000] {processor.py:183} INFO - Processing /home/airflow/.local/lib/python3.12/site-packages/airflow/example_dags/example_branch_labels.py took 0.881 seconds
[2025-07-23T08:28:14.579+0000] {processor.py:161} INFO - Started process (PID=1593) to work on /home/airflow/.local/lib/python3.12/site-packages/airflow/example_dags/example_branch_labels.py
[2025-07-23T08:28:14.581+0000] {processor.py:830} INFO - Processing file /home/airflow/.local/lib/python3.12/site-packages/airflow/example_dags/example_branch_labels.py for tasks to queue
[2025-07-23T08:28:14.584+0000] {logging_mixin.py:188} INFO - [2025-07-23T08:28:14.584+0000] {dagbag.py:545} INFO - Filling up the DagBag from /home/airflow/.local/lib/python3.12/site-packages/airflow/example_dags/example_branch_labels.py
[2025-07-23T08:28:14.624+0000] {processor.py:840} INFO - DAG(s) 'example_branch_labels' retrieved from /home/airflow/.local/lib/python3.12/site-packages/airflow/example_dags/example_branch_labels.py
[2025-07-23T08:28:14.724+0000] {logging_mixin.py:188} INFO - [2025-07-23T08:28:14.724+0000] {dag.py:3096} INFO - Sync 1 DAGs
[2025-07-23T08:28:14.794+0000] {logging_mixin.py:188} INFO - [2025-07-23T08:28:14.793+0000] {dag.py:3954} INFO - Setting next_dagrun for example_branch_labels to 2025-07-22 00:00:00+00:00, run_after=2025-07-23 00:00:00+00:00
[2025-07-23T08:28:14.849+0000] {processor.py:183} INFO - Processing /home/airflow/.local/lib/python3.12/site-packages/airflow/example_dags/example_branch_labels.py took 0.294 seconds
[2025-07-23T08:28:45.936+0000] {processor.py:161} INFO - Started process (PID=1652) to work on /home/airflow/.local/lib/python3.12/site-packages/airflow/example_dags/example_branch_labels.py
[2025-07-23T08:28:45.953+0000] {processor.py:830} INFO - Processing file /home/airflow/.local/lib/python3.12/site-packages/airflow/example_dags/example_branch_labels.py for tasks to queue
[2025-07-23T08:28:45.957+0000] {logging_mixin.py:188} INFO - [2025-07-23T08:28:45.957+0000] {dagbag.py:545} INFO - Filling up the DagBag from /home/airflow/.local/lib/python3.12/site-packages/airflow/example_dags/example_branch_labels.py
[2025-07-23T08:28:45.984+0000] {processor.py:840} INFO - DAG(s) 'example_branch_labels' retrieved from /home/airflow/.local/lib/python3.12/site-packages/airflow/example_dags/example_branch_labels.py
[2025-07-23T08:28:46.118+0000] {logging_mixin.py:188} INFO - [2025-07-23T08:28:46.117+0000] {dag.py:3096} INFO - Sync 1 DAGs
[2025-07-23T08:28:46.220+0000] {logging_mixin.py:188} INFO - [2025-07-23T08:28:46.214+0000] {dag.py:3954} INFO - Setting next_dagrun for example_branch_labels to 2025-07-22 00:00:00+00:00, run_after=2025-07-23 00:00:00+00:00
[2025-07-23T08:28:46.455+0000] {processor.py:183} INFO - Processing /home/airflow/.local/lib/python3.12/site-packages/airflow/example_dags/example_branch_labels.py took 0.557 seconds
[2025-07-23T08:29:16.854+0000] {processor.py:161} INFO - Started process (PID=1710) to work on /home/airflow/.local/lib/python3.12/site-packages/airflow/example_dags/example_branch_labels.py
[2025-07-23T08:29:16.856+0000] {processor.py:830} INFO - Processing file /home/airflow/.local/lib/python3.12/site-packages/airflow/example_dags/example_branch_labels.py for tasks to queue
[2025-07-23T08:29:16.859+0000] {logging_mixin.py:188} INFO - [2025-07-23T08:29:16.859+0000] {dagbag.py:545} INFO - Filling up the DagBag from /home/airflow/.local/lib/python3.12/site-packages/airflow/example_dags/example_branch_labels.py
[2025-07-23T08:29:16.873+0000] {processor.py:840} INFO - DAG(s) 'example_branch_labels' retrieved from /home/airflow/.local/lib/python3.12/site-packages/airflow/example_dags/example_branch_labels.py
[2025-07-23T08:29:16.924+0000] {logging_mixin.py:188} INFO - [2025-07-23T08:29:16.923+0000] {dag.py:3096} INFO - Sync 1 DAGs
[2025-07-23T08:29:16.982+0000] {logging_mixin.py:188} INFO - [2025-07-23T08:29:16.981+0000] {dag.py:3954} INFO - Setting next_dagrun for example_branch_labels to 2025-07-22 00:00:00+00:00, run_after=2025-07-23 00:00:00+00:00
[2025-07-23T08:29:17.027+0000] {processor.py:183} INFO - Processing /home/airflow/.local/lib/python3.12/site-packages/airflow/example_dags/example_branch_labels.py took 0.185 seconds
[2025-07-23T08:29:48.326+0000] {processor.py:161} INFO - Started process (PID=1768) to work on /home/airflow/.local/lib/python3.12/site-packages/airflow/example_dags/example_branch_labels.py
[2025-07-23T08:29:48.331+0000] {processor.py:830} INFO - Processing file /home/airflow/.local/lib/python3.12/site-packages/airflow/example_dags/example_branch_labels.py for tasks to queue
[2025-07-23T08:29:48.349+0000] {logging_mixin.py:188} INFO - [2025-07-23T08:29:48.348+0000] {dagbag.py:545} INFO - Filling up the DagBag from /home/airflow/.local/lib/python3.12/site-packages/airflow/example_dags/example_branch_labels.py
[2025-07-23T08:29:48.406+0000] {processor.py:840} INFO - DAG(s) 'example_branch_labels' retrieved from /home/airflow/.local/lib/python3.12/site-packages/airflow/example_dags/example_branch_labels.py
[2025-07-23T08:29:48.536+0000] {logging_mixin.py:188} INFO - [2025-07-23T08:29:48.536+0000] {dag.py:3096} INFO - Sync 1 DAGs
[2025-07-23T08:29:48.606+0000] {logging_mixin.py:188} INFO - [2025-07-23T08:29:48.605+0000] {dag.py:3954} INFO - Setting next_dagrun for example_branch_labels to 2025-07-22 00:00:00+00:00, run_after=2025-07-23 00:00:00+00:00
[2025-07-23T08:29:48.658+0000] {processor.py:183} INFO - Processing /home/airflow/.local/lib/python3.12/site-packages/airflow/example_dags/example_branch_labels.py took 0.381 seconds
[2025-07-23T08:30:19.280+0000] {processor.py:161} INFO - Started process (PID=1826) to work on /home/airflow/.local/lib/python3.12/site-packages/airflow/example_dags/example_branch_labels.py
[2025-07-23T08:30:19.282+0000] {processor.py:830} INFO - Processing file /home/airflow/.local/lib/python3.12/site-packages/airflow/example_dags/example_branch_labels.py for tasks to queue
[2025-07-23T08:30:19.286+0000] {logging_mixin.py:188} INFO - [2025-07-23T08:30:19.285+0000] {dagbag.py:545} INFO - Filling up the DagBag from /home/airflow/.local/lib/python3.12/site-packages/airflow/example_dags/example_branch_labels.py
[2025-07-23T08:30:19.303+0000] {processor.py:840} INFO - DAG(s) 'example_branch_labels' retrieved from /home/airflow/.local/lib/python3.12/site-packages/airflow/example_dags/example_branch_labels.py
[2025-07-23T08:30:19.359+0000] {logging_mixin.py:188} INFO - [2025-07-23T08:30:19.359+0000] {dag.py:3096} INFO - Sync 1 DAGs
[2025-07-23T08:30:19.415+0000] {logging_mixin.py:188} INFO - [2025-07-23T08:30:19.415+0000] {dag.py:3954} INFO - Setting next_dagrun for example_branch_labels to 2025-07-22 00:00:00+00:00, run_after=2025-07-23 00:00:00+00:00
[2025-07-23T08:30:19.457+0000] {processor.py:183} INFO - Processing /home/airflow/.local/lib/python3.12/site-packages/airflow/example_dags/example_branch_labels.py took 0.189 seconds
[2025-07-23T08:30:50.067+0000] {processor.py:161} INFO - Started process (PID=1883) to work on /home/airflow/.local/lib/python3.12/site-packages/airflow/example_dags/example_branch_labels.py
[2025-07-23T08:30:50.083+0000] {processor.py:830} INFO - Processing file /home/airflow/.local/lib/python3.12/site-packages/airflow/example_dags/example_branch_labels.py for tasks to queue
[2025-07-23T08:30:50.086+0000] {logging_mixin.py:188} INFO - [2025-07-23T08:30:50.086+0000] {dagbag.py:545} INFO - Filling up the DagBag from /home/airflow/.local/lib/python3.12/site-packages/airflow/example_dags/example_branch_labels.py
[2025-07-23T08:30:50.117+0000] {processor.py:840} INFO - DAG(s) 'example_branch_labels' retrieved from /home/airflow/.local/lib/python3.12/site-packages/airflow/example_dags/example_branch_labels.py
[2025-07-23T08:30:50.223+0000] {logging_mixin.py:188} INFO - [2025-07-23T08:30:50.223+0000] {dag.py:3096} INFO - Sync 1 DAGs
[2025-07-23T08:30:50.487+0000] {logging_mixin.py:188} INFO - [2025-07-23T08:30:50.486+0000] {dag.py:3954} INFO - Setting next_dagrun for example_branch_labels to 2025-07-22 00:00:00+00:00, run_after=2025-07-23 00:00:00+00:00
[2025-07-23T08:30:50.597+0000] {processor.py:183} INFO - Processing /home/airflow/.local/lib/python3.12/site-packages/airflow/example_dags/example_branch_labels.py took 0.562 seconds
[2025-07-23T08:31:21.326+0000] {processor.py:161} INFO - Started process (PID=1942) to work on /home/airflow/.local/lib/python3.12/site-packages/airflow/example_dags/example_branch_labels.py
[2025-07-23T08:31:21.330+0000] {processor.py:830} INFO - Processing file /home/airflow/.local/lib/python3.12/site-packages/airflow/example_dags/example_branch_labels.py for tasks to queue
[2025-07-23T08:31:21.334+0000] {logging_mixin.py:188} INFO - [2025-07-23T08:31:21.333+0000] {dagbag.py:545} INFO - Filling up the DagBag from /home/airflow/.local/lib/python3.12/site-packages/airflow/example_dags/example_branch_labels.py
[2025-07-23T08:31:21.354+0000] {processor.py:840} INFO - DAG(s) 'example_branch_labels' retrieved from /home/airflow/.local/lib/python3.12/site-packages/airflow/example_dags/example_branch_labels.py
[2025-07-23T08:31:21.426+0000] {logging_mixin.py:188} INFO - [2025-07-23T08:31:21.425+0000] {dag.py:3096} INFO - Sync 1 DAGs
[2025-07-23T08:31:21.607+0000] {logging_mixin.py:188} INFO - [2025-07-23T08:31:21.606+0000] {dag.py:3954} INFO - Setting next_dagrun for example_branch_labels to 2025-07-22 00:00:00+00:00, run_after=2025-07-23 00:00:00+00:00
[2025-07-23T08:31:21.725+0000] {processor.py:183} INFO - Processing /home/airflow/.local/lib/python3.12/site-packages/airflow/example_dags/example_branch_labels.py took 0.420 seconds
[2025-07-23T08:31:53.441+0000] {processor.py:161} INFO - Started process (PID=2000) to work on /home/airflow/.local/lib/python3.12/site-packages/airflow/example_dags/example_branch_labels.py
[2025-07-23T08:31:53.443+0000] {processor.py:830} INFO - Processing file /home/airflow/.local/lib/python3.12/site-packages/airflow/example_dags/example_branch_labels.py for tasks to queue
[2025-07-23T08:31:53.449+0000] {logging_mixin.py:188} INFO - [2025-07-23T08:31:53.448+0000] {dagbag.py:545} INFO - Filling up the DagBag from /home/airflow/.local/lib/python3.12/site-packages/airflow/example_dags/example_branch_labels.py
[2025-07-23T08:31:53.469+0000] {processor.py:840} INFO - DAG(s) 'example_branch_labels' retrieved from /home/airflow/.local/lib/python3.12/site-packages/airflow/example_dags/example_branch_labels.py
[2025-07-23T08:31:53.533+0000] {logging_mixin.py:188} INFO - [2025-07-23T08:31:53.532+0000] {dag.py:3096} INFO - Sync 1 DAGs
[2025-07-23T08:31:53.592+0000] {logging_mixin.py:188} INFO - [2025-07-23T08:31:53.591+0000] {dag.py:3954} INFO - Setting next_dagrun for example_branch_labels to 2025-07-22 00:00:00+00:00, run_after=2025-07-23 00:00:00+00:00
[2025-07-23T08:31:53.654+0000] {processor.py:183} INFO - Processing /home/airflow/.local/lib/python3.12/site-packages/airflow/example_dags/example_branch_labels.py took 0.227 seconds
[2025-07-23T08:32:25.614+0000] {processor.py:161} INFO - Started process (PID=2058) to work on /home/airflow/.local/lib/python3.12/site-packages/airflow/example_dags/example_branch_labels.py
[2025-07-23T08:32:25.618+0000] {processor.py:830} INFO - Processing file /home/airflow/.local/lib/python3.12/site-packages/airflow/example_dags/example_branch_labels.py for tasks to queue
[2025-07-23T08:32:25.630+0000] {logging_mixin.py:188} INFO - [2025-07-23T08:32:25.629+0000] {dagbag.py:545} INFO - Filling up the DagBag from /home/airflow/.local/lib/python3.12/site-packages/airflow/example_dags/example_branch_labels.py
[2025-07-23T08:32:25.728+0000] {processor.py:840} INFO - DAG(s) 'example_branch_labels' retrieved from /home/airflow/.local/lib/python3.12/site-packages/airflow/example_dags/example_branch_labels.py
[2025-07-23T08:32:25.880+0000] {logging_mixin.py:188} INFO - [2025-07-23T08:32:25.880+0000] {dag.py:3096} INFO - Sync 1 DAGs
[2025-07-23T08:32:26.075+0000] {logging_mixin.py:188} INFO - [2025-07-23T08:32:26.074+0000] {dag.py:3954} INFO - Setting next_dagrun for example_branch_labels to 2025-07-22 00:00:00+00:00, run_after=2025-07-23 00:00:00+00:00
[2025-07-23T08:32:26.305+0000] {processor.py:183} INFO - Processing /home/airflow/.local/lib/python3.12/site-packages/airflow/example_dags/example_branch_labels.py took 0.721 seconds
[2025-07-23T08:35:06.932+0000] {processor.py:161} INFO - Started process (PID=91) to work on /home/airflow/.local/lib/python3.12/site-packages/airflow/example_dags/example_branch_labels.py
[2025-07-23T08:35:06.934+0000] {processor.py:830} INFO - Processing file /home/airflow/.local/lib/python3.12/site-packages/airflow/example_dags/example_branch_labels.py for tasks to queue
[2025-07-23T08:35:06.938+0000] {logging_mixin.py:188} INFO - [2025-07-23T08:35:06.937+0000] {dagbag.py:545} INFO - Filling up the DagBag from /home/airflow/.local/lib/python3.12/site-packages/airflow/example_dags/example_branch_labels.py
[2025-07-23T08:35:06.964+0000] {processor.py:840} INFO - DAG(s) 'example_branch_labels' retrieved from /home/airflow/.local/lib/python3.12/site-packages/airflow/example_dags/example_branch_labels.py
[2025-07-23T08:35:07.347+0000] {logging_mixin.py:188} INFO - [2025-07-23T08:35:07.346+0000] {dag.py:3096} INFO - Sync 1 DAGs
[2025-07-23T08:35:07.402+0000] {logging_mixin.py:188} INFO - [2025-07-23T08:35:07.400+0000] {dag.py:3954} INFO - Setting next_dagrun for example_branch_labels to 2025-07-22 00:00:00+00:00, run_after=2025-07-23 00:00:00+00:00
[2025-07-23T08:35:07.452+0000] {processor.py:183} INFO - Processing /home/airflow/.local/lib/python3.12/site-packages/airflow/example_dags/example_branch_labels.py took 0.534 seconds
[2025-07-23T08:35:41.316+0000] {processor.py:161} INFO - Started process (PID=155) to work on /home/airflow/.local/lib/python3.12/site-packages/airflow/example_dags/example_branch_labels.py
[2025-07-23T08:35:41.322+0000] {processor.py:830} INFO - Processing file /home/airflow/.local/lib/python3.12/site-packages/airflow/example_dags/example_branch_labels.py for tasks to queue
[2025-07-23T08:35:41.345+0000] {logging_mixin.py:188} INFO - [2025-07-23T08:35:41.344+0000] {dagbag.py:545} INFO - Filling up the DagBag from /home/airflow/.local/lib/python3.12/site-packages/airflow/example_dags/example_branch_labels.py
[2025-07-23T08:35:41.387+0000] {processor.py:840} INFO - DAG(s) 'example_branch_labels' retrieved from /home/airflow/.local/lib/python3.12/site-packages/airflow/example_dags/example_branch_labels.py
[2025-07-23T08:35:41.560+0000] {logging_mixin.py:188} INFO - [2025-07-23T08:35:41.560+0000] {dag.py:3096} INFO - Sync 1 DAGs
[2025-07-23T08:35:41.692+0000] {logging_mixin.py:188} INFO - [2025-07-23T08:35:41.692+0000] {dag.py:3954} INFO - Setting next_dagrun for example_branch_labels to 2025-07-22 00:00:00+00:00, run_after=2025-07-23 00:00:00+00:00
[2025-07-23T08:35:41.773+0000] {processor.py:183} INFO - Processing /home/airflow/.local/lib/python3.12/site-packages/airflow/example_dags/example_branch_labels.py took 0.495 seconds
[2025-07-23T08:36:12.313+0000] {processor.py:161} INFO - Started process (PID=213) to work on /home/airflow/.local/lib/python3.12/site-packages/airflow/example_dags/example_branch_labels.py
[2025-07-23T08:36:12.325+0000] {processor.py:830} INFO - Processing file /home/airflow/.local/lib/python3.12/site-packages/airflow/example_dags/example_branch_labels.py for tasks to queue
[2025-07-23T08:36:12.344+0000] {logging_mixin.py:188} INFO - [2025-07-23T08:36:12.343+0000] {dagbag.py:545} INFO - Filling up the DagBag from /home/airflow/.local/lib/python3.12/site-packages/airflow/example_dags/example_branch_labels.py
[2025-07-23T08:36:12.433+0000] {processor.py:840} INFO - DAG(s) 'example_branch_labels' retrieved from /home/airflow/.local/lib/python3.12/site-packages/airflow/example_dags/example_branch_labels.py
[2025-07-23T08:36:12.743+0000] {logging_mixin.py:188} INFO - [2025-07-23T08:36:12.742+0000] {dag.py:3096} INFO - Sync 1 DAGs
[2025-07-23T08:36:12.999+0000] {logging_mixin.py:188} INFO - [2025-07-23T08:36:12.998+0000] {dag.py:3954} INFO - Setting next_dagrun for example_branch_labels to 2025-07-22 00:00:00+00:00, run_after=2025-07-23 00:00:00+00:00
[2025-07-23T08:36:13.094+0000] {processor.py:183} INFO - Processing /home/airflow/.local/lib/python3.12/site-packages/airflow/example_dags/example_branch_labels.py took 0.801 seconds
[2025-07-23T08:36:44.465+0000] {processor.py:161} INFO - Started process (PID=272) to work on /home/airflow/.local/lib/python3.12/site-packages/airflow/example_dags/example_branch_labels.py
[2025-07-23T08:36:44.467+0000] {processor.py:830} INFO - Processing file /home/airflow/.local/lib/python3.12/site-packages/airflow/example_dags/example_branch_labels.py for tasks to queue
[2025-07-23T08:36:44.471+0000] {logging_mixin.py:188} INFO - [2025-07-23T08:36:44.470+0000] {dagbag.py:545} INFO - Filling up the DagBag from /home/airflow/.local/lib/python3.12/site-packages/airflow/example_dags/example_branch_labels.py
[2025-07-23T08:36:44.508+0000] {processor.py:840} INFO - DAG(s) 'example_branch_labels' retrieved from /home/airflow/.local/lib/python3.12/site-packages/airflow/example_dags/example_branch_labels.py
[2025-07-23T08:36:44.605+0000] {logging_mixin.py:188} INFO - [2025-07-23T08:36:44.604+0000] {dag.py:3096} INFO - Sync 1 DAGs
[2025-07-23T08:36:44.795+0000] {logging_mixin.py:188} INFO - [2025-07-23T08:36:44.794+0000] {dag.py:3954} INFO - Setting next_dagrun for example_branch_labels to 2025-07-22 00:00:00+00:00, run_after=2025-07-23 00:00:00+00:00
[2025-07-23T08:36:44.954+0000] {processor.py:183} INFO - Processing /home/airflow/.local/lib/python3.12/site-packages/airflow/example_dags/example_branch_labels.py took 0.522 seconds
[2025-07-23T08:37:15.787+0000] {processor.py:161} INFO - Started process (PID=331) to work on /home/airflow/.local/lib/python3.12/site-packages/airflow/example_dags/example_branch_labels.py
[2025-07-23T08:37:15.800+0000] {processor.py:830} INFO - Processing file /home/airflow/.local/lib/python3.12/site-packages/airflow/example_dags/example_branch_labels.py for tasks to queue
[2025-07-23T08:37:15.818+0000] {logging_mixin.py:188} INFO - [2025-07-23T08:37:15.817+0000] {dagbag.py:545} INFO - Filling up the DagBag from /home/airflow/.local/lib/python3.12/site-packages/airflow/example_dags/example_branch_labels.py
[2025-07-23T08:37:15.929+0000] {processor.py:840} INFO - DAG(s) 'example_branch_labels' retrieved from /home/airflow/.local/lib/python3.12/site-packages/airflow/example_dags/example_branch_labels.py
[2025-07-23T08:37:16.113+0000] {logging_mixin.py:188} INFO - [2025-07-23T08:37:16.112+0000] {dag.py:3096} INFO - Sync 1 DAGs
[2025-07-23T08:37:16.234+0000] {logging_mixin.py:188} INFO - [2025-07-23T08:37:16.234+0000] {dag.py:3954} INFO - Setting next_dagrun for example_branch_labels to 2025-07-22 00:00:00+00:00, run_after=2025-07-23 00:00:00+00:00
[2025-07-23T08:37:16.352+0000] {processor.py:183} INFO - Processing /home/airflow/.local/lib/python3.12/site-packages/airflow/example_dags/example_branch_labels.py took 0.602 seconds
[2025-07-23T08:37:49.171+0000] {processor.py:161} INFO - Started process (PID=388) to work on /home/airflow/.local/lib/python3.12/site-packages/airflow/example_dags/example_branch_labels.py
[2025-07-23T08:37:49.173+0000] {processor.py:830} INFO - Processing file /home/airflow/.local/lib/python3.12/site-packages/airflow/example_dags/example_branch_labels.py for tasks to queue
[2025-07-23T08:37:49.185+0000] {logging_mixin.py:188} INFO - [2025-07-23T08:37:49.184+0000] {dagbag.py:545} INFO - Filling up the DagBag from /home/airflow/.local/lib/python3.12/site-packages/airflow/example_dags/example_branch_labels.py
[2025-07-23T08:37:49.218+0000] {processor.py:840} INFO - DAG(s) 'example_branch_labels' retrieved from /home/airflow/.local/lib/python3.12/site-packages/airflow/example_dags/example_branch_labels.py
[2025-07-23T08:37:49.384+0000] {logging_mixin.py:188} INFO - [2025-07-23T08:37:49.376+0000] {dag.py:3096} INFO - Sync 1 DAGs
[2025-07-23T08:37:49.558+0000] {logging_mixin.py:188} INFO - [2025-07-23T08:37:49.558+0000] {dag.py:3954} INFO - Setting next_dagrun for example_branch_labels to 2025-07-22 00:00:00+00:00, run_after=2025-07-23 00:00:00+00:00
[2025-07-23T08:37:49.669+0000] {processor.py:183} INFO - Processing /home/airflow/.local/lib/python3.12/site-packages/airflow/example_dags/example_branch_labels.py took 0.531 seconds
[2025-07-23T08:38:39.231+0000] {processor.py:161} INFO - Started process (PID=446) to work on /home/airflow/.local/lib/python3.12/site-packages/airflow/example_dags/example_branch_labels.py
[2025-07-23T08:38:39.251+0000] {processor.py:830} INFO - Processing file /home/airflow/.local/lib/python3.12/site-packages/airflow/example_dags/example_branch_labels.py for tasks to queue
[2025-07-23T08:38:39.269+0000] {logging_mixin.py:188} INFO - [2025-07-23T08:38:39.268+0000] {dagbag.py:545} INFO - Filling up the DagBag from /home/airflow/.local/lib/python3.12/site-packages/airflow/example_dags/example_branch_labels.py
[2025-07-23T08:38:39.480+0000] {processor.py:840} INFO - DAG(s) 'example_branch_labels' retrieved from /home/airflow/.local/lib/python3.12/site-packages/airflow/example_dags/example_branch_labels.py
[2025-07-23T08:38:39.899+0000] {logging_mixin.py:188} INFO - [2025-07-23T08:38:39.899+0000] {dag.py:3096} INFO - Sync 1 DAGs
[2025-07-23T08:38:40.366+0000] {logging_mixin.py:188} INFO - [2025-07-23T08:38:40.366+0000] {dag.py:3954} INFO - Setting next_dagrun for example_branch_labels to 2025-07-22 00:00:00+00:00, run_after=2025-07-23 00:00:00+00:00
[2025-07-23T08:38:40.531+0000] {processor.py:183} INFO - Processing /home/airflow/.local/lib/python3.12/site-packages/airflow/example_dags/example_branch_labels.py took 1.490 seconds
[2025-07-23T08:39:47.679+0000] {processor.py:161} INFO - Started process (PID=515) to work on /home/airflow/.local/lib/python3.12/site-packages/airflow/example_dags/example_branch_labels.py
[2025-07-23T08:39:47.708+0000] {processor.py:830} INFO - Processing file /home/airflow/.local/lib/python3.12/site-packages/airflow/example_dags/example_branch_labels.py for tasks to queue
[2025-07-23T08:39:47.727+0000] {logging_mixin.py:188} INFO - [2025-07-23T08:39:47.727+0000] {dagbag.py:545} INFO - Filling up the DagBag from /home/airflow/.local/lib/python3.12/site-packages/airflow/example_dags/example_branch_labels.py
[2025-07-23T08:39:47.804+0000] {processor.py:840} INFO - DAG(s) 'example_branch_labels' retrieved from /home/airflow/.local/lib/python3.12/site-packages/airflow/example_dags/example_branch_labels.py
[2025-07-23T08:39:48.189+0000] {logging_mixin.py:188} INFO - [2025-07-23T08:39:48.188+0000] {dag.py:3096} INFO - Sync 1 DAGs
[2025-07-23T08:39:48.650+0000] {logging_mixin.py:188} INFO - [2025-07-23T08:39:48.649+0000] {dag.py:3954} INFO - Setting next_dagrun for example_branch_labels to 2025-07-22 00:00:00+00:00, run_after=2025-07-23 00:00:00+00:00
[2025-07-23T08:39:48.888+0000] {processor.py:183} INFO - Processing /home/airflow/.local/lib/python3.12/site-packages/airflow/example_dags/example_branch_labels.py took 1.303 seconds
[2025-07-23T08:40:29.446+0000] {processor.py:161} INFO - Started process (PID=572) to work on /home/airflow/.local/lib/python3.12/site-packages/airflow/example_dags/example_branch_labels.py
[2025-07-23T08:40:29.469+0000] {processor.py:830} INFO - Processing file /home/airflow/.local/lib/python3.12/site-packages/airflow/example_dags/example_branch_labels.py for tasks to queue
[2025-07-23T08:40:29.493+0000] {logging_mixin.py:188} INFO - [2025-07-23T08:40:29.492+0000] {dagbag.py:545} INFO - Filling up the DagBag from /home/airflow/.local/lib/python3.12/site-packages/airflow/example_dags/example_branch_labels.py
[2025-07-23T08:40:29.597+0000] {processor.py:840} INFO - DAG(s) 'example_branch_labels' retrieved from /home/airflow/.local/lib/python3.12/site-packages/airflow/example_dags/example_branch_labels.py
[2025-07-23T08:40:29.788+0000] {logging_mixin.py:188} INFO - [2025-07-23T08:40:29.787+0000] {dag.py:3096} INFO - Sync 1 DAGs
[2025-07-23T08:40:30.103+0000] {logging_mixin.py:188} INFO - [2025-07-23T08:40:30.103+0000] {dag.py:3954} INFO - Setting next_dagrun for example_branch_labels to 2025-07-22 00:00:00+00:00, run_after=2025-07-23 00:00:00+00:00
[2025-07-23T08:40:30.408+0000] {processor.py:183} INFO - Processing /home/airflow/.local/lib/python3.12/site-packages/airflow/example_dags/example_branch_labels.py took 1.045 seconds
[2025-07-23T09:00:56.962+0000] {processor.py:161} INFO - Started process (PID=61) to work on /home/airflow/.local/lib/python3.12/site-packages/airflow/example_dags/example_branch_labels.py
[2025-07-23T09:00:56.983+0000] {processor.py:830} INFO - Processing file /home/airflow/.local/lib/python3.12/site-packages/airflow/example_dags/example_branch_labels.py for tasks to queue
[2025-07-23T09:00:57.000+0000] {logging_mixin.py:188} INFO - [2025-07-23T09:00:56.999+0000] {dagbag.py:545} INFO - Filling up the DagBag from /home/airflow/.local/lib/python3.12/site-packages/airflow/example_dags/example_branch_labels.py
[2025-07-23T09:00:57.186+0000] {processor.py:840} INFO - DAG(s) 'example_branch_labels' retrieved from /home/airflow/.local/lib/python3.12/site-packages/airflow/example_dags/example_branch_labels.py
[2025-07-23T09:00:57.692+0000] {logging_mixin.py:188} INFO - [2025-07-23T09:00:57.681+0000] {dag.py:3096} INFO - Sync 1 DAGs
[2025-07-23T09:00:58.204+0000] {logging_mixin.py:188} INFO - [2025-07-23T09:00:58.203+0000] {dag.py:3954} INFO - Setting next_dagrun for example_branch_labels to 2025-07-22 00:00:00+00:00, run_after=2025-07-23 00:00:00+00:00
[2025-07-23T09:00:58.688+0000] {processor.py:183} INFO - Processing /home/airflow/.local/lib/python3.12/site-packages/airflow/example_dags/example_branch_labels.py took 1.904 seconds
[2025-07-23T09:01:42.791+0000] {processor.py:161} INFO - Started process (PID=120) to work on /home/airflow/.local/lib/python3.12/site-packages/airflow/example_dags/example_branch_labels.py
[2025-07-23T09:01:42.893+0000] {processor.py:830} INFO - Processing file /home/airflow/.local/lib/python3.12/site-packages/airflow/example_dags/example_branch_labels.py for tasks to queue
[2025-07-23T09:01:42.898+0000] {logging_mixin.py:188} INFO - [2025-07-23T09:01:42.897+0000] {dagbag.py:545} INFO - Filling up the DagBag from /home/airflow/.local/lib/python3.12/site-packages/airflow/example_dags/example_branch_labels.py
[2025-07-23T09:01:42.946+0000] {processor.py:840} INFO - DAG(s) 'example_branch_labels' retrieved from /home/airflow/.local/lib/python3.12/site-packages/airflow/example_dags/example_branch_labels.py
[2025-07-23T09:01:43.235+0000] {logging_mixin.py:188} INFO - [2025-07-23T09:01:43.234+0000] {dag.py:3096} INFO - Sync 1 DAGs
[2025-07-23T09:01:43.473+0000] {logging_mixin.py:188} INFO - [2025-07-23T09:01:43.461+0000] {dag.py:3954} INFO - Setting next_dagrun for example_branch_labels to 2025-07-22 00:00:00+00:00, run_after=2025-07-23 00:00:00+00:00
[2025-07-23T09:01:43.781+0000] {processor.py:183} INFO - Processing /home/airflow/.local/lib/python3.12/site-packages/airflow/example_dags/example_branch_labels.py took 1.074 seconds
[2025-07-23T09:02:16.866+0000] {processor.py:161} INFO - Started process (PID=179) to work on /home/airflow/.local/lib/python3.12/site-packages/airflow/example_dags/example_branch_labels.py
[2025-07-23T09:02:16.897+0000] {processor.py:830} INFO - Processing file /home/airflow/.local/lib/python3.12/site-packages/airflow/example_dags/example_branch_labels.py for tasks to queue
[2025-07-23T09:02:16.942+0000] {logging_mixin.py:188} INFO - [2025-07-23T09:02:16.941+0000] {dagbag.py:545} INFO - Filling up the DagBag from /home/airflow/.local/lib/python3.12/site-packages/airflow/example_dags/example_branch_labels.py
[2025-07-23T09:02:17.019+0000] {processor.py:840} INFO - DAG(s) 'example_branch_labels' retrieved from /home/airflow/.local/lib/python3.12/site-packages/airflow/example_dags/example_branch_labels.py
[2025-07-23T09:02:17.275+0000] {logging_mixin.py:188} INFO - [2025-07-23T09:02:17.275+0000] {dag.py:3096} INFO - Sync 1 DAGs
[2025-07-23T09:02:17.664+0000] {logging_mixin.py:188} INFO - [2025-07-23T09:02:17.664+0000] {dag.py:3954} INFO - Setting next_dagrun for example_branch_labels to 2025-07-22 00:00:00+00:00, run_after=2025-07-23 00:00:00+00:00
[2025-07-23T09:02:17.989+0000] {processor.py:183} INFO - Processing /home/airflow/.local/lib/python3.12/site-packages/airflow/example_dags/example_branch_labels.py took 1.174 seconds
[2025-07-23T09:02:52.416+0000] {processor.py:161} INFO - Started process (PID=236) to work on /home/airflow/.local/lib/python3.12/site-packages/airflow/example_dags/example_branch_labels.py
[2025-07-23T09:02:52.459+0000] {processor.py:830} INFO - Processing file /home/airflow/.local/lib/python3.12/site-packages/airflow/example_dags/example_branch_labels.py for tasks to queue
[2025-07-23T09:02:52.471+0000] {logging_mixin.py:188} INFO - [2025-07-23T09:02:52.469+0000] {dagbag.py:545} INFO - Filling up the DagBag from /home/airflow/.local/lib/python3.12/site-packages/airflow/example_dags/example_branch_labels.py
[2025-07-23T09:02:52.656+0000] {processor.py:840} INFO - DAG(s) 'example_branch_labels' retrieved from /home/airflow/.local/lib/python3.12/site-packages/airflow/example_dags/example_branch_labels.py
[2025-07-23T09:02:52.993+0000] {logging_mixin.py:188} INFO - [2025-07-23T09:02:52.992+0000] {dag.py:3096} INFO - Sync 1 DAGs
[2025-07-23T09:02:53.288+0000] {logging_mixin.py:188} INFO - [2025-07-23T09:02:53.279+0000] {dag.py:3954} INFO - Setting next_dagrun for example_branch_labels to 2025-07-22 00:00:00+00:00, run_after=2025-07-23 00:00:00+00:00
[2025-07-23T09:02:53.469+0000] {processor.py:183} INFO - Processing /home/airflow/.local/lib/python3.12/site-packages/airflow/example_dags/example_branch_labels.py took 1.090 seconds
[2025-07-23T09:03:23.860+0000] {processor.py:161} INFO - Started process (PID=287) to work on /home/airflow/.local/lib/python3.12/site-packages/airflow/example_dags/example_branch_labels.py
[2025-07-23T09:03:23.861+0000] {processor.py:830} INFO - Processing file /home/airflow/.local/lib/python3.12/site-packages/airflow/example_dags/example_branch_labels.py for tasks to queue
[2025-07-23T09:03:23.863+0000] {logging_mixin.py:188} INFO - [2025-07-23T09:03:23.863+0000] {dagbag.py:545} INFO - Filling up the DagBag from /home/airflow/.local/lib/python3.12/site-packages/airflow/example_dags/example_branch_labels.py
[2025-07-23T09:03:23.883+0000] {processor.py:840} INFO - DAG(s) 'example_branch_labels' retrieved from /home/airflow/.local/lib/python3.12/site-packages/airflow/example_dags/example_branch_labels.py
[2025-07-23T09:03:23.930+0000] {logging_mixin.py:188} INFO - [2025-07-23T09:03:23.929+0000] {dag.py:3096} INFO - Sync 1 DAGs
[2025-07-23T09:03:23.994+0000] {logging_mixin.py:188} INFO - [2025-07-23T09:03:23.993+0000] {dag.py:3954} INFO - Setting next_dagrun for example_branch_labels to 2025-07-22 00:00:00+00:00, run_after=2025-07-23 00:00:00+00:00
[2025-07-23T09:03:24.068+0000] {processor.py:183} INFO - Processing /home/airflow/.local/lib/python3.12/site-packages/airflow/example_dags/example_branch_labels.py took 0.225 seconds
[2025-07-23T09:03:54.348+0000] {processor.py:161} INFO - Started process (PID=346) to work on /home/airflow/.local/lib/python3.12/site-packages/airflow/example_dags/example_branch_labels.py
[2025-07-23T09:03:54.350+0000] {processor.py:830} INFO - Processing file /home/airflow/.local/lib/python3.12/site-packages/airflow/example_dags/example_branch_labels.py for tasks to queue
[2025-07-23T09:03:54.352+0000] {logging_mixin.py:188} INFO - [2025-07-23T09:03:54.351+0000] {dagbag.py:545} INFO - Filling up the DagBag from /home/airflow/.local/lib/python3.12/site-packages/airflow/example_dags/example_branch_labels.py
[2025-07-23T09:03:54.362+0000] {processor.py:840} INFO - DAG(s) 'example_branch_labels' retrieved from /home/airflow/.local/lib/python3.12/site-packages/airflow/example_dags/example_branch_labels.py
[2025-07-23T09:03:54.395+0000] {logging_mixin.py:188} INFO - [2025-07-23T09:03:54.394+0000] {dag.py:3096} INFO - Sync 1 DAGs
[2025-07-23T09:03:54.429+0000] {logging_mixin.py:188} INFO - [2025-07-23T09:03:54.429+0000] {dag.py:3954} INFO - Setting next_dagrun for example_branch_labels to 2025-07-22 00:00:00+00:00, run_after=2025-07-23 00:00:00+00:00
[2025-07-23T09:03:54.464+0000] {processor.py:183} INFO - Processing /home/airflow/.local/lib/python3.12/site-packages/airflow/example_dags/example_branch_labels.py took 0.124 seconds
[2025-07-23T09:04:32.096+0000] {processor.py:161} INFO - Started process (PID=405) to work on /home/airflow/.local/lib/python3.12/site-packages/airflow/example_dags/example_branch_labels.py
[2025-07-23T09:04:32.098+0000] {processor.py:830} INFO - Processing file /home/airflow/.local/lib/python3.12/site-packages/airflow/example_dags/example_branch_labels.py for tasks to queue
[2025-07-23T09:04:32.100+0000] {logging_mixin.py:188} INFO - [2025-07-23T09:04:32.099+0000] {dagbag.py:545} INFO - Filling up the DagBag from /home/airflow/.local/lib/python3.12/site-packages/airflow/example_dags/example_branch_labels.py
[2025-07-23T09:04:32.117+0000] {processor.py:840} INFO - DAG(s) 'example_branch_labels' retrieved from /home/airflow/.local/lib/python3.12/site-packages/airflow/example_dags/example_branch_labels.py
[2025-07-23T09:04:32.182+0000] {logging_mixin.py:188} INFO - [2025-07-23T09:04:32.181+0000] {dag.py:3096} INFO - Sync 1 DAGs
[2025-07-23T09:04:32.255+0000] {logging_mixin.py:188} INFO - [2025-07-23T09:04:32.255+0000] {dag.py:3954} INFO - Setting next_dagrun for example_branch_labels to 2025-07-22 00:00:00+00:00, run_after=2025-07-23 00:00:00+00:00
[2025-07-23T09:04:32.312+0000] {processor.py:183} INFO - Processing /home/airflow/.local/lib/python3.12/site-packages/airflow/example_dags/example_branch_labels.py took 0.228 seconds
[2025-07-23T09:05:03.451+0000] {processor.py:161} INFO - Started process (PID=464) to work on /home/airflow/.local/lib/python3.12/site-packages/airflow/example_dags/example_branch_labels.py
[2025-07-23T09:05:03.452+0000] {processor.py:830} INFO - Processing file /home/airflow/.local/lib/python3.12/site-packages/airflow/example_dags/example_branch_labels.py for tasks to queue
[2025-07-23T09:05:03.454+0000] {logging_mixin.py:188} INFO - [2025-07-23T09:05:03.454+0000] {dagbag.py:545} INFO - Filling up the DagBag from /home/airflow/.local/lib/python3.12/site-packages/airflow/example_dags/example_branch_labels.py
[2025-07-23T09:05:03.470+0000] {processor.py:840} INFO - DAG(s) 'example_branch_labels' retrieved from /home/airflow/.local/lib/python3.12/site-packages/airflow/example_dags/example_branch_labels.py
[2025-07-23T09:05:03.510+0000] {logging_mixin.py:188} INFO - [2025-07-23T09:05:03.510+0000] {dag.py:3096} INFO - Sync 1 DAGs
[2025-07-23T09:05:03.584+0000] {logging_mixin.py:188} INFO - [2025-07-23T09:05:03.584+0000] {dag.py:3954} INFO - Setting next_dagrun for example_branch_labels to 2025-07-22 00:00:00+00:00, run_after=2025-07-23 00:00:00+00:00
[2025-07-23T09:05:03.630+0000] {processor.py:183} INFO - Processing /home/airflow/.local/lib/python3.12/site-packages/airflow/example_dags/example_branch_labels.py took 0.190 seconds
[2025-07-23T09:05:36.233+0000] {processor.py:161} INFO - Started process (PID=524) to work on /home/airflow/.local/lib/python3.12/site-packages/airflow/example_dags/example_branch_labels.py
[2025-07-23T09:05:36.238+0000] {processor.py:830} INFO - Processing file /home/airflow/.local/lib/python3.12/site-packages/airflow/example_dags/example_branch_labels.py for tasks to queue
[2025-07-23T09:05:36.243+0000] {logging_mixin.py:188} INFO - [2025-07-23T09:05:36.243+0000] {dagbag.py:545} INFO - Filling up the DagBag from /home/airflow/.local/lib/python3.12/site-packages/airflow/example_dags/example_branch_labels.py
[2025-07-23T09:05:36.266+0000] {processor.py:840} INFO - DAG(s) 'example_branch_labels' retrieved from /home/airflow/.local/lib/python3.12/site-packages/airflow/example_dags/example_branch_labels.py
[2025-07-23T09:05:36.727+0000] {logging_mixin.py:188} INFO - [2025-07-23T09:05:36.727+0000] {dag.py:3096} INFO - Sync 1 DAGs
[2025-07-23T09:05:36.805+0000] {logging_mixin.py:188} INFO - [2025-07-23T09:05:36.804+0000] {dag.py:3954} INFO - Setting next_dagrun for example_branch_labels to 2025-07-22 00:00:00+00:00, run_after=2025-07-23 00:00:00+00:00
[2025-07-23T09:05:36.879+0000] {processor.py:183} INFO - Processing /home/airflow/.local/lib/python3.12/site-packages/airflow/example_dags/example_branch_labels.py took 0.661 seconds
[2025-07-23T09:06:07.773+0000] {processor.py:161} INFO - Started process (PID=583) to work on /home/airflow/.local/lib/python3.12/site-packages/airflow/example_dags/example_branch_labels.py
[2025-07-23T09:06:07.774+0000] {processor.py:830} INFO - Processing file /home/airflow/.local/lib/python3.12/site-packages/airflow/example_dags/example_branch_labels.py for tasks to queue
[2025-07-23T09:06:07.776+0000] {logging_mixin.py:188} INFO - [2025-07-23T09:06:07.776+0000] {dagbag.py:545} INFO - Filling up the DagBag from /home/airflow/.local/lib/python3.12/site-packages/airflow/example_dags/example_branch_labels.py
[2025-07-23T09:06:07.810+0000] {processor.py:840} INFO - DAG(s) 'example_branch_labels' retrieved from /home/airflow/.local/lib/python3.12/site-packages/airflow/example_dags/example_branch_labels.py
[2025-07-23T09:06:07.911+0000] {logging_mixin.py:188} INFO - [2025-07-23T09:06:07.911+0000] {dag.py:3096} INFO - Sync 1 DAGs
[2025-07-23T09:06:08.068+0000] {logging_mixin.py:188} INFO - [2025-07-23T09:06:08.067+0000] {dag.py:3954} INFO - Setting next_dagrun for example_branch_labels to 2025-07-22 00:00:00+00:00, run_after=2025-07-23 00:00:00+00:00
[2025-07-23T09:06:08.296+0000] {processor.py:183} INFO - Processing /home/airflow/.local/lib/python3.12/site-packages/airflow/example_dags/example_branch_labels.py took 0.553 seconds
[2025-07-23T09:06:38.980+0000] {processor.py:161} INFO - Started process (PID=635) to work on /home/airflow/.local/lib/python3.12/site-packages/airflow/example_dags/example_branch_labels.py
[2025-07-23T09:06:38.982+0000] {processor.py:830} INFO - Processing file /home/airflow/.local/lib/python3.12/site-packages/airflow/example_dags/example_branch_labels.py for tasks to queue
[2025-07-23T09:06:38.985+0000] {logging_mixin.py:188} INFO - [2025-07-23T09:06:38.984+0000] {dagbag.py:545} INFO - Filling up the DagBag from /home/airflow/.local/lib/python3.12/site-packages/airflow/example_dags/example_branch_labels.py
[2025-07-23T09:06:39.001+0000] {processor.py:840} INFO - DAG(s) 'example_branch_labels' retrieved from /home/airflow/.local/lib/python3.12/site-packages/airflow/example_dags/example_branch_labels.py
[2025-07-23T09:06:39.038+0000] {logging_mixin.py:188} INFO - [2025-07-23T09:06:39.038+0000] {dag.py:3096} INFO - Sync 1 DAGs
[2025-07-23T09:06:39.078+0000] {logging_mixin.py:188} INFO - [2025-07-23T09:06:39.077+0000] {dag.py:3954} INFO - Setting next_dagrun for example_branch_labels to 2025-07-22 00:00:00+00:00, run_after=2025-07-23 00:00:00+00:00
[2025-07-23T09:06:39.120+0000] {processor.py:183} INFO - Processing /home/airflow/.local/lib/python3.12/site-packages/airflow/example_dags/example_branch_labels.py took 0.151 seconds
[2025-07-23T09:07:09.376+0000] {processor.py:161} INFO - Started process (PID=695) to work on /home/airflow/.local/lib/python3.12/site-packages/airflow/example_dags/example_branch_labels.py
[2025-07-23T09:07:09.377+0000] {processor.py:830} INFO - Processing file /home/airflow/.local/lib/python3.12/site-packages/airflow/example_dags/example_branch_labels.py for tasks to queue
[2025-07-23T09:07:09.379+0000] {logging_mixin.py:188} INFO - [2025-07-23T09:07:09.378+0000] {dagbag.py:545} INFO - Filling up the DagBag from /home/airflow/.local/lib/python3.12/site-packages/airflow/example_dags/example_branch_labels.py
[2025-07-23T09:07:09.390+0000] {processor.py:840} INFO - DAG(s) 'example_branch_labels' retrieved from /home/airflow/.local/lib/python3.12/site-packages/airflow/example_dags/example_branch_labels.py
[2025-07-23T09:07:09.422+0000] {logging_mixin.py:188} INFO - [2025-07-23T09:07:09.421+0000] {dag.py:3096} INFO - Sync 1 DAGs
[2025-07-23T09:07:09.455+0000] {logging_mixin.py:188} INFO - [2025-07-23T09:07:09.454+0000] {dag.py:3954} INFO - Setting next_dagrun for example_branch_labels to 2025-07-22 00:00:00+00:00, run_after=2025-07-23 00:00:00+00:00
[2025-07-23T09:07:09.489+0000] {processor.py:183} INFO - Processing /home/airflow/.local/lib/python3.12/site-packages/airflow/example_dags/example_branch_labels.py took 0.120 seconds
