[2025-07-23T08:13:52.296+0000] {processor.py:161} INFO - Started process (PID=81) to work on /home/airflow/.local/lib/python3.12/site-packages/airflow/example_dags/example_branch_operator_decorator.py
[2025-07-23T08:13:52.299+0000] {processor.py:830} INFO - Processing file /home/airflow/.local/lib/python3.12/site-packages/airflow/example_dags/example_branch_operator_decorator.py for tasks to queue
[2025-07-23T08:13:52.312+0000] {logging_mixin.py:188} INFO - [2025-07-23T08:13:52.310+0000] {dagbag.py:545} INFO - Filling up the DagBag from /home/airflow/.local/lib/python3.12/site-packages/airflow/example_dags/example_branch_operator_decorator.py
[2025-07-23T08:13:52.640+0000] {processor.py:840} INFO - DAG(s) 'example_branch_python_operator_decorator' retrieved from /home/airflow/.local/lib/python3.12/site-packages/airflow/example_dags/example_branch_operator_decorator.py
[2025-07-23T08:13:53.789+0000] {logging_mixin.py:188} INFO - [2025-07-23T08:13:53.788+0000] {dag.py:3096} INFO - Sync 1 DAGs
[2025-07-23T08:13:53.917+0000] {logging_mixin.py:188} INFO - [2025-07-23T08:13:53.916+0000] {dag.py:3954} INFO - Setting next_dagrun for example_branch_python_operator_decorator to 2025-07-22 00:00:00+00:00, run_after=2025-07-23 00:00:00+00:00
[2025-07-23T08:13:54.085+0000] {processor.py:183} INFO - Processing /home/airflow/.local/lib/python3.12/site-packages/airflow/example_dags/example_branch_operator_decorator.py took 1.830 seconds
[2025-07-23T08:14:24.284+0000] {processor.py:161} INFO - Started process (PID=138) to work on /home/airflow/.local/lib/python3.12/site-packages/airflow/example_dags/example_branch_operator_decorator.py
[2025-07-23T08:14:24.286+0000] {processor.py:830} INFO - Processing file /home/airflow/.local/lib/python3.12/site-packages/airflow/example_dags/example_branch_operator_decorator.py for tasks to queue
[2025-07-23T08:14:24.307+0000] {logging_mixin.py:188} INFO - [2025-07-23T08:14:24.289+0000] {dagbag.py:545} INFO - Filling up the DagBag from /home/airflow/.local/lib/python3.12/site-packages/airflow/example_dags/example_branch_operator_decorator.py
[2025-07-23T08:14:24.360+0000] {processor.py:840} INFO - DAG(s) 'example_branch_python_operator_decorator' retrieved from /home/airflow/.local/lib/python3.12/site-packages/airflow/example_dags/example_branch_operator_decorator.py
[2025-07-23T08:14:24.518+0000] {logging_mixin.py:188} INFO - [2025-07-23T08:14:24.516+0000] {dag.py:3096} INFO - Sync 1 DAGs
[2025-07-23T08:14:24.607+0000] {logging_mixin.py:188} INFO - [2025-07-23T08:14:24.606+0000] {dag.py:3954} INFO - Setting next_dagrun for example_branch_python_operator_decorator to 2025-07-22 00:00:00+00:00, run_after=2025-07-23 00:00:00+00:00
[2025-07-23T08:14:24.666+0000] {processor.py:183} INFO - Processing /home/airflow/.local/lib/python3.12/site-packages/airflow/example_dags/example_branch_operator_decorator.py took 0.395 seconds
[2025-07-23T08:14:54.884+0000] {processor.py:161} INFO - Started process (PID=194) to work on /home/airflow/.local/lib/python3.12/site-packages/airflow/example_dags/example_branch_operator_decorator.py
[2025-07-23T08:14:54.886+0000] {processor.py:830} INFO - Processing file /home/airflow/.local/lib/python3.12/site-packages/airflow/example_dags/example_branch_operator_decorator.py for tasks to queue
[2025-07-23T08:14:54.890+0000] {logging_mixin.py:188} INFO - [2025-07-23T08:14:54.889+0000] {dagbag.py:545} INFO - Filling up the DagBag from /home/airflow/.local/lib/python3.12/site-packages/airflow/example_dags/example_branch_operator_decorator.py
[2025-07-23T08:14:54.941+0000] {processor.py:840} INFO - DAG(s) 'example_branch_python_operator_decorator' retrieved from /home/airflow/.local/lib/python3.12/site-packages/airflow/example_dags/example_branch_operator_decorator.py
[2025-07-23T08:14:55.019+0000] {logging_mixin.py:188} INFO - [2025-07-23T08:14:55.018+0000] {dag.py:3096} INFO - Sync 1 DAGs
[2025-07-23T08:14:55.072+0000] {logging_mixin.py:188} INFO - [2025-07-23T08:14:55.071+0000] {dag.py:3954} INFO - Setting next_dagrun for example_branch_python_operator_decorator to 2025-07-22 00:00:00+00:00, run_after=2025-07-23 00:00:00+00:00
[2025-07-23T08:14:55.119+0000] {processor.py:183} INFO - Processing /home/airflow/.local/lib/python3.12/site-packages/airflow/example_dags/example_branch_operator_decorator.py took 0.247 seconds
[2025-07-23T08:15:26.994+0000] {processor.py:161} INFO - Started process (PID=251) to work on /home/airflow/.local/lib/python3.12/site-packages/airflow/example_dags/example_branch_operator_decorator.py
[2025-07-23T08:15:26.996+0000] {processor.py:830} INFO - Processing file /home/airflow/.local/lib/python3.12/site-packages/airflow/example_dags/example_branch_operator_decorator.py for tasks to queue
[2025-07-23T08:15:27.000+0000] {logging_mixin.py:188} INFO - [2025-07-23T08:15:26.999+0000] {dagbag.py:545} INFO - Filling up the DagBag from /home/airflow/.local/lib/python3.12/site-packages/airflow/example_dags/example_branch_operator_decorator.py
[2025-07-23T08:15:27.058+0000] {processor.py:840} INFO - DAG(s) 'example_branch_python_operator_decorator' retrieved from /home/airflow/.local/lib/python3.12/site-packages/airflow/example_dags/example_branch_operator_decorator.py
[2025-07-23T08:15:27.124+0000] {logging_mixin.py:188} INFO - [2025-07-23T08:15:27.123+0000] {dag.py:3096} INFO - Sync 1 DAGs
[2025-07-23T08:15:27.262+0000] {logging_mixin.py:188} INFO - [2025-07-23T08:15:27.262+0000] {dag.py:3954} INFO - Setting next_dagrun for example_branch_python_operator_decorator to 2025-07-22 00:00:00+00:00, run_after=2025-07-23 00:00:00+00:00
[2025-07-23T08:15:27.357+0000] {processor.py:183} INFO - Processing /home/airflow/.local/lib/python3.12/site-packages/airflow/example_dags/example_branch_operator_decorator.py took 0.414 seconds
[2025-07-23T08:15:58.628+0000] {processor.py:161} INFO - Started process (PID=309) to work on /home/airflow/.local/lib/python3.12/site-packages/airflow/example_dags/example_branch_operator_decorator.py
[2025-07-23T08:15:58.630+0000] {processor.py:830} INFO - Processing file /home/airflow/.local/lib/python3.12/site-packages/airflow/example_dags/example_branch_operator_decorator.py for tasks to queue
[2025-07-23T08:15:58.633+0000] {logging_mixin.py:188} INFO - [2025-07-23T08:15:58.633+0000] {dagbag.py:545} INFO - Filling up the DagBag from /home/airflow/.local/lib/python3.12/site-packages/airflow/example_dags/example_branch_operator_decorator.py
[2025-07-23T08:15:58.693+0000] {processor.py:840} INFO - DAG(s) 'example_branch_python_operator_decorator' retrieved from /home/airflow/.local/lib/python3.12/site-packages/airflow/example_dags/example_branch_operator_decorator.py
[2025-07-23T08:15:58.797+0000] {logging_mixin.py:188} INFO - [2025-07-23T08:15:58.796+0000] {dag.py:3096} INFO - Sync 1 DAGs
[2025-07-23T08:15:58.857+0000] {logging_mixin.py:188} INFO - [2025-07-23T08:15:58.856+0000] {dag.py:3954} INFO - Setting next_dagrun for example_branch_python_operator_decorator to 2025-07-22 00:00:00+00:00, run_after=2025-07-23 00:00:00+00:00
[2025-07-23T08:15:58.939+0000] {processor.py:183} INFO - Processing /home/airflow/.local/lib/python3.12/site-packages/airflow/example_dags/example_branch_operator_decorator.py took 0.324 seconds
[2025-07-23T08:16:37.034+0000] {processor.py:161} INFO - Started process (PID=366) to work on /home/airflow/.local/lib/python3.12/site-packages/airflow/example_dags/example_branch_operator_decorator.py
[2025-07-23T08:16:37.037+0000] {processor.py:830} INFO - Processing file /home/airflow/.local/lib/python3.12/site-packages/airflow/example_dags/example_branch_operator_decorator.py for tasks to queue
[2025-07-23T08:16:37.054+0000] {logging_mixin.py:188} INFO - [2025-07-23T08:16:37.053+0000] {dagbag.py:545} INFO - Filling up the DagBag from /home/airflow/.local/lib/python3.12/site-packages/airflow/example_dags/example_branch_operator_decorator.py
[2025-07-23T08:16:37.217+0000] {processor.py:840} INFO - DAG(s) 'example_branch_python_operator_decorator' retrieved from /home/airflow/.local/lib/python3.12/site-packages/airflow/example_dags/example_branch_operator_decorator.py
[2025-07-23T08:16:37.549+0000] {logging_mixin.py:188} INFO - [2025-07-23T08:16:37.549+0000] {dag.py:3096} INFO - Sync 1 DAGs
[2025-07-23T08:16:37.872+0000] {logging_mixin.py:188} INFO - [2025-07-23T08:16:37.864+0000] {dag.py:3954} INFO - Setting next_dagrun for example_branch_python_operator_decorator to 2025-07-22 00:00:00+00:00, run_after=2025-07-23 00:00:00+00:00
[2025-07-23T08:16:38.006+0000] {processor.py:183} INFO - Processing /home/airflow/.local/lib/python3.12/site-packages/airflow/example_dags/example_branch_operator_decorator.py took 1.042 seconds
[2025-07-23T08:17:08.248+0000] {processor.py:161} INFO - Started process (PID=425) to work on /home/airflow/.local/lib/python3.12/site-packages/airflow/example_dags/example_branch_operator_decorator.py
[2025-07-23T08:17:08.250+0000] {processor.py:830} INFO - Processing file /home/airflow/.local/lib/python3.12/site-packages/airflow/example_dags/example_branch_operator_decorator.py for tasks to queue
[2025-07-23T08:17:08.254+0000] {logging_mixin.py:188} INFO - [2025-07-23T08:17:08.253+0000] {dagbag.py:545} INFO - Filling up the DagBag from /home/airflow/.local/lib/python3.12/site-packages/airflow/example_dags/example_branch_operator_decorator.py
[2025-07-23T08:17:08.312+0000] {processor.py:840} INFO - DAG(s) 'example_branch_python_operator_decorator' retrieved from /home/airflow/.local/lib/python3.12/site-packages/airflow/example_dags/example_branch_operator_decorator.py
[2025-07-23T08:17:08.384+0000] {logging_mixin.py:188} INFO - [2025-07-23T08:17:08.383+0000] {dag.py:3096} INFO - Sync 1 DAGs
[2025-07-23T08:17:08.440+0000] {logging_mixin.py:188} INFO - [2025-07-23T08:17:08.440+0000] {dag.py:3954} INFO - Setting next_dagrun for example_branch_python_operator_decorator to 2025-07-22 00:00:00+00:00, run_after=2025-07-23 00:00:00+00:00
[2025-07-23T08:17:08.487+0000] {processor.py:183} INFO - Processing /home/airflow/.local/lib/python3.12/site-packages/airflow/example_dags/example_branch_operator_decorator.py took 0.252 seconds
[2025-07-23T08:17:38.707+0000] {processor.py:161} INFO - Started process (PID=482) to work on /home/airflow/.local/lib/python3.12/site-packages/airflow/example_dags/example_branch_operator_decorator.py
[2025-07-23T08:17:38.709+0000] {processor.py:830} INFO - Processing file /home/airflow/.local/lib/python3.12/site-packages/airflow/example_dags/example_branch_operator_decorator.py for tasks to queue
[2025-07-23T08:17:38.716+0000] {logging_mixin.py:188} INFO - [2025-07-23T08:17:38.715+0000] {dagbag.py:545} INFO - Filling up the DagBag from /home/airflow/.local/lib/python3.12/site-packages/airflow/example_dags/example_branch_operator_decorator.py
[2025-07-23T08:17:38.781+0000] {processor.py:840} INFO - DAG(s) 'example_branch_python_operator_decorator' retrieved from /home/airflow/.local/lib/python3.12/site-packages/airflow/example_dags/example_branch_operator_decorator.py
[2025-07-23T08:17:38.910+0000] {logging_mixin.py:188} INFO - [2025-07-23T08:17:38.909+0000] {dag.py:3096} INFO - Sync 1 DAGs
[2025-07-23T08:17:38.966+0000] {logging_mixin.py:188} INFO - [2025-07-23T08:17:38.965+0000] {dag.py:3954} INFO - Setting next_dagrun for example_branch_python_operator_decorator to 2025-07-22 00:00:00+00:00, run_after=2025-07-23 00:00:00+00:00
[2025-07-23T08:17:39.027+0000] {processor.py:183} INFO - Processing /home/airflow/.local/lib/python3.12/site-packages/airflow/example_dags/example_branch_operator_decorator.py took 0.349 seconds
[2025-07-23T08:18:09.423+0000] {processor.py:161} INFO - Started process (PID=540) to work on /home/airflow/.local/lib/python3.12/site-packages/airflow/example_dags/example_branch_operator_decorator.py
[2025-07-23T08:18:09.426+0000] {processor.py:830} INFO - Processing file /home/airflow/.local/lib/python3.12/site-packages/airflow/example_dags/example_branch_operator_decorator.py for tasks to queue
[2025-07-23T08:18:09.429+0000] {logging_mixin.py:188} INFO - [2025-07-23T08:18:09.428+0000] {dagbag.py:545} INFO - Filling up the DagBag from /home/airflow/.local/lib/python3.12/site-packages/airflow/example_dags/example_branch_operator_decorator.py
[2025-07-23T08:18:09.623+0000] {processor.py:840} INFO - DAG(s) 'example_branch_python_operator_decorator' retrieved from /home/airflow/.local/lib/python3.12/site-packages/airflow/example_dags/example_branch_operator_decorator.py
[2025-07-23T08:18:09.795+0000] {logging_mixin.py:188} INFO - [2025-07-23T08:18:09.794+0000] {dag.py:3096} INFO - Sync 1 DAGs
[2025-07-23T08:18:09.887+0000] {logging_mixin.py:188} INFO - [2025-07-23T08:18:09.886+0000] {dag.py:3954} INFO - Setting next_dagrun for example_branch_python_operator_decorator to 2025-07-22 00:00:00+00:00, run_after=2025-07-23 00:00:00+00:00
[2025-07-23T08:18:09.939+0000] {processor.py:183} INFO - Processing /home/airflow/.local/lib/python3.12/site-packages/airflow/example_dags/example_branch_operator_decorator.py took 0.576 seconds
[2025-07-23T08:18:40.260+0000] {processor.py:161} INFO - Started process (PID=598) to work on /home/airflow/.local/lib/python3.12/site-packages/airflow/example_dags/example_branch_operator_decorator.py
[2025-07-23T08:18:40.263+0000] {processor.py:830} INFO - Processing file /home/airflow/.local/lib/python3.12/site-packages/airflow/example_dags/example_branch_operator_decorator.py for tasks to queue
[2025-07-23T08:18:40.268+0000] {logging_mixin.py:188} INFO - [2025-07-23T08:18:40.267+0000] {dagbag.py:545} INFO - Filling up the DagBag from /home/airflow/.local/lib/python3.12/site-packages/airflow/example_dags/example_branch_operator_decorator.py
[2025-07-23T08:18:40.312+0000] {processor.py:840} INFO - DAG(s) 'example_branch_python_operator_decorator' retrieved from /home/airflow/.local/lib/python3.12/site-packages/airflow/example_dags/example_branch_operator_decorator.py
[2025-07-23T08:18:40.402+0000] {logging_mixin.py:188} INFO - [2025-07-23T08:18:40.400+0000] {dag.py:3096} INFO - Sync 1 DAGs
[2025-07-23T08:18:40.501+0000] {logging_mixin.py:188} INFO - [2025-07-23T08:18:40.501+0000] {dag.py:3954} INFO - Setting next_dagrun for example_branch_python_operator_decorator to 2025-07-22 00:00:00+00:00, run_after=2025-07-23 00:00:00+00:00
[2025-07-23T08:18:40.555+0000] {processor.py:183} INFO - Processing /home/airflow/.local/lib/python3.12/site-packages/airflow/example_dags/example_branch_operator_decorator.py took 0.316 seconds
[2025-07-23T08:19:11.034+0000] {processor.py:161} INFO - Started process (PID=655) to work on /home/airflow/.local/lib/python3.12/site-packages/airflow/example_dags/example_branch_operator_decorator.py
[2025-07-23T08:19:11.044+0000] {processor.py:830} INFO - Processing file /home/airflow/.local/lib/python3.12/site-packages/airflow/example_dags/example_branch_operator_decorator.py for tasks to queue
[2025-07-23T08:19:11.082+0000] {logging_mixin.py:188} INFO - [2025-07-23T08:19:11.077+0000] {dagbag.py:545} INFO - Filling up the DagBag from /home/airflow/.local/lib/python3.12/site-packages/airflow/example_dags/example_branch_operator_decorator.py
[2025-07-23T08:19:11.310+0000] {processor.py:840} INFO - DAG(s) 'example_branch_python_operator_decorator' retrieved from /home/airflow/.local/lib/python3.12/site-packages/airflow/example_dags/example_branch_operator_decorator.py
[2025-07-23T08:19:11.699+0000] {logging_mixin.py:188} INFO - [2025-07-23T08:19:11.699+0000] {dag.py:3096} INFO - Sync 1 DAGs
[2025-07-23T08:19:11.948+0000] {logging_mixin.py:188} INFO - [2025-07-23T08:19:11.948+0000] {dag.py:3954} INFO - Setting next_dagrun for example_branch_python_operator_decorator to 2025-07-22 00:00:00+00:00, run_after=2025-07-23 00:00:00+00:00
[2025-07-23T08:19:12.066+0000] {processor.py:183} INFO - Processing /home/airflow/.local/lib/python3.12/site-packages/airflow/example_dags/example_branch_operator_decorator.py took 1.051 seconds
[2025-07-23T08:19:42.932+0000] {processor.py:161} INFO - Started process (PID=713) to work on /home/airflow/.local/lib/python3.12/site-packages/airflow/example_dags/example_branch_operator_decorator.py
[2025-07-23T08:19:42.933+0000] {processor.py:830} INFO - Processing file /home/airflow/.local/lib/python3.12/site-packages/airflow/example_dags/example_branch_operator_decorator.py for tasks to queue
[2025-07-23T08:19:42.958+0000] {logging_mixin.py:188} INFO - [2025-07-23T08:19:42.957+0000] {dagbag.py:545} INFO - Filling up the DagBag from /home/airflow/.local/lib/python3.12/site-packages/airflow/example_dags/example_branch_operator_decorator.py
[2025-07-23T08:19:43.209+0000] {processor.py:840} INFO - DAG(s) 'example_branch_python_operator_decorator' retrieved from /home/airflow/.local/lib/python3.12/site-packages/airflow/example_dags/example_branch_operator_decorator.py
[2025-07-23T08:19:43.750+0000] {logging_mixin.py:188} INFO - [2025-07-23T08:19:43.749+0000] {dag.py:3096} INFO - Sync 1 DAGs
[2025-07-23T08:19:44.254+0000] {logging_mixin.py:188} INFO - [2025-07-23T08:19:44.253+0000] {dag.py:3954} INFO - Setting next_dagrun for example_branch_python_operator_decorator to 2025-07-22 00:00:00+00:00, run_after=2025-07-23 00:00:00+00:00
[2025-07-23T08:19:44.440+0000] {processor.py:183} INFO - Processing /home/airflow/.local/lib/python3.12/site-packages/airflow/example_dags/example_branch_operator_decorator.py took 1.570 seconds
[2025-07-23T08:20:14.969+0000] {processor.py:161} INFO - Started process (PID=769) to work on /home/airflow/.local/lib/python3.12/site-packages/airflow/example_dags/example_branch_operator_decorator.py
[2025-07-23T08:20:14.973+0000] {processor.py:830} INFO - Processing file /home/airflow/.local/lib/python3.12/site-packages/airflow/example_dags/example_branch_operator_decorator.py for tasks to queue
[2025-07-23T08:20:14.978+0000] {logging_mixin.py:188} INFO - [2025-07-23T08:20:14.977+0000] {dagbag.py:545} INFO - Filling up the DagBag from /home/airflow/.local/lib/python3.12/site-packages/airflow/example_dags/example_branch_operator_decorator.py
[2025-07-23T08:20:15.098+0000] {processor.py:840} INFO - DAG(s) 'example_branch_python_operator_decorator' retrieved from /home/airflow/.local/lib/python3.12/site-packages/airflow/example_dags/example_branch_operator_decorator.py
[2025-07-23T08:20:15.164+0000] {logging_mixin.py:188} INFO - [2025-07-23T08:20:15.163+0000] {dag.py:3096} INFO - Sync 1 DAGs
[2025-07-23T08:20:15.264+0000] {logging_mixin.py:188} INFO - [2025-07-23T08:20:15.263+0000] {dag.py:3954} INFO - Setting next_dagrun for example_branch_python_operator_decorator to 2025-07-22 00:00:00+00:00, run_after=2025-07-23 00:00:00+00:00
[2025-07-23T08:20:15.411+0000] {processor.py:183} INFO - Processing /home/airflow/.local/lib/python3.12/site-packages/airflow/example_dags/example_branch_operator_decorator.py took 0.466 seconds
[2025-07-23T08:20:53.876+0000] {processor.py:161} INFO - Started process (PID=827) to work on /home/airflow/.local/lib/python3.12/site-packages/airflow/example_dags/example_branch_operator_decorator.py
[2025-07-23T08:20:53.901+0000] {processor.py:830} INFO - Processing file /home/airflow/.local/lib/python3.12/site-packages/airflow/example_dags/example_branch_operator_decorator.py for tasks to queue
[2025-07-23T08:20:53.905+0000] {logging_mixin.py:188} INFO - [2025-07-23T08:20:53.905+0000] {dagbag.py:545} INFO - Filling up the DagBag from /home/airflow/.local/lib/python3.12/site-packages/airflow/example_dags/example_branch_operator_decorator.py
[2025-07-23T08:20:54.138+0000] {processor.py:840} INFO - DAG(s) 'example_branch_python_operator_decorator' retrieved from /home/airflow/.local/lib/python3.12/site-packages/airflow/example_dags/example_branch_operator_decorator.py
[2025-07-23T08:20:54.201+0000] {logging_mixin.py:188} INFO - [2025-07-23T08:20:54.200+0000] {dag.py:3096} INFO - Sync 1 DAGs
[2025-07-23T08:20:54.357+0000] {logging_mixin.py:188} INFO - [2025-07-23T08:20:54.356+0000] {dag.py:3954} INFO - Setting next_dagrun for example_branch_python_operator_decorator to 2025-07-22 00:00:00+00:00, run_after=2025-07-23 00:00:00+00:00
[2025-07-23T08:20:54.503+0000] {processor.py:183} INFO - Processing /home/airflow/.local/lib/python3.12/site-packages/airflow/example_dags/example_branch_operator_decorator.py took 0.655 seconds
[2025-07-23T08:21:26.541+0000] {processor.py:161} INFO - Started process (PID=892) to work on /home/airflow/.local/lib/python3.12/site-packages/airflow/example_dags/example_branch_operator_decorator.py
[2025-07-23T08:21:26.544+0000] {processor.py:830} INFO - Processing file /home/airflow/.local/lib/python3.12/site-packages/airflow/example_dags/example_branch_operator_decorator.py for tasks to queue
[2025-07-23T08:21:26.561+0000] {logging_mixin.py:188} INFO - [2025-07-23T08:21:26.560+0000] {dagbag.py:545} INFO - Filling up the DagBag from /home/airflow/.local/lib/python3.12/site-packages/airflow/example_dags/example_branch_operator_decorator.py
[2025-07-23T08:21:26.780+0000] {processor.py:840} INFO - DAG(s) 'example_branch_python_operator_decorator' retrieved from /home/airflow/.local/lib/python3.12/site-packages/airflow/example_dags/example_branch_operator_decorator.py
[2025-07-23T08:21:28.073+0000] {logging_mixin.py:188} INFO - [2025-07-23T08:21:28.072+0000] {dag.py:3096} INFO - Sync 1 DAGs
[2025-07-23T08:21:28.233+0000] {logging_mixin.py:188} INFO - [2025-07-23T08:21:28.206+0000] {dag.py:3954} INFO - Setting next_dagrun for example_branch_python_operator_decorator to 2025-07-22 00:00:00+00:00, run_after=2025-07-23 00:00:00+00:00
[2025-07-23T08:21:28.579+0000] {processor.py:183} INFO - Processing /home/airflow/.local/lib/python3.12/site-packages/airflow/example_dags/example_branch_operator_decorator.py took 2.103 seconds
[2025-07-23T08:21:58.981+0000] {processor.py:161} INFO - Started process (PID=951) to work on /home/airflow/.local/lib/python3.12/site-packages/airflow/example_dags/example_branch_operator_decorator.py
[2025-07-23T08:21:58.983+0000] {processor.py:830} INFO - Processing file /home/airflow/.local/lib/python3.12/site-packages/airflow/example_dags/example_branch_operator_decorator.py for tasks to queue
[2025-07-23T08:21:58.996+0000] {logging_mixin.py:188} INFO - [2025-07-23T08:21:58.995+0000] {dagbag.py:545} INFO - Filling up the DagBag from /home/airflow/.local/lib/python3.12/site-packages/airflow/example_dags/example_branch_operator_decorator.py
[2025-07-23T08:21:59.136+0000] {processor.py:840} INFO - DAG(s) 'example_branch_python_operator_decorator' retrieved from /home/airflow/.local/lib/python3.12/site-packages/airflow/example_dags/example_branch_operator_decorator.py
[2025-07-23T08:21:59.292+0000] {logging_mixin.py:188} INFO - [2025-07-23T08:21:59.291+0000] {dag.py:3096} INFO - Sync 1 DAGs
[2025-07-23T08:21:59.388+0000] {logging_mixin.py:188} INFO - [2025-07-23T08:21:59.388+0000] {dag.py:3954} INFO - Setting next_dagrun for example_branch_python_operator_decorator to 2025-07-22 00:00:00+00:00, run_after=2025-07-23 00:00:00+00:00
[2025-07-23T08:21:59.501+0000] {processor.py:183} INFO - Processing /home/airflow/.local/lib/python3.12/site-packages/airflow/example_dags/example_branch_operator_decorator.py took 0.541 seconds
[2025-07-23T08:22:30.035+0000] {processor.py:161} INFO - Started process (PID=1009) to work on /home/airflow/.local/lib/python3.12/site-packages/airflow/example_dags/example_branch_operator_decorator.py
[2025-07-23T08:22:30.036+0000] {processor.py:830} INFO - Processing file /home/airflow/.local/lib/python3.12/site-packages/airflow/example_dags/example_branch_operator_decorator.py for tasks to queue
[2025-07-23T08:22:30.049+0000] {logging_mixin.py:188} INFO - [2025-07-23T08:22:30.048+0000] {dagbag.py:545} INFO - Filling up the DagBag from /home/airflow/.local/lib/python3.12/site-packages/airflow/example_dags/example_branch_operator_decorator.py
[2025-07-23T08:22:30.101+0000] {processor.py:840} INFO - DAG(s) 'example_branch_python_operator_decorator' retrieved from /home/airflow/.local/lib/python3.12/site-packages/airflow/example_dags/example_branch_operator_decorator.py
[2025-07-23T08:22:30.228+0000] {logging_mixin.py:188} INFO - [2025-07-23T08:22:30.227+0000] {dag.py:3096} INFO - Sync 1 DAGs
[2025-07-23T08:22:30.372+0000] {logging_mixin.py:188} INFO - [2025-07-23T08:22:30.371+0000] {dag.py:3954} INFO - Setting next_dagrun for example_branch_python_operator_decorator to 2025-07-22 00:00:00+00:00, run_after=2025-07-23 00:00:00+00:00
[2025-07-23T08:22:30.493+0000] {processor.py:183} INFO - Processing /home/airflow/.local/lib/python3.12/site-packages/airflow/example_dags/example_branch_operator_decorator.py took 0.486 seconds
[2025-07-23T08:23:03.546+0000] {processor.py:161} INFO - Started process (PID=1065) to work on /home/airflow/.local/lib/python3.12/site-packages/airflow/example_dags/example_branch_operator_decorator.py
[2025-07-23T08:23:03.547+0000] {processor.py:830} INFO - Processing file /home/airflow/.local/lib/python3.12/site-packages/airflow/example_dags/example_branch_operator_decorator.py for tasks to queue
[2025-07-23T08:23:03.578+0000] {logging_mixin.py:188} INFO - [2025-07-23T08:23:03.577+0000] {dagbag.py:545} INFO - Filling up the DagBag from /home/airflow/.local/lib/python3.12/site-packages/airflow/example_dags/example_branch_operator_decorator.py
[2025-07-23T08:23:03.898+0000] {processor.py:840} INFO - DAG(s) 'example_branch_python_operator_decorator' retrieved from /home/airflow/.local/lib/python3.12/site-packages/airflow/example_dags/example_branch_operator_decorator.py
[2025-07-23T08:23:04.263+0000] {logging_mixin.py:188} INFO - [2025-07-23T08:23:04.263+0000] {dag.py:3096} INFO - Sync 1 DAGs
[2025-07-23T08:23:04.463+0000] {logging_mixin.py:188} INFO - [2025-07-23T08:23:04.463+0000] {dag.py:3954} INFO - Setting next_dagrun for example_branch_python_operator_decorator to 2025-07-22 00:00:00+00:00, run_after=2025-07-23 00:00:00+00:00
[2025-07-23T08:23:04.717+0000] {processor.py:183} INFO - Processing /home/airflow/.local/lib/python3.12/site-packages/airflow/example_dags/example_branch_operator_decorator.py took 1.147 seconds
[2025-07-23T08:23:46.513+0000] {processor.py:161} INFO - Started process (PID=1116) to work on /home/airflow/.local/lib/python3.12/site-packages/airflow/example_dags/example_branch_operator_decorator.py
[2025-07-23T08:23:46.525+0000] {processor.py:830} INFO - Processing file /home/airflow/.local/lib/python3.12/site-packages/airflow/example_dags/example_branch_operator_decorator.py for tasks to queue
[2025-07-23T08:23:46.530+0000] {logging_mixin.py:188} INFO - [2025-07-23T08:23:46.529+0000] {dagbag.py:545} INFO - Filling up the DagBag from /home/airflow/.local/lib/python3.12/site-packages/airflow/example_dags/example_branch_operator_decorator.py
[2025-07-23T08:23:46.613+0000] {processor.py:840} INFO - DAG(s) 'example_branch_python_operator_decorator' retrieved from /home/airflow/.local/lib/python3.12/site-packages/airflow/example_dags/example_branch_operator_decorator.py
[2025-07-23T08:23:46.744+0000] {logging_mixin.py:188} INFO - [2025-07-23T08:23:46.742+0000] {dag.py:3096} INFO - Sync 1 DAGs
[2025-07-23T08:23:46.838+0000] {logging_mixin.py:188} INFO - [2025-07-23T08:23:46.837+0000] {dag.py:3954} INFO - Setting next_dagrun for example_branch_python_operator_decorator to 2025-07-22 00:00:00+00:00, run_after=2025-07-23 00:00:00+00:00
[2025-07-23T08:23:47.230+0000] {processor.py:183} INFO - Processing /home/airflow/.local/lib/python3.12/site-packages/airflow/example_dags/example_branch_operator_decorator.py took 0.733 seconds
[2025-07-23T08:24:19.194+0000] {processor.py:161} INFO - Started process (PID=1174) to work on /home/airflow/.local/lib/python3.12/site-packages/airflow/example_dags/example_branch_operator_decorator.py
[2025-07-23T08:24:19.199+0000] {processor.py:830} INFO - Processing file /home/airflow/.local/lib/python3.12/site-packages/airflow/example_dags/example_branch_operator_decorator.py for tasks to queue
[2025-07-23T08:24:19.204+0000] {logging_mixin.py:188} INFO - [2025-07-23T08:24:19.204+0000] {dagbag.py:545} INFO - Filling up the DagBag from /home/airflow/.local/lib/python3.12/site-packages/airflow/example_dags/example_branch_operator_decorator.py
[2025-07-23T08:24:19.276+0000] {processor.py:840} INFO - DAG(s) 'example_branch_python_operator_decorator' retrieved from /home/airflow/.local/lib/python3.12/site-packages/airflow/example_dags/example_branch_operator_decorator.py
[2025-07-23T08:24:19.416+0000] {logging_mixin.py:188} INFO - [2025-07-23T08:24:19.415+0000] {dag.py:3096} INFO - Sync 1 DAGs
[2025-07-23T08:24:19.498+0000] {logging_mixin.py:188} INFO - [2025-07-23T08:24:19.498+0000] {dag.py:3954} INFO - Setting next_dagrun for example_branch_python_operator_decorator to 2025-07-22 00:00:00+00:00, run_after=2025-07-23 00:00:00+00:00
[2025-07-23T08:24:19.568+0000] {processor.py:183} INFO - Processing /home/airflow/.local/lib/python3.12/site-packages/airflow/example_dags/example_branch_operator_decorator.py took 0.400 seconds
[2025-07-23T08:24:49.793+0000] {processor.py:161} INFO - Started process (PID=1231) to work on /home/airflow/.local/lib/python3.12/site-packages/airflow/example_dags/example_branch_operator_decorator.py
[2025-07-23T08:24:49.808+0000] {processor.py:830} INFO - Processing file /home/airflow/.local/lib/python3.12/site-packages/airflow/example_dags/example_branch_operator_decorator.py for tasks to queue
[2025-07-23T08:24:49.832+0000] {logging_mixin.py:188} INFO - [2025-07-23T08:24:49.832+0000] {dagbag.py:545} INFO - Filling up the DagBag from /home/airflow/.local/lib/python3.12/site-packages/airflow/example_dags/example_branch_operator_decorator.py
[2025-07-23T08:24:50.004+0000] {processor.py:840} INFO - DAG(s) 'example_branch_python_operator_decorator' retrieved from /home/airflow/.local/lib/python3.12/site-packages/airflow/example_dags/example_branch_operator_decorator.py
[2025-07-23T08:24:50.076+0000] {logging_mixin.py:188} INFO - [2025-07-23T08:24:50.076+0000] {dag.py:3096} INFO - Sync 1 DAGs
[2025-07-23T08:24:50.139+0000] {logging_mixin.py:188} INFO - [2025-07-23T08:24:50.138+0000] {dag.py:3954} INFO - Setting next_dagrun for example_branch_python_operator_decorator to 2025-07-22 00:00:00+00:00, run_after=2025-07-23 00:00:00+00:00
[2025-07-23T08:24:50.189+0000] {processor.py:183} INFO - Processing /home/airflow/.local/lib/python3.12/site-packages/airflow/example_dags/example_branch_operator_decorator.py took 0.422 seconds
[2025-07-23T08:25:21.593+0000] {processor.py:161} INFO - Started process (PID=1289) to work on /home/airflow/.local/lib/python3.12/site-packages/airflow/example_dags/example_branch_operator_decorator.py
[2025-07-23T08:25:21.602+0000] {processor.py:830} INFO - Processing file /home/airflow/.local/lib/python3.12/site-packages/airflow/example_dags/example_branch_operator_decorator.py for tasks to queue
[2025-07-23T08:25:21.682+0000] {logging_mixin.py:188} INFO - [2025-07-23T08:25:21.621+0000] {dagbag.py:545} INFO - Filling up the DagBag from /home/airflow/.local/lib/python3.12/site-packages/airflow/example_dags/example_branch_operator_decorator.py
[2025-07-23T08:25:21.946+0000] {processor.py:840} INFO - DAG(s) 'example_branch_python_operator_decorator' retrieved from /home/airflow/.local/lib/python3.12/site-packages/airflow/example_dags/example_branch_operator_decorator.py
[2025-07-23T08:25:22.279+0000] {logging_mixin.py:188} INFO - [2025-07-23T08:25:22.279+0000] {dag.py:3096} INFO - Sync 1 DAGs
[2025-07-23T08:25:22.494+0000] {logging_mixin.py:188} INFO - [2025-07-23T08:25:22.493+0000] {dag.py:3954} INFO - Setting next_dagrun for example_branch_python_operator_decorator to 2025-07-22 00:00:00+00:00, run_after=2025-07-23 00:00:00+00:00
[2025-07-23T08:25:22.767+0000] {processor.py:183} INFO - Processing /home/airflow/.local/lib/python3.12/site-packages/airflow/example_dags/example_branch_operator_decorator.py took 1.246 seconds
[2025-07-23T08:25:53.454+0000] {processor.py:161} INFO - Started process (PID=1347) to work on /home/airflow/.local/lib/python3.12/site-packages/airflow/example_dags/example_branch_operator_decorator.py
[2025-07-23T08:25:53.463+0000] {processor.py:830} INFO - Processing file /home/airflow/.local/lib/python3.12/site-packages/airflow/example_dags/example_branch_operator_decorator.py for tasks to queue
[2025-07-23T08:25:53.470+0000] {logging_mixin.py:188} INFO - [2025-07-23T08:25:53.469+0000] {dagbag.py:545} INFO - Filling up the DagBag from /home/airflow/.local/lib/python3.12/site-packages/airflow/example_dags/example_branch_operator_decorator.py
[2025-07-23T08:25:53.608+0000] {processor.py:840} INFO - DAG(s) 'example_branch_python_operator_decorator' retrieved from /home/airflow/.local/lib/python3.12/site-packages/airflow/example_dags/example_branch_operator_decorator.py
[2025-07-23T08:25:53.914+0000] {logging_mixin.py:188} INFO - [2025-07-23T08:25:53.914+0000] {dag.py:3096} INFO - Sync 1 DAGs
[2025-07-23T08:25:54.102+0000] {logging_mixin.py:188} INFO - [2025-07-23T08:25:54.101+0000] {dag.py:3954} INFO - Setting next_dagrun for example_branch_python_operator_decorator to 2025-07-22 00:00:00+00:00, run_after=2025-07-23 00:00:00+00:00
[2025-07-23T08:25:54.236+0000] {processor.py:183} INFO - Processing /home/airflow/.local/lib/python3.12/site-packages/airflow/example_dags/example_branch_operator_decorator.py took 0.827 seconds
[2025-07-23T08:26:24.948+0000] {processor.py:161} INFO - Started process (PID=1404) to work on /home/airflow/.local/lib/python3.12/site-packages/airflow/example_dags/example_branch_operator_decorator.py
[2025-07-23T08:26:24.954+0000] {processor.py:830} INFO - Processing file /home/airflow/.local/lib/python3.12/site-packages/airflow/example_dags/example_branch_operator_decorator.py for tasks to queue
[2025-07-23T08:26:24.971+0000] {logging_mixin.py:188} INFO - [2025-07-23T08:26:24.970+0000] {dagbag.py:545} INFO - Filling up the DagBag from /home/airflow/.local/lib/python3.12/site-packages/airflow/example_dags/example_branch_operator_decorator.py
[2025-07-23T08:26:25.139+0000] {processor.py:840} INFO - DAG(s) 'example_branch_python_operator_decorator' retrieved from /home/airflow/.local/lib/python3.12/site-packages/airflow/example_dags/example_branch_operator_decorator.py
[2025-07-23T08:26:25.395+0000] {logging_mixin.py:188} INFO - [2025-07-23T08:26:25.395+0000] {dag.py:3096} INFO - Sync 1 DAGs
[2025-07-23T08:26:25.531+0000] {logging_mixin.py:188} INFO - [2025-07-23T08:26:25.530+0000] {dag.py:3954} INFO - Setting next_dagrun for example_branch_python_operator_decorator to 2025-07-22 00:00:00+00:00, run_after=2025-07-23 00:00:00+00:00
[2025-07-23T08:26:25.627+0000] {processor.py:183} INFO - Processing /home/airflow/.local/lib/python3.12/site-packages/airflow/example_dags/example_branch_operator_decorator.py took 0.730 seconds
[2025-07-23T08:26:56.270+0000] {processor.py:161} INFO - Started process (PID=1462) to work on /home/airflow/.local/lib/python3.12/site-packages/airflow/example_dags/example_branch_operator_decorator.py
[2025-07-23T08:26:56.272+0000] {processor.py:830} INFO - Processing file /home/airflow/.local/lib/python3.12/site-packages/airflow/example_dags/example_branch_operator_decorator.py for tasks to queue
[2025-07-23T08:26:56.276+0000] {logging_mixin.py:188} INFO - [2025-07-23T08:26:56.275+0000] {dagbag.py:545} INFO - Filling up the DagBag from /home/airflow/.local/lib/python3.12/site-packages/airflow/example_dags/example_branch_operator_decorator.py
[2025-07-23T08:26:56.329+0000] {processor.py:840} INFO - DAG(s) 'example_branch_python_operator_decorator' retrieved from /home/airflow/.local/lib/python3.12/site-packages/airflow/example_dags/example_branch_operator_decorator.py
[2025-07-23T08:26:56.398+0000] {logging_mixin.py:188} INFO - [2025-07-23T08:26:56.398+0000] {dag.py:3096} INFO - Sync 1 DAGs
[2025-07-23T08:26:56.459+0000] {logging_mixin.py:188} INFO - [2025-07-23T08:26:56.458+0000] {dag.py:3954} INFO - Setting next_dagrun for example_branch_python_operator_decorator to 2025-07-22 00:00:00+00:00, run_after=2025-07-23 00:00:00+00:00
[2025-07-23T08:26:56.510+0000] {processor.py:183} INFO - Processing /home/airflow/.local/lib/python3.12/site-packages/airflow/example_dags/example_branch_operator_decorator.py took 0.254 seconds
[2025-07-23T08:27:36.908+0000] {processor.py:161} INFO - Started process (PID=1526) to work on /home/airflow/.local/lib/python3.12/site-packages/airflow/example_dags/example_branch_operator_decorator.py
[2025-07-23T08:27:36.923+0000] {processor.py:830} INFO - Processing file /home/airflow/.local/lib/python3.12/site-packages/airflow/example_dags/example_branch_operator_decorator.py for tasks to queue
[2025-07-23T08:27:36.934+0000] {logging_mixin.py:188} INFO - [2025-07-23T08:27:36.933+0000] {dagbag.py:545} INFO - Filling up the DagBag from /home/airflow/.local/lib/python3.12/site-packages/airflow/example_dags/example_branch_operator_decorator.py
[2025-07-23T08:27:37.123+0000] {processor.py:840} INFO - DAG(s) 'example_branch_python_operator_decorator' retrieved from /home/airflow/.local/lib/python3.12/site-packages/airflow/example_dags/example_branch_operator_decorator.py
[2025-07-23T08:27:37.356+0000] {logging_mixin.py:188} INFO - [2025-07-23T08:27:37.355+0000] {dag.py:3096} INFO - Sync 1 DAGs
[2025-07-23T08:27:37.469+0000] {logging_mixin.py:188} INFO - [2025-07-23T08:27:37.463+0000] {dag.py:3954} INFO - Setting next_dagrun for example_branch_python_operator_decorator to 2025-07-22 00:00:00+00:00, run_after=2025-07-23 00:00:00+00:00
[2025-07-23T08:27:37.667+0000] {processor.py:183} INFO - Processing /home/airflow/.local/lib/python3.12/site-packages/airflow/example_dags/example_branch_operator_decorator.py took 0.817 seconds
[2025-07-23T08:28:08.595+0000] {processor.py:161} INFO - Started process (PID=1584) to work on /home/airflow/.local/lib/python3.12/site-packages/airflow/example_dags/example_branch_operator_decorator.py
[2025-07-23T08:28:08.602+0000] {processor.py:830} INFO - Processing file /home/airflow/.local/lib/python3.12/site-packages/airflow/example_dags/example_branch_operator_decorator.py for tasks to queue
[2025-07-23T08:28:08.606+0000] {logging_mixin.py:188} INFO - [2025-07-23T08:28:08.605+0000] {dagbag.py:545} INFO - Filling up the DagBag from /home/airflow/.local/lib/python3.12/site-packages/airflow/example_dags/example_branch_operator_decorator.py
[2025-07-23T08:28:08.683+0000] {processor.py:840} INFO - DAG(s) 'example_branch_python_operator_decorator' retrieved from /home/airflow/.local/lib/python3.12/site-packages/airflow/example_dags/example_branch_operator_decorator.py
[2025-07-23T08:28:08.760+0000] {logging_mixin.py:188} INFO - [2025-07-23T08:28:08.760+0000] {dag.py:3096} INFO - Sync 1 DAGs
[2025-07-23T08:28:08.881+0000] {logging_mixin.py:188} INFO - [2025-07-23T08:28:08.881+0000] {dag.py:3954} INFO - Setting next_dagrun for example_branch_python_operator_decorator to 2025-07-22 00:00:00+00:00, run_after=2025-07-23 00:00:00+00:00
[2025-07-23T08:28:09.043+0000] {processor.py:183} INFO - Processing /home/airflow/.local/lib/python3.12/site-packages/airflow/example_dags/example_branch_operator_decorator.py took 0.487 seconds
[2025-07-23T08:28:40.913+0000] {processor.py:161} INFO - Started process (PID=1643) to work on /home/airflow/.local/lib/python3.12/site-packages/airflow/example_dags/example_branch_operator_decorator.py
[2025-07-23T08:28:40.928+0000] {processor.py:830} INFO - Processing file /home/airflow/.local/lib/python3.12/site-packages/airflow/example_dags/example_branch_operator_decorator.py for tasks to queue
[2025-07-23T08:28:40.945+0000] {logging_mixin.py:188} INFO - [2025-07-23T08:28:40.944+0000] {dagbag.py:545} INFO - Filling up the DagBag from /home/airflow/.local/lib/python3.12/site-packages/airflow/example_dags/example_branch_operator_decorator.py
[2025-07-23T08:28:41.142+0000] {processor.py:840} INFO - DAG(s) 'example_branch_python_operator_decorator' retrieved from /home/airflow/.local/lib/python3.12/site-packages/airflow/example_dags/example_branch_operator_decorator.py
[2025-07-23T08:28:41.261+0000] {logging_mixin.py:188} INFO - [2025-07-23T08:28:41.260+0000] {dag.py:3096} INFO - Sync 1 DAGs
[2025-07-23T08:28:41.616+0000] {logging_mixin.py:188} INFO - [2025-07-23T08:28:41.615+0000] {dag.py:3954} INFO - Setting next_dagrun for example_branch_python_operator_decorator to 2025-07-22 00:00:00+00:00, run_after=2025-07-23 00:00:00+00:00
[2025-07-23T08:28:41.758+0000] {processor.py:183} INFO - Processing /home/airflow/.local/lib/python3.12/site-packages/airflow/example_dags/example_branch_operator_decorator.py took 0.890 seconds
[2025-07-23T08:29:12.125+0000] {processor.py:161} INFO - Started process (PID=1700) to work on /home/airflow/.local/lib/python3.12/site-packages/airflow/example_dags/example_branch_operator_decorator.py
[2025-07-23T08:29:12.134+0000] {processor.py:830} INFO - Processing file /home/airflow/.local/lib/python3.12/site-packages/airflow/example_dags/example_branch_operator_decorator.py for tasks to queue
[2025-07-23T08:29:12.177+0000] {logging_mixin.py:188} INFO - [2025-07-23T08:29:12.175+0000] {dagbag.py:545} INFO - Filling up the DagBag from /home/airflow/.local/lib/python3.12/site-packages/airflow/example_dags/example_branch_operator_decorator.py
[2025-07-23T08:29:12.359+0000] {processor.py:840} INFO - DAG(s) 'example_branch_python_operator_decorator' retrieved from /home/airflow/.local/lib/python3.12/site-packages/airflow/example_dags/example_branch_operator_decorator.py
[2025-07-23T08:29:12.474+0000] {logging_mixin.py:188} INFO - [2025-07-23T08:29:12.473+0000] {dag.py:3096} INFO - Sync 1 DAGs
[2025-07-23T08:29:12.588+0000] {logging_mixin.py:188} INFO - [2025-07-23T08:29:12.587+0000] {dag.py:3954} INFO - Setting next_dagrun for example_branch_python_operator_decorator to 2025-07-22 00:00:00+00:00, run_after=2025-07-23 00:00:00+00:00
[2025-07-23T08:29:12.979+0000] {processor.py:183} INFO - Processing /home/airflow/.local/lib/python3.12/site-packages/airflow/example_dags/example_branch_operator_decorator.py took 0.948 seconds
[2025-07-23T08:29:43.245+0000] {processor.py:161} INFO - Started process (PID=1758) to work on /home/airflow/.local/lib/python3.12/site-packages/airflow/example_dags/example_branch_operator_decorator.py
[2025-07-23T08:29:43.247+0000] {processor.py:830} INFO - Processing file /home/airflow/.local/lib/python3.12/site-packages/airflow/example_dags/example_branch_operator_decorator.py for tasks to queue
[2025-07-23T08:29:43.261+0000] {logging_mixin.py:188} INFO - [2025-07-23T08:29:43.260+0000] {dagbag.py:545} INFO - Filling up the DagBag from /home/airflow/.local/lib/python3.12/site-packages/airflow/example_dags/example_branch_operator_decorator.py
[2025-07-23T08:29:43.329+0000] {processor.py:840} INFO - DAG(s) 'example_branch_python_operator_decorator' retrieved from /home/airflow/.local/lib/python3.12/site-packages/airflow/example_dags/example_branch_operator_decorator.py
[2025-07-23T08:29:43.459+0000] {logging_mixin.py:188} INFO - [2025-07-23T08:29:43.459+0000] {dag.py:3096} INFO - Sync 1 DAGs
[2025-07-23T08:29:43.565+0000] {logging_mixin.py:188} INFO - [2025-07-23T08:29:43.564+0000] {dag.py:3954} INFO - Setting next_dagrun for example_branch_python_operator_decorator to 2025-07-22 00:00:00+00:00, run_after=2025-07-23 00:00:00+00:00
[2025-07-23T08:29:43.633+0000] {processor.py:183} INFO - Processing /home/airflow/.local/lib/python3.12/site-packages/airflow/example_dags/example_branch_operator_decorator.py took 0.410 seconds
[2025-07-23T08:30:13.804+0000] {processor.py:161} INFO - Started process (PID=1816) to work on /home/airflow/.local/lib/python3.12/site-packages/airflow/example_dags/example_branch_operator_decorator.py
[2025-07-23T08:30:13.807+0000] {processor.py:830} INFO - Processing file /home/airflow/.local/lib/python3.12/site-packages/airflow/example_dags/example_branch_operator_decorator.py for tasks to queue
[2025-07-23T08:30:13.813+0000] {logging_mixin.py:188} INFO - [2025-07-23T08:30:13.812+0000] {dagbag.py:545} INFO - Filling up the DagBag from /home/airflow/.local/lib/python3.12/site-packages/airflow/example_dags/example_branch_operator_decorator.py
[2025-07-23T08:30:13.869+0000] {processor.py:840} INFO - DAG(s) 'example_branch_python_operator_decorator' retrieved from /home/airflow/.local/lib/python3.12/site-packages/airflow/example_dags/example_branch_operator_decorator.py
[2025-07-23T08:30:13.960+0000] {logging_mixin.py:188} INFO - [2025-07-23T08:30:13.959+0000] {dag.py:3096} INFO - Sync 1 DAGs
[2025-07-23T08:30:14.059+0000] {logging_mixin.py:188} INFO - [2025-07-23T08:30:14.058+0000] {dag.py:3954} INFO - Setting next_dagrun for example_branch_python_operator_decorator to 2025-07-22 00:00:00+00:00, run_after=2025-07-23 00:00:00+00:00
[2025-07-23T08:30:14.109+0000] {processor.py:183} INFO - Processing /home/airflow/.local/lib/python3.12/site-packages/airflow/example_dags/example_branch_operator_decorator.py took 0.323 seconds
[2025-07-23T08:30:44.966+0000] {processor.py:161} INFO - Started process (PID=1874) to work on /home/airflow/.local/lib/python3.12/site-packages/airflow/example_dags/example_branch_operator_decorator.py
[2025-07-23T08:30:44.967+0000] {processor.py:830} INFO - Processing file /home/airflow/.local/lib/python3.12/site-packages/airflow/example_dags/example_branch_operator_decorator.py for tasks to queue
[2025-07-23T08:30:44.972+0000] {logging_mixin.py:188} INFO - [2025-07-23T08:30:44.971+0000] {dagbag.py:545} INFO - Filling up the DagBag from /home/airflow/.local/lib/python3.12/site-packages/airflow/example_dags/example_branch_operator_decorator.py
[2025-07-23T08:30:45.034+0000] {processor.py:840} INFO - DAG(s) 'example_branch_python_operator_decorator' retrieved from /home/airflow/.local/lib/python3.12/site-packages/airflow/example_dags/example_branch_operator_decorator.py
[2025-07-23T08:30:45.132+0000] {logging_mixin.py:188} INFO - [2025-07-23T08:30:45.131+0000] {dag.py:3096} INFO - Sync 1 DAGs
[2025-07-23T08:30:45.194+0000] {logging_mixin.py:188} INFO - [2025-07-23T08:30:45.194+0000] {dag.py:3954} INFO - Setting next_dagrun for example_branch_python_operator_decorator to 2025-07-22 00:00:00+00:00, run_after=2025-07-23 00:00:00+00:00
[2025-07-23T08:30:45.283+0000] {processor.py:183} INFO - Processing /home/airflow/.local/lib/python3.12/site-packages/airflow/example_dags/example_branch_operator_decorator.py took 0.332 seconds
[2025-07-23T08:31:15.530+0000] {processor.py:161} INFO - Started process (PID=1933) to work on /home/airflow/.local/lib/python3.12/site-packages/airflow/example_dags/example_branch_operator_decorator.py
[2025-07-23T08:31:15.542+0000] {processor.py:830} INFO - Processing file /home/airflow/.local/lib/python3.12/site-packages/airflow/example_dags/example_branch_operator_decorator.py for tasks to queue
[2025-07-23T08:31:15.547+0000] {logging_mixin.py:188} INFO - [2025-07-23T08:31:15.547+0000] {dagbag.py:545} INFO - Filling up the DagBag from /home/airflow/.local/lib/python3.12/site-packages/airflow/example_dags/example_branch_operator_decorator.py
[2025-07-23T08:31:15.640+0000] {processor.py:840} INFO - DAG(s) 'example_branch_python_operator_decorator' retrieved from /home/airflow/.local/lib/python3.12/site-packages/airflow/example_dags/example_branch_operator_decorator.py
[2025-07-23T08:31:15.730+0000] {logging_mixin.py:188} INFO - [2025-07-23T08:31:15.729+0000] {dag.py:3096} INFO - Sync 1 DAGs
[2025-07-23T08:31:16.051+0000] {logging_mixin.py:188} INFO - [2025-07-23T08:31:16.050+0000] {dag.py:3954} INFO - Setting next_dagrun for example_branch_python_operator_decorator to 2025-07-22 00:00:00+00:00, run_after=2025-07-23 00:00:00+00:00
[2025-07-23T08:31:16.111+0000] {processor.py:183} INFO - Processing /home/airflow/.local/lib/python3.12/site-packages/airflow/example_dags/example_branch_operator_decorator.py took 0.596 seconds
[2025-07-23T08:31:46.946+0000] {processor.py:161} INFO - Started process (PID=1990) to work on /home/airflow/.local/lib/python3.12/site-packages/airflow/example_dags/example_branch_operator_decorator.py
[2025-07-23T08:31:46.948+0000] {processor.py:830} INFO - Processing file /home/airflow/.local/lib/python3.12/site-packages/airflow/example_dags/example_branch_operator_decorator.py for tasks to queue
[2025-07-23T08:31:46.954+0000] {logging_mixin.py:188} INFO - [2025-07-23T08:31:46.954+0000] {dagbag.py:545} INFO - Filling up the DagBag from /home/airflow/.local/lib/python3.12/site-packages/airflow/example_dags/example_branch_operator_decorator.py
[2025-07-23T08:31:47.014+0000] {processor.py:840} INFO - DAG(s) 'example_branch_python_operator_decorator' retrieved from /home/airflow/.local/lib/python3.12/site-packages/airflow/example_dags/example_branch_operator_decorator.py
[2025-07-23T08:31:47.101+0000] {logging_mixin.py:188} INFO - [2025-07-23T08:31:47.101+0000] {dag.py:3096} INFO - Sync 1 DAGs
[2025-07-23T08:31:47.170+0000] {logging_mixin.py:188} INFO - [2025-07-23T08:31:47.170+0000] {dag.py:3954} INFO - Setting next_dagrun for example_branch_python_operator_decorator to 2025-07-22 00:00:00+00:00, run_after=2025-07-23 00:00:00+00:00
[2025-07-23T08:31:47.607+0000] {processor.py:183} INFO - Processing /home/airflow/.local/lib/python3.12/site-packages/airflow/example_dags/example_branch_operator_decorator.py took 0.678 seconds
[2025-07-23T08:32:18.986+0000] {processor.py:161} INFO - Started process (PID=2048) to work on /home/airflow/.local/lib/python3.12/site-packages/airflow/example_dags/example_branch_operator_decorator.py
[2025-07-23T08:32:18.989+0000] {processor.py:830} INFO - Processing file /home/airflow/.local/lib/python3.12/site-packages/airflow/example_dags/example_branch_operator_decorator.py for tasks to queue
[2025-07-23T08:32:18.993+0000] {logging_mixin.py:188} INFO - [2025-07-23T08:32:18.992+0000] {dagbag.py:545} INFO - Filling up the DagBag from /home/airflow/.local/lib/python3.12/site-packages/airflow/example_dags/example_branch_operator_decorator.py
[2025-07-23T08:32:19.059+0000] {processor.py:840} INFO - DAG(s) 'example_branch_python_operator_decorator' retrieved from /home/airflow/.local/lib/python3.12/site-packages/airflow/example_dags/example_branch_operator_decorator.py
[2025-07-23T08:32:19.164+0000] {logging_mixin.py:188} INFO - [2025-07-23T08:32:19.163+0000] {dag.py:3096} INFO - Sync 1 DAGs
[2025-07-23T08:32:19.231+0000] {logging_mixin.py:188} INFO - [2025-07-23T08:32:19.230+0000] {dag.py:3954} INFO - Setting next_dagrun for example_branch_python_operator_decorator to 2025-07-22 00:00:00+00:00, run_after=2025-07-23 00:00:00+00:00
[2025-07-23T08:32:19.316+0000] {processor.py:183} INFO - Processing /home/airflow/.local/lib/python3.12/site-packages/airflow/example_dags/example_branch_operator_decorator.py took 0.343 seconds
[2025-07-23T08:35:03.269+0000] {processor.py:161} INFO - Started process (PID=82) to work on /home/airflow/.local/lib/python3.12/site-packages/airflow/example_dags/example_branch_operator_decorator.py
[2025-07-23T08:35:03.272+0000] {processor.py:830} INFO - Processing file /home/airflow/.local/lib/python3.12/site-packages/airflow/example_dags/example_branch_operator_decorator.py for tasks to queue
[2025-07-23T08:35:03.276+0000] {logging_mixin.py:188} INFO - [2025-07-23T08:35:03.275+0000] {dagbag.py:545} INFO - Filling up the DagBag from /home/airflow/.local/lib/python3.12/site-packages/airflow/example_dags/example_branch_operator_decorator.py
[2025-07-23T08:35:03.340+0000] {processor.py:840} INFO - DAG(s) 'example_branch_python_operator_decorator' retrieved from /home/airflow/.local/lib/python3.12/site-packages/airflow/example_dags/example_branch_operator_decorator.py
[2025-07-23T08:35:03.697+0000] {logging_mixin.py:188} INFO - [2025-07-23T08:35:03.696+0000] {dag.py:3096} INFO - Sync 1 DAGs
[2025-07-23T08:35:03.755+0000] {logging_mixin.py:188} INFO - [2025-07-23T08:35:03.755+0000] {dag.py:3954} INFO - Setting next_dagrun for example_branch_python_operator_decorator to 2025-07-22 00:00:00+00:00, run_after=2025-07-23 00:00:00+00:00
[2025-07-23T08:35:03.830+0000] {processor.py:183} INFO - Processing /home/airflow/.local/lib/python3.12/site-packages/airflow/example_dags/example_branch_operator_decorator.py took 0.572 seconds
[2025-07-23T08:35:34.544+0000] {processor.py:161} INFO - Started process (PID=140) to work on /home/airflow/.local/lib/python3.12/site-packages/airflow/example_dags/example_branch_operator_decorator.py
[2025-07-23T08:35:34.566+0000] {processor.py:830} INFO - Processing file /home/airflow/.local/lib/python3.12/site-packages/airflow/example_dags/example_branch_operator_decorator.py for tasks to queue
[2025-07-23T08:35:34.597+0000] {logging_mixin.py:188} INFO - [2025-07-23T08:35:34.588+0000] {dagbag.py:545} INFO - Filling up the DagBag from /home/airflow/.local/lib/python3.12/site-packages/airflow/example_dags/example_branch_operator_decorator.py
[2025-07-23T08:35:34.683+0000] {processor.py:840} INFO - DAG(s) 'example_branch_python_operator_decorator' retrieved from /home/airflow/.local/lib/python3.12/site-packages/airflow/example_dags/example_branch_operator_decorator.py
[2025-07-23T08:35:34.852+0000] {logging_mixin.py:188} INFO - [2025-07-23T08:35:34.852+0000] {dag.py:3096} INFO - Sync 1 DAGs
[2025-07-23T08:35:34.968+0000] {logging_mixin.py:188} INFO - [2025-07-23T08:35:34.954+0000] {dag.py:3954} INFO - Setting next_dagrun for example_branch_python_operator_decorator to 2025-07-22 00:00:00+00:00, run_after=2025-07-23 00:00:00+00:00
[2025-07-23T08:35:35.100+0000] {processor.py:183} INFO - Processing /home/airflow/.local/lib/python3.12/site-packages/airflow/example_dags/example_branch_operator_decorator.py took 0.574 seconds
[2025-07-23T08:36:06.338+0000] {processor.py:161} INFO - Started process (PID=198) to work on /home/airflow/.local/lib/python3.12/site-packages/airflow/example_dags/example_branch_operator_decorator.py
[2025-07-23T08:36:06.344+0000] {processor.py:830} INFO - Processing file /home/airflow/.local/lib/python3.12/site-packages/airflow/example_dags/example_branch_operator_decorator.py for tasks to queue
[2025-07-23T08:36:06.350+0000] {logging_mixin.py:188} INFO - [2025-07-23T08:36:06.350+0000] {dagbag.py:545} INFO - Filling up the DagBag from /home/airflow/.local/lib/python3.12/site-packages/airflow/example_dags/example_branch_operator_decorator.py
[2025-07-23T08:36:06.466+0000] {processor.py:840} INFO - DAG(s) 'example_branch_python_operator_decorator' retrieved from /home/airflow/.local/lib/python3.12/site-packages/airflow/example_dags/example_branch_operator_decorator.py
[2025-07-23T08:36:06.808+0000] {logging_mixin.py:188} INFO - [2025-07-23T08:36:06.807+0000] {dag.py:3096} INFO - Sync 1 DAGs
[2025-07-23T08:36:07.088+0000] {logging_mixin.py:188} INFO - [2025-07-23T08:36:07.088+0000] {dag.py:3954} INFO - Setting next_dagrun for example_branch_python_operator_decorator to 2025-07-22 00:00:00+00:00, run_after=2025-07-23 00:00:00+00:00
[2025-07-23T08:36:07.144+0000] {processor.py:183} INFO - Processing /home/airflow/.local/lib/python3.12/site-packages/airflow/example_dags/example_branch_operator_decorator.py took 0.730 seconds
[2025-07-23T08:36:37.361+0000] {processor.py:161} INFO - Started process (PID=257) to work on /home/airflow/.local/lib/python3.12/site-packages/airflow/example_dags/example_branch_operator_decorator.py
[2025-07-23T08:36:37.373+0000] {processor.py:830} INFO - Processing file /home/airflow/.local/lib/python3.12/site-packages/airflow/example_dags/example_branch_operator_decorator.py for tasks to queue
[2025-07-23T08:36:37.384+0000] {logging_mixin.py:188} INFO - [2025-07-23T08:36:37.383+0000] {dagbag.py:545} INFO - Filling up the DagBag from /home/airflow/.local/lib/python3.12/site-packages/airflow/example_dags/example_branch_operator_decorator.py
[2025-07-23T08:36:37.607+0000] {processor.py:840} INFO - DAG(s) 'example_branch_python_operator_decorator' retrieved from /home/airflow/.local/lib/python3.12/site-packages/airflow/example_dags/example_branch_operator_decorator.py
[2025-07-23T08:36:37.838+0000] {logging_mixin.py:188} INFO - [2025-07-23T08:36:37.838+0000] {dag.py:3096} INFO - Sync 1 DAGs
[2025-07-23T08:36:37.979+0000] {logging_mixin.py:188} INFO - [2025-07-23T08:36:37.979+0000] {dag.py:3954} INFO - Setting next_dagrun for example_branch_python_operator_decorator to 2025-07-22 00:00:00+00:00, run_after=2025-07-23 00:00:00+00:00
[2025-07-23T08:36:38.100+0000] {processor.py:183} INFO - Processing /home/airflow/.local/lib/python3.12/site-packages/airflow/example_dags/example_branch_operator_decorator.py took 0.764 seconds
[2025-07-23T08:37:08.458+0000] {processor.py:161} INFO - Started process (PID=316) to work on /home/airflow/.local/lib/python3.12/site-packages/airflow/example_dags/example_branch_operator_decorator.py
[2025-07-23T08:37:08.469+0000] {processor.py:830} INFO - Processing file /home/airflow/.local/lib/python3.12/site-packages/airflow/example_dags/example_branch_operator_decorator.py for tasks to queue
[2025-07-23T08:37:08.486+0000] {logging_mixin.py:188} INFO - [2025-07-23T08:37:08.485+0000] {dagbag.py:545} INFO - Filling up the DagBag from /home/airflow/.local/lib/python3.12/site-packages/airflow/example_dags/example_branch_operator_decorator.py
[2025-07-23T08:37:08.602+0000] {processor.py:840} INFO - DAG(s) 'example_branch_python_operator_decorator' retrieved from /home/airflow/.local/lib/python3.12/site-packages/airflow/example_dags/example_branch_operator_decorator.py
[2025-07-23T08:37:08.696+0000] {logging_mixin.py:188} INFO - [2025-07-23T08:37:08.696+0000] {dag.py:3096} INFO - Sync 1 DAGs
[2025-07-23T08:37:08.787+0000] {logging_mixin.py:188} INFO - [2025-07-23T08:37:08.786+0000] {dag.py:3954} INFO - Setting next_dagrun for example_branch_python_operator_decorator to 2025-07-22 00:00:00+00:00, run_after=2025-07-23 00:00:00+00:00
[2025-07-23T08:37:08.908+0000] {processor.py:183} INFO - Processing /home/airflow/.local/lib/python3.12/site-packages/airflow/example_dags/example_branch_operator_decorator.py took 0.501 seconds
[2025-07-23T08:37:44.636+0000] {processor.py:161} INFO - Started process (PID=379) to work on /home/airflow/.local/lib/python3.12/site-packages/airflow/example_dags/example_branch_operator_decorator.py
[2025-07-23T08:37:44.663+0000] {processor.py:830} INFO - Processing file /home/airflow/.local/lib/python3.12/site-packages/airflow/example_dags/example_branch_operator_decorator.py for tasks to queue
[2025-07-23T08:37:44.686+0000] {logging_mixin.py:188} INFO - [2025-07-23T08:37:44.685+0000] {dagbag.py:545} INFO - Filling up the DagBag from /home/airflow/.local/lib/python3.12/site-packages/airflow/example_dags/example_branch_operator_decorator.py
[2025-07-23T08:37:44.902+0000] {processor.py:840} INFO - DAG(s) 'example_branch_python_operator_decorator' retrieved from /home/airflow/.local/lib/python3.12/site-packages/airflow/example_dags/example_branch_operator_decorator.py
[2025-07-23T08:37:45.162+0000] {logging_mixin.py:188} INFO - [2025-07-23T08:37:45.162+0000] {dag.py:3096} INFO - Sync 1 DAGs
[2025-07-23T08:37:45.306+0000] {logging_mixin.py:188} INFO - [2025-07-23T08:37:45.306+0000] {dag.py:3954} INFO - Setting next_dagrun for example_branch_python_operator_decorator to 2025-07-22 00:00:00+00:00, run_after=2025-07-23 00:00:00+00:00
[2025-07-23T08:37:45.571+0000] {processor.py:183} INFO - Processing /home/airflow/.local/lib/python3.12/site-packages/airflow/example_dags/example_branch_operator_decorator.py took 0.983 seconds
[2025-07-23T08:38:32.186+0000] {processor.py:161} INFO - Started process (PID=437) to work on /home/airflow/.local/lib/python3.12/site-packages/airflow/example_dags/example_branch_operator_decorator.py
[2025-07-23T08:38:32.231+0000] {processor.py:830} INFO - Processing file /home/airflow/.local/lib/python3.12/site-packages/airflow/example_dags/example_branch_operator_decorator.py for tasks to queue
[2025-07-23T08:38:32.269+0000] {logging_mixin.py:188} INFO - [2025-07-23T08:38:32.268+0000] {dagbag.py:545} INFO - Filling up the DagBag from /home/airflow/.local/lib/python3.12/site-packages/airflow/example_dags/example_branch_operator_decorator.py
[2025-07-23T08:38:32.776+0000] {processor.py:840} INFO - DAG(s) 'example_branch_python_operator_decorator' retrieved from /home/airflow/.local/lib/python3.12/site-packages/airflow/example_dags/example_branch_operator_decorator.py
[2025-07-23T08:38:33.357+0000] {logging_mixin.py:188} INFO - [2025-07-23T08:38:33.357+0000] {dag.py:3096} INFO - Sync 1 DAGs
[2025-07-23T08:38:33.627+0000] {logging_mixin.py:188} INFO - [2025-07-23T08:38:33.626+0000] {dag.py:3954} INFO - Setting next_dagrun for example_branch_python_operator_decorator to 2025-07-22 00:00:00+00:00, run_after=2025-07-23 00:00:00+00:00
[2025-07-23T08:38:33.813+0000] {processor.py:183} INFO - Processing /home/airflow/.local/lib/python3.12/site-packages/airflow/example_dags/example_branch_operator_decorator.py took 1.700 seconds
[2025-07-23T08:39:36.563+0000] {processor.py:161} INFO - Started process (PID=501) to work on /home/airflow/.local/lib/python3.12/site-packages/airflow/example_dags/example_branch_operator_decorator.py
[2025-07-23T08:39:36.575+0000] {processor.py:830} INFO - Processing file /home/airflow/.local/lib/python3.12/site-packages/airflow/example_dags/example_branch_operator_decorator.py for tasks to queue
[2025-07-23T08:39:36.592+0000] {logging_mixin.py:188} INFO - [2025-07-23T08:39:36.591+0000] {dagbag.py:545} INFO - Filling up the DagBag from /home/airflow/.local/lib/python3.12/site-packages/airflow/example_dags/example_branch_operator_decorator.py
[2025-07-23T08:39:36.976+0000] {processor.py:840} INFO - DAG(s) 'example_branch_python_operator_decorator' retrieved from /home/airflow/.local/lib/python3.12/site-packages/airflow/example_dags/example_branch_operator_decorator.py
[2025-07-23T08:39:37.404+0000] {logging_mixin.py:188} INFO - [2025-07-23T08:39:37.404+0000] {dag.py:3096} INFO - Sync 1 DAGs
[2025-07-23T08:39:38.118+0000] {logging_mixin.py:188} INFO - [2025-07-23T08:39:38.117+0000] {dag.py:3954} INFO - Setting next_dagrun for example_branch_python_operator_decorator to 2025-07-22 00:00:00+00:00, run_after=2025-07-23 00:00:00+00:00
[2025-07-23T08:39:38.656+0000] {processor.py:183} INFO - Processing /home/airflow/.local/lib/python3.12/site-packages/airflow/example_dags/example_branch_operator_decorator.py took 2.016 seconds
[2025-07-23T08:40:21.160+0000] {processor.py:161} INFO - Started process (PID=562) to work on /home/airflow/.local/lib/python3.12/site-packages/airflow/example_dags/example_branch_operator_decorator.py
[2025-07-23T08:40:21.195+0000] {processor.py:830} INFO - Processing file /home/airflow/.local/lib/python3.12/site-packages/airflow/example_dags/example_branch_operator_decorator.py for tasks to queue
[2025-07-23T08:40:21.206+0000] {logging_mixin.py:188} INFO - [2025-07-23T08:40:21.205+0000] {dagbag.py:545} INFO - Filling up the DagBag from /home/airflow/.local/lib/python3.12/site-packages/airflow/example_dags/example_branch_operator_decorator.py
[2025-07-23T08:40:21.408+0000] {processor.py:840} INFO - DAG(s) 'example_branch_python_operator_decorator' retrieved from /home/airflow/.local/lib/python3.12/site-packages/airflow/example_dags/example_branch_operator_decorator.py
[2025-07-23T08:40:21.993+0000] {logging_mixin.py:188} INFO - [2025-07-23T08:40:21.992+0000] {dag.py:3096} INFO - Sync 1 DAGs
[2025-07-23T08:40:22.251+0000] {logging_mixin.py:188} INFO - [2025-07-23T08:40:22.251+0000] {dag.py:3954} INFO - Setting next_dagrun for example_branch_python_operator_decorator to 2025-07-22 00:00:00+00:00, run_after=2025-07-23 00:00:00+00:00
[2025-07-23T08:40:22.457+0000] {processor.py:183} INFO - Processing /home/airflow/.local/lib/python3.12/site-packages/airflow/example_dags/example_branch_operator_decorator.py took 1.363 seconds
[2025-07-23T08:40:54.820+0000] {processor.py:161} INFO - Started process (PID=616) to work on /home/airflow/.local/lib/python3.12/site-packages/airflow/example_dags/example_branch_operator_decorator.py
[2025-07-23T08:40:54.826+0000] {processor.py:830} INFO - Processing file /home/airflow/.local/lib/python3.12/site-packages/airflow/example_dags/example_branch_operator_decorator.py for tasks to queue
[2025-07-23T08:40:54.836+0000] {logging_mixin.py:188} INFO - [2025-07-23T08:40:54.835+0000] {dagbag.py:545} INFO - Filling up the DagBag from /home/airflow/.local/lib/python3.12/site-packages/airflow/example_dags/example_branch_operator_decorator.py
[2025-07-23T08:40:55.006+0000] {processor.py:840} INFO - DAG(s) 'example_branch_python_operator_decorator' retrieved from /home/airflow/.local/lib/python3.12/site-packages/airflow/example_dags/example_branch_operator_decorator.py
[2025-07-23T08:40:55.202+0000] {logging_mixin.py:188} INFO - [2025-07-23T08:40:55.202+0000] {dag.py:3096} INFO - Sync 1 DAGs
[2025-07-23T08:40:55.332+0000] {logging_mixin.py:188} INFO - [2025-07-23T08:40:55.332+0000] {dag.py:3954} INFO - Setting next_dagrun for example_branch_python_operator_decorator to 2025-07-22 00:00:00+00:00, run_after=2025-07-23 00:00:00+00:00
[2025-07-23T08:40:55.484+0000] {processor.py:183} INFO - Processing /home/airflow/.local/lib/python3.12/site-packages/airflow/example_dags/example_branch_operator_decorator.py took 0.706 seconds
[2025-07-23T09:00:49.232+0000] {processor.py:161} INFO - Started process (PID=52) to work on /home/airflow/.local/lib/python3.12/site-packages/airflow/example_dags/example_branch_operator_decorator.py
[2025-07-23T09:00:49.260+0000] {processor.py:830} INFO - Processing file /home/airflow/.local/lib/python3.12/site-packages/airflow/example_dags/example_branch_operator_decorator.py for tasks to queue
[2025-07-23T09:00:49.282+0000] {logging_mixin.py:188} INFO - [2025-07-23T09:00:49.281+0000] {dagbag.py:545} INFO - Filling up the DagBag from /home/airflow/.local/lib/python3.12/site-packages/airflow/example_dags/example_branch_operator_decorator.py
[2025-07-23T09:00:49.649+0000] {processor.py:840} INFO - DAG(s) 'example_branch_python_operator_decorator' retrieved from /home/airflow/.local/lib/python3.12/site-packages/airflow/example_dags/example_branch_operator_decorator.py
[2025-07-23T09:00:51.437+0000] {logging_mixin.py:188} INFO - [2025-07-23T09:00:51.436+0000] {dag.py:3096} INFO - Sync 1 DAGs
[2025-07-23T09:00:51.673+0000] {logging_mixin.py:188} INFO - [2025-07-23T09:00:51.673+0000] {dag.py:3954} INFO - Setting next_dagrun for example_branch_python_operator_decorator to 2025-07-22 00:00:00+00:00, run_after=2025-07-23 00:00:00+00:00
[2025-07-23T09:00:51.882+0000] {processor.py:183} INFO - Processing /home/airflow/.local/lib/python3.12/site-packages/airflow/example_dags/example_branch_operator_decorator.py took 2.811 seconds
[2025-07-23T09:01:34.261+0000] {processor.py:161} INFO - Started process (PID=111) to work on /home/airflow/.local/lib/python3.12/site-packages/airflow/example_dags/example_branch_operator_decorator.py
[2025-07-23T09:01:34.274+0000] {processor.py:830} INFO - Processing file /home/airflow/.local/lib/python3.12/site-packages/airflow/example_dags/example_branch_operator_decorator.py for tasks to queue
[2025-07-23T09:01:34.280+0000] {logging_mixin.py:188} INFO - [2025-07-23T09:01:34.279+0000] {dagbag.py:545} INFO - Filling up the DagBag from /home/airflow/.local/lib/python3.12/site-packages/airflow/example_dags/example_branch_operator_decorator.py
[2025-07-23T09:01:34.604+0000] {processor.py:840} INFO - DAG(s) 'example_branch_python_operator_decorator' retrieved from /home/airflow/.local/lib/python3.12/site-packages/airflow/example_dags/example_branch_operator_decorator.py
[2025-07-23T09:01:34.859+0000] {logging_mixin.py:188} INFO - [2025-07-23T09:01:34.858+0000] {dag.py:3096} INFO - Sync 1 DAGs
[2025-07-23T09:01:35.075+0000] {logging_mixin.py:188} INFO - [2025-07-23T09:01:35.075+0000] {dag.py:3954} INFO - Setting next_dagrun for example_branch_python_operator_decorator to 2025-07-22 00:00:00+00:00, run_after=2025-07-23 00:00:00+00:00
[2025-07-23T09:01:35.228+0000] {processor.py:183} INFO - Processing /home/airflow/.local/lib/python3.12/site-packages/airflow/example_dags/example_branch_operator_decorator.py took 0.995 seconds
[2025-07-23T09:02:06.225+0000] {processor.py:161} INFO - Started process (PID=168) to work on /home/airflow/.local/lib/python3.12/site-packages/airflow/example_dags/example_branch_operator_decorator.py
[2025-07-23T09:02:06.240+0000] {processor.py:830} INFO - Processing file /home/airflow/.local/lib/python3.12/site-packages/airflow/example_dags/example_branch_operator_decorator.py for tasks to queue
[2025-07-23T09:02:06.256+0000] {logging_mixin.py:188} INFO - [2025-07-23T09:02:06.255+0000] {dagbag.py:545} INFO - Filling up the DagBag from /home/airflow/.local/lib/python3.12/site-packages/airflow/example_dags/example_branch_operator_decorator.py
[2025-07-23T09:02:06.606+0000] {processor.py:840} INFO - DAG(s) 'example_branch_python_operator_decorator' retrieved from /home/airflow/.local/lib/python3.12/site-packages/airflow/example_dags/example_branch_operator_decorator.py
[2025-07-23T09:02:06.905+0000] {logging_mixin.py:188} INFO - [2025-07-23T09:02:06.904+0000] {dag.py:3096} INFO - Sync 1 DAGs
[2025-07-23T09:02:07.130+0000] {logging_mixin.py:188} INFO - [2025-07-23T09:02:07.129+0000] {dag.py:3954} INFO - Setting next_dagrun for example_branch_python_operator_decorator to 2025-07-22 00:00:00+00:00, run_after=2025-07-23 00:00:00+00:00
[2025-07-23T09:02:07.424+0000] {processor.py:183} INFO - Processing /home/airflow/.local/lib/python3.12/site-packages/airflow/example_dags/example_branch_operator_decorator.py took 1.317 seconds
[2025-07-23T09:02:43.846+0000] {processor.py:161} INFO - Started process (PID=222) to work on /home/airflow/.local/lib/python3.12/site-packages/airflow/example_dags/example_branch_operator_decorator.py
[2025-07-23T09:02:43.873+0000] {processor.py:830} INFO - Processing file /home/airflow/.local/lib/python3.12/site-packages/airflow/example_dags/example_branch_operator_decorator.py for tasks to queue
[2025-07-23T09:02:43.876+0000] {logging_mixin.py:188} INFO - [2025-07-23T09:02:43.876+0000] {dagbag.py:545} INFO - Filling up the DagBag from /home/airflow/.local/lib/python3.12/site-packages/airflow/example_dags/example_branch_operator_decorator.py
[2025-07-23T09:02:44.208+0000] {processor.py:840} INFO - DAG(s) 'example_branch_python_operator_decorator' retrieved from /home/airflow/.local/lib/python3.12/site-packages/airflow/example_dags/example_branch_operator_decorator.py
[2025-07-23T09:02:44.872+0000] {logging_mixin.py:188} INFO - [2025-07-23T09:02:44.871+0000] {dag.py:3096} INFO - Sync 1 DAGs
[2025-07-23T09:02:45.266+0000] {logging_mixin.py:188} INFO - [2025-07-23T09:02:45.266+0000] {dag.py:3954} INFO - Setting next_dagrun for example_branch_python_operator_decorator to 2025-07-22 00:00:00+00:00, run_after=2025-07-23 00:00:00+00:00
[2025-07-23T09:02:45.528+0000] {processor.py:183} INFO - Processing /home/airflow/.local/lib/python3.12/site-packages/airflow/example_dags/example_branch_operator_decorator.py took 1.893 seconds
[2025-07-23T09:03:15.791+0000] {processor.py:161} INFO - Started process (PID=278) to work on /home/airflow/.local/lib/python3.12/site-packages/airflow/example_dags/example_branch_operator_decorator.py
[2025-07-23T09:03:15.798+0000] {processor.py:830} INFO - Processing file /home/airflow/.local/lib/python3.12/site-packages/airflow/example_dags/example_branch_operator_decorator.py for tasks to queue
[2025-07-23T09:03:15.800+0000] {logging_mixin.py:188} INFO - [2025-07-23T09:03:15.799+0000] {dagbag.py:545} INFO - Filling up the DagBag from /home/airflow/.local/lib/python3.12/site-packages/airflow/example_dags/example_branch_operator_decorator.py
[2025-07-23T09:03:15.957+0000] {processor.py:840} INFO - DAG(s) 'example_branch_python_operator_decorator' retrieved from /home/airflow/.local/lib/python3.12/site-packages/airflow/example_dags/example_branch_operator_decorator.py
[2025-07-23T09:03:16.308+0000] {logging_mixin.py:188} INFO - [2025-07-23T09:03:16.307+0000] {dag.py:3096} INFO - Sync 1 DAGs
[2025-07-23T09:03:16.439+0000] {logging_mixin.py:188} INFO - [2025-07-23T09:03:16.438+0000] {dag.py:3954} INFO - Setting next_dagrun for example_branch_python_operator_decorator to 2025-07-22 00:00:00+00:00, run_after=2025-07-23 00:00:00+00:00
[2025-07-23T09:03:16.550+0000] {processor.py:183} INFO - Processing /home/airflow/.local/lib/python3.12/site-packages/airflow/example_dags/example_branch_operator_decorator.py took 0.777 seconds
[2025-07-23T09:03:47.169+0000] {processor.py:161} INFO - Started process (PID=337) to work on /home/airflow/.local/lib/python3.12/site-packages/airflow/example_dags/example_branch_operator_decorator.py
[2025-07-23T09:03:47.194+0000] {processor.py:830} INFO - Processing file /home/airflow/.local/lib/python3.12/site-packages/airflow/example_dags/example_branch_operator_decorator.py for tasks to queue
[2025-07-23T09:03:47.197+0000] {logging_mixin.py:188} INFO - [2025-07-23T09:03:47.196+0000] {dagbag.py:545} INFO - Filling up the DagBag from /home/airflow/.local/lib/python3.12/site-packages/airflow/example_dags/example_branch_operator_decorator.py
[2025-07-23T09:03:47.284+0000] {processor.py:840} INFO - DAG(s) 'example_branch_python_operator_decorator' retrieved from /home/airflow/.local/lib/python3.12/site-packages/airflow/example_dags/example_branch_operator_decorator.py
[2025-07-23T09:03:47.410+0000] {logging_mixin.py:188} INFO - [2025-07-23T09:03:47.410+0000] {dag.py:3096} INFO - Sync 1 DAGs
[2025-07-23T09:03:47.554+0000] {logging_mixin.py:188} INFO - [2025-07-23T09:03:47.553+0000] {dag.py:3954} INFO - Setting next_dagrun for example_branch_python_operator_decorator to 2025-07-22 00:00:00+00:00, run_after=2025-07-23 00:00:00+00:00
[2025-07-23T09:03:47.642+0000] {processor.py:183} INFO - Processing /home/airflow/.local/lib/python3.12/site-packages/airflow/example_dags/example_branch_operator_decorator.py took 0.497 seconds
[2025-07-23T09:04:30.159+0000] {processor.py:161} INFO - Started process (PID=396) to work on /home/airflow/.local/lib/python3.12/site-packages/airflow/example_dags/example_branch_operator_decorator.py
[2025-07-23T09:04:30.161+0000] {processor.py:830} INFO - Processing file /home/airflow/.local/lib/python3.12/site-packages/airflow/example_dags/example_branch_operator_decorator.py for tasks to queue
[2025-07-23T09:04:30.163+0000] {logging_mixin.py:188} INFO - [2025-07-23T09:04:30.163+0000] {dagbag.py:545} INFO - Filling up the DagBag from /home/airflow/.local/lib/python3.12/site-packages/airflow/example_dags/example_branch_operator_decorator.py
[2025-07-23T09:04:30.239+0000] {processor.py:840} INFO - DAG(s) 'example_branch_python_operator_decorator' retrieved from /home/airflow/.local/lib/python3.12/site-packages/airflow/example_dags/example_branch_operator_decorator.py
[2025-07-23T09:04:30.433+0000] {logging_mixin.py:188} INFO - [2025-07-23T09:04:30.431+0000] {dag.py:3096} INFO - Sync 1 DAGs
[2025-07-23T09:04:30.495+0000] {logging_mixin.py:188} INFO - [2025-07-23T09:04:30.494+0000] {dag.py:3954} INFO - Setting next_dagrun for example_branch_python_operator_decorator to 2025-07-22 00:00:00+00:00, run_after=2025-07-23 00:00:00+00:00
[2025-07-23T09:04:30.632+0000] {processor.py:183} INFO - Processing /home/airflow/.local/lib/python3.12/site-packages/airflow/example_dags/example_branch_operator_decorator.py took 0.501 seconds
[2025-07-23T09:05:00.796+0000] {processor.py:161} INFO - Started process (PID=455) to work on /home/airflow/.local/lib/python3.12/site-packages/airflow/example_dags/example_branch_operator_decorator.py
[2025-07-23T09:05:00.798+0000] {processor.py:830} INFO - Processing file /home/airflow/.local/lib/python3.12/site-packages/airflow/example_dags/example_branch_operator_decorator.py for tasks to queue
[2025-07-23T09:05:00.800+0000] {logging_mixin.py:188} INFO - [2025-07-23T09:05:00.799+0000] {dagbag.py:545} INFO - Filling up the DagBag from /home/airflow/.local/lib/python3.12/site-packages/airflow/example_dags/example_branch_operator_decorator.py
[2025-07-23T09:05:00.873+0000] {processor.py:840} INFO - DAG(s) 'example_branch_python_operator_decorator' retrieved from /home/airflow/.local/lib/python3.12/site-packages/airflow/example_dags/example_branch_operator_decorator.py
[2025-07-23T09:05:00.926+0000] {logging_mixin.py:188} INFO - [2025-07-23T09:05:00.925+0000] {dag.py:3096} INFO - Sync 1 DAGs
[2025-07-23T09:05:00.977+0000] {logging_mixin.py:188} INFO - [2025-07-23T09:05:00.977+0000] {dag.py:3954} INFO - Setting next_dagrun for example_branch_python_operator_decorator to 2025-07-22 00:00:00+00:00, run_after=2025-07-23 00:00:00+00:00
[2025-07-23T09:05:01.018+0000] {processor.py:183} INFO - Processing /home/airflow/.local/lib/python3.12/site-packages/airflow/example_dags/example_branch_operator_decorator.py took 0.241 seconds
[2025-07-23T09:05:33.054+0000] {processor.py:161} INFO - Started process (PID=515) to work on /home/airflow/.local/lib/python3.12/site-packages/airflow/example_dags/example_branch_operator_decorator.py
[2025-07-23T09:05:33.056+0000] {processor.py:830} INFO - Processing file /home/airflow/.local/lib/python3.12/site-packages/airflow/example_dags/example_branch_operator_decorator.py for tasks to queue
[2025-07-23T09:05:33.068+0000] {logging_mixin.py:188} INFO - [2025-07-23T09:05:33.057+0000] {dagbag.py:545} INFO - Filling up the DagBag from /home/airflow/.local/lib/python3.12/site-packages/airflow/example_dags/example_branch_operator_decorator.py
[2025-07-23T09:05:33.188+0000] {processor.py:840} INFO - DAG(s) 'example_branch_python_operator_decorator' retrieved from /home/airflow/.local/lib/python3.12/site-packages/airflow/example_dags/example_branch_operator_decorator.py
[2025-07-23T09:05:33.228+0000] {logging_mixin.py:188} INFO - [2025-07-23T09:05:33.228+0000] {dag.py:3096} INFO - Sync 1 DAGs
[2025-07-23T09:05:33.394+0000] {logging_mixin.py:188} INFO - [2025-07-23T09:05:33.394+0000] {dag.py:3954} INFO - Setting next_dagrun for example_branch_python_operator_decorator to 2025-07-22 00:00:00+00:00, run_after=2025-07-23 00:00:00+00:00
[2025-07-23T09:05:33.507+0000] {processor.py:183} INFO - Processing /home/airflow/.local/lib/python3.12/site-packages/airflow/example_dags/example_branch_operator_decorator.py took 0.512 seconds
[2025-07-23T09:06:04.196+0000] {processor.py:161} INFO - Started process (PID=567) to work on /home/airflow/.local/lib/python3.12/site-packages/airflow/example_dags/example_branch_operator_decorator.py
[2025-07-23T09:06:04.198+0000] {processor.py:830} INFO - Processing file /home/airflow/.local/lib/python3.12/site-packages/airflow/example_dags/example_branch_operator_decorator.py for tasks to queue
[2025-07-23T09:06:04.199+0000] {logging_mixin.py:188} INFO - [2025-07-23T09:06:04.199+0000] {dagbag.py:545} INFO - Filling up the DagBag from /home/airflow/.local/lib/python3.12/site-packages/airflow/example_dags/example_branch_operator_decorator.py
[2025-07-23T09:06:04.240+0000] {processor.py:840} INFO - DAG(s) 'example_branch_python_operator_decorator' retrieved from /home/airflow/.local/lib/python3.12/site-packages/airflow/example_dags/example_branch_operator_decorator.py
[2025-07-23T09:06:04.516+0000] {logging_mixin.py:188} INFO - [2025-07-23T09:06:04.516+0000] {dag.py:3096} INFO - Sync 1 DAGs
[2025-07-23T09:06:04.569+0000] {logging_mixin.py:188} INFO - [2025-07-23T09:06:04.569+0000] {dag.py:3954} INFO - Setting next_dagrun for example_branch_python_operator_decorator to 2025-07-22 00:00:00+00:00, run_after=2025-07-23 00:00:00+00:00
[2025-07-23T09:06:04.617+0000] {processor.py:183} INFO - Processing /home/airflow/.local/lib/python3.12/site-packages/airflow/example_dags/example_branch_operator_decorator.py took 0.433 seconds
[2025-07-23T09:06:34.991+0000] {processor.py:161} INFO - Started process (PID=626) to work on /home/airflow/.local/lib/python3.12/site-packages/airflow/example_dags/example_branch_operator_decorator.py
[2025-07-23T09:06:34.995+0000] {processor.py:830} INFO - Processing file /home/airflow/.local/lib/python3.12/site-packages/airflow/example_dags/example_branch_operator_decorator.py for tasks to queue
[2025-07-23T09:06:34.998+0000] {logging_mixin.py:188} INFO - [2025-07-23T09:06:34.998+0000] {dagbag.py:545} INFO - Filling up the DagBag from /home/airflow/.local/lib/python3.12/site-packages/airflow/example_dags/example_branch_operator_decorator.py
[2025-07-23T09:06:35.072+0000] {processor.py:840} INFO - DAG(s) 'example_branch_python_operator_decorator' retrieved from /home/airflow/.local/lib/python3.12/site-packages/airflow/example_dags/example_branch_operator_decorator.py
[2025-07-23T09:06:35.139+0000] {logging_mixin.py:188} INFO - [2025-07-23T09:06:35.139+0000] {dag.py:3096} INFO - Sync 1 DAGs
[2025-07-23T09:06:35.199+0000] {logging_mixin.py:188} INFO - [2025-07-23T09:06:35.199+0000] {dag.py:3954} INFO - Setting next_dagrun for example_branch_python_operator_decorator to 2025-07-22 00:00:00+00:00, run_after=2025-07-23 00:00:00+00:00
[2025-07-23T09:06:35.237+0000] {processor.py:183} INFO - Processing /home/airflow/.local/lib/python3.12/site-packages/airflow/example_dags/example_branch_operator_decorator.py took 0.267 seconds
[2025-07-23T09:07:05.294+0000] {processor.py:161} INFO - Started process (PID=686) to work on /home/airflow/.local/lib/python3.12/site-packages/airflow/example_dags/example_branch_operator_decorator.py
[2025-07-23T09:07:05.296+0000] {processor.py:830} INFO - Processing file /home/airflow/.local/lib/python3.12/site-packages/airflow/example_dags/example_branch_operator_decorator.py for tasks to queue
[2025-07-23T09:07:05.298+0000] {logging_mixin.py:188} INFO - [2025-07-23T09:07:05.297+0000] {dagbag.py:545} INFO - Filling up the DagBag from /home/airflow/.local/lib/python3.12/site-packages/airflow/example_dags/example_branch_operator_decorator.py
[2025-07-23T09:07:05.341+0000] {processor.py:840} INFO - DAG(s) 'example_branch_python_operator_decorator' retrieved from /home/airflow/.local/lib/python3.12/site-packages/airflow/example_dags/example_branch_operator_decorator.py
[2025-07-23T09:07:05.393+0000] {logging_mixin.py:188} INFO - [2025-07-23T09:07:05.392+0000] {dag.py:3096} INFO - Sync 1 DAGs
[2025-07-23T09:07:05.422+0000] {logging_mixin.py:188} INFO - [2025-07-23T09:07:05.421+0000] {dag.py:3954} INFO - Setting next_dagrun for example_branch_python_operator_decorator to 2025-07-22 00:00:00+00:00, run_after=2025-07-23 00:00:00+00:00
[2025-07-23T09:07:05.448+0000] {processor.py:183} INFO - Processing /home/airflow/.local/lib/python3.12/site-packages/airflow/example_dags/example_branch_operator_decorator.py took 0.163 seconds
