[2025-07-23T08:13:54.410+0000] {processor.py:161} INFO - Started process (PID=83) to work on /home/airflow/.local/lib/python3.12/site-packages/airflow/example_dags/example_sla_dag.py
[2025-07-23T08:13:54.412+0000] {processor.py:830} INFO - Processing file /home/airflow/.local/lib/python3.12/site-packages/airflow/example_dags/example_sla_dag.py for tasks to queue
[2025-07-23T08:13:54.416+0000] {logging_mixin.py:188} INFO - [2025-07-23T08:13:54.415+0000] {dagbag.py:545} INFO - Filling up the DagBag from /home/airflow/.local/lib/python3.12/site-packages/airflow/example_dags/example_sla_dag.py
[2025-07-23T08:13:54.509+0000] {processor.py:840} INFO - DAG(s) 'example_sla_dag' retrieved from /home/airflow/.local/lib/python3.12/site-packages/airflow/example_dags/example_sla_dag.py
[2025-07-23T08:13:55.245+0000] {logging_mixin.py:188} INFO - [2025-07-23T08:13:55.245+0000] {dag.py:3096} INFO - Sync 1 DAGs
[2025-07-23T08:13:55.517+0000] {logging_mixin.py:188} INFO - [2025-07-23T08:13:55.514+0000] {dag.py:3954} INFO - Setting next_dagrun for example_sla_dag to 2025-07-23 08:10:00+00:00, run_after=2025-07-23 08:12:00+00:00
[2025-07-23T08:13:55.662+0000] {processor.py:183} INFO - Processing /home/airflow/.local/lib/python3.12/site-packages/airflow/example_dags/example_sla_dag.py took 1.363 seconds
[2025-07-23T08:14:26.589+0000] {processor.py:161} INFO - Started process (PID=140) to work on /home/airflow/.local/lib/python3.12/site-packages/airflow/example_dags/example_sla_dag.py
[2025-07-23T08:14:26.591+0000] {processor.py:830} INFO - Processing file /home/airflow/.local/lib/python3.12/site-packages/airflow/example_dags/example_sla_dag.py for tasks to queue
[2025-07-23T08:14:26.618+0000] {logging_mixin.py:188} INFO - [2025-07-23T08:14:26.600+0000] {dagbag.py:545} INFO - Filling up the DagBag from /home/airflow/.local/lib/python3.12/site-packages/airflow/example_dags/example_sla_dag.py
[2025-07-23T08:14:26.667+0000] {processor.py:840} INFO - DAG(s) 'example_sla_dag' retrieved from /home/airflow/.local/lib/python3.12/site-packages/airflow/example_dags/example_sla_dag.py
[2025-07-23T08:14:26.762+0000] {logging_mixin.py:188} INFO - [2025-07-23T08:14:26.761+0000] {dag.py:3096} INFO - Sync 1 DAGs
[2025-07-23T08:14:26.836+0000] {logging_mixin.py:188} INFO - [2025-07-23T08:14:26.836+0000] {dag.py:3954} INFO - Setting next_dagrun for example_sla_dag to 2025-07-23 08:12:00+00:00, run_after=2025-07-23 08:14:00+00:00
[2025-07-23T08:14:26.914+0000] {processor.py:183} INFO - Processing /home/airflow/.local/lib/python3.12/site-packages/airflow/example_dags/example_sla_dag.py took 0.337 seconds
[2025-07-23T08:14:57.230+0000] {processor.py:161} INFO - Started process (PID=198) to work on /home/airflow/.local/lib/python3.12/site-packages/airflow/example_dags/example_sla_dag.py
[2025-07-23T08:14:57.231+0000] {processor.py:830} INFO - Processing file /home/airflow/.local/lib/python3.12/site-packages/airflow/example_dags/example_sla_dag.py for tasks to queue
[2025-07-23T08:14:57.240+0000] {logging_mixin.py:188} INFO - [2025-07-23T08:14:57.240+0000] {dagbag.py:545} INFO - Filling up the DagBag from /home/airflow/.local/lib/python3.12/site-packages/airflow/example_dags/example_sla_dag.py
[2025-07-23T08:14:57.279+0000] {processor.py:840} INFO - DAG(s) 'example_sla_dag' retrieved from /home/airflow/.local/lib/python3.12/site-packages/airflow/example_dags/example_sla_dag.py
[2025-07-23T08:14:57.368+0000] {logging_mixin.py:188} INFO - [2025-07-23T08:14:57.368+0000] {dag.py:3096} INFO - Sync 1 DAGs
[2025-07-23T08:14:57.459+0000] {logging_mixin.py:188} INFO - [2025-07-23T08:14:57.458+0000] {dag.py:3954} INFO - Setting next_dagrun for example_sla_dag to 2025-07-23 08:12:00+00:00, run_after=2025-07-23 08:14:00+00:00
[2025-07-23T08:14:57.508+0000] {processor.py:183} INFO - Processing /home/airflow/.local/lib/python3.12/site-packages/airflow/example_dags/example_sla_dag.py took 0.310 seconds
[2025-07-23T08:15:27.841+0000] {processor.py:161} INFO - Started process (PID=255) to work on /home/airflow/.local/lib/python3.12/site-packages/airflow/example_dags/example_sla_dag.py
[2025-07-23T08:15:27.854+0000] {processor.py:830} INFO - Processing file /home/airflow/.local/lib/python3.12/site-packages/airflow/example_dags/example_sla_dag.py for tasks to queue
[2025-07-23T08:15:27.858+0000] {logging_mixin.py:188} INFO - [2025-07-23T08:15:27.858+0000] {dagbag.py:545} INFO - Filling up the DagBag from /home/airflow/.local/lib/python3.12/site-packages/airflow/example_dags/example_sla_dag.py
[2025-07-23T08:15:27.888+0000] {processor.py:840} INFO - DAG(s) 'example_sla_dag' retrieved from /home/airflow/.local/lib/python3.12/site-packages/airflow/example_dags/example_sla_dag.py
[2025-07-23T08:15:27.946+0000] {logging_mixin.py:188} INFO - [2025-07-23T08:15:27.945+0000] {dag.py:3096} INFO - Sync 1 DAGs
[2025-07-23T08:15:28.082+0000] {logging_mixin.py:188} INFO - [2025-07-23T08:15:28.082+0000] {dag.py:3954} INFO - Setting next_dagrun for example_sla_dag to 2025-07-23 08:12:00+00:00, run_after=2025-07-23 08:14:00+00:00
[2025-07-23T08:15:28.172+0000] {processor.py:183} INFO - Processing /home/airflow/.local/lib/python3.12/site-packages/airflow/example_dags/example_sla_dag.py took 0.343 seconds
[2025-07-23T08:15:59.021+0000] {processor.py:161} INFO - Started process (PID=311) to work on /home/airflow/.local/lib/python3.12/site-packages/airflow/example_dags/example_sla_dag.py
[2025-07-23T08:15:59.023+0000] {processor.py:830} INFO - Processing file /home/airflow/.local/lib/python3.12/site-packages/airflow/example_dags/example_sla_dag.py for tasks to queue
[2025-07-23T08:15:59.030+0000] {logging_mixin.py:188} INFO - [2025-07-23T08:15:59.029+0000] {dagbag.py:545} INFO - Filling up the DagBag from /home/airflow/.local/lib/python3.12/site-packages/airflow/example_dags/example_sla_dag.py
[2025-07-23T08:15:59.067+0000] {processor.py:840} INFO - DAG(s) 'example_sla_dag' retrieved from /home/airflow/.local/lib/python3.12/site-packages/airflow/example_dags/example_sla_dag.py
[2025-07-23T08:15:59.130+0000] {logging_mixin.py:188} INFO - [2025-07-23T08:15:59.129+0000] {dag.py:3096} INFO - Sync 1 DAGs
[2025-07-23T08:15:59.277+0000] {logging_mixin.py:188} INFO - [2025-07-23T08:15:59.275+0000] {dag.py:3954} INFO - Setting next_dagrun for example_sla_dag to 2025-07-23 08:12:00+00:00, run_after=2025-07-23 08:14:00+00:00
[2025-07-23T08:15:59.346+0000] {processor.py:183} INFO - Processing /home/airflow/.local/lib/python3.12/site-packages/airflow/example_dags/example_sla_dag.py took 0.341 seconds
[2025-07-23T08:16:38.313+0000] {processor.py:161} INFO - Started process (PID=368) to work on /home/airflow/.local/lib/python3.12/site-packages/airflow/example_dags/example_sla_dag.py
[2025-07-23T08:16:38.321+0000] {processor.py:830} INFO - Processing file /home/airflow/.local/lib/python3.12/site-packages/airflow/example_dags/example_sla_dag.py for tasks to queue
[2025-07-23T08:16:38.325+0000] {logging_mixin.py:188} INFO - [2025-07-23T08:16:38.324+0000] {dagbag.py:545} INFO - Filling up the DagBag from /home/airflow/.local/lib/python3.12/site-packages/airflow/example_dags/example_sla_dag.py
[2025-07-23T08:16:38.346+0000] {processor.py:840} INFO - DAG(s) 'example_sla_dag' retrieved from /home/airflow/.local/lib/python3.12/site-packages/airflow/example_dags/example_sla_dag.py
[2025-07-23T08:16:38.415+0000] {logging_mixin.py:188} INFO - [2025-07-23T08:16:38.414+0000] {dag.py:3096} INFO - Sync 1 DAGs
[2025-07-23T08:16:38.500+0000] {logging_mixin.py:188} INFO - [2025-07-23T08:16:38.499+0000] {dag.py:3954} INFO - Setting next_dagrun for example_sla_dag to 2025-07-23 08:14:00+00:00, run_after=2025-07-23 08:16:00+00:00
[2025-07-23T08:16:38.562+0000] {processor.py:183} INFO - Processing /home/airflow/.local/lib/python3.12/site-packages/airflow/example_dags/example_sla_dag.py took 0.285 seconds
[2025-07-23T08:17:09.526+0000] {processor.py:161} INFO - Started process (PID=426) to work on /home/airflow/.local/lib/python3.12/site-packages/airflow/example_dags/example_sla_dag.py
[2025-07-23T08:17:09.528+0000] {processor.py:830} INFO - Processing file /home/airflow/.local/lib/python3.12/site-packages/airflow/example_dags/example_sla_dag.py for tasks to queue
[2025-07-23T08:17:09.532+0000] {logging_mixin.py:188} INFO - [2025-07-23T08:17:09.531+0000] {dagbag.py:545} INFO - Filling up the DagBag from /home/airflow/.local/lib/python3.12/site-packages/airflow/example_dags/example_sla_dag.py
[2025-07-23T08:17:09.558+0000] {processor.py:840} INFO - DAG(s) 'example_sla_dag' retrieved from /home/airflow/.local/lib/python3.12/site-packages/airflow/example_dags/example_sla_dag.py
[2025-07-23T08:17:09.644+0000] {logging_mixin.py:188} INFO - [2025-07-23T08:17:09.644+0000] {dag.py:3096} INFO - Sync 1 DAGs
[2025-07-23T08:17:09.724+0000] {logging_mixin.py:188} INFO - [2025-07-23T08:17:09.723+0000] {dag.py:3954} INFO - Setting next_dagrun for example_sla_dag to 2025-07-23 08:14:00+00:00, run_after=2025-07-23 08:16:00+00:00
[2025-07-23T08:17:09.773+0000] {processor.py:183} INFO - Processing /home/airflow/.local/lib/python3.12/site-packages/airflow/example_dags/example_sla_dag.py took 0.289 seconds
[2025-07-23T08:17:39.977+0000] {processor.py:161} INFO - Started process (PID=483) to work on /home/airflow/.local/lib/python3.12/site-packages/airflow/example_dags/example_sla_dag.py
[2025-07-23T08:17:39.986+0000] {processor.py:830} INFO - Processing file /home/airflow/.local/lib/python3.12/site-packages/airflow/example_dags/example_sla_dag.py for tasks to queue
[2025-07-23T08:17:39.997+0000] {logging_mixin.py:188} INFO - [2025-07-23T08:17:39.997+0000] {dagbag.py:545} INFO - Filling up the DagBag from /home/airflow/.local/lib/python3.12/site-packages/airflow/example_dags/example_sla_dag.py
[2025-07-23T08:17:40.035+0000] {processor.py:840} INFO - DAG(s) 'example_sla_dag' retrieved from /home/airflow/.local/lib/python3.12/site-packages/airflow/example_dags/example_sla_dag.py
[2025-07-23T08:17:40.110+0000] {logging_mixin.py:188} INFO - [2025-07-23T08:17:40.110+0000] {dag.py:3096} INFO - Sync 1 DAGs
[2025-07-23T08:17:40.216+0000] {logging_mixin.py:188} INFO - [2025-07-23T08:17:40.216+0000] {dag.py:3954} INFO - Setting next_dagrun for example_sla_dag to 2025-07-23 08:14:00+00:00, run_after=2025-07-23 08:16:00+00:00
[2025-07-23T08:17:40.324+0000] {processor.py:183} INFO - Processing /home/airflow/.local/lib/python3.12/site-packages/airflow/example_dags/example_sla_dag.py took 0.377 seconds
[2025-07-23T08:18:10.743+0000] {processor.py:161} INFO - Started process (PID=541) to work on /home/airflow/.local/lib/python3.12/site-packages/airflow/example_dags/example_sla_dag.py
[2025-07-23T08:18:10.751+0000] {processor.py:830} INFO - Processing file /home/airflow/.local/lib/python3.12/site-packages/airflow/example_dags/example_sla_dag.py for tasks to queue
[2025-07-23T08:18:10.755+0000] {logging_mixin.py:188} INFO - [2025-07-23T08:18:10.755+0000] {dagbag.py:545} INFO - Filling up the DagBag from /home/airflow/.local/lib/python3.12/site-packages/airflow/example_dags/example_sla_dag.py
[2025-07-23T08:18:10.790+0000] {processor.py:840} INFO - DAG(s) 'example_sla_dag' retrieved from /home/airflow/.local/lib/python3.12/site-packages/airflow/example_dags/example_sla_dag.py
[2025-07-23T08:18:10.852+0000] {logging_mixin.py:188} INFO - [2025-07-23T08:18:10.852+0000] {dag.py:3096} INFO - Sync 1 DAGs
[2025-07-23T08:18:11.082+0000] {logging_mixin.py:188} INFO - [2025-07-23T08:18:11.078+0000] {dag.py:3954} INFO - Setting next_dagrun for example_sla_dag to 2025-07-23 08:16:00+00:00, run_after=2025-07-23 08:18:00+00:00
[2025-07-23T08:18:11.309+0000] {processor.py:183} INFO - Processing /home/airflow/.local/lib/python3.12/site-packages/airflow/example_dags/example_sla_dag.py took 0.588 seconds
[2025-07-23T08:18:41.721+0000] {processor.py:161} INFO - Started process (PID=599) to work on /home/airflow/.local/lib/python3.12/site-packages/airflow/example_dags/example_sla_dag.py
[2025-07-23T08:18:41.727+0000] {processor.py:830} INFO - Processing file /home/airflow/.local/lib/python3.12/site-packages/airflow/example_dags/example_sla_dag.py for tasks to queue
[2025-07-23T08:18:41.737+0000] {logging_mixin.py:188} INFO - [2025-07-23T08:18:41.735+0000] {dagbag.py:545} INFO - Filling up the DagBag from /home/airflow/.local/lib/python3.12/site-packages/airflow/example_dags/example_sla_dag.py
[2025-07-23T08:18:41.762+0000] {processor.py:840} INFO - DAG(s) 'example_sla_dag' retrieved from /home/airflow/.local/lib/python3.12/site-packages/airflow/example_dags/example_sla_dag.py
[2025-07-23T08:18:41.813+0000] {logging_mixin.py:188} INFO - [2025-07-23T08:18:41.812+0000] {dag.py:3096} INFO - Sync 1 DAGs
[2025-07-23T08:18:41.989+0000] {logging_mixin.py:188} INFO - [2025-07-23T08:18:41.989+0000] {dag.py:3954} INFO - Setting next_dagrun for example_sla_dag to 2025-07-23 08:16:00+00:00, run_after=2025-07-23 08:18:00+00:00
[2025-07-23T08:18:42.097+0000] {processor.py:183} INFO - Processing /home/airflow/.local/lib/python3.12/site-packages/airflow/example_dags/example_sla_dag.py took 0.410 seconds
[2025-07-23T08:19:12.354+0000] {processor.py:161} INFO - Started process (PID=657) to work on /home/airflow/.local/lib/python3.12/site-packages/airflow/example_dags/example_sla_dag.py
[2025-07-23T08:19:12.370+0000] {processor.py:830} INFO - Processing file /home/airflow/.local/lib/python3.12/site-packages/airflow/example_dags/example_sla_dag.py for tasks to queue
[2025-07-23T08:19:12.387+0000] {logging_mixin.py:188} INFO - [2025-07-23T08:19:12.386+0000] {dagbag.py:545} INFO - Filling up the DagBag from /home/airflow/.local/lib/python3.12/site-packages/airflow/example_dags/example_sla_dag.py
[2025-07-23T08:19:12.431+0000] {processor.py:840} INFO - DAG(s) 'example_sla_dag' retrieved from /home/airflow/.local/lib/python3.12/site-packages/airflow/example_dags/example_sla_dag.py
[2025-07-23T08:19:12.503+0000] {logging_mixin.py:188} INFO - [2025-07-23T08:19:12.502+0000] {dag.py:3096} INFO - Sync 1 DAGs
[2025-07-23T08:19:12.617+0000] {logging_mixin.py:188} INFO - [2025-07-23T08:19:12.616+0000] {dag.py:3954} INFO - Setting next_dagrun for example_sla_dag to 2025-07-23 08:16:00+00:00, run_after=2025-07-23 08:18:00+00:00
[2025-07-23T08:19:12.772+0000] {processor.py:183} INFO - Processing /home/airflow/.local/lib/python3.12/site-packages/airflow/example_dags/example_sla_dag.py took 0.439 seconds
[2025-07-23T08:19:45.680+0000] {processor.py:161} INFO - Started process (PID=715) to work on /home/airflow/.local/lib/python3.12/site-packages/airflow/example_dags/example_sla_dag.py
[2025-07-23T08:19:45.696+0000] {processor.py:830} INFO - Processing file /home/airflow/.local/lib/python3.12/site-packages/airflow/example_dags/example_sla_dag.py for tasks to queue
[2025-07-23T08:19:45.700+0000] {logging_mixin.py:188} INFO - [2025-07-23T08:19:45.699+0000] {dagbag.py:545} INFO - Filling up the DagBag from /home/airflow/.local/lib/python3.12/site-packages/airflow/example_dags/example_sla_dag.py
[2025-07-23T08:19:45.773+0000] {processor.py:840} INFO - DAG(s) 'example_sla_dag' retrieved from /home/airflow/.local/lib/python3.12/site-packages/airflow/example_dags/example_sla_dag.py
[2025-07-23T08:19:45.908+0000] {logging_mixin.py:188} INFO - [2025-07-23T08:19:45.908+0000] {dag.py:3096} INFO - Sync 1 DAGs
[2025-07-23T08:19:46.058+0000] {logging_mixin.py:188} INFO - [2025-07-23T08:19:46.057+0000] {dag.py:3954} INFO - Setting next_dagrun for example_sla_dag to 2025-07-23 08:16:00+00:00, run_after=2025-07-23 08:18:00+00:00
[2025-07-23T08:19:46.229+0000] {processor.py:183} INFO - Processing /home/airflow/.local/lib/python3.12/site-packages/airflow/example_dags/example_sla_dag.py took 0.597 seconds
[2025-07-23T08:20:17.249+0000] {processor.py:161} INFO - Started process (PID=772) to work on /home/airflow/.local/lib/python3.12/site-packages/airflow/example_dags/example_sla_dag.py
[2025-07-23T08:20:17.251+0000] {processor.py:830} INFO - Processing file /home/airflow/.local/lib/python3.12/site-packages/airflow/example_dags/example_sla_dag.py for tasks to queue
[2025-07-23T08:20:17.255+0000] {logging_mixin.py:188} INFO - [2025-07-23T08:20:17.254+0000] {dagbag.py:545} INFO - Filling up the DagBag from /home/airflow/.local/lib/python3.12/site-packages/airflow/example_dags/example_sla_dag.py
[2025-07-23T08:20:17.280+0000] {processor.py:840} INFO - DAG(s) 'example_sla_dag' retrieved from /home/airflow/.local/lib/python3.12/site-packages/airflow/example_dags/example_sla_dag.py
[2025-07-23T08:20:17.340+0000] {logging_mixin.py:188} INFO - [2025-07-23T08:20:17.339+0000] {dag.py:3096} INFO - Sync 1 DAGs
[2025-07-23T08:20:17.450+0000] {logging_mixin.py:188} INFO - [2025-07-23T08:20:17.450+0000] {dag.py:3954} INFO - Setting next_dagrun for example_sla_dag to 2025-07-23 08:18:00+00:00, run_after=2025-07-23 08:20:00+00:00
[2025-07-23T08:20:17.630+0000] {processor.py:183} INFO - Processing /home/airflow/.local/lib/python3.12/site-packages/airflow/example_dags/example_sla_dag.py took 0.406 seconds
[2025-07-23T08:20:54.930+0000] {processor.py:161} INFO - Started process (PID=829) to work on /home/airflow/.local/lib/python3.12/site-packages/airflow/example_dags/example_sla_dag.py
[2025-07-23T08:20:54.939+0000] {processor.py:830} INFO - Processing file /home/airflow/.local/lib/python3.12/site-packages/airflow/example_dags/example_sla_dag.py for tasks to queue
[2025-07-23T08:20:54.963+0000] {logging_mixin.py:188} INFO - [2025-07-23T08:20:54.963+0000] {dagbag.py:545} INFO - Filling up the DagBag from /home/airflow/.local/lib/python3.12/site-packages/airflow/example_dags/example_sla_dag.py
[2025-07-23T08:20:55.024+0000] {processor.py:840} INFO - DAG(s) 'example_sla_dag' retrieved from /home/airflow/.local/lib/python3.12/site-packages/airflow/example_dags/example_sla_dag.py
[2025-07-23T08:20:55.932+0000] {logging_mixin.py:188} INFO - [2025-07-23T08:20:55.931+0000] {dag.py:3096} INFO - Sync 1 DAGs
[2025-07-23T08:20:56.019+0000] {logging_mixin.py:188} INFO - [2025-07-23T08:20:56.018+0000] {dag.py:3954} INFO - Setting next_dagrun for example_sla_dag to 2025-07-23 08:18:00+00:00, run_after=2025-07-23 08:20:00+00:00
[2025-07-23T08:20:56.150+0000] {processor.py:183} INFO - Processing /home/airflow/.local/lib/python3.12/site-packages/airflow/example_dags/example_sla_dag.py took 1.261 seconds
[2025-07-23T08:21:27.695+0000] {processor.py:161} INFO - Started process (PID=894) to work on /home/airflow/.local/lib/python3.12/site-packages/airflow/example_dags/example_sla_dag.py
[2025-07-23T08:21:27.709+0000] {processor.py:830} INFO - Processing file /home/airflow/.local/lib/python3.12/site-packages/airflow/example_dags/example_sla_dag.py for tasks to queue
[2025-07-23T08:21:27.726+0000] {logging_mixin.py:188} INFO - [2025-07-23T08:21:27.722+0000] {dagbag.py:545} INFO - Filling up the DagBag from /home/airflow/.local/lib/python3.12/site-packages/airflow/example_dags/example_sla_dag.py
[2025-07-23T08:21:27.802+0000] {processor.py:840} INFO - DAG(s) 'example_sla_dag' retrieved from /home/airflow/.local/lib/python3.12/site-packages/airflow/example_dags/example_sla_dag.py
[2025-07-23T08:21:27.960+0000] {logging_mixin.py:188} INFO - [2025-07-23T08:21:27.959+0000] {dag.py:3096} INFO - Sync 1 DAGs
[2025-07-23T08:21:28.251+0000] {logging_mixin.py:188} INFO - [2025-07-23T08:21:28.251+0000] {dag.py:3954} INFO - Setting next_dagrun for example_sla_dag to 2025-07-23 08:18:00+00:00, run_after=2025-07-23 08:20:00+00:00
[2025-07-23T08:21:28.358+0000] {processor.py:183} INFO - Processing /home/airflow/.local/lib/python3.12/site-packages/airflow/example_dags/example_sla_dag.py took 0.685 seconds
[2025-07-23T08:21:58.997+0000] {processor.py:161} INFO - Started process (PID=952) to work on /home/airflow/.local/lib/python3.12/site-packages/airflow/example_dags/example_sla_dag.py
[2025-07-23T08:21:59.010+0000] {processor.py:830} INFO - Processing file /home/airflow/.local/lib/python3.12/site-packages/airflow/example_dags/example_sla_dag.py for tasks to queue
[2025-07-23T08:21:59.026+0000] {logging_mixin.py:188} INFO - [2025-07-23T08:21:59.025+0000] {dagbag.py:545} INFO - Filling up the DagBag from /home/airflow/.local/lib/python3.12/site-packages/airflow/example_dags/example_sla_dag.py
[2025-07-23T08:21:59.057+0000] {processor.py:840} INFO - DAG(s) 'example_sla_dag' retrieved from /home/airflow/.local/lib/python3.12/site-packages/airflow/example_dags/example_sla_dag.py
[2025-07-23T08:21:59.142+0000] {logging_mixin.py:188} INFO - [2025-07-23T08:21:59.142+0000] {dag.py:3096} INFO - Sync 1 DAGs
[2025-07-23T08:21:59.256+0000] {logging_mixin.py:188} INFO - [2025-07-23T08:21:59.256+0000] {dag.py:3954} INFO - Setting next_dagrun for example_sla_dag to 2025-07-23 08:18:00+00:00, run_after=2025-07-23 08:20:00+00:00
[2025-07-23T08:21:59.318+0000] {processor.py:183} INFO - Processing /home/airflow/.local/lib/python3.12/site-packages/airflow/example_dags/example_sla_dag.py took 0.354 seconds
[2025-07-23T08:22:29.961+0000] {processor.py:161} INFO - Started process (PID=1008) to work on /home/airflow/.local/lib/python3.12/site-packages/airflow/example_dags/example_sla_dag.py
[2025-07-23T08:22:29.965+0000] {processor.py:830} INFO - Processing file /home/airflow/.local/lib/python3.12/site-packages/airflow/example_dags/example_sla_dag.py for tasks to queue
[2025-07-23T08:22:29.973+0000] {logging_mixin.py:188} INFO - [2025-07-23T08:22:29.972+0000] {dagbag.py:545} INFO - Filling up the DagBag from /home/airflow/.local/lib/python3.12/site-packages/airflow/example_dags/example_sla_dag.py
[2025-07-23T08:22:30.007+0000] {processor.py:840} INFO - DAG(s) 'example_sla_dag' retrieved from /home/airflow/.local/lib/python3.12/site-packages/airflow/example_dags/example_sla_dag.py
[2025-07-23T08:22:30.058+0000] {logging_mixin.py:188} INFO - [2025-07-23T08:22:30.057+0000] {dag.py:3096} INFO - Sync 1 DAGs
[2025-07-23T08:22:30.140+0000] {logging_mixin.py:188} INFO - [2025-07-23T08:22:30.139+0000] {dag.py:3954} INFO - Setting next_dagrun for example_sla_dag to 2025-07-23 08:20:00+00:00, run_after=2025-07-23 08:22:00+00:00
[2025-07-23T08:22:30.246+0000] {processor.py:183} INFO - Processing /home/airflow/.local/lib/python3.12/site-packages/airflow/example_dags/example_sla_dag.py took 0.298 seconds
[2025-07-23T08:23:05.642+0000] {processor.py:161} INFO - Started process (PID=1067) to work on /home/airflow/.local/lib/python3.12/site-packages/airflow/example_dags/example_sla_dag.py
[2025-07-23T08:23:05.702+0000] {processor.py:830} INFO - Processing file /home/airflow/.local/lib/python3.12/site-packages/airflow/example_dags/example_sla_dag.py for tasks to queue
[2025-07-23T08:23:05.719+0000] {logging_mixin.py:188} INFO - [2025-07-23T08:23:05.719+0000] {dagbag.py:545} INFO - Filling up the DagBag from /home/airflow/.local/lib/python3.12/site-packages/airflow/example_dags/example_sla_dag.py
[2025-07-23T08:23:05.821+0000] {processor.py:840} INFO - DAG(s) 'example_sla_dag' retrieved from /home/airflow/.local/lib/python3.12/site-packages/airflow/example_dags/example_sla_dag.py
[2025-07-23T08:23:05.985+0000] {logging_mixin.py:188} INFO - [2025-07-23T08:23:05.984+0000] {dag.py:3096} INFO - Sync 1 DAGs
[2025-07-23T08:23:06.255+0000] {logging_mixin.py:188} INFO - [2025-07-23T08:23:06.254+0000] {dag.py:3954} INFO - Setting next_dagrun for example_sla_dag to 2025-07-23 08:20:00+00:00, run_after=2025-07-23 08:22:00+00:00
[2025-07-23T08:23:06.449+0000] {processor.py:183} INFO - Processing /home/airflow/.local/lib/python3.12/site-packages/airflow/example_dags/example_sla_dag.py took 0.877 seconds
[2025-07-23T08:23:47.697+0000] {processor.py:161} INFO - Started process (PID=1118) to work on /home/airflow/.local/lib/python3.12/site-packages/airflow/example_dags/example_sla_dag.py
[2025-07-23T08:23:47.782+0000] {processor.py:830} INFO - Processing file /home/airflow/.local/lib/python3.12/site-packages/airflow/example_dags/example_sla_dag.py for tasks to queue
[2025-07-23T08:23:47.800+0000] {logging_mixin.py:188} INFO - [2025-07-23T08:23:47.799+0000] {dagbag.py:545} INFO - Filling up the DagBag from /home/airflow/.local/lib/python3.12/site-packages/airflow/example_dags/example_sla_dag.py
[2025-07-23T08:23:47.914+0000] {processor.py:840} INFO - DAG(s) 'example_sla_dag' retrieved from /home/airflow/.local/lib/python3.12/site-packages/airflow/example_dags/example_sla_dag.py
[2025-07-23T08:23:48.083+0000] {logging_mixin.py:188} INFO - [2025-07-23T08:23:48.082+0000] {dag.py:3096} INFO - Sync 1 DAGs
[2025-07-23T08:23:48.351+0000] {logging_mixin.py:188} INFO - [2025-07-23T08:23:48.351+0000] {dag.py:3954} INFO - Setting next_dagrun for example_sla_dag to 2025-07-23 08:20:00+00:00, run_after=2025-07-23 08:22:00+00:00
[2025-07-23T08:23:48.458+0000] {processor.py:183} INFO - Processing /home/airflow/.local/lib/python3.12/site-packages/airflow/example_dags/example_sla_dag.py took 0.878 seconds
[2025-07-23T08:24:19.725+0000] {processor.py:161} INFO - Started process (PID=1176) to work on /home/airflow/.local/lib/python3.12/site-packages/airflow/example_dags/example_sla_dag.py
[2025-07-23T08:24:19.726+0000] {processor.py:830} INFO - Processing file /home/airflow/.local/lib/python3.12/site-packages/airflow/example_dags/example_sla_dag.py for tasks to queue
[2025-07-23T08:24:19.731+0000] {logging_mixin.py:188} INFO - [2025-07-23T08:24:19.730+0000] {dagbag.py:545} INFO - Filling up the DagBag from /home/airflow/.local/lib/python3.12/site-packages/airflow/example_dags/example_sla_dag.py
[2025-07-23T08:24:19.765+0000] {processor.py:840} INFO - DAG(s) 'example_sla_dag' retrieved from /home/airflow/.local/lib/python3.12/site-packages/airflow/example_dags/example_sla_dag.py
[2025-07-23T08:24:19.889+0000] {logging_mixin.py:188} INFO - [2025-07-23T08:24:19.889+0000] {dag.py:3096} INFO - Sync 1 DAGs
[2025-07-23T08:24:20.119+0000] {logging_mixin.py:188} INFO - [2025-07-23T08:24:20.119+0000] {dag.py:3954} INFO - Setting next_dagrun for example_sla_dag to 2025-07-23 08:22:00+00:00, run_after=2025-07-23 08:24:00+00:00
[2025-07-23T08:24:20.389+0000] {processor.py:183} INFO - Processing /home/airflow/.local/lib/python3.12/site-packages/airflow/example_dags/example_sla_dag.py took 0.701 seconds
[2025-07-23T08:24:50.518+0000] {processor.py:161} INFO - Started process (PID=1233) to work on /home/airflow/.local/lib/python3.12/site-packages/airflow/example_dags/example_sla_dag.py
[2025-07-23T08:24:50.520+0000] {processor.py:830} INFO - Processing file /home/airflow/.local/lib/python3.12/site-packages/airflow/example_dags/example_sla_dag.py for tasks to queue
[2025-07-23T08:24:50.524+0000] {logging_mixin.py:188} INFO - [2025-07-23T08:24:50.523+0000] {dagbag.py:545} INFO - Filling up the DagBag from /home/airflow/.local/lib/python3.12/site-packages/airflow/example_dags/example_sla_dag.py
[2025-07-23T08:24:50.541+0000] {processor.py:840} INFO - DAG(s) 'example_sla_dag' retrieved from /home/airflow/.local/lib/python3.12/site-packages/airflow/example_dags/example_sla_dag.py
[2025-07-23T08:24:50.582+0000] {logging_mixin.py:188} INFO - [2025-07-23T08:24:50.581+0000] {dag.py:3096} INFO - Sync 1 DAGs
[2025-07-23T08:24:50.638+0000] {logging_mixin.py:188} INFO - [2025-07-23T08:24:50.638+0000] {dag.py:3954} INFO - Setting next_dagrun for example_sla_dag to 2025-07-23 08:22:00+00:00, run_after=2025-07-23 08:24:00+00:00
[2025-07-23T08:24:50.742+0000] {processor.py:183} INFO - Processing /home/airflow/.local/lib/python3.12/site-packages/airflow/example_dags/example_sla_dag.py took 0.236 seconds
[2025-07-23T08:25:22.838+0000] {processor.py:161} INFO - Started process (PID=1291) to work on /home/airflow/.local/lib/python3.12/site-packages/airflow/example_dags/example_sla_dag.py
[2025-07-23T08:25:22.840+0000] {processor.py:830} INFO - Processing file /home/airflow/.local/lib/python3.12/site-packages/airflow/example_dags/example_sla_dag.py for tasks to queue
[2025-07-23T08:25:22.843+0000] {logging_mixin.py:188} INFO - [2025-07-23T08:25:22.843+0000] {dagbag.py:545} INFO - Filling up the DagBag from /home/airflow/.local/lib/python3.12/site-packages/airflow/example_dags/example_sla_dag.py
[2025-07-23T08:25:22.863+0000] {processor.py:840} INFO - DAG(s) 'example_sla_dag' retrieved from /home/airflow/.local/lib/python3.12/site-packages/airflow/example_dags/example_sla_dag.py
[2025-07-23T08:25:22.920+0000] {logging_mixin.py:188} INFO - [2025-07-23T08:25:22.920+0000] {dag.py:3096} INFO - Sync 1 DAGs
[2025-07-23T08:25:22.999+0000] {logging_mixin.py:188} INFO - [2025-07-23T08:25:22.999+0000] {dag.py:3954} INFO - Setting next_dagrun for example_sla_dag to 2025-07-23 08:22:00+00:00, run_after=2025-07-23 08:24:00+00:00
[2025-07-23T08:25:23.120+0000] {processor.py:183} INFO - Processing /home/airflow/.local/lib/python3.12/site-packages/airflow/example_dags/example_sla_dag.py took 0.295 seconds
[2025-07-23T08:25:54.347+0000] {processor.py:161} INFO - Started process (PID=1349) to work on /home/airflow/.local/lib/python3.12/site-packages/airflow/example_dags/example_sla_dag.py
[2025-07-23T08:25:54.354+0000] {processor.py:830} INFO - Processing file /home/airflow/.local/lib/python3.12/site-packages/airflow/example_dags/example_sla_dag.py for tasks to queue
[2025-07-23T08:25:54.361+0000] {logging_mixin.py:188} INFO - [2025-07-23T08:25:54.359+0000] {dagbag.py:545} INFO - Filling up the DagBag from /home/airflow/.local/lib/python3.12/site-packages/airflow/example_dags/example_sla_dag.py
[2025-07-23T08:25:54.384+0000] {processor.py:840} INFO - DAG(s) 'example_sla_dag' retrieved from /home/airflow/.local/lib/python3.12/site-packages/airflow/example_dags/example_sla_dag.py
[2025-07-23T08:25:54.454+0000] {logging_mixin.py:188} INFO - [2025-07-23T08:25:54.453+0000] {dag.py:3096} INFO - Sync 1 DAGs
[2025-07-23T08:25:54.625+0000] {logging_mixin.py:188} INFO - [2025-07-23T08:25:54.619+0000] {dag.py:3954} INFO - Setting next_dagrun for example_sla_dag to 2025-07-23 08:22:00+00:00, run_after=2025-07-23 08:24:00+00:00
[2025-07-23T08:25:54.742+0000] {processor.py:183} INFO - Processing /home/airflow/.local/lib/python3.12/site-packages/airflow/example_dags/example_sla_dag.py took 0.416 seconds
[2025-07-23T08:26:25.647+0000] {processor.py:161} INFO - Started process (PID=1406) to work on /home/airflow/.local/lib/python3.12/site-packages/airflow/example_dags/example_sla_dag.py
[2025-07-23T08:26:25.664+0000] {processor.py:830} INFO - Processing file /home/airflow/.local/lib/python3.12/site-packages/airflow/example_dags/example_sla_dag.py for tasks to queue
[2025-07-23T08:26:25.669+0000] {logging_mixin.py:188} INFO - [2025-07-23T08:26:25.668+0000] {dagbag.py:545} INFO - Filling up the DagBag from /home/airflow/.local/lib/python3.12/site-packages/airflow/example_dags/example_sla_dag.py
[2025-07-23T08:26:25.718+0000] {processor.py:840} INFO - DAG(s) 'example_sla_dag' retrieved from /home/airflow/.local/lib/python3.12/site-packages/airflow/example_dags/example_sla_dag.py
[2025-07-23T08:26:25.834+0000] {logging_mixin.py:188} INFO - [2025-07-23T08:26:25.834+0000] {dag.py:3096} INFO - Sync 1 DAGs
[2025-07-23T08:26:26.004+0000] {logging_mixin.py:188} INFO - [2025-07-23T08:26:26.003+0000] {dag.py:3954} INFO - Setting next_dagrun for example_sla_dag to 2025-07-23 08:24:00+00:00, run_after=2025-07-23 08:26:00+00:00
[2025-07-23T08:26:26.112+0000] {processor.py:183} INFO - Processing /home/airflow/.local/lib/python3.12/site-packages/airflow/example_dags/example_sla_dag.py took 0.509 seconds
[2025-07-23T08:26:56.549+0000] {processor.py:161} INFO - Started process (PID=1464) to work on /home/airflow/.local/lib/python3.12/site-packages/airflow/example_dags/example_sla_dag.py
[2025-07-23T08:26:56.551+0000] {processor.py:830} INFO - Processing file /home/airflow/.local/lib/python3.12/site-packages/airflow/example_dags/example_sla_dag.py for tasks to queue
[2025-07-23T08:26:56.560+0000] {logging_mixin.py:188} INFO - [2025-07-23T08:26:56.557+0000] {dagbag.py:545} INFO - Filling up the DagBag from /home/airflow/.local/lib/python3.12/site-packages/airflow/example_dags/example_sla_dag.py
[2025-07-23T08:26:56.579+0000] {processor.py:840} INFO - DAG(s) 'example_sla_dag' retrieved from /home/airflow/.local/lib/python3.12/site-packages/airflow/example_dags/example_sla_dag.py
[2025-07-23T08:26:56.622+0000] {logging_mixin.py:188} INFO - [2025-07-23T08:26:56.622+0000] {dag.py:3096} INFO - Sync 1 DAGs
[2025-07-23T08:26:56.682+0000] {logging_mixin.py:188} INFO - [2025-07-23T08:26:56.682+0000] {dag.py:3954} INFO - Setting next_dagrun for example_sla_dag to 2025-07-23 08:24:00+00:00, run_after=2025-07-23 08:26:00+00:00
[2025-07-23T08:26:56.745+0000] {processor.py:183} INFO - Processing /home/airflow/.local/lib/python3.12/site-packages/airflow/example_dags/example_sla_dag.py took 0.224 seconds
[2025-07-23T08:27:37.843+0000] {processor.py:161} INFO - Started process (PID=1528) to work on /home/airflow/.local/lib/python3.12/site-packages/airflow/example_dags/example_sla_dag.py
[2025-07-23T08:27:37.862+0000] {processor.py:830} INFO - Processing file /home/airflow/.local/lib/python3.12/site-packages/airflow/example_dags/example_sla_dag.py for tasks to queue
[2025-07-23T08:27:37.884+0000] {logging_mixin.py:188} INFO - [2025-07-23T08:27:37.884+0000] {dagbag.py:545} INFO - Filling up the DagBag from /home/airflow/.local/lib/python3.12/site-packages/airflow/example_dags/example_sla_dag.py
[2025-07-23T08:27:37.931+0000] {processor.py:840} INFO - DAG(s) 'example_sla_dag' retrieved from /home/airflow/.local/lib/python3.12/site-packages/airflow/example_dags/example_sla_dag.py
[2025-07-23T08:27:38.062+0000] {logging_mixin.py:188} INFO - [2025-07-23T08:27:38.062+0000] {dag.py:3096} INFO - Sync 1 DAGs
[2025-07-23T08:27:38.295+0000] {logging_mixin.py:188} INFO - [2025-07-23T08:27:38.294+0000] {dag.py:3954} INFO - Setting next_dagrun for example_sla_dag to 2025-07-23 08:24:00+00:00, run_after=2025-07-23 08:26:00+00:00
[2025-07-23T08:27:38.674+0000] {processor.py:183} INFO - Processing /home/airflow/.local/lib/python3.12/site-packages/airflow/example_dags/example_sla_dag.py took 0.889 seconds
[2025-07-23T08:28:08.990+0000] {processor.py:161} INFO - Started process (PID=1586) to work on /home/airflow/.local/lib/python3.12/site-packages/airflow/example_dags/example_sla_dag.py
[2025-07-23T08:28:08.992+0000] {processor.py:830} INFO - Processing file /home/airflow/.local/lib/python3.12/site-packages/airflow/example_dags/example_sla_dag.py for tasks to queue
[2025-07-23T08:28:08.996+0000] {logging_mixin.py:188} INFO - [2025-07-23T08:28:08.995+0000] {dagbag.py:545} INFO - Filling up the DagBag from /home/airflow/.local/lib/python3.12/site-packages/airflow/example_dags/example_sla_dag.py
[2025-07-23T08:28:09.015+0000] {processor.py:840} INFO - DAG(s) 'example_sla_dag' retrieved from /home/airflow/.local/lib/python3.12/site-packages/airflow/example_dags/example_sla_dag.py
[2025-07-23T08:28:09.079+0000] {logging_mixin.py:188} INFO - [2025-07-23T08:28:09.078+0000] {dag.py:3096} INFO - Sync 1 DAGs
[2025-07-23T08:28:09.247+0000] {logging_mixin.py:188} INFO - [2025-07-23T08:28:09.246+0000] {dag.py:3954} INFO - Setting next_dagrun for example_sla_dag to 2025-07-23 08:26:00+00:00, run_after=2025-07-23 08:28:00+00:00
[2025-07-23T08:28:09.334+0000] {processor.py:183} INFO - Processing /home/airflow/.local/lib/python3.12/site-packages/airflow/example_dags/example_sla_dag.py took 0.357 seconds
[2025-07-23T08:28:43.314+0000] {processor.py:161} INFO - Started process (PID=1645) to work on /home/airflow/.local/lib/python3.12/site-packages/airflow/example_dags/example_sla_dag.py
[2025-07-23T08:28:43.316+0000] {processor.py:830} INFO - Processing file /home/airflow/.local/lib/python3.12/site-packages/airflow/example_dags/example_sla_dag.py for tasks to queue
[2025-07-23T08:28:43.322+0000] {logging_mixin.py:188} INFO - [2025-07-23T08:28:43.321+0000] {dagbag.py:545} INFO - Filling up the DagBag from /home/airflow/.local/lib/python3.12/site-packages/airflow/example_dags/example_sla_dag.py
[2025-07-23T08:28:43.399+0000] {processor.py:840} INFO - DAG(s) 'example_sla_dag' retrieved from /home/airflow/.local/lib/python3.12/site-packages/airflow/example_dags/example_sla_dag.py
[2025-07-23T08:28:43.584+0000] {logging_mixin.py:188} INFO - [2025-07-23T08:28:43.583+0000] {dag.py:3096} INFO - Sync 1 DAGs
[2025-07-23T08:28:43.762+0000] {logging_mixin.py:188} INFO - [2025-07-23T08:28:43.761+0000] {dag.py:3954} INFO - Setting next_dagrun for example_sla_dag to 2025-07-23 08:26:00+00:00, run_after=2025-07-23 08:28:00+00:00
[2025-07-23T08:28:43.931+0000] {processor.py:183} INFO - Processing /home/airflow/.local/lib/python3.12/site-packages/airflow/example_dags/example_sla_dag.py took 0.669 seconds
[2025-07-23T08:29:15.181+0000] {processor.py:161} INFO - Started process (PID=1704) to work on /home/airflow/.local/lib/python3.12/site-packages/airflow/example_dags/example_sla_dag.py
[2025-07-23T08:29:15.184+0000] {processor.py:830} INFO - Processing file /home/airflow/.local/lib/python3.12/site-packages/airflow/example_dags/example_sla_dag.py for tasks to queue
[2025-07-23T08:29:15.196+0000] {logging_mixin.py:188} INFO - [2025-07-23T08:29:15.196+0000] {dagbag.py:545} INFO - Filling up the DagBag from /home/airflow/.local/lib/python3.12/site-packages/airflow/example_dags/example_sla_dag.py
[2025-07-23T08:29:15.228+0000] {processor.py:840} INFO - DAG(s) 'example_sla_dag' retrieved from /home/airflow/.local/lib/python3.12/site-packages/airflow/example_dags/example_sla_dag.py
[2025-07-23T08:29:15.334+0000] {logging_mixin.py:188} INFO - [2025-07-23T08:29:15.334+0000] {dag.py:3096} INFO - Sync 1 DAGs
[2025-07-23T08:29:15.417+0000] {logging_mixin.py:188} INFO - [2025-07-23T08:29:15.416+0000] {dag.py:3954} INFO - Setting next_dagrun for example_sla_dag to 2025-07-23 08:26:00+00:00, run_after=2025-07-23 08:28:00+00:00
[2025-07-23T08:29:15.499+0000] {processor.py:183} INFO - Processing /home/airflow/.local/lib/python3.12/site-packages/airflow/example_dags/example_sla_dag.py took 0.338 seconds
[2025-07-23T08:29:46.302+0000] {processor.py:161} INFO - Started process (PID=1761) to work on /home/airflow/.local/lib/python3.12/site-packages/airflow/example_dags/example_sla_dag.py
[2025-07-23T08:29:46.304+0000] {processor.py:830} INFO - Processing file /home/airflow/.local/lib/python3.12/site-packages/airflow/example_dags/example_sla_dag.py for tasks to queue
[2025-07-23T08:29:46.311+0000] {logging_mixin.py:188} INFO - [2025-07-23T08:29:46.310+0000] {dagbag.py:545} INFO - Filling up the DagBag from /home/airflow/.local/lib/python3.12/site-packages/airflow/example_dags/example_sla_dag.py
[2025-07-23T08:29:46.360+0000] {processor.py:840} INFO - DAG(s) 'example_sla_dag' retrieved from /home/airflow/.local/lib/python3.12/site-packages/airflow/example_dags/example_sla_dag.py
[2025-07-23T08:29:46.441+0000] {logging_mixin.py:188} INFO - [2025-07-23T08:29:46.440+0000] {dag.py:3096} INFO - Sync 1 DAGs
[2025-07-23T08:29:46.521+0000] {logging_mixin.py:188} INFO - [2025-07-23T08:29:46.520+0000] {dag.py:3954} INFO - Setting next_dagrun for example_sla_dag to 2025-07-23 08:26:00+00:00, run_after=2025-07-23 08:28:00+00:00
[2025-07-23T08:29:46.564+0000] {processor.py:183} INFO - Processing /home/airflow/.local/lib/python3.12/site-packages/airflow/example_dags/example_sla_dag.py took 0.299 seconds
[2025-07-23T08:30:17.387+0000] {processor.py:161} INFO - Started process (PID=1819) to work on /home/airflow/.local/lib/python3.12/site-packages/airflow/example_dags/example_sla_dag.py
[2025-07-23T08:30:17.394+0000] {processor.py:830} INFO - Processing file /home/airflow/.local/lib/python3.12/site-packages/airflow/example_dags/example_sla_dag.py for tasks to queue
[2025-07-23T08:30:17.406+0000] {logging_mixin.py:188} INFO - [2025-07-23T08:30:17.405+0000] {dagbag.py:545} INFO - Filling up the DagBag from /home/airflow/.local/lib/python3.12/site-packages/airflow/example_dags/example_sla_dag.py
[2025-07-23T08:30:17.438+0000] {processor.py:840} INFO - DAG(s) 'example_sla_dag' retrieved from /home/airflow/.local/lib/python3.12/site-packages/airflow/example_dags/example_sla_dag.py
[2025-07-23T08:30:17.560+0000] {logging_mixin.py:188} INFO - [2025-07-23T08:30:17.559+0000] {dag.py:3096} INFO - Sync 1 DAGs
[2025-07-23T08:30:17.662+0000] {logging_mixin.py:188} INFO - [2025-07-23T08:30:17.662+0000] {dag.py:3954} INFO - Setting next_dagrun for example_sla_dag to 2025-07-23 08:28:00+00:00, run_after=2025-07-23 08:30:00+00:00
[2025-07-23T08:30:17.740+0000] {processor.py:183} INFO - Processing /home/airflow/.local/lib/python3.12/site-packages/airflow/example_dags/example_sla_dag.py took 0.414 seconds
[2025-07-23T08:30:48.524+0000] {processor.py:161} INFO - Started process (PID=1877) to work on /home/airflow/.local/lib/python3.12/site-packages/airflow/example_dags/example_sla_dag.py
[2025-07-23T08:30:48.530+0000] {processor.py:830} INFO - Processing file /home/airflow/.local/lib/python3.12/site-packages/airflow/example_dags/example_sla_dag.py for tasks to queue
[2025-07-23T08:30:48.541+0000] {logging_mixin.py:188} INFO - [2025-07-23T08:30:48.540+0000] {dagbag.py:545} INFO - Filling up the DagBag from /home/airflow/.local/lib/python3.12/site-packages/airflow/example_dags/example_sla_dag.py
[2025-07-23T08:30:48.580+0000] {processor.py:840} INFO - DAG(s) 'example_sla_dag' retrieved from /home/airflow/.local/lib/python3.12/site-packages/airflow/example_dags/example_sla_dag.py
[2025-07-23T08:30:48.666+0000] {logging_mixin.py:188} INFO - [2025-07-23T08:30:48.666+0000] {dag.py:3096} INFO - Sync 1 DAGs
[2025-07-23T08:30:48.781+0000] {logging_mixin.py:188} INFO - [2025-07-23T08:30:48.780+0000] {dag.py:3954} INFO - Setting next_dagrun for example_sla_dag to 2025-07-23 08:28:00+00:00, run_after=2025-07-23 08:30:00+00:00
[2025-07-23T08:30:48.877+0000] {processor.py:183} INFO - Processing /home/airflow/.local/lib/python3.12/site-packages/airflow/example_dags/example_sla_dag.py took 0.375 seconds
[2025-07-23T08:31:19.320+0000] {processor.py:161} INFO - Started process (PID=1936) to work on /home/airflow/.local/lib/python3.12/site-packages/airflow/example_dags/example_sla_dag.py
[2025-07-23T08:31:19.322+0000] {processor.py:830} INFO - Processing file /home/airflow/.local/lib/python3.12/site-packages/airflow/example_dags/example_sla_dag.py for tasks to queue
[2025-07-23T08:31:19.325+0000] {logging_mixin.py:188} INFO - [2025-07-23T08:31:19.325+0000] {dagbag.py:545} INFO - Filling up the DagBag from /home/airflow/.local/lib/python3.12/site-packages/airflow/example_dags/example_sla_dag.py
[2025-07-23T08:31:19.344+0000] {processor.py:840} INFO - DAG(s) 'example_sla_dag' retrieved from /home/airflow/.local/lib/python3.12/site-packages/airflow/example_dags/example_sla_dag.py
[2025-07-23T08:31:19.396+0000] {logging_mixin.py:188} INFO - [2025-07-23T08:31:19.395+0000] {dag.py:3096} INFO - Sync 1 DAGs
[2025-07-23T08:31:19.751+0000] {logging_mixin.py:188} INFO - [2025-07-23T08:31:19.751+0000] {dag.py:3954} INFO - Setting next_dagrun for example_sla_dag to 2025-07-23 08:28:00+00:00, run_after=2025-07-23 08:30:00+00:00
[2025-07-23T08:31:19.804+0000] {processor.py:183} INFO - Processing /home/airflow/.local/lib/python3.12/site-packages/airflow/example_dags/example_sla_dag.py took 0.497 seconds
[2025-07-23T08:31:50.196+0000] {processor.py:161} INFO - Started process (PID=1994) to work on /home/airflow/.local/lib/python3.12/site-packages/airflow/example_dags/example_sla_dag.py
[2025-07-23T08:31:50.198+0000] {processor.py:830} INFO - Processing file /home/airflow/.local/lib/python3.12/site-packages/airflow/example_dags/example_sla_dag.py for tasks to queue
[2025-07-23T08:31:50.202+0000] {logging_mixin.py:188} INFO - [2025-07-23T08:31:50.202+0000] {dagbag.py:545} INFO - Filling up the DagBag from /home/airflow/.local/lib/python3.12/site-packages/airflow/example_dags/example_sla_dag.py
[2025-07-23T08:31:50.230+0000] {processor.py:840} INFO - DAG(s) 'example_sla_dag' retrieved from /home/airflow/.local/lib/python3.12/site-packages/airflow/example_dags/example_sla_dag.py
[2025-07-23T08:31:50.283+0000] {logging_mixin.py:188} INFO - [2025-07-23T08:31:50.282+0000] {dag.py:3096} INFO - Sync 1 DAGs
[2025-07-23T08:31:50.366+0000] {logging_mixin.py:188} INFO - [2025-07-23T08:31:50.366+0000] {dag.py:3954} INFO - Setting next_dagrun for example_sla_dag to 2025-07-23 08:28:00+00:00, run_after=2025-07-23 08:30:00+00:00
[2025-07-23T08:31:50.426+0000] {processor.py:183} INFO - Processing /home/airflow/.local/lib/python3.12/site-packages/airflow/example_dags/example_sla_dag.py took 0.249 seconds
[2025-07-23T08:32:20.791+0000] {processor.py:161} INFO - Started process (PID=2052) to work on /home/airflow/.local/lib/python3.12/site-packages/airflow/example_dags/example_sla_dag.py
[2025-07-23T08:32:20.797+0000] {processor.py:830} INFO - Processing file /home/airflow/.local/lib/python3.12/site-packages/airflow/example_dags/example_sla_dag.py for tasks to queue
[2025-07-23T08:32:20.811+0000] {logging_mixin.py:188} INFO - [2025-07-23T08:32:20.810+0000] {dagbag.py:545} INFO - Filling up the DagBag from /home/airflow/.local/lib/python3.12/site-packages/airflow/example_dags/example_sla_dag.py
[2025-07-23T08:32:20.855+0000] {processor.py:840} INFO - DAG(s) 'example_sla_dag' retrieved from /home/airflow/.local/lib/python3.12/site-packages/airflow/example_dags/example_sla_dag.py
[2025-07-23T08:32:20.977+0000] {logging_mixin.py:188} INFO - [2025-07-23T08:32:20.976+0000] {dag.py:3096} INFO - Sync 1 DAGs
[2025-07-23T08:32:21.206+0000] {logging_mixin.py:188} INFO - [2025-07-23T08:32:21.205+0000] {dag.py:3954} INFO - Setting next_dagrun for example_sla_dag to 2025-07-23 08:30:00+00:00, run_after=2025-07-23 08:32:00+00:00
[2025-07-23T08:32:21.394+0000] {processor.py:183} INFO - Processing /home/airflow/.local/lib/python3.12/site-packages/airflow/example_dags/example_sla_dag.py took 0.629 seconds
[2025-07-23T08:35:04.309+0000] {processor.py:161} INFO - Started process (PID=84) to work on /home/airflow/.local/lib/python3.12/site-packages/airflow/example_dags/example_sla_dag.py
[2025-07-23T08:35:04.311+0000] {processor.py:830} INFO - Processing file /home/airflow/.local/lib/python3.12/site-packages/airflow/example_dags/example_sla_dag.py for tasks to queue
[2025-07-23T08:35:04.316+0000] {logging_mixin.py:188} INFO - [2025-07-23T08:35:04.316+0000] {dagbag.py:545} INFO - Filling up the DagBag from /home/airflow/.local/lib/python3.12/site-packages/airflow/example_dags/example_sla_dag.py
[2025-07-23T08:35:04.374+0000] {processor.py:840} INFO - DAG(s) 'example_sla_dag' retrieved from /home/airflow/.local/lib/python3.12/site-packages/airflow/example_dags/example_sla_dag.py
[2025-07-23T08:35:04.825+0000] {logging_mixin.py:188} INFO - [2025-07-23T08:35:04.824+0000] {dag.py:3096} INFO - Sync 1 DAGs
[2025-07-23T08:35:04.925+0000] {logging_mixin.py:188} INFO - [2025-07-23T08:35:04.924+0000] {dag.py:3954} INFO - Setting next_dagrun for example_sla_dag to 2025-07-23 08:32:00+00:00, run_after=2025-07-23 08:34:00+00:00
[2025-07-23T08:35:05.165+0000] {processor.py:183} INFO - Processing /home/airflow/.local/lib/python3.12/site-packages/airflow/example_dags/example_sla_dag.py took 0.869 seconds
[2025-07-23T08:35:35.456+0000] {processor.py:161} INFO - Started process (PID=142) to work on /home/airflow/.local/lib/python3.12/site-packages/airflow/example_dags/example_sla_dag.py
[2025-07-23T08:35:35.458+0000] {processor.py:830} INFO - Processing file /home/airflow/.local/lib/python3.12/site-packages/airflow/example_dags/example_sla_dag.py for tasks to queue
[2025-07-23T08:35:35.462+0000] {logging_mixin.py:188} INFO - [2025-07-23T08:35:35.461+0000] {dagbag.py:545} INFO - Filling up the DagBag from /home/airflow/.local/lib/python3.12/site-packages/airflow/example_dags/example_sla_dag.py
[2025-07-23T08:35:35.482+0000] {processor.py:840} INFO - DAG(s) 'example_sla_dag' retrieved from /home/airflow/.local/lib/python3.12/site-packages/airflow/example_dags/example_sla_dag.py
[2025-07-23T08:35:35.631+0000] {logging_mixin.py:188} INFO - [2025-07-23T08:35:35.631+0000] {dag.py:3096} INFO - Sync 1 DAGs
[2025-07-23T08:35:35.913+0000] {logging_mixin.py:188} INFO - [2025-07-23T08:35:35.913+0000] {dag.py:3954} INFO - Setting next_dagrun for example_sla_dag to 2025-07-23 08:32:00+00:00, run_after=2025-07-23 08:34:00+00:00
[2025-07-23T08:35:36.042+0000] {processor.py:183} INFO - Processing /home/airflow/.local/lib/python3.12/site-packages/airflow/example_dags/example_sla_dag.py took 0.601 seconds
[2025-07-23T08:36:07.090+0000] {processor.py:161} INFO - Started process (PID=200) to work on /home/airflow/.local/lib/python3.12/site-packages/airflow/example_dags/example_sla_dag.py
[2025-07-23T08:36:07.103+0000] {processor.py:830} INFO - Processing file /home/airflow/.local/lib/python3.12/site-packages/airflow/example_dags/example_sla_dag.py for tasks to queue
[2025-07-23T08:36:07.124+0000] {logging_mixin.py:188} INFO - [2025-07-23T08:36:07.123+0000] {dagbag.py:545} INFO - Filling up the DagBag from /home/airflow/.local/lib/python3.12/site-packages/airflow/example_dags/example_sla_dag.py
[2025-07-23T08:36:07.174+0000] {processor.py:840} INFO - DAG(s) 'example_sla_dag' retrieved from /home/airflow/.local/lib/python3.12/site-packages/airflow/example_dags/example_sla_dag.py
[2025-07-23T08:36:07.297+0000] {logging_mixin.py:188} INFO - [2025-07-23T08:36:07.294+0000] {dag.py:3096} INFO - Sync 1 DAGs
[2025-07-23T08:36:07.395+0000] {logging_mixin.py:188} INFO - [2025-07-23T08:36:07.395+0000] {dag.py:3954} INFO - Setting next_dagrun for example_sla_dag to 2025-07-23 08:34:00+00:00, run_after=2025-07-23 08:36:00+00:00
[2025-07-23T08:36:07.484+0000] {processor.py:183} INFO - Processing /home/airflow/.local/lib/python3.12/site-packages/airflow/example_dags/example_sla_dag.py took 0.431 seconds
[2025-07-23T08:36:37.808+0000] {processor.py:161} INFO - Started process (PID=258) to work on /home/airflow/.local/lib/python3.12/site-packages/airflow/example_dags/example_sla_dag.py
[2025-07-23T08:36:37.822+0000] {processor.py:830} INFO - Processing file /home/airflow/.local/lib/python3.12/site-packages/airflow/example_dags/example_sla_dag.py for tasks to queue
[2025-07-23T08:36:37.831+0000] {logging_mixin.py:188} INFO - [2025-07-23T08:36:37.830+0000] {dagbag.py:545} INFO - Filling up the DagBag from /home/airflow/.local/lib/python3.12/site-packages/airflow/example_dags/example_sla_dag.py
[2025-07-23T08:36:37.853+0000] {processor.py:840} INFO - DAG(s) 'example_sla_dag' retrieved from /home/airflow/.local/lib/python3.12/site-packages/airflow/example_dags/example_sla_dag.py
[2025-07-23T08:36:37.908+0000] {logging_mixin.py:188} INFO - [2025-07-23T08:36:37.907+0000] {dag.py:3096} INFO - Sync 1 DAGs
[2025-07-23T08:36:37.986+0000] {logging_mixin.py:188} INFO - [2025-07-23T08:36:37.985+0000] {dag.py:3954} INFO - Setting next_dagrun for example_sla_dag to 2025-07-23 08:34:00+00:00, run_after=2025-07-23 08:36:00+00:00
[2025-07-23T08:36:38.218+0000] {processor.py:183} INFO - Processing /home/airflow/.local/lib/python3.12/site-packages/airflow/example_dags/example_sla_dag.py took 0.429 seconds
[2025-07-23T08:37:08.442+0000] {processor.py:161} INFO - Started process (PID=317) to work on /home/airflow/.local/lib/python3.12/site-packages/airflow/example_dags/example_sla_dag.py
[2025-07-23T08:37:08.444+0000] {processor.py:830} INFO - Processing file /home/airflow/.local/lib/python3.12/site-packages/airflow/example_dags/example_sla_dag.py for tasks to queue
[2025-07-23T08:37:08.467+0000] {logging_mixin.py:188} INFO - [2025-07-23T08:37:08.466+0000] {dagbag.py:545} INFO - Filling up the DagBag from /home/airflow/.local/lib/python3.12/site-packages/airflow/example_dags/example_sla_dag.py
[2025-07-23T08:37:08.524+0000] {processor.py:840} INFO - DAG(s) 'example_sla_dag' retrieved from /home/airflow/.local/lib/python3.12/site-packages/airflow/example_dags/example_sla_dag.py
[2025-07-23T08:37:08.594+0000] {logging_mixin.py:188} INFO - [2025-07-23T08:37:08.594+0000] {dag.py:3096} INFO - Sync 1 DAGs
[2025-07-23T08:37:08.709+0000] {logging_mixin.py:188} INFO - [2025-07-23T08:37:08.709+0000] {dag.py:3954} INFO - Setting next_dagrun for example_sla_dag to 2025-07-23 08:34:00+00:00, run_after=2025-07-23 08:36:00+00:00
[2025-07-23T08:37:08.898+0000] {processor.py:183} INFO - Processing /home/airflow/.local/lib/python3.12/site-packages/airflow/example_dags/example_sla_dag.py took 0.479 seconds
[2025-07-23T08:37:45.824+0000] {processor.py:161} INFO - Started process (PID=381) to work on /home/airflow/.local/lib/python3.12/site-packages/airflow/example_dags/example_sla_dag.py
[2025-07-23T08:37:45.826+0000] {processor.py:830} INFO - Processing file /home/airflow/.local/lib/python3.12/site-packages/airflow/example_dags/example_sla_dag.py for tasks to queue
[2025-07-23T08:37:45.830+0000] {logging_mixin.py:188} INFO - [2025-07-23T08:37:45.830+0000] {dagbag.py:545} INFO - Filling up the DagBag from /home/airflow/.local/lib/python3.12/site-packages/airflow/example_dags/example_sla_dag.py
[2025-07-23T08:37:45.867+0000] {processor.py:840} INFO - DAG(s) 'example_sla_dag' retrieved from /home/airflow/.local/lib/python3.12/site-packages/airflow/example_dags/example_sla_dag.py
[2025-07-23T08:37:46.039+0000] {logging_mixin.py:188} INFO - [2025-07-23T08:37:46.039+0000] {dag.py:3096} INFO - Sync 1 DAGs
[2025-07-23T08:37:46.300+0000] {logging_mixin.py:188} INFO - [2025-07-23T08:37:46.299+0000] {dag.py:3954} INFO - Setting next_dagrun for example_sla_dag to 2025-07-23 08:34:00+00:00, run_after=2025-07-23 08:36:00+00:00
[2025-07-23T08:37:46.447+0000] {processor.py:183} INFO - Processing /home/airflow/.local/lib/python3.12/site-packages/airflow/example_dags/example_sla_dag.py took 0.643 seconds
[2025-07-23T08:38:33.981+0000] {processor.py:161} INFO - Started process (PID=439) to work on /home/airflow/.local/lib/python3.12/site-packages/airflow/example_dags/example_sla_dag.py
[2025-07-23T08:38:33.986+0000] {processor.py:830} INFO - Processing file /home/airflow/.local/lib/python3.12/site-packages/airflow/example_dags/example_sla_dag.py for tasks to queue
[2025-07-23T08:38:34.002+0000] {logging_mixin.py:188} INFO - [2025-07-23T08:38:34.002+0000] {dagbag.py:545} INFO - Filling up the DagBag from /home/airflow/.local/lib/python3.12/site-packages/airflow/example_dags/example_sla_dag.py
[2025-07-23T08:38:34.178+0000] {processor.py:840} INFO - DAG(s) 'example_sla_dag' retrieved from /home/airflow/.local/lib/python3.12/site-packages/airflow/example_dags/example_sla_dag.py
[2025-07-23T08:38:34.482+0000] {logging_mixin.py:188} INFO - [2025-07-23T08:38:34.481+0000] {dag.py:3096} INFO - Sync 1 DAGs
[2025-07-23T08:38:34.814+0000] {logging_mixin.py:188} INFO - [2025-07-23T08:38:34.814+0000] {dag.py:3954} INFO - Setting next_dagrun for example_sla_dag to 2025-07-23 08:36:00+00:00, run_after=2025-07-23 08:38:00+00:00
[2025-07-23T08:38:35.035+0000] {processor.py:183} INFO - Processing /home/airflow/.local/lib/python3.12/site-packages/airflow/example_dags/example_sla_dag.py took 1.155 seconds
[2025-07-23T08:39:38.783+0000] {processor.py:161} INFO - Started process (PID=503) to work on /home/airflow/.local/lib/python3.12/site-packages/airflow/example_dags/example_sla_dag.py
[2025-07-23T08:39:38.785+0000] {processor.py:830} INFO - Processing file /home/airflow/.local/lib/python3.12/site-packages/airflow/example_dags/example_sla_dag.py for tasks to queue
[2025-07-23T08:39:38.818+0000] {logging_mixin.py:188} INFO - [2025-07-23T08:39:38.817+0000] {dagbag.py:545} INFO - Filling up the DagBag from /home/airflow/.local/lib/python3.12/site-packages/airflow/example_dags/example_sla_dag.py
[2025-07-23T08:39:39.250+0000] {processor.py:840} INFO - DAG(s) 'example_sla_dag' retrieved from /home/airflow/.local/lib/python3.12/site-packages/airflow/example_dags/example_sla_dag.py
[2025-07-23T08:39:39.842+0000] {logging_mixin.py:188} INFO - [2025-07-23T08:39:39.812+0000] {dag.py:3096} INFO - Sync 1 DAGs
[2025-07-23T08:39:40.991+0000] {logging_mixin.py:188} INFO - [2025-07-23T08:39:40.927+0000] {dag.py:3954} INFO - Setting next_dagrun for example_sla_dag to 2025-07-23 08:36:00+00:00, run_after=2025-07-23 08:38:00+00:00
[2025-07-23T08:39:41.761+0000] {processor.py:183} INFO - Processing /home/airflow/.local/lib/python3.12/site-packages/airflow/example_dags/example_sla_dag.py took 3.041 seconds
[2025-07-23T08:40:22.907+0000] {processor.py:161} INFO - Started process (PID=564) to work on /home/airflow/.local/lib/python3.12/site-packages/airflow/example_dags/example_sla_dag.py
[2025-07-23T08:40:22.938+0000] {processor.py:830} INFO - Processing file /home/airflow/.local/lib/python3.12/site-packages/airflow/example_dags/example_sla_dag.py for tasks to queue
[2025-07-23T08:40:22.975+0000] {logging_mixin.py:188} INFO - [2025-07-23T08:40:22.973+0000] {dagbag.py:545} INFO - Filling up the DagBag from /home/airflow/.local/lib/python3.12/site-packages/airflow/example_dags/example_sla_dag.py
[2025-07-23T08:40:23.036+0000] {processor.py:840} INFO - DAG(s) 'example_sla_dag' retrieved from /home/airflow/.local/lib/python3.12/site-packages/airflow/example_dags/example_sla_dag.py
[2025-07-23T08:40:23.161+0000] {logging_mixin.py:188} INFO - [2025-07-23T08:40:23.161+0000] {dag.py:3096} INFO - Sync 1 DAGs
[2025-07-23T08:40:23.692+0000] {logging_mixin.py:188} INFO - [2025-07-23T08:40:23.691+0000] {dag.py:3954} INFO - Setting next_dagrun for example_sla_dag to 2025-07-23 08:38:00+00:00, run_after=2025-07-23 08:40:00+00:00
[2025-07-23T08:40:23.951+0000] {processor.py:183} INFO - Processing /home/airflow/.local/lib/python3.12/site-packages/airflow/example_dags/example_sla_dag.py took 1.214 seconds
[2025-07-23T08:40:56.470+0000] {processor.py:161} INFO - Started process (PID=621) to work on /home/airflow/.local/lib/python3.12/site-packages/airflow/example_dags/example_sla_dag.py
[2025-07-23T08:40:56.484+0000] {processor.py:830} INFO - Processing file /home/airflow/.local/lib/python3.12/site-packages/airflow/example_dags/example_sla_dag.py for tasks to queue
[2025-07-23T08:40:56.488+0000] {logging_mixin.py:188} INFO - [2025-07-23T08:40:56.487+0000] {dagbag.py:545} INFO - Filling up the DagBag from /home/airflow/.local/lib/python3.12/site-packages/airflow/example_dags/example_sla_dag.py
[2025-07-23T08:40:56.530+0000] {processor.py:840} INFO - DAG(s) 'example_sla_dag' retrieved from /home/airflow/.local/lib/python3.12/site-packages/airflow/example_dags/example_sla_dag.py
[2025-07-23T08:40:56.672+0000] {logging_mixin.py:188} INFO - [2025-07-23T08:40:56.671+0000] {dag.py:3096} INFO - Sync 1 DAGs
[2025-07-23T08:40:56.895+0000] {logging_mixin.py:188} INFO - [2025-07-23T08:40:56.884+0000] {dag.py:3954} INFO - Setting next_dagrun for example_sla_dag to 2025-07-23 08:38:00+00:00, run_after=2025-07-23 08:40:00+00:00
[2025-07-23T08:41:22.281+0000] {processor.py:186} ERROR - Got an exception! Propagating...
Traceback (most recent call last):
  File "/home/airflow/.local/lib/python3.12/site-packages/sqlalchemy/engine/base.py", line 1094, in _commit_impl
    self.engine.dialect.do_commit(self.connection)
  File "/home/airflow/.local/lib/python3.12/site-packages/sqlalchemy/engine/default.py", line 686, in do_commit
    dbapi_connection.commit()
psycopg2.OperationalError: server closed the connection unexpectedly
	This probably means the server terminated abnormally
	before or while processing the request.


The above exception was the direct cause of the following exception:

Traceback (most recent call last):
  File "/home/airflow/.local/lib/python3.12/site-packages/airflow/dag_processing/processor.py", line 182, in _run_file_processor
    _handle_dag_file_processing()
  File "/home/airflow/.local/lib/python3.12/site-packages/airflow/dag_processing/processor.py", line 163, in _handle_dag_file_processing
    result: tuple[int, int] = dag_file_processor.process_file(
                              ^^^^^^^^^^^^^^^^^^^^^^^^^^^^^^^^
  File "/home/airflow/.local/lib/python3.12/site-packages/airflow/utils/session.py", line 79, in wrapper
    return func(*args, session=session, **kwargs)
           ^^^^^^^^^^^^^^^^^^^^^^^^^^^^^^^^^^^^^^
  File "/home/airflow/.local/lib/python3.12/site-packages/airflow/dag_processing/processor.py", line 859, in process_file
    serialize_errors = DagFileProcessor.save_dag_to_db(
                       ^^^^^^^^^^^^^^^^^^^^^^^^^^^^^^^^
  File "/home/airflow/.local/lib/python3.12/site-packages/airflow/api_internal/internal_api_call.py", line 115, in wrapper
    return func(*args, **kwargs)
           ^^^^^^^^^^^^^^^^^^^^^
  File "/home/airflow/.local/lib/python3.12/site-packages/airflow/utils/session.py", line 79, in wrapper
    return func(*args, session=session, **kwargs)
           ^^^^^^^^^^^^^^^^^^^^^^^^^^^^^^^^^^^^^^
  File "/home/airflow/.local/lib/python3.12/site-packages/airflow/dag_processing/processor.py", line 896, in save_dag_to_db
    session.commit()
  File "/home/airflow/.local/lib/python3.12/site-packages/sqlalchemy/orm/session.py", line 1454, in commit
    self._transaction.commit(_to_root=self.future)
  File "/home/airflow/.local/lib/python3.12/site-packages/sqlalchemy/orm/session.py", line 839, in commit
    trans.commit()
  File "/home/airflow/.local/lib/python3.12/site-packages/sqlalchemy/engine/base.py", line 2469, in commit
    self._do_commit()
  File "/home/airflow/.local/lib/python3.12/site-packages/sqlalchemy/engine/base.py", line 2659, in _do_commit
    self._connection_commit_impl()
  File "/home/airflow/.local/lib/python3.12/site-packages/sqlalchemy/engine/base.py", line 2630, in _connection_commit_impl
    self.connection._commit_impl()
  File "/home/airflow/.local/lib/python3.12/site-packages/sqlalchemy/engine/base.py", line 1096, in _commit_impl
    self._handle_dbapi_exception(e, None, None, None, None)
  File "/home/airflow/.local/lib/python3.12/site-packages/sqlalchemy/engine/base.py", line 2134, in _handle_dbapi_exception
    util.raise_(
  File "/home/airflow/.local/lib/python3.12/site-packages/sqlalchemy/util/compat.py", line 211, in raise_
    raise exception
  File "/home/airflow/.local/lib/python3.12/site-packages/sqlalchemy/engine/base.py", line 1094, in _commit_impl
    self.engine.dialect.do_commit(self.connection)
  File "/home/airflow/.local/lib/python3.12/site-packages/sqlalchemy/engine/default.py", line 686, in do_commit
    dbapi_connection.commit()
sqlalchemy.exc.OperationalError: (psycopg2.OperationalError) server closed the connection unexpectedly
	This probably means the server terminated abnormally
	before or while processing the request.

(Background on this error at: https://sqlalche.me/e/14/e3q8)
[2025-07-23T09:00:51.300+0000] {processor.py:161} INFO - Started process (PID=54) to work on /home/airflow/.local/lib/python3.12/site-packages/airflow/example_dags/example_sla_dag.py
[2025-07-23T09:00:51.329+0000] {processor.py:830} INFO - Processing file /home/airflow/.local/lib/python3.12/site-packages/airflow/example_dags/example_sla_dag.py for tasks to queue
[2025-07-23T09:00:51.339+0000] {logging_mixin.py:188} INFO - [2025-07-23T09:00:51.338+0000] {dagbag.py:545} INFO - Filling up the DagBag from /home/airflow/.local/lib/python3.12/site-packages/airflow/example_dags/example_sla_dag.py
[2025-07-23T09:00:51.423+0000] {processor.py:840} INFO - DAG(s) 'example_sla_dag' retrieved from /home/airflow/.local/lib/python3.12/site-packages/airflow/example_dags/example_sla_dag.py
[2025-07-23T09:00:51.688+0000] {logging_mixin.py:188} INFO - [2025-07-23T09:00:51.687+0000] {dag.py:3096} INFO - Sync 1 DAGs
[2025-07-23T09:00:51.916+0000] {logging_mixin.py:188} INFO - [2025-07-23T09:00:51.915+0000] {dag.py:3954} INFO - Setting next_dagrun for example_sla_dag to 2025-07-23 08:58:00+00:00, run_after=2025-07-23 09:00:00+00:00
[2025-07-23T09:00:52.071+0000] {processor.py:183} INFO - Processing /home/airflow/.local/lib/python3.12/site-packages/airflow/example_dags/example_sla_dag.py took 0.866 seconds
[2025-07-23T09:01:36.575+0000] {processor.py:161} INFO - Started process (PID=113) to work on /home/airflow/.local/lib/python3.12/site-packages/airflow/example_dags/example_sla_dag.py
[2025-07-23T09:01:36.602+0000] {processor.py:830} INFO - Processing file /home/airflow/.local/lib/python3.12/site-packages/airflow/example_dags/example_sla_dag.py for tasks to queue
[2025-07-23T09:01:36.619+0000] {logging_mixin.py:188} INFO - [2025-07-23T09:01:36.618+0000] {dagbag.py:545} INFO - Filling up the DagBag from /home/airflow/.local/lib/python3.12/site-packages/airflow/example_dags/example_sla_dag.py
[2025-07-23T09:01:36.729+0000] {processor.py:840} INFO - DAG(s) 'example_sla_dag' retrieved from /home/airflow/.local/lib/python3.12/site-packages/airflow/example_dags/example_sla_dag.py
[2025-07-23T09:01:37.065+0000] {logging_mixin.py:188} INFO - [2025-07-23T09:01:37.064+0000] {dag.py:3096} INFO - Sync 1 DAGs
[2025-07-23T09:01:37.703+0000] {logging_mixin.py:188} INFO - [2025-07-23T09:01:37.702+0000] {dag.py:3954} INFO - Setting next_dagrun for example_sla_dag to 2025-07-23 08:58:00+00:00, run_after=2025-07-23 09:00:00+00:00
[2025-07-23T09:01:37.981+0000] {processor.py:183} INFO - Processing /home/airflow/.local/lib/python3.12/site-packages/airflow/example_dags/example_sla_dag.py took 1.460 seconds
[2025-07-23T09:02:09.322+0000] {processor.py:161} INFO - Started process (PID=172) to work on /home/airflow/.local/lib/python3.12/site-packages/airflow/example_dags/example_sla_dag.py
[2025-07-23T09:02:09.338+0000] {processor.py:830} INFO - Processing file /home/airflow/.local/lib/python3.12/site-packages/airflow/example_dags/example_sla_dag.py for tasks to queue
[2025-07-23T09:02:09.344+0000] {logging_mixin.py:188} INFO - [2025-07-23T09:02:09.343+0000] {dagbag.py:545} INFO - Filling up the DagBag from /home/airflow/.local/lib/python3.12/site-packages/airflow/example_dags/example_sla_dag.py
[2025-07-23T09:02:09.484+0000] {processor.py:840} INFO - DAG(s) 'example_sla_dag' retrieved from /home/airflow/.local/lib/python3.12/site-packages/airflow/example_dags/example_sla_dag.py
[2025-07-23T09:02:09.634+0000] {logging_mixin.py:188} INFO - [2025-07-23T09:02:09.633+0000] {dag.py:3096} INFO - Sync 1 DAGs
[2025-07-23T09:02:09.842+0000] {logging_mixin.py:188} INFO - [2025-07-23T09:02:09.842+0000] {dag.py:3954} INFO - Setting next_dagrun for example_sla_dag to 2025-07-23 09:00:00+00:00, run_after=2025-07-23 09:02:00+00:00
[2025-07-23T09:02:10.067+0000] {processor.py:183} INFO - Processing /home/airflow/.local/lib/python3.12/site-packages/airflow/example_dags/example_sla_dag.py took 0.777 seconds
[2025-07-23T09:02:45.879+0000] {processor.py:161} INFO - Started process (PID=228) to work on /home/airflow/.local/lib/python3.12/site-packages/airflow/example_dags/example_sla_dag.py
[2025-07-23T09:02:45.905+0000] {processor.py:830} INFO - Processing file /home/airflow/.local/lib/python3.12/site-packages/airflow/example_dags/example_sla_dag.py for tasks to queue
[2025-07-23T09:02:45.922+0000] {logging_mixin.py:188} INFO - [2025-07-23T09:02:45.921+0000] {dagbag.py:545} INFO - Filling up the DagBag from /home/airflow/.local/lib/python3.12/site-packages/airflow/example_dags/example_sla_dag.py
[2025-07-23T09:02:45.974+0000] {processor.py:840} INFO - DAG(s) 'example_sla_dag' retrieved from /home/airflow/.local/lib/python3.12/site-packages/airflow/example_dags/example_sla_dag.py
[2025-07-23T09:02:46.205+0000] {logging_mixin.py:188} INFO - [2025-07-23T09:02:46.204+0000] {dag.py:3096} INFO - Sync 1 DAGs
[2025-07-23T09:02:46.727+0000] {logging_mixin.py:188} INFO - [2025-07-23T09:02:46.726+0000] {dag.py:3954} INFO - Setting next_dagrun for example_sla_dag to 2025-07-23 09:00:00+00:00, run_after=2025-07-23 09:02:00+00:00
[2025-07-23T09:02:46.863+0000] {processor.py:183} INFO - Processing /home/airflow/.local/lib/python3.12/site-packages/airflow/example_dags/example_sla_dag.py took 1.008 seconds
[2025-07-23T09:03:17.515+0000] {processor.py:161} INFO - Started process (PID=280) to work on /home/airflow/.local/lib/python3.12/site-packages/airflow/example_dags/example_sla_dag.py
[2025-07-23T09:03:17.518+0000] {processor.py:830} INFO - Processing file /home/airflow/.local/lib/python3.12/site-packages/airflow/example_dags/example_sla_dag.py for tasks to queue
[2025-07-23T09:03:17.520+0000] {logging_mixin.py:188} INFO - [2025-07-23T09:03:17.519+0000] {dagbag.py:545} INFO - Filling up the DagBag from /home/airflow/.local/lib/python3.12/site-packages/airflow/example_dags/example_sla_dag.py
[2025-07-23T09:03:17.549+0000] {processor.py:840} INFO - DAG(s) 'example_sla_dag' retrieved from /home/airflow/.local/lib/python3.12/site-packages/airflow/example_dags/example_sla_dag.py
[2025-07-23T09:03:17.652+0000] {logging_mixin.py:188} INFO - [2025-07-23T09:03:17.651+0000] {dag.py:3096} INFO - Sync 1 DAGs
[2025-07-23T09:03:17.720+0000] {logging_mixin.py:188} INFO - [2025-07-23T09:03:17.719+0000] {dag.py:3954} INFO - Setting next_dagrun for example_sla_dag to 2025-07-23 09:00:00+00:00, run_after=2025-07-23 09:02:00+00:00
[2025-07-23T09:03:17.864+0000] {processor.py:183} INFO - Processing /home/airflow/.local/lib/python3.12/site-packages/airflow/example_dags/example_sla_dag.py took 0.366 seconds
[2025-07-23T09:03:49.159+0000] {processor.py:161} INFO - Started process (PID=339) to work on /home/airflow/.local/lib/python3.12/site-packages/airflow/example_dags/example_sla_dag.py
[2025-07-23T09:03:49.168+0000] {processor.py:830} INFO - Processing file /home/airflow/.local/lib/python3.12/site-packages/airflow/example_dags/example_sla_dag.py for tasks to queue
[2025-07-23T09:03:49.172+0000] {logging_mixin.py:188} INFO - [2025-07-23T09:03:49.171+0000] {dagbag.py:545} INFO - Filling up the DagBag from /home/airflow/.local/lib/python3.12/site-packages/airflow/example_dags/example_sla_dag.py
[2025-07-23T09:03:49.219+0000] {processor.py:840} INFO - DAG(s) 'example_sla_dag' retrieved from /home/airflow/.local/lib/python3.12/site-packages/airflow/example_dags/example_sla_dag.py
[2025-07-23T09:03:49.357+0000] {logging_mixin.py:188} INFO - [2025-07-23T09:03:49.356+0000] {dag.py:3096} INFO - Sync 1 DAGs
[2025-07-23T09:03:49.550+0000] {logging_mixin.py:188} INFO - [2025-07-23T09:03:49.537+0000] {dag.py:3954} INFO - Setting next_dagrun for example_sla_dag to 2025-07-23 09:00:00+00:00, run_after=2025-07-23 09:02:00+00:00
[2025-07-23T09:03:49.679+0000] {processor.py:183} INFO - Processing /home/airflow/.local/lib/python3.12/site-packages/airflow/example_dags/example_sla_dag.py took 0.541 seconds
[2025-07-23T09:04:30.744+0000] {processor.py:161} INFO - Started process (PID=398) to work on /home/airflow/.local/lib/python3.12/site-packages/airflow/example_dags/example_sla_dag.py
[2025-07-23T09:04:30.746+0000] {processor.py:830} INFO - Processing file /home/airflow/.local/lib/python3.12/site-packages/airflow/example_dags/example_sla_dag.py for tasks to queue
[2025-07-23T09:04:30.748+0000] {logging_mixin.py:188} INFO - [2025-07-23T09:04:30.747+0000] {dagbag.py:545} INFO - Filling up the DagBag from /home/airflow/.local/lib/python3.12/site-packages/airflow/example_dags/example_sla_dag.py
[2025-07-23T09:04:30.765+0000] {processor.py:840} INFO - DAG(s) 'example_sla_dag' retrieved from /home/airflow/.local/lib/python3.12/site-packages/airflow/example_dags/example_sla_dag.py
[2025-07-23T09:04:30.807+0000] {logging_mixin.py:188} INFO - [2025-07-23T09:04:30.807+0000] {dag.py:3096} INFO - Sync 1 DAGs
[2025-07-23T09:04:30.918+0000] {logging_mixin.py:188} INFO - [2025-07-23T09:04:30.918+0000] {dag.py:3954} INFO - Setting next_dagrun for example_sla_dag to 2025-07-23 09:02:00+00:00, run_after=2025-07-23 09:04:00+00:00
[2025-07-23T09:04:31.047+0000] {processor.py:183} INFO - Processing /home/airflow/.local/lib/python3.12/site-packages/airflow/example_dags/example_sla_dag.py took 0.315 seconds
[2025-07-23T09:05:01.353+0000] {processor.py:161} INFO - Started process (PID=457) to work on /home/airflow/.local/lib/python3.12/site-packages/airflow/example_dags/example_sla_dag.py
[2025-07-23T09:05:01.354+0000] {processor.py:830} INFO - Processing file /home/airflow/.local/lib/python3.12/site-packages/airflow/example_dags/example_sla_dag.py for tasks to queue
[2025-07-23T09:05:01.356+0000] {logging_mixin.py:188} INFO - [2025-07-23T09:05:01.355+0000] {dagbag.py:545} INFO - Filling up the DagBag from /home/airflow/.local/lib/python3.12/site-packages/airflow/example_dags/example_sla_dag.py
[2025-07-23T09:05:01.370+0000] {processor.py:840} INFO - DAG(s) 'example_sla_dag' retrieved from /home/airflow/.local/lib/python3.12/site-packages/airflow/example_dags/example_sla_dag.py
[2025-07-23T09:05:01.406+0000] {logging_mixin.py:188} INFO - [2025-07-23T09:05:01.405+0000] {dag.py:3096} INFO - Sync 1 DAGs
[2025-07-23T09:05:01.458+0000] {logging_mixin.py:188} INFO - [2025-07-23T09:05:01.458+0000] {dag.py:3954} INFO - Setting next_dagrun for example_sla_dag to 2025-07-23 09:02:00+00:00, run_after=2025-07-23 09:04:00+00:00
[2025-07-23T09:05:01.490+0000] {processor.py:183} INFO - Processing /home/airflow/.local/lib/python3.12/site-packages/airflow/example_dags/example_sla_dag.py took 0.148 seconds
[2025-07-23T09:05:33.611+0000] {processor.py:161} INFO - Started process (PID=517) to work on /home/airflow/.local/lib/python3.12/site-packages/airflow/example_dags/example_sla_dag.py
[2025-07-23T09:05:33.617+0000] {processor.py:830} INFO - Processing file /home/airflow/.local/lib/python3.12/site-packages/airflow/example_dags/example_sla_dag.py for tasks to queue
[2025-07-23T09:05:33.623+0000] {logging_mixin.py:188} INFO - [2025-07-23T09:05:33.621+0000] {dagbag.py:545} INFO - Filling up the DagBag from /home/airflow/.local/lib/python3.12/site-packages/airflow/example_dags/example_sla_dag.py
[2025-07-23T09:05:33.646+0000] {processor.py:840} INFO - DAG(s) 'example_sla_dag' retrieved from /home/airflow/.local/lib/python3.12/site-packages/airflow/example_dags/example_sla_dag.py
[2025-07-23T09:05:34.056+0000] {logging_mixin.py:188} INFO - [2025-07-23T09:05:34.055+0000] {dag.py:3096} INFO - Sync 1 DAGs
[2025-07-23T09:05:34.128+0000] {logging_mixin.py:188} INFO - [2025-07-23T09:05:34.128+0000] {dag.py:3954} INFO - Setting next_dagrun for example_sla_dag to 2025-07-23 09:02:00+00:00, run_after=2025-07-23 09:04:00+00:00
[2025-07-23T09:05:34.202+0000] {processor.py:183} INFO - Processing /home/airflow/.local/lib/python3.12/site-packages/airflow/example_dags/example_sla_dag.py took 0.605 seconds
[2025-07-23T09:06:04.562+0000] {processor.py:161} INFO - Started process (PID=569) to work on /home/airflow/.local/lib/python3.12/site-packages/airflow/example_dags/example_sla_dag.py
[2025-07-23T09:06:04.564+0000] {processor.py:830} INFO - Processing file /home/airflow/.local/lib/python3.12/site-packages/airflow/example_dags/example_sla_dag.py for tasks to queue
[2025-07-23T09:06:04.567+0000] {logging_mixin.py:188} INFO - [2025-07-23T09:06:04.566+0000] {dagbag.py:545} INFO - Filling up the DagBag from /home/airflow/.local/lib/python3.12/site-packages/airflow/example_dags/example_sla_dag.py
[2025-07-23T09:06:04.583+0000] {processor.py:840} INFO - DAG(s) 'example_sla_dag' retrieved from /home/airflow/.local/lib/python3.12/site-packages/airflow/example_dags/example_sla_dag.py
[2025-07-23T09:06:04.626+0000] {logging_mixin.py:188} INFO - [2025-07-23T09:06:04.625+0000] {dag.py:3096} INFO - Sync 1 DAGs
[2025-07-23T09:06:04.690+0000] {logging_mixin.py:188} INFO - [2025-07-23T09:06:04.689+0000] {dag.py:3954} INFO - Setting next_dagrun for example_sla_dag to 2025-07-23 09:04:00+00:00, run_after=2025-07-23 09:06:00+00:00
[2025-07-23T09:06:04.730+0000] {processor.py:183} INFO - Processing /home/airflow/.local/lib/python3.12/site-packages/airflow/example_dags/example_sla_dag.py took 0.181 seconds
[2025-07-23T09:06:35.226+0000] {processor.py:161} INFO - Started process (PID=628) to work on /home/airflow/.local/lib/python3.12/site-packages/airflow/example_dags/example_sla_dag.py
[2025-07-23T09:06:35.228+0000] {processor.py:830} INFO - Processing file /home/airflow/.local/lib/python3.12/site-packages/airflow/example_dags/example_sla_dag.py for tasks to queue
[2025-07-23T09:06:35.230+0000] {logging_mixin.py:188} INFO - [2025-07-23T09:06:35.229+0000] {dagbag.py:545} INFO - Filling up the DagBag from /home/airflow/.local/lib/python3.12/site-packages/airflow/example_dags/example_sla_dag.py
[2025-07-23T09:06:35.244+0000] {processor.py:840} INFO - DAG(s) 'example_sla_dag' retrieved from /home/airflow/.local/lib/python3.12/site-packages/airflow/example_dags/example_sla_dag.py
[2025-07-23T09:06:35.286+0000] {logging_mixin.py:188} INFO - [2025-07-23T09:06:35.285+0000] {dag.py:3096} INFO - Sync 1 DAGs
[2025-07-23T09:06:35.344+0000] {logging_mixin.py:188} INFO - [2025-07-23T09:06:35.344+0000] {dag.py:3954} INFO - Setting next_dagrun for example_sla_dag to 2025-07-23 09:04:00+00:00, run_after=2025-07-23 09:06:00+00:00
[2025-07-23T09:06:35.384+0000] {processor.py:183} INFO - Processing /home/airflow/.local/lib/python3.12/site-packages/airflow/example_dags/example_sla_dag.py took 0.166 seconds
[2025-07-23T09:07:05.493+0000] {processor.py:161} INFO - Started process (PID=687) to work on /home/airflow/.local/lib/python3.12/site-packages/airflow/example_dags/example_sla_dag.py
[2025-07-23T09:07:05.495+0000] {processor.py:830} INFO - Processing file /home/airflow/.local/lib/python3.12/site-packages/airflow/example_dags/example_sla_dag.py for tasks to queue
[2025-07-23T09:07:05.496+0000] {logging_mixin.py:188} INFO - [2025-07-23T09:07:05.496+0000] {dagbag.py:545} INFO - Filling up the DagBag from /home/airflow/.local/lib/python3.12/site-packages/airflow/example_dags/example_sla_dag.py
[2025-07-23T09:07:05.506+0000] {processor.py:840} INFO - DAG(s) 'example_sla_dag' retrieved from /home/airflow/.local/lib/python3.12/site-packages/airflow/example_dags/example_sla_dag.py
[2025-07-23T09:07:05.533+0000] {logging_mixin.py:188} INFO - [2025-07-23T09:07:05.533+0000] {dag.py:3096} INFO - Sync 1 DAGs
[2025-07-23T09:07:05.568+0000] {logging_mixin.py:188} INFO - [2025-07-23T09:07:05.568+0000] {dag.py:3954} INFO - Setting next_dagrun for example_sla_dag to 2025-07-23 09:04:00+00:00, run_after=2025-07-23 09:06:00+00:00
[2025-07-23T09:07:05.597+0000] {processor.py:183} INFO - Processing /home/airflow/.local/lib/python3.12/site-packages/airflow/example_dags/example_sla_dag.py took 0.110 seconds
