[2025-07-23T08:13:47.851+0000] {processor.py:161} INFO - Started process (PID=69) to work on /home/airflow/.local/lib/python3.12/site-packages/airflow/example_dags/example_task_group_decorator.py
[2025-07-23T08:13:47.853+0000] {processor.py:830} INFO - Processing file /home/airflow/.local/lib/python3.12/site-packages/airflow/example_dags/example_task_group_decorator.py for tasks to queue
[2025-07-23T08:13:47.857+0000] {logging_mixin.py:188} INFO - [2025-07-23T08:13:47.856+0000] {dagbag.py:545} INFO - Filling up the DagBag from /home/airflow/.local/lib/python3.12/site-packages/airflow/example_dags/example_task_group_decorator.py
[2025-07-23T08:13:47.955+0000] {processor.py:840} INFO - DAG(s) 'example_task_group_decorator' retrieved from /home/airflow/.local/lib/python3.12/site-packages/airflow/example_dags/example_task_group_decorator.py
[2025-07-23T08:13:48.476+0000] {logging_mixin.py:188} INFO - [2025-07-23T08:13:48.464+0000] {dag.py:3096} INFO - Sync 1 DAGs
[2025-07-23T08:13:48.684+0000] {logging_mixin.py:188} INFO - [2025-07-23T08:13:48.683+0000] {dag.py:3954} INFO - Setting next_dagrun for example_task_group_decorator to 2025-07-22 00:00:00+00:00, run_after=2025-07-23 00:00:00+00:00
[2025-07-23T08:13:48.842+0000] {processor.py:183} INFO - Processing /home/airflow/.local/lib/python3.12/site-packages/airflow/example_dags/example_task_group_decorator.py took 1.011 seconds
[2025-07-23T08:14:21.325+0000] {processor.py:161} INFO - Started process (PID=131) to work on /home/airflow/.local/lib/python3.12/site-packages/airflow/example_dags/example_task_group_decorator.py
[2025-07-23T08:14:21.341+0000] {processor.py:830} INFO - Processing file /home/airflow/.local/lib/python3.12/site-packages/airflow/example_dags/example_task_group_decorator.py for tasks to queue
[2025-07-23T08:14:21.343+0000] {logging_mixin.py:188} INFO - [2025-07-23T08:14:21.343+0000] {dagbag.py:545} INFO - Filling up the DagBag from /home/airflow/.local/lib/python3.12/site-packages/airflow/example_dags/example_task_group_decorator.py
[2025-07-23T08:14:21.499+0000] {processor.py:840} INFO - DAG(s) 'example_task_group_decorator' retrieved from /home/airflow/.local/lib/python3.12/site-packages/airflow/example_dags/example_task_group_decorator.py
[2025-07-23T08:14:21.685+0000] {logging_mixin.py:188} INFO - [2025-07-23T08:14:21.685+0000] {dag.py:3096} INFO - Sync 1 DAGs
[2025-07-23T08:14:21.831+0000] {logging_mixin.py:188} INFO - [2025-07-23T08:14:21.831+0000] {dag.py:3954} INFO - Setting next_dagrun for example_task_group_decorator to 2025-07-22 00:00:00+00:00, run_after=2025-07-23 00:00:00+00:00
[2025-07-23T08:14:21.912+0000] {processor.py:183} INFO - Processing /home/airflow/.local/lib/python3.12/site-packages/airflow/example_dags/example_task_group_decorator.py took 0.603 seconds
[2025-07-23T08:14:52.978+0000] {processor.py:161} INFO - Started process (PID=187) to work on /home/airflow/.local/lib/python3.12/site-packages/airflow/example_dags/example_task_group_decorator.py
[2025-07-23T08:14:52.981+0000] {processor.py:830} INFO - Processing file /home/airflow/.local/lib/python3.12/site-packages/airflow/example_dags/example_task_group_decorator.py for tasks to queue
[2025-07-23T08:14:52.990+0000] {logging_mixin.py:188} INFO - [2025-07-23T08:14:52.989+0000] {dagbag.py:545} INFO - Filling up the DagBag from /home/airflow/.local/lib/python3.12/site-packages/airflow/example_dags/example_task_group_decorator.py
[2025-07-23T08:14:53.083+0000] {processor.py:840} INFO - DAG(s) 'example_task_group_decorator' retrieved from /home/airflow/.local/lib/python3.12/site-packages/airflow/example_dags/example_task_group_decorator.py
[2025-07-23T08:14:53.278+0000] {logging_mixin.py:188} INFO - [2025-07-23T08:14:53.277+0000] {dag.py:3096} INFO - Sync 1 DAGs
[2025-07-23T08:14:53.378+0000] {logging_mixin.py:188} INFO - [2025-07-23T08:14:53.377+0000] {dag.py:3954} INFO - Setting next_dagrun for example_task_group_decorator to 2025-07-22 00:00:00+00:00, run_after=2025-07-23 00:00:00+00:00
[2025-07-23T08:14:53.474+0000] {processor.py:183} INFO - Processing /home/airflow/.local/lib/python3.12/site-packages/airflow/example_dags/example_task_group_decorator.py took 0.524 seconds
[2025-07-23T08:15:25.142+0000] {processor.py:161} INFO - Started process (PID=244) to work on /home/airflow/.local/lib/python3.12/site-packages/airflow/example_dags/example_task_group_decorator.py
[2025-07-23T08:15:25.154+0000] {processor.py:830} INFO - Processing file /home/airflow/.local/lib/python3.12/site-packages/airflow/example_dags/example_task_group_decorator.py for tasks to queue
[2025-07-23T08:15:25.187+0000] {logging_mixin.py:188} INFO - [2025-07-23T08:15:25.186+0000] {dagbag.py:545} INFO - Filling up the DagBag from /home/airflow/.local/lib/python3.12/site-packages/airflow/example_dags/example_task_group_decorator.py
[2025-07-23T08:15:25.267+0000] {processor.py:840} INFO - DAG(s) 'example_task_group_decorator' retrieved from /home/airflow/.local/lib/python3.12/site-packages/airflow/example_dags/example_task_group_decorator.py
[2025-07-23T08:15:25.431+0000] {logging_mixin.py:188} INFO - [2025-07-23T08:15:25.430+0000] {dag.py:3096} INFO - Sync 1 DAGs
[2025-07-23T08:15:25.570+0000] {logging_mixin.py:188} INFO - [2025-07-23T08:15:25.569+0000] {dag.py:3954} INFO - Setting next_dagrun for example_task_group_decorator to 2025-07-22 00:00:00+00:00, run_after=2025-07-23 00:00:00+00:00
[2025-07-23T08:15:25.710+0000] {processor.py:183} INFO - Processing /home/airflow/.local/lib/python3.12/site-packages/airflow/example_dags/example_task_group_decorator.py took 0.611 seconds
[2025-07-23T08:15:57.406+0000] {processor.py:161} INFO - Started process (PID=302) to work on /home/airflow/.local/lib/python3.12/site-packages/airflow/example_dags/example_task_group_decorator.py
[2025-07-23T08:15:57.408+0000] {processor.py:830} INFO - Processing file /home/airflow/.local/lib/python3.12/site-packages/airflow/example_dags/example_task_group_decorator.py for tasks to queue
[2025-07-23T08:15:57.412+0000] {logging_mixin.py:188} INFO - [2025-07-23T08:15:57.411+0000] {dagbag.py:545} INFO - Filling up the DagBag from /home/airflow/.local/lib/python3.12/site-packages/airflow/example_dags/example_task_group_decorator.py
[2025-07-23T08:15:57.455+0000] {processor.py:840} INFO - DAG(s) 'example_task_group_decorator' retrieved from /home/airflow/.local/lib/python3.12/site-packages/airflow/example_dags/example_task_group_decorator.py
[2025-07-23T08:15:57.542+0000] {logging_mixin.py:188} INFO - [2025-07-23T08:15:57.541+0000] {dag.py:3096} INFO - Sync 1 DAGs
[2025-07-23T08:15:57.592+0000] {logging_mixin.py:188} INFO - [2025-07-23T08:15:57.591+0000] {dag.py:3954} INFO - Setting next_dagrun for example_task_group_decorator to 2025-07-22 00:00:00+00:00, run_after=2025-07-23 00:00:00+00:00
[2025-07-23T08:15:57.643+0000] {processor.py:183} INFO - Processing /home/airflow/.local/lib/python3.12/site-packages/airflow/example_dags/example_task_group_decorator.py took 0.250 seconds
[2025-07-23T08:16:32.172+0000] {processor.py:161} INFO - Started process (PID=359) to work on /home/airflow/.local/lib/python3.12/site-packages/airflow/example_dags/example_task_group_decorator.py
[2025-07-23T08:16:32.176+0000] {processor.py:830} INFO - Processing file /home/airflow/.local/lib/python3.12/site-packages/airflow/example_dags/example_task_group_decorator.py for tasks to queue
[2025-07-23T08:16:32.211+0000] {logging_mixin.py:188} INFO - [2025-07-23T08:16:32.209+0000] {dagbag.py:545} INFO - Filling up the DagBag from /home/airflow/.local/lib/python3.12/site-packages/airflow/example_dags/example_task_group_decorator.py
[2025-07-23T08:16:32.342+0000] {processor.py:840} INFO - DAG(s) 'example_task_group_decorator' retrieved from /home/airflow/.local/lib/python3.12/site-packages/airflow/example_dags/example_task_group_decorator.py
[2025-07-23T08:16:32.596+0000] {logging_mixin.py:188} INFO - [2025-07-23T08:16:32.596+0000] {dag.py:3096} INFO - Sync 1 DAGs
[2025-07-23T08:16:32.796+0000] {logging_mixin.py:188} INFO - [2025-07-23T08:16:32.795+0000] {dag.py:3954} INFO - Setting next_dagrun for example_task_group_decorator to 2025-07-22 00:00:00+00:00, run_after=2025-07-23 00:00:00+00:00
[2025-07-23T08:16:33.093+0000] {processor.py:183} INFO - Processing /home/airflow/.local/lib/python3.12/site-packages/airflow/example_dags/example_task_group_decorator.py took 0.952 seconds
[2025-07-23T08:17:03.395+0000] {processor.py:161} INFO - Started process (PID=417) to work on /home/airflow/.local/lib/python3.12/site-packages/airflow/example_dags/example_task_group_decorator.py
[2025-07-23T08:17:03.397+0000] {processor.py:830} INFO - Processing file /home/airflow/.local/lib/python3.12/site-packages/airflow/example_dags/example_task_group_decorator.py for tasks to queue
[2025-07-23T08:17:03.401+0000] {logging_mixin.py:188} INFO - [2025-07-23T08:17:03.400+0000] {dagbag.py:545} INFO - Filling up the DagBag from /home/airflow/.local/lib/python3.12/site-packages/airflow/example_dags/example_task_group_decorator.py
[2025-07-23T08:17:03.436+0000] {processor.py:840} INFO - DAG(s) 'example_task_group_decorator' retrieved from /home/airflow/.local/lib/python3.12/site-packages/airflow/example_dags/example_task_group_decorator.py
[2025-07-23T08:17:03.496+0000] {logging_mixin.py:188} INFO - [2025-07-23T08:17:03.495+0000] {dag.py:3096} INFO - Sync 1 DAGs
[2025-07-23T08:17:03.557+0000] {logging_mixin.py:188} INFO - [2025-07-23T08:17:03.556+0000] {dag.py:3954} INFO - Setting next_dagrun for example_task_group_decorator to 2025-07-22 00:00:00+00:00, run_after=2025-07-23 00:00:00+00:00
[2025-07-23T08:17:03.599+0000] {processor.py:183} INFO - Processing /home/airflow/.local/lib/python3.12/site-packages/airflow/example_dags/example_task_group_decorator.py took 0.228 seconds
[2025-07-23T08:17:34.533+0000] {processor.py:161} INFO - Started process (PID=474) to work on /home/airflow/.local/lib/python3.12/site-packages/airflow/example_dags/example_task_group_decorator.py
[2025-07-23T08:17:34.535+0000] {processor.py:830} INFO - Processing file /home/airflow/.local/lib/python3.12/site-packages/airflow/example_dags/example_task_group_decorator.py for tasks to queue
[2025-07-23T08:17:34.552+0000] {logging_mixin.py:188} INFO - [2025-07-23T08:17:34.550+0000] {dagbag.py:545} INFO - Filling up the DagBag from /home/airflow/.local/lib/python3.12/site-packages/airflow/example_dags/example_task_group_decorator.py
[2025-07-23T08:17:34.687+0000] {processor.py:840} INFO - DAG(s) 'example_task_group_decorator' retrieved from /home/airflow/.local/lib/python3.12/site-packages/airflow/example_dags/example_task_group_decorator.py
[2025-07-23T08:17:34.777+0000] {logging_mixin.py:188} INFO - [2025-07-23T08:17:34.776+0000] {dag.py:3096} INFO - Sync 1 DAGs
[2025-07-23T08:17:34.926+0000] {logging_mixin.py:188} INFO - [2025-07-23T08:17:34.915+0000] {dag.py:3954} INFO - Setting next_dagrun for example_task_group_decorator to 2025-07-22 00:00:00+00:00, run_after=2025-07-23 00:00:00+00:00
[2025-07-23T08:17:35.144+0000] {processor.py:183} INFO - Processing /home/airflow/.local/lib/python3.12/site-packages/airflow/example_dags/example_task_group_decorator.py took 0.639 seconds
[2025-07-23T08:18:05.779+0000] {processor.py:161} INFO - Started process (PID=532) to work on /home/airflow/.local/lib/python3.12/site-packages/airflow/example_dags/example_task_group_decorator.py
[2025-07-23T08:18:05.794+0000] {processor.py:830} INFO - Processing file /home/airflow/.local/lib/python3.12/site-packages/airflow/example_dags/example_task_group_decorator.py for tasks to queue
[2025-07-23T08:18:05.815+0000] {logging_mixin.py:188} INFO - [2025-07-23T08:18:05.814+0000] {dagbag.py:545} INFO - Filling up the DagBag from /home/airflow/.local/lib/python3.12/site-packages/airflow/example_dags/example_task_group_decorator.py
[2025-07-23T08:18:05.976+0000] {processor.py:840} INFO - DAG(s) 'example_task_group_decorator' retrieved from /home/airflow/.local/lib/python3.12/site-packages/airflow/example_dags/example_task_group_decorator.py
[2025-07-23T08:18:06.106+0000] {logging_mixin.py:188} INFO - [2025-07-23T08:18:06.105+0000] {dag.py:3096} INFO - Sync 1 DAGs
[2025-07-23T08:18:06.202+0000] {logging_mixin.py:188} INFO - [2025-07-23T08:18:06.202+0000] {dag.py:3954} INFO - Setting next_dagrun for example_task_group_decorator to 2025-07-22 00:00:00+00:00, run_after=2025-07-23 00:00:00+00:00
[2025-07-23T08:18:06.322+0000] {processor.py:183} INFO - Processing /home/airflow/.local/lib/python3.12/site-packages/airflow/example_dags/example_task_group_decorator.py took 0.587 seconds
[2025-07-23T08:18:36.733+0000] {processor.py:161} INFO - Started process (PID=590) to work on /home/airflow/.local/lib/python3.12/site-packages/airflow/example_dags/example_task_group_decorator.py
[2025-07-23T08:18:36.747+0000] {processor.py:830} INFO - Processing file /home/airflow/.local/lib/python3.12/site-packages/airflow/example_dags/example_task_group_decorator.py for tasks to queue
[2025-07-23T08:18:36.752+0000] {logging_mixin.py:188} INFO - [2025-07-23T08:18:36.752+0000] {dagbag.py:545} INFO - Filling up the DagBag from /home/airflow/.local/lib/python3.12/site-packages/airflow/example_dags/example_task_group_decorator.py
[2025-07-23T08:18:36.815+0000] {processor.py:840} INFO - DAG(s) 'example_task_group_decorator' retrieved from /home/airflow/.local/lib/python3.12/site-packages/airflow/example_dags/example_task_group_decorator.py
[2025-07-23T08:18:37.225+0000] {logging_mixin.py:188} INFO - [2025-07-23T08:18:37.225+0000] {dag.py:3096} INFO - Sync 1 DAGs
[2025-07-23T08:18:37.450+0000] {logging_mixin.py:188} INFO - [2025-07-23T08:18:37.449+0000] {dag.py:3954} INFO - Setting next_dagrun for example_task_group_decorator to 2025-07-22 00:00:00+00:00, run_after=2025-07-23 00:00:00+00:00
[2025-07-23T08:18:37.671+0000] {processor.py:183} INFO - Processing /home/airflow/.local/lib/python3.12/site-packages/airflow/example_dags/example_task_group_decorator.py took 0.975 seconds
[2025-07-23T08:19:07.937+0000] {processor.py:161} INFO - Started process (PID=647) to work on /home/airflow/.local/lib/python3.12/site-packages/airflow/example_dags/example_task_group_decorator.py
[2025-07-23T08:19:07.938+0000] {processor.py:830} INFO - Processing file /home/airflow/.local/lib/python3.12/site-packages/airflow/example_dags/example_task_group_decorator.py for tasks to queue
[2025-07-23T08:19:07.944+0000] {logging_mixin.py:188} INFO - [2025-07-23T08:19:07.943+0000] {dagbag.py:545} INFO - Filling up the DagBag from /home/airflow/.local/lib/python3.12/site-packages/airflow/example_dags/example_task_group_decorator.py
[2025-07-23T08:19:07.982+0000] {processor.py:840} INFO - DAG(s) 'example_task_group_decorator' retrieved from /home/airflow/.local/lib/python3.12/site-packages/airflow/example_dags/example_task_group_decorator.py
[2025-07-23T08:19:08.061+0000] {logging_mixin.py:188} INFO - [2025-07-23T08:19:08.060+0000] {dag.py:3096} INFO - Sync 1 DAGs
[2025-07-23T08:19:08.113+0000] {logging_mixin.py:188} INFO - [2025-07-23T08:19:08.112+0000] {dag.py:3954} INFO - Setting next_dagrun for example_task_group_decorator to 2025-07-22 00:00:00+00:00, run_after=2025-07-23 00:00:00+00:00
[2025-07-23T08:19:08.159+0000] {processor.py:183} INFO - Processing /home/airflow/.local/lib/python3.12/site-packages/airflow/example_dags/example_task_group_decorator.py took 0.234 seconds
[2025-07-23T08:19:38.262+0000] {processor.py:161} INFO - Started process (PID=705) to work on /home/airflow/.local/lib/python3.12/site-packages/airflow/example_dags/example_task_group_decorator.py
[2025-07-23T08:19:38.275+0000] {processor.py:830} INFO - Processing file /home/airflow/.local/lib/python3.12/site-packages/airflow/example_dags/example_task_group_decorator.py for tasks to queue
[2025-07-23T08:19:38.279+0000] {logging_mixin.py:188} INFO - [2025-07-23T08:19:38.278+0000] {dagbag.py:545} INFO - Filling up the DagBag from /home/airflow/.local/lib/python3.12/site-packages/airflow/example_dags/example_task_group_decorator.py
[2025-07-23T08:19:38.374+0000] {processor.py:840} INFO - DAG(s) 'example_task_group_decorator' retrieved from /home/airflow/.local/lib/python3.12/site-packages/airflow/example_dags/example_task_group_decorator.py
[2025-07-23T08:19:38.442+0000] {logging_mixin.py:188} INFO - [2025-07-23T08:19:38.442+0000] {dag.py:3096} INFO - Sync 1 DAGs
[2025-07-23T08:19:38.520+0000] {logging_mixin.py:188} INFO - [2025-07-23T08:19:38.519+0000] {dag.py:3954} INFO - Setting next_dagrun for example_task_group_decorator to 2025-07-22 00:00:00+00:00, run_after=2025-07-23 00:00:00+00:00
[2025-07-23T08:19:38.626+0000] {processor.py:183} INFO - Processing /home/airflow/.local/lib/python3.12/site-packages/airflow/example_dags/example_task_group_decorator.py took 0.398 seconds
[2025-07-23T08:20:11.216+0000] {processor.py:161} INFO - Started process (PID=762) to work on /home/airflow/.local/lib/python3.12/site-packages/airflow/example_dags/example_task_group_decorator.py
[2025-07-23T08:20:11.218+0000] {processor.py:830} INFO - Processing file /home/airflow/.local/lib/python3.12/site-packages/airflow/example_dags/example_task_group_decorator.py for tasks to queue
[2025-07-23T08:20:11.228+0000] {logging_mixin.py:188} INFO - [2025-07-23T08:20:11.224+0000] {dagbag.py:545} INFO - Filling up the DagBag from /home/airflow/.local/lib/python3.12/site-packages/airflow/example_dags/example_task_group_decorator.py
[2025-07-23T08:20:11.322+0000] {processor.py:840} INFO - DAG(s) 'example_task_group_decorator' retrieved from /home/airflow/.local/lib/python3.12/site-packages/airflow/example_dags/example_task_group_decorator.py
[2025-07-23T08:20:11.468+0000] {logging_mixin.py:188} INFO - [2025-07-23T08:20:11.467+0000] {dag.py:3096} INFO - Sync 1 DAGs
[2025-07-23T08:20:11.656+0000] {logging_mixin.py:188} INFO - [2025-07-23T08:20:11.655+0000] {dag.py:3954} INFO - Setting next_dagrun for example_task_group_decorator to 2025-07-22 00:00:00+00:00, run_after=2025-07-23 00:00:00+00:00
[2025-07-23T08:20:11.760+0000] {processor.py:183} INFO - Processing /home/airflow/.local/lib/python3.12/site-packages/airflow/example_dags/example_task_group_decorator.py took 0.590 seconds
[2025-07-23T08:20:47.779+0000] {processor.py:161} INFO - Started process (PID=820) to work on /home/airflow/.local/lib/python3.12/site-packages/airflow/example_dags/example_task_group_decorator.py
[2025-07-23T08:20:47.801+0000] {processor.py:830} INFO - Processing file /home/airflow/.local/lib/python3.12/site-packages/airflow/example_dags/example_task_group_decorator.py for tasks to queue
[2025-07-23T08:20:47.805+0000] {logging_mixin.py:188} INFO - [2025-07-23T08:20:47.804+0000] {dagbag.py:545} INFO - Filling up the DagBag from /home/airflow/.local/lib/python3.12/site-packages/airflow/example_dags/example_task_group_decorator.py
[2025-07-23T08:20:47.943+0000] {processor.py:840} INFO - DAG(s) 'example_task_group_decorator' retrieved from /home/airflow/.local/lib/python3.12/site-packages/airflow/example_dags/example_task_group_decorator.py
[2025-07-23T08:20:49.164+0000] {logging_mixin.py:188} INFO - [2025-07-23T08:20:49.163+0000] {dag.py:3096} INFO - Sync 1 DAGs
[2025-07-23T08:20:49.373+0000] {logging_mixin.py:188} INFO - [2025-07-23T08:20:49.372+0000] {dag.py:3954} INFO - Setting next_dagrun for example_task_group_decorator to 2025-07-22 00:00:00+00:00, run_after=2025-07-23 00:00:00+00:00
[2025-07-23T08:20:49.703+0000] {processor.py:183} INFO - Processing /home/airflow/.local/lib/python3.12/site-packages/airflow/example_dags/example_task_group_decorator.py took 1.991 seconds
[2025-07-23T08:21:20.381+0000] {processor.py:161} INFO - Started process (PID=878) to work on /home/airflow/.local/lib/python3.12/site-packages/airflow/example_dags/example_task_group_decorator.py
[2025-07-23T08:21:20.387+0000] {processor.py:830} INFO - Processing file /home/airflow/.local/lib/python3.12/site-packages/airflow/example_dags/example_task_group_decorator.py for tasks to queue
[2025-07-23T08:21:20.392+0000] {logging_mixin.py:188} INFO - [2025-07-23T08:21:20.391+0000] {dagbag.py:545} INFO - Filling up the DagBag from /home/airflow/.local/lib/python3.12/site-packages/airflow/example_dags/example_task_group_decorator.py
[2025-07-23T08:21:20.525+0000] {processor.py:840} INFO - DAG(s) 'example_task_group_decorator' retrieved from /home/airflow/.local/lib/python3.12/site-packages/airflow/example_dags/example_task_group_decorator.py
[2025-07-23T08:21:20.928+0000] {logging_mixin.py:188} INFO - [2025-07-23T08:21:20.928+0000] {dag.py:3096} INFO - Sync 1 DAGs
[2025-07-23T08:21:21.289+0000] {logging_mixin.py:188} INFO - [2025-07-23T08:21:21.289+0000] {dag.py:3954} INFO - Setting next_dagrun for example_task_group_decorator to 2025-07-22 00:00:00+00:00, run_after=2025-07-23 00:00:00+00:00
[2025-07-23T08:21:21.839+0000] {processor.py:183} INFO - Processing /home/airflow/.local/lib/python3.12/site-packages/airflow/example_dags/example_task_group_decorator.py took 1.482 seconds
[2025-07-23T08:21:52.891+0000] {processor.py:161} INFO - Started process (PID=935) to work on /home/airflow/.local/lib/python3.12/site-packages/airflow/example_dags/example_task_group_decorator.py
[2025-07-23T08:21:52.897+0000] {processor.py:830} INFO - Processing file /home/airflow/.local/lib/python3.12/site-packages/airflow/example_dags/example_task_group_decorator.py for tasks to queue
[2025-07-23T08:21:52.901+0000] {logging_mixin.py:188} INFO - [2025-07-23T08:21:52.900+0000] {dagbag.py:545} INFO - Filling up the DagBag from /home/airflow/.local/lib/python3.12/site-packages/airflow/example_dags/example_task_group_decorator.py
[2025-07-23T08:21:52.971+0000] {processor.py:840} INFO - DAG(s) 'example_task_group_decorator' retrieved from /home/airflow/.local/lib/python3.12/site-packages/airflow/example_dags/example_task_group_decorator.py
[2025-07-23T08:21:53.163+0000] {logging_mixin.py:188} INFO - [2025-07-23T08:21:53.162+0000] {dag.py:3096} INFO - Sync 1 DAGs
[2025-07-23T08:21:53.291+0000] {logging_mixin.py:188} INFO - [2025-07-23T08:21:53.291+0000] {dag.py:3954} INFO - Setting next_dagrun for example_task_group_decorator to 2025-07-22 00:00:00+00:00, run_after=2025-07-23 00:00:00+00:00
[2025-07-23T08:21:53.409+0000] {processor.py:183} INFO - Processing /home/airflow/.local/lib/python3.12/site-packages/airflow/example_dags/example_task_group_decorator.py took 0.548 seconds
[2025-07-23T08:22:25.138+0000] {processor.py:161} INFO - Started process (PID=993) to work on /home/airflow/.local/lib/python3.12/site-packages/airflow/example_dags/example_task_group_decorator.py
[2025-07-23T08:22:25.157+0000] {processor.py:830} INFO - Processing file /home/airflow/.local/lib/python3.12/site-packages/airflow/example_dags/example_task_group_decorator.py for tasks to queue
[2025-07-23T08:22:25.172+0000] {logging_mixin.py:188} INFO - [2025-07-23T08:22:25.171+0000] {dagbag.py:545} INFO - Filling up the DagBag from /home/airflow/.local/lib/python3.12/site-packages/airflow/example_dags/example_task_group_decorator.py
[2025-07-23T08:22:25.319+0000] {processor.py:840} INFO - DAG(s) 'example_task_group_decorator' retrieved from /home/airflow/.local/lib/python3.12/site-packages/airflow/example_dags/example_task_group_decorator.py
[2025-07-23T08:22:25.494+0000] {logging_mixin.py:188} INFO - [2025-07-23T08:22:25.494+0000] {dag.py:3096} INFO - Sync 1 DAGs
[2025-07-23T08:22:25.667+0000] {logging_mixin.py:188} INFO - [2025-07-23T08:22:25.667+0000] {dag.py:3954} INFO - Setting next_dagrun for example_task_group_decorator to 2025-07-22 00:00:00+00:00, run_after=2025-07-23 00:00:00+00:00
[2025-07-23T08:22:25.831+0000] {processor.py:183} INFO - Processing /home/airflow/.local/lib/python3.12/site-packages/airflow/example_dags/example_task_group_decorator.py took 0.745 seconds
[2025-07-23T08:22:56.297+0000] {processor.py:161} INFO - Started process (PID=1045) to work on /home/airflow/.local/lib/python3.12/site-packages/airflow/example_dags/example_task_group_decorator.py
[2025-07-23T08:22:56.314+0000] {processor.py:830} INFO - Processing file /home/airflow/.local/lib/python3.12/site-packages/airflow/example_dags/example_task_group_decorator.py for tasks to queue
[2025-07-23T08:22:56.317+0000] {logging_mixin.py:188} INFO - [2025-07-23T08:22:56.317+0000] {dagbag.py:545} INFO - Filling up the DagBag from /home/airflow/.local/lib/python3.12/site-packages/airflow/example_dags/example_task_group_decorator.py
[2025-07-23T08:22:56.439+0000] {processor.py:840} INFO - DAG(s) 'example_task_group_decorator' retrieved from /home/airflow/.local/lib/python3.12/site-packages/airflow/example_dags/example_task_group_decorator.py
[2025-07-23T08:22:56.632+0000] {logging_mixin.py:188} INFO - [2025-07-23T08:22:56.632+0000] {dag.py:3096} INFO - Sync 1 DAGs
[2025-07-23T08:22:56.800+0000] {logging_mixin.py:188} INFO - [2025-07-23T08:22:56.799+0000] {dag.py:3954} INFO - Setting next_dagrun for example_task_group_decorator to 2025-07-22 00:00:00+00:00, run_after=2025-07-23 00:00:00+00:00
[2025-07-23T08:22:57.125+0000] {processor.py:183} INFO - Processing /home/airflow/.local/lib/python3.12/site-packages/airflow/example_dags/example_task_group_decorator.py took 0.849 seconds
[2025-07-23T08:23:44.110+0000] {processor.py:161} INFO - Started process (PID=1110) to work on /home/airflow/.local/lib/python3.12/site-packages/airflow/example_dags/example_task_group_decorator.py
[2025-07-23T08:23:44.113+0000] {processor.py:830} INFO - Processing file /home/airflow/.local/lib/python3.12/site-packages/airflow/example_dags/example_task_group_decorator.py for tasks to queue
[2025-07-23T08:23:44.130+0000] {logging_mixin.py:188} INFO - [2025-07-23T08:23:44.128+0000] {dagbag.py:545} INFO - Filling up the DagBag from /home/airflow/.local/lib/python3.12/site-packages/airflow/example_dags/example_task_group_decorator.py
[2025-07-23T08:23:44.344+0000] {processor.py:840} INFO - DAG(s) 'example_task_group_decorator' retrieved from /home/airflow/.local/lib/python3.12/site-packages/airflow/example_dags/example_task_group_decorator.py
[2025-07-23T08:23:44.542+0000] {logging_mixin.py:188} INFO - [2025-07-23T08:23:44.542+0000] {dag.py:3096} INFO - Sync 1 DAGs
[2025-07-23T08:23:44.704+0000] {logging_mixin.py:188} INFO - [2025-07-23T08:23:44.704+0000] {dag.py:3954} INFO - Setting next_dagrun for example_task_group_decorator to 2025-07-22 00:00:00+00:00, run_after=2025-07-23 00:00:00+00:00
[2025-07-23T08:23:44.876+0000] {processor.py:183} INFO - Processing /home/airflow/.local/lib/python3.12/site-packages/airflow/example_dags/example_task_group_decorator.py took 0.826 seconds
[2025-07-23T08:24:15.973+0000] {processor.py:161} INFO - Started process (PID=1168) to work on /home/airflow/.local/lib/python3.12/site-packages/airflow/example_dags/example_task_group_decorator.py
[2025-07-23T08:24:15.980+0000] {processor.py:830} INFO - Processing file /home/airflow/.local/lib/python3.12/site-packages/airflow/example_dags/example_task_group_decorator.py for tasks to queue
[2025-07-23T08:24:16.030+0000] {logging_mixin.py:188} INFO - [2025-07-23T08:24:16.029+0000] {dagbag.py:545} INFO - Filling up the DagBag from /home/airflow/.local/lib/python3.12/site-packages/airflow/example_dags/example_task_group_decorator.py
[2025-07-23T08:24:16.281+0000] {processor.py:840} INFO - DAG(s) 'example_task_group_decorator' retrieved from /home/airflow/.local/lib/python3.12/site-packages/airflow/example_dags/example_task_group_decorator.py
[2025-07-23T08:24:16.661+0000] {logging_mixin.py:188} INFO - [2025-07-23T08:24:16.660+0000] {dag.py:3096} INFO - Sync 1 DAGs
[2025-07-23T08:24:16.966+0000] {logging_mixin.py:188} INFO - [2025-07-23T08:24:16.966+0000] {dag.py:3954} INFO - Setting next_dagrun for example_task_group_decorator to 2025-07-22 00:00:00+00:00, run_after=2025-07-23 00:00:00+00:00
[2025-07-23T08:24:17.132+0000] {processor.py:183} INFO - Processing /home/airflow/.local/lib/python3.12/site-packages/airflow/example_dags/example_task_group_decorator.py took 1.244 seconds
[2025-07-23T08:24:48.024+0000] {processor.py:161} INFO - Started process (PID=1225) to work on /home/airflow/.local/lib/python3.12/site-packages/airflow/example_dags/example_task_group_decorator.py
[2025-07-23T08:24:48.026+0000] {processor.py:830} INFO - Processing file /home/airflow/.local/lib/python3.12/site-packages/airflow/example_dags/example_task_group_decorator.py for tasks to queue
[2025-07-23T08:24:48.041+0000] {logging_mixin.py:188} INFO - [2025-07-23T08:24:48.040+0000] {dagbag.py:545} INFO - Filling up the DagBag from /home/airflow/.local/lib/python3.12/site-packages/airflow/example_dags/example_task_group_decorator.py
[2025-07-23T08:24:48.099+0000] {processor.py:840} INFO - DAG(s) 'example_task_group_decorator' retrieved from /home/airflow/.local/lib/python3.12/site-packages/airflow/example_dags/example_task_group_decorator.py
[2025-07-23T08:24:48.205+0000] {logging_mixin.py:188} INFO - [2025-07-23T08:24:48.205+0000] {dag.py:3096} INFO - Sync 1 DAGs
[2025-07-23T08:24:48.326+0000] {logging_mixin.py:188} INFO - [2025-07-23T08:24:48.326+0000] {dag.py:3954} INFO - Setting next_dagrun for example_task_group_decorator to 2025-07-22 00:00:00+00:00, run_after=2025-07-23 00:00:00+00:00
[2025-07-23T08:24:48.422+0000] {processor.py:183} INFO - Processing /home/airflow/.local/lib/python3.12/site-packages/airflow/example_dags/example_task_group_decorator.py took 0.417 seconds
[2025-07-23T08:25:18.659+0000] {processor.py:161} INFO - Started process (PID=1283) to work on /home/airflow/.local/lib/python3.12/site-packages/airflow/example_dags/example_task_group_decorator.py
[2025-07-23T08:25:18.664+0000] {processor.py:830} INFO - Processing file /home/airflow/.local/lib/python3.12/site-packages/airflow/example_dags/example_task_group_decorator.py for tasks to queue
[2025-07-23T08:25:18.682+0000] {logging_mixin.py:188} INFO - [2025-07-23T08:25:18.681+0000] {dagbag.py:545} INFO - Filling up the DagBag from /home/airflow/.local/lib/python3.12/site-packages/airflow/example_dags/example_task_group_decorator.py
[2025-07-23T08:25:18.758+0000] {processor.py:840} INFO - DAG(s) 'example_task_group_decorator' retrieved from /home/airflow/.local/lib/python3.12/site-packages/airflow/example_dags/example_task_group_decorator.py
[2025-07-23T08:25:18.836+0000] {logging_mixin.py:188} INFO - [2025-07-23T08:25:18.835+0000] {dag.py:3096} INFO - Sync 1 DAGs
[2025-07-23T08:25:18.900+0000] {logging_mixin.py:188} INFO - [2025-07-23T08:25:18.899+0000] {dag.py:3954} INFO - Setting next_dagrun for example_task_group_decorator to 2025-07-22 00:00:00+00:00, run_after=2025-07-23 00:00:00+00:00
[2025-07-23T08:25:18.959+0000] {processor.py:183} INFO - Processing /home/airflow/.local/lib/python3.12/site-packages/airflow/example_dags/example_task_group_decorator.py took 0.313 seconds
[2025-07-23T08:25:49.825+0000] {processor.py:161} INFO - Started process (PID=1341) to work on /home/airflow/.local/lib/python3.12/site-packages/airflow/example_dags/example_task_group_decorator.py
[2025-07-23T08:25:49.878+0000] {processor.py:830} INFO - Processing file /home/airflow/.local/lib/python3.12/site-packages/airflow/example_dags/example_task_group_decorator.py for tasks to queue
[2025-07-23T08:25:50.023+0000] {logging_mixin.py:188} INFO - [2025-07-23T08:25:50.022+0000] {dagbag.py:545} INFO - Filling up the DagBag from /home/airflow/.local/lib/python3.12/site-packages/airflow/example_dags/example_task_group_decorator.py
[2025-07-23T08:25:50.167+0000] {processor.py:840} INFO - DAG(s) 'example_task_group_decorator' retrieved from /home/airflow/.local/lib/python3.12/site-packages/airflow/example_dags/example_task_group_decorator.py
[2025-07-23T08:25:50.449+0000] {logging_mixin.py:188} INFO - [2025-07-23T08:25:50.448+0000] {dag.py:3096} INFO - Sync 1 DAGs
[2025-07-23T08:25:50.645+0000] {logging_mixin.py:188} INFO - [2025-07-23T08:25:50.643+0000] {dag.py:3954} INFO - Setting next_dagrun for example_task_group_decorator to 2025-07-22 00:00:00+00:00, run_after=2025-07-23 00:00:00+00:00
[2025-07-23T08:25:50.863+0000] {processor.py:183} INFO - Processing /home/airflow/.local/lib/python3.12/site-packages/airflow/example_dags/example_task_group_decorator.py took 1.098 seconds
[2025-07-23T08:26:21.432+0000] {processor.py:161} INFO - Started process (PID=1398) to work on /home/airflow/.local/lib/python3.12/site-packages/airflow/example_dags/example_task_group_decorator.py
[2025-07-23T08:26:21.459+0000] {processor.py:830} INFO - Processing file /home/airflow/.local/lib/python3.12/site-packages/airflow/example_dags/example_task_group_decorator.py for tasks to queue
[2025-07-23T08:26:21.489+0000] {logging_mixin.py:188} INFO - [2025-07-23T08:26:21.470+0000] {dagbag.py:545} INFO - Filling up the DagBag from /home/airflow/.local/lib/python3.12/site-packages/airflow/example_dags/example_task_group_decorator.py
[2025-07-23T08:26:21.922+0000] {processor.py:840} INFO - DAG(s) 'example_task_group_decorator' retrieved from /home/airflow/.local/lib/python3.12/site-packages/airflow/example_dags/example_task_group_decorator.py
[2025-07-23T08:26:22.311+0000] {logging_mixin.py:188} INFO - [2025-07-23T08:26:22.310+0000] {dag.py:3096} INFO - Sync 1 DAGs
[2025-07-23T08:26:22.683+0000] {logging_mixin.py:188} INFO - [2025-07-23T08:26:22.682+0000] {dag.py:3954} INFO - Setting next_dagrun for example_task_group_decorator to 2025-07-22 00:00:00+00:00, run_after=2025-07-23 00:00:00+00:00
[2025-07-23T08:26:22.899+0000] {processor.py:183} INFO - Processing /home/airflow/.local/lib/python3.12/site-packages/airflow/example_dags/example_task_group_decorator.py took 1.557 seconds
[2025-07-23T08:26:53.267+0000] {processor.py:161} INFO - Started process (PID=1456) to work on /home/airflow/.local/lib/python3.12/site-packages/airflow/example_dags/example_task_group_decorator.py
[2025-07-23T08:26:53.271+0000] {processor.py:830} INFO - Processing file /home/airflow/.local/lib/python3.12/site-packages/airflow/example_dags/example_task_group_decorator.py for tasks to queue
[2025-07-23T08:26:53.289+0000] {logging_mixin.py:188} INFO - [2025-07-23T08:26:53.288+0000] {dagbag.py:545} INFO - Filling up the DagBag from /home/airflow/.local/lib/python3.12/site-packages/airflow/example_dags/example_task_group_decorator.py
[2025-07-23T08:26:53.490+0000] {processor.py:840} INFO - DAG(s) 'example_task_group_decorator' retrieved from /home/airflow/.local/lib/python3.12/site-packages/airflow/example_dags/example_task_group_decorator.py
[2025-07-23T08:26:53.681+0000] {logging_mixin.py:188} INFO - [2025-07-23T08:26:53.680+0000] {dag.py:3096} INFO - Sync 1 DAGs
[2025-07-23T08:26:53.894+0000] {logging_mixin.py:188} INFO - [2025-07-23T08:26:53.893+0000] {dag.py:3954} INFO - Setting next_dagrun for example_task_group_decorator to 2025-07-22 00:00:00+00:00, run_after=2025-07-23 00:00:00+00:00
[2025-07-23T08:26:54.055+0000] {processor.py:183} INFO - Processing /home/airflow/.local/lib/python3.12/site-packages/airflow/example_dags/example_task_group_decorator.py took 0.835 seconds
[2025-07-23T08:27:27.561+0000] {processor.py:161} INFO - Started process (PID=1509) to work on /home/airflow/.local/lib/python3.12/site-packages/airflow/example_dags/example_task_group_decorator.py
[2025-07-23T08:27:27.686+0000] {processor.py:830} INFO - Processing file /home/airflow/.local/lib/python3.12/site-packages/airflow/example_dags/example_task_group_decorator.py for tasks to queue
[2025-07-23T08:27:27.826+0000] {logging_mixin.py:188} INFO - [2025-07-23T08:27:27.825+0000] {dagbag.py:545} INFO - Filling up the DagBag from /home/airflow/.local/lib/python3.12/site-packages/airflow/example_dags/example_task_group_decorator.py
[2025-07-23T08:27:28.569+0000] {processor.py:840} INFO - DAG(s) 'example_task_group_decorator' retrieved from /home/airflow/.local/lib/python3.12/site-packages/airflow/example_dags/example_task_group_decorator.py
[2025-07-23T08:27:29.496+0000] {logging_mixin.py:188} INFO - [2025-07-23T08:27:29.495+0000] {dag.py:3096} INFO - Sync 1 DAGs
[2025-07-23T08:27:30.122+0000] {logging_mixin.py:188} INFO - [2025-07-23T08:27:30.120+0000] {dag.py:3954} INFO - Setting next_dagrun for example_task_group_decorator to 2025-07-22 00:00:00+00:00, run_after=2025-07-23 00:00:00+00:00
[2025-07-23T08:27:30.438+0000] {processor.py:183} INFO - Processing /home/airflow/.local/lib/python3.12/site-packages/airflow/example_dags/example_task_group_decorator.py took 2.939 seconds
[2025-07-23T08:28:01.091+0000] {processor.py:161} INFO - Started process (PID=1566) to work on /home/airflow/.local/lib/python3.12/site-packages/airflow/example_dags/example_task_group_decorator.py
[2025-07-23T08:28:01.095+0000] {processor.py:830} INFO - Processing file /home/airflow/.local/lib/python3.12/site-packages/airflow/example_dags/example_task_group_decorator.py for tasks to queue
[2025-07-23T08:28:01.137+0000] {logging_mixin.py:188} INFO - [2025-07-23T08:28:01.136+0000] {dagbag.py:545} INFO - Filling up the DagBag from /home/airflow/.local/lib/python3.12/site-packages/airflow/example_dags/example_task_group_decorator.py
[2025-07-23T08:28:01.284+0000] {processor.py:840} INFO - DAG(s) 'example_task_group_decorator' retrieved from /home/airflow/.local/lib/python3.12/site-packages/airflow/example_dags/example_task_group_decorator.py
[2025-07-23T08:28:01.524+0000] {logging_mixin.py:188} INFO - [2025-07-23T08:28:01.523+0000] {dag.py:3096} INFO - Sync 1 DAGs
[2025-07-23T08:28:01.743+0000] {logging_mixin.py:188} INFO - [2025-07-23T08:28:01.743+0000] {dag.py:3954} INFO - Setting next_dagrun for example_task_group_decorator to 2025-07-22 00:00:00+00:00, run_after=2025-07-23 00:00:00+00:00
[2025-07-23T08:28:02.077+0000] {processor.py:183} INFO - Processing /home/airflow/.local/lib/python3.12/site-packages/airflow/example_dags/example_task_group_decorator.py took 1.001 seconds
[2025-07-23T08:28:32.372+0000] {processor.py:161} INFO - Started process (PID=1624) to work on /home/airflow/.local/lib/python3.12/site-packages/airflow/example_dags/example_task_group_decorator.py
[2025-07-23T08:28:32.389+0000] {processor.py:830} INFO - Processing file /home/airflow/.local/lib/python3.12/site-packages/airflow/example_dags/example_task_group_decorator.py for tasks to queue
[2025-07-23T08:28:32.407+0000] {logging_mixin.py:188} INFO - [2025-07-23T08:28:32.405+0000] {dagbag.py:545} INFO - Filling up the DagBag from /home/airflow/.local/lib/python3.12/site-packages/airflow/example_dags/example_task_group_decorator.py
[2025-07-23T08:28:32.741+0000] {processor.py:840} INFO - DAG(s) 'example_task_group_decorator' retrieved from /home/airflow/.local/lib/python3.12/site-packages/airflow/example_dags/example_task_group_decorator.py
[2025-07-23T08:28:33.576+0000] {logging_mixin.py:188} INFO - [2025-07-23T08:28:33.576+0000] {dag.py:3096} INFO - Sync 1 DAGs
[2025-07-23T08:28:33.862+0000] {logging_mixin.py:188} INFO - [2025-07-23T08:28:33.862+0000] {dag.py:3954} INFO - Setting next_dagrun for example_task_group_decorator to 2025-07-22 00:00:00+00:00, run_after=2025-07-23 00:00:00+00:00
[2025-07-23T08:28:34.131+0000] {processor.py:183} INFO - Processing /home/airflow/.local/lib/python3.12/site-packages/airflow/example_dags/example_task_group_decorator.py took 1.846 seconds
[2025-07-23T08:29:04.831+0000] {processor.py:161} INFO - Started process (PID=1683) to work on /home/airflow/.local/lib/python3.12/site-packages/airflow/example_dags/example_task_group_decorator.py
[2025-07-23T08:29:04.859+0000] {processor.py:830} INFO - Processing file /home/airflow/.local/lib/python3.12/site-packages/airflow/example_dags/example_task_group_decorator.py for tasks to queue
[2025-07-23T08:29:04.863+0000] {logging_mixin.py:188} INFO - [2025-07-23T08:29:04.862+0000] {dagbag.py:545} INFO - Filling up the DagBag from /home/airflow/.local/lib/python3.12/site-packages/airflow/example_dags/example_task_group_decorator.py
[2025-07-23T08:29:04.963+0000] {processor.py:840} INFO - DAG(s) 'example_task_group_decorator' retrieved from /home/airflow/.local/lib/python3.12/site-packages/airflow/example_dags/example_task_group_decorator.py
[2025-07-23T08:29:05.095+0000] {logging_mixin.py:188} INFO - [2025-07-23T08:29:05.092+0000] {dag.py:3096} INFO - Sync 1 DAGs
[2025-07-23T08:29:05.355+0000] {logging_mixin.py:188} INFO - [2025-07-23T08:29:05.328+0000] {dag.py:3954} INFO - Setting next_dagrun for example_task_group_decorator to 2025-07-22 00:00:00+00:00, run_after=2025-07-23 00:00:00+00:00
[2025-07-23T08:29:05.430+0000] {processor.py:183} INFO - Processing /home/airflow/.local/lib/python3.12/site-packages/airflow/example_dags/example_task_group_decorator.py took 0.539 seconds
[2025-07-23T08:29:35.972+0000] {processor.py:161} INFO - Started process (PID=1747) to work on /home/airflow/.local/lib/python3.12/site-packages/airflow/example_dags/example_task_group_decorator.py
[2025-07-23T08:29:35.978+0000] {processor.py:830} INFO - Processing file /home/airflow/.local/lib/python3.12/site-packages/airflow/example_dags/example_task_group_decorator.py for tasks to queue
[2025-07-23T08:29:35.986+0000] {logging_mixin.py:188} INFO - [2025-07-23T08:29:35.985+0000] {dagbag.py:545} INFO - Filling up the DagBag from /home/airflow/.local/lib/python3.12/site-packages/airflow/example_dags/example_task_group_decorator.py
[2025-07-23T08:29:36.189+0000] {processor.py:840} INFO - DAG(s) 'example_task_group_decorator' retrieved from /home/airflow/.local/lib/python3.12/site-packages/airflow/example_dags/example_task_group_decorator.py
[2025-07-23T08:29:36.485+0000] {logging_mixin.py:188} INFO - [2025-07-23T08:29:36.485+0000] {dag.py:3096} INFO - Sync 1 DAGs
[2025-07-23T08:29:36.554+0000] {logging_mixin.py:188} INFO - [2025-07-23T08:29:36.553+0000] {dag.py:3954} INFO - Setting next_dagrun for example_task_group_decorator to 2025-07-22 00:00:00+00:00, run_after=2025-07-23 00:00:00+00:00
[2025-07-23T08:29:36.613+0000] {processor.py:183} INFO - Processing /home/airflow/.local/lib/python3.12/site-packages/airflow/example_dags/example_task_group_decorator.py took 0.687 seconds
[2025-07-23T08:30:06.859+0000] {processor.py:161} INFO - Started process (PID=1805) to work on /home/airflow/.local/lib/python3.12/site-packages/airflow/example_dags/example_task_group_decorator.py
[2025-07-23T08:30:06.867+0000] {processor.py:830} INFO - Processing file /home/airflow/.local/lib/python3.12/site-packages/airflow/example_dags/example_task_group_decorator.py for tasks to queue
[2025-07-23T08:30:06.876+0000] {logging_mixin.py:188} INFO - [2025-07-23T08:30:06.875+0000] {dagbag.py:545} INFO - Filling up the DagBag from /home/airflow/.local/lib/python3.12/site-packages/airflow/example_dags/example_task_group_decorator.py
[2025-07-23T08:30:06.973+0000] {processor.py:840} INFO - DAG(s) 'example_task_group_decorator' retrieved from /home/airflow/.local/lib/python3.12/site-packages/airflow/example_dags/example_task_group_decorator.py
[2025-07-23T08:30:07.063+0000] {logging_mixin.py:188} INFO - [2025-07-23T08:30:07.063+0000] {dag.py:3096} INFO - Sync 1 DAGs
[2025-07-23T08:30:07.126+0000] {logging_mixin.py:188} INFO - [2025-07-23T08:30:07.126+0000] {dag.py:3954} INFO - Setting next_dagrun for example_task_group_decorator to 2025-07-22 00:00:00+00:00, run_after=2025-07-23 00:00:00+00:00
[2025-07-23T08:30:07.222+0000] {processor.py:183} INFO - Processing /home/airflow/.local/lib/python3.12/site-packages/airflow/example_dags/example_task_group_decorator.py took 0.393 seconds
[2025-07-23T08:30:37.853+0000] {processor.py:161} INFO - Started process (PID=1863) to work on /home/airflow/.local/lib/python3.12/site-packages/airflow/example_dags/example_task_group_decorator.py
[2025-07-23T08:30:37.855+0000] {processor.py:830} INFO - Processing file /home/airflow/.local/lib/python3.12/site-packages/airflow/example_dags/example_task_group_decorator.py for tasks to queue
[2025-07-23T08:30:37.878+0000] {logging_mixin.py:188} INFO - [2025-07-23T08:30:37.876+0000] {dagbag.py:545} INFO - Filling up the DagBag from /home/airflow/.local/lib/python3.12/site-packages/airflow/example_dags/example_task_group_decorator.py
[2025-07-23T08:30:37.953+0000] {processor.py:840} INFO - DAG(s) 'example_task_group_decorator' retrieved from /home/airflow/.local/lib/python3.12/site-packages/airflow/example_dags/example_task_group_decorator.py
[2025-07-23T08:30:38.060+0000] {logging_mixin.py:188} INFO - [2025-07-23T08:30:38.059+0000] {dag.py:3096} INFO - Sync 1 DAGs
[2025-07-23T08:30:38.172+0000] {logging_mixin.py:188} INFO - [2025-07-23T08:30:38.171+0000] {dag.py:3954} INFO - Setting next_dagrun for example_task_group_decorator to 2025-07-22 00:00:00+00:00, run_after=2025-07-23 00:00:00+00:00
[2025-07-23T08:30:38.258+0000] {processor.py:183} INFO - Processing /home/airflow/.local/lib/python3.12/site-packages/airflow/example_dags/example_task_group_decorator.py took 0.430 seconds
[2025-07-23T08:31:08.522+0000] {processor.py:161} INFO - Started process (PID=1920) to work on /home/airflow/.local/lib/python3.12/site-packages/airflow/example_dags/example_task_group_decorator.py
[2025-07-23T08:31:08.524+0000] {processor.py:830} INFO - Processing file /home/airflow/.local/lib/python3.12/site-packages/airflow/example_dags/example_task_group_decorator.py for tasks to queue
[2025-07-23T08:31:08.529+0000] {logging_mixin.py:188} INFO - [2025-07-23T08:31:08.528+0000] {dagbag.py:545} INFO - Filling up the DagBag from /home/airflow/.local/lib/python3.12/site-packages/airflow/example_dags/example_task_group_decorator.py
[2025-07-23T08:31:08.576+0000] {processor.py:840} INFO - DAG(s) 'example_task_group_decorator' retrieved from /home/airflow/.local/lib/python3.12/site-packages/airflow/example_dags/example_task_group_decorator.py
[2025-07-23T08:31:08.691+0000] {logging_mixin.py:188} INFO - [2025-07-23T08:31:08.690+0000] {dag.py:3096} INFO - Sync 1 DAGs
[2025-07-23T08:31:08.781+0000] {logging_mixin.py:188} INFO - [2025-07-23T08:31:08.780+0000] {dag.py:3954} INFO - Setting next_dagrun for example_task_group_decorator to 2025-07-22 00:00:00+00:00, run_after=2025-07-23 00:00:00+00:00
[2025-07-23T08:31:09.194+0000] {processor.py:183} INFO - Processing /home/airflow/.local/lib/python3.12/site-packages/airflow/example_dags/example_task_group_decorator.py took 0.685 seconds
[2025-07-23T08:31:39.514+0000] {processor.py:161} INFO - Started process (PID=1978) to work on /home/airflow/.local/lib/python3.12/site-packages/airflow/example_dags/example_task_group_decorator.py
[2025-07-23T08:31:39.516+0000] {processor.py:830} INFO - Processing file /home/airflow/.local/lib/python3.12/site-packages/airflow/example_dags/example_task_group_decorator.py for tasks to queue
[2025-07-23T08:31:39.521+0000] {logging_mixin.py:188} INFO - [2025-07-23T08:31:39.520+0000] {dagbag.py:545} INFO - Filling up the DagBag from /home/airflow/.local/lib/python3.12/site-packages/airflow/example_dags/example_task_group_decorator.py
[2025-07-23T08:31:39.567+0000] {processor.py:840} INFO - DAG(s) 'example_task_group_decorator' retrieved from /home/airflow/.local/lib/python3.12/site-packages/airflow/example_dags/example_task_group_decorator.py
[2025-07-23T08:31:39.627+0000] {logging_mixin.py:188} INFO - [2025-07-23T08:31:39.626+0000] {dag.py:3096} INFO - Sync 1 DAGs
[2025-07-23T08:31:39.682+0000] {logging_mixin.py:188} INFO - [2025-07-23T08:31:39.682+0000] {dag.py:3954} INFO - Setting next_dagrun for example_task_group_decorator to 2025-07-22 00:00:00+00:00, run_after=2025-07-23 00:00:00+00:00
[2025-07-23T08:31:39.731+0000] {processor.py:183} INFO - Processing /home/airflow/.local/lib/python3.12/site-packages/airflow/example_dags/example_task_group_decorator.py took 0.229 seconds
[2025-07-23T08:32:10.013+0000] {processor.py:161} INFO - Started process (PID=2037) to work on /home/airflow/.local/lib/python3.12/site-packages/airflow/example_dags/example_task_group_decorator.py
[2025-07-23T08:32:10.035+0000] {processor.py:830} INFO - Processing file /home/airflow/.local/lib/python3.12/site-packages/airflow/example_dags/example_task_group_decorator.py for tasks to queue
[2025-07-23T08:32:10.040+0000] {logging_mixin.py:188} INFO - [2025-07-23T08:32:10.039+0000] {dagbag.py:545} INFO - Filling up the DagBag from /home/airflow/.local/lib/python3.12/site-packages/airflow/example_dags/example_task_group_decorator.py
[2025-07-23T08:32:10.127+0000] {processor.py:840} INFO - DAG(s) 'example_task_group_decorator' retrieved from /home/airflow/.local/lib/python3.12/site-packages/airflow/example_dags/example_task_group_decorator.py
[2025-07-23T08:32:10.256+0000] {logging_mixin.py:188} INFO - [2025-07-23T08:32:10.255+0000] {dag.py:3096} INFO - Sync 1 DAGs
[2025-07-23T08:32:10.435+0000] {logging_mixin.py:188} INFO - [2025-07-23T08:32:10.434+0000] {dag.py:3954} INFO - Setting next_dagrun for example_task_group_decorator to 2025-07-22 00:00:00+00:00, run_after=2025-07-23 00:00:00+00:00
[2025-07-23T08:32:10.527+0000] {processor.py:183} INFO - Processing /home/airflow/.local/lib/python3.12/site-packages/airflow/example_dags/example_task_group_decorator.py took 0.528 seconds
[2025-07-23T08:35:00.724+0000] {processor.py:161} INFO - Started process (PID=75) to work on /home/airflow/.local/lib/python3.12/site-packages/airflow/example_dags/example_task_group_decorator.py
[2025-07-23T08:35:00.726+0000] {processor.py:830} INFO - Processing file /home/airflow/.local/lib/python3.12/site-packages/airflow/example_dags/example_task_group_decorator.py for tasks to queue
[2025-07-23T08:35:00.730+0000] {logging_mixin.py:188} INFO - [2025-07-23T08:35:00.729+0000] {dagbag.py:545} INFO - Filling up the DagBag from /home/airflow/.local/lib/python3.12/site-packages/airflow/example_dags/example_task_group_decorator.py
[2025-07-23T08:35:00.775+0000] {processor.py:840} INFO - DAG(s) 'example_task_group_decorator' retrieved from /home/airflow/.local/lib/python3.12/site-packages/airflow/example_dags/example_task_group_decorator.py
[2025-07-23T08:35:01.039+0000] {logging_mixin.py:188} INFO - [2025-07-23T08:35:01.039+0000] {dag.py:3096} INFO - Sync 1 DAGs
[2025-07-23T08:35:01.084+0000] {logging_mixin.py:188} INFO - [2025-07-23T08:35:01.084+0000] {dag.py:3954} INFO - Setting next_dagrun for example_task_group_decorator to 2025-07-22 00:00:00+00:00, run_after=2025-07-23 00:00:00+00:00
[2025-07-23T08:35:01.176+0000] {processor.py:183} INFO - Processing /home/airflow/.local/lib/python3.12/site-packages/airflow/example_dags/example_task_group_decorator.py took 0.463 seconds
[2025-07-23T08:35:32.000+0000] {processor.py:161} INFO - Started process (PID=133) to work on /home/airflow/.local/lib/python3.12/site-packages/airflow/example_dags/example_task_group_decorator.py
[2025-07-23T08:35:32.002+0000] {processor.py:830} INFO - Processing file /home/airflow/.local/lib/python3.12/site-packages/airflow/example_dags/example_task_group_decorator.py for tasks to queue
[2025-07-23T08:35:32.006+0000] {logging_mixin.py:188} INFO - [2025-07-23T08:35:32.005+0000] {dagbag.py:545} INFO - Filling up the DagBag from /home/airflow/.local/lib/python3.12/site-packages/airflow/example_dags/example_task_group_decorator.py
[2025-07-23T08:35:32.047+0000] {processor.py:840} INFO - DAG(s) 'example_task_group_decorator' retrieved from /home/airflow/.local/lib/python3.12/site-packages/airflow/example_dags/example_task_group_decorator.py
[2025-07-23T08:35:32.219+0000] {logging_mixin.py:188} INFO - [2025-07-23T08:35:32.218+0000] {dag.py:3096} INFO - Sync 1 DAGs
[2025-07-23T08:35:32.311+0000] {logging_mixin.py:188} INFO - [2025-07-23T08:35:32.309+0000] {dag.py:3954} INFO - Setting next_dagrun for example_task_group_decorator to 2025-07-22 00:00:00+00:00, run_after=2025-07-23 00:00:00+00:00
[2025-07-23T08:35:32.429+0000] {processor.py:183} INFO - Processing /home/airflow/.local/lib/python3.12/site-packages/airflow/example_dags/example_task_group_decorator.py took 0.444 seconds
[2025-07-23T08:36:03.438+0000] {processor.py:161} INFO - Started process (PID=191) to work on /home/airflow/.local/lib/python3.12/site-packages/airflow/example_dags/example_task_group_decorator.py
[2025-07-23T08:36:03.448+0000] {processor.py:830} INFO - Processing file /home/airflow/.local/lib/python3.12/site-packages/airflow/example_dags/example_task_group_decorator.py for tasks to queue
[2025-07-23T08:36:03.452+0000] {logging_mixin.py:188} INFO - [2025-07-23T08:36:03.451+0000] {dagbag.py:545} INFO - Filling up the DagBag from /home/airflow/.local/lib/python3.12/site-packages/airflow/example_dags/example_task_group_decorator.py
[2025-07-23T08:36:03.545+0000] {processor.py:840} INFO - DAG(s) 'example_task_group_decorator' retrieved from /home/airflow/.local/lib/python3.12/site-packages/airflow/example_dags/example_task_group_decorator.py
[2025-07-23T08:36:03.774+0000] {logging_mixin.py:188} INFO - [2025-07-23T08:36:03.760+0000] {dag.py:3096} INFO - Sync 1 DAGs
[2025-07-23T08:36:03.948+0000] {logging_mixin.py:188} INFO - [2025-07-23T08:36:03.942+0000] {dag.py:3954} INFO - Setting next_dagrun for example_task_group_decorator to 2025-07-22 00:00:00+00:00, run_after=2025-07-23 00:00:00+00:00
[2025-07-23T08:36:04.091+0000] {processor.py:183} INFO - Processing /home/airflow/.local/lib/python3.12/site-packages/airflow/example_dags/example_task_group_decorator.py took 0.673 seconds
[2025-07-23T08:36:34.933+0000] {processor.py:161} INFO - Started process (PID=249) to work on /home/airflow/.local/lib/python3.12/site-packages/airflow/example_dags/example_task_group_decorator.py
[2025-07-23T08:36:34.935+0000] {processor.py:830} INFO - Processing file /home/airflow/.local/lib/python3.12/site-packages/airflow/example_dags/example_task_group_decorator.py for tasks to queue
[2025-07-23T08:36:34.945+0000] {logging_mixin.py:188} INFO - [2025-07-23T08:36:34.942+0000] {dagbag.py:545} INFO - Filling up the DagBag from /home/airflow/.local/lib/python3.12/site-packages/airflow/example_dags/example_task_group_decorator.py
[2025-07-23T08:36:35.005+0000] {processor.py:840} INFO - DAG(s) 'example_task_group_decorator' retrieved from /home/airflow/.local/lib/python3.12/site-packages/airflow/example_dags/example_task_group_decorator.py
[2025-07-23T08:36:35.240+0000] {logging_mixin.py:188} INFO - [2025-07-23T08:36:35.234+0000] {dag.py:3096} INFO - Sync 1 DAGs
[2025-07-23T08:36:35.431+0000] {logging_mixin.py:188} INFO - [2025-07-23T08:36:35.431+0000] {dag.py:3954} INFO - Setting next_dagrun for example_task_group_decorator to 2025-07-22 00:00:00+00:00, run_after=2025-07-23 00:00:00+00:00
[2025-07-23T08:36:35.547+0000] {processor.py:183} INFO - Processing /home/airflow/.local/lib/python3.12/site-packages/airflow/example_dags/example_task_group_decorator.py took 0.640 seconds
[2025-07-23T08:37:06.293+0000] {processor.py:161} INFO - Started process (PID=309) to work on /home/airflow/.local/lib/python3.12/site-packages/airflow/example_dags/example_task_group_decorator.py
[2025-07-23T08:37:06.304+0000] {processor.py:830} INFO - Processing file /home/airflow/.local/lib/python3.12/site-packages/airflow/example_dags/example_task_group_decorator.py for tasks to queue
[2025-07-23T08:37:06.308+0000] {logging_mixin.py:188} INFO - [2025-07-23T08:37:06.307+0000] {dagbag.py:545} INFO - Filling up the DagBag from /home/airflow/.local/lib/python3.12/site-packages/airflow/example_dags/example_task_group_decorator.py
[2025-07-23T08:37:06.459+0000] {processor.py:840} INFO - DAG(s) 'example_task_group_decorator' retrieved from /home/airflow/.local/lib/python3.12/site-packages/airflow/example_dags/example_task_group_decorator.py
[2025-07-23T08:37:06.715+0000] {logging_mixin.py:188} INFO - [2025-07-23T08:37:06.714+0000] {dag.py:3096} INFO - Sync 1 DAGs
[2025-07-23T08:37:06.834+0000] {logging_mixin.py:188} INFO - [2025-07-23T08:37:06.834+0000] {dag.py:3954} INFO - Setting next_dagrun for example_task_group_decorator to 2025-07-22 00:00:00+00:00, run_after=2025-07-23 00:00:00+00:00
[2025-07-23T08:37:06.907+0000] {processor.py:183} INFO - Processing /home/airflow/.local/lib/python3.12/site-packages/airflow/example_dags/example_task_group_decorator.py took 0.645 seconds
[2025-07-23T08:37:41.240+0000] {processor.py:161} INFO - Started process (PID=367) to work on /home/airflow/.local/lib/python3.12/site-packages/airflow/example_dags/example_task_group_decorator.py
[2025-07-23T08:37:41.248+0000] {processor.py:830} INFO - Processing file /home/airflow/.local/lib/python3.12/site-packages/airflow/example_dags/example_task_group_decorator.py for tasks to queue
[2025-07-23T08:37:41.261+0000] {logging_mixin.py:188} INFO - [2025-07-23T08:37:41.260+0000] {dagbag.py:545} INFO - Filling up the DagBag from /home/airflow/.local/lib/python3.12/site-packages/airflow/example_dags/example_task_group_decorator.py
[2025-07-23T08:37:41.418+0000] {processor.py:840} INFO - DAG(s) 'example_task_group_decorator' retrieved from /home/airflow/.local/lib/python3.12/site-packages/airflow/example_dags/example_task_group_decorator.py
[2025-07-23T08:37:41.655+0000] {logging_mixin.py:188} INFO - [2025-07-23T08:37:41.654+0000] {dag.py:3096} INFO - Sync 1 DAGs
[2025-07-23T08:37:41.755+0000] {logging_mixin.py:188} INFO - [2025-07-23T08:37:41.755+0000] {dag.py:3954} INFO - Setting next_dagrun for example_task_group_decorator to 2025-07-22 00:00:00+00:00, run_after=2025-07-23 00:00:00+00:00
[2025-07-23T08:37:41.972+0000] {processor.py:183} INFO - Processing /home/airflow/.local/lib/python3.12/site-packages/airflow/example_dags/example_task_group_decorator.py took 0.768 seconds
[2025-07-23T08:38:19.935+0000] {processor.py:161} INFO - Started process (PID=430) to work on /home/airflow/.local/lib/python3.12/site-packages/airflow/example_dags/example_task_group_decorator.py
[2025-07-23T08:38:19.949+0000] {processor.py:830} INFO - Processing file /home/airflow/.local/lib/python3.12/site-packages/airflow/example_dags/example_task_group_decorator.py for tasks to queue
[2025-07-23T08:38:19.982+0000] {logging_mixin.py:188} INFO - [2025-07-23T08:38:19.981+0000] {dagbag.py:545} INFO - Filling up the DagBag from /home/airflow/.local/lib/python3.12/site-packages/airflow/example_dags/example_task_group_decorator.py
[2025-07-23T08:38:20.358+0000] {processor.py:840} INFO - DAG(s) 'example_task_group_decorator' retrieved from /home/airflow/.local/lib/python3.12/site-packages/airflow/example_dags/example_task_group_decorator.py
[2025-07-23T08:38:21.001+0000] {logging_mixin.py:188} INFO - [2025-07-23T08:38:21.001+0000] {dag.py:3096} INFO - Sync 1 DAGs
[2025-07-23T08:38:21.430+0000] {logging_mixin.py:188} INFO - [2025-07-23T08:38:21.430+0000] {dag.py:3954} INFO - Setting next_dagrun for example_task_group_decorator to 2025-07-22 00:00:00+00:00, run_after=2025-07-23 00:00:00+00:00
[2025-07-23T08:38:21.769+0000] {processor.py:183} INFO - Processing /home/airflow/.local/lib/python3.12/site-packages/airflow/example_dags/example_task_group_decorator.py took 1.927 seconds
[2025-07-23T08:39:06.937+0000] {processor.py:161} INFO - Started process (PID=476) to work on /home/airflow/.local/lib/python3.12/site-packages/airflow/example_dags/example_task_group_decorator.py
[2025-07-23T08:39:06.949+0000] {processor.py:830} INFO - Processing file /home/airflow/.local/lib/python3.12/site-packages/airflow/example_dags/example_task_group_decorator.py for tasks to queue
[2025-07-23T08:39:06.967+0000] {logging_mixin.py:188} INFO - [2025-07-23T08:39:06.966+0000] {dagbag.py:545} INFO - Filling up the DagBag from /home/airflow/.local/lib/python3.12/site-packages/airflow/example_dags/example_task_group_decorator.py
[2025-07-23T08:39:07.224+0000] {processor.py:840} INFO - DAG(s) 'example_task_group_decorator' retrieved from /home/airflow/.local/lib/python3.12/site-packages/airflow/example_dags/example_task_group_decorator.py
[2025-07-23T08:39:08.274+0000] {logging_mixin.py:188} INFO - [2025-07-23T08:39:08.273+0000] {dag.py:3096} INFO - Sync 1 DAGs
[2025-07-23T08:39:08.726+0000] {logging_mixin.py:188} INFO - [2025-07-23T08:39:08.726+0000] {dag.py:3954} INFO - Setting next_dagrun for example_task_group_decorator to 2025-07-22 00:00:00+00:00, run_after=2025-07-23 00:00:00+00:00
[2025-07-23T08:39:09.213+0000] {processor.py:183} INFO - Processing /home/airflow/.local/lib/python3.12/site-packages/airflow/example_dags/example_task_group_decorator.py took 2.326 seconds
[2025-07-23T08:40:07.240+0000] {processor.py:161} INFO - Started process (PID=538) to work on /home/airflow/.local/lib/python3.12/site-packages/airflow/example_dags/example_task_group_decorator.py
[2025-07-23T08:40:07.276+0000] {processor.py:830} INFO - Processing file /home/airflow/.local/lib/python3.12/site-packages/airflow/example_dags/example_task_group_decorator.py for tasks to queue
[2025-07-23T08:40:07.290+0000] {logging_mixin.py:188} INFO - [2025-07-23T08:40:07.289+0000] {dagbag.py:545} INFO - Filling up the DagBag from /home/airflow/.local/lib/python3.12/site-packages/airflow/example_dags/example_task_group_decorator.py
[2025-07-23T08:40:07.507+0000] {processor.py:840} INFO - DAG(s) 'example_task_group_decorator' retrieved from /home/airflow/.local/lib/python3.12/site-packages/airflow/example_dags/example_task_group_decorator.py
[2025-07-23T08:40:07.827+0000] {logging_mixin.py:188} INFO - [2025-07-23T08:40:07.826+0000] {dag.py:3096} INFO - Sync 1 DAGs
[2025-07-23T08:40:08.306+0000] {logging_mixin.py:188} INFO - [2025-07-23T08:40:08.305+0000] {dag.py:3954} INFO - Setting next_dagrun for example_task_group_decorator to 2025-07-22 00:00:00+00:00, run_after=2025-07-23 00:00:00+00:00
[2025-07-23T08:40:08.600+0000] {processor.py:183} INFO - Processing /home/airflow/.local/lib/python3.12/site-packages/airflow/example_dags/example_task_group_decorator.py took 1.252 seconds
[2025-07-23T08:40:47.351+0000] {processor.py:161} INFO - Started process (PID=596) to work on /home/airflow/.local/lib/python3.12/site-packages/airflow/example_dags/example_task_group_decorator.py
[2025-07-23T08:40:47.402+0000] {processor.py:830} INFO - Processing file /home/airflow/.local/lib/python3.12/site-packages/airflow/example_dags/example_task_group_decorator.py for tasks to queue
[2025-07-23T08:40:47.413+0000] {logging_mixin.py:188} INFO - [2025-07-23T08:40:47.412+0000] {dagbag.py:545} INFO - Filling up the DagBag from /home/airflow/.local/lib/python3.12/site-packages/airflow/example_dags/example_task_group_decorator.py
[2025-07-23T08:40:47.544+0000] {processor.py:840} INFO - DAG(s) 'example_task_group_decorator' retrieved from /home/airflow/.local/lib/python3.12/site-packages/airflow/example_dags/example_task_group_decorator.py
[2025-07-23T08:40:47.625+0000] {logging_mixin.py:188} INFO - [2025-07-23T08:40:47.624+0000] {dag.py:3096} INFO - Sync 1 DAGs
[2025-07-23T08:40:47.738+0000] {logging_mixin.py:188} INFO - [2025-07-23T08:40:47.737+0000] {dag.py:3954} INFO - Setting next_dagrun for example_task_group_decorator to 2025-07-22 00:00:00+00:00, run_after=2025-07-23 00:00:00+00:00
[2025-07-23T08:40:47.891+0000] {processor.py:183} INFO - Processing /home/airflow/.local/lib/python3.12/site-packages/airflow/example_dags/example_task_group_decorator.py took 0.598 seconds
[2025-07-23T09:00:42.438+0000] {processor.py:161} INFO - Started process (PID=44) to work on /home/airflow/.local/lib/python3.12/site-packages/airflow/example_dags/example_task_group_decorator.py
[2025-07-23T09:00:42.491+0000] {processor.py:830} INFO - Processing file /home/airflow/.local/lib/python3.12/site-packages/airflow/example_dags/example_task_group_decorator.py for tasks to queue
[2025-07-23T09:00:42.508+0000] {logging_mixin.py:188} INFO - [2025-07-23T09:00:42.508+0000] {dagbag.py:545} INFO - Filling up the DagBag from /home/airflow/.local/lib/python3.12/site-packages/airflow/example_dags/example_task_group_decorator.py
[2025-07-23T09:00:42.779+0000] {processor.py:840} INFO - DAG(s) 'example_task_group_decorator' retrieved from /home/airflow/.local/lib/python3.12/site-packages/airflow/example_dags/example_task_group_decorator.py
[2025-07-23T09:00:43.140+0000] {logging_mixin.py:188} INFO - [2025-07-23T09:00:43.139+0000] {dag.py:3096} INFO - Sync 1 DAGs
[2025-07-23T09:00:43.376+0000] {logging_mixin.py:188} INFO - [2025-07-23T09:00:43.375+0000] {dag.py:3954} INFO - Setting next_dagrun for example_task_group_decorator to 2025-07-22 00:00:00+00:00, run_after=2025-07-23 00:00:00+00:00
[2025-07-23T09:00:43.602+0000] {processor.py:183} INFO - Processing /home/airflow/.local/lib/python3.12/site-packages/airflow/example_dags/example_task_group_decorator.py took 1.260 seconds
[2025-07-23T09:01:27.050+0000] {processor.py:161} INFO - Started process (PID=104) to work on /home/airflow/.local/lib/python3.12/site-packages/airflow/example_dags/example_task_group_decorator.py
[2025-07-23T09:01:27.062+0000] {processor.py:830} INFO - Processing file /home/airflow/.local/lib/python3.12/site-packages/airflow/example_dags/example_task_group_decorator.py for tasks to queue
[2025-07-23T09:01:27.078+0000] {logging_mixin.py:188} INFO - [2025-07-23T09:01:27.077+0000] {dagbag.py:545} INFO - Filling up the DagBag from /home/airflow/.local/lib/python3.12/site-packages/airflow/example_dags/example_task_group_decorator.py
[2025-07-23T09:01:27.291+0000] {processor.py:840} INFO - DAG(s) 'example_task_group_decorator' retrieved from /home/airflow/.local/lib/python3.12/site-packages/airflow/example_dags/example_task_group_decorator.py
[2025-07-23T09:01:27.881+0000] {logging_mixin.py:188} INFO - [2025-07-23T09:01:27.880+0000] {dag.py:3096} INFO - Sync 1 DAGs
[2025-07-23T09:01:28.091+0000] {logging_mixin.py:188} INFO - [2025-07-23T09:01:28.090+0000] {dag.py:3954} INFO - Setting next_dagrun for example_task_group_decorator to 2025-07-22 00:00:00+00:00, run_after=2025-07-23 00:00:00+00:00
[2025-07-23T09:01:28.281+0000] {processor.py:183} INFO - Processing /home/airflow/.local/lib/python3.12/site-packages/airflow/example_dags/example_task_group_decorator.py took 1.290 seconds
[2025-07-23T09:01:59.284+0000] {processor.py:161} INFO - Started process (PID=154) to work on /home/airflow/.local/lib/python3.12/site-packages/airflow/example_dags/example_task_group_decorator.py
[2025-07-23T09:01:59.287+0000] {processor.py:830} INFO - Processing file /home/airflow/.local/lib/python3.12/site-packages/airflow/example_dags/example_task_group_decorator.py for tasks to queue
[2025-07-23T09:01:59.289+0000] {logging_mixin.py:188} INFO - [2025-07-23T09:01:59.289+0000] {dagbag.py:545} INFO - Filling up the DagBag from /home/airflow/.local/lib/python3.12/site-packages/airflow/example_dags/example_task_group_decorator.py
[2025-07-23T09:01:59.366+0000] {processor.py:840} INFO - DAG(s) 'example_task_group_decorator' retrieved from /home/airflow/.local/lib/python3.12/site-packages/airflow/example_dags/example_task_group_decorator.py
[2025-07-23T09:01:59.538+0000] {logging_mixin.py:188} INFO - [2025-07-23T09:01:59.527+0000] {dag.py:3096} INFO - Sync 1 DAGs
[2025-07-23T09:01:59.675+0000] {logging_mixin.py:188} INFO - [2025-07-23T09:01:59.675+0000] {dag.py:3954} INFO - Setting next_dagrun for example_task_group_decorator to 2025-07-22 00:00:00+00:00, run_after=2025-07-23 00:00:00+00:00
[2025-07-23T09:01:59.785+0000] {processor.py:183} INFO - Processing /home/airflow/.local/lib/python3.12/site-packages/airflow/example_dags/example_task_group_decorator.py took 0.513 seconds
[2025-07-23T09:02:38.170+0000] {processor.py:161} INFO - Started process (PID=213) to work on /home/airflow/.local/lib/python3.12/site-packages/airflow/example_dags/example_task_group_decorator.py
[2025-07-23T09:02:38.184+0000] {processor.py:830} INFO - Processing file /home/airflow/.local/lib/python3.12/site-packages/airflow/example_dags/example_task_group_decorator.py for tasks to queue
[2025-07-23T09:02:38.201+0000] {logging_mixin.py:188} INFO - [2025-07-23T09:02:38.200+0000] {dagbag.py:545} INFO - Filling up the DagBag from /home/airflow/.local/lib/python3.12/site-packages/airflow/example_dags/example_task_group_decorator.py
[2025-07-23T09:02:38.538+0000] {processor.py:840} INFO - DAG(s) 'example_task_group_decorator' retrieved from /home/airflow/.local/lib/python3.12/site-packages/airflow/example_dags/example_task_group_decorator.py
[2025-07-23T09:02:38.839+0000] {logging_mixin.py:188} INFO - [2025-07-23T09:02:38.838+0000] {dag.py:3096} INFO - Sync 1 DAGs
[2025-07-23T09:02:39.174+0000] {logging_mixin.py:188} INFO - [2025-07-23T09:02:39.174+0000] {dag.py:3954} INFO - Setting next_dagrun for example_task_group_decorator to 2025-07-22 00:00:00+00:00, run_after=2025-07-23 00:00:00+00:00
[2025-07-23T09:02:39.483+0000] {processor.py:183} INFO - Processing /home/airflow/.local/lib/python3.12/site-packages/airflow/example_dags/example_task_group_decorator.py took 1.344 seconds
[2025-07-23T09:03:09.624+0000] {processor.py:161} INFO - Started process (PID=272) to work on /home/airflow/.local/lib/python3.12/site-packages/airflow/example_dags/example_task_group_decorator.py
[2025-07-23T09:03:09.626+0000] {processor.py:830} INFO - Processing file /home/airflow/.local/lib/python3.12/site-packages/airflow/example_dags/example_task_group_decorator.py for tasks to queue
[2025-07-23T09:03:09.628+0000] {logging_mixin.py:188} INFO - [2025-07-23T09:03:09.627+0000] {dagbag.py:545} INFO - Filling up the DagBag from /home/airflow/.local/lib/python3.12/site-packages/airflow/example_dags/example_task_group_decorator.py
[2025-07-23T09:03:09.665+0000] {processor.py:840} INFO - DAG(s) 'example_task_group_decorator' retrieved from /home/airflow/.local/lib/python3.12/site-packages/airflow/example_dags/example_task_group_decorator.py
[2025-07-23T09:03:09.753+0000] {logging_mixin.py:188} INFO - [2025-07-23T09:03:09.752+0000] {dag.py:3096} INFO - Sync 1 DAGs
[2025-07-23T09:03:09.796+0000] {logging_mixin.py:188} INFO - [2025-07-23T09:03:09.796+0000] {dag.py:3954} INFO - Setting next_dagrun for example_task_group_decorator to 2025-07-22 00:00:00+00:00, run_after=2025-07-23 00:00:00+00:00
[2025-07-23T09:03:09.832+0000] {processor.py:183} INFO - Processing /home/airflow/.local/lib/python3.12/site-packages/airflow/example_dags/example_task_group_decorator.py took 0.220 seconds
[2025-07-23T09:03:44.785+0000] {processor.py:161} INFO - Started process (PID=330) to work on /home/airflow/.local/lib/python3.12/site-packages/airflow/example_dags/example_task_group_decorator.py
[2025-07-23T09:03:44.792+0000] {processor.py:830} INFO - Processing file /home/airflow/.local/lib/python3.12/site-packages/airflow/example_dags/example_task_group_decorator.py for tasks to queue
[2025-07-23T09:03:44.795+0000] {logging_mixin.py:188} INFO - [2025-07-23T09:03:44.795+0000] {dagbag.py:545} INFO - Filling up the DagBag from /home/airflow/.local/lib/python3.12/site-packages/airflow/example_dags/example_task_group_decorator.py
[2025-07-23T09:03:44.893+0000] {processor.py:840} INFO - DAG(s) 'example_task_group_decorator' retrieved from /home/airflow/.local/lib/python3.12/site-packages/airflow/example_dags/example_task_group_decorator.py
[2025-07-23T09:03:45.080+0000] {logging_mixin.py:188} INFO - [2025-07-23T09:03:45.079+0000] {dag.py:3096} INFO - Sync 1 DAGs
[2025-07-23T09:03:45.213+0000] {logging_mixin.py:188} INFO - [2025-07-23T09:03:45.211+0000] {dag.py:3954} INFO - Setting next_dagrun for example_task_group_decorator to 2025-07-22 00:00:00+00:00, run_after=2025-07-23 00:00:00+00:00
[2025-07-23T09:03:45.330+0000] {processor.py:183} INFO - Processing /home/airflow/.local/lib/python3.12/site-packages/airflow/example_dags/example_task_group_decorator.py took 0.596 seconds
[2025-07-23T09:04:18.721+0000] {processor.py:161} INFO - Started process (PID=380) to work on /home/airflow/.local/lib/python3.12/site-packages/airflow/example_dags/example_task_group_decorator.py
[2025-07-23T09:04:18.738+0000] {processor.py:830} INFO - Processing file /home/airflow/.local/lib/python3.12/site-packages/airflow/example_dags/example_task_group_decorator.py for tasks to queue
[2025-07-23T09:04:18.759+0000] {logging_mixin.py:188} INFO - [2025-07-23T09:04:18.758+0000] {dagbag.py:545} INFO - Filling up the DagBag from /home/airflow/.local/lib/python3.12/site-packages/airflow/example_dags/example_task_group_decorator.py
[2025-07-23T09:04:18.969+0000] {processor.py:840} INFO - DAG(s) 'example_task_group_decorator' retrieved from /home/airflow/.local/lib/python3.12/site-packages/airflow/example_dags/example_task_group_decorator.py
[2025-07-23T09:04:19.359+0000] {logging_mixin.py:188} INFO - [2025-07-23T09:04:19.358+0000] {dag.py:3096} INFO - Sync 1 DAGs
[2025-07-23T09:04:19.659+0000] {logging_mixin.py:188} INFO - [2025-07-23T09:04:19.657+0000] {dag.py:3954} INFO - Setting next_dagrun for example_task_group_decorator to 2025-07-22 00:00:00+00:00, run_after=2025-07-23 00:00:00+00:00
[2025-07-23T09:04:19.914+0000] {processor.py:183} INFO - Processing /home/airflow/.local/lib/python3.12/site-packages/airflow/example_dags/example_task_group_decorator.py took 1.296 seconds
[2025-07-23T09:04:50.377+0000] {processor.py:161} INFO - Started process (PID=439) to work on /home/airflow/.local/lib/python3.12/site-packages/airflow/example_dags/example_task_group_decorator.py
[2025-07-23T09:04:50.384+0000] {processor.py:830} INFO - Processing file /home/airflow/.local/lib/python3.12/site-packages/airflow/example_dags/example_task_group_decorator.py for tasks to queue
[2025-07-23T09:04:50.388+0000] {logging_mixin.py:188} INFO - [2025-07-23T09:04:50.387+0000] {dagbag.py:545} INFO - Filling up the DagBag from /home/airflow/.local/lib/python3.12/site-packages/airflow/example_dags/example_task_group_decorator.py
[2025-07-23T09:04:50.515+0000] {processor.py:840} INFO - DAG(s) 'example_task_group_decorator' retrieved from /home/airflow/.local/lib/python3.12/site-packages/airflow/example_dags/example_task_group_decorator.py
[2025-07-23T09:04:50.771+0000] {logging_mixin.py:188} INFO - [2025-07-23T09:04:50.770+0000] {dag.py:3096} INFO - Sync 1 DAGs
[2025-07-23T09:04:51.532+0000] {logging_mixin.py:188} INFO - [2025-07-23T09:04:51.519+0000] {dag.py:3954} INFO - Setting next_dagrun for example_task_group_decorator to 2025-07-22 00:00:00+00:00, run_after=2025-07-23 00:00:00+00:00
[2025-07-23T09:04:51.806+0000] {processor.py:183} INFO - Processing /home/airflow/.local/lib/python3.12/site-packages/airflow/example_dags/example_task_group_decorator.py took 1.475 seconds
[2025-07-23T09:05:22.950+0000] {processor.py:161} INFO - Started process (PID=491) to work on /home/airflow/.local/lib/python3.12/site-packages/airflow/example_dags/example_task_group_decorator.py
[2025-07-23T09:05:22.952+0000] {processor.py:830} INFO - Processing file /home/airflow/.local/lib/python3.12/site-packages/airflow/example_dags/example_task_group_decorator.py for tasks to queue
[2025-07-23T09:05:22.954+0000] {logging_mixin.py:188} INFO - [2025-07-23T09:05:22.953+0000] {dagbag.py:545} INFO - Filling up the DagBag from /home/airflow/.local/lib/python3.12/site-packages/airflow/example_dags/example_task_group_decorator.py
[2025-07-23T09:05:23.013+0000] {processor.py:840} INFO - DAG(s) 'example_task_group_decorator' retrieved from /home/airflow/.local/lib/python3.12/site-packages/airflow/example_dags/example_task_group_decorator.py
[2025-07-23T09:05:23.311+0000] {logging_mixin.py:188} INFO - [2025-07-23T09:05:23.311+0000] {dag.py:3096} INFO - Sync 1 DAGs
[2025-07-23T09:05:23.589+0000] {logging_mixin.py:188} INFO - [2025-07-23T09:05:23.589+0000] {dag.py:3954} INFO - Setting next_dagrun for example_task_group_decorator to 2025-07-22 00:00:00+00:00, run_after=2025-07-23 00:00:00+00:00
[2025-07-23T09:05:23.685+0000] {processor.py:183} INFO - Processing /home/airflow/.local/lib/python3.12/site-packages/airflow/example_dags/example_task_group_decorator.py took 0.749 seconds
[2025-07-23T09:05:54.517+0000] {processor.py:161} INFO - Started process (PID=551) to work on /home/airflow/.local/lib/python3.12/site-packages/airflow/example_dags/example_task_group_decorator.py
[2025-07-23T09:05:54.519+0000] {processor.py:830} INFO - Processing file /home/airflow/.local/lib/python3.12/site-packages/airflow/example_dags/example_task_group_decorator.py for tasks to queue
[2025-07-23T09:05:54.520+0000] {logging_mixin.py:188} INFO - [2025-07-23T09:05:54.520+0000] {dagbag.py:545} INFO - Filling up the DagBag from /home/airflow/.local/lib/python3.12/site-packages/airflow/example_dags/example_task_group_decorator.py
[2025-07-23T09:05:54.548+0000] {processor.py:840} INFO - DAG(s) 'example_task_group_decorator' retrieved from /home/airflow/.local/lib/python3.12/site-packages/airflow/example_dags/example_task_group_decorator.py
[2025-07-23T09:05:54.604+0000] {logging_mixin.py:188} INFO - [2025-07-23T09:05:54.603+0000] {dag.py:3096} INFO - Sync 1 DAGs
[2025-07-23T09:05:54.641+0000] {logging_mixin.py:188} INFO - [2025-07-23T09:05:54.641+0000] {dag.py:3954} INFO - Setting next_dagrun for example_task_group_decorator to 2025-07-22 00:00:00+00:00, run_after=2025-07-23 00:00:00+00:00
[2025-07-23T09:05:54.709+0000] {processor.py:183} INFO - Processing /home/airflow/.local/lib/python3.12/site-packages/airflow/example_dags/example_task_group_decorator.py took 0.202 seconds
[2025-07-23T09:06:24.965+0000] {processor.py:161} INFO - Started process (PID=610) to work on /home/airflow/.local/lib/python3.12/site-packages/airflow/example_dags/example_task_group_decorator.py
[2025-07-23T09:06:24.966+0000] {processor.py:830} INFO - Processing file /home/airflow/.local/lib/python3.12/site-packages/airflow/example_dags/example_task_group_decorator.py for tasks to queue
[2025-07-23T09:06:24.968+0000] {logging_mixin.py:188} INFO - [2025-07-23T09:06:24.968+0000] {dagbag.py:545} INFO - Filling up the DagBag from /home/airflow/.local/lib/python3.12/site-packages/airflow/example_dags/example_task_group_decorator.py
[2025-07-23T09:06:24.997+0000] {processor.py:840} INFO - DAG(s) 'example_task_group_decorator' retrieved from /home/airflow/.local/lib/python3.12/site-packages/airflow/example_dags/example_task_group_decorator.py
[2025-07-23T09:06:25.044+0000] {logging_mixin.py:188} INFO - [2025-07-23T09:06:25.044+0000] {dag.py:3096} INFO - Sync 1 DAGs
[2025-07-23T09:06:25.086+0000] {logging_mixin.py:188} INFO - [2025-07-23T09:06:25.086+0000] {dag.py:3954} INFO - Setting next_dagrun for example_task_group_decorator to 2025-07-22 00:00:00+00:00, run_after=2025-07-23 00:00:00+00:00
[2025-07-23T09:06:25.171+0000] {processor.py:183} INFO - Processing /home/airflow/.local/lib/python3.12/site-packages/airflow/example_dags/example_task_group_decorator.py took 0.215 seconds
[2025-07-23T09:06:55.982+0000] {processor.py:161} INFO - Started process (PID=669) to work on /home/airflow/.local/lib/python3.12/site-packages/airflow/example_dags/example_task_group_decorator.py
[2025-07-23T09:06:55.984+0000] {processor.py:830} INFO - Processing file /home/airflow/.local/lib/python3.12/site-packages/airflow/example_dags/example_task_group_decorator.py for tasks to queue
[2025-07-23T09:06:55.987+0000] {logging_mixin.py:188} INFO - [2025-07-23T09:06:55.986+0000] {dagbag.py:545} INFO - Filling up the DagBag from /home/airflow/.local/lib/python3.12/site-packages/airflow/example_dags/example_task_group_decorator.py
[2025-07-23T09:06:56.060+0000] {processor.py:840} INFO - DAG(s) 'example_task_group_decorator' retrieved from /home/airflow/.local/lib/python3.12/site-packages/airflow/example_dags/example_task_group_decorator.py
[2025-07-23T09:06:56.193+0000] {logging_mixin.py:188} INFO - [2025-07-23T09:06:56.192+0000] {dag.py:3096} INFO - Sync 1 DAGs
[2025-07-23T09:06:56.291+0000] {logging_mixin.py:188} INFO - [2025-07-23T09:06:56.290+0000] {dag.py:3954} INFO - Setting next_dagrun for example_task_group_decorator to 2025-07-22 00:00:00+00:00, run_after=2025-07-23 00:00:00+00:00
[2025-07-23T09:06:56.430+0000] {processor.py:183} INFO - Processing /home/airflow/.local/lib/python3.12/site-packages/airflow/example_dags/example_task_group_decorator.py took 0.473 seconds
