[2025-07-23T08:14:01.203+0000] {processor.py:161} INFO - Started process (PID=96) to work on /home/airflow/.local/lib/python3.12/site-packages/airflow/example_dags/example_complex.py
[2025-07-23T08:14:01.218+0000] {processor.py:830} INFO - Processing file /home/airflow/.local/lib/python3.12/site-packages/airflow/example_dags/example_complex.py for tasks to queue
[2025-07-23T08:14:01.224+0000] {logging_mixin.py:188} INFO - [2025-07-23T08:14:01.224+0000] {dagbag.py:545} INFO - Filling up the DagBag from /home/airflow/.local/lib/python3.12/site-packages/airflow/example_dags/example_complex.py
[2025-07-23T08:14:01.350+0000] {processor.py:840} INFO - DAG(s) 'example_complex' retrieved from /home/airflow/.local/lib/python3.12/site-packages/airflow/example_dags/example_complex.py
[2025-07-23T08:14:02.824+0000] {logging_mixin.py:188} INFO - [2025-07-23T08:14:02.823+0000] {dag.py:3096} INFO - Sync 1 DAGs
[2025-07-23T08:14:02.935+0000] {logging_mixin.py:188} INFO - [2025-07-23T08:14:02.934+0000] {dag.py:3954} INFO - Setting next_dagrun for example_complex to None, run_after=None
[2025-07-23T08:14:02.987+0000] {processor.py:183} INFO - Processing /home/airflow/.local/lib/python3.12/site-packages/airflow/example_dags/example_complex.py took 1.963 seconds
[2025-07-23T08:14:33.255+0000] {processor.py:161} INFO - Started process (PID=153) to work on /home/airflow/.local/lib/python3.12/site-packages/airflow/example_dags/example_complex.py
[2025-07-23T08:14:33.260+0000] {processor.py:830} INFO - Processing file /home/airflow/.local/lib/python3.12/site-packages/airflow/example_dags/example_complex.py for tasks to queue
[2025-07-23T08:14:33.264+0000] {logging_mixin.py:188} INFO - [2025-07-23T08:14:33.263+0000] {dagbag.py:545} INFO - Filling up the DagBag from /home/airflow/.local/lib/python3.12/site-packages/airflow/example_dags/example_complex.py
[2025-07-23T08:14:33.305+0000] {processor.py:840} INFO - DAG(s) 'example_complex' retrieved from /home/airflow/.local/lib/python3.12/site-packages/airflow/example_dags/example_complex.py
[2025-07-23T08:14:33.429+0000] {logging_mixin.py:188} INFO - [2025-07-23T08:14:33.426+0000] {dag.py:3096} INFO - Sync 1 DAGs
[2025-07-23T08:14:33.468+0000] {logging_mixin.py:188} INFO - [2025-07-23T08:14:33.465+0000] {dag.py:3954} INFO - Setting next_dagrun for example_complex to None, run_after=None
[2025-07-23T08:14:33.525+0000] {processor.py:183} INFO - Processing /home/airflow/.local/lib/python3.12/site-packages/airflow/example_dags/example_complex.py took 0.297 seconds
[2025-07-23T08:15:03.723+0000] {processor.py:161} INFO - Started process (PID=211) to work on /home/airflow/.local/lib/python3.12/site-packages/airflow/example_dags/example_complex.py
[2025-07-23T08:15:03.725+0000] {processor.py:830} INFO - Processing file /home/airflow/.local/lib/python3.12/site-packages/airflow/example_dags/example_complex.py for tasks to queue
[2025-07-23T08:15:03.729+0000] {logging_mixin.py:188} INFO - [2025-07-23T08:15:03.728+0000] {dagbag.py:545} INFO - Filling up the DagBag from /home/airflow/.local/lib/python3.12/site-packages/airflow/example_dags/example_complex.py
[2025-07-23T08:15:03.795+0000] {processor.py:840} INFO - DAG(s) 'example_complex' retrieved from /home/airflow/.local/lib/python3.12/site-packages/airflow/example_dags/example_complex.py
[2025-07-23T08:15:03.909+0000] {logging_mixin.py:188} INFO - [2025-07-23T08:15:03.909+0000] {dag.py:3096} INFO - Sync 1 DAGs
[2025-07-23T08:15:03.978+0000] {logging_mixin.py:188} INFO - [2025-07-23T08:15:03.973+0000] {dag.py:3954} INFO - Setting next_dagrun for example_complex to None, run_after=None
[2025-07-23T08:15:04.045+0000] {processor.py:183} INFO - Processing /home/airflow/.local/lib/python3.12/site-packages/airflow/example_dags/example_complex.py took 0.340 seconds
[2025-07-23T08:15:35.510+0000] {processor.py:161} INFO - Started process (PID=268) to work on /home/airflow/.local/lib/python3.12/site-packages/airflow/example_dags/example_complex.py
[2025-07-23T08:15:35.512+0000] {processor.py:830} INFO - Processing file /home/airflow/.local/lib/python3.12/site-packages/airflow/example_dags/example_complex.py for tasks to queue
[2025-07-23T08:15:35.519+0000] {logging_mixin.py:188} INFO - [2025-07-23T08:15:35.518+0000] {dagbag.py:545} INFO - Filling up the DagBag from /home/airflow/.local/lib/python3.12/site-packages/airflow/example_dags/example_complex.py
[2025-07-23T08:15:35.563+0000] {processor.py:840} INFO - DAG(s) 'example_complex' retrieved from /home/airflow/.local/lib/python3.12/site-packages/airflow/example_dags/example_complex.py
[2025-07-23T08:15:35.665+0000] {logging_mixin.py:188} INFO - [2025-07-23T08:15:35.664+0000] {dag.py:3096} INFO - Sync 1 DAGs
[2025-07-23T08:15:35.720+0000] {logging_mixin.py:188} INFO - [2025-07-23T08:15:35.720+0000] {dag.py:3954} INFO - Setting next_dagrun for example_complex to None, run_after=None
[2025-07-23T08:15:35.796+0000] {processor.py:183} INFO - Processing /home/airflow/.local/lib/python3.12/site-packages/airflow/example_dags/example_complex.py took 0.310 seconds
[2025-07-23T08:16:08.315+0000] {processor.py:161} INFO - Started process (PID=326) to work on /home/airflow/.local/lib/python3.12/site-packages/airflow/example_dags/example_complex.py
[2025-07-23T08:16:08.327+0000] {processor.py:830} INFO - Processing file /home/airflow/.local/lib/python3.12/site-packages/airflow/example_dags/example_complex.py for tasks to queue
[2025-07-23T08:16:08.334+0000] {logging_mixin.py:188} INFO - [2025-07-23T08:16:08.334+0000] {dagbag.py:545} INFO - Filling up the DagBag from /home/airflow/.local/lib/python3.12/site-packages/airflow/example_dags/example_complex.py
[2025-07-23T08:16:08.467+0000] {processor.py:840} INFO - DAG(s) 'example_complex' retrieved from /home/airflow/.local/lib/python3.12/site-packages/airflow/example_dags/example_complex.py
[2025-07-23T08:16:08.792+0000] {logging_mixin.py:188} INFO - [2025-07-23T08:16:08.791+0000] {dag.py:3096} INFO - Sync 1 DAGs
[2025-07-23T08:16:08.907+0000] {logging_mixin.py:188} INFO - [2025-07-23T08:16:08.907+0000] {dag.py:3954} INFO - Setting next_dagrun for example_complex to None, run_after=None
[2025-07-23T08:16:09.236+0000] {processor.py:183} INFO - Processing /home/airflow/.local/lib/python3.12/site-packages/airflow/example_dags/example_complex.py took 0.965 seconds
[2025-07-23T08:16:42.036+0000] {processor.py:161} INFO - Started process (PID=383) to work on /home/airflow/.local/lib/python3.12/site-packages/airflow/example_dags/example_complex.py
[2025-07-23T08:16:42.069+0000] {processor.py:830} INFO - Processing file /home/airflow/.local/lib/python3.12/site-packages/airflow/example_dags/example_complex.py for tasks to queue
[2025-07-23T08:16:42.090+0000] {logging_mixin.py:188} INFO - [2025-07-23T08:16:42.088+0000] {dagbag.py:545} INFO - Filling up the DagBag from /home/airflow/.local/lib/python3.12/site-packages/airflow/example_dags/example_complex.py
[2025-07-23T08:16:42.162+0000] {processor.py:840} INFO - DAG(s) 'example_complex' retrieved from /home/airflow/.local/lib/python3.12/site-packages/airflow/example_dags/example_complex.py
[2025-07-23T08:16:42.346+0000] {logging_mixin.py:188} INFO - [2025-07-23T08:16:42.343+0000] {dag.py:3096} INFO - Sync 1 DAGs
[2025-07-23T08:16:42.410+0000] {logging_mixin.py:188} INFO - [2025-07-23T08:16:42.410+0000] {dag.py:3954} INFO - Setting next_dagrun for example_complex to None, run_after=None
[2025-07-23T08:16:42.573+0000] {processor.py:183} INFO - Processing /home/airflow/.local/lib/python3.12/site-packages/airflow/example_dags/example_complex.py took 0.551 seconds
[2025-07-23T08:17:13.285+0000] {processor.py:161} INFO - Started process (PID=440) to work on /home/airflow/.local/lib/python3.12/site-packages/airflow/example_dags/example_complex.py
[2025-07-23T08:17:13.292+0000] {processor.py:830} INFO - Processing file /home/airflow/.local/lib/python3.12/site-packages/airflow/example_dags/example_complex.py for tasks to queue
[2025-07-23T08:17:13.298+0000] {logging_mixin.py:188} INFO - [2025-07-23T08:17:13.297+0000] {dagbag.py:545} INFO - Filling up the DagBag from /home/airflow/.local/lib/python3.12/site-packages/airflow/example_dags/example_complex.py
[2025-07-23T08:17:13.383+0000] {processor.py:840} INFO - DAG(s) 'example_complex' retrieved from /home/airflow/.local/lib/python3.12/site-packages/airflow/example_dags/example_complex.py
[2025-07-23T08:17:13.572+0000] {logging_mixin.py:188} INFO - [2025-07-23T08:17:13.572+0000] {dag.py:3096} INFO - Sync 1 DAGs
[2025-07-23T08:17:13.636+0000] {logging_mixin.py:188} INFO - [2025-07-23T08:17:13.635+0000] {dag.py:3954} INFO - Setting next_dagrun for example_complex to None, run_after=None
[2025-07-23T08:17:13.755+0000] {processor.py:183} INFO - Processing /home/airflow/.local/lib/python3.12/site-packages/airflow/example_dags/example_complex.py took 0.538 seconds
[2025-07-23T08:17:44.226+0000] {processor.py:161} INFO - Started process (PID=497) to work on /home/airflow/.local/lib/python3.12/site-packages/airflow/example_dags/example_complex.py
[2025-07-23T08:17:44.228+0000] {processor.py:830} INFO - Processing file /home/airflow/.local/lib/python3.12/site-packages/airflow/example_dags/example_complex.py for tasks to queue
[2025-07-23T08:17:44.233+0000] {logging_mixin.py:188} INFO - [2025-07-23T08:17:44.233+0000] {dagbag.py:545} INFO - Filling up the DagBag from /home/airflow/.local/lib/python3.12/site-packages/airflow/example_dags/example_complex.py
[2025-07-23T08:17:44.262+0000] {processor.py:840} INFO - DAG(s) 'example_complex' retrieved from /home/airflow/.local/lib/python3.12/site-packages/airflow/example_dags/example_complex.py
[2025-07-23T08:17:44.358+0000] {logging_mixin.py:188} INFO - [2025-07-23T08:17:44.357+0000] {dag.py:3096} INFO - Sync 1 DAGs
[2025-07-23T08:17:44.391+0000] {logging_mixin.py:188} INFO - [2025-07-23T08:17:44.391+0000] {dag.py:3954} INFO - Setting next_dagrun for example_complex to None, run_after=None
[2025-07-23T08:17:44.444+0000] {processor.py:183} INFO - Processing /home/airflow/.local/lib/python3.12/site-packages/airflow/example_dags/example_complex.py took 0.233 seconds
[2025-07-23T08:18:15.190+0000] {processor.py:161} INFO - Started process (PID=555) to work on /home/airflow/.local/lib/python3.12/site-packages/airflow/example_dags/example_complex.py
[2025-07-23T08:18:15.194+0000] {processor.py:830} INFO - Processing file /home/airflow/.local/lib/python3.12/site-packages/airflow/example_dags/example_complex.py for tasks to queue
[2025-07-23T08:18:15.206+0000] {logging_mixin.py:188} INFO - [2025-07-23T08:18:15.200+0000] {dagbag.py:545} INFO - Filling up the DagBag from /home/airflow/.local/lib/python3.12/site-packages/airflow/example_dags/example_complex.py
[2025-07-23T08:18:15.280+0000] {processor.py:840} INFO - DAG(s) 'example_complex' retrieved from /home/airflow/.local/lib/python3.12/site-packages/airflow/example_dags/example_complex.py
[2025-07-23T08:18:15.507+0000] {logging_mixin.py:188} INFO - [2025-07-23T08:18:15.506+0000] {dag.py:3096} INFO - Sync 1 DAGs
[2025-07-23T08:18:15.593+0000] {logging_mixin.py:188} INFO - [2025-07-23T08:18:15.593+0000] {dag.py:3954} INFO - Setting next_dagrun for example_complex to None, run_after=None
[2025-07-23T08:18:15.671+0000] {processor.py:183} INFO - Processing /home/airflow/.local/lib/python3.12/site-packages/airflow/example_dags/example_complex.py took 0.519 seconds
[2025-07-23T08:18:46.660+0000] {processor.py:161} INFO - Started process (PID=613) to work on /home/airflow/.local/lib/python3.12/site-packages/airflow/example_dags/example_complex.py
[2025-07-23T08:18:46.662+0000] {processor.py:830} INFO - Processing file /home/airflow/.local/lib/python3.12/site-packages/airflow/example_dags/example_complex.py for tasks to queue
[2025-07-23T08:18:46.665+0000] {logging_mixin.py:188} INFO - [2025-07-23T08:18:46.665+0000] {dagbag.py:545} INFO - Filling up the DagBag from /home/airflow/.local/lib/python3.12/site-packages/airflow/example_dags/example_complex.py
[2025-07-23T08:18:46.696+0000] {processor.py:840} INFO - DAG(s) 'example_complex' retrieved from /home/airflow/.local/lib/python3.12/site-packages/airflow/example_dags/example_complex.py
[2025-07-23T08:18:46.938+0000] {logging_mixin.py:188} INFO - [2025-07-23T08:18:46.938+0000] {dag.py:3096} INFO - Sync 1 DAGs
[2025-07-23T08:18:46.994+0000] {logging_mixin.py:188} INFO - [2025-07-23T08:18:46.993+0000] {dag.py:3954} INFO - Setting next_dagrun for example_complex to None, run_after=None
[2025-07-23T08:18:47.124+0000] {processor.py:183} INFO - Processing /home/airflow/.local/lib/python3.12/site-packages/airflow/example_dags/example_complex.py took 0.486 seconds
[2025-07-23T08:19:24.092+0000] {processor.py:161} INFO - Started process (PID=677) to work on /home/airflow/.local/lib/python3.12/site-packages/airflow/example_dags/example_complex.py
[2025-07-23T08:19:24.109+0000] {processor.py:830} INFO - Processing file /home/airflow/.local/lib/python3.12/site-packages/airflow/example_dags/example_complex.py for tasks to queue
[2025-07-23T08:19:24.126+0000] {logging_mixin.py:188} INFO - [2025-07-23T08:19:24.125+0000] {dagbag.py:545} INFO - Filling up the DagBag from /home/airflow/.local/lib/python3.12/site-packages/airflow/example_dags/example_complex.py
[2025-07-23T08:19:24.288+0000] {processor.py:840} INFO - DAG(s) 'example_complex' retrieved from /home/airflow/.local/lib/python3.12/site-packages/airflow/example_dags/example_complex.py
[2025-07-23T08:19:24.865+0000] {logging_mixin.py:188} INFO - [2025-07-23T08:19:24.864+0000] {dag.py:3096} INFO - Sync 1 DAGs
[2025-07-23T08:19:24.964+0000] {logging_mixin.py:188} INFO - [2025-07-23T08:19:24.963+0000] {dag.py:3954} INFO - Setting next_dagrun for example_complex to None, run_after=None
[2025-07-23T08:19:25.065+0000] {processor.py:183} INFO - Processing /home/airflow/.local/lib/python3.12/site-packages/airflow/example_dags/example_complex.py took 1.032 seconds
[2025-07-23T08:19:55.365+0000] {processor.py:161} INFO - Started process (PID=734) to work on /home/airflow/.local/lib/python3.12/site-packages/airflow/example_dags/example_complex.py
[2025-07-23T08:19:55.387+0000] {processor.py:830} INFO - Processing file /home/airflow/.local/lib/python3.12/site-packages/airflow/example_dags/example_complex.py for tasks to queue
[2025-07-23T08:19:55.395+0000] {logging_mixin.py:188} INFO - [2025-07-23T08:19:55.393+0000] {dagbag.py:545} INFO - Filling up the DagBag from /home/airflow/.local/lib/python3.12/site-packages/airflow/example_dags/example_complex.py
[2025-07-23T08:19:55.548+0000] {processor.py:840} INFO - DAG(s) 'example_complex' retrieved from /home/airflow/.local/lib/python3.12/site-packages/airflow/example_dags/example_complex.py
[2025-07-23T08:19:55.715+0000] {logging_mixin.py:188} INFO - [2025-07-23T08:19:55.703+0000] {dag.py:3096} INFO - Sync 1 DAGs
[2025-07-23T08:19:55.894+0000] {logging_mixin.py:188} INFO - [2025-07-23T08:19:55.869+0000] {dag.py:3954} INFO - Setting next_dagrun for example_complex to None, run_after=None
[2025-07-23T08:19:56.008+0000] {processor.py:183} INFO - Processing /home/airflow/.local/lib/python3.12/site-packages/airflow/example_dags/example_complex.py took 0.677 seconds
[2025-07-23T08:20:26.452+0000] {processor.py:161} INFO - Started process (PID=792) to work on /home/airflow/.local/lib/python3.12/site-packages/airflow/example_dags/example_complex.py
[2025-07-23T08:20:26.475+0000] {processor.py:830} INFO - Processing file /home/airflow/.local/lib/python3.12/site-packages/airflow/example_dags/example_complex.py for tasks to queue
[2025-07-23T08:20:26.484+0000] {logging_mixin.py:188} INFO - [2025-07-23T08:20:26.483+0000] {dagbag.py:545} INFO - Filling up the DagBag from /home/airflow/.local/lib/python3.12/site-packages/airflow/example_dags/example_complex.py
[2025-07-23T08:20:26.552+0000] {processor.py:840} INFO - DAG(s) 'example_complex' retrieved from /home/airflow/.local/lib/python3.12/site-packages/airflow/example_dags/example_complex.py
[2025-07-23T08:20:27.157+0000] {logging_mixin.py:188} INFO - [2025-07-23T08:20:27.156+0000] {dag.py:3096} INFO - Sync 1 DAGs
[2025-07-23T08:20:27.191+0000] {logging_mixin.py:188} INFO - [2025-07-23T08:20:27.190+0000] {dag.py:3954} INFO - Setting next_dagrun for example_complex to None, run_after=None
[2025-07-23T08:20:27.240+0000] {processor.py:183} INFO - Processing /home/airflow/.local/lib/python3.12/site-packages/airflow/example_dags/example_complex.py took 0.810 seconds
[2025-07-23T08:21:02.316+0000] {processor.py:161} INFO - Started process (PID=850) to work on /home/airflow/.local/lib/python3.12/site-packages/airflow/example_dags/example_complex.py
[2025-07-23T08:21:02.330+0000] {processor.py:830} INFO - Processing file /home/airflow/.local/lib/python3.12/site-packages/airflow/example_dags/example_complex.py for tasks to queue
[2025-07-23T08:21:02.377+0000] {logging_mixin.py:188} INFO - [2025-07-23T08:21:02.376+0000] {dagbag.py:545} INFO - Filling up the DagBag from /home/airflow/.local/lib/python3.12/site-packages/airflow/example_dags/example_complex.py
[2025-07-23T08:21:02.511+0000] {processor.py:840} INFO - DAG(s) 'example_complex' retrieved from /home/airflow/.local/lib/python3.12/site-packages/airflow/example_dags/example_complex.py
[2025-07-23T08:21:02.833+0000] {logging_mixin.py:188} INFO - [2025-07-23T08:21:02.833+0000] {dag.py:3096} INFO - Sync 1 DAGs
[2025-07-23T08:21:03.012+0000] {logging_mixin.py:188} INFO - [2025-07-23T08:21:03.011+0000] {dag.py:3954} INFO - Setting next_dagrun for example_complex to None, run_after=None
[2025-07-23T08:21:03.248+0000] {processor.py:183} INFO - Processing /home/airflow/.local/lib/python3.12/site-packages/airflow/example_dags/example_complex.py took 0.956 seconds
[2025-07-23T08:21:38.987+0000] {processor.py:161} INFO - Started process (PID=910) to work on /home/airflow/.local/lib/python3.12/site-packages/airflow/example_dags/example_complex.py
[2025-07-23T08:21:38.988+0000] {processor.py:830} INFO - Processing file /home/airflow/.local/lib/python3.12/site-packages/airflow/example_dags/example_complex.py for tasks to queue
[2025-07-23T08:21:39.033+0000] {logging_mixin.py:188} INFO - [2025-07-23T08:21:38.991+0000] {dagbag.py:545} INFO - Filling up the DagBag from /home/airflow/.local/lib/python3.12/site-packages/airflow/example_dags/example_complex.py
[2025-07-23T08:21:39.147+0000] {processor.py:840} INFO - DAG(s) 'example_complex' retrieved from /home/airflow/.local/lib/python3.12/site-packages/airflow/example_dags/example_complex.py
[2025-07-23T08:21:39.419+0000] {logging_mixin.py:188} INFO - [2025-07-23T08:21:39.418+0000] {dag.py:3096} INFO - Sync 1 DAGs
[2025-07-23T08:21:39.656+0000] {logging_mixin.py:188} INFO - [2025-07-23T08:21:39.655+0000] {dag.py:3954} INFO - Setting next_dagrun for example_complex to None, run_after=None
[2025-07-23T08:21:39.864+0000] {processor.py:183} INFO - Processing /home/airflow/.local/lib/python3.12/site-packages/airflow/example_dags/example_complex.py took 0.921 seconds
[2025-07-23T08:22:11.042+0000] {processor.py:161} INFO - Started process (PID=968) to work on /home/airflow/.local/lib/python3.12/site-packages/airflow/example_dags/example_complex.py
[2025-07-23T08:22:11.054+0000] {processor.py:830} INFO - Processing file /home/airflow/.local/lib/python3.12/site-packages/airflow/example_dags/example_complex.py for tasks to queue
[2025-07-23T08:22:11.059+0000] {logging_mixin.py:188} INFO - [2025-07-23T08:22:11.058+0000] {dagbag.py:545} INFO - Filling up the DagBag from /home/airflow/.local/lib/python3.12/site-packages/airflow/example_dags/example_complex.py
[2025-07-23T08:22:11.151+0000] {processor.py:840} INFO - DAG(s) 'example_complex' retrieved from /home/airflow/.local/lib/python3.12/site-packages/airflow/example_dags/example_complex.py
[2025-07-23T08:22:11.665+0000] {logging_mixin.py:188} INFO - [2025-07-23T08:22:11.664+0000] {dag.py:3096} INFO - Sync 1 DAGs
[2025-07-23T08:22:11.971+0000] {logging_mixin.py:188} INFO - [2025-07-23T08:22:11.971+0000] {dag.py:3954} INFO - Setting next_dagrun for example_complex to None, run_after=None
[2025-07-23T08:22:12.251+0000] {processor.py:183} INFO - Processing /home/airflow/.local/lib/python3.12/site-packages/airflow/example_dags/example_complex.py took 1.253 seconds
[2025-07-23T08:22:42.877+0000] {processor.py:161} INFO - Started process (PID=1024) to work on /home/airflow/.local/lib/python3.12/site-packages/airflow/example_dags/example_complex.py
[2025-07-23T08:22:42.890+0000] {processor.py:830} INFO - Processing file /home/airflow/.local/lib/python3.12/site-packages/airflow/example_dags/example_complex.py for tasks to queue
[2025-07-23T08:22:42.906+0000] {logging_mixin.py:188} INFO - [2025-07-23T08:22:42.905+0000] {dagbag.py:545} INFO - Filling up the DagBag from /home/airflow/.local/lib/python3.12/site-packages/airflow/example_dags/example_complex.py
[2025-07-23T08:22:43.074+0000] {processor.py:840} INFO - DAG(s) 'example_complex' retrieved from /home/airflow/.local/lib/python3.12/site-packages/airflow/example_dags/example_complex.py
[2025-07-23T08:22:43.688+0000] {logging_mixin.py:188} INFO - [2025-07-23T08:22:43.688+0000] {dag.py:3096} INFO - Sync 1 DAGs
[2025-07-23T08:22:43.848+0000] {logging_mixin.py:188} INFO - [2025-07-23T08:22:43.847+0000] {dag.py:3954} INFO - Setting next_dagrun for example_complex to None, run_after=None
[2025-07-23T08:22:43.953+0000] {processor.py:183} INFO - Processing /home/airflow/.local/lib/python3.12/site-packages/airflow/example_dags/example_complex.py took 1.153 seconds
[2025-07-23T08:23:20.845+0000] {processor.py:161} INFO - Started process (PID=1082) to work on /home/airflow/.local/lib/python3.12/site-packages/airflow/example_dags/example_complex.py
[2025-07-23T08:23:21.089+0000] {processor.py:830} INFO - Processing file /home/airflow/.local/lib/python3.12/site-packages/airflow/example_dags/example_complex.py for tasks to queue
[2025-07-23T08:23:21.211+0000] {logging_mixin.py:188} INFO - [2025-07-23T08:23:21.210+0000] {dagbag.py:545} INFO - Filling up the DagBag from /home/airflow/.local/lib/python3.12/site-packages/airflow/example_dags/example_complex.py
[2025-07-23T08:23:21.371+0000] {processor.py:840} INFO - DAG(s) 'example_complex' retrieved from /home/airflow/.local/lib/python3.12/site-packages/airflow/example_dags/example_complex.py
[2025-07-23T08:23:21.892+0000] {logging_mixin.py:188} INFO - [2025-07-23T08:23:21.879+0000] {dag.py:3096} INFO - Sync 1 DAGs
[2025-07-23T08:23:22.242+0000] {logging_mixin.py:188} INFO - [2025-07-23T08:23:22.230+0000] {dag.py:3954} INFO - Setting next_dagrun for example_complex to None, run_after=None
[2025-07-23T08:23:22.762+0000] {processor.py:183} INFO - Processing /home/airflow/.local/lib/python3.12/site-packages/airflow/example_dags/example_complex.py took 2.047 seconds
[2025-07-23T08:23:57.711+0000] {processor.py:161} INFO - Started process (PID=1139) to work on /home/airflow/.local/lib/python3.12/site-packages/airflow/example_dags/example_complex.py
[2025-07-23T08:23:57.718+0000] {processor.py:830} INFO - Processing file /home/airflow/.local/lib/python3.12/site-packages/airflow/example_dags/example_complex.py for tasks to queue
[2025-07-23T08:23:57.721+0000] {logging_mixin.py:188} INFO - [2025-07-23T08:23:57.720+0000] {dagbag.py:545} INFO - Filling up the DagBag from /home/airflow/.local/lib/python3.12/site-packages/airflow/example_dags/example_complex.py
[2025-07-23T08:23:57.865+0000] {processor.py:840} INFO - DAG(s) 'example_complex' retrieved from /home/airflow/.local/lib/python3.12/site-packages/airflow/example_dags/example_complex.py
[2025-07-23T08:23:58.176+0000] {logging_mixin.py:188} INFO - [2025-07-23T08:23:58.175+0000] {dag.py:3096} INFO - Sync 1 DAGs
[2025-07-23T08:23:58.230+0000] {logging_mixin.py:188} INFO - [2025-07-23T08:23:58.228+0000] {dag.py:3954} INFO - Setting next_dagrun for example_complex to None, run_after=None
[2025-07-23T08:23:58.327+0000] {processor.py:183} INFO - Processing /home/airflow/.local/lib/python3.12/site-packages/airflow/example_dags/example_complex.py took 0.657 seconds
[2025-07-23T08:24:28.832+0000] {processor.py:161} INFO - Started process (PID=1197) to work on /home/airflow/.local/lib/python3.12/site-packages/airflow/example_dags/example_complex.py
[2025-07-23T08:24:28.844+0000] {processor.py:830} INFO - Processing file /home/airflow/.local/lib/python3.12/site-packages/airflow/example_dags/example_complex.py for tasks to queue
[2025-07-23T08:24:28.849+0000] {logging_mixin.py:188} INFO - [2025-07-23T08:24:28.848+0000] {dagbag.py:545} INFO - Filling up the DagBag from /home/airflow/.local/lib/python3.12/site-packages/airflow/example_dags/example_complex.py
[2025-07-23T08:24:28.908+0000] {processor.py:840} INFO - DAG(s) 'example_complex' retrieved from /home/airflow/.local/lib/python3.12/site-packages/airflow/example_dags/example_complex.py
[2025-07-23T08:24:29.089+0000] {logging_mixin.py:188} INFO - [2025-07-23T08:24:29.089+0000] {dag.py:3096} INFO - Sync 1 DAGs
[2025-07-23T08:24:29.143+0000] {logging_mixin.py:188} INFO - [2025-07-23T08:24:29.143+0000] {dag.py:3954} INFO - Setting next_dagrun for example_complex to None, run_after=None
[2025-07-23T08:24:29.281+0000] {processor.py:183} INFO - Processing /home/airflow/.local/lib/python3.12/site-packages/airflow/example_dags/example_complex.py took 0.479 seconds
[2025-07-23T08:24:59.908+0000] {processor.py:161} INFO - Started process (PID=1254) to work on /home/airflow/.local/lib/python3.12/site-packages/airflow/example_dags/example_complex.py
[2025-07-23T08:24:59.910+0000] {processor.py:830} INFO - Processing file /home/airflow/.local/lib/python3.12/site-packages/airflow/example_dags/example_complex.py for tasks to queue
[2025-07-23T08:24:59.913+0000] {logging_mixin.py:188} INFO - [2025-07-23T08:24:59.913+0000] {dagbag.py:545} INFO - Filling up the DagBag from /home/airflow/.local/lib/python3.12/site-packages/airflow/example_dags/example_complex.py
[2025-07-23T08:24:59.940+0000] {processor.py:840} INFO - DAG(s) 'example_complex' retrieved from /home/airflow/.local/lib/python3.12/site-packages/airflow/example_dags/example_complex.py
[2025-07-23T08:25:00.268+0000] {logging_mixin.py:188} INFO - [2025-07-23T08:25:00.268+0000] {dag.py:3096} INFO - Sync 1 DAGs
[2025-07-23T08:25:00.329+0000] {logging_mixin.py:188} INFO - [2025-07-23T08:25:00.328+0000] {dag.py:3954} INFO - Setting next_dagrun for example_complex to None, run_after=None
[2025-07-23T08:25:00.419+0000] {processor.py:183} INFO - Processing /home/airflow/.local/lib/python3.12/site-packages/airflow/example_dags/example_complex.py took 0.524 seconds
[2025-07-23T08:25:32.125+0000] {processor.py:161} INFO - Started process (PID=1318) to work on /home/airflow/.local/lib/python3.12/site-packages/airflow/example_dags/example_complex.py
[2025-07-23T08:25:32.130+0000] {processor.py:830} INFO - Processing file /home/airflow/.local/lib/python3.12/site-packages/airflow/example_dags/example_complex.py for tasks to queue
[2025-07-23T08:25:32.141+0000] {logging_mixin.py:188} INFO - [2025-07-23T08:25:32.141+0000] {dagbag.py:545} INFO - Filling up the DagBag from /home/airflow/.local/lib/python3.12/site-packages/airflow/example_dags/example_complex.py
[2025-07-23T08:25:32.194+0000] {processor.py:840} INFO - DAG(s) 'example_complex' retrieved from /home/airflow/.local/lib/python3.12/site-packages/airflow/example_dags/example_complex.py
[2025-07-23T08:25:32.352+0000] {logging_mixin.py:188} INFO - [2025-07-23T08:25:32.351+0000] {dag.py:3096} INFO - Sync 1 DAGs
[2025-07-23T08:25:32.417+0000] {logging_mixin.py:188} INFO - [2025-07-23T08:25:32.417+0000] {dag.py:3954} INFO - Setting next_dagrun for example_complex to None, run_after=None
[2025-07-23T08:25:32.592+0000] {processor.py:183} INFO - Processing /home/airflow/.local/lib/python3.12/site-packages/airflow/example_dags/example_complex.py took 0.489 seconds
[2025-07-23T08:26:03.117+0000] {processor.py:161} INFO - Started process (PID=1375) to work on /home/airflow/.local/lib/python3.12/site-packages/airflow/example_dags/example_complex.py
[2025-07-23T08:26:03.122+0000] {processor.py:830} INFO - Processing file /home/airflow/.local/lib/python3.12/site-packages/airflow/example_dags/example_complex.py for tasks to queue
[2025-07-23T08:26:03.126+0000] {logging_mixin.py:188} INFO - [2025-07-23T08:26:03.125+0000] {dagbag.py:545} INFO - Filling up the DagBag from /home/airflow/.local/lib/python3.12/site-packages/airflow/example_dags/example_complex.py
[2025-07-23T08:26:03.181+0000] {processor.py:840} INFO - DAG(s) 'example_complex' retrieved from /home/airflow/.local/lib/python3.12/site-packages/airflow/example_dags/example_complex.py
[2025-07-23T08:26:03.338+0000] {logging_mixin.py:188} INFO - [2025-07-23T08:26:03.338+0000] {dag.py:3096} INFO - Sync 1 DAGs
[2025-07-23T08:26:03.417+0000] {logging_mixin.py:188} INFO - [2025-07-23T08:26:03.417+0000] {dag.py:3954} INFO - Setting next_dagrun for example_complex to None, run_after=None
[2025-07-23T08:26:03.519+0000] {processor.py:183} INFO - Processing /home/airflow/.local/lib/python3.12/site-packages/airflow/example_dags/example_complex.py took 0.445 seconds
[2025-07-23T08:26:34.357+0000] {processor.py:161} INFO - Started process (PID=1431) to work on /home/airflow/.local/lib/python3.12/site-packages/airflow/example_dags/example_complex.py
[2025-07-23T08:26:34.359+0000] {processor.py:830} INFO - Processing file /home/airflow/.local/lib/python3.12/site-packages/airflow/example_dags/example_complex.py for tasks to queue
[2025-07-23T08:26:34.363+0000] {logging_mixin.py:188} INFO - [2025-07-23T08:26:34.363+0000] {dagbag.py:545} INFO - Filling up the DagBag from /home/airflow/.local/lib/python3.12/site-packages/airflow/example_dags/example_complex.py
[2025-07-23T08:26:34.392+0000] {processor.py:840} INFO - DAG(s) 'example_complex' retrieved from /home/airflow/.local/lib/python3.12/site-packages/airflow/example_dags/example_complex.py
[2025-07-23T08:26:34.489+0000] {logging_mixin.py:188} INFO - [2025-07-23T08:26:34.488+0000] {dag.py:3096} INFO - Sync 1 DAGs
[2025-07-23T08:26:34.629+0000] {logging_mixin.py:188} INFO - [2025-07-23T08:26:34.629+0000] {dag.py:3954} INFO - Setting next_dagrun for example_complex to None, run_after=None
[2025-07-23T08:26:34.691+0000] {processor.py:183} INFO - Processing /home/airflow/.local/lib/python3.12/site-packages/airflow/example_dags/example_complex.py took 0.247 seconds
[2025-07-23T08:27:05.311+0000] {processor.py:161} INFO - Started process (PID=1489) to work on /home/airflow/.local/lib/python3.12/site-packages/airflow/example_dags/example_complex.py
[2025-07-23T08:27:05.313+0000] {processor.py:830} INFO - Processing file /home/airflow/.local/lib/python3.12/site-packages/airflow/example_dags/example_complex.py for tasks to queue
[2025-07-23T08:27:05.327+0000] {logging_mixin.py:188} INFO - [2025-07-23T08:27:05.323+0000] {dagbag.py:545} INFO - Filling up the DagBag from /home/airflow/.local/lib/python3.12/site-packages/airflow/example_dags/example_complex.py
[2025-07-23T08:27:05.401+0000] {processor.py:840} INFO - DAG(s) 'example_complex' retrieved from /home/airflow/.local/lib/python3.12/site-packages/airflow/example_dags/example_complex.py
[2025-07-23T08:27:05.837+0000] {logging_mixin.py:188} INFO - [2025-07-23T08:27:05.837+0000] {dag.py:3096} INFO - Sync 1 DAGs
[2025-07-23T08:27:06.048+0000] {logging_mixin.py:188} INFO - [2025-07-23T08:27:06.047+0000] {dag.py:3954} INFO - Setting next_dagrun for example_complex to None, run_after=None
[2025-07-23T08:27:06.205+0000] {processor.py:183} INFO - Processing /home/airflow/.local/lib/python3.12/site-packages/airflow/example_dags/example_complex.py took 0.933 seconds
[2025-07-23T08:27:49.581+0000] {processor.py:161} INFO - Started process (PID=1551) to work on /home/airflow/.local/lib/python3.12/site-packages/airflow/example_dags/example_complex.py
[2025-07-23T08:27:49.588+0000] {processor.py:830} INFO - Processing file /home/airflow/.local/lib/python3.12/site-packages/airflow/example_dags/example_complex.py for tasks to queue
[2025-07-23T08:27:49.598+0000] {logging_mixin.py:188} INFO - [2025-07-23T08:27:49.597+0000] {dagbag.py:545} INFO - Filling up the DagBag from /home/airflow/.local/lib/python3.12/site-packages/airflow/example_dags/example_complex.py
[2025-07-23T08:27:49.671+0000] {processor.py:840} INFO - DAG(s) 'example_complex' retrieved from /home/airflow/.local/lib/python3.12/site-packages/airflow/example_dags/example_complex.py
[2025-07-23T08:27:49.886+0000] {logging_mixin.py:188} INFO - [2025-07-23T08:27:49.885+0000] {dag.py:3096} INFO - Sync 1 DAGs
[2025-07-23T08:27:49.954+0000] {logging_mixin.py:188} INFO - [2025-07-23T08:27:49.954+0000] {dag.py:3954} INFO - Setting next_dagrun for example_complex to None, run_after=None
[2025-07-23T08:27:50.048+0000] {processor.py:183} INFO - Processing /home/airflow/.local/lib/python3.12/site-packages/airflow/example_dags/example_complex.py took 0.509 seconds
[2025-07-23T08:28:21.236+0000] {processor.py:161} INFO - Started process (PID=1609) to work on /home/airflow/.local/lib/python3.12/site-packages/airflow/example_dags/example_complex.py
[2025-07-23T08:28:21.256+0000] {processor.py:830} INFO - Processing file /home/airflow/.local/lib/python3.12/site-packages/airflow/example_dags/example_complex.py for tasks to queue
[2025-07-23T08:28:21.282+0000] {logging_mixin.py:188} INFO - [2025-07-23T08:28:21.281+0000] {dagbag.py:545} INFO - Filling up the DagBag from /home/airflow/.local/lib/python3.12/site-packages/airflow/example_dags/example_complex.py
[2025-07-23T08:28:21.438+0000] {processor.py:840} INFO - DAG(s) 'example_complex' retrieved from /home/airflow/.local/lib/python3.12/site-packages/airflow/example_dags/example_complex.py
[2025-07-23T08:28:21.702+0000] {logging_mixin.py:188} INFO - [2025-07-23T08:28:21.701+0000] {dag.py:3096} INFO - Sync 1 DAGs
[2025-07-23T08:28:21.804+0000] {logging_mixin.py:188} INFO - [2025-07-23T08:28:21.801+0000] {dag.py:3954} INFO - Setting next_dagrun for example_complex to None, run_after=None
[2025-07-23T08:28:21.984+0000] {processor.py:183} INFO - Processing /home/airflow/.local/lib/python3.12/site-packages/airflow/example_dags/example_complex.py took 0.816 seconds
[2025-07-23T08:28:54.439+0000] {processor.py:161} INFO - Started process (PID=1668) to work on /home/airflow/.local/lib/python3.12/site-packages/airflow/example_dags/example_complex.py
[2025-07-23T08:28:54.442+0000] {processor.py:830} INFO - Processing file /home/airflow/.local/lib/python3.12/site-packages/airflow/example_dags/example_complex.py for tasks to queue
[2025-07-23T08:28:54.446+0000] {logging_mixin.py:188} INFO - [2025-07-23T08:28:54.445+0000] {dagbag.py:545} INFO - Filling up the DagBag from /home/airflow/.local/lib/python3.12/site-packages/airflow/example_dags/example_complex.py
[2025-07-23T08:28:54.554+0000] {processor.py:840} INFO - DAG(s) 'example_complex' retrieved from /home/airflow/.local/lib/python3.12/site-packages/airflow/example_dags/example_complex.py
[2025-07-23T08:28:54.897+0000] {logging_mixin.py:188} INFO - [2025-07-23T08:28:54.896+0000] {dag.py:3096} INFO - Sync 1 DAGs
[2025-07-23T08:28:54.994+0000] {logging_mixin.py:188} INFO - [2025-07-23T08:28:54.994+0000] {dag.py:3954} INFO - Setting next_dagrun for example_complex to None, run_after=None
[2025-07-23T08:28:55.184+0000] {processor.py:183} INFO - Processing /home/airflow/.local/lib/python3.12/site-packages/airflow/example_dags/example_complex.py took 0.808 seconds
[2025-07-23T08:29:25.549+0000] {processor.py:161} INFO - Started process (PID=1726) to work on /home/airflow/.local/lib/python3.12/site-packages/airflow/example_dags/example_complex.py
[2025-07-23T08:29:25.551+0000] {processor.py:830} INFO - Processing file /home/airflow/.local/lib/python3.12/site-packages/airflow/example_dags/example_complex.py for tasks to queue
[2025-07-23T08:29:25.555+0000] {logging_mixin.py:188} INFO - [2025-07-23T08:29:25.554+0000] {dagbag.py:545} INFO - Filling up the DagBag from /home/airflow/.local/lib/python3.12/site-packages/airflow/example_dags/example_complex.py
[2025-07-23T08:29:25.600+0000] {processor.py:840} INFO - DAG(s) 'example_complex' retrieved from /home/airflow/.local/lib/python3.12/site-packages/airflow/example_dags/example_complex.py
[2025-07-23T08:29:25.678+0000] {logging_mixin.py:188} INFO - [2025-07-23T08:29:25.678+0000] {dag.py:3096} INFO - Sync 1 DAGs
[2025-07-23T08:29:25.708+0000] {logging_mixin.py:188} INFO - [2025-07-23T08:29:25.708+0000] {dag.py:3954} INFO - Setting next_dagrun for example_complex to None, run_after=None
[2025-07-23T08:29:25.756+0000] {processor.py:183} INFO - Processing /home/airflow/.local/lib/python3.12/site-packages/airflow/example_dags/example_complex.py took 0.219 seconds
[2025-07-23T08:29:56.193+0000] {processor.py:161} INFO - Started process (PID=1784) to work on /home/airflow/.local/lib/python3.12/site-packages/airflow/example_dags/example_complex.py
[2025-07-23T08:29:56.197+0000] {processor.py:830} INFO - Processing file /home/airflow/.local/lib/python3.12/site-packages/airflow/example_dags/example_complex.py for tasks to queue
[2025-07-23T08:29:56.205+0000] {logging_mixin.py:188} INFO - [2025-07-23T08:29:56.204+0000] {dagbag.py:545} INFO - Filling up the DagBag from /home/airflow/.local/lib/python3.12/site-packages/airflow/example_dags/example_complex.py
[2025-07-23T08:29:56.237+0000] {processor.py:840} INFO - DAG(s) 'example_complex' retrieved from /home/airflow/.local/lib/python3.12/site-packages/airflow/example_dags/example_complex.py
[2025-07-23T08:29:56.334+0000] {logging_mixin.py:188} INFO - [2025-07-23T08:29:56.334+0000] {dag.py:3096} INFO - Sync 1 DAGs
[2025-07-23T08:29:56.366+0000] {logging_mixin.py:188} INFO - [2025-07-23T08:29:56.365+0000] {dag.py:3954} INFO - Setting next_dagrun for example_complex to None, run_after=None
[2025-07-23T08:29:56.407+0000] {processor.py:183} INFO - Processing /home/airflow/.local/lib/python3.12/site-packages/airflow/example_dags/example_complex.py took 0.230 seconds
[2025-07-23T08:30:28.100+0000] {processor.py:161} INFO - Started process (PID=1842) to work on /home/airflow/.local/lib/python3.12/site-packages/airflow/example_dags/example_complex.py
[2025-07-23T08:30:28.133+0000] {processor.py:830} INFO - Processing file /home/airflow/.local/lib/python3.12/site-packages/airflow/example_dags/example_complex.py for tasks to queue
[2025-07-23T08:30:28.139+0000] {logging_mixin.py:188} INFO - [2025-07-23T08:30:28.138+0000] {dagbag.py:545} INFO - Filling up the DagBag from /home/airflow/.local/lib/python3.12/site-packages/airflow/example_dags/example_complex.py
[2025-07-23T08:30:28.205+0000] {processor.py:840} INFO - DAG(s) 'example_complex' retrieved from /home/airflow/.local/lib/python3.12/site-packages/airflow/example_dags/example_complex.py
[2025-07-23T08:30:28.426+0000] {logging_mixin.py:188} INFO - [2025-07-23T08:30:28.426+0000] {dag.py:3096} INFO - Sync 1 DAGs
[2025-07-23T08:30:28.503+0000] {logging_mixin.py:188} INFO - [2025-07-23T08:30:28.501+0000] {dag.py:3954} INFO - Setting next_dagrun for example_complex to None, run_after=None
[2025-07-23T08:30:29.088+0000] {processor.py:183} INFO - Processing /home/airflow/.local/lib/python3.12/site-packages/airflow/example_dags/example_complex.py took 1.002 seconds
[2025-07-23T08:30:59.947+0000] {processor.py:161} INFO - Started process (PID=1901) to work on /home/airflow/.local/lib/python3.12/site-packages/airflow/example_dags/example_complex.py
[2025-07-23T08:30:59.949+0000] {processor.py:830} INFO - Processing file /home/airflow/.local/lib/python3.12/site-packages/airflow/example_dags/example_complex.py for tasks to queue
[2025-07-23T08:30:59.953+0000] {logging_mixin.py:188} INFO - [2025-07-23T08:30:59.953+0000] {dagbag.py:545} INFO - Filling up the DagBag from /home/airflow/.local/lib/python3.12/site-packages/airflow/example_dags/example_complex.py
[2025-07-23T08:30:59.990+0000] {processor.py:840} INFO - DAG(s) 'example_complex' retrieved from /home/airflow/.local/lib/python3.12/site-packages/airflow/example_dags/example_complex.py
[2025-07-23T08:31:00.079+0000] {logging_mixin.py:188} INFO - [2025-07-23T08:31:00.078+0000] {dag.py:3096} INFO - Sync 1 DAGs
[2025-07-23T08:31:00.127+0000] {logging_mixin.py:188} INFO - [2025-07-23T08:31:00.125+0000] {dag.py:3954} INFO - Setting next_dagrun for example_complex to None, run_after=None
[2025-07-23T08:31:00.207+0000] {processor.py:183} INFO - Processing /home/airflow/.local/lib/python3.12/site-packages/airflow/example_dags/example_complex.py took 0.280 seconds
[2025-07-23T08:31:30.884+0000] {processor.py:161} INFO - Started process (PID=1960) to work on /home/airflow/.local/lib/python3.12/site-packages/airflow/example_dags/example_complex.py
[2025-07-23T08:31:30.912+0000] {processor.py:830} INFO - Processing file /home/airflow/.local/lib/python3.12/site-packages/airflow/example_dags/example_complex.py for tasks to queue
[2025-07-23T08:31:30.916+0000] {logging_mixin.py:188} INFO - [2025-07-23T08:31:30.915+0000] {dagbag.py:545} INFO - Filling up the DagBag from /home/airflow/.local/lib/python3.12/site-packages/airflow/example_dags/example_complex.py
[2025-07-23T08:31:30.977+0000] {processor.py:840} INFO - DAG(s) 'example_complex' retrieved from /home/airflow/.local/lib/python3.12/site-packages/airflow/example_dags/example_complex.py
[2025-07-23T08:31:31.268+0000] {logging_mixin.py:188} INFO - [2025-07-23T08:31:31.267+0000] {dag.py:3096} INFO - Sync 1 DAGs
[2025-07-23T08:31:31.425+0000] {logging_mixin.py:188} INFO - [2025-07-23T08:31:31.424+0000] {dag.py:3954} INFO - Setting next_dagrun for example_complex to None, run_after=None
[2025-07-23T08:31:31.592+0000] {processor.py:183} INFO - Processing /home/airflow/.local/lib/python3.12/site-packages/airflow/example_dags/example_complex.py took 0.729 seconds
[2025-07-23T08:32:02.479+0000] {processor.py:161} INFO - Started process (PID=2018) to work on /home/airflow/.local/lib/python3.12/site-packages/airflow/example_dags/example_complex.py
[2025-07-23T08:32:02.494+0000] {processor.py:830} INFO - Processing file /home/airflow/.local/lib/python3.12/site-packages/airflow/example_dags/example_complex.py for tasks to queue
[2025-07-23T08:32:02.503+0000] {logging_mixin.py:188} INFO - [2025-07-23T08:32:02.502+0000] {dagbag.py:545} INFO - Filling up the DagBag from /home/airflow/.local/lib/python3.12/site-packages/airflow/example_dags/example_complex.py
[2025-07-23T08:32:02.674+0000] {processor.py:840} INFO - DAG(s) 'example_complex' retrieved from /home/airflow/.local/lib/python3.12/site-packages/airflow/example_dags/example_complex.py
[2025-07-23T08:32:02.968+0000] {logging_mixin.py:188} INFO - [2025-07-23T08:32:02.967+0000] {dag.py:3096} INFO - Sync 1 DAGs
[2025-07-23T08:32:03.085+0000] {logging_mixin.py:188} INFO - [2025-07-23T08:32:03.084+0000] {dag.py:3954} INFO - Setting next_dagrun for example_complex to None, run_after=None
[2025-07-23T08:32:03.496+0000] {processor.py:183} INFO - Processing /home/airflow/.local/lib/python3.12/site-packages/airflow/example_dags/example_complex.py took 1.071 seconds
[2025-07-23T08:35:08.530+0000] {processor.py:161} INFO - Started process (PID=97) to work on /home/airflow/.local/lib/python3.12/site-packages/airflow/example_dags/example_complex.py
[2025-07-23T08:35:08.532+0000] {processor.py:830} INFO - Processing file /home/airflow/.local/lib/python3.12/site-packages/airflow/example_dags/example_complex.py for tasks to queue
[2025-07-23T08:35:08.536+0000] {logging_mixin.py:188} INFO - [2025-07-23T08:35:08.535+0000] {dagbag.py:545} INFO - Filling up the DagBag from /home/airflow/.local/lib/python3.12/site-packages/airflow/example_dags/example_complex.py
[2025-07-23T08:35:08.576+0000] {processor.py:840} INFO - DAG(s) 'example_complex' retrieved from /home/airflow/.local/lib/python3.12/site-packages/airflow/example_dags/example_complex.py
[2025-07-23T08:35:08.917+0000] {logging_mixin.py:188} INFO - [2025-07-23T08:35:08.916+0000] {dag.py:3096} INFO - Sync 1 DAGs
[2025-07-23T08:35:08.945+0000] {logging_mixin.py:188} INFO - [2025-07-23T08:35:08.944+0000] {dag.py:3954} INFO - Setting next_dagrun for example_complex to None, run_after=None
[2025-07-23T08:35:09.049+0000] {processor.py:183} INFO - Processing /home/airflow/.local/lib/python3.12/site-packages/airflow/example_dags/example_complex.py took 0.531 seconds
[2025-07-23T08:35:44.166+0000] {processor.py:161} INFO - Started process (PID=161) to work on /home/airflow/.local/lib/python3.12/site-packages/airflow/example_dags/example_complex.py
[2025-07-23T08:35:44.168+0000] {processor.py:830} INFO - Processing file /home/airflow/.local/lib/python3.12/site-packages/airflow/example_dags/example_complex.py for tasks to queue
[2025-07-23T08:35:44.171+0000] {logging_mixin.py:188} INFO - [2025-07-23T08:35:44.171+0000] {dagbag.py:545} INFO - Filling up the DagBag from /home/airflow/.local/lib/python3.12/site-packages/airflow/example_dags/example_complex.py
[2025-07-23T08:35:44.220+0000] {processor.py:840} INFO - DAG(s) 'example_complex' retrieved from /home/airflow/.local/lib/python3.12/site-packages/airflow/example_dags/example_complex.py
[2025-07-23T08:35:44.444+0000] {logging_mixin.py:188} INFO - [2025-07-23T08:35:44.444+0000] {dag.py:3096} INFO - Sync 1 DAGs
[2025-07-23T08:35:44.556+0000] {logging_mixin.py:188} INFO - [2025-07-23T08:35:44.555+0000] {dag.py:3954} INFO - Setting next_dagrun for example_complex to None, run_after=None
[2025-07-23T08:35:44.806+0000] {processor.py:183} INFO - Processing /home/airflow/.local/lib/python3.12/site-packages/airflow/example_dags/example_complex.py took 0.659 seconds
[2025-07-23T08:36:15.501+0000] {processor.py:161} INFO - Started process (PID=219) to work on /home/airflow/.local/lib/python3.12/site-packages/airflow/example_dags/example_complex.py
[2025-07-23T08:36:15.504+0000] {processor.py:830} INFO - Processing file /home/airflow/.local/lib/python3.12/site-packages/airflow/example_dags/example_complex.py for tasks to queue
[2025-07-23T08:36:15.511+0000] {logging_mixin.py:188} INFO - [2025-07-23T08:36:15.510+0000] {dagbag.py:545} INFO - Filling up the DagBag from /home/airflow/.local/lib/python3.12/site-packages/airflow/example_dags/example_complex.py
[2025-07-23T08:36:15.541+0000] {processor.py:840} INFO - DAG(s) 'example_complex' retrieved from /home/airflow/.local/lib/python3.12/site-packages/airflow/example_dags/example_complex.py
[2025-07-23T08:36:15.751+0000] {logging_mixin.py:188} INFO - [2025-07-23T08:36:15.751+0000] {dag.py:3096} INFO - Sync 1 DAGs
[2025-07-23T08:36:15.802+0000] {logging_mixin.py:188} INFO - [2025-07-23T08:36:15.802+0000] {dag.py:3954} INFO - Setting next_dagrun for example_complex to None, run_after=None
[2025-07-23T08:36:15.903+0000] {processor.py:183} INFO - Processing /home/airflow/.local/lib/python3.12/site-packages/airflow/example_dags/example_complex.py took 0.437 seconds
[2025-07-23T08:36:47.012+0000] {processor.py:161} INFO - Started process (PID=278) to work on /home/airflow/.local/lib/python3.12/site-packages/airflow/example_dags/example_complex.py
[2025-07-23T08:36:47.036+0000] {processor.py:830} INFO - Processing file /home/airflow/.local/lib/python3.12/site-packages/airflow/example_dags/example_complex.py for tasks to queue
[2025-07-23T08:36:47.055+0000] {logging_mixin.py:188} INFO - [2025-07-23T08:36:47.055+0000] {dagbag.py:545} INFO - Filling up the DagBag from /home/airflow/.local/lib/python3.12/site-packages/airflow/example_dags/example_complex.py
[2025-07-23T08:36:47.132+0000] {processor.py:840} INFO - DAG(s) 'example_complex' retrieved from /home/airflow/.local/lib/python3.12/site-packages/airflow/example_dags/example_complex.py
[2025-07-23T08:36:47.394+0000] {logging_mixin.py:188} INFO - [2025-07-23T08:36:47.393+0000] {dag.py:3096} INFO - Sync 1 DAGs
[2025-07-23T08:36:47.495+0000] {logging_mixin.py:188} INFO - [2025-07-23T08:36:47.494+0000] {dag.py:3954} INFO - Setting next_dagrun for example_complex to None, run_after=None
[2025-07-23T08:36:47.633+0000] {processor.py:183} INFO - Processing /home/airflow/.local/lib/python3.12/site-packages/airflow/example_dags/example_complex.py took 0.695 seconds
[2025-07-23T08:37:17.869+0000] {processor.py:161} INFO - Started process (PID=337) to work on /home/airflow/.local/lib/python3.12/site-packages/airflow/example_dags/example_complex.py
[2025-07-23T08:37:17.872+0000] {processor.py:830} INFO - Processing file /home/airflow/.local/lib/python3.12/site-packages/airflow/example_dags/example_complex.py for tasks to queue
[2025-07-23T08:37:17.878+0000] {logging_mixin.py:188} INFO - [2025-07-23T08:37:17.877+0000] {dagbag.py:545} INFO - Filling up the DagBag from /home/airflow/.local/lib/python3.12/site-packages/airflow/example_dags/example_complex.py
[2025-07-23T08:37:17.907+0000] {processor.py:840} INFO - DAG(s) 'example_complex' retrieved from /home/airflow/.local/lib/python3.12/site-packages/airflow/example_dags/example_complex.py
[2025-07-23T08:37:18.008+0000] {logging_mixin.py:188} INFO - [2025-07-23T08:37:18.008+0000] {dag.py:3096} INFO - Sync 1 DAGs
[2025-07-23T08:37:18.050+0000] {logging_mixin.py:188} INFO - [2025-07-23T08:37:18.050+0000] {dag.py:3954} INFO - Setting next_dagrun for example_complex to None, run_after=None
[2025-07-23T08:37:18.109+0000] {processor.py:183} INFO - Processing /home/airflow/.local/lib/python3.12/site-packages/airflow/example_dags/example_complex.py took 0.253 seconds
[2025-07-23T08:37:50.704+0000] {processor.py:161} INFO - Started process (PID=394) to work on /home/airflow/.local/lib/python3.12/site-packages/airflow/example_dags/example_complex.py
[2025-07-23T08:37:50.707+0000] {processor.py:830} INFO - Processing file /home/airflow/.local/lib/python3.12/site-packages/airflow/example_dags/example_complex.py for tasks to queue
[2025-07-23T08:37:50.711+0000] {logging_mixin.py:188} INFO - [2025-07-23T08:37:50.711+0000] {dagbag.py:545} INFO - Filling up the DagBag from /home/airflow/.local/lib/python3.12/site-packages/airflow/example_dags/example_complex.py
[2025-07-23T08:37:50.757+0000] {processor.py:840} INFO - DAG(s) 'example_complex' retrieved from /home/airflow/.local/lib/python3.12/site-packages/airflow/example_dags/example_complex.py
[2025-07-23T08:37:50.951+0000] {logging_mixin.py:188} INFO - [2025-07-23T08:37:50.951+0000] {dag.py:3096} INFO - Sync 1 DAGs
[2025-07-23T08:37:51.074+0000] {logging_mixin.py:188} INFO - [2025-07-23T08:37:51.074+0000] {dag.py:3954} INFO - Setting next_dagrun for example_complex to None, run_after=None
[2025-07-23T08:37:51.138+0000] {processor.py:183} INFO - Processing /home/airflow/.local/lib/python3.12/site-packages/airflow/example_dags/example_complex.py took 0.455 seconds
[2025-07-23T08:38:45.461+0000] {processor.py:161} INFO - Started process (PID=452) to work on /home/airflow/.local/lib/python3.12/site-packages/airflow/example_dags/example_complex.py
[2025-07-23T08:38:45.475+0000] {processor.py:830} INFO - Processing file /home/airflow/.local/lib/python3.12/site-packages/airflow/example_dags/example_complex.py for tasks to queue
[2025-07-23T08:38:45.507+0000] {logging_mixin.py:188} INFO - [2025-07-23T08:38:45.497+0000] {dagbag.py:545} INFO - Filling up the DagBag from /home/airflow/.local/lib/python3.12/site-packages/airflow/example_dags/example_complex.py
[2025-07-23T08:38:45.701+0000] {processor.py:840} INFO - DAG(s) 'example_complex' retrieved from /home/airflow/.local/lib/python3.12/site-packages/airflow/example_dags/example_complex.py
[2025-07-23T08:38:46.320+0000] {logging_mixin.py:188} INFO - [2025-07-23T08:38:46.319+0000] {dag.py:3096} INFO - Sync 1 DAGs
[2025-07-23T08:38:46.485+0000] {logging_mixin.py:188} INFO - [2025-07-23T08:38:46.485+0000] {dag.py:3954} INFO - Setting next_dagrun for example_complex to None, run_after=None
[2025-07-23T08:38:46.752+0000] {processor.py:183} INFO - Processing /home/airflow/.local/lib/python3.12/site-packages/airflow/example_dags/example_complex.py took 1.393 seconds
[2025-07-23T08:39:53.290+0000] {processor.py:161} INFO - Started process (PID=521) to work on /home/airflow/.local/lib/python3.12/site-packages/airflow/example_dags/example_complex.py
[2025-07-23T08:39:53.330+0000] {processor.py:830} INFO - Processing file /home/airflow/.local/lib/python3.12/site-packages/airflow/example_dags/example_complex.py for tasks to queue
[2025-07-23T08:39:53.362+0000] {logging_mixin.py:188} INFO - [2025-07-23T08:39:53.361+0000] {dagbag.py:545} INFO - Filling up the DagBag from /home/airflow/.local/lib/python3.12/site-packages/airflow/example_dags/example_complex.py
[2025-07-23T08:39:53.600+0000] {processor.py:840} INFO - DAG(s) 'example_complex' retrieved from /home/airflow/.local/lib/python3.12/site-packages/airflow/example_dags/example_complex.py
[2025-07-23T08:39:54.157+0000] {logging_mixin.py:188} INFO - [2025-07-23T08:39:54.156+0000] {dag.py:3096} INFO - Sync 1 DAGs
[2025-07-23T08:39:54.481+0000] {logging_mixin.py:188} INFO - [2025-07-23T08:39:54.480+0000] {dag.py:3954} INFO - Setting next_dagrun for example_complex to None, run_after=None
[2025-07-23T08:39:54.896+0000] {processor.py:183} INFO - Processing /home/airflow/.local/lib/python3.12/site-packages/airflow/example_dags/example_complex.py took 1.710 seconds
[2025-07-23T08:40:35.259+0000] {processor.py:161} INFO - Started process (PID=579) to work on /home/airflow/.local/lib/python3.12/site-packages/airflow/example_dags/example_complex.py
[2025-07-23T08:40:35.271+0000] {processor.py:830} INFO - Processing file /home/airflow/.local/lib/python3.12/site-packages/airflow/example_dags/example_complex.py for tasks to queue
[2025-07-23T08:40:35.298+0000] {logging_mixin.py:188} INFO - [2025-07-23T08:40:35.296+0000] {dagbag.py:545} INFO - Filling up the DagBag from /home/airflow/.local/lib/python3.12/site-packages/airflow/example_dags/example_complex.py
[2025-07-23T08:40:35.368+0000] {processor.py:840} INFO - DAG(s) 'example_complex' retrieved from /home/airflow/.local/lib/python3.12/site-packages/airflow/example_dags/example_complex.py
[2025-07-23T08:40:35.807+0000] {logging_mixin.py:188} INFO - [2025-07-23T08:40:35.806+0000] {dag.py:3096} INFO - Sync 1 DAGs
[2025-07-23T08:40:35.966+0000] {logging_mixin.py:188} INFO - [2025-07-23T08:40:35.965+0000] {dag.py:3954} INFO - Setting next_dagrun for example_complex to None, run_after=None
[2025-07-23T08:40:36.227+0000] {processor.py:183} INFO - Processing /home/airflow/.local/lib/python3.12/site-packages/airflow/example_dags/example_complex.py took 1.005 seconds
[2025-07-23T09:01:03.296+0000] {processor.py:161} INFO - Started process (PID=67) to work on /home/airflow/.local/lib/python3.12/site-packages/airflow/example_dags/example_complex.py
[2025-07-23T09:01:03.312+0000] {processor.py:830} INFO - Processing file /home/airflow/.local/lib/python3.12/site-packages/airflow/example_dags/example_complex.py for tasks to queue
[2025-07-23T09:01:03.329+0000] {logging_mixin.py:188} INFO - [2025-07-23T09:01:03.329+0000] {dagbag.py:545} INFO - Filling up the DagBag from /home/airflow/.local/lib/python3.12/site-packages/airflow/example_dags/example_complex.py
[2025-07-23T09:01:03.485+0000] {processor.py:840} INFO - DAG(s) 'example_complex' retrieved from /home/airflow/.local/lib/python3.12/site-packages/airflow/example_dags/example_complex.py
[2025-07-23T09:01:03.703+0000] {logging_mixin.py:188} INFO - [2025-07-23T09:01:03.702+0000] {dag.py:3096} INFO - Sync 1 DAGs
[2025-07-23T09:01:03.887+0000] {logging_mixin.py:188} INFO - [2025-07-23T09:01:03.887+0000] {dag.py:3954} INFO - Setting next_dagrun for example_complex to None, run_after=None
[2025-07-23T09:01:04.196+0000] {processor.py:183} INFO - Processing /home/airflow/.local/lib/python3.12/site-packages/airflow/example_dags/example_complex.py took 0.951 seconds
[2025-07-23T09:01:46.344+0000] {processor.py:161} INFO - Started process (PID=126) to work on /home/airflow/.local/lib/python3.12/site-packages/airflow/example_dags/example_complex.py
[2025-07-23T09:01:46.346+0000] {processor.py:830} INFO - Processing file /home/airflow/.local/lib/python3.12/site-packages/airflow/example_dags/example_complex.py for tasks to queue
[2025-07-23T09:01:46.349+0000] {logging_mixin.py:188} INFO - [2025-07-23T09:01:46.348+0000] {dagbag.py:545} INFO - Filling up the DagBag from /home/airflow/.local/lib/python3.12/site-packages/airflow/example_dags/example_complex.py
[2025-07-23T09:01:46.448+0000] {processor.py:840} INFO - DAG(s) 'example_complex' retrieved from /home/airflow/.local/lib/python3.12/site-packages/airflow/example_dags/example_complex.py
[2025-07-23T09:01:46.746+0000] {logging_mixin.py:188} INFO - [2025-07-23T09:01:46.745+0000] {dag.py:3096} INFO - Sync 1 DAGs
[2025-07-23T09:01:46.851+0000] {logging_mixin.py:188} INFO - [2025-07-23T09:01:46.850+0000] {dag.py:3954} INFO - Setting next_dagrun for example_complex to None, run_after=None
[2025-07-23T09:01:47.064+0000] {processor.py:183} INFO - Processing /home/airflow/.local/lib/python3.12/site-packages/airflow/example_dags/example_complex.py took 0.776 seconds
[2025-07-23T09:02:20.703+0000] {processor.py:161} INFO - Started process (PID=185) to work on /home/airflow/.local/lib/python3.12/site-packages/airflow/example_dags/example_complex.py
[2025-07-23T09:02:20.720+0000] {processor.py:830} INFO - Processing file /home/airflow/.local/lib/python3.12/site-packages/airflow/example_dags/example_complex.py for tasks to queue
[2025-07-23T09:02:20.736+0000] {logging_mixin.py:188} INFO - [2025-07-23T09:02:20.735+0000] {dagbag.py:545} INFO - Filling up the DagBag from /home/airflow/.local/lib/python3.12/site-packages/airflow/example_dags/example_complex.py
[2025-07-23T09:02:21.059+0000] {processor.py:840} INFO - DAG(s) 'example_complex' retrieved from /home/airflow/.local/lib/python3.12/site-packages/airflow/example_dags/example_complex.py
[2025-07-23T09:02:21.446+0000] {logging_mixin.py:188} INFO - [2025-07-23T09:02:21.445+0000] {dag.py:3096} INFO - Sync 1 DAGs
[2025-07-23T09:02:21.562+0000] {logging_mixin.py:188} INFO - [2025-07-23T09:02:21.562+0000] {dag.py:3954} INFO - Setting next_dagrun for example_complex to None, run_after=None
[2025-07-23T09:02:21.722+0000] {processor.py:183} INFO - Processing /home/airflow/.local/lib/python3.12/site-packages/airflow/example_dags/example_complex.py took 1.077 seconds
[2025-07-23T09:02:58.624+0000] {processor.py:161} INFO - Started process (PID=243) to work on /home/airflow/.local/lib/python3.12/site-packages/airflow/example_dags/example_complex.py
[2025-07-23T09:02:58.629+0000] {processor.py:830} INFO - Processing file /home/airflow/.local/lib/python3.12/site-packages/airflow/example_dags/example_complex.py for tasks to queue
[2025-07-23T09:02:58.647+0000] {logging_mixin.py:188} INFO - [2025-07-23T09:02:58.647+0000] {dagbag.py:545} INFO - Filling up the DagBag from /home/airflow/.local/lib/python3.12/site-packages/airflow/example_dags/example_complex.py
[2025-07-23T09:02:58.743+0000] {processor.py:840} INFO - DAG(s) 'example_complex' retrieved from /home/airflow/.local/lib/python3.12/site-packages/airflow/example_dags/example_complex.py
[2025-07-23T09:02:59.089+0000] {logging_mixin.py:188} INFO - [2025-07-23T09:02:59.089+0000] {dag.py:3096} INFO - Sync 1 DAGs
[2025-07-23T09:02:59.235+0000] {logging_mixin.py:188} INFO - [2025-07-23T09:02:59.234+0000] {dag.py:3954} INFO - Setting next_dagrun for example_complex to None, run_after=None
[2025-07-23T09:02:59.443+0000] {processor.py:183} INFO - Processing /home/airflow/.local/lib/python3.12/site-packages/airflow/example_dags/example_complex.py took 0.842 seconds
[2025-07-23T09:03:32.310+0000] {processor.py:161} INFO - Started process (PID=302) to work on /home/airflow/.local/lib/python3.12/site-packages/airflow/example_dags/example_complex.py
[2025-07-23T09:03:32.322+0000] {processor.py:830} INFO - Processing file /home/airflow/.local/lib/python3.12/site-packages/airflow/example_dags/example_complex.py for tasks to queue
[2025-07-23T09:03:32.401+0000] {logging_mixin.py:188} INFO - [2025-07-23T09:03:32.400+0000] {dagbag.py:545} INFO - Filling up the DagBag from /home/airflow/.local/lib/python3.12/site-packages/airflow/example_dags/example_complex.py
[2025-07-23T09:03:32.525+0000] {processor.py:840} INFO - DAG(s) 'example_complex' retrieved from /home/airflow/.local/lib/python3.12/site-packages/airflow/example_dags/example_complex.py
[2025-07-23T09:03:32.793+0000] {logging_mixin.py:188} INFO - [2025-07-23T09:03:32.793+0000] {dag.py:3096} INFO - Sync 1 DAGs
[2025-07-23T09:03:32.917+0000] {logging_mixin.py:188} INFO - [2025-07-23T09:03:32.916+0000] {dag.py:3954} INFO - Setting next_dagrun for example_complex to None, run_after=None
[2025-07-23T09:03:33.130+0000] {processor.py:183} INFO - Processing /home/airflow/.local/lib/python3.12/site-packages/airflow/example_dags/example_complex.py took 0.870 seconds
[2025-07-23T09:04:04.123+0000] {processor.py:161} INFO - Started process (PID=354) to work on /home/airflow/.local/lib/python3.12/site-packages/airflow/example_dags/example_complex.py
[2025-07-23T09:04:04.128+0000] {processor.py:830} INFO - Processing file /home/airflow/.local/lib/python3.12/site-packages/airflow/example_dags/example_complex.py for tasks to queue
[2025-07-23T09:04:04.160+0000] {logging_mixin.py:188} INFO - [2025-07-23T09:04:04.157+0000] {dagbag.py:545} INFO - Filling up the DagBag from /home/airflow/.local/lib/python3.12/site-packages/airflow/example_dags/example_complex.py
[2025-07-23T09:04:04.258+0000] {processor.py:840} INFO - DAG(s) 'example_complex' retrieved from /home/airflow/.local/lib/python3.12/site-packages/airflow/example_dags/example_complex.py
[2025-07-23T09:04:04.553+0000] {logging_mixin.py:188} INFO - [2025-07-23T09:04:04.552+0000] {dag.py:3096} INFO - Sync 1 DAGs
[2025-07-23T09:04:04.609+0000] {logging_mixin.py:188} INFO - [2025-07-23T09:04:04.608+0000] {dag.py:3954} INFO - Setting next_dagrun for example_complex to None, run_after=None
[2025-07-23T09:04:04.787+0000] {processor.py:183} INFO - Processing /home/airflow/.local/lib/python3.12/site-packages/airflow/example_dags/example_complex.py took 0.687 seconds
[2025-07-23T09:04:35.144+0000] {processor.py:161} INFO - Started process (PID=411) to work on /home/airflow/.local/lib/python3.12/site-packages/airflow/example_dags/example_complex.py
[2025-07-23T09:04:35.145+0000] {processor.py:830} INFO - Processing file /home/airflow/.local/lib/python3.12/site-packages/airflow/example_dags/example_complex.py for tasks to queue
[2025-07-23T09:04:35.147+0000] {logging_mixin.py:188} INFO - [2025-07-23T09:04:35.147+0000] {dagbag.py:545} INFO - Filling up the DagBag from /home/airflow/.local/lib/python3.12/site-packages/airflow/example_dags/example_complex.py
[2025-07-23T09:04:35.165+0000] {processor.py:840} INFO - DAG(s) 'example_complex' retrieved from /home/airflow/.local/lib/python3.12/site-packages/airflow/example_dags/example_complex.py
[2025-07-23T09:04:35.238+0000] {logging_mixin.py:188} INFO - [2025-07-23T09:04:35.238+0000] {dag.py:3096} INFO - Sync 1 DAGs
[2025-07-23T09:04:35.263+0000] {logging_mixin.py:188} INFO - [2025-07-23T09:04:35.263+0000] {dag.py:3954} INFO - Setting next_dagrun for example_complex to None, run_after=None
[2025-07-23T09:04:35.326+0000] {processor.py:183} INFO - Processing /home/airflow/.local/lib/python3.12/site-packages/airflow/example_dags/example_complex.py took 0.191 seconds
[2025-07-23T09:05:05.531+0000] {processor.py:161} INFO - Started process (PID=470) to work on /home/airflow/.local/lib/python3.12/site-packages/airflow/example_dags/example_complex.py
[2025-07-23T09:05:05.533+0000] {processor.py:830} INFO - Processing file /home/airflow/.local/lib/python3.12/site-packages/airflow/example_dags/example_complex.py for tasks to queue
[2025-07-23T09:05:05.535+0000] {logging_mixin.py:188} INFO - [2025-07-23T09:05:05.534+0000] {dagbag.py:545} INFO - Filling up the DagBag from /home/airflow/.local/lib/python3.12/site-packages/airflow/example_dags/example_complex.py
[2025-07-23T09:05:05.594+0000] {processor.py:840} INFO - DAG(s) 'example_complex' retrieved from /home/airflow/.local/lib/python3.12/site-packages/airflow/example_dags/example_complex.py
[2025-07-23T09:05:05.628+0000] {logging_mixin.py:188} INFO - [2025-07-23T09:05:05.628+0000] {dag.py:3096} INFO - Sync 1 DAGs
[2025-07-23T09:05:05.661+0000] {logging_mixin.py:188} INFO - [2025-07-23T09:05:05.661+0000] {dag.py:3954} INFO - Setting next_dagrun for example_complex to None, run_after=None
[2025-07-23T09:05:05.711+0000] {processor.py:183} INFO - Processing /home/airflow/.local/lib/python3.12/site-packages/airflow/example_dags/example_complex.py took 0.203 seconds
[2025-07-23T09:05:38.423+0000] {processor.py:161} INFO - Started process (PID=531) to work on /home/airflow/.local/lib/python3.12/site-packages/airflow/example_dags/example_complex.py
[2025-07-23T09:05:38.425+0000] {processor.py:830} INFO - Processing file /home/airflow/.local/lib/python3.12/site-packages/airflow/example_dags/example_complex.py for tasks to queue
[2025-07-23T09:05:38.427+0000] {logging_mixin.py:188} INFO - [2025-07-23T09:05:38.426+0000] {dagbag.py:545} INFO - Filling up the DagBag from /home/airflow/.local/lib/python3.12/site-packages/airflow/example_dags/example_complex.py
[2025-07-23T09:05:38.454+0000] {processor.py:840} INFO - DAG(s) 'example_complex' retrieved from /home/airflow/.local/lib/python3.12/site-packages/airflow/example_dags/example_complex.py
[2025-07-23T09:05:38.898+0000] {logging_mixin.py:188} INFO - [2025-07-23T09:05:38.898+0000] {dag.py:3096} INFO - Sync 1 DAGs
[2025-07-23T09:05:38.924+0000] {logging_mixin.py:188} INFO - [2025-07-23T09:05:38.924+0000] {dag.py:3954} INFO - Setting next_dagrun for example_complex to None, run_after=None
[2025-07-23T09:05:38.973+0000] {processor.py:183} INFO - Processing /home/airflow/.local/lib/python3.12/site-packages/airflow/example_dags/example_complex.py took 0.561 seconds
[2025-07-23T09:06:09.910+0000] {processor.py:161} INFO - Started process (PID=591) to work on /home/airflow/.local/lib/python3.12/site-packages/airflow/example_dags/example_complex.py
[2025-07-23T09:06:09.912+0000] {processor.py:830} INFO - Processing file /home/airflow/.local/lib/python3.12/site-packages/airflow/example_dags/example_complex.py for tasks to queue
[2025-07-23T09:06:09.914+0000] {logging_mixin.py:188} INFO - [2025-07-23T09:06:09.913+0000] {dagbag.py:545} INFO - Filling up the DagBag from /home/airflow/.local/lib/python3.12/site-packages/airflow/example_dags/example_complex.py
[2025-07-23T09:06:09.942+0000] {processor.py:840} INFO - DAG(s) 'example_complex' retrieved from /home/airflow/.local/lib/python3.12/site-packages/airflow/example_dags/example_complex.py
[2025-07-23T09:06:10.062+0000] {logging_mixin.py:188} INFO - [2025-07-23T09:06:10.062+0000] {dag.py:3096} INFO - Sync 1 DAGs
[2025-07-23T09:06:10.155+0000] {logging_mixin.py:188} INFO - [2025-07-23T09:06:10.155+0000] {dag.py:3954} INFO - Setting next_dagrun for example_complex to None, run_after=None
[2025-07-23T09:06:10.410+0000] {processor.py:183} INFO - Processing /home/airflow/.local/lib/python3.12/site-packages/airflow/example_dags/example_complex.py took 0.510 seconds
[2025-07-23T09:06:41.396+0000] {processor.py:161} INFO - Started process (PID=644) to work on /home/airflow/.local/lib/python3.12/site-packages/airflow/example_dags/example_complex.py
[2025-07-23T09:06:41.397+0000] {processor.py:830} INFO - Processing file /home/airflow/.local/lib/python3.12/site-packages/airflow/example_dags/example_complex.py for tasks to queue
[2025-07-23T09:06:41.400+0000] {logging_mixin.py:188} INFO - [2025-07-23T09:06:41.399+0000] {dagbag.py:545} INFO - Filling up the DagBag from /home/airflow/.local/lib/python3.12/site-packages/airflow/example_dags/example_complex.py
[2025-07-23T09:06:41.434+0000] {processor.py:840} INFO - DAG(s) 'example_complex' retrieved from /home/airflow/.local/lib/python3.12/site-packages/airflow/example_dags/example_complex.py
[2025-07-23T09:06:41.502+0000] {logging_mixin.py:188} INFO - [2025-07-23T09:06:41.502+0000] {dag.py:3096} INFO - Sync 1 DAGs
[2025-07-23T09:06:41.532+0000] {logging_mixin.py:188} INFO - [2025-07-23T09:06:41.531+0000] {dag.py:3954} INFO - Setting next_dagrun for example_complex to None, run_after=None
[2025-07-23T09:06:41.570+0000] {processor.py:183} INFO - Processing /home/airflow/.local/lib/python3.12/site-packages/airflow/example_dags/example_complex.py took 0.192 seconds
[2025-07-23T09:07:12.219+0000] {processor.py:161} INFO - Started process (PID=703) to work on /home/airflow/.local/lib/python3.12/site-packages/airflow/example_dags/example_complex.py
[2025-07-23T09:07:12.220+0000] {processor.py:830} INFO - Processing file /home/airflow/.local/lib/python3.12/site-packages/airflow/example_dags/example_complex.py for tasks to queue
[2025-07-23T09:07:12.223+0000] {logging_mixin.py:188} INFO - [2025-07-23T09:07:12.222+0000] {dagbag.py:545} INFO - Filling up the DagBag from /home/airflow/.local/lib/python3.12/site-packages/airflow/example_dags/example_complex.py
[2025-07-23T09:07:12.247+0000] {processor.py:840} INFO - DAG(s) 'example_complex' retrieved from /home/airflow/.local/lib/python3.12/site-packages/airflow/example_dags/example_complex.py
[2025-07-23T09:07:12.431+0000] {logging_mixin.py:188} INFO - [2025-07-23T09:07:12.430+0000] {dag.py:3096} INFO - Sync 1 DAGs
[2025-07-23T09:07:12.502+0000] {logging_mixin.py:188} INFO - [2025-07-23T09:07:12.502+0000] {dag.py:3954} INFO - Setting next_dagrun for example_complex to None, run_after=None
[2025-07-23T09:07:12.571+0000] {processor.py:183} INFO - Processing /home/airflow/.local/lib/python3.12/site-packages/airflow/example_dags/example_complex.py took 0.362 seconds
