[2025-07-23T08:13:46.824+0000] {processor.py:161} INFO - Started process (PID=67) to work on /home/airflow/.local/lib/python3.12/site-packages/airflow/example_dags/example_branch_python_dop_operator_3.py
[2025-07-23T08:13:46.828+0000] {processor.py:830} INFO - Processing file /home/airflow/.local/lib/python3.12/site-packages/airflow/example_dags/example_branch_python_dop_operator_3.py for tasks to queue
[2025-07-23T08:13:46.849+0000] {logging_mixin.py:188} INFO - [2025-07-23T08:13:46.848+0000] {dagbag.py:545} INFO - Filling up the DagBag from /home/airflow/.local/lib/python3.12/site-packages/airflow/example_dags/example_branch_python_dop_operator_3.py
[2025-07-23T08:13:46.875+0000] {processor.py:840} INFO - DAG(s) 'example_branch_dop_operator_v3' retrieved from /home/airflow/.local/lib/python3.12/site-packages/airflow/example_dags/example_branch_python_dop_operator_3.py
[2025-07-23T08:13:47.507+0000] {logging_mixin.py:188} INFO - [2025-07-23T08:13:47.506+0000] {dag.py:3096} INFO - Sync 1 DAGs
[2025-07-23T08:13:47.670+0000] {logging_mixin.py:188} INFO - [2025-07-23T08:13:47.670+0000] {dag.py:3954} INFO - Setting next_dagrun for example_branch_dop_operator_v3 to 2025-07-23 08:12:00+00:00, run_after=2025-07-23 08:13:00+00:00
[2025-07-23T08:13:47.750+0000] {processor.py:183} INFO - Processing /home/airflow/.local/lib/python3.12/site-packages/airflow/example_dags/example_branch_python_dop_operator_3.py took 0.961 seconds
[2025-07-23T08:14:20.443+0000] {processor.py:161} INFO - Started process (PID=129) to work on /home/airflow/.local/lib/python3.12/site-packages/airflow/example_dags/example_branch_python_dop_operator_3.py
[2025-07-23T08:14:20.448+0000] {processor.py:830} INFO - Processing file /home/airflow/.local/lib/python3.12/site-packages/airflow/example_dags/example_branch_python_dop_operator_3.py for tasks to queue
[2025-07-23T08:14:20.458+0000] {logging_mixin.py:188} INFO - [2025-07-23T08:14:20.456+0000] {dagbag.py:545} INFO - Filling up the DagBag from /home/airflow/.local/lib/python3.12/site-packages/airflow/example_dags/example_branch_python_dop_operator_3.py
[2025-07-23T08:14:20.509+0000] {processor.py:840} INFO - DAG(s) 'example_branch_dop_operator_v3' retrieved from /home/airflow/.local/lib/python3.12/site-packages/airflow/example_dags/example_branch_python_dop_operator_3.py
[2025-07-23T08:14:20.625+0000] {logging_mixin.py:188} INFO - [2025-07-23T08:14:20.625+0000] {dag.py:3096} INFO - Sync 1 DAGs
[2025-07-23T08:14:20.785+0000] {logging_mixin.py:188} INFO - [2025-07-23T08:14:20.784+0000] {dag.py:3954} INFO - Setting next_dagrun for example_branch_dop_operator_v3 to 2025-07-23 08:13:00+00:00, run_after=2025-07-23 08:14:00+00:00
[2025-07-23T08:14:20.889+0000] {processor.py:183} INFO - Processing /home/airflow/.local/lib/python3.12/site-packages/airflow/example_dags/example_branch_python_dop_operator_3.py took 0.516 seconds
[2025-07-23T08:14:52.434+0000] {processor.py:161} INFO - Started process (PID=185) to work on /home/airflow/.local/lib/python3.12/site-packages/airflow/example_dags/example_branch_python_dop_operator_3.py
[2025-07-23T08:14:52.437+0000] {processor.py:830} INFO - Processing file /home/airflow/.local/lib/python3.12/site-packages/airflow/example_dags/example_branch_python_dop_operator_3.py for tasks to queue
[2025-07-23T08:14:52.441+0000] {logging_mixin.py:188} INFO - [2025-07-23T08:14:52.440+0000] {dagbag.py:545} INFO - Filling up the DagBag from /home/airflow/.local/lib/python3.12/site-packages/airflow/example_dags/example_branch_python_dop_operator_3.py
[2025-07-23T08:14:52.504+0000] {processor.py:840} INFO - DAG(s) 'example_branch_dop_operator_v3' retrieved from /home/airflow/.local/lib/python3.12/site-packages/airflow/example_dags/example_branch_python_dop_operator_3.py
[2025-07-23T08:14:52.602+0000] {logging_mixin.py:188} INFO - [2025-07-23T08:14:52.602+0000] {dag.py:3096} INFO - Sync 1 DAGs
[2025-07-23T08:14:52.746+0000] {logging_mixin.py:188} INFO - [2025-07-23T08:14:52.745+0000] {dag.py:3954} INFO - Setting next_dagrun for example_branch_dop_operator_v3 to 2025-07-23 08:13:00+00:00, run_after=2025-07-23 08:14:00+00:00
[2025-07-23T08:14:52.855+0000] {processor.py:183} INFO - Processing /home/airflow/.local/lib/python3.12/site-packages/airflow/example_dags/example_branch_python_dop_operator_3.py took 0.456 seconds
[2025-07-23T08:15:24.581+0000] {processor.py:161} INFO - Started process (PID=242) to work on /home/airflow/.local/lib/python3.12/site-packages/airflow/example_dags/example_branch_python_dop_operator_3.py
[2025-07-23T08:15:24.588+0000] {processor.py:830} INFO - Processing file /home/airflow/.local/lib/python3.12/site-packages/airflow/example_dags/example_branch_python_dop_operator_3.py for tasks to queue
[2025-07-23T08:15:24.598+0000] {logging_mixin.py:188} INFO - [2025-07-23T08:15:24.598+0000] {dagbag.py:545} INFO - Filling up the DagBag from /home/airflow/.local/lib/python3.12/site-packages/airflow/example_dags/example_branch_python_dop_operator_3.py
[2025-07-23T08:15:24.677+0000] {processor.py:840} INFO - DAG(s) 'example_branch_dop_operator_v3' retrieved from /home/airflow/.local/lib/python3.12/site-packages/airflow/example_dags/example_branch_python_dop_operator_3.py
[2025-07-23T08:15:24.862+0000] {logging_mixin.py:188} INFO - [2025-07-23T08:15:24.861+0000] {dag.py:3096} INFO - Sync 1 DAGs
[2025-07-23T08:15:24.960+0000] {logging_mixin.py:188} INFO - [2025-07-23T08:15:24.959+0000] {dag.py:3954} INFO - Setting next_dagrun for example_branch_dop_operator_v3 to 2025-07-23 08:14:00+00:00, run_after=2025-07-23 08:15:00+00:00
[2025-07-23T08:15:25.019+0000] {processor.py:183} INFO - Processing /home/airflow/.local/lib/python3.12/site-packages/airflow/example_dags/example_branch_python_dop_operator_3.py took 0.480 seconds
[2025-07-23T08:15:56.845+0000] {processor.py:161} INFO - Started process (PID=299) to work on /home/airflow/.local/lib/python3.12/site-packages/airflow/example_dags/example_branch_python_dop_operator_3.py
[2025-07-23T08:15:56.856+0000] {processor.py:830} INFO - Processing file /home/airflow/.local/lib/python3.12/site-packages/airflow/example_dags/example_branch_python_dop_operator_3.py for tasks to queue
[2025-07-23T08:15:56.860+0000] {logging_mixin.py:188} INFO - [2025-07-23T08:15:56.859+0000] {dagbag.py:545} INFO - Filling up the DagBag from /home/airflow/.local/lib/python3.12/site-packages/airflow/example_dags/example_branch_python_dop_operator_3.py
[2025-07-23T08:15:56.899+0000] {processor.py:840} INFO - DAG(s) 'example_branch_dop_operator_v3' retrieved from /home/airflow/.local/lib/python3.12/site-packages/airflow/example_dags/example_branch_python_dop_operator_3.py
[2025-07-23T08:15:56.964+0000] {logging_mixin.py:188} INFO - [2025-07-23T08:15:56.964+0000] {dag.py:3096} INFO - Sync 1 DAGs
[2025-07-23T08:15:57.043+0000] {logging_mixin.py:188} INFO - [2025-07-23T08:15:57.043+0000] {dag.py:3954} INFO - Setting next_dagrun for example_branch_dop_operator_v3 to 2025-07-23 08:14:00+00:00, run_after=2025-07-23 08:15:00+00:00
[2025-07-23T08:15:57.098+0000] {processor.py:183} INFO - Processing /home/airflow/.local/lib/python3.12/site-packages/airflow/example_dags/example_branch_python_dop_operator_3.py took 0.291 seconds
[2025-07-23T08:16:31.058+0000] {processor.py:161} INFO - Started process (PID=357) to work on /home/airflow/.local/lib/python3.12/site-packages/airflow/example_dags/example_branch_python_dop_operator_3.py
[2025-07-23T08:16:31.061+0000] {processor.py:830} INFO - Processing file /home/airflow/.local/lib/python3.12/site-packages/airflow/example_dags/example_branch_python_dop_operator_3.py for tasks to queue
[2025-07-23T08:16:31.070+0000] {logging_mixin.py:188} INFO - [2025-07-23T08:16:31.070+0000] {dagbag.py:545} INFO - Filling up the DagBag from /home/airflow/.local/lib/python3.12/site-packages/airflow/example_dags/example_branch_python_dop_operator_3.py
[2025-07-23T08:16:31.108+0000] {processor.py:840} INFO - DAG(s) 'example_branch_dop_operator_v3' retrieved from /home/airflow/.local/lib/python3.12/site-packages/airflow/example_dags/example_branch_python_dop_operator_3.py
[2025-07-23T08:16:31.349+0000] {logging_mixin.py:188} INFO - [2025-07-23T08:16:31.349+0000] {dag.py:3096} INFO - Sync 1 DAGs
[2025-07-23T08:16:31.639+0000] {logging_mixin.py:188} INFO - [2025-07-23T08:16:31.638+0000] {dag.py:3954} INFO - Setting next_dagrun for example_branch_dop_operator_v3 to 2025-07-23 08:15:00+00:00, run_after=2025-07-23 08:16:00+00:00
[2025-07-23T08:16:31.861+0000] {processor.py:183} INFO - Processing /home/airflow/.local/lib/python3.12/site-packages/airflow/example_dags/example_branch_python_dop_operator_3.py took 0.826 seconds
[2025-07-23T08:17:02.100+0000] {processor.py:161} INFO - Started process (PID=415) to work on /home/airflow/.local/lib/python3.12/site-packages/airflow/example_dags/example_branch_python_dop_operator_3.py
[2025-07-23T08:17:02.103+0000] {processor.py:830} INFO - Processing file /home/airflow/.local/lib/python3.12/site-packages/airflow/example_dags/example_branch_python_dop_operator_3.py for tasks to queue
[2025-07-23T08:17:02.107+0000] {logging_mixin.py:188} INFO - [2025-07-23T08:17:02.106+0000] {dagbag.py:545} INFO - Filling up the DagBag from /home/airflow/.local/lib/python3.12/site-packages/airflow/example_dags/example_branch_python_dop_operator_3.py
[2025-07-23T08:17:02.130+0000] {processor.py:840} INFO - DAG(s) 'example_branch_dop_operator_v3' retrieved from /home/airflow/.local/lib/python3.12/site-packages/airflow/example_dags/example_branch_python_dop_operator_3.py
[2025-07-23T08:17:02.230+0000] {logging_mixin.py:188} INFO - [2025-07-23T08:17:02.229+0000] {dag.py:3096} INFO - Sync 1 DAGs
[2025-07-23T08:17:02.336+0000] {logging_mixin.py:188} INFO - [2025-07-23T08:17:02.335+0000] {dag.py:3954} INFO - Setting next_dagrun for example_branch_dop_operator_v3 to 2025-07-23 08:16:00+00:00, run_after=2025-07-23 08:17:00+00:00
[2025-07-23T08:17:02.440+0000] {processor.py:183} INFO - Processing /home/airflow/.local/lib/python3.12/site-packages/airflow/example_dags/example_branch_python_dop_operator_3.py took 0.357 seconds
[2025-07-23T08:17:33.753+0000] {processor.py:161} INFO - Started process (PID=472) to work on /home/airflow/.local/lib/python3.12/site-packages/airflow/example_dags/example_branch_python_dop_operator_3.py
[2025-07-23T08:17:33.769+0000] {processor.py:830} INFO - Processing file /home/airflow/.local/lib/python3.12/site-packages/airflow/example_dags/example_branch_python_dop_operator_3.py for tasks to queue
[2025-07-23T08:17:33.796+0000] {logging_mixin.py:188} INFO - [2025-07-23T08:17:33.781+0000] {dagbag.py:545} INFO - Filling up the DagBag from /home/airflow/.local/lib/python3.12/site-packages/airflow/example_dags/example_branch_python_dop_operator_3.py
[2025-07-23T08:17:33.833+0000] {processor.py:840} INFO - DAG(s) 'example_branch_dop_operator_v3' retrieved from /home/airflow/.local/lib/python3.12/site-packages/airflow/example_dags/example_branch_python_dop_operator_3.py
[2025-07-23T08:17:33.963+0000] {logging_mixin.py:188} INFO - [2025-07-23T08:17:33.961+0000] {dag.py:3096} INFO - Sync 1 DAGs
[2025-07-23T08:17:34.225+0000] {logging_mixin.py:188} INFO - [2025-07-23T08:17:34.224+0000] {dag.py:3954} INFO - Setting next_dagrun for example_branch_dop_operator_v3 to 2025-07-23 08:16:00+00:00, run_after=2025-07-23 08:17:00+00:00
[2025-07-23T08:17:34.372+0000] {processor.py:183} INFO - Processing /home/airflow/.local/lib/python3.12/site-packages/airflow/example_dags/example_branch_python_dop_operator_3.py took 0.642 seconds
[2025-07-23T08:18:04.815+0000] {processor.py:161} INFO - Started process (PID=530) to work on /home/airflow/.local/lib/python3.12/site-packages/airflow/example_dags/example_branch_python_dop_operator_3.py
[2025-07-23T08:18:04.823+0000] {processor.py:830} INFO - Processing file /home/airflow/.local/lib/python3.12/site-packages/airflow/example_dags/example_branch_python_dop_operator_3.py for tasks to queue
[2025-07-23T08:18:04.828+0000] {logging_mixin.py:188} INFO - [2025-07-23T08:18:04.827+0000] {dagbag.py:545} INFO - Filling up the DagBag from /home/airflow/.local/lib/python3.12/site-packages/airflow/example_dags/example_branch_python_dop_operator_3.py
[2025-07-23T08:18:04.870+0000] {processor.py:840} INFO - DAG(s) 'example_branch_dop_operator_v3' retrieved from /home/airflow/.local/lib/python3.12/site-packages/airflow/example_dags/example_branch_python_dop_operator_3.py
[2025-07-23T08:18:04.924+0000] {logging_mixin.py:188} INFO - [2025-07-23T08:18:04.924+0000] {dag.py:3096} INFO - Sync 1 DAGs
[2025-07-23T08:18:05.102+0000] {logging_mixin.py:188} INFO - [2025-07-23T08:18:05.102+0000] {dag.py:3954} INFO - Setting next_dagrun for example_branch_dop_operator_v3 to 2025-07-23 08:17:00+00:00, run_after=2025-07-23 08:18:00+00:00
[2025-07-23T08:18:05.217+0000] {processor.py:183} INFO - Processing /home/airflow/.local/lib/python3.12/site-packages/airflow/example_dags/example_branch_python_dop_operator_3.py took 0.424 seconds
[2025-07-23T08:18:36.177+0000] {processor.py:161} INFO - Started process (PID=587) to work on /home/airflow/.local/lib/python3.12/site-packages/airflow/example_dags/example_branch_python_dop_operator_3.py
[2025-07-23T08:18:36.179+0000] {processor.py:830} INFO - Processing file /home/airflow/.local/lib/python3.12/site-packages/airflow/example_dags/example_branch_python_dop_operator_3.py for tasks to queue
[2025-07-23T08:18:36.185+0000] {logging_mixin.py:188} INFO - [2025-07-23T08:18:36.184+0000] {dagbag.py:545} INFO - Filling up the DagBag from /home/airflow/.local/lib/python3.12/site-packages/airflow/example_dags/example_branch_python_dop_operator_3.py
[2025-07-23T08:18:36.236+0000] {processor.py:840} INFO - DAG(s) 'example_branch_dop_operator_v3' retrieved from /home/airflow/.local/lib/python3.12/site-packages/airflow/example_dags/example_branch_python_dop_operator_3.py
[2025-07-23T08:18:36.341+0000] {logging_mixin.py:188} INFO - [2025-07-23T08:18:36.341+0000] {dag.py:3096} INFO - Sync 1 DAGs
[2025-07-23T08:18:36.458+0000] {logging_mixin.py:188} INFO - [2025-07-23T08:18:36.457+0000] {dag.py:3954} INFO - Setting next_dagrun for example_branch_dop_operator_v3 to 2025-07-23 08:17:00+00:00, run_after=2025-07-23 08:18:00+00:00
[2025-07-23T08:18:36.500+0000] {processor.py:183} INFO - Processing /home/airflow/.local/lib/python3.12/site-packages/airflow/example_dags/example_branch_python_dop_operator_3.py took 0.346 seconds
[2025-07-23T08:19:06.649+0000] {processor.py:161} INFO - Started process (PID=645) to work on /home/airflow/.local/lib/python3.12/site-packages/airflow/example_dags/example_branch_python_dop_operator_3.py
[2025-07-23T08:19:06.652+0000] {processor.py:830} INFO - Processing file /home/airflow/.local/lib/python3.12/site-packages/airflow/example_dags/example_branch_python_dop_operator_3.py for tasks to queue
[2025-07-23T08:19:06.659+0000] {logging_mixin.py:188} INFO - [2025-07-23T08:19:06.657+0000] {dagbag.py:545} INFO - Filling up the DagBag from /home/airflow/.local/lib/python3.12/site-packages/airflow/example_dags/example_branch_python_dop_operator_3.py
[2025-07-23T08:19:06.695+0000] {processor.py:840} INFO - DAG(s) 'example_branch_dop_operator_v3' retrieved from /home/airflow/.local/lib/python3.12/site-packages/airflow/example_dags/example_branch_python_dop_operator_3.py
[2025-07-23T08:19:06.764+0000] {logging_mixin.py:188} INFO - [2025-07-23T08:19:06.764+0000] {dag.py:3096} INFO - Sync 1 DAGs
[2025-07-23T08:19:06.861+0000] {logging_mixin.py:188} INFO - [2025-07-23T08:19:06.859+0000] {dag.py:3954} INFO - Setting next_dagrun for example_branch_dop_operator_v3 to 2025-07-23 08:18:00+00:00, run_after=2025-07-23 08:19:00+00:00
[2025-07-23T08:19:06.922+0000] {processor.py:183} INFO - Processing /home/airflow/.local/lib/python3.12/site-packages/airflow/example_dags/example_branch_python_dop_operator_3.py took 0.285 seconds
[2025-07-23T08:19:37.855+0000] {processor.py:161} INFO - Started process (PID=703) to work on /home/airflow/.local/lib/python3.12/site-packages/airflow/example_dags/example_branch_python_dop_operator_3.py
[2025-07-23T08:19:37.859+0000] {processor.py:830} INFO - Processing file /home/airflow/.local/lib/python3.12/site-packages/airflow/example_dags/example_branch_python_dop_operator_3.py for tasks to queue
[2025-07-23T08:19:37.879+0000] {logging_mixin.py:188} INFO - [2025-07-23T08:19:37.870+0000] {dagbag.py:545} INFO - Filling up the DagBag from /home/airflow/.local/lib/python3.12/site-packages/airflow/example_dags/example_branch_python_dop_operator_3.py
[2025-07-23T08:19:37.938+0000] {processor.py:840} INFO - DAG(s) 'example_branch_dop_operator_v3' retrieved from /home/airflow/.local/lib/python3.12/site-packages/airflow/example_dags/example_branch_python_dop_operator_3.py
[2025-07-23T08:19:38.053+0000] {logging_mixin.py:188} INFO - [2025-07-23T08:19:38.052+0000] {dag.py:3096} INFO - Sync 1 DAGs
[2025-07-23T08:19:38.207+0000] {logging_mixin.py:188} INFO - [2025-07-23T08:19:38.180+0000] {dag.py:3954} INFO - Setting next_dagrun for example_branch_dop_operator_v3 to 2025-07-23 08:18:00+00:00, run_after=2025-07-23 08:19:00+00:00
[2025-07-23T08:19:38.307+0000] {processor.py:183} INFO - Processing /home/airflow/.local/lib/python3.12/site-packages/airflow/example_dags/example_branch_python_dop_operator_3.py took 0.519 seconds
[2025-07-23T08:20:08.620+0000] {processor.py:161} INFO - Started process (PID=760) to work on /home/airflow/.local/lib/python3.12/site-packages/airflow/example_dags/example_branch_python_dop_operator_3.py
[2025-07-23T08:20:08.644+0000] {processor.py:830} INFO - Processing file /home/airflow/.local/lib/python3.12/site-packages/airflow/example_dags/example_branch_python_dop_operator_3.py for tasks to queue
[2025-07-23T08:20:08.668+0000] {logging_mixin.py:188} INFO - [2025-07-23T08:20:08.667+0000] {dagbag.py:545} INFO - Filling up the DagBag from /home/airflow/.local/lib/python3.12/site-packages/airflow/example_dags/example_branch_python_dop_operator_3.py
[2025-07-23T08:20:08.752+0000] {processor.py:840} INFO - DAG(s) 'example_branch_dop_operator_v3' retrieved from /home/airflow/.local/lib/python3.12/site-packages/airflow/example_dags/example_branch_python_dop_operator_3.py
[2025-07-23T08:20:08.898+0000] {logging_mixin.py:188} INFO - [2025-07-23T08:20:08.886+0000] {dag.py:3096} INFO - Sync 1 DAGs
[2025-07-23T08:20:09.188+0000] {logging_mixin.py:188} INFO - [2025-07-23T08:20:09.188+0000] {dag.py:3954} INFO - Setting next_dagrun for example_branch_dop_operator_v3 to 2025-07-23 08:19:00+00:00, run_after=2025-07-23 08:20:00+00:00
[2025-07-23T08:20:10.995+0000] {processor.py:183} INFO - Processing /home/airflow/.local/lib/python3.12/site-packages/airflow/example_dags/example_branch_python_dop_operator_3.py took 2.413 seconds
[2025-07-23T08:20:45.502+0000] {processor.py:161} INFO - Started process (PID=818) to work on /home/airflow/.local/lib/python3.12/site-packages/airflow/example_dags/example_branch_python_dop_operator_3.py
[2025-07-23T08:20:45.521+0000] {processor.py:830} INFO - Processing file /home/airflow/.local/lib/python3.12/site-packages/airflow/example_dags/example_branch_python_dop_operator_3.py for tasks to queue
[2025-07-23T08:20:45.556+0000] {logging_mixin.py:188} INFO - [2025-07-23T08:20:45.556+0000] {dagbag.py:545} INFO - Filling up the DagBag from /home/airflow/.local/lib/python3.12/site-packages/airflow/example_dags/example_branch_python_dop_operator_3.py
[2025-07-23T08:20:45.637+0000] {processor.py:840} INFO - DAG(s) 'example_branch_dop_operator_v3' retrieved from /home/airflow/.local/lib/python3.12/site-packages/airflow/example_dags/example_branch_python_dop_operator_3.py
[2025-07-23T08:20:46.071+0000] {logging_mixin.py:188} INFO - [2025-07-23T08:20:46.070+0000] {dag.py:3096} INFO - Sync 1 DAGs
[2025-07-23T08:20:46.189+0000] {logging_mixin.py:188} INFO - [2025-07-23T08:20:46.189+0000] {dag.py:3954} INFO - Setting next_dagrun for example_branch_dop_operator_v3 to 2025-07-23 08:19:00+00:00, run_after=2025-07-23 08:20:00+00:00
[2025-07-23T08:20:46.361+0000] {processor.py:183} INFO - Processing /home/airflow/.local/lib/python3.12/site-packages/airflow/example_dags/example_branch_python_dop_operator_3.py took 0.914 seconds
[2025-07-23T08:21:16.633+0000] {processor.py:161} INFO - Started process (PID=874) to work on /home/airflow/.local/lib/python3.12/site-packages/airflow/example_dags/example_branch_python_dop_operator_3.py
[2025-07-23T08:21:16.638+0000] {processor.py:830} INFO - Processing file /home/airflow/.local/lib/python3.12/site-packages/airflow/example_dags/example_branch_python_dop_operator_3.py for tasks to queue
[2025-07-23T08:21:16.643+0000] {logging_mixin.py:188} INFO - [2025-07-23T08:21:16.642+0000] {dagbag.py:545} INFO - Filling up the DagBag from /home/airflow/.local/lib/python3.12/site-packages/airflow/example_dags/example_branch_python_dop_operator_3.py
[2025-07-23T08:21:16.669+0000] {processor.py:840} INFO - DAG(s) 'example_branch_dop_operator_v3' retrieved from /home/airflow/.local/lib/python3.12/site-packages/airflow/example_dags/example_branch_python_dop_operator_3.py
[2025-07-23T08:21:16.738+0000] {logging_mixin.py:188} INFO - [2025-07-23T08:21:16.737+0000] {dag.py:3096} INFO - Sync 1 DAGs
[2025-07-23T08:21:16.862+0000] {logging_mixin.py:188} INFO - [2025-07-23T08:21:16.861+0000] {dag.py:3954} INFO - Setting next_dagrun for example_branch_dop_operator_v3 to 2025-07-23 08:20:00+00:00, run_after=2025-07-23 08:21:00+00:00
[2025-07-23T08:21:16.980+0000] {processor.py:183} INFO - Processing /home/airflow/.local/lib/python3.12/site-packages/airflow/example_dags/example_branch_python_dop_operator_3.py took 0.363 seconds
[2025-07-23T08:21:48.905+0000] {processor.py:161} INFO - Started process (PID=928) to work on /home/airflow/.local/lib/python3.12/site-packages/airflow/example_dags/example_branch_python_dop_operator_3.py
[2025-07-23T08:21:48.907+0000] {processor.py:830} INFO - Processing file /home/airflow/.local/lib/python3.12/site-packages/airflow/example_dags/example_branch_python_dop_operator_3.py for tasks to queue
[2025-07-23T08:21:48.914+0000] {logging_mixin.py:188} INFO - [2025-07-23T08:21:48.913+0000] {dagbag.py:545} INFO - Filling up the DagBag from /home/airflow/.local/lib/python3.12/site-packages/airflow/example_dags/example_branch_python_dop_operator_3.py
[2025-07-23T08:21:48.936+0000] {processor.py:840} INFO - DAG(s) 'example_branch_dop_operator_v3' retrieved from /home/airflow/.local/lib/python3.12/site-packages/airflow/example_dags/example_branch_python_dop_operator_3.py
[2025-07-23T08:21:48.995+0000] {logging_mixin.py:188} INFO - [2025-07-23T08:21:48.995+0000] {dag.py:3096} INFO - Sync 1 DAGs
[2025-07-23T08:21:49.085+0000] {logging_mixin.py:188} INFO - [2025-07-23T08:21:49.085+0000] {dag.py:3954} INFO - Setting next_dagrun for example_branch_dop_operator_v3 to 2025-07-23 08:20:00+00:00, run_after=2025-07-23 08:21:00+00:00
[2025-07-23T08:21:49.159+0000] {processor.py:183} INFO - Processing /home/airflow/.local/lib/python3.12/site-packages/airflow/example_dags/example_branch_python_dop_operator_3.py took 0.268 seconds
[2025-07-23T08:22:20.876+0000] {processor.py:161} INFO - Started process (PID=984) to work on /home/airflow/.local/lib/python3.12/site-packages/airflow/example_dags/example_branch_python_dop_operator_3.py
[2025-07-23T08:22:20.882+0000] {processor.py:830} INFO - Processing file /home/airflow/.local/lib/python3.12/site-packages/airflow/example_dags/example_branch_python_dop_operator_3.py for tasks to queue
[2025-07-23T08:22:20.896+0000] {logging_mixin.py:188} INFO - [2025-07-23T08:22:20.895+0000] {dagbag.py:545} INFO - Filling up the DagBag from /home/airflow/.local/lib/python3.12/site-packages/airflow/example_dags/example_branch_python_dop_operator_3.py
[2025-07-23T08:22:20.961+0000] {processor.py:840} INFO - DAG(s) 'example_branch_dop_operator_v3' retrieved from /home/airflow/.local/lib/python3.12/site-packages/airflow/example_dags/example_branch_python_dop_operator_3.py
[2025-07-23T08:22:21.144+0000] {logging_mixin.py:188} INFO - [2025-07-23T08:22:21.143+0000] {dag.py:3096} INFO - Sync 1 DAGs
[2025-07-23T08:22:21.666+0000] {logging_mixin.py:188} INFO - [2025-07-23T08:22:21.653+0000] {dag.py:3954} INFO - Setting next_dagrun for example_branch_dop_operator_v3 to 2025-07-23 08:21:00+00:00, run_after=2025-07-23 08:22:00+00:00
[2025-07-23T08:22:22.018+0000] {processor.py:183} INFO - Processing /home/airflow/.local/lib/python3.12/site-packages/airflow/example_dags/example_branch_python_dop_operator_3.py took 1.201 seconds
[2025-07-23T08:22:54.788+0000] {processor.py:161} INFO - Started process (PID=1041) to work on /home/airflow/.local/lib/python3.12/site-packages/airflow/example_dags/example_branch_python_dop_operator_3.py
[2025-07-23T08:22:54.791+0000] {processor.py:830} INFO - Processing file /home/airflow/.local/lib/python3.12/site-packages/airflow/example_dags/example_branch_python_dop_operator_3.py for tasks to queue
[2025-07-23T08:22:54.796+0000] {logging_mixin.py:188} INFO - [2025-07-23T08:22:54.795+0000] {dagbag.py:545} INFO - Filling up the DagBag from /home/airflow/.local/lib/python3.12/site-packages/airflow/example_dags/example_branch_python_dop_operator_3.py
[2025-07-23T08:22:54.833+0000] {processor.py:840} INFO - DAG(s) 'example_branch_dop_operator_v3' retrieved from /home/airflow/.local/lib/python3.12/site-packages/airflow/example_dags/example_branch_python_dop_operator_3.py
[2025-07-23T08:22:55.112+0000] {logging_mixin.py:188} INFO - [2025-07-23T08:22:55.068+0000] {dag.py:3096} INFO - Sync 1 DAGs
[2025-07-23T08:22:55.370+0000] {logging_mixin.py:188} INFO - [2025-07-23T08:22:55.370+0000] {dag.py:3954} INFO - Setting next_dagrun for example_branch_dop_operator_v3 to 2025-07-23 08:21:00+00:00, run_after=2025-07-23 08:22:00+00:00
[2025-07-23T08:22:55.515+0000] {processor.py:183} INFO - Processing /home/airflow/.local/lib/python3.12/site-packages/airflow/example_dags/example_branch_python_dop_operator_3.py took 0.745 seconds
[2025-07-23T08:23:35.672+0000] {processor.py:161} INFO - Started process (PID=1099) to work on /home/airflow/.local/lib/python3.12/site-packages/airflow/example_dags/example_branch_python_dop_operator_3.py
[2025-07-23T08:23:35.677+0000] {processor.py:830} INFO - Processing file /home/airflow/.local/lib/python3.12/site-packages/airflow/example_dags/example_branch_python_dop_operator_3.py for tasks to queue
[2025-07-23T08:23:35.696+0000] {logging_mixin.py:188} INFO - [2025-07-23T08:23:35.696+0000] {dagbag.py:545} INFO - Filling up the DagBag from /home/airflow/.local/lib/python3.12/site-packages/airflow/example_dags/example_branch_python_dop_operator_3.py
[2025-07-23T08:23:35.831+0000] {processor.py:840} INFO - DAG(s) 'example_branch_dop_operator_v3' retrieved from /home/airflow/.local/lib/python3.12/site-packages/airflow/example_dags/example_branch_python_dop_operator_3.py
[2025-07-23T08:23:36.060+0000] {logging_mixin.py:188} INFO - [2025-07-23T08:23:36.060+0000] {dag.py:3096} INFO - Sync 1 DAGs
[2025-07-23T08:23:36.392+0000] {logging_mixin.py:188} INFO - [2025-07-23T08:23:36.392+0000] {dag.py:3954} INFO - Setting next_dagrun for example_branch_dop_operator_v3 to 2025-07-23 08:22:00+00:00, run_after=2025-07-23 08:23:00+00:00
[2025-07-23T08:23:36.704+0000] {processor.py:183} INFO - Processing /home/airflow/.local/lib/python3.12/site-packages/airflow/example_dags/example_branch_python_dop_operator_3.py took 1.110 seconds
[2025-07-23T08:24:07.939+0000] {processor.py:161} INFO - Started process (PID=1157) to work on /home/airflow/.local/lib/python3.12/site-packages/airflow/example_dags/example_branch_python_dop_operator_3.py
[2025-07-23T08:24:07.946+0000] {processor.py:830} INFO - Processing file /home/airflow/.local/lib/python3.12/site-packages/airflow/example_dags/example_branch_python_dop_operator_3.py for tasks to queue
[2025-07-23T08:24:07.977+0000] {logging_mixin.py:188} INFO - [2025-07-23T08:24:07.976+0000] {dagbag.py:545} INFO - Filling up the DagBag from /home/airflow/.local/lib/python3.12/site-packages/airflow/example_dags/example_branch_python_dop_operator_3.py
[2025-07-23T08:24:08.023+0000] {processor.py:840} INFO - DAG(s) 'example_branch_dop_operator_v3' retrieved from /home/airflow/.local/lib/python3.12/site-packages/airflow/example_dags/example_branch_python_dop_operator_3.py
[2025-07-23T08:24:08.157+0000] {logging_mixin.py:188} INFO - [2025-07-23T08:24:08.156+0000] {dag.py:3096} INFO - Sync 1 DAGs
[2025-07-23T08:24:08.311+0000] {logging_mixin.py:188} INFO - [2025-07-23T08:24:08.310+0000] {dag.py:3954} INFO - Setting next_dagrun for example_branch_dop_operator_v3 to 2025-07-23 08:23:00+00:00, run_after=2025-07-23 08:24:00+00:00
[2025-07-23T08:24:08.419+0000] {processor.py:183} INFO - Processing /home/airflow/.local/lib/python3.12/site-packages/airflow/example_dags/example_branch_python_dop_operator_3.py took 0.605 seconds
[2025-07-23T08:24:38.798+0000] {processor.py:161} INFO - Started process (PID=1214) to work on /home/airflow/.local/lib/python3.12/site-packages/airflow/example_dags/example_branch_python_dop_operator_3.py
[2025-07-23T08:24:38.801+0000] {processor.py:830} INFO - Processing file /home/airflow/.local/lib/python3.12/site-packages/airflow/example_dags/example_branch_python_dop_operator_3.py for tasks to queue
[2025-07-23T08:24:38.856+0000] {logging_mixin.py:188} INFO - [2025-07-23T08:24:38.827+0000] {dagbag.py:545} INFO - Filling up the DagBag from /home/airflow/.local/lib/python3.12/site-packages/airflow/example_dags/example_branch_python_dop_operator_3.py
[2025-07-23T08:24:38.881+0000] {processor.py:840} INFO - DAG(s) 'example_branch_dop_operator_v3' retrieved from /home/airflow/.local/lib/python3.12/site-packages/airflow/example_dags/example_branch_python_dop_operator_3.py
[2025-07-23T08:24:39.013+0000] {logging_mixin.py:188} INFO - [2025-07-23T08:24:39.012+0000] {dag.py:3096} INFO - Sync 1 DAGs
[2025-07-23T08:24:39.142+0000] {logging_mixin.py:188} INFO - [2025-07-23T08:24:39.139+0000] {dag.py:3954} INFO - Setting next_dagrun for example_branch_dop_operator_v3 to 2025-07-23 08:23:00+00:00, run_after=2025-07-23 08:24:00+00:00
[2025-07-23T08:24:39.216+0000] {processor.py:183} INFO - Processing /home/airflow/.local/lib/python3.12/site-packages/airflow/example_dags/example_branch_python_dop_operator_3.py took 0.466 seconds
[2025-07-23T08:25:09.432+0000] {processor.py:161} INFO - Started process (PID=1271) to work on /home/airflow/.local/lib/python3.12/site-packages/airflow/example_dags/example_branch_python_dop_operator_3.py
[2025-07-23T08:25:09.434+0000] {processor.py:830} INFO - Processing file /home/airflow/.local/lib/python3.12/site-packages/airflow/example_dags/example_branch_python_dop_operator_3.py for tasks to queue
[2025-07-23T08:25:09.439+0000] {logging_mixin.py:188} INFO - [2025-07-23T08:25:09.438+0000] {dagbag.py:545} INFO - Filling up the DagBag from /home/airflow/.local/lib/python3.12/site-packages/airflow/example_dags/example_branch_python_dop_operator_3.py
[2025-07-23T08:25:09.487+0000] {processor.py:840} INFO - DAG(s) 'example_branch_dop_operator_v3' retrieved from /home/airflow/.local/lib/python3.12/site-packages/airflow/example_dags/example_branch_python_dop_operator_3.py
[2025-07-23T08:25:09.561+0000] {logging_mixin.py:188} INFO - [2025-07-23T08:25:09.561+0000] {dag.py:3096} INFO - Sync 1 DAGs
[2025-07-23T08:25:09.663+0000] {logging_mixin.py:188} INFO - [2025-07-23T08:25:09.662+0000] {dag.py:3954} INFO - Setting next_dagrun for example_branch_dop_operator_v3 to 2025-07-23 08:24:00+00:00, run_after=2025-07-23 08:25:00+00:00
[2025-07-23T08:25:09.735+0000] {processor.py:183} INFO - Processing /home/airflow/.local/lib/python3.12/site-packages/airflow/example_dags/example_branch_python_dop_operator_3.py took 0.315 seconds
[2025-07-23T08:25:39.846+0000] {processor.py:161} INFO - Started process (PID=1329) to work on /home/airflow/.local/lib/python3.12/site-packages/airflow/example_dags/example_branch_python_dop_operator_3.py
[2025-07-23T08:25:39.848+0000] {processor.py:830} INFO - Processing file /home/airflow/.local/lib/python3.12/site-packages/airflow/example_dags/example_branch_python_dop_operator_3.py for tasks to queue
[2025-07-23T08:25:39.852+0000] {logging_mixin.py:188} INFO - [2025-07-23T08:25:39.852+0000] {dagbag.py:545} INFO - Filling up the DagBag from /home/airflow/.local/lib/python3.12/site-packages/airflow/example_dags/example_branch_python_dop_operator_3.py
[2025-07-23T08:25:39.871+0000] {processor.py:840} INFO - DAG(s) 'example_branch_dop_operator_v3' retrieved from /home/airflow/.local/lib/python3.12/site-packages/airflow/example_dags/example_branch_python_dop_operator_3.py
[2025-07-23T08:25:39.957+0000] {logging_mixin.py:188} INFO - [2025-07-23T08:25:39.956+0000] {dag.py:3096} INFO - Sync 1 DAGs
[2025-07-23T08:25:40.028+0000] {logging_mixin.py:188} INFO - [2025-07-23T08:25:40.027+0000] {dag.py:3954} INFO - Setting next_dagrun for example_branch_dop_operator_v3 to 2025-07-23 08:24:00+00:00, run_after=2025-07-23 08:25:00+00:00
[2025-07-23T08:25:40.084+0000] {processor.py:183} INFO - Processing /home/airflow/.local/lib/python3.12/site-packages/airflow/example_dags/example_branch_python_dop_operator_3.py took 0.254 seconds
[2025-07-23T08:26:10.686+0000] {processor.py:161} INFO - Started process (PID=1386) to work on /home/airflow/.local/lib/python3.12/site-packages/airflow/example_dags/example_branch_python_dop_operator_3.py
[2025-07-23T08:26:10.688+0000] {processor.py:830} INFO - Processing file /home/airflow/.local/lib/python3.12/site-packages/airflow/example_dags/example_branch_python_dop_operator_3.py for tasks to queue
[2025-07-23T08:26:10.698+0000] {logging_mixin.py:188} INFO - [2025-07-23T08:26:10.698+0000] {dagbag.py:545} INFO - Filling up the DagBag from /home/airflow/.local/lib/python3.12/site-packages/airflow/example_dags/example_branch_python_dop_operator_3.py
[2025-07-23T08:26:10.768+0000] {processor.py:840} INFO - DAG(s) 'example_branch_dop_operator_v3' retrieved from /home/airflow/.local/lib/python3.12/site-packages/airflow/example_dags/example_branch_python_dop_operator_3.py
[2025-07-23T08:26:10.978+0000] {logging_mixin.py:188} INFO - [2025-07-23T08:26:10.978+0000] {dag.py:3096} INFO - Sync 1 DAGs
[2025-07-23T08:26:11.448+0000] {logging_mixin.py:188} INFO - [2025-07-23T08:26:11.403+0000] {dag.py:3954} INFO - Setting next_dagrun for example_branch_dop_operator_v3 to 2025-07-23 08:25:00+00:00, run_after=2025-07-23 08:26:00+00:00
[2025-07-23T08:26:11.723+0000] {processor.py:183} INFO - Processing /home/airflow/.local/lib/python3.12/site-packages/airflow/example_dags/example_branch_python_dop_operator_3.py took 1.063 seconds
[2025-07-23T08:26:42.157+0000] {processor.py:161} INFO - Started process (PID=1445) to work on /home/airflow/.local/lib/python3.12/site-packages/airflow/example_dags/example_branch_python_dop_operator_3.py
[2025-07-23T08:26:42.159+0000] {processor.py:830} INFO - Processing file /home/airflow/.local/lib/python3.12/site-packages/airflow/example_dags/example_branch_python_dop_operator_3.py for tasks to queue
[2025-07-23T08:26:42.161+0000] {logging_mixin.py:188} INFO - [2025-07-23T08:26:42.161+0000] {dagbag.py:545} INFO - Filling up the DagBag from /home/airflow/.local/lib/python3.12/site-packages/airflow/example_dags/example_branch_python_dop_operator_3.py
[2025-07-23T08:26:42.184+0000] {processor.py:840} INFO - DAG(s) 'example_branch_dop_operator_v3' retrieved from /home/airflow/.local/lib/python3.12/site-packages/airflow/example_dags/example_branch_python_dop_operator_3.py
[2025-07-23T08:26:42.219+0000] {logging_mixin.py:188} INFO - [2025-07-23T08:26:42.219+0000] {dag.py:3096} INFO - Sync 1 DAGs
[2025-07-23T08:26:42.298+0000] {logging_mixin.py:188} INFO - [2025-07-23T08:26:42.297+0000] {dag.py:3954} INFO - Setting next_dagrun for example_branch_dop_operator_v3 to 2025-07-23 08:25:00+00:00, run_after=2025-07-23 08:26:00+00:00
[2025-07-23T08:26:42.343+0000] {processor.py:183} INFO - Processing /home/airflow/.local/lib/python3.12/site-packages/airflow/example_dags/example_branch_python_dop_operator_3.py took 0.201 seconds
[2025-07-23T08:27:17.386+0000] {processor.py:161} INFO - Started process (PID=1502) to work on /home/airflow/.local/lib/python3.12/site-packages/airflow/example_dags/example_branch_python_dop_operator_3.py
[2025-07-23T08:27:17.406+0000] {processor.py:830} INFO - Processing file /home/airflow/.local/lib/python3.12/site-packages/airflow/example_dags/example_branch_python_dop_operator_3.py for tasks to queue
[2025-07-23T08:27:17.460+0000] {logging_mixin.py:188} INFO - [2025-07-23T08:27:17.460+0000] {dagbag.py:545} INFO - Filling up the DagBag from /home/airflow/.local/lib/python3.12/site-packages/airflow/example_dags/example_branch_python_dop_operator_3.py
[2025-07-23T08:27:17.583+0000] {processor.py:840} INFO - DAG(s) 'example_branch_dop_operator_v3' retrieved from /home/airflow/.local/lib/python3.12/site-packages/airflow/example_dags/example_branch_python_dop_operator_3.py
[2025-07-23T08:27:17.784+0000] {logging_mixin.py:188} INFO - [2025-07-23T08:27:17.771+0000] {dag.py:3096} INFO - Sync 1 DAGs
[2025-07-23T08:27:18.143+0000] {logging_mixin.py:188} INFO - [2025-07-23T08:27:18.143+0000] {dag.py:3954} INFO - Setting next_dagrun for example_branch_dop_operator_v3 to 2025-07-23 08:26:00+00:00, run_after=2025-07-23 08:27:00+00:00
[2025-07-23T08:27:18.369+0000] {processor.py:183} INFO - Processing /home/airflow/.local/lib/python3.12/site-packages/airflow/example_dags/example_branch_python_dop_operator_3.py took 1.044 seconds
[2025-07-23T08:27:53.476+0000] {processor.py:161} INFO - Started process (PID=1559) to work on /home/airflow/.local/lib/python3.12/site-packages/airflow/example_dags/example_branch_python_dop_operator_3.py
[2025-07-23T08:27:53.482+0000] {processor.py:830} INFO - Processing file /home/airflow/.local/lib/python3.12/site-packages/airflow/example_dags/example_branch_python_dop_operator_3.py for tasks to queue
[2025-07-23T08:27:53.492+0000] {logging_mixin.py:188} INFO - [2025-07-23T08:27:53.491+0000] {dagbag.py:545} INFO - Filling up the DagBag from /home/airflow/.local/lib/python3.12/site-packages/airflow/example_dags/example_branch_python_dop_operator_3.py
[2025-07-23T08:27:53.535+0000] {processor.py:840} INFO - DAG(s) 'example_branch_dop_operator_v3' retrieved from /home/airflow/.local/lib/python3.12/site-packages/airflow/example_dags/example_branch_python_dop_operator_3.py
[2025-07-23T08:27:53.647+0000] {logging_mixin.py:188} INFO - [2025-07-23T08:27:53.646+0000] {dag.py:3096} INFO - Sync 1 DAGs
[2025-07-23T08:27:53.821+0000] {logging_mixin.py:188} INFO - [2025-07-23T08:27:53.820+0000] {dag.py:3954} INFO - Setting next_dagrun for example_branch_dop_operator_v3 to 2025-07-23 08:26:00+00:00, run_after=2025-07-23 08:27:00+00:00
[2025-07-23T08:27:54.155+0000] {processor.py:183} INFO - Processing /home/airflow/.local/lib/python3.12/site-packages/airflow/example_dags/example_branch_python_dop_operator_3.py took 0.708 seconds
[2025-07-23T08:28:24.370+0000] {processor.py:161} INFO - Started process (PID=1615) to work on /home/airflow/.local/lib/python3.12/site-packages/airflow/example_dags/example_branch_python_dop_operator_3.py
[2025-07-23T08:28:24.392+0000] {processor.py:830} INFO - Processing file /home/airflow/.local/lib/python3.12/site-packages/airflow/example_dags/example_branch_python_dop_operator_3.py for tasks to queue
[2025-07-23T08:28:24.407+0000] {logging_mixin.py:188} INFO - [2025-07-23T08:28:24.407+0000] {dagbag.py:545} INFO - Filling up the DagBag from /home/airflow/.local/lib/python3.12/site-packages/airflow/example_dags/example_branch_python_dop_operator_3.py
[2025-07-23T08:28:24.491+0000] {processor.py:840} INFO - DAG(s) 'example_branch_dop_operator_v3' retrieved from /home/airflow/.local/lib/python3.12/site-packages/airflow/example_dags/example_branch_python_dop_operator_3.py
[2025-07-23T08:28:24.576+0000] {logging_mixin.py:188} INFO - [2025-07-23T08:28:24.575+0000] {dag.py:3096} INFO - Sync 1 DAGs
[2025-07-23T08:28:24.690+0000] {logging_mixin.py:188} INFO - [2025-07-23T08:28:24.689+0000] {dag.py:3954} INFO - Setting next_dagrun for example_branch_dop_operator_v3 to 2025-07-23 08:27:00+00:00, run_after=2025-07-23 08:28:00+00:00
[2025-07-23T08:28:24.819+0000] {processor.py:183} INFO - Processing /home/airflow/.local/lib/python3.12/site-packages/airflow/example_dags/example_branch_python_dop_operator_3.py took 0.515 seconds
[2025-07-23T08:28:56.505+0000] {processor.py:161} INFO - Started process (PID=1672) to work on /home/airflow/.local/lib/python3.12/site-packages/airflow/example_dags/example_branch_python_dop_operator_3.py
[2025-07-23T08:28:56.507+0000] {processor.py:830} INFO - Processing file /home/airflow/.local/lib/python3.12/site-packages/airflow/example_dags/example_branch_python_dop_operator_3.py for tasks to queue
[2025-07-23T08:28:56.515+0000] {logging_mixin.py:188} INFO - [2025-07-23T08:28:56.514+0000] {dagbag.py:545} INFO - Filling up the DagBag from /home/airflow/.local/lib/python3.12/site-packages/airflow/example_dags/example_branch_python_dop_operator_3.py
[2025-07-23T08:28:56.575+0000] {processor.py:840} INFO - DAG(s) 'example_branch_dop_operator_v3' retrieved from /home/airflow/.local/lib/python3.12/site-packages/airflow/example_dags/example_branch_python_dop_operator_3.py
[2025-07-23T08:28:56.660+0000] {logging_mixin.py:188} INFO - [2025-07-23T08:28:56.659+0000] {dag.py:3096} INFO - Sync 1 DAGs
[2025-07-23T08:28:56.818+0000] {logging_mixin.py:188} INFO - [2025-07-23T08:28:56.818+0000] {dag.py:3954} INFO - Setting next_dagrun for example_branch_dop_operator_v3 to 2025-07-23 08:27:00+00:00, run_after=2025-07-23 08:28:00+00:00
[2025-07-23T08:28:56.980+0000] {processor.py:183} INFO - Processing /home/airflow/.local/lib/python3.12/site-packages/airflow/example_dags/example_branch_python_dop_operator_3.py took 0.507 seconds
[2025-07-23T08:29:27.631+0000] {processor.py:161} INFO - Started process (PID=1730) to work on /home/airflow/.local/lib/python3.12/site-packages/airflow/example_dags/example_branch_python_dop_operator_3.py
[2025-07-23T08:29:27.633+0000] {processor.py:830} INFO - Processing file /home/airflow/.local/lib/python3.12/site-packages/airflow/example_dags/example_branch_python_dop_operator_3.py for tasks to queue
[2025-07-23T08:29:27.674+0000] {logging_mixin.py:188} INFO - [2025-07-23T08:29:27.645+0000] {dagbag.py:545} INFO - Filling up the DagBag from /home/airflow/.local/lib/python3.12/site-packages/airflow/example_dags/example_branch_python_dop_operator_3.py
[2025-07-23T08:29:27.712+0000] {processor.py:840} INFO - DAG(s) 'example_branch_dop_operator_v3' retrieved from /home/airflow/.local/lib/python3.12/site-packages/airflow/example_dags/example_branch_python_dop_operator_3.py
[2025-07-23T08:29:27.804+0000] {logging_mixin.py:188} INFO - [2025-07-23T08:29:27.803+0000] {dag.py:3096} INFO - Sync 1 DAGs
[2025-07-23T08:29:27.951+0000] {logging_mixin.py:188} INFO - [2025-07-23T08:29:27.950+0000] {dag.py:3954} INFO - Setting next_dagrun for example_branch_dop_operator_v3 to 2025-07-23 08:28:00+00:00, run_after=2025-07-23 08:29:00+00:00
[2025-07-23T08:29:28.061+0000] {processor.py:183} INFO - Processing /home/airflow/.local/lib/python3.12/site-packages/airflow/example_dags/example_branch_python_dop_operator_3.py took 0.469 seconds
[2025-07-23T08:29:58.399+0000] {processor.py:161} INFO - Started process (PID=1789) to work on /home/airflow/.local/lib/python3.12/site-packages/airflow/example_dags/example_branch_python_dop_operator_3.py
[2025-07-23T08:29:58.401+0000] {processor.py:830} INFO - Processing file /home/airflow/.local/lib/python3.12/site-packages/airflow/example_dags/example_branch_python_dop_operator_3.py for tasks to queue
[2025-07-23T08:29:58.407+0000] {logging_mixin.py:188} INFO - [2025-07-23T08:29:58.406+0000] {dagbag.py:545} INFO - Filling up the DagBag from /home/airflow/.local/lib/python3.12/site-packages/airflow/example_dags/example_branch_python_dop_operator_3.py
[2025-07-23T08:29:58.428+0000] {processor.py:840} INFO - DAG(s) 'example_branch_dop_operator_v3' retrieved from /home/airflow/.local/lib/python3.12/site-packages/airflow/example_dags/example_branch_python_dop_operator_3.py
[2025-07-23T08:29:58.502+0000] {logging_mixin.py:188} INFO - [2025-07-23T08:29:58.501+0000] {dag.py:3096} INFO - Sync 1 DAGs
[2025-07-23T08:29:58.593+0000] {logging_mixin.py:188} INFO - [2025-07-23T08:29:58.593+0000] {dag.py:3954} INFO - Setting next_dagrun for example_branch_dop_operator_v3 to 2025-07-23 08:28:00+00:00, run_after=2025-07-23 08:29:00+00:00
[2025-07-23T08:29:58.664+0000] {processor.py:183} INFO - Processing /home/airflow/.local/lib/python3.12/site-packages/airflow/example_dags/example_branch_python_dop_operator_3.py took 0.277 seconds
[2025-07-23T08:30:30.262+0000] {processor.py:161} INFO - Started process (PID=1847) to work on /home/airflow/.local/lib/python3.12/site-packages/airflow/example_dags/example_branch_python_dop_operator_3.py
[2025-07-23T08:30:30.264+0000] {processor.py:830} INFO - Processing file /home/airflow/.local/lib/python3.12/site-packages/airflow/example_dags/example_branch_python_dop_operator_3.py for tasks to queue
[2025-07-23T08:30:30.268+0000] {logging_mixin.py:188} INFO - [2025-07-23T08:30:30.268+0000] {dagbag.py:545} INFO - Filling up the DagBag from /home/airflow/.local/lib/python3.12/site-packages/airflow/example_dags/example_branch_python_dop_operator_3.py
[2025-07-23T08:30:30.287+0000] {processor.py:840} INFO - DAG(s) 'example_branch_dop_operator_v3' retrieved from /home/airflow/.local/lib/python3.12/site-packages/airflow/example_dags/example_branch_python_dop_operator_3.py
[2025-07-23T08:30:30.330+0000] {logging_mixin.py:188} INFO - [2025-07-23T08:30:30.329+0000] {dag.py:3096} INFO - Sync 1 DAGs
[2025-07-23T08:30:30.421+0000] {logging_mixin.py:188} INFO - [2025-07-23T08:30:30.420+0000] {dag.py:3954} INFO - Setting next_dagrun for example_branch_dop_operator_v3 to 2025-07-23 08:29:00+00:00, run_after=2025-07-23 08:30:00+00:00
[2025-07-23T08:30:30.777+0000] {processor.py:183} INFO - Processing /home/airflow/.local/lib/python3.12/site-packages/airflow/example_dags/example_branch_python_dop_operator_3.py took 0.531 seconds
[2025-07-23T08:31:01.724+0000] {processor.py:161} INFO - Started process (PID=1905) to work on /home/airflow/.local/lib/python3.12/site-packages/airflow/example_dags/example_branch_python_dop_operator_3.py
[2025-07-23T08:31:01.726+0000] {processor.py:830} INFO - Processing file /home/airflow/.local/lib/python3.12/site-packages/airflow/example_dags/example_branch_python_dop_operator_3.py for tasks to queue
[2025-07-23T08:31:01.731+0000] {logging_mixin.py:188} INFO - [2025-07-23T08:31:01.730+0000] {dagbag.py:545} INFO - Filling up the DagBag from /home/airflow/.local/lib/python3.12/site-packages/airflow/example_dags/example_branch_python_dop_operator_3.py
[2025-07-23T08:31:01.796+0000] {processor.py:840} INFO - DAG(s) 'example_branch_dop_operator_v3' retrieved from /home/airflow/.local/lib/python3.12/site-packages/airflow/example_dags/example_branch_python_dop_operator_3.py
[2025-07-23T08:31:01.904+0000] {logging_mixin.py:188} INFO - [2025-07-23T08:31:01.903+0000] {dag.py:3096} INFO - Sync 1 DAGs
[2025-07-23T08:31:02.024+0000] {logging_mixin.py:188} INFO - [2025-07-23T08:31:02.022+0000] {dag.py:3954} INFO - Setting next_dagrun for example_branch_dop_operator_v3 to 2025-07-23 08:30:00+00:00, run_after=2025-07-23 08:31:00+00:00
[2025-07-23T08:31:02.120+0000] {processor.py:183} INFO - Processing /home/airflow/.local/lib/python3.12/site-packages/airflow/example_dags/example_branch_python_dop_operator_3.py took 0.405 seconds
[2025-07-23T08:31:32.727+0000] {processor.py:161} INFO - Started process (PID=1964) to work on /home/airflow/.local/lib/python3.12/site-packages/airflow/example_dags/example_branch_python_dop_operator_3.py
[2025-07-23T08:31:32.746+0000] {processor.py:830} INFO - Processing file /home/airflow/.local/lib/python3.12/site-packages/airflow/example_dags/example_branch_python_dop_operator_3.py for tasks to queue
[2025-07-23T08:31:32.764+0000] {logging_mixin.py:188} INFO - [2025-07-23T08:31:32.763+0000] {dagbag.py:545} INFO - Filling up the DagBag from /home/airflow/.local/lib/python3.12/site-packages/airflow/example_dags/example_branch_python_dop_operator_3.py
[2025-07-23T08:31:32.877+0000] {processor.py:840} INFO - DAG(s) 'example_branch_dop_operator_v3' retrieved from /home/airflow/.local/lib/python3.12/site-packages/airflow/example_dags/example_branch_python_dop_operator_3.py
[2025-07-23T08:31:33.112+0000] {logging_mixin.py:188} INFO - [2025-07-23T08:31:33.112+0000] {dag.py:3096} INFO - Sync 1 DAGs
[2025-07-23T08:31:33.398+0000] {logging_mixin.py:188} INFO - [2025-07-23T08:31:33.397+0000] {dag.py:3954} INFO - Setting next_dagrun for example_branch_dop_operator_v3 to 2025-07-23 08:30:00+00:00, run_after=2025-07-23 08:31:00+00:00
[2025-07-23T08:31:33.573+0000] {processor.py:183} INFO - Processing /home/airflow/.local/lib/python3.12/site-packages/airflow/example_dags/example_branch_python_dop_operator_3.py took 0.938 seconds
[2025-07-23T08:32:04.406+0000] {processor.py:161} INFO - Started process (PID=2021) to work on /home/airflow/.local/lib/python3.12/site-packages/airflow/example_dags/example_branch_python_dop_operator_3.py
[2025-07-23T08:32:04.408+0000] {processor.py:830} INFO - Processing file /home/airflow/.local/lib/python3.12/site-packages/airflow/example_dags/example_branch_python_dop_operator_3.py for tasks to queue
[2025-07-23T08:32:04.412+0000] {logging_mixin.py:188} INFO - [2025-07-23T08:32:04.411+0000] {dagbag.py:545} INFO - Filling up the DagBag from /home/airflow/.local/lib/python3.12/site-packages/airflow/example_dags/example_branch_python_dop_operator_3.py
[2025-07-23T08:32:04.431+0000] {processor.py:840} INFO - DAG(s) 'example_branch_dop_operator_v3' retrieved from /home/airflow/.local/lib/python3.12/site-packages/airflow/example_dags/example_branch_python_dop_operator_3.py
[2025-07-23T08:32:04.472+0000] {logging_mixin.py:188} INFO - [2025-07-23T08:32:04.472+0000] {dag.py:3096} INFO - Sync 1 DAGs
[2025-07-23T08:32:04.535+0000] {logging_mixin.py:188} INFO - [2025-07-23T08:32:04.535+0000] {dag.py:3954} INFO - Setting next_dagrun for example_branch_dop_operator_v3 to 2025-07-23 08:31:00+00:00, run_after=2025-07-23 08:32:00+00:00
[2025-07-23T08:32:04.584+0000] {processor.py:183} INFO - Processing /home/airflow/.local/lib/python3.12/site-packages/airflow/example_dags/example_branch_python_dop_operator_3.py took 0.190 seconds
[2025-07-23T08:35:00.178+0000] {processor.py:161} INFO - Started process (PID=73) to work on /home/airflow/.local/lib/python3.12/site-packages/airflow/example_dags/example_branch_python_dop_operator_3.py
[2025-07-23T08:35:00.180+0000] {processor.py:830} INFO - Processing file /home/airflow/.local/lib/python3.12/site-packages/airflow/example_dags/example_branch_python_dop_operator_3.py for tasks to queue
[2025-07-23T08:35:00.184+0000] {logging_mixin.py:188} INFO - [2025-07-23T08:35:00.183+0000] {dagbag.py:545} INFO - Filling up the DagBag from /home/airflow/.local/lib/python3.12/site-packages/airflow/example_dags/example_branch_python_dop_operator_3.py
[2025-07-23T08:35:00.207+0000] {processor.py:840} INFO - DAG(s) 'example_branch_dop_operator_v3' retrieved from /home/airflow/.local/lib/python3.12/site-packages/airflow/example_dags/example_branch_python_dop_operator_3.py
[2025-07-23T08:35:00.568+0000] {logging_mixin.py:188} INFO - [2025-07-23T08:35:00.567+0000] {dag.py:3096} INFO - Sync 1 DAGs
[2025-07-23T08:35:00.624+0000] {logging_mixin.py:188} INFO - [2025-07-23T08:35:00.623+0000] {dag.py:3954} INFO - Setting next_dagrun for example_branch_dop_operator_v3 to 2025-07-23 08:34:00+00:00, run_after=2025-07-23 08:35:00+00:00
[2025-07-23T08:35:00.666+0000] {processor.py:183} INFO - Processing /home/airflow/.local/lib/python3.12/site-packages/airflow/example_dags/example_branch_python_dop_operator_3.py took 0.503 seconds
[2025-07-23T08:35:30.736+0000] {processor.py:161} INFO - Started process (PID=131) to work on /home/airflow/.local/lib/python3.12/site-packages/airflow/example_dags/example_branch_python_dop_operator_3.py
[2025-07-23T08:35:30.738+0000] {processor.py:830} INFO - Processing file /home/airflow/.local/lib/python3.12/site-packages/airflow/example_dags/example_branch_python_dop_operator_3.py for tasks to queue
[2025-07-23T08:35:30.742+0000] {logging_mixin.py:188} INFO - [2025-07-23T08:35:30.741+0000] {dagbag.py:545} INFO - Filling up the DagBag from /home/airflow/.local/lib/python3.12/site-packages/airflow/example_dags/example_branch_python_dop_operator_3.py
[2025-07-23T08:35:30.761+0000] {processor.py:840} INFO - DAG(s) 'example_branch_dop_operator_v3' retrieved from /home/airflow/.local/lib/python3.12/site-packages/airflow/example_dags/example_branch_python_dop_operator_3.py
[2025-07-23T08:35:30.802+0000] {logging_mixin.py:188} INFO - [2025-07-23T08:35:30.802+0000] {dag.py:3096} INFO - Sync 1 DAGs
[2025-07-23T08:35:30.867+0000] {logging_mixin.py:188} INFO - [2025-07-23T08:35:30.866+0000] {dag.py:3954} INFO - Setting next_dagrun for example_branch_dop_operator_v3 to 2025-07-23 08:34:00+00:00, run_after=2025-07-23 08:35:00+00:00
[2025-07-23T08:35:30.928+0000] {processor.py:183} INFO - Processing /home/airflow/.local/lib/python3.12/site-packages/airflow/example_dags/example_branch_python_dop_operator_3.py took 0.201 seconds
[2025-07-23T08:36:02.539+0000] {processor.py:161} INFO - Started process (PID=189) to work on /home/airflow/.local/lib/python3.12/site-packages/airflow/example_dags/example_branch_python_dop_operator_3.py
[2025-07-23T08:36:02.546+0000] {processor.py:830} INFO - Processing file /home/airflow/.local/lib/python3.12/site-packages/airflow/example_dags/example_branch_python_dop_operator_3.py for tasks to queue
[2025-07-23T08:36:02.550+0000] {logging_mixin.py:188} INFO - [2025-07-23T08:36:02.549+0000] {dagbag.py:545} INFO - Filling up the DagBag from /home/airflow/.local/lib/python3.12/site-packages/airflow/example_dags/example_branch_python_dop_operator_3.py
[2025-07-23T08:36:02.630+0000] {processor.py:840} INFO - DAG(s) 'example_branch_dop_operator_v3' retrieved from /home/airflow/.local/lib/python3.12/site-packages/airflow/example_dags/example_branch_python_dop_operator_3.py
[2025-07-23T08:36:02.854+0000] {logging_mixin.py:188} INFO - [2025-07-23T08:36:02.853+0000] {dag.py:3096} INFO - Sync 1 DAGs
[2025-07-23T08:36:03.153+0000] {logging_mixin.py:188} INFO - [2025-07-23T08:36:03.153+0000] {dag.py:3954} INFO - Setting next_dagrun for example_branch_dop_operator_v3 to 2025-07-23 08:35:00+00:00, run_after=2025-07-23 08:36:00+00:00
[2025-07-23T08:36:03.297+0000] {processor.py:183} INFO - Processing /home/airflow/.local/lib/python3.12/site-packages/airflow/example_dags/example_branch_python_dop_operator_3.py took 0.810 seconds
[2025-07-23T08:36:33.516+0000] {processor.py:161} INFO - Started process (PID=247) to work on /home/airflow/.local/lib/python3.12/site-packages/airflow/example_dags/example_branch_python_dop_operator_3.py
[2025-07-23T08:36:33.518+0000] {processor.py:830} INFO - Processing file /home/airflow/.local/lib/python3.12/site-packages/airflow/example_dags/example_branch_python_dop_operator_3.py for tasks to queue
[2025-07-23T08:36:33.523+0000] {logging_mixin.py:188} INFO - [2025-07-23T08:36:33.523+0000] {dagbag.py:545} INFO - Filling up the DagBag from /home/airflow/.local/lib/python3.12/site-packages/airflow/example_dags/example_branch_python_dop_operator_3.py
[2025-07-23T08:36:33.544+0000] {processor.py:840} INFO - DAG(s) 'example_branch_dop_operator_v3' retrieved from /home/airflow/.local/lib/python3.12/site-packages/airflow/example_dags/example_branch_python_dop_operator_3.py
[2025-07-23T08:36:33.603+0000] {logging_mixin.py:188} INFO - [2025-07-23T08:36:33.602+0000] {dag.py:3096} INFO - Sync 1 DAGs
[2025-07-23T08:36:33.666+0000] {logging_mixin.py:188} INFO - [2025-07-23T08:36:33.666+0000] {dag.py:3954} INFO - Setting next_dagrun for example_branch_dop_operator_v3 to 2025-07-23 08:35:00+00:00, run_after=2025-07-23 08:36:00+00:00
[2025-07-23T08:36:33.719+0000] {processor.py:183} INFO - Processing /home/airflow/.local/lib/python3.12/site-packages/airflow/example_dags/example_branch_python_dop_operator_3.py took 0.217 seconds
[2025-07-23T08:37:04.466+0000] {processor.py:161} INFO - Started process (PID=306) to work on /home/airflow/.local/lib/python3.12/site-packages/airflow/example_dags/example_branch_python_dop_operator_3.py
[2025-07-23T08:37:04.480+0000] {processor.py:830} INFO - Processing file /home/airflow/.local/lib/python3.12/site-packages/airflow/example_dags/example_branch_python_dop_operator_3.py for tasks to queue
[2025-07-23T08:37:04.491+0000] {logging_mixin.py:188} INFO - [2025-07-23T08:37:04.490+0000] {dagbag.py:545} INFO - Filling up the DagBag from /home/airflow/.local/lib/python3.12/site-packages/airflow/example_dags/example_branch_python_dop_operator_3.py
[2025-07-23T08:37:04.542+0000] {processor.py:840} INFO - DAG(s) 'example_branch_dop_operator_v3' retrieved from /home/airflow/.local/lib/python3.12/site-packages/airflow/example_dags/example_branch_python_dop_operator_3.py
[2025-07-23T08:37:04.645+0000] {logging_mixin.py:188} INFO - [2025-07-23T08:37:04.645+0000] {dag.py:3096} INFO - Sync 1 DAGs
[2025-07-23T08:37:04.752+0000] {logging_mixin.py:188} INFO - [2025-07-23T08:37:04.751+0000] {dag.py:3954} INFO - Setting next_dagrun for example_branch_dop_operator_v3 to 2025-07-23 08:36:00+00:00, run_after=2025-07-23 08:37:00+00:00
[2025-07-23T08:37:04.919+0000] {processor.py:183} INFO - Processing /home/airflow/.local/lib/python3.12/site-packages/airflow/example_dags/example_branch_python_dop_operator_3.py took 0.482 seconds
[2025-07-23T08:37:39.768+0000] {processor.py:161} INFO - Started process (PID=365) to work on /home/airflow/.local/lib/python3.12/site-packages/airflow/example_dags/example_branch_python_dop_operator_3.py
[2025-07-23T08:37:39.786+0000] {processor.py:830} INFO - Processing file /home/airflow/.local/lib/python3.12/site-packages/airflow/example_dags/example_branch_python_dop_operator_3.py for tasks to queue
[2025-07-23T08:37:39.807+0000] {logging_mixin.py:188} INFO - [2025-07-23T08:37:39.805+0000] {dagbag.py:545} INFO - Filling up the DagBag from /home/airflow/.local/lib/python3.12/site-packages/airflow/example_dags/example_branch_python_dop_operator_3.py
[2025-07-23T08:37:40.023+0000] {processor.py:840} INFO - DAG(s) 'example_branch_dop_operator_v3' retrieved from /home/airflow/.local/lib/python3.12/site-packages/airflow/example_dags/example_branch_python_dop_operator_3.py
[2025-07-23T08:37:40.372+0000] {logging_mixin.py:188} INFO - [2025-07-23T08:37:40.371+0000] {dag.py:3096} INFO - Sync 1 DAGs
[2025-07-23T08:37:40.752+0000] {logging_mixin.py:188} INFO - [2025-07-23T08:37:40.752+0000] {dag.py:3954} INFO - Setting next_dagrun for example_branch_dop_operator_v3 to 2025-07-23 08:36:00+00:00, run_after=2025-07-23 08:37:00+00:00
[2025-07-23T08:37:41.045+0000] {processor.py:183} INFO - Processing /home/airflow/.local/lib/python3.12/site-packages/airflow/example_dags/example_branch_python_dop_operator_3.py took 1.320 seconds
[2025-07-23T08:38:17.276+0000] {processor.py:161} INFO - Started process (PID=428) to work on /home/airflow/.local/lib/python3.12/site-packages/airflow/example_dags/example_branch_python_dop_operator_3.py
[2025-07-23T08:38:17.288+0000] {processor.py:830} INFO - Processing file /home/airflow/.local/lib/python3.12/site-packages/airflow/example_dags/example_branch_python_dop_operator_3.py for tasks to queue
[2025-07-23T08:38:17.304+0000] {logging_mixin.py:188} INFO - [2025-07-23T08:38:17.304+0000] {dagbag.py:545} INFO - Filling up the DagBag from /home/airflow/.local/lib/python3.12/site-packages/airflow/example_dags/example_branch_python_dop_operator_3.py
[2025-07-23T08:38:17.433+0000] {processor.py:840} INFO - DAG(s) 'example_branch_dop_operator_v3' retrieved from /home/airflow/.local/lib/python3.12/site-packages/airflow/example_dags/example_branch_python_dop_operator_3.py
[2025-07-23T08:38:17.817+0000] {logging_mixin.py:188} INFO - [2025-07-23T08:38:17.816+0000] {dag.py:3096} INFO - Sync 1 DAGs
[2025-07-23T08:38:18.202+0000] {logging_mixin.py:188} INFO - [2025-07-23T08:38:18.202+0000] {dag.py:3954} INFO - Setting next_dagrun for example_branch_dop_operator_v3 to 2025-07-23 08:37:00+00:00, run_after=2025-07-23 08:38:00+00:00
[2025-07-23T08:38:18.373+0000] {processor.py:183} INFO - Processing /home/airflow/.local/lib/python3.12/site-packages/airflow/example_dags/example_branch_python_dop_operator_3.py took 1.164 seconds
[2025-07-23T08:39:03.752+0000] {processor.py:161} INFO - Started process (PID=474) to work on /home/airflow/.local/lib/python3.12/site-packages/airflow/example_dags/example_branch_python_dop_operator_3.py
[2025-07-23T08:39:03.768+0000] {processor.py:830} INFO - Processing file /home/airflow/.local/lib/python3.12/site-packages/airflow/example_dags/example_branch_python_dop_operator_3.py for tasks to queue
[2025-07-23T08:39:03.771+0000] {logging_mixin.py:188} INFO - [2025-07-23T08:39:03.771+0000] {dagbag.py:545} INFO - Filling up the DagBag from /home/airflow/.local/lib/python3.12/site-packages/airflow/example_dags/example_branch_python_dop_operator_3.py
[2025-07-23T08:39:03.978+0000] {processor.py:840} INFO - DAG(s) 'example_branch_dop_operator_v3' retrieved from /home/airflow/.local/lib/python3.12/site-packages/airflow/example_dags/example_branch_python_dop_operator_3.py
[2025-07-23T08:39:04.426+0000] {logging_mixin.py:188} INFO - [2025-07-23T08:39:04.425+0000] {dag.py:3096} INFO - Sync 1 DAGs
[2025-07-23T08:39:05.352+0000] {logging_mixin.py:188} INFO - [2025-07-23T08:39:05.352+0000] {dag.py:3954} INFO - Setting next_dagrun for example_branch_dop_operator_v3 to 2025-07-23 08:38:00+00:00, run_after=2025-07-23 08:39:00+00:00
[2025-07-23T08:39:06.229+0000] {processor.py:183} INFO - Processing /home/airflow/.local/lib/python3.12/site-packages/airflow/example_dags/example_branch_python_dop_operator_3.py took 2.692 seconds
[2025-07-23T08:40:06.384+0000] {processor.py:161} INFO - Started process (PID=536) to work on /home/airflow/.local/lib/python3.12/site-packages/airflow/example_dags/example_branch_python_dop_operator_3.py
[2025-07-23T08:40:06.399+0000] {processor.py:830} INFO - Processing file /home/airflow/.local/lib/python3.12/site-packages/airflow/example_dags/example_branch_python_dop_operator_3.py for tasks to queue
[2025-07-23T08:40:06.405+0000] {logging_mixin.py:188} INFO - [2025-07-23T08:40:06.405+0000] {dagbag.py:545} INFO - Filling up the DagBag from /home/airflow/.local/lib/python3.12/site-packages/airflow/example_dags/example_branch_python_dop_operator_3.py
[2025-07-23T08:40:06.498+0000] {processor.py:840} INFO - DAG(s) 'example_branch_dop_operator_v3' retrieved from /home/airflow/.local/lib/python3.12/site-packages/airflow/example_dags/example_branch_python_dop_operator_3.py
[2025-07-23T08:40:06.671+0000] {logging_mixin.py:188} INFO - [2025-07-23T08:40:06.670+0000] {dag.py:3096} INFO - Sync 1 DAGs
[2025-07-23T08:40:06.835+0000] {logging_mixin.py:188} INFO - [2025-07-23T08:40:06.835+0000] {dag.py:3954} INFO - Setting next_dagrun for example_branch_dop_operator_v3 to 2025-07-23 08:39:00+00:00, run_after=2025-07-23 08:40:00+00:00
[2025-07-23T08:40:06.998+0000] {processor.py:183} INFO - Processing /home/airflow/.local/lib/python3.12/site-packages/airflow/example_dags/example_branch_python_dop_operator_3.py took 0.661 seconds
[2025-07-23T08:40:43.922+0000] {processor.py:161} INFO - Started process (PID=590) to work on /home/airflow/.local/lib/python3.12/site-packages/airflow/example_dags/example_branch_python_dop_operator_3.py
[2025-07-23T08:40:43.957+0000] {processor.py:830} INFO - Processing file /home/airflow/.local/lib/python3.12/site-packages/airflow/example_dags/example_branch_python_dop_operator_3.py for tasks to queue
[2025-07-23T08:40:43.962+0000] {logging_mixin.py:188} INFO - [2025-07-23T08:40:43.961+0000] {dagbag.py:545} INFO - Filling up the DagBag from /home/airflow/.local/lib/python3.12/site-packages/airflow/example_dags/example_branch_python_dop_operator_3.py
[2025-07-23T08:40:44.075+0000] {processor.py:840} INFO - DAG(s) 'example_branch_dop_operator_v3' retrieved from /home/airflow/.local/lib/python3.12/site-packages/airflow/example_dags/example_branch_python_dop_operator_3.py
[2025-07-23T08:40:44.308+0000] {logging_mixin.py:188} INFO - [2025-07-23T08:40:44.306+0000] {dag.py:3096} INFO - Sync 1 DAGs
[2025-07-23T08:40:44.594+0000] {logging_mixin.py:188} INFO - [2025-07-23T08:40:44.593+0000] {dag.py:3954} INFO - Setting next_dagrun for example_branch_dop_operator_v3 to 2025-07-23 08:39:00+00:00, run_after=2025-07-23 08:40:00+00:00
[2025-07-23T08:40:44.817+0000] {processor.py:183} INFO - Processing /home/airflow/.local/lib/python3.12/site-packages/airflow/example_dags/example_branch_python_dop_operator_3.py took 0.940 seconds
[2025-07-23T09:00:40.565+0000] {processor.py:161} INFO - Started process (PID=35) to work on /home/airflow/.local/lib/python3.12/site-packages/airflow/example_dags/example_branch_python_dop_operator_3.py
[2025-07-23T09:00:40.580+0000] {processor.py:830} INFO - Processing file /home/airflow/.local/lib/python3.12/site-packages/airflow/example_dags/example_branch_python_dop_operator_3.py for tasks to queue
[2025-07-23T09:00:40.582+0000] {logging_mixin.py:188} INFO - [2025-07-23T09:00:40.582+0000] {dagbag.py:545} INFO - Filling up the DagBag from /home/airflow/.local/lib/python3.12/site-packages/airflow/example_dags/example_branch_python_dop_operator_3.py
[2025-07-23T09:00:40.657+0000] {processor.py:840} INFO - DAG(s) 'example_branch_dop_operator_v3' retrieved from /home/airflow/.local/lib/python3.12/site-packages/airflow/example_dags/example_branch_python_dop_operator_3.py
[2025-07-23T09:00:40.898+0000] {logging_mixin.py:188} INFO - [2025-07-23T09:00:40.896+0000] {dag.py:3096} INFO - Sync 1 DAGs
[2025-07-23T09:00:41.323+0000] {logging_mixin.py:188} INFO - [2025-07-23T09:00:41.322+0000] {dag.py:3954} INFO - Setting next_dagrun for example_branch_dop_operator_v3 to 2025-07-23 08:59:00+00:00, run_after=2025-07-23 09:00:00+00:00
[2025-07-23T09:00:41.643+0000] {processor.py:183} INFO - Processing /home/airflow/.local/lib/python3.12/site-packages/airflow/example_dags/example_branch_python_dop_operator_3.py took 1.113 seconds
[2025-07-23T09:01:25.406+0000] {processor.py:161} INFO - Started process (PID=102) to work on /home/airflow/.local/lib/python3.12/site-packages/airflow/example_dags/example_branch_python_dop_operator_3.py
[2025-07-23T09:01:25.414+0000] {processor.py:830} INFO - Processing file /home/airflow/.local/lib/python3.12/site-packages/airflow/example_dags/example_branch_python_dop_operator_3.py for tasks to queue
[2025-07-23T09:01:25.427+0000] {logging_mixin.py:188} INFO - [2025-07-23T09:01:25.427+0000] {dagbag.py:545} INFO - Filling up the DagBag from /home/airflow/.local/lib/python3.12/site-packages/airflow/example_dags/example_branch_python_dop_operator_3.py
[2025-07-23T09:01:25.525+0000] {processor.py:840} INFO - DAG(s) 'example_branch_dop_operator_v3' retrieved from /home/airflow/.local/lib/python3.12/site-packages/airflow/example_dags/example_branch_python_dop_operator_3.py
[2025-07-23T09:01:25.669+0000] {logging_mixin.py:188} INFO - [2025-07-23T09:01:25.668+0000] {dag.py:3096} INFO - Sync 1 DAGs
[2025-07-23T09:01:25.790+0000] {logging_mixin.py:188} INFO - [2025-07-23T09:01:25.789+0000] {dag.py:3954} INFO - Setting next_dagrun for example_branch_dop_operator_v3 to 2025-07-23 09:00:00+00:00, run_after=2025-07-23 09:01:00+00:00
[2025-07-23T09:01:25.927+0000] {processor.py:183} INFO - Processing /home/airflow/.local/lib/python3.12/site-packages/airflow/example_dags/example_branch_python_dop_operator_3.py took 0.650 seconds
[2025-07-23T09:01:56.653+0000] {processor.py:161} INFO - Started process (PID=152) to work on /home/airflow/.local/lib/python3.12/site-packages/airflow/example_dags/example_branch_python_dop_operator_3.py
[2025-07-23T09:01:56.665+0000] {processor.py:830} INFO - Processing file /home/airflow/.local/lib/python3.12/site-packages/airflow/example_dags/example_branch_python_dop_operator_3.py for tasks to queue
[2025-07-23T09:01:56.667+0000] {logging_mixin.py:188} INFO - [2025-07-23T09:01:56.667+0000] {dagbag.py:545} INFO - Filling up the DagBag from /home/airflow/.local/lib/python3.12/site-packages/airflow/example_dags/example_branch_python_dop_operator_3.py
[2025-07-23T09:01:56.716+0000] {processor.py:840} INFO - DAG(s) 'example_branch_dop_operator_v3' retrieved from /home/airflow/.local/lib/python3.12/site-packages/airflow/example_dags/example_branch_python_dop_operator_3.py
[2025-07-23T09:01:56.846+0000] {logging_mixin.py:188} INFO - [2025-07-23T09:01:56.845+0000] {dag.py:3096} INFO - Sync 1 DAGs
[2025-07-23T09:01:57.057+0000] {logging_mixin.py:188} INFO - [2025-07-23T09:01:57.056+0000] {dag.py:3954} INFO - Setting next_dagrun for example_branch_dop_operator_v3 to 2025-07-23 09:00:00+00:00, run_after=2025-07-23 09:01:00+00:00
[2025-07-23T09:01:57.197+0000] {processor.py:183} INFO - Processing /home/airflow/.local/lib/python3.12/site-packages/airflow/example_dags/example_branch_python_dop_operator_3.py took 0.573 seconds
[2025-07-23T09:02:35.909+0000] {processor.py:161} INFO - Started process (PID=211) to work on /home/airflow/.local/lib/python3.12/site-packages/airflow/example_dags/example_branch_python_dop_operator_3.py
[2025-07-23T09:02:35.924+0000] {processor.py:830} INFO - Processing file /home/airflow/.local/lib/python3.12/site-packages/airflow/example_dags/example_branch_python_dop_operator_3.py for tasks to queue
[2025-07-23T09:02:35.931+0000] {logging_mixin.py:188} INFO - [2025-07-23T09:02:35.930+0000] {dagbag.py:545} INFO - Filling up the DagBag from /home/airflow/.local/lib/python3.12/site-packages/airflow/example_dags/example_branch_python_dop_operator_3.py
[2025-07-23T09:02:36.005+0000] {processor.py:840} INFO - DAG(s) 'example_branch_dop_operator_v3' retrieved from /home/airflow/.local/lib/python3.12/site-packages/airflow/example_dags/example_branch_python_dop_operator_3.py
[2025-07-23T09:02:36.221+0000] {logging_mixin.py:188} INFO - [2025-07-23T09:02:36.220+0000] {dag.py:3096} INFO - Sync 1 DAGs
[2025-07-23T09:02:36.487+0000] {logging_mixin.py:188} INFO - [2025-07-23T09:02:36.486+0000] {dag.py:3954} INFO - Setting next_dagrun for example_branch_dop_operator_v3 to 2025-07-23 09:01:00+00:00, run_after=2025-07-23 09:02:00+00:00
[2025-07-23T09:02:36.797+0000] {processor.py:183} INFO - Processing /home/airflow/.local/lib/python3.12/site-packages/airflow/example_dags/example_branch_python_dop_operator_3.py took 0.927 seconds
[2025-07-23T09:03:07.843+0000] {processor.py:161} INFO - Started process (PID=265) to work on /home/airflow/.local/lib/python3.12/site-packages/airflow/example_dags/example_branch_python_dop_operator_3.py
[2025-07-23T09:03:07.844+0000] {processor.py:830} INFO - Processing file /home/airflow/.local/lib/python3.12/site-packages/airflow/example_dags/example_branch_python_dop_operator_3.py for tasks to queue
[2025-07-23T09:03:07.845+0000] {logging_mixin.py:188} INFO - [2025-07-23T09:03:07.845+0000] {dagbag.py:545} INFO - Filling up the DagBag from /home/airflow/.local/lib/python3.12/site-packages/airflow/example_dags/example_branch_python_dop_operator_3.py
[2025-07-23T09:03:07.860+0000] {processor.py:840} INFO - DAG(s) 'example_branch_dop_operator_v3' retrieved from /home/airflow/.local/lib/python3.12/site-packages/airflow/example_dags/example_branch_python_dop_operator_3.py
[2025-07-23T09:03:07.897+0000] {logging_mixin.py:188} INFO - [2025-07-23T09:03:07.897+0000] {dag.py:3096} INFO - Sync 1 DAGs
[2025-07-23T09:03:07.950+0000] {logging_mixin.py:188} INFO - [2025-07-23T09:03:07.949+0000] {dag.py:3954} INFO - Setting next_dagrun for example_branch_dop_operator_v3 to 2025-07-23 09:02:00+00:00, run_after=2025-07-23 09:03:00+00:00
[2025-07-23T09:03:07.997+0000] {processor.py:183} INFO - Processing /home/airflow/.local/lib/python3.12/site-packages/airflow/example_dags/example_branch_python_dop_operator_3.py took 0.162 seconds
[2025-07-23T09:03:39.301+0000] {processor.py:161} INFO - Started process (PID=319) to work on /home/airflow/.local/lib/python3.12/site-packages/airflow/example_dags/example_branch_python_dop_operator_3.py
[2025-07-23T09:03:39.302+0000] {processor.py:830} INFO - Processing file /home/airflow/.local/lib/python3.12/site-packages/airflow/example_dags/example_branch_python_dop_operator_3.py for tasks to queue
[2025-07-23T09:03:39.304+0000] {logging_mixin.py:188} INFO - [2025-07-23T09:03:39.303+0000] {dagbag.py:545} INFO - Filling up the DagBag from /home/airflow/.local/lib/python3.12/site-packages/airflow/example_dags/example_branch_python_dop_operator_3.py
[2025-07-23T09:03:39.321+0000] {processor.py:840} INFO - DAG(s) 'example_branch_dop_operator_v3' retrieved from /home/airflow/.local/lib/python3.12/site-packages/airflow/example_dags/example_branch_python_dop_operator_3.py
[2025-07-23T09:03:39.360+0000] {logging_mixin.py:188} INFO - [2025-07-23T09:03:39.359+0000] {dag.py:3096} INFO - Sync 1 DAGs
[2025-07-23T09:03:39.420+0000] {logging_mixin.py:188} INFO - [2025-07-23T09:03:39.420+0000] {dag.py:3954} INFO - Setting next_dagrun for example_branch_dop_operator_v3 to 2025-07-23 09:02:00+00:00, run_after=2025-07-23 09:03:00+00:00
[2025-07-23T09:03:39.457+0000] {processor.py:183} INFO - Processing /home/airflow/.local/lib/python3.12/site-packages/airflow/example_dags/example_branch_python_dop_operator_3.py took 0.168 seconds
[2025-07-23T09:04:17.138+0000] {processor.py:161} INFO - Started process (PID=378) to work on /home/airflow/.local/lib/python3.12/site-packages/airflow/example_dags/example_branch_python_dop_operator_3.py
[2025-07-23T09:04:17.141+0000] {processor.py:830} INFO - Processing file /home/airflow/.local/lib/python3.12/site-packages/airflow/example_dags/example_branch_python_dop_operator_3.py for tasks to queue
[2025-07-23T09:04:17.143+0000] {logging_mixin.py:188} INFO - [2025-07-23T09:04:17.142+0000] {dagbag.py:545} INFO - Filling up the DagBag from /home/airflow/.local/lib/python3.12/site-packages/airflow/example_dags/example_branch_python_dop_operator_3.py
[2025-07-23T09:04:17.169+0000] {processor.py:840} INFO - DAG(s) 'example_branch_dop_operator_v3' retrieved from /home/airflow/.local/lib/python3.12/site-packages/airflow/example_dags/example_branch_python_dop_operator_3.py
[2025-07-23T09:04:17.301+0000] {logging_mixin.py:188} INFO - [2025-07-23T09:04:17.284+0000] {dag.py:3096} INFO - Sync 1 DAGs
[2025-07-23T09:04:17.590+0000] {logging_mixin.py:188} INFO - [2025-07-23T09:04:17.589+0000] {dag.py:3954} INFO - Setting next_dagrun for example_branch_dop_operator_v3 to 2025-07-23 09:03:00+00:00, run_after=2025-07-23 09:04:00+00:00
[2025-07-23T09:04:17.810+0000] {processor.py:183} INFO - Processing /home/airflow/.local/lib/python3.12/site-packages/airflow/example_dags/example_branch_python_dop_operator_3.py took 0.685 seconds
[2025-07-23T09:04:48.192+0000] {processor.py:161} INFO - Started process (PID=436) to work on /home/airflow/.local/lib/python3.12/site-packages/airflow/example_dags/example_branch_python_dop_operator_3.py
[2025-07-23T09:04:48.193+0000] {processor.py:830} INFO - Processing file /home/airflow/.local/lib/python3.12/site-packages/airflow/example_dags/example_branch_python_dop_operator_3.py for tasks to queue
[2025-07-23T09:04:48.196+0000] {logging_mixin.py:188} INFO - [2025-07-23T09:04:48.194+0000] {dagbag.py:545} INFO - Filling up the DagBag from /home/airflow/.local/lib/python3.12/site-packages/airflow/example_dags/example_branch_python_dop_operator_3.py
[2025-07-23T09:04:48.228+0000] {processor.py:840} INFO - DAG(s) 'example_branch_dop_operator_v3' retrieved from /home/airflow/.local/lib/python3.12/site-packages/airflow/example_dags/example_branch_python_dop_operator_3.py
[2025-07-23T09:04:48.275+0000] {logging_mixin.py:188} INFO - [2025-07-23T09:04:48.275+0000] {dag.py:3096} INFO - Sync 1 DAGs
[2025-07-23T09:04:48.382+0000] {logging_mixin.py:188} INFO - [2025-07-23T09:04:48.382+0000] {dag.py:3954} INFO - Setting next_dagrun for example_branch_dop_operator_v3 to 2025-07-23 09:03:00+00:00, run_after=2025-07-23 09:04:00+00:00
[2025-07-23T09:04:48.438+0000] {processor.py:183} INFO - Processing /home/airflow/.local/lib/python3.12/site-packages/airflow/example_dags/example_branch_python_dop_operator_3.py took 0.278 seconds
[2025-07-23T09:05:19.815+0000] {processor.py:161} INFO - Started process (PID=488) to work on /home/airflow/.local/lib/python3.12/site-packages/airflow/example_dags/example_branch_python_dop_operator_3.py
[2025-07-23T09:05:19.818+0000] {processor.py:830} INFO - Processing file /home/airflow/.local/lib/python3.12/site-packages/airflow/example_dags/example_branch_python_dop_operator_3.py for tasks to queue
[2025-07-23T09:05:19.829+0000] {logging_mixin.py:188} INFO - [2025-07-23T09:05:19.819+0000] {dagbag.py:545} INFO - Filling up the DagBag from /home/airflow/.local/lib/python3.12/site-packages/airflow/example_dags/example_branch_python_dop_operator_3.py
[2025-07-23T09:05:19.887+0000] {processor.py:840} INFO - DAG(s) 'example_branch_dop_operator_v3' retrieved from /home/airflow/.local/lib/python3.12/site-packages/airflow/example_dags/example_branch_python_dop_operator_3.py
[2025-07-23T09:05:20.576+0000] {logging_mixin.py:188} INFO - [2025-07-23T09:05:20.576+0000] {dag.py:3096} INFO - Sync 1 DAGs
[2025-07-23T09:05:20.656+0000] {logging_mixin.py:188} INFO - [2025-07-23T09:05:20.656+0000] {dag.py:3954} INFO - Setting next_dagrun for example_branch_dop_operator_v3 to 2025-07-23 09:04:00+00:00, run_after=2025-07-23 09:05:00+00:00
[2025-07-23T09:05:21.683+0000] {processor.py:183} INFO - Processing /home/airflow/.local/lib/python3.12/site-packages/airflow/example_dags/example_branch_python_dop_operator_3.py took 1.887 seconds
[2025-07-23T09:05:51.808+0000] {processor.py:161} INFO - Started process (PID=547) to work on /home/airflow/.local/lib/python3.12/site-packages/airflow/example_dags/example_branch_python_dop_operator_3.py
[2025-07-23T09:05:51.809+0000] {processor.py:830} INFO - Processing file /home/airflow/.local/lib/python3.12/site-packages/airflow/example_dags/example_branch_python_dop_operator_3.py for tasks to queue
[2025-07-23T09:05:51.811+0000] {logging_mixin.py:188} INFO - [2025-07-23T09:05:51.810+0000] {dagbag.py:545} INFO - Filling up the DagBag from /home/airflow/.local/lib/python3.12/site-packages/airflow/example_dags/example_branch_python_dop_operator_3.py
[2025-07-23T09:05:51.828+0000] {processor.py:840} INFO - DAG(s) 'example_branch_dop_operator_v3' retrieved from /home/airflow/.local/lib/python3.12/site-packages/airflow/example_dags/example_branch_python_dop_operator_3.py
[2025-07-23T09:05:51.866+0000] {logging_mixin.py:188} INFO - [2025-07-23T09:05:51.865+0000] {dag.py:3096} INFO - Sync 1 DAGs
[2025-07-23T09:05:51.912+0000] {logging_mixin.py:188} INFO - [2025-07-23T09:05:51.912+0000] {dag.py:3954} INFO - Setting next_dagrun for example_branch_dop_operator_v3 to 2025-07-23 09:04:00+00:00, run_after=2025-07-23 09:05:00+00:00
[2025-07-23T09:05:51.955+0000] {processor.py:183} INFO - Processing /home/airflow/.local/lib/python3.12/site-packages/airflow/example_dags/example_branch_python_dop_operator_3.py took 0.159 seconds
[2025-07-23T09:06:22.574+0000] {processor.py:161} INFO - Started process (PID=606) to work on /home/airflow/.local/lib/python3.12/site-packages/airflow/example_dags/example_branch_python_dop_operator_3.py
[2025-07-23T09:06:22.576+0000] {processor.py:830} INFO - Processing file /home/airflow/.local/lib/python3.12/site-packages/airflow/example_dags/example_branch_python_dop_operator_3.py for tasks to queue
[2025-07-23T09:06:22.578+0000] {logging_mixin.py:188} INFO - [2025-07-23T09:06:22.577+0000] {dagbag.py:545} INFO - Filling up the DagBag from /home/airflow/.local/lib/python3.12/site-packages/airflow/example_dags/example_branch_python_dop_operator_3.py
[2025-07-23T09:06:22.595+0000] {processor.py:840} INFO - DAG(s) 'example_branch_dop_operator_v3' retrieved from /home/airflow/.local/lib/python3.12/site-packages/airflow/example_dags/example_branch_python_dop_operator_3.py
[2025-07-23T09:06:22.630+0000] {logging_mixin.py:188} INFO - [2025-07-23T09:06:22.630+0000] {dag.py:3096} INFO - Sync 1 DAGs
[2025-07-23T09:06:22.670+0000] {logging_mixin.py:188} INFO - [2025-07-23T09:06:22.669+0000] {dag.py:3954} INFO - Setting next_dagrun for example_branch_dop_operator_v3 to 2025-07-23 09:05:00+00:00, run_after=2025-07-23 09:06:00+00:00
[2025-07-23T09:06:22.707+0000] {processor.py:183} INFO - Processing /home/airflow/.local/lib/python3.12/site-packages/airflow/example_dags/example_branch_python_dop_operator_3.py took 0.144 seconds
[2025-07-23T09:06:52.776+0000] {processor.py:161} INFO - Started process (PID=665) to work on /home/airflow/.local/lib/python3.12/site-packages/airflow/example_dags/example_branch_python_dop_operator_3.py
[2025-07-23T09:06:52.778+0000] {processor.py:830} INFO - Processing file /home/airflow/.local/lib/python3.12/site-packages/airflow/example_dags/example_branch_python_dop_operator_3.py for tasks to queue
[2025-07-23T09:06:52.780+0000] {logging_mixin.py:188} INFO - [2025-07-23T09:06:52.779+0000] {dagbag.py:545} INFO - Filling up the DagBag from /home/airflow/.local/lib/python3.12/site-packages/airflow/example_dags/example_branch_python_dop_operator_3.py
[2025-07-23T09:06:52.794+0000] {processor.py:840} INFO - DAG(s) 'example_branch_dop_operator_v3' retrieved from /home/airflow/.local/lib/python3.12/site-packages/airflow/example_dags/example_branch_python_dop_operator_3.py
[2025-07-23T09:06:52.828+0000] {logging_mixin.py:188} INFO - [2025-07-23T09:06:52.827+0000] {dag.py:3096} INFO - Sync 1 DAGs
[2025-07-23T09:06:52.874+0000] {logging_mixin.py:188} INFO - [2025-07-23T09:06:52.874+0000] {dag.py:3954} INFO - Setting next_dagrun for example_branch_dop_operator_v3 to 2025-07-23 09:05:00+00:00, run_after=2025-07-23 09:06:00+00:00
[2025-07-23T09:06:52.915+0000] {processor.py:183} INFO - Processing /home/airflow/.local/lib/python3.12/site-packages/airflow/example_dags/example_branch_python_dop_operator_3.py took 0.147 seconds
