[2025-07-23T08:13:42.759+0000] {processor.py:161} INFO - Started process (PID=62) to work on /home/airflow/.local/lib/python3.12/site-packages/airflow/example_dags/example_bash_operator.py
[2025-07-23T08:13:42.768+0000] {processor.py:830} INFO - Processing file /home/airflow/.local/lib/python3.12/site-packages/airflow/example_dags/example_bash_operator.py for tasks to queue
[2025-07-23T08:13:42.771+0000] {logging_mixin.py:188} INFO - [2025-07-23T08:13:42.770+0000] {dagbag.py:545} INFO - Filling up the DagBag from /home/airflow/.local/lib/python3.12/site-packages/airflow/example_dags/example_bash_operator.py
[2025-07-23T08:13:42.855+0000] {processor.py:840} INFO - DAG(s) 'example_bash_operator' retrieved from /home/airflow/.local/lib/python3.12/site-packages/airflow/example_dags/example_bash_operator.py
[2025-07-23T08:13:44.047+0000] {logging_mixin.py:188} INFO - [2025-07-23T08:13:44.047+0000] {dag.py:3096} INFO - Sync 1 DAGs
[2025-07-23T08:13:44.169+0000] {logging_mixin.py:188} INFO - [2025-07-23T08:13:44.169+0000] {dag.py:3954} INFO - Setting next_dagrun for example_bash_operator to 2025-07-22 00:00:00+00:00, run_after=2025-07-23 00:00:00+00:00
[2025-07-23T08:13:44.329+0000] {processor.py:183} INFO - Processing /home/airflow/.local/lib/python3.12/site-packages/airflow/example_dags/example_bash_operator.py took 1.594 seconds
[2025-07-23T08:14:18.443+0000] {processor.py:161} INFO - Started process (PID=118) to work on /home/airflow/.local/lib/python3.12/site-packages/airflow/example_dags/example_bash_operator.py
[2025-07-23T08:14:18.445+0000] {processor.py:830} INFO - Processing file /home/airflow/.local/lib/python3.12/site-packages/airflow/example_dags/example_bash_operator.py for tasks to queue
[2025-07-23T08:14:18.449+0000] {logging_mixin.py:188} INFO - [2025-07-23T08:14:18.449+0000] {dagbag.py:545} INFO - Filling up the DagBag from /home/airflow/.local/lib/python3.12/site-packages/airflow/example_dags/example_bash_operator.py
[2025-07-23T08:14:18.478+0000] {processor.py:840} INFO - DAG(s) 'example_bash_operator' retrieved from /home/airflow/.local/lib/python3.12/site-packages/airflow/example_dags/example_bash_operator.py
[2025-07-23T08:14:18.547+0000] {logging_mixin.py:188} INFO - [2025-07-23T08:14:18.546+0000] {dag.py:3096} INFO - Sync 1 DAGs
[2025-07-23T08:14:18.606+0000] {logging_mixin.py:188} INFO - [2025-07-23T08:14:18.606+0000] {dag.py:3954} INFO - Setting next_dagrun for example_bash_operator to 2025-07-22 00:00:00+00:00, run_after=2025-07-23 00:00:00+00:00
[2025-07-23T08:14:18.671+0000] {processor.py:183} INFO - Processing /home/airflow/.local/lib/python3.12/site-packages/airflow/example_dags/example_bash_operator.py took 0.240 seconds
[2025-07-23T08:14:50.533+0000] {processor.py:161} INFO - Started process (PID=180) to work on /home/airflow/.local/lib/python3.12/site-packages/airflow/example_dags/example_bash_operator.py
[2025-07-23T08:14:50.535+0000] {processor.py:830} INFO - Processing file /home/airflow/.local/lib/python3.12/site-packages/airflow/example_dags/example_bash_operator.py for tasks to queue
[2025-07-23T08:14:50.583+0000] {logging_mixin.py:188} INFO - [2025-07-23T08:14:50.582+0000] {dagbag.py:545} INFO - Filling up the DagBag from /home/airflow/.local/lib/python3.12/site-packages/airflow/example_dags/example_bash_operator.py
[2025-07-23T08:14:50.641+0000] {processor.py:840} INFO - DAG(s) 'example_bash_operator' retrieved from /home/airflow/.local/lib/python3.12/site-packages/airflow/example_dags/example_bash_operator.py
[2025-07-23T08:14:50.964+0000] {logging_mixin.py:188} INFO - [2025-07-23T08:14:50.954+0000] {dag.py:3096} INFO - Sync 1 DAGs
[2025-07-23T08:14:51.225+0000] {logging_mixin.py:188} INFO - [2025-07-23T08:14:51.225+0000] {dag.py:3954} INFO - Setting next_dagrun for example_bash_operator to 2025-07-22 00:00:00+00:00, run_after=2025-07-23 00:00:00+00:00
[2025-07-23T08:14:51.450+0000] {processor.py:183} INFO - Processing /home/airflow/.local/lib/python3.12/site-packages/airflow/example_dags/example_bash_operator.py took 0.971 seconds
[2025-07-23T08:15:23.053+0000] {processor.py:161} INFO - Started process (PID=237) to work on /home/airflow/.local/lib/python3.12/site-packages/airflow/example_dags/example_bash_operator.py
[2025-07-23T08:15:23.058+0000] {processor.py:830} INFO - Processing file /home/airflow/.local/lib/python3.12/site-packages/airflow/example_dags/example_bash_operator.py for tasks to queue
[2025-07-23T08:15:23.061+0000] {logging_mixin.py:188} INFO - [2025-07-23T08:15:23.061+0000] {dagbag.py:545} INFO - Filling up the DagBag from /home/airflow/.local/lib/python3.12/site-packages/airflow/example_dags/example_bash_operator.py
[2025-07-23T08:15:23.108+0000] {processor.py:840} INFO - DAG(s) 'example_bash_operator' retrieved from /home/airflow/.local/lib/python3.12/site-packages/airflow/example_dags/example_bash_operator.py
[2025-07-23T08:15:23.270+0000] {logging_mixin.py:188} INFO - [2025-07-23T08:15:23.269+0000] {dag.py:3096} INFO - Sync 1 DAGs
[2025-07-23T08:15:23.421+0000] {logging_mixin.py:188} INFO - [2025-07-23T08:15:23.420+0000] {dag.py:3954} INFO - Setting next_dagrun for example_bash_operator to 2025-07-22 00:00:00+00:00, run_after=2025-07-23 00:00:00+00:00
[2025-07-23T08:15:23.568+0000] {processor.py:183} INFO - Processing /home/airflow/.local/lib/python3.12/site-packages/airflow/example_dags/example_bash_operator.py took 0.554 seconds
[2025-07-23T08:15:55.460+0000] {processor.py:161} INFO - Started process (PID=294) to work on /home/airflow/.local/lib/python3.12/site-packages/airflow/example_dags/example_bash_operator.py
[2025-07-23T08:15:55.465+0000] {processor.py:830} INFO - Processing file /home/airflow/.local/lib/python3.12/site-packages/airflow/example_dags/example_bash_operator.py for tasks to queue
[2025-07-23T08:15:55.479+0000] {logging_mixin.py:188} INFO - [2025-07-23T08:15:55.476+0000] {dagbag.py:545} INFO - Filling up the DagBag from /home/airflow/.local/lib/python3.12/site-packages/airflow/example_dags/example_bash_operator.py
[2025-07-23T08:15:55.524+0000] {processor.py:840} INFO - DAG(s) 'example_bash_operator' retrieved from /home/airflow/.local/lib/python3.12/site-packages/airflow/example_dags/example_bash_operator.py
[2025-07-23T08:15:55.640+0000] {logging_mixin.py:188} INFO - [2025-07-23T08:15:55.639+0000] {dag.py:3096} INFO - Sync 1 DAGs
[2025-07-23T08:15:55.829+0000] {logging_mixin.py:188} INFO - [2025-07-23T08:15:55.826+0000] {dag.py:3954} INFO - Setting next_dagrun for example_bash_operator to 2025-07-22 00:00:00+00:00, run_after=2025-07-23 00:00:00+00:00
[2025-07-23T08:15:56.105+0000] {processor.py:183} INFO - Processing /home/airflow/.local/lib/python3.12/site-packages/airflow/example_dags/example_bash_operator.py took 0.680 seconds
[2025-07-23T08:16:27.120+0000] {processor.py:161} INFO - Started process (PID=351) to work on /home/airflow/.local/lib/python3.12/site-packages/airflow/example_dags/example_bash_operator.py
[2025-07-23T08:16:27.209+0000] {processor.py:830} INFO - Processing file /home/airflow/.local/lib/python3.12/site-packages/airflow/example_dags/example_bash_operator.py for tasks to queue
[2025-07-23T08:16:27.249+0000] {logging_mixin.py:188} INFO - [2025-07-23T08:16:27.248+0000] {dagbag.py:545} INFO - Filling up the DagBag from /home/airflow/.local/lib/python3.12/site-packages/airflow/example_dags/example_bash_operator.py
[2025-07-23T08:16:27.743+0000] {processor.py:840} INFO - DAG(s) 'example_bash_operator' retrieved from /home/airflow/.local/lib/python3.12/site-packages/airflow/example_dags/example_bash_operator.py
[2025-07-23T08:16:28.180+0000] {logging_mixin.py:188} INFO - [2025-07-23T08:16:28.179+0000] {dag.py:3096} INFO - Sync 1 DAGs
[2025-07-23T08:16:28.463+0000] {logging_mixin.py:188} INFO - [2025-07-23T08:16:28.462+0000] {dag.py:3954} INFO - Setting next_dagrun for example_bash_operator to 2025-07-22 00:00:00+00:00, run_after=2025-07-23 00:00:00+00:00
[2025-07-23T08:16:28.826+0000] {processor.py:183} INFO - Processing /home/airflow/.local/lib/python3.12/site-packages/airflow/example_dags/example_bash_operator.py took 1.822 seconds
[2025-07-23T08:16:59.144+0000] {processor.py:161} INFO - Started process (PID=408) to work on /home/airflow/.local/lib/python3.12/site-packages/airflow/example_dags/example_bash_operator.py
[2025-07-23T08:16:59.162+0000] {processor.py:830} INFO - Processing file /home/airflow/.local/lib/python3.12/site-packages/airflow/example_dags/example_bash_operator.py for tasks to queue
[2025-07-23T08:16:59.214+0000] {logging_mixin.py:188} INFO - [2025-07-23T08:16:59.209+0000] {dagbag.py:545} INFO - Filling up the DagBag from /home/airflow/.local/lib/python3.12/site-packages/airflow/example_dags/example_bash_operator.py
[2025-07-23T08:16:59.268+0000] {processor.py:840} INFO - DAG(s) 'example_bash_operator' retrieved from /home/airflow/.local/lib/python3.12/site-packages/airflow/example_dags/example_bash_operator.py
[2025-07-23T08:16:59.611+0000] {logging_mixin.py:188} INFO - [2025-07-23T08:16:59.611+0000] {dag.py:3096} INFO - Sync 1 DAGs
[2025-07-23T08:16:59.789+0000] {logging_mixin.py:188} INFO - [2025-07-23T08:16:59.784+0000] {dag.py:3954} INFO - Setting next_dagrun for example_bash_operator to 2025-07-22 00:00:00+00:00, run_after=2025-07-23 00:00:00+00:00
[2025-07-23T08:16:59.959+0000] {processor.py:183} INFO - Processing /home/airflow/.local/lib/python3.12/site-packages/airflow/example_dags/example_bash_operator.py took 0.869 seconds
[2025-07-23T08:17:30.241+0000] {processor.py:161} INFO - Started process (PID=465) to work on /home/airflow/.local/lib/python3.12/site-packages/airflow/example_dags/example_bash_operator.py
[2025-07-23T08:17:30.246+0000] {processor.py:830} INFO - Processing file /home/airflow/.local/lib/python3.12/site-packages/airflow/example_dags/example_bash_operator.py for tasks to queue
[2025-07-23T08:17:30.274+0000] {logging_mixin.py:188} INFO - [2025-07-23T08:17:30.250+0000] {dagbag.py:545} INFO - Filling up the DagBag from /home/airflow/.local/lib/python3.12/site-packages/airflow/example_dags/example_bash_operator.py
[2025-07-23T08:17:30.313+0000] {processor.py:840} INFO - DAG(s) 'example_bash_operator' retrieved from /home/airflow/.local/lib/python3.12/site-packages/airflow/example_dags/example_bash_operator.py
[2025-07-23T08:17:30.477+0000] {logging_mixin.py:188} INFO - [2025-07-23T08:17:30.476+0000] {dag.py:3096} INFO - Sync 1 DAGs
[2025-07-23T08:17:30.574+0000] {logging_mixin.py:188} INFO - [2025-07-23T08:17:30.574+0000] {dag.py:3954} INFO - Setting next_dagrun for example_bash_operator to 2025-07-22 00:00:00+00:00, run_after=2025-07-23 00:00:00+00:00
[2025-07-23T08:17:30.697+0000] {processor.py:183} INFO - Processing /home/airflow/.local/lib/python3.12/site-packages/airflow/example_dags/example_bash_operator.py took 0.490 seconds
[2025-07-23T08:18:01.108+0000] {processor.py:161} INFO - Started process (PID=523) to work on /home/airflow/.local/lib/python3.12/site-packages/airflow/example_dags/example_bash_operator.py
[2025-07-23T08:18:01.112+0000] {processor.py:830} INFO - Processing file /home/airflow/.local/lib/python3.12/site-packages/airflow/example_dags/example_bash_operator.py for tasks to queue
[2025-07-23T08:18:01.128+0000] {logging_mixin.py:188} INFO - [2025-07-23T08:18:01.124+0000] {dagbag.py:545} INFO - Filling up the DagBag from /home/airflow/.local/lib/python3.12/site-packages/airflow/example_dags/example_bash_operator.py
[2025-07-23T08:18:01.291+0000] {processor.py:840} INFO - DAG(s) 'example_bash_operator' retrieved from /home/airflow/.local/lib/python3.12/site-packages/airflow/example_dags/example_bash_operator.py
[2025-07-23T08:18:01.753+0000] {logging_mixin.py:188} INFO - [2025-07-23T08:18:01.749+0000] {dag.py:3096} INFO - Sync 1 DAGs
[2025-07-23T08:18:02.051+0000] {logging_mixin.py:188} INFO - [2025-07-23T08:18:02.049+0000] {dag.py:3954} INFO - Setting next_dagrun for example_bash_operator to 2025-07-22 00:00:00+00:00, run_after=2025-07-23 00:00:00+00:00
[2025-07-23T08:18:02.300+0000] {processor.py:183} INFO - Processing /home/airflow/.local/lib/python3.12/site-packages/airflow/example_dags/example_bash_operator.py took 1.230 seconds
[2025-07-23T08:18:32.789+0000] {processor.py:161} INFO - Started process (PID=581) to work on /home/airflow/.local/lib/python3.12/site-packages/airflow/example_dags/example_bash_operator.py
[2025-07-23T08:18:32.806+0000] {processor.py:830} INFO - Processing file /home/airflow/.local/lib/python3.12/site-packages/airflow/example_dags/example_bash_operator.py for tasks to queue
[2025-07-23T08:18:32.824+0000] {logging_mixin.py:188} INFO - [2025-07-23T08:18:32.822+0000] {dagbag.py:545} INFO - Filling up the DagBag from /home/airflow/.local/lib/python3.12/site-packages/airflow/example_dags/example_bash_operator.py
[2025-07-23T08:18:32.894+0000] {processor.py:840} INFO - DAG(s) 'example_bash_operator' retrieved from /home/airflow/.local/lib/python3.12/site-packages/airflow/example_dags/example_bash_operator.py
[2025-07-23T08:18:32.995+0000] {logging_mixin.py:188} INFO - [2025-07-23T08:18:32.994+0000] {dag.py:3096} INFO - Sync 1 DAGs
[2025-07-23T08:18:33.087+0000] {logging_mixin.py:188} INFO - [2025-07-23T08:18:33.087+0000] {dag.py:3954} INFO - Setting next_dagrun for example_bash_operator to 2025-07-22 00:00:00+00:00, run_after=2025-07-23 00:00:00+00:00
[2025-07-23T08:18:33.179+0000] {processor.py:183} INFO - Processing /home/airflow/.local/lib/python3.12/site-packages/airflow/example_dags/example_bash_operator.py took 0.380 seconds
[2025-07-23T08:19:04.014+0000] {processor.py:161} INFO - Started process (PID=639) to work on /home/airflow/.local/lib/python3.12/site-packages/airflow/example_dags/example_bash_operator.py
[2025-07-23T08:19:04.026+0000] {processor.py:830} INFO - Processing file /home/airflow/.local/lib/python3.12/site-packages/airflow/example_dags/example_bash_operator.py for tasks to queue
[2025-07-23T08:19:04.031+0000] {logging_mixin.py:188} INFO - [2025-07-23T08:19:04.030+0000] {dagbag.py:545} INFO - Filling up the DagBag from /home/airflow/.local/lib/python3.12/site-packages/airflow/example_dags/example_bash_operator.py
[2025-07-23T08:19:04.106+0000] {processor.py:840} INFO - DAG(s) 'example_bash_operator' retrieved from /home/airflow/.local/lib/python3.12/site-packages/airflow/example_dags/example_bash_operator.py
[2025-07-23T08:19:04.283+0000] {logging_mixin.py:188} INFO - [2025-07-23T08:19:04.283+0000] {dag.py:3096} INFO - Sync 1 DAGs
[2025-07-23T08:19:04.402+0000] {logging_mixin.py:188} INFO - [2025-07-23T08:19:04.401+0000] {dag.py:3954} INFO - Setting next_dagrun for example_bash_operator to 2025-07-22 00:00:00+00:00, run_after=2025-07-23 00:00:00+00:00
[2025-07-23T08:19:04.495+0000] {processor.py:183} INFO - Processing /home/airflow/.local/lib/python3.12/site-packages/airflow/example_dags/example_bash_operator.py took 0.521 seconds
[2025-07-23T08:19:34.789+0000] {processor.py:161} INFO - Started process (PID=697) to work on /home/airflow/.local/lib/python3.12/site-packages/airflow/example_dags/example_bash_operator.py
[2025-07-23T08:19:34.791+0000] {processor.py:830} INFO - Processing file /home/airflow/.local/lib/python3.12/site-packages/airflow/example_dags/example_bash_operator.py for tasks to queue
[2025-07-23T08:19:34.797+0000] {logging_mixin.py:188} INFO - [2025-07-23T08:19:34.796+0000] {dagbag.py:545} INFO - Filling up the DagBag from /home/airflow/.local/lib/python3.12/site-packages/airflow/example_dags/example_bash_operator.py
[2025-07-23T08:19:34.832+0000] {processor.py:840} INFO - DAG(s) 'example_bash_operator' retrieved from /home/airflow/.local/lib/python3.12/site-packages/airflow/example_dags/example_bash_operator.py
[2025-07-23T08:19:34.937+0000] {logging_mixin.py:188} INFO - [2025-07-23T08:19:34.937+0000] {dag.py:3096} INFO - Sync 1 DAGs
[2025-07-23T08:19:35.028+0000] {logging_mixin.py:188} INFO - [2025-07-23T08:19:35.028+0000] {dag.py:3954} INFO - Setting next_dagrun for example_bash_operator to 2025-07-22 00:00:00+00:00, run_after=2025-07-23 00:00:00+00:00
[2025-07-23T08:19:35.090+0000] {processor.py:183} INFO - Processing /home/airflow/.local/lib/python3.12/site-packages/airflow/example_dags/example_bash_operator.py took 0.321 seconds
[2025-07-23T08:20:05.217+0000] {processor.py:161} INFO - Started process (PID=754) to work on /home/airflow/.local/lib/python3.12/site-packages/airflow/example_dags/example_bash_operator.py
[2025-07-23T08:20:05.225+0000] {processor.py:830} INFO - Processing file /home/airflow/.local/lib/python3.12/site-packages/airflow/example_dags/example_bash_operator.py for tasks to queue
[2025-07-23T08:20:05.232+0000] {logging_mixin.py:188} INFO - [2025-07-23T08:20:05.231+0000] {dagbag.py:545} INFO - Filling up the DagBag from /home/airflow/.local/lib/python3.12/site-packages/airflow/example_dags/example_bash_operator.py
[2025-07-23T08:20:05.302+0000] {processor.py:840} INFO - DAG(s) 'example_bash_operator' retrieved from /home/airflow/.local/lib/python3.12/site-packages/airflow/example_dags/example_bash_operator.py
[2025-07-23T08:20:05.420+0000] {logging_mixin.py:188} INFO - [2025-07-23T08:20:05.418+0000] {dag.py:3096} INFO - Sync 1 DAGs
[2025-07-23T08:20:05.606+0000] {logging_mixin.py:188} INFO - [2025-07-23T08:20:05.606+0000] {dag.py:3954} INFO - Setting next_dagrun for example_bash_operator to 2025-07-22 00:00:00+00:00, run_after=2025-07-23 00:00:00+00:00
[2025-07-23T08:20:05.743+0000] {processor.py:183} INFO - Processing /home/airflow/.local/lib/python3.12/site-packages/airflow/example_dags/example_bash_operator.py took 0.566 seconds
[2025-07-23T08:20:38.734+0000] {processor.py:161} INFO - Started process (PID=805) to work on /home/airflow/.local/lib/python3.12/site-packages/airflow/example_dags/example_bash_operator.py
[2025-07-23T08:20:38.741+0000] {processor.py:830} INFO - Processing file /home/airflow/.local/lib/python3.12/site-packages/airflow/example_dags/example_bash_operator.py for tasks to queue
[2025-07-23T08:20:38.745+0000] {logging_mixin.py:188} INFO - [2025-07-23T08:20:38.744+0000] {dagbag.py:545} INFO - Filling up the DagBag from /home/airflow/.local/lib/python3.12/site-packages/airflow/example_dags/example_bash_operator.py
[2025-07-23T08:20:38.812+0000] {processor.py:840} INFO - DAG(s) 'example_bash_operator' retrieved from /home/airflow/.local/lib/python3.12/site-packages/airflow/example_dags/example_bash_operator.py
[2025-07-23T08:20:39.373+0000] {logging_mixin.py:188} INFO - [2025-07-23T08:20:39.372+0000] {dag.py:3096} INFO - Sync 1 DAGs
[2025-07-23T08:20:39.684+0000] {logging_mixin.py:188} INFO - [2025-07-23T08:20:39.684+0000] {dag.py:3954} INFO - Setting next_dagrun for example_bash_operator to 2025-07-22 00:00:00+00:00, run_after=2025-07-23 00:00:00+00:00
[2025-07-23T08:20:39.830+0000] {processor.py:183} INFO - Processing /home/airflow/.local/lib/python3.12/site-packages/airflow/example_dags/example_bash_operator.py took 1.126 seconds
[2025-07-23T08:21:11.695+0000] {processor.py:161} INFO - Started process (PID=864) to work on /home/airflow/.local/lib/python3.12/site-packages/airflow/example_dags/example_bash_operator.py
[2025-07-23T08:21:11.698+0000] {processor.py:830} INFO - Processing file /home/airflow/.local/lib/python3.12/site-packages/airflow/example_dags/example_bash_operator.py for tasks to queue
[2025-07-23T08:21:11.717+0000] {logging_mixin.py:188} INFO - [2025-07-23T08:21:11.716+0000] {dagbag.py:545} INFO - Filling up the DagBag from /home/airflow/.local/lib/python3.12/site-packages/airflow/example_dags/example_bash_operator.py
[2025-07-23T08:21:11.939+0000] {processor.py:840} INFO - DAG(s) 'example_bash_operator' retrieved from /home/airflow/.local/lib/python3.12/site-packages/airflow/example_dags/example_bash_operator.py
[2025-07-23T08:21:12.249+0000] {logging_mixin.py:188} INFO - [2025-07-23T08:21:12.248+0000] {dag.py:3096} INFO - Sync 1 DAGs
[2025-07-23T08:21:12.388+0000] {logging_mixin.py:188} INFO - [2025-07-23T08:21:12.387+0000] {dag.py:3954} INFO - Setting next_dagrun for example_bash_operator to 2025-07-22 00:00:00+00:00, run_after=2025-07-23 00:00:00+00:00
[2025-07-23T08:21:12.576+0000] {processor.py:183} INFO - Processing /home/airflow/.local/lib/python3.12/site-packages/airflow/example_dags/example_bash_operator.py took 0.938 seconds
[2025-07-23T08:21:45.962+0000] {processor.py:161} INFO - Started process (PID=921) to work on /home/airflow/.local/lib/python3.12/site-packages/airflow/example_dags/example_bash_operator.py
[2025-07-23T08:21:45.979+0000] {processor.py:830} INFO - Processing file /home/airflow/.local/lib/python3.12/site-packages/airflow/example_dags/example_bash_operator.py for tasks to queue
[2025-07-23T08:21:45.996+0000] {logging_mixin.py:188} INFO - [2025-07-23T08:21:45.995+0000] {dagbag.py:545} INFO - Filling up the DagBag from /home/airflow/.local/lib/python3.12/site-packages/airflow/example_dags/example_bash_operator.py
[2025-07-23T08:21:46.072+0000] {processor.py:840} INFO - DAG(s) 'example_bash_operator' retrieved from /home/airflow/.local/lib/python3.12/site-packages/airflow/example_dags/example_bash_operator.py
[2025-07-23T08:21:46.626+0000] {logging_mixin.py:188} INFO - [2025-07-23T08:21:46.625+0000] {dag.py:3096} INFO - Sync 1 DAGs
[2025-07-23T08:21:46.939+0000] {logging_mixin.py:188} INFO - [2025-07-23T08:21:46.938+0000] {dag.py:3954} INFO - Setting next_dagrun for example_bash_operator to 2025-07-22 00:00:00+00:00, run_after=2025-07-23 00:00:00+00:00
[2025-07-23T08:21:47.235+0000] {processor.py:183} INFO - Processing /home/airflow/.local/lib/python3.12/site-packages/airflow/example_dags/example_bash_operator.py took 1.312 seconds
[2025-07-23T08:22:18.002+0000] {processor.py:161} INFO - Started process (PID=979) to work on /home/airflow/.local/lib/python3.12/site-packages/airflow/example_dags/example_bash_operator.py
[2025-07-23T08:22:18.004+0000] {processor.py:830} INFO - Processing file /home/airflow/.local/lib/python3.12/site-packages/airflow/example_dags/example_bash_operator.py for tasks to queue
[2025-07-23T08:22:18.019+0000] {logging_mixin.py:188} INFO - [2025-07-23T08:22:18.019+0000] {dagbag.py:545} INFO - Filling up the DagBag from /home/airflow/.local/lib/python3.12/site-packages/airflow/example_dags/example_bash_operator.py
[2025-07-23T08:22:18.058+0000] {processor.py:840} INFO - DAG(s) 'example_bash_operator' retrieved from /home/airflow/.local/lib/python3.12/site-packages/airflow/example_dags/example_bash_operator.py
[2025-07-23T08:22:18.399+0000] {logging_mixin.py:188} INFO - [2025-07-23T08:22:18.398+0000] {dag.py:3096} INFO - Sync 1 DAGs
[2025-07-23T08:22:18.602+0000] {logging_mixin.py:188} INFO - [2025-07-23T08:22:18.601+0000] {dag.py:3954} INFO - Setting next_dagrun for example_bash_operator to 2025-07-22 00:00:00+00:00, run_after=2025-07-23 00:00:00+00:00
[2025-07-23T08:22:18.897+0000] {processor.py:183} INFO - Processing /home/airflow/.local/lib/python3.12/site-packages/airflow/example_dags/example_bash_operator.py took 0.914 seconds
[2025-07-23T08:22:51.147+0000] {processor.py:161} INFO - Started process (PID=1036) to work on /home/airflow/.local/lib/python3.12/site-packages/airflow/example_dags/example_bash_operator.py
[2025-07-23T08:22:51.161+0000] {processor.py:830} INFO - Processing file /home/airflow/.local/lib/python3.12/site-packages/airflow/example_dags/example_bash_operator.py for tasks to queue
[2025-07-23T08:22:51.192+0000] {logging_mixin.py:188} INFO - [2025-07-23T08:22:51.165+0000] {dagbag.py:545} INFO - Filling up the DagBag from /home/airflow/.local/lib/python3.12/site-packages/airflow/example_dags/example_bash_operator.py
[2025-07-23T08:22:51.360+0000] {processor.py:840} INFO - DAG(s) 'example_bash_operator' retrieved from /home/airflow/.local/lib/python3.12/site-packages/airflow/example_dags/example_bash_operator.py
[2025-07-23T08:22:51.796+0000] {logging_mixin.py:188} INFO - [2025-07-23T08:22:51.795+0000] {dag.py:3096} INFO - Sync 1 DAGs
[2025-07-23T08:22:52.081+0000] {logging_mixin.py:188} INFO - [2025-07-23T08:22:52.080+0000] {dag.py:3954} INFO - Setting next_dagrun for example_bash_operator to 2025-07-22 00:00:00+00:00, run_after=2025-07-23 00:00:00+00:00
[2025-07-23T08:22:52.360+0000] {processor.py:183} INFO - Processing /home/airflow/.local/lib/python3.12/site-packages/airflow/example_dags/example_bash_operator.py took 1.311 seconds
[2025-07-23T08:23:28.291+0000] {processor.py:161} INFO - Started process (PID=1094) to work on /home/airflow/.local/lib/python3.12/site-packages/airflow/example_dags/example_bash_operator.py
[2025-07-23T08:23:28.293+0000] {processor.py:830} INFO - Processing file /home/airflow/.local/lib/python3.12/site-packages/airflow/example_dags/example_bash_operator.py for tasks to queue
[2025-07-23T08:23:28.308+0000] {logging_mixin.py:188} INFO - [2025-07-23T08:23:28.308+0000] {dagbag.py:545} INFO - Filling up the DagBag from /home/airflow/.local/lib/python3.12/site-packages/airflow/example_dags/example_bash_operator.py
[2025-07-23T08:23:28.484+0000] {processor.py:840} INFO - DAG(s) 'example_bash_operator' retrieved from /home/airflow/.local/lib/python3.12/site-packages/airflow/example_dags/example_bash_operator.py
[2025-07-23T08:23:29.237+0000] {logging_mixin.py:188} INFO - [2025-07-23T08:23:29.236+0000] {dag.py:3096} INFO - Sync 1 DAGs
[2025-07-23T08:23:29.602+0000] {logging_mixin.py:188} INFO - [2025-07-23T08:23:29.601+0000] {dag.py:3954} INFO - Setting next_dagrun for example_bash_operator to 2025-07-22 00:00:00+00:00, run_after=2025-07-23 00:00:00+00:00
[2025-07-23T08:23:30.045+0000] {processor.py:183} INFO - Processing /home/airflow/.local/lib/python3.12/site-packages/airflow/example_dags/example_bash_operator.py took 1.833 seconds
[2025-07-23T08:24:00.428+0000] {processor.py:161} INFO - Started process (PID=1151) to work on /home/airflow/.local/lib/python3.12/site-packages/airflow/example_dags/example_bash_operator.py
[2025-07-23T08:24:00.429+0000] {processor.py:830} INFO - Processing file /home/airflow/.local/lib/python3.12/site-packages/airflow/example_dags/example_bash_operator.py for tasks to queue
[2025-07-23T08:24:00.433+0000] {logging_mixin.py:188} INFO - [2025-07-23T08:24:00.433+0000] {dagbag.py:545} INFO - Filling up the DagBag from /home/airflow/.local/lib/python3.12/site-packages/airflow/example_dags/example_bash_operator.py
[2025-07-23T08:24:00.502+0000] {processor.py:840} INFO - DAG(s) 'example_bash_operator' retrieved from /home/airflow/.local/lib/python3.12/site-packages/airflow/example_dags/example_bash_operator.py
[2025-07-23T08:24:00.674+0000] {logging_mixin.py:188} INFO - [2025-07-23T08:24:00.673+0000] {dag.py:3096} INFO - Sync 1 DAGs
[2025-07-23T08:24:00.793+0000] {logging_mixin.py:188} INFO - [2025-07-23T08:24:00.784+0000] {dag.py:3954} INFO - Setting next_dagrun for example_bash_operator to 2025-07-22 00:00:00+00:00, run_after=2025-07-23 00:00:00+00:00
[2025-07-23T08:24:00.873+0000] {processor.py:183} INFO - Processing /home/airflow/.local/lib/python3.12/site-packages/airflow/example_dags/example_bash_operator.py took 0.477 seconds
[2025-07-23T08:24:31.807+0000] {processor.py:161} INFO - Started process (PID=1208) to work on /home/airflow/.local/lib/python3.12/site-packages/airflow/example_dags/example_bash_operator.py
[2025-07-23T08:24:31.810+0000] {processor.py:830} INFO - Processing file /home/airflow/.local/lib/python3.12/site-packages/airflow/example_dags/example_bash_operator.py for tasks to queue
[2025-07-23T08:24:31.819+0000] {logging_mixin.py:188} INFO - [2025-07-23T08:24:31.818+0000] {dagbag.py:545} INFO - Filling up the DagBag from /home/airflow/.local/lib/python3.12/site-packages/airflow/example_dags/example_bash_operator.py
[2025-07-23T08:24:31.956+0000] {processor.py:840} INFO - DAG(s) 'example_bash_operator' retrieved from /home/airflow/.local/lib/python3.12/site-packages/airflow/example_dags/example_bash_operator.py
[2025-07-23T08:24:32.088+0000] {logging_mixin.py:188} INFO - [2025-07-23T08:24:32.088+0000] {dag.py:3096} INFO - Sync 1 DAGs
[2025-07-23T08:24:32.170+0000] {logging_mixin.py:188} INFO - [2025-07-23T08:24:32.170+0000] {dag.py:3954} INFO - Setting next_dagrun for example_bash_operator to 2025-07-22 00:00:00+00:00, run_after=2025-07-23 00:00:00+00:00
[2025-07-23T08:24:32.233+0000] {processor.py:183} INFO - Processing /home/airflow/.local/lib/python3.12/site-packages/airflow/example_dags/example_bash_operator.py took 0.534 seconds
[2025-07-23T08:25:02.454+0000] {processor.py:161} INFO - Started process (PID=1265) to work on /home/airflow/.local/lib/python3.12/site-packages/airflow/example_dags/example_bash_operator.py
[2025-07-23T08:25:02.456+0000] {processor.py:830} INFO - Processing file /home/airflow/.local/lib/python3.12/site-packages/airflow/example_dags/example_bash_operator.py for tasks to queue
[2025-07-23T08:25:02.460+0000] {logging_mixin.py:188} INFO - [2025-07-23T08:25:02.459+0000] {dagbag.py:545} INFO - Filling up the DagBag from /home/airflow/.local/lib/python3.12/site-packages/airflow/example_dags/example_bash_operator.py
[2025-07-23T08:25:02.493+0000] {processor.py:840} INFO - DAG(s) 'example_bash_operator' retrieved from /home/airflow/.local/lib/python3.12/site-packages/airflow/example_dags/example_bash_operator.py
[2025-07-23T08:25:02.559+0000] {logging_mixin.py:188} INFO - [2025-07-23T08:25:02.558+0000] {dag.py:3096} INFO - Sync 1 DAGs
[2025-07-23T08:25:02.614+0000] {logging_mixin.py:188} INFO - [2025-07-23T08:25:02.614+0000] {dag.py:3954} INFO - Setting next_dagrun for example_bash_operator to 2025-07-22 00:00:00+00:00, run_after=2025-07-23 00:00:00+00:00
[2025-07-23T08:25:02.687+0000] {processor.py:183} INFO - Processing /home/airflow/.local/lib/python3.12/site-packages/airflow/example_dags/example_bash_operator.py took 0.245 seconds
[2025-07-23T08:25:33.666+0000] {processor.py:161} INFO - Started process (PID=1324) to work on /home/airflow/.local/lib/python3.12/site-packages/airflow/example_dags/example_bash_operator.py
[2025-07-23T08:25:33.672+0000] {processor.py:830} INFO - Processing file /home/airflow/.local/lib/python3.12/site-packages/airflow/example_dags/example_bash_operator.py for tasks to queue
[2025-07-23T08:25:33.681+0000] {logging_mixin.py:188} INFO - [2025-07-23T08:25:33.680+0000] {dagbag.py:545} INFO - Filling up the DagBag from /home/airflow/.local/lib/python3.12/site-packages/airflow/example_dags/example_bash_operator.py
[2025-07-23T08:25:33.788+0000] {processor.py:840} INFO - DAG(s) 'example_bash_operator' retrieved from /home/airflow/.local/lib/python3.12/site-packages/airflow/example_dags/example_bash_operator.py
[2025-07-23T08:25:34.232+0000] {logging_mixin.py:188} INFO - [2025-07-23T08:25:34.232+0000] {dag.py:3096} INFO - Sync 1 DAGs
[2025-07-23T08:25:34.462+0000] {logging_mixin.py:188} INFO - [2025-07-23T08:25:34.462+0000] {dag.py:3954} INFO - Setting next_dagrun for example_bash_operator to 2025-07-22 00:00:00+00:00, run_after=2025-07-23 00:00:00+00:00
[2025-07-23T08:25:34.559+0000] {processor.py:183} INFO - Processing /home/airflow/.local/lib/python3.12/site-packages/airflow/example_dags/example_bash_operator.py took 0.808 seconds
[2025-07-23T08:26:04.820+0000] {processor.py:161} INFO - Started process (PID=1381) to work on /home/airflow/.local/lib/python3.12/site-packages/airflow/example_dags/example_bash_operator.py
[2025-07-23T08:26:04.828+0000] {processor.py:830} INFO - Processing file /home/airflow/.local/lib/python3.12/site-packages/airflow/example_dags/example_bash_operator.py for tasks to queue
[2025-07-23T08:26:04.834+0000] {logging_mixin.py:188} INFO - [2025-07-23T08:26:04.833+0000] {dagbag.py:545} INFO - Filling up the DagBag from /home/airflow/.local/lib/python3.12/site-packages/airflow/example_dags/example_bash_operator.py
[2025-07-23T08:26:04.883+0000] {processor.py:840} INFO - DAG(s) 'example_bash_operator' retrieved from /home/airflow/.local/lib/python3.12/site-packages/airflow/example_dags/example_bash_operator.py
[2025-07-23T08:26:05.041+0000] {logging_mixin.py:188} INFO - [2025-07-23T08:26:05.040+0000] {dag.py:3096} INFO - Sync 1 DAGs
[2025-07-23T08:26:05.214+0000] {logging_mixin.py:188} INFO - [2025-07-23T08:26:05.213+0000] {dag.py:3954} INFO - Setting next_dagrun for example_bash_operator to 2025-07-22 00:00:00+00:00, run_after=2025-07-23 00:00:00+00:00
[2025-07-23T08:26:05.278+0000] {processor.py:183} INFO - Processing /home/airflow/.local/lib/python3.12/site-packages/airflow/example_dags/example_bash_operator.py took 0.479 seconds
[2025-07-23T08:26:35.973+0000] {processor.py:161} INFO - Started process (PID=1436) to work on /home/airflow/.local/lib/python3.12/site-packages/airflow/example_dags/example_bash_operator.py
[2025-07-23T08:26:35.975+0000] {processor.py:830} INFO - Processing file /home/airflow/.local/lib/python3.12/site-packages/airflow/example_dags/example_bash_operator.py for tasks to queue
[2025-07-23T08:26:35.980+0000] {logging_mixin.py:188} INFO - [2025-07-23T08:26:35.978+0000] {dagbag.py:545} INFO - Filling up the DagBag from /home/airflow/.local/lib/python3.12/site-packages/airflow/example_dags/example_bash_operator.py
[2025-07-23T08:26:36.004+0000] {processor.py:840} INFO - DAG(s) 'example_bash_operator' retrieved from /home/airflow/.local/lib/python3.12/site-packages/airflow/example_dags/example_bash_operator.py
[2025-07-23T08:26:36.073+0000] {logging_mixin.py:188} INFO - [2025-07-23T08:26:36.072+0000] {dag.py:3096} INFO - Sync 1 DAGs
[2025-07-23T08:26:36.160+0000] {logging_mixin.py:188} INFO - [2025-07-23T08:26:36.159+0000] {dag.py:3954} INFO - Setting next_dagrun for example_bash_operator to 2025-07-22 00:00:00+00:00, run_after=2025-07-23 00:00:00+00:00
[2025-07-23T08:26:36.250+0000] {processor.py:183} INFO - Processing /home/airflow/.local/lib/python3.12/site-packages/airflow/example_dags/example_bash_operator.py took 0.297 seconds
[2025-07-23T08:27:06.871+0000] {processor.py:161} INFO - Started process (PID=1492) to work on /home/airflow/.local/lib/python3.12/site-packages/airflow/example_dags/example_bash_operator.py
[2025-07-23T08:27:06.873+0000] {processor.py:830} INFO - Processing file /home/airflow/.local/lib/python3.12/site-packages/airflow/example_dags/example_bash_operator.py for tasks to queue
[2025-07-23T08:27:06.878+0000] {logging_mixin.py:188} INFO - [2025-07-23T08:27:06.878+0000] {dagbag.py:545} INFO - Filling up the DagBag from /home/airflow/.local/lib/python3.12/site-packages/airflow/example_dags/example_bash_operator.py
[2025-07-23T08:27:06.917+0000] {processor.py:840} INFO - DAG(s) 'example_bash_operator' retrieved from /home/airflow/.local/lib/python3.12/site-packages/airflow/example_dags/example_bash_operator.py
[2025-07-23T08:27:07.011+0000] {logging_mixin.py:188} INFO - [2025-07-23T08:27:07.011+0000] {dag.py:3096} INFO - Sync 1 DAGs
[2025-07-23T08:27:07.090+0000] {logging_mixin.py:188} INFO - [2025-07-23T08:27:07.089+0000] {dag.py:3954} INFO - Setting next_dagrun for example_bash_operator to 2025-07-22 00:00:00+00:00, run_after=2025-07-23 00:00:00+00:00
[2025-07-23T08:27:07.168+0000] {processor.py:183} INFO - Processing /home/airflow/.local/lib/python3.12/site-packages/airflow/example_dags/example_bash_operator.py took 0.333 seconds
[2025-07-23T08:27:47.806+0000] {processor.py:161} INFO - Started process (PID=1544) to work on /home/airflow/.local/lib/python3.12/site-packages/airflow/example_dags/example_bash_operator.py
[2025-07-23T08:27:47.808+0000] {processor.py:830} INFO - Processing file /home/airflow/.local/lib/python3.12/site-packages/airflow/example_dags/example_bash_operator.py for tasks to queue
[2025-07-23T08:27:47.820+0000] {logging_mixin.py:188} INFO - [2025-07-23T08:27:47.818+0000] {dagbag.py:545} INFO - Filling up the DagBag from /home/airflow/.local/lib/python3.12/site-packages/airflow/example_dags/example_bash_operator.py
[2025-07-23T08:27:47.888+0000] {processor.py:840} INFO - DAG(s) 'example_bash_operator' retrieved from /home/airflow/.local/lib/python3.12/site-packages/airflow/example_dags/example_bash_operator.py
[2025-07-23T08:27:48.032+0000] {logging_mixin.py:188} INFO - [2025-07-23T08:27:48.032+0000] {dag.py:3096} INFO - Sync 1 DAGs
[2025-07-23T08:27:48.135+0000] {logging_mixin.py:188} INFO - [2025-07-23T08:27:48.134+0000] {dag.py:3954} INFO - Setting next_dagrun for example_bash_operator to 2025-07-22 00:00:00+00:00, run_after=2025-07-23 00:00:00+00:00
[2025-07-23T08:27:48.268+0000] {processor.py:183} INFO - Processing /home/airflow/.local/lib/python3.12/site-packages/airflow/example_dags/example_bash_operator.py took 0.479 seconds
[2025-07-23T08:28:18.539+0000] {processor.py:161} INFO - Started process (PID=1602) to work on /home/airflow/.local/lib/python3.12/site-packages/airflow/example_dags/example_bash_operator.py
[2025-07-23T08:28:18.542+0000] {processor.py:830} INFO - Processing file /home/airflow/.local/lib/python3.12/site-packages/airflow/example_dags/example_bash_operator.py for tasks to queue
[2025-07-23T08:28:18.549+0000] {logging_mixin.py:188} INFO - [2025-07-23T08:28:18.548+0000] {dagbag.py:545} INFO - Filling up the DagBag from /home/airflow/.local/lib/python3.12/site-packages/airflow/example_dags/example_bash_operator.py
[2025-07-23T08:28:18.579+0000] {processor.py:840} INFO - DAG(s) 'example_bash_operator' retrieved from /home/airflow/.local/lib/python3.12/site-packages/airflow/example_dags/example_bash_operator.py
[2025-07-23T08:28:18.648+0000] {logging_mixin.py:188} INFO - [2025-07-23T08:28:18.647+0000] {dag.py:3096} INFO - Sync 1 DAGs
[2025-07-23T08:28:18.701+0000] {logging_mixin.py:188} INFO - [2025-07-23T08:28:18.700+0000] {dag.py:3954} INFO - Setting next_dagrun for example_bash_operator to 2025-07-22 00:00:00+00:00, run_after=2025-07-23 00:00:00+00:00
[2025-07-23T08:28:18.746+0000] {processor.py:183} INFO - Processing /home/airflow/.local/lib/python3.12/site-packages/airflow/example_dags/example_bash_operator.py took 0.223 seconds
[2025-07-23T08:28:48.886+0000] {processor.py:161} INFO - Started process (PID=1657) to work on /home/airflow/.local/lib/python3.12/site-packages/airflow/example_dags/example_bash_operator.py
[2025-07-23T08:28:48.890+0000] {processor.py:830} INFO - Processing file /home/airflow/.local/lib/python3.12/site-packages/airflow/example_dags/example_bash_operator.py for tasks to queue
[2025-07-23T08:28:48.898+0000] {logging_mixin.py:188} INFO - [2025-07-23T08:28:48.898+0000] {dagbag.py:545} INFO - Filling up the DagBag from /home/airflow/.local/lib/python3.12/site-packages/airflow/example_dags/example_bash_operator.py
[2025-07-23T08:28:48.972+0000] {processor.py:840} INFO - DAG(s) 'example_bash_operator' retrieved from /home/airflow/.local/lib/python3.12/site-packages/airflow/example_dags/example_bash_operator.py
[2025-07-23T08:28:49.251+0000] {logging_mixin.py:188} INFO - [2025-07-23T08:28:49.251+0000] {dag.py:3096} INFO - Sync 1 DAGs
[2025-07-23T08:28:49.405+0000] {logging_mixin.py:188} INFO - [2025-07-23T08:28:49.404+0000] {dag.py:3954} INFO - Setting next_dagrun for example_bash_operator to 2025-07-22 00:00:00+00:00, run_after=2025-07-23 00:00:00+00:00
[2025-07-23T08:28:49.526+0000] {processor.py:183} INFO - Processing /home/airflow/.local/lib/python3.12/site-packages/airflow/example_dags/example_bash_operator.py took 0.662 seconds
[2025-07-23T08:29:19.617+0000] {processor.py:161} INFO - Started process (PID=1715) to work on /home/airflow/.local/lib/python3.12/site-packages/airflow/example_dags/example_bash_operator.py
[2025-07-23T08:29:19.624+0000] {processor.py:830} INFO - Processing file /home/airflow/.local/lib/python3.12/site-packages/airflow/example_dags/example_bash_operator.py for tasks to queue
[2025-07-23T08:29:19.632+0000] {logging_mixin.py:188} INFO - [2025-07-23T08:29:19.632+0000] {dagbag.py:545} INFO - Filling up the DagBag from /home/airflow/.local/lib/python3.12/site-packages/airflow/example_dags/example_bash_operator.py
[2025-07-23T08:29:19.701+0000] {processor.py:840} INFO - DAG(s) 'example_bash_operator' retrieved from /home/airflow/.local/lib/python3.12/site-packages/airflow/example_dags/example_bash_operator.py
[2025-07-23T08:29:19.811+0000] {logging_mixin.py:188} INFO - [2025-07-23T08:29:19.811+0000] {dag.py:3096} INFO - Sync 1 DAGs
[2025-07-23T08:29:19.880+0000] {logging_mixin.py:188} INFO - [2025-07-23T08:29:19.880+0000] {dag.py:3954} INFO - Setting next_dagrun for example_bash_operator to 2025-07-22 00:00:00+00:00, run_after=2025-07-23 00:00:00+00:00
[2025-07-23T08:29:19.939+0000] {processor.py:183} INFO - Processing /home/airflow/.local/lib/python3.12/site-packages/airflow/example_dags/example_bash_operator.py took 0.335 seconds
[2025-07-23T08:29:50.352+0000] {processor.py:161} INFO - Started process (PID=1773) to work on /home/airflow/.local/lib/python3.12/site-packages/airflow/example_dags/example_bash_operator.py
[2025-07-23T08:29:50.354+0000] {processor.py:830} INFO - Processing file /home/airflow/.local/lib/python3.12/site-packages/airflow/example_dags/example_bash_operator.py for tasks to queue
[2025-07-23T08:29:50.386+0000] {logging_mixin.py:188} INFO - [2025-07-23T08:29:50.384+0000] {dagbag.py:545} INFO - Filling up the DagBag from /home/airflow/.local/lib/python3.12/site-packages/airflow/example_dags/example_bash_operator.py
[2025-07-23T08:29:50.530+0000] {processor.py:840} INFO - DAG(s) 'example_bash_operator' retrieved from /home/airflow/.local/lib/python3.12/site-packages/airflow/example_dags/example_bash_operator.py
[2025-07-23T08:29:50.674+0000] {logging_mixin.py:188} INFO - [2025-07-23T08:29:50.673+0000] {dag.py:3096} INFO - Sync 1 DAGs
[2025-07-23T08:29:50.747+0000] {logging_mixin.py:188} INFO - [2025-07-23T08:29:50.746+0000] {dag.py:3954} INFO - Setting next_dagrun for example_bash_operator to 2025-07-22 00:00:00+00:00, run_after=2025-07-23 00:00:00+00:00
[2025-07-23T08:29:50.804+0000] {processor.py:183} INFO - Processing /home/airflow/.local/lib/python3.12/site-packages/airflow/example_dags/example_bash_operator.py took 0.580 seconds
[2025-07-23T08:30:20.998+0000] {processor.py:161} INFO - Started process (PID=1831) to work on /home/airflow/.local/lib/python3.12/site-packages/airflow/example_dags/example_bash_operator.py
[2025-07-23T08:30:20.999+0000] {processor.py:830} INFO - Processing file /home/airflow/.local/lib/python3.12/site-packages/airflow/example_dags/example_bash_operator.py for tasks to queue
[2025-07-23T08:30:21.003+0000] {logging_mixin.py:188} INFO - [2025-07-23T08:30:21.003+0000] {dagbag.py:545} INFO - Filling up the DagBag from /home/airflow/.local/lib/python3.12/site-packages/airflow/example_dags/example_bash_operator.py
[2025-07-23T08:30:21.030+0000] {processor.py:840} INFO - DAG(s) 'example_bash_operator' retrieved from /home/airflow/.local/lib/python3.12/site-packages/airflow/example_dags/example_bash_operator.py
[2025-07-23T08:30:21.091+0000] {logging_mixin.py:188} INFO - [2025-07-23T08:30:21.090+0000] {dag.py:3096} INFO - Sync 1 DAGs
[2025-07-23T08:30:21.163+0000] {logging_mixin.py:188} INFO - [2025-07-23T08:30:21.163+0000] {dag.py:3954} INFO - Setting next_dagrun for example_bash_operator to 2025-07-22 00:00:00+00:00, run_after=2025-07-23 00:00:00+00:00
[2025-07-23T08:30:21.218+0000] {processor.py:183} INFO - Processing /home/airflow/.local/lib/python3.12/site-packages/airflow/example_dags/example_bash_operator.py took 0.234 seconds
[2025-07-23T08:30:51.898+0000] {processor.py:161} INFO - Started process (PID=1888) to work on /home/airflow/.local/lib/python3.12/site-packages/airflow/example_dags/example_bash_operator.py
[2025-07-23T08:30:51.915+0000] {processor.py:830} INFO - Processing file /home/airflow/.local/lib/python3.12/site-packages/airflow/example_dags/example_bash_operator.py for tasks to queue
[2025-07-23T08:30:51.937+0000] {logging_mixin.py:188} INFO - [2025-07-23T08:30:51.936+0000] {dagbag.py:545} INFO - Filling up the DagBag from /home/airflow/.local/lib/python3.12/site-packages/airflow/example_dags/example_bash_operator.py
[2025-07-23T08:30:52.083+0000] {processor.py:840} INFO - DAG(s) 'example_bash_operator' retrieved from /home/airflow/.local/lib/python3.12/site-packages/airflow/example_dags/example_bash_operator.py
[2025-07-23T08:30:52.508+0000] {logging_mixin.py:188} INFO - [2025-07-23T08:30:52.507+0000] {dag.py:3096} INFO - Sync 1 DAGs
[2025-07-23T08:30:52.703+0000] {logging_mixin.py:188} INFO - [2025-07-23T08:30:52.702+0000] {dag.py:3954} INFO - Setting next_dagrun for example_bash_operator to 2025-07-22 00:00:00+00:00, run_after=2025-07-23 00:00:00+00:00
[2025-07-23T08:30:52.787+0000] {processor.py:183} INFO - Processing /home/airflow/.local/lib/python3.12/site-packages/airflow/example_dags/example_bash_operator.py took 1.015 seconds
[2025-07-23T08:31:23.806+0000] {processor.py:161} INFO - Started process (PID=1946) to work on /home/airflow/.local/lib/python3.12/site-packages/airflow/example_dags/example_bash_operator.py
[2025-07-23T08:31:23.808+0000] {processor.py:830} INFO - Processing file /home/airflow/.local/lib/python3.12/site-packages/airflow/example_dags/example_bash_operator.py for tasks to queue
[2025-07-23T08:31:23.812+0000] {logging_mixin.py:188} INFO - [2025-07-23T08:31:23.811+0000] {dagbag.py:545} INFO - Filling up the DagBag from /home/airflow/.local/lib/python3.12/site-packages/airflow/example_dags/example_bash_operator.py
[2025-07-23T08:31:23.839+0000] {processor.py:840} INFO - DAG(s) 'example_bash_operator' retrieved from /home/airflow/.local/lib/python3.12/site-packages/airflow/example_dags/example_bash_operator.py
[2025-07-23T08:31:23.976+0000] {logging_mixin.py:188} INFO - [2025-07-23T08:31:23.976+0000] {dag.py:3096} INFO - Sync 1 DAGs
[2025-07-23T08:31:24.072+0000] {logging_mixin.py:188} INFO - [2025-07-23T08:31:24.072+0000] {dag.py:3954} INFO - Setting next_dagrun for example_bash_operator to 2025-07-22 00:00:00+00:00, run_after=2025-07-23 00:00:00+00:00
[2025-07-23T08:31:24.155+0000] {processor.py:183} INFO - Processing /home/airflow/.local/lib/python3.12/site-packages/airflow/example_dags/example_bash_operator.py took 0.361 seconds
[2025-07-23T08:31:54.718+0000] {processor.py:161} INFO - Started process (PID=2004) to work on /home/airflow/.local/lib/python3.12/site-packages/airflow/example_dags/example_bash_operator.py
[2025-07-23T08:31:54.721+0000] {processor.py:830} INFO - Processing file /home/airflow/.local/lib/python3.12/site-packages/airflow/example_dags/example_bash_operator.py for tasks to queue
[2025-07-23T08:31:54.725+0000] {logging_mixin.py:188} INFO - [2025-07-23T08:31:54.724+0000] {dagbag.py:545} INFO - Filling up the DagBag from /home/airflow/.local/lib/python3.12/site-packages/airflow/example_dags/example_bash_operator.py
[2025-07-23T08:31:54.748+0000] {processor.py:840} INFO - DAG(s) 'example_bash_operator' retrieved from /home/airflow/.local/lib/python3.12/site-packages/airflow/example_dags/example_bash_operator.py
[2025-07-23T08:31:54.843+0000] {logging_mixin.py:188} INFO - [2025-07-23T08:31:54.843+0000] {dag.py:3096} INFO - Sync 1 DAGs
[2025-07-23T08:31:55.265+0000] {logging_mixin.py:188} INFO - [2025-07-23T08:31:55.265+0000] {dag.py:3954} INFO - Setting next_dagrun for example_bash_operator to 2025-07-22 00:00:00+00:00, run_after=2025-07-23 00:00:00+00:00
[2025-07-23T08:31:55.343+0000] {processor.py:183} INFO - Processing /home/airflow/.local/lib/python3.12/site-packages/airflow/example_dags/example_bash_operator.py took 0.644 seconds
[2025-07-23T08:34:57.250+0000] {processor.py:161} INFO - Started process (PID=68) to work on /home/airflow/.local/lib/python3.12/site-packages/airflow/example_dags/example_bash_operator.py
[2025-07-23T08:34:57.254+0000] {processor.py:830} INFO - Processing file /home/airflow/.local/lib/python3.12/site-packages/airflow/example_dags/example_bash_operator.py for tasks to queue
[2025-07-23T08:34:57.264+0000] {logging_mixin.py:188} INFO - [2025-07-23T08:34:57.263+0000] {dagbag.py:545} INFO - Filling up the DagBag from /home/airflow/.local/lib/python3.12/site-packages/airflow/example_dags/example_bash_operator.py
[2025-07-23T08:34:57.345+0000] {processor.py:840} INFO - DAG(s) 'example_bash_operator' retrieved from /home/airflow/.local/lib/python3.12/site-packages/airflow/example_dags/example_bash_operator.py
[2025-07-23T08:34:58.165+0000] {logging_mixin.py:188} INFO - [2025-07-23T08:34:58.164+0000] {dag.py:3096} INFO - Sync 1 DAGs
[2025-07-23T08:34:58.251+0000] {logging_mixin.py:188} INFO - [2025-07-23T08:34:58.250+0000] {dag.py:3954} INFO - Setting next_dagrun for example_bash_operator to 2025-07-22 00:00:00+00:00, run_after=2025-07-23 00:00:00+00:00
[2025-07-23T08:34:58.343+0000] {processor.py:183} INFO - Processing /home/airflow/.local/lib/python3.12/site-packages/airflow/example_dags/example_bash_operator.py took 1.124 seconds
[2025-07-23T08:35:28.712+0000] {processor.py:161} INFO - Started process (PID=126) to work on /home/airflow/.local/lib/python3.12/site-packages/airflow/example_dags/example_bash_operator.py
[2025-07-23T08:35:28.714+0000] {processor.py:830} INFO - Processing file /home/airflow/.local/lib/python3.12/site-packages/airflow/example_dags/example_bash_operator.py for tasks to queue
[2025-07-23T08:35:28.718+0000] {logging_mixin.py:188} INFO - [2025-07-23T08:35:28.717+0000] {dagbag.py:545} INFO - Filling up the DagBag from /home/airflow/.local/lib/python3.12/site-packages/airflow/example_dags/example_bash_operator.py
[2025-07-23T08:35:28.762+0000] {processor.py:840} INFO - DAG(s) 'example_bash_operator' retrieved from /home/airflow/.local/lib/python3.12/site-packages/airflow/example_dags/example_bash_operator.py
[2025-07-23T08:35:28.862+0000] {logging_mixin.py:188} INFO - [2025-07-23T08:35:28.860+0000] {dag.py:3096} INFO - Sync 1 DAGs
[2025-07-23T08:35:28.951+0000] {logging_mixin.py:188} INFO - [2025-07-23T08:35:28.950+0000] {dag.py:3954} INFO - Setting next_dagrun for example_bash_operator to 2025-07-22 00:00:00+00:00, run_after=2025-07-23 00:00:00+00:00
[2025-07-23T08:35:29.013+0000] {processor.py:183} INFO - Processing /home/airflow/.local/lib/python3.12/site-packages/airflow/example_dags/example_bash_operator.py took 0.317 seconds
[2025-07-23T08:35:59.874+0000] {processor.py:161} INFO - Started process (PID=184) to work on /home/airflow/.local/lib/python3.12/site-packages/airflow/example_dags/example_bash_operator.py
[2025-07-23T08:35:59.898+0000] {processor.py:830} INFO - Processing file /home/airflow/.local/lib/python3.12/site-packages/airflow/example_dags/example_bash_operator.py for tasks to queue
[2025-07-23T08:35:59.948+0000] {logging_mixin.py:188} INFO - [2025-07-23T08:35:59.947+0000] {dagbag.py:545} INFO - Filling up the DagBag from /home/airflow/.local/lib/python3.12/site-packages/airflow/example_dags/example_bash_operator.py
[2025-07-23T08:36:00.135+0000] {processor.py:840} INFO - DAG(s) 'example_bash_operator' retrieved from /home/airflow/.local/lib/python3.12/site-packages/airflow/example_dags/example_bash_operator.py
[2025-07-23T08:36:00.454+0000] {logging_mixin.py:188} INFO - [2025-07-23T08:36:00.453+0000] {dag.py:3096} INFO - Sync 1 DAGs
[2025-07-23T08:36:00.622+0000] {logging_mixin.py:188} INFO - [2025-07-23T08:36:00.622+0000] {dag.py:3954} INFO - Setting next_dagrun for example_bash_operator to 2025-07-22 00:00:00+00:00, run_after=2025-07-23 00:00:00+00:00
[2025-07-23T08:36:00.926+0000] {processor.py:183} INFO - Processing /home/airflow/.local/lib/python3.12/site-packages/airflow/example_dags/example_bash_operator.py took 1.130 seconds
[2025-07-23T08:36:31.848+0000] {processor.py:161} INFO - Started process (PID=242) to work on /home/airflow/.local/lib/python3.12/site-packages/airflow/example_dags/example_bash_operator.py
[2025-07-23T08:36:31.852+0000] {processor.py:830} INFO - Processing file /home/airflow/.local/lib/python3.12/site-packages/airflow/example_dags/example_bash_operator.py for tasks to queue
[2025-07-23T08:36:31.890+0000] {logging_mixin.py:188} INFO - [2025-07-23T08:36:31.870+0000] {dagbag.py:545} INFO - Filling up the DagBag from /home/airflow/.local/lib/python3.12/site-packages/airflow/example_dags/example_bash_operator.py
[2025-07-23T08:36:31.955+0000] {processor.py:840} INFO - DAG(s) 'example_bash_operator' retrieved from /home/airflow/.local/lib/python3.12/site-packages/airflow/example_dags/example_bash_operator.py
[2025-07-23T08:36:32.076+0000] {logging_mixin.py:188} INFO - [2025-07-23T08:36:32.076+0000] {dag.py:3096} INFO - Sync 1 DAGs
[2025-07-23T08:36:32.229+0000] {logging_mixin.py:188} INFO - [2025-07-23T08:36:32.228+0000] {dag.py:3954} INFO - Setting next_dagrun for example_bash_operator to 2025-07-22 00:00:00+00:00, run_after=2025-07-23 00:00:00+00:00
[2025-07-23T08:36:32.368+0000] {processor.py:183} INFO - Processing /home/airflow/.local/lib/python3.12/site-packages/airflow/example_dags/example_bash_operator.py took 0.556 seconds
[2025-07-23T08:37:02.744+0000] {processor.py:161} INFO - Started process (PID=301) to work on /home/airflow/.local/lib/python3.12/site-packages/airflow/example_dags/example_bash_operator.py
[2025-07-23T08:37:02.749+0000] {processor.py:830} INFO - Processing file /home/airflow/.local/lib/python3.12/site-packages/airflow/example_dags/example_bash_operator.py for tasks to queue
[2025-07-23T08:37:02.760+0000] {logging_mixin.py:188} INFO - [2025-07-23T08:37:02.756+0000] {dagbag.py:545} INFO - Filling up the DagBag from /home/airflow/.local/lib/python3.12/site-packages/airflow/example_dags/example_bash_operator.py
[2025-07-23T08:37:02.842+0000] {processor.py:840} INFO - DAG(s) 'example_bash_operator' retrieved from /home/airflow/.local/lib/python3.12/site-packages/airflow/example_dags/example_bash_operator.py
[2025-07-23T08:37:03.032+0000] {logging_mixin.py:188} INFO - [2025-07-23T08:37:03.032+0000] {dag.py:3096} INFO - Sync 1 DAGs
[2025-07-23T08:37:03.206+0000] {logging_mixin.py:188} INFO - [2025-07-23T08:37:03.206+0000] {dag.py:3954} INFO - Setting next_dagrun for example_bash_operator to 2025-07-22 00:00:00+00:00, run_after=2025-07-23 00:00:00+00:00
[2025-07-23T08:37:03.347+0000] {processor.py:183} INFO - Processing /home/airflow/.local/lib/python3.12/site-packages/airflow/example_dags/example_bash_operator.py took 0.648 seconds
[2025-07-23T08:37:34.299+0000] {processor.py:161} INFO - Started process (PID=360) to work on /home/airflow/.local/lib/python3.12/site-packages/airflow/example_dags/example_bash_operator.py
[2025-07-23T08:37:34.312+0000] {processor.py:830} INFO - Processing file /home/airflow/.local/lib/python3.12/site-packages/airflow/example_dags/example_bash_operator.py for tasks to queue
[2025-07-23T08:37:34.320+0000] {logging_mixin.py:188} INFO - [2025-07-23T08:37:34.320+0000] {dagbag.py:545} INFO - Filling up the DagBag from /home/airflow/.local/lib/python3.12/site-packages/airflow/example_dags/example_bash_operator.py
[2025-07-23T08:37:34.425+0000] {processor.py:840} INFO - DAG(s) 'example_bash_operator' retrieved from /home/airflow/.local/lib/python3.12/site-packages/airflow/example_dags/example_bash_operator.py
[2025-07-23T08:37:35.050+0000] {logging_mixin.py:188} INFO - [2025-07-23T08:37:35.050+0000] {dag.py:3096} INFO - Sync 1 DAGs
[2025-07-23T08:37:35.630+0000] {logging_mixin.py:188} INFO - [2025-07-23T08:37:35.622+0000] {dag.py:3954} INFO - Setting next_dagrun for example_bash_operator to 2025-07-22 00:00:00+00:00, run_after=2025-07-23 00:00:00+00:00
[2025-07-23T08:37:36.099+0000] {processor.py:183} INFO - Processing /home/airflow/.local/lib/python3.12/site-packages/airflow/example_dags/example_bash_operator.py took 1.846 seconds
[2025-07-23T08:38:11.140+0000] {processor.py:161} INFO - Started process (PID=415) to work on /home/airflow/.local/lib/python3.12/site-packages/airflow/example_dags/example_bash_operator.py
[2025-07-23T08:38:11.229+0000] {processor.py:830} INFO - Processing file /home/airflow/.local/lib/python3.12/site-packages/airflow/example_dags/example_bash_operator.py for tasks to queue
[2025-07-23T08:38:11.307+0000] {logging_mixin.py:188} INFO - [2025-07-23T08:38:11.306+0000] {dagbag.py:545} INFO - Filling up the DagBag from /home/airflow/.local/lib/python3.12/site-packages/airflow/example_dags/example_bash_operator.py
[2025-07-23T08:38:11.503+0000] {processor.py:840} INFO - DAG(s) 'example_bash_operator' retrieved from /home/airflow/.local/lib/python3.12/site-packages/airflow/example_dags/example_bash_operator.py
[2025-07-23T08:38:11.847+0000] {logging_mixin.py:188} INFO - [2025-07-23T08:38:11.846+0000] {dag.py:3096} INFO - Sync 1 DAGs
[2025-07-23T08:38:11.998+0000] {logging_mixin.py:188} INFO - [2025-07-23T08:38:11.997+0000] {dag.py:3954} INFO - Setting next_dagrun for example_bash_operator to 2025-07-22 00:00:00+00:00, run_after=2025-07-23 00:00:00+00:00
[2025-07-23T08:38:12.074+0000] {processor.py:183} INFO - Processing /home/airflow/.local/lib/python3.12/site-packages/airflow/example_dags/example_bash_operator.py took 1.125 seconds
[2025-07-23T08:38:57.981+0000] {processor.py:161} INFO - Started process (PID=469) to work on /home/airflow/.local/lib/python3.12/site-packages/airflow/example_dags/example_bash_operator.py
[2025-07-23T08:38:57.997+0000] {processor.py:830} INFO - Processing file /home/airflow/.local/lib/python3.12/site-packages/airflow/example_dags/example_bash_operator.py for tasks to queue
[2025-07-23T08:38:58.029+0000] {logging_mixin.py:188} INFO - [2025-07-23T08:38:58.028+0000] {dagbag.py:545} INFO - Filling up the DagBag from /home/airflow/.local/lib/python3.12/site-packages/airflow/example_dags/example_bash_operator.py
[2025-07-23T08:38:58.256+0000] {processor.py:840} INFO - DAG(s) 'example_bash_operator' retrieved from /home/airflow/.local/lib/python3.12/site-packages/airflow/example_dags/example_bash_operator.py
[2025-07-23T08:38:59.021+0000] {logging_mixin.py:188} INFO - [2025-07-23T08:38:59.021+0000] {dag.py:3096} INFO - Sync 1 DAGs
[2025-07-23T08:38:59.748+0000] {logging_mixin.py:188} INFO - [2025-07-23T08:38:59.747+0000] {dag.py:3954} INFO - Setting next_dagrun for example_bash_operator to 2025-07-22 00:00:00+00:00, run_after=2025-07-23 00:00:00+00:00
[2025-07-23T08:39:00.247+0000] {processor.py:183} INFO - Processing /home/airflow/.local/lib/python3.12/site-packages/airflow/example_dags/example_bash_operator.py took 2.341 seconds
[2025-07-23T08:40:02.189+0000] {processor.py:161} INFO - Started process (PID=531) to work on /home/airflow/.local/lib/python3.12/site-packages/airflow/example_dags/example_bash_operator.py
[2025-07-23T08:40:02.204+0000] {processor.py:830} INFO - Processing file /home/airflow/.local/lib/python3.12/site-packages/airflow/example_dags/example_bash_operator.py for tasks to queue
[2025-07-23T08:40:02.219+0000] {logging_mixin.py:188} INFO - [2025-07-23T08:40:02.219+0000] {dagbag.py:545} INFO - Filling up the DagBag from /home/airflow/.local/lib/python3.12/site-packages/airflow/example_dags/example_bash_operator.py
[2025-07-23T08:40:02.330+0000] {processor.py:840} INFO - DAG(s) 'example_bash_operator' retrieved from /home/airflow/.local/lib/python3.12/site-packages/airflow/example_dags/example_bash_operator.py
[2025-07-23T08:40:02.675+0000] {logging_mixin.py:188} INFO - [2025-07-23T08:40:02.674+0000] {dag.py:3096} INFO - Sync 1 DAGs
[2025-07-23T08:40:03.058+0000] {logging_mixin.py:188} INFO - [2025-07-23T08:40:03.058+0000] {dag.py:3954} INFO - Setting next_dagrun for example_bash_operator to 2025-07-22 00:00:00+00:00, run_after=2025-07-23 00:00:00+00:00
[2025-07-23T08:40:03.780+0000] {processor.py:183} INFO - Processing /home/airflow/.local/lib/python3.12/site-packages/airflow/example_dags/example_bash_operator.py took 1.763 seconds
[2025-07-23T08:40:39.873+0000] {processor.py:161} INFO - Started process (PID=585) to work on /home/airflow/.local/lib/python3.12/site-packages/airflow/example_dags/example_bash_operator.py
[2025-07-23T08:40:39.875+0000] {processor.py:830} INFO - Processing file /home/airflow/.local/lib/python3.12/site-packages/airflow/example_dags/example_bash_operator.py for tasks to queue
[2025-07-23T08:40:39.896+0000] {logging_mixin.py:188} INFO - [2025-07-23T08:40:39.893+0000] {dagbag.py:545} INFO - Filling up the DagBag from /home/airflow/.local/lib/python3.12/site-packages/airflow/example_dags/example_bash_operator.py
[2025-07-23T08:40:40.054+0000] {processor.py:840} INFO - DAG(s) 'example_bash_operator' retrieved from /home/airflow/.local/lib/python3.12/site-packages/airflow/example_dags/example_bash_operator.py
[2025-07-23T08:40:40.502+0000] {logging_mixin.py:188} INFO - [2025-07-23T08:40:40.502+0000] {dag.py:3096} INFO - Sync 1 DAGs
[2025-07-23T08:40:41.378+0000] {logging_mixin.py:188} INFO - [2025-07-23T08:40:41.377+0000] {dag.py:3954} INFO - Setting next_dagrun for example_bash_operator to 2025-07-22 00:00:00+00:00, run_after=2025-07-23 00:00:00+00:00
[2025-07-23T08:40:41.812+0000] {processor.py:183} INFO - Processing /home/airflow/.local/lib/python3.12/site-packages/airflow/example_dags/example_bash_operator.py took 2.020 seconds
[2025-07-23T09:00:37.677+0000] {processor.py:161} INFO - Started process (PID=30) to work on /home/airflow/.local/lib/python3.12/site-packages/airflow/example_dags/example_bash_operator.py
[2025-07-23T09:00:37.700+0000] {processor.py:830} INFO - Processing file /home/airflow/.local/lib/python3.12/site-packages/airflow/example_dags/example_bash_operator.py for tasks to queue
[2025-07-23T09:00:37.701+0000] {logging_mixin.py:188} INFO - [2025-07-23T09:00:37.701+0000] {dagbag.py:545} INFO - Filling up the DagBag from /home/airflow/.local/lib/python3.12/site-packages/airflow/example_dags/example_bash_operator.py
[2025-07-23T09:00:37.812+0000] {processor.py:840} INFO - DAG(s) 'example_bash_operator' retrieved from /home/airflow/.local/lib/python3.12/site-packages/airflow/example_dags/example_bash_operator.py
[2025-07-23T09:00:38.037+0000] {logging_mixin.py:188} INFO - [2025-07-23T09:00:38.036+0000] {dag.py:3096} INFO - Sync 1 DAGs
[2025-07-23T09:00:38.179+0000] {logging_mixin.py:188} INFO - [2025-07-23T09:00:38.179+0000] {dag.py:3954} INFO - Setting next_dagrun for example_bash_operator to 2025-07-22 00:00:00+00:00, run_after=2025-07-23 00:00:00+00:00
[2025-07-23T09:00:38.302+0000] {processor.py:183} INFO - Processing /home/airflow/.local/lib/python3.12/site-packages/airflow/example_dags/example_bash_operator.py took 0.679 seconds
[2025-07-23T09:01:20.671+0000] {processor.py:161} INFO - Started process (PID=90) to work on /home/airflow/.local/lib/python3.12/site-packages/airflow/example_dags/example_bash_operator.py
[2025-07-23T09:01:20.677+0000] {processor.py:830} INFO - Processing file /home/airflow/.local/lib/python3.12/site-packages/airflow/example_dags/example_bash_operator.py for tasks to queue
[2025-07-23T09:01:20.686+0000] {logging_mixin.py:188} INFO - [2025-07-23T09:01:20.685+0000] {dagbag.py:545} INFO - Filling up the DagBag from /home/airflow/.local/lib/python3.12/site-packages/airflow/example_dags/example_bash_operator.py
[2025-07-23T09:01:20.744+0000] {processor.py:840} INFO - DAG(s) 'example_bash_operator' retrieved from /home/airflow/.local/lib/python3.12/site-packages/airflow/example_dags/example_bash_operator.py
[2025-07-23T09:01:20.905+0000] {logging_mixin.py:188} INFO - [2025-07-23T09:01:20.905+0000] {dag.py:3096} INFO - Sync 1 DAGs
[2025-07-23T09:01:21.054+0000] {logging_mixin.py:188} INFO - [2025-07-23T09:01:21.053+0000] {dag.py:3954} INFO - Setting next_dagrun for example_bash_operator to 2025-07-22 00:00:00+00:00, run_after=2025-07-23 00:00:00+00:00
[2025-07-23T09:01:21.173+0000] {processor.py:183} INFO - Processing /home/airflow/.local/lib/python3.12/site-packages/airflow/example_dags/example_bash_operator.py took 0.524 seconds
[2025-07-23T09:01:54.101+0000] {processor.py:161} INFO - Started process (PID=147) to work on /home/airflow/.local/lib/python3.12/site-packages/airflow/example_dags/example_bash_operator.py
[2025-07-23T09:01:54.103+0000] {processor.py:830} INFO - Processing file /home/airflow/.local/lib/python3.12/site-packages/airflow/example_dags/example_bash_operator.py for tasks to queue
[2025-07-23T09:01:54.105+0000] {logging_mixin.py:188} INFO - [2025-07-23T09:01:54.104+0000] {dagbag.py:545} INFO - Filling up the DagBag from /home/airflow/.local/lib/python3.12/site-packages/airflow/example_dags/example_bash_operator.py
[2025-07-23T09:01:54.153+0000] {processor.py:840} INFO - DAG(s) 'example_bash_operator' retrieved from /home/airflow/.local/lib/python3.12/site-packages/airflow/example_dags/example_bash_operator.py
[2025-07-23T09:01:54.330+0000] {logging_mixin.py:188} INFO - [2025-07-23T09:01:54.330+0000] {dag.py:3096} INFO - Sync 1 DAGs
[2025-07-23T09:01:54.420+0000] {logging_mixin.py:188} INFO - [2025-07-23T09:01:54.420+0000] {dag.py:3954} INFO - Setting next_dagrun for example_bash_operator to 2025-07-22 00:00:00+00:00, run_after=2025-07-23 00:00:00+00:00
[2025-07-23T09:01:54.517+0000] {processor.py:183} INFO - Processing /home/airflow/.local/lib/python3.12/site-packages/airflow/example_dags/example_bash_operator.py took 0.427 seconds
[2025-07-23T09:02:27.931+0000] {processor.py:161} INFO - Started process (PID=196) to work on /home/airflow/.local/lib/python3.12/site-packages/airflow/example_dags/example_bash_operator.py
[2025-07-23T09:02:27.933+0000] {processor.py:830} INFO - Processing file /home/airflow/.local/lib/python3.12/site-packages/airflow/example_dags/example_bash_operator.py for tasks to queue
[2025-07-23T09:02:27.935+0000] {logging_mixin.py:188} INFO - [2025-07-23T09:02:27.934+0000] {dagbag.py:545} INFO - Filling up the DagBag from /home/airflow/.local/lib/python3.12/site-packages/airflow/example_dags/example_bash_operator.py
[2025-07-23T09:02:28.139+0000] {processor.py:840} INFO - DAG(s) 'example_bash_operator' retrieved from /home/airflow/.local/lib/python3.12/site-packages/airflow/example_dags/example_bash_operator.py
[2025-07-23T09:02:28.449+0000] {logging_mixin.py:188} INFO - [2025-07-23T09:02:28.449+0000] {dag.py:3096} INFO - Sync 1 DAGs
[2025-07-23T09:02:28.597+0000] {logging_mixin.py:188} INFO - [2025-07-23T09:02:28.596+0000] {dag.py:3954} INFO - Setting next_dagrun for example_bash_operator to 2025-07-22 00:00:00+00:00, run_after=2025-07-23 00:00:00+00:00
[2025-07-23T09:02:28.749+0000] {processor.py:183} INFO - Processing /home/airflow/.local/lib/python3.12/site-packages/airflow/example_dags/example_bash_operator.py took 0.857 seconds
[2025-07-23T09:02:59.994+0000] {processor.py:161} INFO - Started process (PID=245) to work on /home/airflow/.local/lib/python3.12/site-packages/airflow/example_dags/example_bash_operator.py
[2025-07-23T09:03:00.094+0000] {processor.py:830} INFO - Processing file /home/airflow/.local/lib/python3.12/site-packages/airflow/example_dags/example_bash_operator.py for tasks to queue
[2025-07-23T09:03:00.113+0000] {logging_mixin.py:188} INFO - [2025-07-23T09:03:00.111+0000] {dagbag.py:545} INFO - Filling up the DagBag from /home/airflow/.local/lib/python3.12/site-packages/airflow/example_dags/example_bash_operator.py
[2025-07-23T09:03:00.396+0000] {processor.py:840} INFO - DAG(s) 'example_bash_operator' retrieved from /home/airflow/.local/lib/python3.12/site-packages/airflow/example_dags/example_bash_operator.py
[2025-07-23T09:03:00.914+0000] {logging_mixin.py:188} INFO - [2025-07-23T09:03:00.914+0000] {dag.py:3096} INFO - Sync 1 DAGs
[2025-07-23T09:03:01.102+0000] {logging_mixin.py:188} INFO - [2025-07-23T09:03:01.102+0000] {dag.py:3954} INFO - Setting next_dagrun for example_bash_operator to 2025-07-22 00:00:00+00:00, run_after=2025-07-23 00:00:00+00:00
[2025-07-23T09:03:01.240+0000] {processor.py:183} INFO - Processing /home/airflow/.local/lib/python3.12/site-packages/airflow/example_dags/example_bash_operator.py took 1.463 seconds
[2025-07-23T09:03:33.556+0000] {processor.py:161} INFO - Started process (PID=304) to work on /home/airflow/.local/lib/python3.12/site-packages/airflow/example_dags/example_bash_operator.py
[2025-07-23T09:03:33.630+0000] {processor.py:830} INFO - Processing file /home/airflow/.local/lib/python3.12/site-packages/airflow/example_dags/example_bash_operator.py for tasks to queue
[2025-07-23T09:03:33.680+0000] {logging_mixin.py:188} INFO - [2025-07-23T09:03:33.680+0000] {dagbag.py:545} INFO - Filling up the DagBag from /home/airflow/.local/lib/python3.12/site-packages/airflow/example_dags/example_bash_operator.py
[2025-07-23T09:03:33.824+0000] {processor.py:840} INFO - DAG(s) 'example_bash_operator' retrieved from /home/airflow/.local/lib/python3.12/site-packages/airflow/example_dags/example_bash_operator.py
[2025-07-23T09:03:34.207+0000] {logging_mixin.py:188} INFO - [2025-07-23T09:03:34.206+0000] {dag.py:3096} INFO - Sync 1 DAGs
[2025-07-23T09:03:34.365+0000] {logging_mixin.py:188} INFO - [2025-07-23T09:03:34.365+0000] {dag.py:3954} INFO - Setting next_dagrun for example_bash_operator to 2025-07-22 00:00:00+00:00, run_after=2025-07-23 00:00:00+00:00
[2025-07-23T09:03:34.560+0000] {processor.py:183} INFO - Processing /home/airflow/.local/lib/python3.12/site-packages/airflow/example_dags/example_bash_operator.py took 1.037 seconds
[2025-07-23T09:04:05.878+0000] {processor.py:161} INFO - Started process (PID=362) to work on /home/airflow/.local/lib/python3.12/site-packages/airflow/example_dags/example_bash_operator.py
[2025-07-23T09:04:05.879+0000] {processor.py:830} INFO - Processing file /home/airflow/.local/lib/python3.12/site-packages/airflow/example_dags/example_bash_operator.py for tasks to queue
[2025-07-23T09:04:05.881+0000] {logging_mixin.py:188} INFO - [2025-07-23T09:04:05.881+0000] {dagbag.py:545} INFO - Filling up the DagBag from /home/airflow/.local/lib/python3.12/site-packages/airflow/example_dags/example_bash_operator.py
[2025-07-23T09:04:05.929+0000] {processor.py:840} INFO - DAG(s) 'example_bash_operator' retrieved from /home/airflow/.local/lib/python3.12/site-packages/airflow/example_dags/example_bash_operator.py
[2025-07-23T09:04:06.258+0000] {logging_mixin.py:188} INFO - [2025-07-23T09:04:06.257+0000] {dag.py:3096} INFO - Sync 1 DAGs
[2025-07-23T09:04:06.534+0000] {logging_mixin.py:188} INFO - [2025-07-23T09:04:06.534+0000] {dag.py:3954} INFO - Setting next_dagrun for example_bash_operator to 2025-07-22 00:00:00+00:00, run_after=2025-07-23 00:00:00+00:00
[2025-07-23T09:04:06.735+0000] {processor.py:183} INFO - Processing /home/airflow/.local/lib/python3.12/site-packages/airflow/example_dags/example_bash_operator.py took 0.869 seconds
[2025-07-23T09:04:37.170+0000] {processor.py:161} INFO - Started process (PID=415) to work on /home/airflow/.local/lib/python3.12/site-packages/airflow/example_dags/example_bash_operator.py
[2025-07-23T09:04:37.172+0000] {processor.py:830} INFO - Processing file /home/airflow/.local/lib/python3.12/site-packages/airflow/example_dags/example_bash_operator.py for tasks to queue
[2025-07-23T09:04:37.174+0000] {logging_mixin.py:188} INFO - [2025-07-23T09:04:37.173+0000] {dagbag.py:545} INFO - Filling up the DagBag from /home/airflow/.local/lib/python3.12/site-packages/airflow/example_dags/example_bash_operator.py
[2025-07-23T09:04:37.194+0000] {processor.py:840} INFO - DAG(s) 'example_bash_operator' retrieved from /home/airflow/.local/lib/python3.12/site-packages/airflow/example_dags/example_bash_operator.py
[2025-07-23T09:04:37.249+0000] {logging_mixin.py:188} INFO - [2025-07-23T09:04:37.248+0000] {dag.py:3096} INFO - Sync 1 DAGs
[2025-07-23T09:04:37.313+0000] {logging_mixin.py:188} INFO - [2025-07-23T09:04:37.313+0000] {dag.py:3954} INFO - Setting next_dagrun for example_bash_operator to 2025-07-22 00:00:00+00:00, run_after=2025-07-23 00:00:00+00:00
[2025-07-23T09:04:37.388+0000] {processor.py:183} INFO - Processing /home/airflow/.local/lib/python3.12/site-packages/airflow/example_dags/example_bash_operator.py took 0.227 seconds
[2025-07-23T09:05:08.122+0000] {processor.py:161} INFO - Started process (PID=472) to work on /home/airflow/.local/lib/python3.12/site-packages/airflow/example_dags/example_bash_operator.py
[2025-07-23T09:05:08.124+0000] {processor.py:830} INFO - Processing file /home/airflow/.local/lib/python3.12/site-packages/airflow/example_dags/example_bash_operator.py for tasks to queue
[2025-07-23T09:05:08.126+0000] {logging_mixin.py:188} INFO - [2025-07-23T09:05:08.125+0000] {dagbag.py:545} INFO - Filling up the DagBag from /home/airflow/.local/lib/python3.12/site-packages/airflow/example_dags/example_bash_operator.py
[2025-07-23T09:05:08.150+0000] {processor.py:840} INFO - DAG(s) 'example_bash_operator' retrieved from /home/airflow/.local/lib/python3.12/site-packages/airflow/example_dags/example_bash_operator.py
[2025-07-23T09:05:08.166+0000] {logging_mixin.py:188} INFO - [2025-07-23T09:05:08.166+0000] {dag.py:3096} INFO - Sync 1 DAGs
[2025-07-23T09:05:08.217+0000] {logging_mixin.py:188} INFO - [2025-07-23T09:05:08.217+0000] {dag.py:3954} INFO - Setting next_dagrun for example_bash_operator to 2025-07-22 00:00:00+00:00, run_after=2025-07-23 00:00:00+00:00
[2025-07-23T09:05:08.264+0000] {processor.py:183} INFO - Processing /home/airflow/.local/lib/python3.12/site-packages/airflow/example_dags/example_bash_operator.py took 0.157 seconds
[2025-07-23T09:05:38.895+0000] {processor.py:161} INFO - Started process (PID=532) to work on /home/airflow/.local/lib/python3.12/site-packages/airflow/example_dags/example_bash_operator.py
[2025-07-23T09:05:38.897+0000] {processor.py:830} INFO - Processing file /home/airflow/.local/lib/python3.12/site-packages/airflow/example_dags/example_bash_operator.py for tasks to queue
[2025-07-23T09:05:38.899+0000] {logging_mixin.py:188} INFO - [2025-07-23T09:05:38.898+0000] {dagbag.py:545} INFO - Filling up the DagBag from /home/airflow/.local/lib/python3.12/site-packages/airflow/example_dags/example_bash_operator.py
[2025-07-23T09:05:38.923+0000] {processor.py:840} INFO - DAG(s) 'example_bash_operator' retrieved from /home/airflow/.local/lib/python3.12/site-packages/airflow/example_dags/example_bash_operator.py
[2025-07-23T09:05:39.190+0000] {logging_mixin.py:188} INFO - [2025-07-23T09:05:39.190+0000] {dag.py:3096} INFO - Sync 1 DAGs
[2025-07-23T09:05:39.229+0000] {logging_mixin.py:188} INFO - [2025-07-23T09:05:39.229+0000] {dag.py:3954} INFO - Setting next_dagrun for example_bash_operator to 2025-07-22 00:00:00+00:00, run_after=2025-07-23 00:00:00+00:00
[2025-07-23T09:05:39.318+0000] {processor.py:183} INFO - Processing /home/airflow/.local/lib/python3.12/site-packages/airflow/example_dags/example_bash_operator.py took 0.437 seconds
[2025-07-23T09:06:09.551+0000] {processor.py:161} INFO - Started process (PID=589) to work on /home/airflow/.local/lib/python3.12/site-packages/airflow/example_dags/example_bash_operator.py
[2025-07-23T09:06:09.559+0000] {processor.py:830} INFO - Processing file /home/airflow/.local/lib/python3.12/site-packages/airflow/example_dags/example_bash_operator.py for tasks to queue
[2025-07-23T09:06:09.568+0000] {logging_mixin.py:188} INFO - [2025-07-23T09:06:09.567+0000] {dagbag.py:545} INFO - Filling up the DagBag from /home/airflow/.local/lib/python3.12/site-packages/airflow/example_dags/example_bash_operator.py
[2025-07-23T09:06:09.595+0000] {processor.py:840} INFO - DAG(s) 'example_bash_operator' retrieved from /home/airflow/.local/lib/python3.12/site-packages/airflow/example_dags/example_bash_operator.py
[2025-07-23T09:06:09.657+0000] {logging_mixin.py:188} INFO - [2025-07-23T09:06:09.656+0000] {dag.py:3096} INFO - Sync 1 DAGs
[2025-07-23T09:06:09.712+0000] {logging_mixin.py:188} INFO - [2025-07-23T09:06:09.711+0000] {dag.py:3954} INFO - Setting next_dagrun for example_bash_operator to 2025-07-22 00:00:00+00:00, run_after=2025-07-23 00:00:00+00:00
[2025-07-23T09:06:09.822+0000] {processor.py:183} INFO - Processing /home/airflow/.local/lib/python3.12/site-packages/airflow/example_dags/example_bash_operator.py took 0.293 seconds
[2025-07-23T09:06:39.938+0000] {processor.py:161} INFO - Started process (PID=641) to work on /home/airflow/.local/lib/python3.12/site-packages/airflow/example_dags/example_bash_operator.py
[2025-07-23T09:06:39.939+0000] {processor.py:830} INFO - Processing file /home/airflow/.local/lib/python3.12/site-packages/airflow/example_dags/example_bash_operator.py for tasks to queue
[2025-07-23T09:06:39.941+0000] {logging_mixin.py:188} INFO - [2025-07-23T09:06:39.940+0000] {dagbag.py:545} INFO - Filling up the DagBag from /home/airflow/.local/lib/python3.12/site-packages/airflow/example_dags/example_bash_operator.py
[2025-07-23T09:06:39.957+0000] {processor.py:840} INFO - DAG(s) 'example_bash_operator' retrieved from /home/airflow/.local/lib/python3.12/site-packages/airflow/example_dags/example_bash_operator.py
[2025-07-23T09:06:40.009+0000] {logging_mixin.py:188} INFO - [2025-07-23T09:06:40.009+0000] {dag.py:3096} INFO - Sync 1 DAGs
[2025-07-23T09:06:40.077+0000] {logging_mixin.py:188} INFO - [2025-07-23T09:06:40.077+0000] {dag.py:3954} INFO - Setting next_dagrun for example_bash_operator to 2025-07-22 00:00:00+00:00, run_after=2025-07-23 00:00:00+00:00
[2025-07-23T09:06:40.182+0000] {processor.py:183} INFO - Processing /home/airflow/.local/lib/python3.12/site-packages/airflow/example_dags/example_bash_operator.py took 0.252 seconds
[2025-07-23T09:07:11.027+0000] {processor.py:161} INFO - Started process (PID=700) to work on /home/airflow/.local/lib/python3.12/site-packages/airflow/example_dags/example_bash_operator.py
[2025-07-23T09:07:11.028+0000] {processor.py:830} INFO - Processing file /home/airflow/.local/lib/python3.12/site-packages/airflow/example_dags/example_bash_operator.py for tasks to queue
[2025-07-23T09:07:11.030+0000] {logging_mixin.py:188} INFO - [2025-07-23T09:07:11.029+0000] {dagbag.py:545} INFO - Filling up the DagBag from /home/airflow/.local/lib/python3.12/site-packages/airflow/example_dags/example_bash_operator.py
[2025-07-23T09:07:11.056+0000] {processor.py:840} INFO - DAG(s) 'example_bash_operator' retrieved from /home/airflow/.local/lib/python3.12/site-packages/airflow/example_dags/example_bash_operator.py
[2025-07-23T09:07:11.120+0000] {logging_mixin.py:188} INFO - [2025-07-23T09:07:11.119+0000] {dag.py:3096} INFO - Sync 1 DAGs
[2025-07-23T09:07:11.162+0000] {logging_mixin.py:188} INFO - [2025-07-23T09:07:11.161+0000] {dag.py:3954} INFO - Setting next_dagrun for example_bash_operator to 2025-07-22 00:00:00+00:00, run_after=2025-07-23 00:00:00+00:00
[2025-07-23T09:07:11.191+0000] {processor.py:183} INFO - Processing /home/airflow/.local/lib/python3.12/site-packages/airflow/example_dags/example_bash_operator.py took 0.176 seconds
