[2025-07-23T08:14:03.431+0000] {processor.py:161} INFO - Started process (PID=98) to work on /home/airflow/.local/lib/python3.12/site-packages/airflow/example_dags/example_python_operator.py
[2025-07-23T08:14:03.447+0000] {processor.py:830} INFO - Processing file /home/airflow/.local/lib/python3.12/site-packages/airflow/example_dags/example_python_operator.py for tasks to queue
[2025-07-23T08:14:03.491+0000] {logging_mixin.py:188} INFO - [2025-07-23T08:14:03.490+0000] {dagbag.py:545} INFO - Filling up the DagBag from /home/airflow/.local/lib/python3.12/site-packages/airflow/example_dags/example_python_operator.py
[2025-07-23T08:14:03.874+0000] {processor.py:840} INFO - DAG(s) 'example_python_operator' retrieved from /home/airflow/.local/lib/python3.12/site-packages/airflow/example_dags/example_python_operator.py
[2025-07-23T08:14:05.886+0000] {logging_mixin.py:188} INFO - [2025-07-23T08:14:05.885+0000] {dag.py:3096} INFO - Sync 1 DAGs
[2025-07-23T08:14:06.233+0000] {logging_mixin.py:188} INFO - [2025-07-23T08:14:06.233+0000] {dag.py:3954} INFO - Setting next_dagrun for example_python_operator to None, run_after=None
[2025-07-23T08:14:06.555+0000] {processor.py:183} INFO - Processing /home/airflow/.local/lib/python3.12/site-packages/airflow/example_dags/example_python_operator.py took 3.315 seconds
[2025-07-23T08:14:36.649+0000] {processor.py:161} INFO - Started process (PID=155) to work on /home/airflow/.local/lib/python3.12/site-packages/airflow/example_dags/example_python_operator.py
[2025-07-23T08:14:36.651+0000] {processor.py:830} INFO - Processing file /home/airflow/.local/lib/python3.12/site-packages/airflow/example_dags/example_python_operator.py for tasks to queue
[2025-07-23T08:14:36.656+0000] {logging_mixin.py:188} INFO - [2025-07-23T08:14:36.654+0000] {dagbag.py:545} INFO - Filling up the DagBag from /home/airflow/.local/lib/python3.12/site-packages/airflow/example_dags/example_python_operator.py
[2025-07-23T08:14:36.691+0000] {processor.py:840} INFO - DAG(s) 'example_python_operator' retrieved from /home/airflow/.local/lib/python3.12/site-packages/airflow/example_dags/example_python_operator.py
[2025-07-23T08:14:36.740+0000] {logging_mixin.py:188} INFO - [2025-07-23T08:14:36.740+0000] {dag.py:3096} INFO - Sync 1 DAGs
[2025-07-23T08:14:36.774+0000] {logging_mixin.py:188} INFO - [2025-07-23T08:14:36.773+0000] {dag.py:3954} INFO - Setting next_dagrun for example_python_operator to None, run_after=None
[2025-07-23T08:14:36.820+0000] {processor.py:183} INFO - Processing /home/airflow/.local/lib/python3.12/site-packages/airflow/example_dags/example_python_operator.py took 0.187 seconds
[2025-07-23T08:15:07.201+0000] {processor.py:161} INFO - Started process (PID=213) to work on /home/airflow/.local/lib/python3.12/site-packages/airflow/example_dags/example_python_operator.py
[2025-07-23T08:15:07.208+0000] {processor.py:830} INFO - Processing file /home/airflow/.local/lib/python3.12/site-packages/airflow/example_dags/example_python_operator.py for tasks to queue
[2025-07-23T08:15:07.223+0000] {logging_mixin.py:188} INFO - [2025-07-23T08:15:07.217+0000] {dagbag.py:545} INFO - Filling up the DagBag from /home/airflow/.local/lib/python3.12/site-packages/airflow/example_dags/example_python_operator.py
[2025-07-23T08:15:07.288+0000] {processor.py:840} INFO - DAG(s) 'example_python_operator' retrieved from /home/airflow/.local/lib/python3.12/site-packages/airflow/example_dags/example_python_operator.py
[2025-07-23T08:15:07.453+0000] {logging_mixin.py:188} INFO - [2025-07-23T08:15:07.453+0000] {dag.py:3096} INFO - Sync 1 DAGs
[2025-07-23T08:15:07.542+0000] {logging_mixin.py:188} INFO - [2025-07-23T08:15:07.542+0000] {dag.py:3954} INFO - Setting next_dagrun for example_python_operator to None, run_after=None
[2025-07-23T08:15:07.743+0000] {processor.py:183} INFO - Processing /home/airflow/.local/lib/python3.12/site-packages/airflow/example_dags/example_python_operator.py took 0.598 seconds
[2025-07-23T08:15:37.906+0000] {processor.py:161} INFO - Started process (PID=270) to work on /home/airflow/.local/lib/python3.12/site-packages/airflow/example_dags/example_python_operator.py
[2025-07-23T08:15:37.908+0000] {processor.py:830} INFO - Processing file /home/airflow/.local/lib/python3.12/site-packages/airflow/example_dags/example_python_operator.py for tasks to queue
[2025-07-23T08:15:37.913+0000] {logging_mixin.py:188} INFO - [2025-07-23T08:15:37.912+0000] {dagbag.py:545} INFO - Filling up the DagBag from /home/airflow/.local/lib/python3.12/site-packages/airflow/example_dags/example_python_operator.py
[2025-07-23T08:15:37.937+0000] {processor.py:840} INFO - DAG(s) 'example_python_operator' retrieved from /home/airflow/.local/lib/python3.12/site-packages/airflow/example_dags/example_python_operator.py
[2025-07-23T08:15:37.994+0000] {logging_mixin.py:188} INFO - [2025-07-23T08:15:37.993+0000] {dag.py:3096} INFO - Sync 1 DAGs
[2025-07-23T08:15:38.030+0000] {logging_mixin.py:188} INFO - [2025-07-23T08:15:38.030+0000] {dag.py:3954} INFO - Setting next_dagrun for example_python_operator to None, run_after=None
[2025-07-23T08:15:38.084+0000] {processor.py:183} INFO - Processing /home/airflow/.local/lib/python3.12/site-packages/airflow/example_dags/example_python_operator.py took 0.186 seconds
[2025-07-23T08:16:10.299+0000] {processor.py:161} INFO - Started process (PID=328) to work on /home/airflow/.local/lib/python3.12/site-packages/airflow/example_dags/example_python_operator.py
[2025-07-23T08:16:10.309+0000] {processor.py:830} INFO - Processing file /home/airflow/.local/lib/python3.12/site-packages/airflow/example_dags/example_python_operator.py for tasks to queue
[2025-07-23T08:16:10.321+0000] {logging_mixin.py:188} INFO - [2025-07-23T08:16:10.320+0000] {dagbag.py:545} INFO - Filling up the DagBag from /home/airflow/.local/lib/python3.12/site-packages/airflow/example_dags/example_python_operator.py
[2025-07-23T08:16:10.560+0000] {processor.py:840} INFO - DAG(s) 'example_python_operator' retrieved from /home/airflow/.local/lib/python3.12/site-packages/airflow/example_dags/example_python_operator.py
[2025-07-23T08:16:10.837+0000] {logging_mixin.py:188} INFO - [2025-07-23T08:16:10.816+0000] {dag.py:3096} INFO - Sync 1 DAGs
[2025-07-23T08:16:11.113+0000] {logging_mixin.py:188} INFO - [2025-07-23T08:16:11.113+0000] {dag.py:3954} INFO - Setting next_dagrun for example_python_operator to None, run_after=None
[2025-07-23T08:16:11.291+0000] {processor.py:183} INFO - Processing /home/airflow/.local/lib/python3.12/site-packages/airflow/example_dags/example_python_operator.py took 1.046 seconds
[2025-07-23T08:16:44.077+0000] {processor.py:161} INFO - Started process (PID=386) to work on /home/airflow/.local/lib/python3.12/site-packages/airflow/example_dags/example_python_operator.py
[2025-07-23T08:16:44.091+0000] {processor.py:830} INFO - Processing file /home/airflow/.local/lib/python3.12/site-packages/airflow/example_dags/example_python_operator.py for tasks to queue
[2025-07-23T08:16:44.095+0000] {logging_mixin.py:188} INFO - [2025-07-23T08:16:44.094+0000] {dagbag.py:545} INFO - Filling up the DagBag from /home/airflow/.local/lib/python3.12/site-packages/airflow/example_dags/example_python_operator.py
[2025-07-23T08:16:44.236+0000] {processor.py:840} INFO - DAG(s) 'example_python_operator' retrieved from /home/airflow/.local/lib/python3.12/site-packages/airflow/example_dags/example_python_operator.py
[2025-07-23T08:16:44.389+0000] {logging_mixin.py:188} INFO - [2025-07-23T08:16:44.388+0000] {dag.py:3096} INFO - Sync 1 DAGs
[2025-07-23T08:16:44.450+0000] {logging_mixin.py:188} INFO - [2025-07-23T08:16:44.450+0000] {dag.py:3954} INFO - Setting next_dagrun for example_python_operator to None, run_after=None
[2025-07-23T08:16:44.530+0000] {processor.py:183} INFO - Processing /home/airflow/.local/lib/python3.12/site-packages/airflow/example_dags/example_python_operator.py took 0.476 seconds
[2025-07-23T08:17:15.199+0000] {processor.py:161} INFO - Started process (PID=444) to work on /home/airflow/.local/lib/python3.12/site-packages/airflow/example_dags/example_python_operator.py
[2025-07-23T08:17:15.213+0000] {processor.py:830} INFO - Processing file /home/airflow/.local/lib/python3.12/site-packages/airflow/example_dags/example_python_operator.py for tasks to queue
[2025-07-23T08:17:15.237+0000] {logging_mixin.py:188} INFO - [2025-07-23T08:17:15.236+0000] {dagbag.py:545} INFO - Filling up the DagBag from /home/airflow/.local/lib/python3.12/site-packages/airflow/example_dags/example_python_operator.py
[2025-07-23T08:17:15.352+0000] {processor.py:840} INFO - DAG(s) 'example_python_operator' retrieved from /home/airflow/.local/lib/python3.12/site-packages/airflow/example_dags/example_python_operator.py
[2025-07-23T08:17:15.621+0000] {logging_mixin.py:188} INFO - [2025-07-23T08:17:15.620+0000] {dag.py:3096} INFO - Sync 1 DAGs
[2025-07-23T08:17:15.770+0000] {logging_mixin.py:188} INFO - [2025-07-23T08:17:15.760+0000] {dag.py:3954} INFO - Setting next_dagrun for example_python_operator to None, run_after=None
[2025-07-23T08:17:16.091+0000] {processor.py:183} INFO - Processing /home/airflow/.local/lib/python3.12/site-packages/airflow/example_dags/example_python_operator.py took 1.043 seconds
[2025-07-23T08:17:46.657+0000] {processor.py:161} INFO - Started process (PID=499) to work on /home/airflow/.local/lib/python3.12/site-packages/airflow/example_dags/example_python_operator.py
[2025-07-23T08:17:46.659+0000] {processor.py:830} INFO - Processing file /home/airflow/.local/lib/python3.12/site-packages/airflow/example_dags/example_python_operator.py for tasks to queue
[2025-07-23T08:17:46.663+0000] {logging_mixin.py:188} INFO - [2025-07-23T08:17:46.662+0000] {dagbag.py:545} INFO - Filling up the DagBag from /home/airflow/.local/lib/python3.12/site-packages/airflow/example_dags/example_python_operator.py
[2025-07-23T08:17:46.693+0000] {processor.py:840} INFO - DAG(s) 'example_python_operator' retrieved from /home/airflow/.local/lib/python3.12/site-packages/airflow/example_dags/example_python_operator.py
[2025-07-23T08:17:46.761+0000] {logging_mixin.py:188} INFO - [2025-07-23T08:17:46.761+0000] {dag.py:3096} INFO - Sync 1 DAGs
[2025-07-23T08:17:46.800+0000] {logging_mixin.py:188} INFO - [2025-07-23T08:17:46.800+0000] {dag.py:3954} INFO - Setting next_dagrun for example_python_operator to None, run_after=None
[2025-07-23T08:17:46.870+0000] {processor.py:183} INFO - Processing /home/airflow/.local/lib/python3.12/site-packages/airflow/example_dags/example_python_operator.py took 0.227 seconds
[2025-07-23T08:18:17.788+0000] {processor.py:161} INFO - Started process (PID=557) to work on /home/airflow/.local/lib/python3.12/site-packages/airflow/example_dags/example_python_operator.py
[2025-07-23T08:18:17.790+0000] {processor.py:830} INFO - Processing file /home/airflow/.local/lib/python3.12/site-packages/airflow/example_dags/example_python_operator.py for tasks to queue
[2025-07-23T08:18:17.802+0000] {logging_mixin.py:188} INFO - [2025-07-23T08:18:17.797+0000] {dagbag.py:545} INFO - Filling up the DagBag from /home/airflow/.local/lib/python3.12/site-packages/airflow/example_dags/example_python_operator.py
[2025-07-23T08:18:17.873+0000] {processor.py:840} INFO - DAG(s) 'example_python_operator' retrieved from /home/airflow/.local/lib/python3.12/site-packages/airflow/example_dags/example_python_operator.py
[2025-07-23T08:18:17.999+0000] {logging_mixin.py:188} INFO - [2025-07-23T08:18:17.992+0000] {dag.py:3096} INFO - Sync 1 DAGs
[2025-07-23T08:18:18.148+0000] {logging_mixin.py:188} INFO - [2025-07-23T08:18:18.147+0000] {dag.py:3954} INFO - Setting next_dagrun for example_python_operator to None, run_after=None
[2025-07-23T08:18:18.191+0000] {processor.py:183} INFO - Processing /home/airflow/.local/lib/python3.12/site-packages/airflow/example_dags/example_python_operator.py took 0.441 seconds
[2025-07-23T08:18:48.271+0000] {processor.py:161} INFO - Started process (PID=615) to work on /home/airflow/.local/lib/python3.12/site-packages/airflow/example_dags/example_python_operator.py
[2025-07-23T08:18:48.287+0000] {processor.py:830} INFO - Processing file /home/airflow/.local/lib/python3.12/site-packages/airflow/example_dags/example_python_operator.py for tasks to queue
[2025-07-23T08:18:48.291+0000] {logging_mixin.py:188} INFO - [2025-07-23T08:18:48.290+0000] {dagbag.py:545} INFO - Filling up the DagBag from /home/airflow/.local/lib/python3.12/site-packages/airflow/example_dags/example_python_operator.py
[2025-07-23T08:18:48.323+0000] {processor.py:840} INFO - DAG(s) 'example_python_operator' retrieved from /home/airflow/.local/lib/python3.12/site-packages/airflow/example_dags/example_python_operator.py
[2025-07-23T08:18:48.398+0000] {logging_mixin.py:188} INFO - [2025-07-23T08:18:48.397+0000] {dag.py:3096} INFO - Sync 1 DAGs
[2025-07-23T08:18:48.441+0000] {logging_mixin.py:188} INFO - [2025-07-23T08:18:48.440+0000] {dag.py:3954} INFO - Setting next_dagrun for example_python_operator to None, run_after=None
[2025-07-23T08:18:48.632+0000] {processor.py:183} INFO - Processing /home/airflow/.local/lib/python3.12/site-packages/airflow/example_dags/example_python_operator.py took 0.372 seconds
[2025-07-23T08:19:25.197+0000] {processor.py:161} INFO - Started process (PID=679) to work on /home/airflow/.local/lib/python3.12/site-packages/airflow/example_dags/example_python_operator.py
[2025-07-23T08:19:25.211+0000] {processor.py:830} INFO - Processing file /home/airflow/.local/lib/python3.12/site-packages/airflow/example_dags/example_python_operator.py for tasks to queue
[2025-07-23T08:19:25.222+0000] {logging_mixin.py:188} INFO - [2025-07-23T08:19:25.221+0000] {dagbag.py:545} INFO - Filling up the DagBag from /home/airflow/.local/lib/python3.12/site-packages/airflow/example_dags/example_python_operator.py
[2025-07-23T08:19:25.269+0000] {processor.py:840} INFO - DAG(s) 'example_python_operator' retrieved from /home/airflow/.local/lib/python3.12/site-packages/airflow/example_dags/example_python_operator.py
[2025-07-23T08:19:25.408+0000] {logging_mixin.py:188} INFO - [2025-07-23T08:19:25.408+0000] {dag.py:3096} INFO - Sync 1 DAGs
[2025-07-23T08:19:25.490+0000] {logging_mixin.py:188} INFO - [2025-07-23T08:19:25.489+0000] {dag.py:3954} INFO - Setting next_dagrun for example_python_operator to None, run_after=None
[2025-07-23T08:19:25.619+0000] {processor.py:183} INFO - Processing /home/airflow/.local/lib/python3.12/site-packages/airflow/example_dags/example_python_operator.py took 0.465 seconds
[2025-07-23T08:19:56.261+0000] {processor.py:161} INFO - Started process (PID=736) to work on /home/airflow/.local/lib/python3.12/site-packages/airflow/example_dags/example_python_operator.py
[2025-07-23T08:19:56.270+0000] {processor.py:830} INFO - Processing file /home/airflow/.local/lib/python3.12/site-packages/airflow/example_dags/example_python_operator.py for tasks to queue
[2025-07-23T08:19:56.287+0000] {logging_mixin.py:188} INFO - [2025-07-23T08:19:56.287+0000] {dagbag.py:545} INFO - Filling up the DagBag from /home/airflow/.local/lib/python3.12/site-packages/airflow/example_dags/example_python_operator.py
[2025-07-23T08:19:56.371+0000] {processor.py:840} INFO - DAG(s) 'example_python_operator' retrieved from /home/airflow/.local/lib/python3.12/site-packages/airflow/example_dags/example_python_operator.py
[2025-07-23T08:19:56.464+0000] {logging_mixin.py:188} INFO - [2025-07-23T08:19:56.463+0000] {dag.py:3096} INFO - Sync 1 DAGs
[2025-07-23T08:19:56.596+0000] {logging_mixin.py:188} INFO - [2025-07-23T08:19:56.596+0000] {dag.py:3954} INFO - Setting next_dagrun for example_python_operator to None, run_after=None
[2025-07-23T08:19:56.696+0000] {processor.py:183} INFO - Processing /home/airflow/.local/lib/python3.12/site-packages/airflow/example_dags/example_python_operator.py took 0.462 seconds
[2025-07-23T08:20:27.429+0000] {processor.py:161} INFO - Started process (PID=794) to work on /home/airflow/.local/lib/python3.12/site-packages/airflow/example_dags/example_python_operator.py
[2025-07-23T08:20:27.443+0000] {processor.py:830} INFO - Processing file /home/airflow/.local/lib/python3.12/site-packages/airflow/example_dags/example_python_operator.py for tasks to queue
[2025-07-23T08:20:27.465+0000] {logging_mixin.py:188} INFO - [2025-07-23T08:20:27.464+0000] {dagbag.py:545} INFO - Filling up the DagBag from /home/airflow/.local/lib/python3.12/site-packages/airflow/example_dags/example_python_operator.py
[2025-07-23T08:20:27.529+0000] {processor.py:840} INFO - DAG(s) 'example_python_operator' retrieved from /home/airflow/.local/lib/python3.12/site-packages/airflow/example_dags/example_python_operator.py
[2025-07-23T08:20:28.007+0000] {logging_mixin.py:188} INFO - [2025-07-23T08:20:28.006+0000] {dag.py:3096} INFO - Sync 1 DAGs
[2025-07-23T08:20:28.034+0000] {logging_mixin.py:188} INFO - [2025-07-23T08:20:28.034+0000] {dag.py:3954} INFO - Setting next_dagrun for example_python_operator to None, run_after=None
[2025-07-23T08:20:28.125+0000] {processor.py:183} INFO - Processing /home/airflow/.local/lib/python3.12/site-packages/airflow/example_dags/example_python_operator.py took 0.782 seconds
[2025-07-23T08:21:03.642+0000] {processor.py:161} INFO - Started process (PID=852) to work on /home/airflow/.local/lib/python3.12/site-packages/airflow/example_dags/example_python_operator.py
[2025-07-23T08:21:03.654+0000] {processor.py:830} INFO - Processing file /home/airflow/.local/lib/python3.12/site-packages/airflow/example_dags/example_python_operator.py for tasks to queue
[2025-07-23T08:21:03.660+0000] {logging_mixin.py:188} INFO - [2025-07-23T08:21:03.659+0000] {dagbag.py:545} INFO - Filling up the DagBag from /home/airflow/.local/lib/python3.12/site-packages/airflow/example_dags/example_python_operator.py
[2025-07-23T08:21:03.818+0000] {processor.py:840} INFO - DAG(s) 'example_python_operator' retrieved from /home/airflow/.local/lib/python3.12/site-packages/airflow/example_dags/example_python_operator.py
[2025-07-23T08:21:03.950+0000] {logging_mixin.py:188} INFO - [2025-07-23T08:21:03.949+0000] {dag.py:3096} INFO - Sync 1 DAGs
[2025-07-23T08:21:04.282+0000] {logging_mixin.py:188} INFO - [2025-07-23T08:21:04.281+0000] {dag.py:3954} INFO - Setting next_dagrun for example_python_operator to None, run_after=None
[2025-07-23T08:21:04.599+0000] {processor.py:183} INFO - Processing /home/airflow/.local/lib/python3.12/site-packages/airflow/example_dags/example_python_operator.py took 1.009 seconds
[2025-07-23T08:21:40.392+0000] {processor.py:161} INFO - Started process (PID=912) to work on /home/airflow/.local/lib/python3.12/site-packages/airflow/example_dags/example_python_operator.py
[2025-07-23T08:21:40.426+0000] {processor.py:830} INFO - Processing file /home/airflow/.local/lib/python3.12/site-packages/airflow/example_dags/example_python_operator.py for tasks to queue
[2025-07-23T08:21:40.475+0000] {logging_mixin.py:188} INFO - [2025-07-23T08:21:40.429+0000] {dagbag.py:545} INFO - Filling up the DagBag from /home/airflow/.local/lib/python3.12/site-packages/airflow/example_dags/example_python_operator.py
[2025-07-23T08:21:40.566+0000] {processor.py:840} INFO - DAG(s) 'example_python_operator' retrieved from /home/airflow/.local/lib/python3.12/site-packages/airflow/example_dags/example_python_operator.py
[2025-07-23T08:21:40.780+0000] {logging_mixin.py:188} INFO - [2025-07-23T08:21:40.779+0000] {dag.py:3096} INFO - Sync 1 DAGs
[2025-07-23T08:21:40.898+0000] {logging_mixin.py:188} INFO - [2025-07-23T08:21:40.897+0000] {dag.py:3954} INFO - Setting next_dagrun for example_python_operator to None, run_after=None
[2025-07-23T08:21:41.087+0000] {processor.py:183} INFO - Processing /home/airflow/.local/lib/python3.12/site-packages/airflow/example_dags/example_python_operator.py took 0.772 seconds
[2025-07-23T08:22:12.645+0000] {processor.py:161} INFO - Started process (PID=970) to work on /home/airflow/.local/lib/python3.12/site-packages/airflow/example_dags/example_python_operator.py
[2025-07-23T08:22:12.647+0000] {processor.py:830} INFO - Processing file /home/airflow/.local/lib/python3.12/site-packages/airflow/example_dags/example_python_operator.py for tasks to queue
[2025-07-23T08:22:12.651+0000] {logging_mixin.py:188} INFO - [2025-07-23T08:22:12.650+0000] {dagbag.py:545} INFO - Filling up the DagBag from /home/airflow/.local/lib/python3.12/site-packages/airflow/example_dags/example_python_operator.py
[2025-07-23T08:22:12.730+0000] {processor.py:840} INFO - DAG(s) 'example_python_operator' retrieved from /home/airflow/.local/lib/python3.12/site-packages/airflow/example_dags/example_python_operator.py
[2025-07-23T08:22:12.896+0000] {logging_mixin.py:188} INFO - [2025-07-23T08:22:12.896+0000] {dag.py:3096} INFO - Sync 1 DAGs
[2025-07-23T08:22:12.998+0000] {logging_mixin.py:188} INFO - [2025-07-23T08:22:12.998+0000] {dag.py:3954} INFO - Setting next_dagrun for example_python_operator to None, run_after=None
[2025-07-23T08:22:13.219+0000] {processor.py:183} INFO - Processing /home/airflow/.local/lib/python3.12/site-packages/airflow/example_dags/example_python_operator.py took 0.624 seconds
[2025-07-23T08:22:45.580+0000] {processor.py:161} INFO - Started process (PID=1027) to work on /home/airflow/.local/lib/python3.12/site-packages/airflow/example_dags/example_python_operator.py
[2025-07-23T08:22:45.629+0000] {processor.py:830} INFO - Processing file /home/airflow/.local/lib/python3.12/site-packages/airflow/example_dags/example_python_operator.py for tasks to queue
[2025-07-23T08:22:45.635+0000] {logging_mixin.py:188} INFO - [2025-07-23T08:22:45.634+0000] {dagbag.py:545} INFO - Filling up the DagBag from /home/airflow/.local/lib/python3.12/site-packages/airflow/example_dags/example_python_operator.py
[2025-07-23T08:22:45.805+0000] {processor.py:840} INFO - DAG(s) 'example_python_operator' retrieved from /home/airflow/.local/lib/python3.12/site-packages/airflow/example_dags/example_python_operator.py
[2025-07-23T08:22:46.008+0000] {logging_mixin.py:188} INFO - [2025-07-23T08:22:46.007+0000] {dag.py:3096} INFO - Sync 1 DAGs
[2025-07-23T08:22:46.153+0000] {logging_mixin.py:188} INFO - [2025-07-23T08:22:46.152+0000] {dag.py:3954} INFO - Setting next_dagrun for example_python_operator to None, run_after=None
[2025-07-23T08:22:46.329+0000] {processor.py:183} INFO - Processing /home/airflow/.local/lib/python3.12/site-packages/airflow/example_dags/example_python_operator.py took 0.808 seconds
[2025-07-23T08:23:24.173+0000] {processor.py:161} INFO - Started process (PID=1084) to work on /home/airflow/.local/lib/python3.12/site-packages/airflow/example_dags/example_python_operator.py
[2025-07-23T08:23:24.188+0000] {processor.py:830} INFO - Processing file /home/airflow/.local/lib/python3.12/site-packages/airflow/example_dags/example_python_operator.py for tasks to queue
[2025-07-23T08:23:24.203+0000] {logging_mixin.py:188} INFO - [2025-07-23T08:23:24.202+0000] {dagbag.py:545} INFO - Filling up the DagBag from /home/airflow/.local/lib/python3.12/site-packages/airflow/example_dags/example_python_operator.py
[2025-07-23T08:23:24.333+0000] {processor.py:840} INFO - DAG(s) 'example_python_operator' retrieved from /home/airflow/.local/lib/python3.12/site-packages/airflow/example_dags/example_python_operator.py
[2025-07-23T08:23:24.560+0000] {logging_mixin.py:188} INFO - [2025-07-23T08:23:24.560+0000] {dag.py:3096} INFO - Sync 1 DAGs
[2025-07-23T08:23:24.706+0000] {logging_mixin.py:188} INFO - [2025-07-23T08:23:24.706+0000] {dag.py:3954} INFO - Setting next_dagrun for example_python_operator to None, run_after=None
[2025-07-23T08:23:24.888+0000] {processor.py:183} INFO - Processing /home/airflow/.local/lib/python3.12/site-packages/airflow/example_dags/example_python_operator.py took 0.749 seconds
[2025-07-23T08:23:59.356+0000] {processor.py:161} INFO - Started process (PID=1148) to work on /home/airflow/.local/lib/python3.12/site-packages/airflow/example_dags/example_python_operator.py
[2025-07-23T08:23:59.361+0000] {processor.py:830} INFO - Processing file /home/airflow/.local/lib/python3.12/site-packages/airflow/example_dags/example_python_operator.py for tasks to queue
[2025-07-23T08:23:59.394+0000] {logging_mixin.py:188} INFO - [2025-07-23T08:23:59.393+0000] {dagbag.py:545} INFO - Filling up the DagBag from /home/airflow/.local/lib/python3.12/site-packages/airflow/example_dags/example_python_operator.py
[2025-07-23T08:23:59.446+0000] {processor.py:840} INFO - DAG(s) 'example_python_operator' retrieved from /home/airflow/.local/lib/python3.12/site-packages/airflow/example_dags/example_python_operator.py
[2025-07-23T08:23:59.557+0000] {logging_mixin.py:188} INFO - [2025-07-23T08:23:59.555+0000] {dag.py:3096} INFO - Sync 1 DAGs
[2025-07-23T08:23:59.616+0000] {logging_mixin.py:188} INFO - [2025-07-23T08:23:59.616+0000] {dag.py:3954} INFO - Setting next_dagrun for example_python_operator to None, run_after=None
[2025-07-23T08:23:59.733+0000] {processor.py:183} INFO - Processing /home/airflow/.local/lib/python3.12/site-packages/airflow/example_dags/example_python_operator.py took 0.459 seconds
[2025-07-23T08:24:30.192+0000] {processor.py:161} INFO - Started process (PID=1205) to work on /home/airflow/.local/lib/python3.12/site-packages/airflow/example_dags/example_python_operator.py
[2025-07-23T08:24:30.199+0000] {processor.py:830} INFO - Processing file /home/airflow/.local/lib/python3.12/site-packages/airflow/example_dags/example_python_operator.py for tasks to queue
[2025-07-23T08:24:30.224+0000] {logging_mixin.py:188} INFO - [2025-07-23T08:24:30.223+0000] {dagbag.py:545} INFO - Filling up the DagBag from /home/airflow/.local/lib/python3.12/site-packages/airflow/example_dags/example_python_operator.py
[2025-07-23T08:24:30.317+0000] {processor.py:840} INFO - DAG(s) 'example_python_operator' retrieved from /home/airflow/.local/lib/python3.12/site-packages/airflow/example_dags/example_python_operator.py
[2025-07-23T08:24:30.499+0000] {logging_mixin.py:188} INFO - [2025-07-23T08:24:30.499+0000] {dag.py:3096} INFO - Sync 1 DAGs
[2025-07-23T08:24:30.628+0000] {logging_mixin.py:188} INFO - [2025-07-23T08:24:30.627+0000] {dag.py:3954} INFO - Setting next_dagrun for example_python_operator to None, run_after=None
[2025-07-23T08:24:30.780+0000] {processor.py:183} INFO - Processing /home/airflow/.local/lib/python3.12/site-packages/airflow/example_dags/example_python_operator.py took 0.604 seconds
[2025-07-23T08:25:01.643+0000] {processor.py:161} INFO - Started process (PID=1263) to work on /home/airflow/.local/lib/python3.12/site-packages/airflow/example_dags/example_python_operator.py
[2025-07-23T08:25:01.645+0000] {processor.py:830} INFO - Processing file /home/airflow/.local/lib/python3.12/site-packages/airflow/example_dags/example_python_operator.py for tasks to queue
[2025-07-23T08:25:01.650+0000] {logging_mixin.py:188} INFO - [2025-07-23T08:25:01.648+0000] {dagbag.py:545} INFO - Filling up the DagBag from /home/airflow/.local/lib/python3.12/site-packages/airflow/example_dags/example_python_operator.py
[2025-07-23T08:25:01.705+0000] {processor.py:840} INFO - DAG(s) 'example_python_operator' retrieved from /home/airflow/.local/lib/python3.12/site-packages/airflow/example_dags/example_python_operator.py
[2025-07-23T08:25:01.802+0000] {logging_mixin.py:188} INFO - [2025-07-23T08:25:01.801+0000] {dag.py:3096} INFO - Sync 1 DAGs
[2025-07-23T08:25:01.856+0000] {logging_mixin.py:188} INFO - [2025-07-23T08:25:01.855+0000] {dag.py:3954} INFO - Setting next_dagrun for example_python_operator to None, run_after=None
[2025-07-23T08:25:01.936+0000] {processor.py:183} INFO - Processing /home/airflow/.local/lib/python3.12/site-packages/airflow/example_dags/example_python_operator.py took 0.362 seconds
[2025-07-23T08:25:32.843+0000] {processor.py:161} INFO - Started process (PID=1321) to work on /home/airflow/.local/lib/python3.12/site-packages/airflow/example_dags/example_python_operator.py
[2025-07-23T08:25:32.855+0000] {processor.py:830} INFO - Processing file /home/airflow/.local/lib/python3.12/site-packages/airflow/example_dags/example_python_operator.py for tasks to queue
[2025-07-23T08:25:32.865+0000] {logging_mixin.py:188} INFO - [2025-07-23T08:25:32.864+0000] {dagbag.py:545} INFO - Filling up the DagBag from /home/airflow/.local/lib/python3.12/site-packages/airflow/example_dags/example_python_operator.py
[2025-07-23T08:25:32.905+0000] {processor.py:840} INFO - DAG(s) 'example_python_operator' retrieved from /home/airflow/.local/lib/python3.12/site-packages/airflow/example_dags/example_python_operator.py
[2025-07-23T08:25:33.125+0000] {logging_mixin.py:188} INFO - [2025-07-23T08:25:33.124+0000] {dag.py:3096} INFO - Sync 1 DAGs
[2025-07-23T08:25:33.186+0000] {logging_mixin.py:188} INFO - [2025-07-23T08:25:33.186+0000] {dag.py:3954} INFO - Setting next_dagrun for example_python_operator to None, run_after=None
[2025-07-23T08:25:33.325+0000] {processor.py:183} INFO - Processing /home/airflow/.local/lib/python3.12/site-packages/airflow/example_dags/example_python_operator.py took 0.496 seconds
[2025-07-23T08:26:04.114+0000] {processor.py:161} INFO - Started process (PID=1378) to work on /home/airflow/.local/lib/python3.12/site-packages/airflow/example_dags/example_python_operator.py
[2025-07-23T08:26:04.116+0000] {processor.py:830} INFO - Processing file /home/airflow/.local/lib/python3.12/site-packages/airflow/example_dags/example_python_operator.py for tasks to queue
[2025-07-23T08:26:04.128+0000] {logging_mixin.py:188} INFO - [2025-07-23T08:26:04.127+0000] {dagbag.py:545} INFO - Filling up the DagBag from /home/airflow/.local/lib/python3.12/site-packages/airflow/example_dags/example_python_operator.py
[2025-07-23T08:26:04.155+0000] {processor.py:840} INFO - DAG(s) 'example_python_operator' retrieved from /home/airflow/.local/lib/python3.12/site-packages/airflow/example_dags/example_python_operator.py
[2025-07-23T08:26:04.234+0000] {logging_mixin.py:188} INFO - [2025-07-23T08:26:04.233+0000] {dag.py:3096} INFO - Sync 1 DAGs
[2025-07-23T08:26:04.265+0000] {logging_mixin.py:188} INFO - [2025-07-23T08:26:04.264+0000] {dag.py:3954} INFO - Setting next_dagrun for example_python_operator to None, run_after=None
[2025-07-23T08:26:04.311+0000] {processor.py:183} INFO - Processing /home/airflow/.local/lib/python3.12/site-packages/airflow/example_dags/example_python_operator.py took 0.219 seconds
[2025-07-23T08:26:36.350+0000] {processor.py:161} INFO - Started process (PID=1438) to work on /home/airflow/.local/lib/python3.12/site-packages/airflow/example_dags/example_python_operator.py
[2025-07-23T08:26:36.353+0000] {processor.py:830} INFO - Processing file /home/airflow/.local/lib/python3.12/site-packages/airflow/example_dags/example_python_operator.py for tasks to queue
[2025-07-23T08:26:36.357+0000] {logging_mixin.py:188} INFO - [2025-07-23T08:26:36.356+0000] {dagbag.py:545} INFO - Filling up the DagBag from /home/airflow/.local/lib/python3.12/site-packages/airflow/example_dags/example_python_operator.py
[2025-07-23T08:26:36.395+0000] {processor.py:840} INFO - DAG(s) 'example_python_operator' retrieved from /home/airflow/.local/lib/python3.12/site-packages/airflow/example_dags/example_python_operator.py
[2025-07-23T08:26:36.456+0000] {logging_mixin.py:188} INFO - [2025-07-23T08:26:36.455+0000] {dag.py:3096} INFO - Sync 1 DAGs
[2025-07-23T08:26:36.487+0000] {logging_mixin.py:188} INFO - [2025-07-23T08:26:36.487+0000] {dag.py:3954} INFO - Setting next_dagrun for example_python_operator to None, run_after=None
[2025-07-23T08:26:36.561+0000] {processor.py:183} INFO - Processing /home/airflow/.local/lib/python3.12/site-packages/airflow/example_dags/example_python_operator.py took 0.226 seconds
[2025-07-23T08:27:07.512+0000] {processor.py:161} INFO - Started process (PID=1494) to work on /home/airflow/.local/lib/python3.12/site-packages/airflow/example_dags/example_python_operator.py
[2025-07-23T08:27:07.550+0000] {processor.py:830} INFO - Processing file /home/airflow/.local/lib/python3.12/site-packages/airflow/example_dags/example_python_operator.py for tasks to queue
[2025-07-23T08:27:07.567+0000] {logging_mixin.py:188} INFO - [2025-07-23T08:27:07.566+0000] {dagbag.py:545} INFO - Filling up the DagBag from /home/airflow/.local/lib/python3.12/site-packages/airflow/example_dags/example_python_operator.py
[2025-07-23T08:27:07.629+0000] {processor.py:840} INFO - DAG(s) 'example_python_operator' retrieved from /home/airflow/.local/lib/python3.12/site-packages/airflow/example_dags/example_python_operator.py
[2025-07-23T08:27:07.808+0000] {logging_mixin.py:188} INFO - [2025-07-23T08:27:07.807+0000] {dag.py:3096} INFO - Sync 1 DAGs
[2025-07-23T08:27:08.037+0000] {logging_mixin.py:188} INFO - [2025-07-23T08:27:08.037+0000] {dag.py:3954} INFO - Setting next_dagrun for example_python_operator to None, run_after=None
[2025-07-23T08:27:08.206+0000] {processor.py:183} INFO - Processing /home/airflow/.local/lib/python3.12/site-packages/airflow/example_dags/example_python_operator.py took 0.775 seconds
[2025-07-23T08:27:50.422+0000] {processor.py:161} INFO - Started process (PID=1553) to work on /home/airflow/.local/lib/python3.12/site-packages/airflow/example_dags/example_python_operator.py
[2025-07-23T08:27:50.425+0000] {processor.py:830} INFO - Processing file /home/airflow/.local/lib/python3.12/site-packages/airflow/example_dags/example_python_operator.py for tasks to queue
[2025-07-23T08:27:50.444+0000] {logging_mixin.py:188} INFO - [2025-07-23T08:27:50.443+0000] {dagbag.py:545} INFO - Filling up the DagBag from /home/airflow/.local/lib/python3.12/site-packages/airflow/example_dags/example_python_operator.py
[2025-07-23T08:27:50.553+0000] {processor.py:840} INFO - DAG(s) 'example_python_operator' retrieved from /home/airflow/.local/lib/python3.12/site-packages/airflow/example_dags/example_python_operator.py
[2025-07-23T08:27:50.707+0000] {logging_mixin.py:188} INFO - [2025-07-23T08:27:50.706+0000] {dag.py:3096} INFO - Sync 1 DAGs
[2025-07-23T08:27:50.769+0000] {logging_mixin.py:188} INFO - [2025-07-23T08:27:50.769+0000] {dag.py:3954} INFO - Setting next_dagrun for example_python_operator to None, run_after=None
[2025-07-23T08:27:50.930+0000] {processor.py:183} INFO - Processing /home/airflow/.local/lib/python3.12/site-packages/airflow/example_dags/example_python_operator.py took 0.594 seconds
[2025-07-23T08:28:22.197+0000] {processor.py:161} INFO - Started process (PID=1611) to work on /home/airflow/.local/lib/python3.12/site-packages/airflow/example_dags/example_python_operator.py
[2025-07-23T08:28:22.200+0000] {processor.py:830} INFO - Processing file /home/airflow/.local/lib/python3.12/site-packages/airflow/example_dags/example_python_operator.py for tasks to queue
[2025-07-23T08:28:22.213+0000] {logging_mixin.py:188} INFO - [2025-07-23T08:28:22.212+0000] {dagbag.py:545} INFO - Filling up the DagBag from /home/airflow/.local/lib/python3.12/site-packages/airflow/example_dags/example_python_operator.py
[2025-07-23T08:28:22.372+0000] {processor.py:840} INFO - DAG(s) 'example_python_operator' retrieved from /home/airflow/.local/lib/python3.12/site-packages/airflow/example_dags/example_python_operator.py
[2025-07-23T08:28:22.534+0000] {logging_mixin.py:188} INFO - [2025-07-23T08:28:22.533+0000] {dag.py:3096} INFO - Sync 1 DAGs
[2025-07-23T08:28:22.630+0000] {logging_mixin.py:188} INFO - [2025-07-23T08:28:22.630+0000] {dag.py:3954} INFO - Setting next_dagrun for example_python_operator to None, run_after=None
[2025-07-23T08:28:22.746+0000] {processor.py:183} INFO - Processing /home/airflow/.local/lib/python3.12/site-packages/airflow/example_dags/example_python_operator.py took 0.604 seconds
[2025-07-23T08:28:55.365+0000] {processor.py:161} INFO - Started process (PID=1670) to work on /home/airflow/.local/lib/python3.12/site-packages/airflow/example_dags/example_python_operator.py
[2025-07-23T08:28:55.381+0000] {processor.py:830} INFO - Processing file /home/airflow/.local/lib/python3.12/site-packages/airflow/example_dags/example_python_operator.py for tasks to queue
[2025-07-23T08:28:55.388+0000] {logging_mixin.py:188} INFO - [2025-07-23T08:28:55.387+0000] {dagbag.py:545} INFO - Filling up the DagBag from /home/airflow/.local/lib/python3.12/site-packages/airflow/example_dags/example_python_operator.py
[2025-07-23T08:28:55.477+0000] {processor.py:840} INFO - DAG(s) 'example_python_operator' retrieved from /home/airflow/.local/lib/python3.12/site-packages/airflow/example_dags/example_python_operator.py
[2025-07-23T08:28:55.909+0000] {logging_mixin.py:188} INFO - [2025-07-23T08:28:55.903+0000] {dag.py:3096} INFO - Sync 1 DAGs
[2025-07-23T08:28:56.001+0000] {logging_mixin.py:188} INFO - [2025-07-23T08:28:55.990+0000] {dag.py:3954} INFO - Setting next_dagrun for example_python_operator to None, run_after=None
[2025-07-23T08:28:56.287+0000] {processor.py:183} INFO - Processing /home/airflow/.local/lib/python3.12/site-packages/airflow/example_dags/example_python_operator.py took 0.958 seconds
[2025-07-23T08:29:26.772+0000] {processor.py:161} INFO - Started process (PID=1728) to work on /home/airflow/.local/lib/python3.12/site-packages/airflow/example_dags/example_python_operator.py
[2025-07-23T08:29:26.800+0000] {processor.py:830} INFO - Processing file /home/airflow/.local/lib/python3.12/site-packages/airflow/example_dags/example_python_operator.py for tasks to queue
[2025-07-23T08:29:26.811+0000] {logging_mixin.py:188} INFO - [2025-07-23T08:29:26.811+0000] {dagbag.py:545} INFO - Filling up the DagBag from /home/airflow/.local/lib/python3.12/site-packages/airflow/example_dags/example_python_operator.py
[2025-07-23T08:29:26.888+0000] {processor.py:840} INFO - DAG(s) 'example_python_operator' retrieved from /home/airflow/.local/lib/python3.12/site-packages/airflow/example_dags/example_python_operator.py
[2025-07-23T08:29:27.047+0000] {logging_mixin.py:188} INFO - [2025-07-23T08:29:27.046+0000] {dag.py:3096} INFO - Sync 1 DAGs
[2025-07-23T08:29:27.163+0000] {logging_mixin.py:188} INFO - [2025-07-23T08:29:27.162+0000] {dag.py:3954} INFO - Setting next_dagrun for example_python_operator to None, run_after=None
[2025-07-23T08:29:27.312+0000] {processor.py:183} INFO - Processing /home/airflow/.local/lib/python3.12/site-packages/airflow/example_dags/example_python_operator.py took 0.593 seconds
[2025-07-23T08:29:57.508+0000] {processor.py:161} INFO - Started process (PID=1785) to work on /home/airflow/.local/lib/python3.12/site-packages/airflow/example_dags/example_python_operator.py
[2025-07-23T08:29:57.511+0000] {processor.py:830} INFO - Processing file /home/airflow/.local/lib/python3.12/site-packages/airflow/example_dags/example_python_operator.py for tasks to queue
[2025-07-23T08:29:57.524+0000] {logging_mixin.py:188} INFO - [2025-07-23T08:29:57.523+0000] {dagbag.py:545} INFO - Filling up the DagBag from /home/airflow/.local/lib/python3.12/site-packages/airflow/example_dags/example_python_operator.py
[2025-07-23T08:29:57.593+0000] {processor.py:840} INFO - DAG(s) 'example_python_operator' retrieved from /home/airflow/.local/lib/python3.12/site-packages/airflow/example_dags/example_python_operator.py
[2025-07-23T08:29:57.718+0000] {logging_mixin.py:188} INFO - [2025-07-23T08:29:57.717+0000] {dag.py:3096} INFO - Sync 1 DAGs
[2025-07-23T08:29:57.764+0000] {logging_mixin.py:188} INFO - [2025-07-23T08:29:57.764+0000] {dag.py:3954} INFO - Setting next_dagrun for example_python_operator to None, run_after=None
[2025-07-23T08:29:57.859+0000] {processor.py:183} INFO - Processing /home/airflow/.local/lib/python3.12/site-packages/airflow/example_dags/example_python_operator.py took 0.375 seconds
[2025-07-23T08:30:29.216+0000] {processor.py:161} INFO - Started process (PID=1845) to work on /home/airflow/.local/lib/python3.12/site-packages/airflow/example_dags/example_python_operator.py
[2025-07-23T08:30:29.222+0000] {processor.py:830} INFO - Processing file /home/airflow/.local/lib/python3.12/site-packages/airflow/example_dags/example_python_operator.py for tasks to queue
[2025-07-23T08:30:29.242+0000] {logging_mixin.py:188} INFO - [2025-07-23T08:30:29.242+0000] {dagbag.py:545} INFO - Filling up the DagBag from /home/airflow/.local/lib/python3.12/site-packages/airflow/example_dags/example_python_operator.py
[2025-07-23T08:30:29.294+0000] {processor.py:840} INFO - DAG(s) 'example_python_operator' retrieved from /home/airflow/.local/lib/python3.12/site-packages/airflow/example_dags/example_python_operator.py
[2025-07-23T08:30:29.422+0000] {logging_mixin.py:188} INFO - [2025-07-23T08:30:29.422+0000] {dag.py:3096} INFO - Sync 1 DAGs
[2025-07-23T08:30:29.470+0000] {logging_mixin.py:188} INFO - [2025-07-23T08:30:29.470+0000] {dag.py:3954} INFO - Setting next_dagrun for example_python_operator to None, run_after=None
[2025-07-23T08:30:30.105+0000] {processor.py:183} INFO - Processing /home/airflow/.local/lib/python3.12/site-packages/airflow/example_dags/example_python_operator.py took 0.904 seconds
[2025-07-23T08:31:00.281+0000] {processor.py:161} INFO - Started process (PID=1903) to work on /home/airflow/.local/lib/python3.12/site-packages/airflow/example_dags/example_python_operator.py
[2025-07-23T08:31:00.286+0000] {processor.py:830} INFO - Processing file /home/airflow/.local/lib/python3.12/site-packages/airflow/example_dags/example_python_operator.py for tasks to queue
[2025-07-23T08:31:00.291+0000] {logging_mixin.py:188} INFO - [2025-07-23T08:31:00.290+0000] {dagbag.py:545} INFO - Filling up the DagBag from /home/airflow/.local/lib/python3.12/site-packages/airflow/example_dags/example_python_operator.py
[2025-07-23T08:31:00.313+0000] {processor.py:840} INFO - DAG(s) 'example_python_operator' retrieved from /home/airflow/.local/lib/python3.12/site-packages/airflow/example_dags/example_python_operator.py
[2025-07-23T08:31:00.392+0000] {logging_mixin.py:188} INFO - [2025-07-23T08:31:00.392+0000] {dag.py:3096} INFO - Sync 1 DAGs
[2025-07-23T08:31:00.424+0000] {logging_mixin.py:188} INFO - [2025-07-23T08:31:00.424+0000] {dag.py:3954} INFO - Setting next_dagrun for example_python_operator to None, run_after=None
[2025-07-23T08:31:00.552+0000] {processor.py:183} INFO - Processing /home/airflow/.local/lib/python3.12/site-packages/airflow/example_dags/example_python_operator.py took 0.286 seconds
[2025-07-23T08:31:31.226+0000] {processor.py:161} INFO - Started process (PID=1962) to work on /home/airflow/.local/lib/python3.12/site-packages/airflow/example_dags/example_python_operator.py
[2025-07-23T08:31:31.228+0000] {processor.py:830} INFO - Processing file /home/airflow/.local/lib/python3.12/site-packages/airflow/example_dags/example_python_operator.py for tasks to queue
[2025-07-23T08:31:31.232+0000] {logging_mixin.py:188} INFO - [2025-07-23T08:31:31.232+0000] {dagbag.py:545} INFO - Filling up the DagBag from /home/airflow/.local/lib/python3.12/site-packages/airflow/example_dags/example_python_operator.py
[2025-07-23T08:31:31.261+0000] {processor.py:840} INFO - DAG(s) 'example_python_operator' retrieved from /home/airflow/.local/lib/python3.12/site-packages/airflow/example_dags/example_python_operator.py
[2025-07-23T08:31:31.375+0000] {logging_mixin.py:188} INFO - [2025-07-23T08:31:31.374+0000] {dag.py:3096} INFO - Sync 1 DAGs
[2025-07-23T08:31:31.482+0000] {logging_mixin.py:188} INFO - [2025-07-23T08:31:31.482+0000] {dag.py:3954} INFO - Setting next_dagrun for example_python_operator to None, run_after=None
[2025-07-23T08:31:31.731+0000] {processor.py:183} INFO - Processing /home/airflow/.local/lib/python3.12/site-packages/airflow/example_dags/example_python_operator.py took 0.516 seconds
[2025-07-23T08:32:03.928+0000] {processor.py:161} INFO - Started process (PID=2020) to work on /home/airflow/.local/lib/python3.12/site-packages/airflow/example_dags/example_python_operator.py
[2025-07-23T08:32:03.940+0000] {processor.py:830} INFO - Processing file /home/airflow/.local/lib/python3.12/site-packages/airflow/example_dags/example_python_operator.py for tasks to queue
[2025-07-23T08:32:03.981+0000] {logging_mixin.py:188} INFO - [2025-07-23T08:32:03.968+0000] {dagbag.py:545} INFO - Filling up the DagBag from /home/airflow/.local/lib/python3.12/site-packages/airflow/example_dags/example_python_operator.py
[2025-07-23T08:32:04.068+0000] {processor.py:840} INFO - DAG(s) 'example_python_operator' retrieved from /home/airflow/.local/lib/python3.12/site-packages/airflow/example_dags/example_python_operator.py
[2025-07-23T08:32:04.169+0000] {logging_mixin.py:188} INFO - [2025-07-23T08:32:04.169+0000] {dag.py:3096} INFO - Sync 1 DAGs
[2025-07-23T08:32:04.211+0000] {logging_mixin.py:188} INFO - [2025-07-23T08:32:04.210+0000] {dag.py:3954} INFO - Setting next_dagrun for example_python_operator to None, run_after=None
[2025-07-23T08:32:04.265+0000] {processor.py:183} INFO - Processing /home/airflow/.local/lib/python3.12/site-packages/airflow/example_dags/example_python_operator.py took 0.425 seconds
[2025-07-23T08:35:09.186+0000] {processor.py:161} INFO - Started process (PID=99) to work on /home/airflow/.local/lib/python3.12/site-packages/airflow/example_dags/example_python_operator.py
[2025-07-23T08:35:09.203+0000] {processor.py:830} INFO - Processing file /home/airflow/.local/lib/python3.12/site-packages/airflow/example_dags/example_python_operator.py for tasks to queue
[2025-07-23T08:35:09.211+0000] {logging_mixin.py:188} INFO - [2025-07-23T08:35:09.208+0000] {dagbag.py:545} INFO - Filling up the DagBag from /home/airflow/.local/lib/python3.12/site-packages/airflow/example_dags/example_python_operator.py
[2025-07-23T08:35:09.246+0000] {processor.py:840} INFO - DAG(s) 'example_python_operator' retrieved from /home/airflow/.local/lib/python3.12/site-packages/airflow/example_dags/example_python_operator.py
[2025-07-23T08:35:09.516+0000] {logging_mixin.py:188} INFO - [2025-07-23T08:35:09.516+0000] {dag.py:3096} INFO - Sync 1 DAGs
[2025-07-23T08:35:09.541+0000] {logging_mixin.py:188} INFO - [2025-07-23T08:35:09.540+0000] {dag.py:3954} INFO - Setting next_dagrun for example_python_operator to None, run_after=None
[2025-07-23T08:35:09.643+0000] {processor.py:183} INFO - Processing /home/airflow/.local/lib/python3.12/site-packages/airflow/example_dags/example_python_operator.py took 0.469 seconds
[2025-07-23T08:35:45.017+0000] {processor.py:161} INFO - Started process (PID=163) to work on /home/airflow/.local/lib/python3.12/site-packages/airflow/example_dags/example_python_operator.py
[2025-07-23T08:35:45.029+0000] {processor.py:830} INFO - Processing file /home/airflow/.local/lib/python3.12/site-packages/airflow/example_dags/example_python_operator.py for tasks to queue
[2025-07-23T08:35:45.038+0000] {logging_mixin.py:188} INFO - [2025-07-23T08:35:45.038+0000] {dagbag.py:545} INFO - Filling up the DagBag from /home/airflow/.local/lib/python3.12/site-packages/airflow/example_dags/example_python_operator.py
[2025-07-23T08:35:45.127+0000] {processor.py:840} INFO - DAG(s) 'example_python_operator' retrieved from /home/airflow/.local/lib/python3.12/site-packages/airflow/example_dags/example_python_operator.py
[2025-07-23T08:35:45.354+0000] {logging_mixin.py:188} INFO - [2025-07-23T08:35:45.343+0000] {dag.py:3096} INFO - Sync 1 DAGs
[2025-07-23T08:35:45.504+0000] {logging_mixin.py:188} INFO - [2025-07-23T08:35:45.504+0000] {dag.py:3954} INFO - Setting next_dagrun for example_python_operator to None, run_after=None
[2025-07-23T08:35:45.665+0000] {processor.py:183} INFO - Processing /home/airflow/.local/lib/python3.12/site-packages/airflow/example_dags/example_python_operator.py took 0.672 seconds
[2025-07-23T08:36:16.028+0000] {processor.py:161} INFO - Started process (PID=221) to work on /home/airflow/.local/lib/python3.12/site-packages/airflow/example_dags/example_python_operator.py
[2025-07-23T08:36:16.030+0000] {processor.py:830} INFO - Processing file /home/airflow/.local/lib/python3.12/site-packages/airflow/example_dags/example_python_operator.py for tasks to queue
[2025-07-23T08:36:16.039+0000] {logging_mixin.py:188} INFO - [2025-07-23T08:36:16.039+0000] {dagbag.py:545} INFO - Filling up the DagBag from /home/airflow/.local/lib/python3.12/site-packages/airflow/example_dags/example_python_operator.py
[2025-07-23T08:36:16.081+0000] {processor.py:840} INFO - DAG(s) 'example_python_operator' retrieved from /home/airflow/.local/lib/python3.12/site-packages/airflow/example_dags/example_python_operator.py
[2025-07-23T08:36:16.244+0000] {logging_mixin.py:188} INFO - [2025-07-23T08:36:16.244+0000] {dag.py:3096} INFO - Sync 1 DAGs
[2025-07-23T08:36:16.283+0000] {logging_mixin.py:188} INFO - [2025-07-23T08:36:16.282+0000] {dag.py:3954} INFO - Setting next_dagrun for example_python_operator to None, run_after=None
[2025-07-23T08:36:16.337+0000] {processor.py:183} INFO - Processing /home/airflow/.local/lib/python3.12/site-packages/airflow/example_dags/example_python_operator.py took 0.330 seconds
[2025-07-23T08:36:47.881+0000] {processor.py:161} INFO - Started process (PID=280) to work on /home/airflow/.local/lib/python3.12/site-packages/airflow/example_dags/example_python_operator.py
[2025-07-23T08:36:47.905+0000] {processor.py:830} INFO - Processing file /home/airflow/.local/lib/python3.12/site-packages/airflow/example_dags/example_python_operator.py for tasks to queue
[2025-07-23T08:36:47.934+0000] {logging_mixin.py:188} INFO - [2025-07-23T08:36:47.933+0000] {dagbag.py:545} INFO - Filling up the DagBag from /home/airflow/.local/lib/python3.12/site-packages/airflow/example_dags/example_python_operator.py
[2025-07-23T08:36:48.040+0000] {processor.py:840} INFO - DAG(s) 'example_python_operator' retrieved from /home/airflow/.local/lib/python3.12/site-packages/airflow/example_dags/example_python_operator.py
[2025-07-23T08:36:48.180+0000] {logging_mixin.py:188} INFO - [2025-07-23T08:36:48.179+0000] {dag.py:3096} INFO - Sync 1 DAGs
[2025-07-23T08:36:48.244+0000] {logging_mixin.py:188} INFO - [2025-07-23T08:36:48.243+0000] {dag.py:3954} INFO - Setting next_dagrun for example_python_operator to None, run_after=None
[2025-07-23T08:36:48.363+0000] {processor.py:183} INFO - Processing /home/airflow/.local/lib/python3.12/site-packages/airflow/example_dags/example_python_operator.py took 0.533 seconds
[2025-07-23T08:37:18.724+0000] {processor.py:161} INFO - Started process (PID=339) to work on /home/airflow/.local/lib/python3.12/site-packages/airflow/example_dags/example_python_operator.py
[2025-07-23T08:37:18.732+0000] {processor.py:830} INFO - Processing file /home/airflow/.local/lib/python3.12/site-packages/airflow/example_dags/example_python_operator.py for tasks to queue
[2025-07-23T08:37:18.736+0000] {logging_mixin.py:188} INFO - [2025-07-23T08:37:18.736+0000] {dagbag.py:545} INFO - Filling up the DagBag from /home/airflow/.local/lib/python3.12/site-packages/airflow/example_dags/example_python_operator.py
[2025-07-23T08:37:18.778+0000] {processor.py:840} INFO - DAG(s) 'example_python_operator' retrieved from /home/airflow/.local/lib/python3.12/site-packages/airflow/example_dags/example_python_operator.py
[2025-07-23T08:37:18.875+0000] {logging_mixin.py:188} INFO - [2025-07-23T08:37:18.872+0000] {dag.py:3096} INFO - Sync 1 DAGs
[2025-07-23T08:37:18.914+0000] {logging_mixin.py:188} INFO - [2025-07-23T08:37:18.914+0000] {dag.py:3954} INFO - Setting next_dagrun for example_python_operator to None, run_after=None
[2025-07-23T08:37:18.989+0000] {processor.py:183} INFO - Processing /home/airflow/.local/lib/python3.12/site-packages/airflow/example_dags/example_python_operator.py took 0.279 seconds
[2025-07-23T08:37:51.414+0000] {processor.py:161} INFO - Started process (PID=396) to work on /home/airflow/.local/lib/python3.12/site-packages/airflow/example_dags/example_python_operator.py
[2025-07-23T08:37:51.429+0000] {processor.py:830} INFO - Processing file /home/airflow/.local/lib/python3.12/site-packages/airflow/example_dags/example_python_operator.py for tasks to queue
[2025-07-23T08:37:51.461+0000] {logging_mixin.py:188} INFO - [2025-07-23T08:37:51.461+0000] {dagbag.py:545} INFO - Filling up the DagBag from /home/airflow/.local/lib/python3.12/site-packages/airflow/example_dags/example_python_operator.py
[2025-07-23T08:37:51.530+0000] {processor.py:840} INFO - DAG(s) 'example_python_operator' retrieved from /home/airflow/.local/lib/python3.12/site-packages/airflow/example_dags/example_python_operator.py
[2025-07-23T08:37:51.661+0000] {logging_mixin.py:188} INFO - [2025-07-23T08:37:51.661+0000] {dag.py:3096} INFO - Sync 1 DAGs
[2025-07-23T08:37:51.762+0000] {logging_mixin.py:188} INFO - [2025-07-23T08:37:51.762+0000] {dag.py:3954} INFO - Setting next_dagrun for example_python_operator to None, run_after=None
[2025-07-23T08:37:52.082+0000] {processor.py:183} INFO - Processing /home/airflow/.local/lib/python3.12/site-packages/airflow/example_dags/example_python_operator.py took 0.709 seconds
[2025-07-23T08:38:47.168+0000] {processor.py:161} INFO - Started process (PID=460) to work on /home/airflow/.local/lib/python3.12/site-packages/airflow/example_dags/example_python_operator.py
[2025-07-23T08:38:47.194+0000] {processor.py:830} INFO - Processing file /home/airflow/.local/lib/python3.12/site-packages/airflow/example_dags/example_python_operator.py for tasks to queue
[2025-07-23T08:38:47.241+0000] {logging_mixin.py:188} INFO - [2025-07-23T08:38:47.213+0000] {dagbag.py:545} INFO - Filling up the DagBag from /home/airflow/.local/lib/python3.12/site-packages/airflow/example_dags/example_python_operator.py
[2025-07-23T08:38:47.387+0000] {processor.py:840} INFO - DAG(s) 'example_python_operator' retrieved from /home/airflow/.local/lib/python3.12/site-packages/airflow/example_dags/example_python_operator.py
[2025-07-23T08:38:47.793+0000] {logging_mixin.py:188} INFO - [2025-07-23T08:38:47.792+0000] {dag.py:3096} INFO - Sync 1 DAGs
[2025-07-23T08:38:47.970+0000] {logging_mixin.py:188} INFO - [2025-07-23T08:38:47.970+0000] {dag.py:3954} INFO - Setting next_dagrun for example_python_operator to None, run_after=None
[2025-07-23T08:38:48.173+0000] {processor.py:183} INFO - Processing /home/airflow/.local/lib/python3.12/site-packages/airflow/example_dags/example_python_operator.py took 1.069 seconds
[2025-07-23T08:39:55.396+0000] {processor.py:161} INFO - Started process (PID=523) to work on /home/airflow/.local/lib/python3.12/site-packages/airflow/example_dags/example_python_operator.py
[2025-07-23T08:39:55.410+0000] {processor.py:830} INFO - Processing file /home/airflow/.local/lib/python3.12/site-packages/airflow/example_dags/example_python_operator.py for tasks to queue
[2025-07-23T08:39:55.426+0000] {logging_mixin.py:188} INFO - [2025-07-23T08:39:55.425+0000] {dagbag.py:545} INFO - Filling up the DagBag from /home/airflow/.local/lib/python3.12/site-packages/airflow/example_dags/example_python_operator.py
[2025-07-23T08:39:55.580+0000] {processor.py:840} INFO - DAG(s) 'example_python_operator' retrieved from /home/airflow/.local/lib/python3.12/site-packages/airflow/example_dags/example_python_operator.py
[2025-07-23T08:39:55.842+0000] {logging_mixin.py:188} INFO - [2025-07-23T08:39:55.816+0000] {dag.py:3096} INFO - Sync 1 DAGs
[2025-07-23T08:39:55.985+0000] {logging_mixin.py:188} INFO - [2025-07-23T08:39:55.984+0000] {dag.py:3954} INFO - Setting next_dagrun for example_python_operator to None, run_after=None
[2025-07-23T08:39:56.277+0000] {processor.py:183} INFO - Processing /home/airflow/.local/lib/python3.12/site-packages/airflow/example_dags/example_python_operator.py took 0.990 seconds
[2025-07-23T08:40:36.496+0000] {processor.py:161} INFO - Started process (PID=581) to work on /home/airflow/.local/lib/python3.12/site-packages/airflow/example_dags/example_python_operator.py
[2025-07-23T08:40:36.503+0000] {processor.py:830} INFO - Processing file /home/airflow/.local/lib/python3.12/site-packages/airflow/example_dags/example_python_operator.py for tasks to queue
[2025-07-23T08:40:36.531+0000] {logging_mixin.py:188} INFO - [2025-07-23T08:40:36.520+0000] {dagbag.py:545} INFO - Filling up the DagBag from /home/airflow/.local/lib/python3.12/site-packages/airflow/example_dags/example_python_operator.py
[2025-07-23T08:40:36.582+0000] {processor.py:840} INFO - DAG(s) 'example_python_operator' retrieved from /home/airflow/.local/lib/python3.12/site-packages/airflow/example_dags/example_python_operator.py
[2025-07-23T08:40:36.925+0000] {logging_mixin.py:188} INFO - [2025-07-23T08:40:36.925+0000] {dag.py:3096} INFO - Sync 1 DAGs
[2025-07-23T08:40:37.028+0000] {logging_mixin.py:188} INFO - [2025-07-23T08:40:37.028+0000] {dag.py:3954} INFO - Setting next_dagrun for example_python_operator to None, run_after=None
[2025-07-23T08:40:37.210+0000] {processor.py:183} INFO - Processing /home/airflow/.local/lib/python3.12/site-packages/airflow/example_dags/example_python_operator.py took 0.833 seconds
[2025-07-23T09:01:04.387+0000] {processor.py:161} INFO - Started process (PID=69) to work on /home/airflow/.local/lib/python3.12/site-packages/airflow/example_dags/example_python_operator.py
[2025-07-23T09:01:04.398+0000] {processor.py:830} INFO - Processing file /home/airflow/.local/lib/python3.12/site-packages/airflow/example_dags/example_python_operator.py for tasks to queue
[2025-07-23T09:01:04.400+0000] {logging_mixin.py:188} INFO - [2025-07-23T09:01:04.400+0000] {dagbag.py:545} INFO - Filling up the DagBag from /home/airflow/.local/lib/python3.12/site-packages/airflow/example_dags/example_python_operator.py
[2025-07-23T09:01:04.577+0000] {processor.py:840} INFO - DAG(s) 'example_python_operator' retrieved from /home/airflow/.local/lib/python3.12/site-packages/airflow/example_dags/example_python_operator.py
[2025-07-23T09:01:05.713+0000] {logging_mixin.py:188} INFO - [2025-07-23T09:01:05.713+0000] {dag.py:3096} INFO - Sync 1 DAGs
[2025-07-23T09:01:05.764+0000] {logging_mixin.py:188} INFO - [2025-07-23T09:01:05.755+0000] {dag.py:3954} INFO - Setting next_dagrun for example_python_operator to None, run_after=None
[2025-07-23T09:01:06.020+0000] {processor.py:183} INFO - Processing /home/airflow/.local/lib/python3.12/site-packages/airflow/example_dags/example_python_operator.py took 1.664 seconds
[2025-07-23T09:01:47.465+0000] {processor.py:161} INFO - Started process (PID=128) to work on /home/airflow/.local/lib/python3.12/site-packages/airflow/example_dags/example_python_operator.py
[2025-07-23T09:01:47.479+0000] {processor.py:830} INFO - Processing file /home/airflow/.local/lib/python3.12/site-packages/airflow/example_dags/example_python_operator.py for tasks to queue
[2025-07-23T09:01:47.510+0000] {logging_mixin.py:188} INFO - [2025-07-23T09:01:47.508+0000] {dagbag.py:545} INFO - Filling up the DagBag from /home/airflow/.local/lib/python3.12/site-packages/airflow/example_dags/example_python_operator.py
[2025-07-23T09:01:47.652+0000] {processor.py:840} INFO - DAG(s) 'example_python_operator' retrieved from /home/airflow/.local/lib/python3.12/site-packages/airflow/example_dags/example_python_operator.py
[2025-07-23T09:01:47.861+0000] {logging_mixin.py:188} INFO - [2025-07-23T09:01:47.860+0000] {dag.py:3096} INFO - Sync 1 DAGs
[2025-07-23T09:01:48.016+0000] {logging_mixin.py:188} INFO - [2025-07-23T09:01:48.015+0000] {dag.py:3954} INFO - Setting next_dagrun for example_python_operator to None, run_after=None
[2025-07-23T09:01:48.198+0000] {processor.py:183} INFO - Processing /home/airflow/.local/lib/python3.12/site-packages/airflow/example_dags/example_python_operator.py took 0.788 seconds
[2025-07-23T09:02:22.099+0000] {processor.py:161} INFO - Started process (PID=187) to work on /home/airflow/.local/lib/python3.12/site-packages/airflow/example_dags/example_python_operator.py
[2025-07-23T09:02:22.118+0000] {processor.py:830} INFO - Processing file /home/airflow/.local/lib/python3.12/site-packages/airflow/example_dags/example_python_operator.py for tasks to queue
[2025-07-23T09:02:22.120+0000] {logging_mixin.py:188} INFO - [2025-07-23T09:02:22.119+0000] {dagbag.py:545} INFO - Filling up the DagBag from /home/airflow/.local/lib/python3.12/site-packages/airflow/example_dags/example_python_operator.py
[2025-07-23T09:02:22.204+0000] {processor.py:840} INFO - DAG(s) 'example_python_operator' retrieved from /home/airflow/.local/lib/python3.12/site-packages/airflow/example_dags/example_python_operator.py
[2025-07-23T09:02:22.438+0000] {logging_mixin.py:188} INFO - [2025-07-23T09:02:22.438+0000] {dag.py:3096} INFO - Sync 1 DAGs
[2025-07-23T09:02:22.642+0000] {logging_mixin.py:188} INFO - [2025-07-23T09:02:22.641+0000] {dag.py:3954} INFO - Setting next_dagrun for example_python_operator to None, run_after=None
[2025-07-23T09:02:22.898+0000] {processor.py:183} INFO - Processing /home/airflow/.local/lib/python3.12/site-packages/airflow/example_dags/example_python_operator.py took 0.898 seconds
[2025-07-23T09:03:01.933+0000] {processor.py:161} INFO - Started process (PID=248) to work on /home/airflow/.local/lib/python3.12/site-packages/airflow/example_dags/example_python_operator.py
[2025-07-23T09:03:01.936+0000] {processor.py:830} INFO - Processing file /home/airflow/.local/lib/python3.12/site-packages/airflow/example_dags/example_python_operator.py for tasks to queue
[2025-07-23T09:03:01.942+0000] {logging_mixin.py:188} INFO - [2025-07-23T09:03:01.941+0000] {dagbag.py:545} INFO - Filling up the DagBag from /home/airflow/.local/lib/python3.12/site-packages/airflow/example_dags/example_python_operator.py
[2025-07-23T09:03:01.986+0000] {processor.py:840} INFO - DAG(s) 'example_python_operator' retrieved from /home/airflow/.local/lib/python3.12/site-packages/airflow/example_dags/example_python_operator.py
[2025-07-23T09:03:02.108+0000] {logging_mixin.py:188} INFO - [2025-07-23T09:03:02.107+0000] {dag.py:3096} INFO - Sync 1 DAGs
[2025-07-23T09:03:02.153+0000] {logging_mixin.py:188} INFO - [2025-07-23T09:03:02.153+0000] {dag.py:3954} INFO - Setting next_dagrun for example_python_operator to None, run_after=None
[2025-07-23T09:03:02.235+0000] {processor.py:183} INFO - Processing /home/airflow/.local/lib/python3.12/site-packages/airflow/example_dags/example_python_operator.py took 0.326 seconds
[2025-07-23T09:03:35.932+0000] {processor.py:161} INFO - Started process (PID=307) to work on /home/airflow/.local/lib/python3.12/site-packages/airflow/example_dags/example_python_operator.py
[2025-07-23T09:03:35.955+0000] {processor.py:830} INFO - Processing file /home/airflow/.local/lib/python3.12/site-packages/airflow/example_dags/example_python_operator.py for tasks to queue
[2025-07-23T09:03:35.963+0000] {logging_mixin.py:188} INFO - [2025-07-23T09:03:35.962+0000] {dagbag.py:545} INFO - Filling up the DagBag from /home/airflow/.local/lib/python3.12/site-packages/airflow/example_dags/example_python_operator.py
[2025-07-23T09:03:36.039+0000] {processor.py:840} INFO - DAG(s) 'example_python_operator' retrieved from /home/airflow/.local/lib/python3.12/site-packages/airflow/example_dags/example_python_operator.py
[2025-07-23T09:03:36.236+0000] {logging_mixin.py:188} INFO - [2025-07-23T09:03:36.232+0000] {dag.py:3096} INFO - Sync 1 DAGs
[2025-07-23T09:03:36.377+0000] {logging_mixin.py:188} INFO - [2025-07-23T09:03:36.368+0000] {dag.py:3954} INFO - Setting next_dagrun for example_python_operator to None, run_after=None
[2025-07-23T09:03:36.458+0000] {processor.py:183} INFO - Processing /home/airflow/.local/lib/python3.12/site-packages/airflow/example_dags/example_python_operator.py took 0.643 seconds
[2025-07-23T09:04:08.077+0000] {processor.py:161} INFO - Started process (PID=366) to work on /home/airflow/.local/lib/python3.12/site-packages/airflow/example_dags/example_python_operator.py
[2025-07-23T09:04:08.079+0000] {processor.py:830} INFO - Processing file /home/airflow/.local/lib/python3.12/site-packages/airflow/example_dags/example_python_operator.py for tasks to queue
[2025-07-23T09:04:08.082+0000] {logging_mixin.py:188} INFO - [2025-07-23T09:04:08.081+0000] {dagbag.py:545} INFO - Filling up the DagBag from /home/airflow/.local/lib/python3.12/site-packages/airflow/example_dags/example_python_operator.py
[2025-07-23T09:04:08.148+0000] {processor.py:840} INFO - DAG(s) 'example_python_operator' retrieved from /home/airflow/.local/lib/python3.12/site-packages/airflow/example_dags/example_python_operator.py
[2025-07-23T09:04:08.327+0000] {logging_mixin.py:188} INFO - [2025-07-23T09:04:08.326+0000] {dag.py:3096} INFO - Sync 1 DAGs
[2025-07-23T09:04:08.427+0000] {logging_mixin.py:188} INFO - [2025-07-23T09:04:08.426+0000] {dag.py:3954} INFO - Setting next_dagrun for example_python_operator to None, run_after=None
[2025-07-23T09:04:08.784+0000] {processor.py:183} INFO - Processing /home/airflow/.local/lib/python3.12/site-packages/airflow/example_dags/example_python_operator.py took 0.812 seconds
[2025-07-23T09:04:39.476+0000] {processor.py:161} INFO - Started process (PID=418) to work on /home/airflow/.local/lib/python3.12/site-packages/airflow/example_dags/example_python_operator.py
[2025-07-23T09:04:39.478+0000] {processor.py:830} INFO - Processing file /home/airflow/.local/lib/python3.12/site-packages/airflow/example_dags/example_python_operator.py for tasks to queue
[2025-07-23T09:04:39.479+0000] {logging_mixin.py:188} INFO - [2025-07-23T09:04:39.479+0000] {dagbag.py:545} INFO - Filling up the DagBag from /home/airflow/.local/lib/python3.12/site-packages/airflow/example_dags/example_python_operator.py
[2025-07-23T09:04:39.509+0000] {processor.py:840} INFO - DAG(s) 'example_python_operator' retrieved from /home/airflow/.local/lib/python3.12/site-packages/airflow/example_dags/example_python_operator.py
[2025-07-23T09:04:39.616+0000] {logging_mixin.py:188} INFO - [2025-07-23T09:04:39.616+0000] {dag.py:3096} INFO - Sync 1 DAGs
[2025-07-23T09:04:39.688+0000] {logging_mixin.py:188} INFO - [2025-07-23T09:04:39.687+0000] {dag.py:3954} INFO - Setting next_dagrun for example_python_operator to None, run_after=None
[2025-07-23T09:04:39.819+0000] {processor.py:183} INFO - Processing /home/airflow/.local/lib/python3.12/site-packages/airflow/example_dags/example_python_operator.py took 0.354 seconds
[2025-07-23T09:05:10.429+0000] {processor.py:161} INFO - Started process (PID=477) to work on /home/airflow/.local/lib/python3.12/site-packages/airflow/example_dags/example_python_operator.py
[2025-07-23T09:05:10.431+0000] {processor.py:830} INFO - Processing file /home/airflow/.local/lib/python3.12/site-packages/airflow/example_dags/example_python_operator.py for tasks to queue
[2025-07-23T09:05:10.439+0000] {logging_mixin.py:188} INFO - [2025-07-23T09:05:10.438+0000] {dagbag.py:545} INFO - Filling up the DagBag from /home/airflow/.local/lib/python3.12/site-packages/airflow/example_dags/example_python_operator.py
[2025-07-23T09:05:10.496+0000] {processor.py:840} INFO - DAG(s) 'example_python_operator' retrieved from /home/airflow/.local/lib/python3.12/site-packages/airflow/example_dags/example_python_operator.py
[2025-07-23T09:05:10.523+0000] {logging_mixin.py:188} INFO - [2025-07-23T09:05:10.522+0000] {dag.py:3096} INFO - Sync 1 DAGs
[2025-07-23T09:05:10.553+0000] {logging_mixin.py:188} INFO - [2025-07-23T09:05:10.553+0000] {dag.py:3954} INFO - Setting next_dagrun for example_python_operator to None, run_after=None
[2025-07-23T09:05:10.599+0000] {processor.py:183} INFO - Processing /home/airflow/.local/lib/python3.12/site-packages/airflow/example_dags/example_python_operator.py took 0.216 seconds
[2025-07-23T09:05:41.659+0000] {processor.py:161} INFO - Started process (PID=537) to work on /home/airflow/.local/lib/python3.12/site-packages/airflow/example_dags/example_python_operator.py
[2025-07-23T09:05:41.662+0000] {processor.py:830} INFO - Processing file /home/airflow/.local/lib/python3.12/site-packages/airflow/example_dags/example_python_operator.py for tasks to queue
[2025-07-23T09:05:41.673+0000] {logging_mixin.py:188} INFO - [2025-07-23T09:05:41.672+0000] {dagbag.py:545} INFO - Filling up the DagBag from /home/airflow/.local/lib/python3.12/site-packages/airflow/example_dags/example_python_operator.py
[2025-07-23T09:05:41.718+0000] {processor.py:840} INFO - DAG(s) 'example_python_operator' retrieved from /home/airflow/.local/lib/python3.12/site-packages/airflow/example_dags/example_python_operator.py
[2025-07-23T09:05:41.838+0000] {logging_mixin.py:188} INFO - [2025-07-23T09:05:41.837+0000] {dag.py:3096} INFO - Sync 1 DAGs
[2025-07-23T09:05:41.909+0000] {logging_mixin.py:188} INFO - [2025-07-23T09:05:41.908+0000] {dag.py:3954} INFO - Setting next_dagrun for example_python_operator to None, run_after=None
[2025-07-23T09:05:42.038+0000] {processor.py:183} INFO - Processing /home/airflow/.local/lib/python3.12/site-packages/airflow/example_dags/example_python_operator.py took 0.396 seconds
[2025-07-23T09:06:12.653+0000] {processor.py:161} INFO - Started process (PID=596) to work on /home/airflow/.local/lib/python3.12/site-packages/airflow/example_dags/example_python_operator.py
[2025-07-23T09:06:12.655+0000] {processor.py:830} INFO - Processing file /home/airflow/.local/lib/python3.12/site-packages/airflow/example_dags/example_python_operator.py for tasks to queue
[2025-07-23T09:06:12.657+0000] {logging_mixin.py:188} INFO - [2025-07-23T09:06:12.656+0000] {dagbag.py:545} INFO - Filling up the DagBag from /home/airflow/.local/lib/python3.12/site-packages/airflow/example_dags/example_python_operator.py
[2025-07-23T09:06:12.678+0000] {processor.py:840} INFO - DAG(s) 'example_python_operator' retrieved from /home/airflow/.local/lib/python3.12/site-packages/airflow/example_dags/example_python_operator.py
[2025-07-23T09:06:12.966+0000] {logging_mixin.py:188} INFO - [2025-07-23T09:06:12.966+0000] {dag.py:3096} INFO - Sync 1 DAGs
[2025-07-23T09:06:12.991+0000] {logging_mixin.py:188} INFO - [2025-07-23T09:06:12.990+0000] {dag.py:3954} INFO - Setting next_dagrun for example_python_operator to None, run_after=None
[2025-07-23T09:06:13.039+0000] {processor.py:183} INFO - Processing /home/airflow/.local/lib/python3.12/site-packages/airflow/example_dags/example_python_operator.py took 0.400 seconds
[2025-07-23T09:06:43.676+0000] {processor.py:161} INFO - Started process (PID=646) to work on /home/airflow/.local/lib/python3.12/site-packages/airflow/example_dags/example_python_operator.py
[2025-07-23T09:06:43.678+0000] {processor.py:830} INFO - Processing file /home/airflow/.local/lib/python3.12/site-packages/airflow/example_dags/example_python_operator.py for tasks to queue
[2025-07-23T09:06:43.680+0000] {logging_mixin.py:188} INFO - [2025-07-23T09:06:43.680+0000] {dagbag.py:545} INFO - Filling up the DagBag from /home/airflow/.local/lib/python3.12/site-packages/airflow/example_dags/example_python_operator.py
[2025-07-23T09:06:43.704+0000] {processor.py:840} INFO - DAG(s) 'example_python_operator' retrieved from /home/airflow/.local/lib/python3.12/site-packages/airflow/example_dags/example_python_operator.py
[2025-07-23T09:06:43.776+0000] {logging_mixin.py:188} INFO - [2025-07-23T09:06:43.776+0000] {dag.py:3096} INFO - Sync 1 DAGs
[2025-07-23T09:06:43.816+0000] {logging_mixin.py:188} INFO - [2025-07-23T09:06:43.815+0000] {dag.py:3954} INFO - Setting next_dagrun for example_python_operator to None, run_after=None
[2025-07-23T09:06:43.859+0000] {processor.py:183} INFO - Processing /home/airflow/.local/lib/python3.12/site-packages/airflow/example_dags/example_python_operator.py took 0.198 seconds
[2025-07-23T09:07:14.260+0000] {processor.py:161} INFO - Started process (PID=705) to work on /home/airflow/.local/lib/python3.12/site-packages/airflow/example_dags/example_python_operator.py
[2025-07-23T09:07:14.261+0000] {processor.py:830} INFO - Processing file /home/airflow/.local/lib/python3.12/site-packages/airflow/example_dags/example_python_operator.py for tasks to queue
[2025-07-23T09:07:14.262+0000] {logging_mixin.py:188} INFO - [2025-07-23T09:07:14.262+0000] {dagbag.py:545} INFO - Filling up the DagBag from /home/airflow/.local/lib/python3.12/site-packages/airflow/example_dags/example_python_operator.py
[2025-07-23T09:07:14.277+0000] {processor.py:840} INFO - DAG(s) 'example_python_operator' retrieved from /home/airflow/.local/lib/python3.12/site-packages/airflow/example_dags/example_python_operator.py
[2025-07-23T09:07:14.328+0000] {logging_mixin.py:188} INFO - [2025-07-23T09:07:14.328+0000] {dag.py:3096} INFO - Sync 1 DAGs
[2025-07-23T09:07:14.347+0000] {logging_mixin.py:188} INFO - [2025-07-23T09:07:14.346+0000] {dag.py:3954} INFO - Setting next_dagrun for example_python_operator to None, run_after=None
[2025-07-23T09:07:14.381+0000] {processor.py:183} INFO - Processing /home/airflow/.local/lib/python3.12/site-packages/airflow/example_dags/example_python_operator.py took 0.129 seconds
