[2025-07-23T08:13:58.045+0000] {processor.py:161} INFO - Started process (PID=88) to work on /home/airflow/.local/lib/python3.12/site-packages/airflow/example_dags/tutorial.py
[2025-07-23T08:13:58.054+0000] {processor.py:830} INFO - Processing file /home/airflow/.local/lib/python3.12/site-packages/airflow/example_dags/tutorial.py for tasks to queue
[2025-07-23T08:13:58.058+0000] {logging_mixin.py:188} INFO - [2025-07-23T08:13:58.058+0000] {dagbag.py:545} INFO - Filling up the DagBag from /home/airflow/.local/lib/python3.12/site-packages/airflow/example_dags/tutorial.py
[2025-07-23T08:13:58.093+0000] {processor.py:840} INFO - DAG(s) 'tutorial' retrieved from /home/airflow/.local/lib/python3.12/site-packages/airflow/example_dags/tutorial.py
[2025-07-23T08:13:58.591+0000] {logging_mixin.py:188} INFO - [2025-07-23T08:13:58.590+0000] {dag.py:3096} INFO - Sync 1 DAGs
[2025-07-23T08:13:58.642+0000] {logging_mixin.py:188} INFO - [2025-07-23T08:13:58.642+0000] {dag.py:3954} INFO - Setting next_dagrun for tutorial to 2025-07-22 00:00:00+00:00, run_after=2025-07-23 00:00:00+00:00
[2025-07-23T08:13:58.714+0000] {processor.py:183} INFO - Processing /home/airflow/.local/lib/python3.12/site-packages/airflow/example_dags/tutorial.py took 0.692 seconds
[2025-07-23T08:14:29.609+0000] {processor.py:161} INFO - Started process (PID=145) to work on /home/airflow/.local/lib/python3.12/site-packages/airflow/example_dags/tutorial.py
[2025-07-23T08:14:29.613+0000] {processor.py:830} INFO - Processing file /home/airflow/.local/lib/python3.12/site-packages/airflow/example_dags/tutorial.py for tasks to queue
[2025-07-23T08:14:29.620+0000] {logging_mixin.py:188} INFO - [2025-07-23T08:14:29.619+0000] {dagbag.py:545} INFO - Filling up the DagBag from /home/airflow/.local/lib/python3.12/site-packages/airflow/example_dags/tutorial.py
[2025-07-23T08:14:29.664+0000] {processor.py:840} INFO - DAG(s) 'tutorial' retrieved from /home/airflow/.local/lib/python3.12/site-packages/airflow/example_dags/tutorial.py
[2025-07-23T08:14:29.835+0000] {logging_mixin.py:188} INFO - [2025-07-23T08:14:29.835+0000] {dag.py:3096} INFO - Sync 1 DAGs
[2025-07-23T08:14:30.069+0000] {logging_mixin.py:188} INFO - [2025-07-23T08:14:30.068+0000] {dag.py:3954} INFO - Setting next_dagrun for tutorial to 2025-07-22 00:00:00+00:00, run_after=2025-07-23 00:00:00+00:00
[2025-07-23T08:14:30.214+0000] {processor.py:183} INFO - Processing /home/airflow/.local/lib/python3.12/site-packages/airflow/example_dags/tutorial.py took 0.639 seconds
[2025-07-23T08:15:00.539+0000] {processor.py:161} INFO - Started process (PID=203) to work on /home/airflow/.local/lib/python3.12/site-packages/airflow/example_dags/tutorial.py
[2025-07-23T08:15:00.541+0000] {processor.py:830} INFO - Processing file /home/airflow/.local/lib/python3.12/site-packages/airflow/example_dags/tutorial.py for tasks to queue
[2025-07-23T08:15:00.545+0000] {logging_mixin.py:188} INFO - [2025-07-23T08:15:00.544+0000] {dagbag.py:545} INFO - Filling up the DagBag from /home/airflow/.local/lib/python3.12/site-packages/airflow/example_dags/tutorial.py
[2025-07-23T08:15:00.556+0000] {processor.py:840} INFO - DAG(s) 'tutorial' retrieved from /home/airflow/.local/lib/python3.12/site-packages/airflow/example_dags/tutorial.py
[2025-07-23T08:15:00.609+0000] {logging_mixin.py:188} INFO - [2025-07-23T08:15:00.608+0000] {dag.py:3096} INFO - Sync 1 DAGs
[2025-07-23T08:15:00.664+0000] {logging_mixin.py:188} INFO - [2025-07-23T08:15:00.664+0000] {dag.py:3954} INFO - Setting next_dagrun for tutorial to 2025-07-22 00:00:00+00:00, run_after=2025-07-23 00:00:00+00:00
[2025-07-23T08:15:00.707+0000] {processor.py:183} INFO - Processing /home/airflow/.local/lib/python3.12/site-packages/airflow/example_dags/tutorial.py took 0.186 seconds
[2025-07-23T08:15:30.804+0000] {processor.py:161} INFO - Started process (PID=260) to work on /home/airflow/.local/lib/python3.12/site-packages/airflow/example_dags/tutorial.py
[2025-07-23T08:15:30.843+0000] {processor.py:830} INFO - Processing file /home/airflow/.local/lib/python3.12/site-packages/airflow/example_dags/tutorial.py for tasks to queue
[2025-07-23T08:15:30.867+0000] {logging_mixin.py:188} INFO - [2025-07-23T08:15:30.865+0000] {dagbag.py:545} INFO - Filling up the DagBag from /home/airflow/.local/lib/python3.12/site-packages/airflow/example_dags/tutorial.py
[2025-07-23T08:15:30.914+0000] {processor.py:840} INFO - DAG(s) 'tutorial' retrieved from /home/airflow/.local/lib/python3.12/site-packages/airflow/example_dags/tutorial.py
[2025-07-23T08:15:30.970+0000] {logging_mixin.py:188} INFO - [2025-07-23T08:15:30.969+0000] {dag.py:3096} INFO - Sync 1 DAGs
[2025-07-23T08:15:31.072+0000] {logging_mixin.py:188} INFO - [2025-07-23T08:15:31.071+0000] {dag.py:3954} INFO - Setting next_dagrun for tutorial to 2025-07-22 00:00:00+00:00, run_after=2025-07-23 00:00:00+00:00
[2025-07-23T08:15:31.159+0000] {processor.py:183} INFO - Processing /home/airflow/.local/lib/python3.12/site-packages/airflow/example_dags/tutorial.py took 0.377 seconds
[2025-07-23T08:16:03.257+0000] {processor.py:161} INFO - Started process (PID=318) to work on /home/airflow/.local/lib/python3.12/site-packages/airflow/example_dags/tutorial.py
[2025-07-23T08:16:03.271+0000] {processor.py:830} INFO - Processing file /home/airflow/.local/lib/python3.12/site-packages/airflow/example_dags/tutorial.py for tasks to queue
[2025-07-23T08:16:03.291+0000] {logging_mixin.py:188} INFO - [2025-07-23T08:16:03.290+0000] {dagbag.py:545} INFO - Filling up the DagBag from /home/airflow/.local/lib/python3.12/site-packages/airflow/example_dags/tutorial.py
[2025-07-23T08:16:03.324+0000] {processor.py:840} INFO - DAG(s) 'tutorial' retrieved from /home/airflow/.local/lib/python3.12/site-packages/airflow/example_dags/tutorial.py
[2025-07-23T08:16:03.440+0000] {logging_mixin.py:188} INFO - [2025-07-23T08:16:03.440+0000] {dag.py:3096} INFO - Sync 1 DAGs
[2025-07-23T08:16:03.566+0000] {logging_mixin.py:188} INFO - [2025-07-23T08:16:03.565+0000] {dag.py:3954} INFO - Setting next_dagrun for tutorial to 2025-07-22 00:00:00+00:00, run_after=2025-07-23 00:00:00+00:00
[2025-07-23T08:16:03.638+0000] {processor.py:183} INFO - Processing /home/airflow/.local/lib/python3.12/site-packages/airflow/example_dags/tutorial.py took 0.405 seconds
[2025-07-23T08:16:39.475+0000] {processor.py:161} INFO - Started process (PID=374) to work on /home/airflow/.local/lib/python3.12/site-packages/airflow/example_dags/tutorial.py
[2025-07-23T08:16:39.478+0000] {processor.py:830} INFO - Processing file /home/airflow/.local/lib/python3.12/site-packages/airflow/example_dags/tutorial.py for tasks to queue
[2025-07-23T08:16:39.489+0000] {logging_mixin.py:188} INFO - [2025-07-23T08:16:39.488+0000] {dagbag.py:545} INFO - Filling up the DagBag from /home/airflow/.local/lib/python3.12/site-packages/airflow/example_dags/tutorial.py
[2025-07-23T08:16:39.519+0000] {processor.py:840} INFO - DAG(s) 'tutorial' retrieved from /home/airflow/.local/lib/python3.12/site-packages/airflow/example_dags/tutorial.py
[2025-07-23T08:16:39.599+0000] {logging_mixin.py:188} INFO - [2025-07-23T08:16:39.598+0000] {dag.py:3096} INFO - Sync 1 DAGs
[2025-07-23T08:16:39.686+0000] {logging_mixin.py:188} INFO - [2025-07-23T08:16:39.686+0000] {dag.py:3954} INFO - Setting next_dagrun for tutorial to 2025-07-22 00:00:00+00:00, run_after=2025-07-23 00:00:00+00:00
[2025-07-23T08:16:39.736+0000] {processor.py:183} INFO - Processing /home/airflow/.local/lib/python3.12/site-packages/airflow/example_dags/tutorial.py took 0.294 seconds
[2025-07-23T08:17:10.285+0000] {processor.py:161} INFO - Started process (PID=432) to work on /home/airflow/.local/lib/python3.12/site-packages/airflow/example_dags/tutorial.py
[2025-07-23T08:17:10.287+0000] {processor.py:830} INFO - Processing file /home/airflow/.local/lib/python3.12/site-packages/airflow/example_dags/tutorial.py for tasks to queue
[2025-07-23T08:17:10.291+0000] {logging_mixin.py:188} INFO - [2025-07-23T08:17:10.290+0000] {dagbag.py:545} INFO - Filling up the DagBag from /home/airflow/.local/lib/python3.12/site-packages/airflow/example_dags/tutorial.py
[2025-07-23T08:17:10.302+0000] {processor.py:840} INFO - DAG(s) 'tutorial' retrieved from /home/airflow/.local/lib/python3.12/site-packages/airflow/example_dags/tutorial.py
[2025-07-23T08:17:10.348+0000] {logging_mixin.py:188} INFO - [2025-07-23T08:17:10.348+0000] {dag.py:3096} INFO - Sync 1 DAGs
[2025-07-23T08:17:10.406+0000] {logging_mixin.py:188} INFO - [2025-07-23T08:17:10.405+0000] {dag.py:3954} INFO - Setting next_dagrun for tutorial to 2025-07-22 00:00:00+00:00, run_after=2025-07-23 00:00:00+00:00
[2025-07-23T08:17:10.470+0000] {processor.py:183} INFO - Processing /home/airflow/.local/lib/python3.12/site-packages/airflow/example_dags/tutorial.py took 0.206 seconds
[2025-07-23T08:17:41.165+0000] {processor.py:161} INFO - Started process (PID=489) to work on /home/airflow/.local/lib/python3.12/site-packages/airflow/example_dags/tutorial.py
[2025-07-23T08:17:41.168+0000] {processor.py:830} INFO - Processing file /home/airflow/.local/lib/python3.12/site-packages/airflow/example_dags/tutorial.py for tasks to queue
[2025-07-23T08:17:41.180+0000] {logging_mixin.py:188} INFO - [2025-07-23T08:17:41.178+0000] {dagbag.py:545} INFO - Filling up the DagBag from /home/airflow/.local/lib/python3.12/site-packages/airflow/example_dags/tutorial.py
[2025-07-23T08:17:41.249+0000] {processor.py:840} INFO - DAG(s) 'tutorial' retrieved from /home/airflow/.local/lib/python3.12/site-packages/airflow/example_dags/tutorial.py
[2025-07-23T08:17:41.409+0000] {logging_mixin.py:188} INFO - [2025-07-23T08:17:41.408+0000] {dag.py:3096} INFO - Sync 1 DAGs
[2025-07-23T08:17:41.492+0000] {logging_mixin.py:188} INFO - [2025-07-23T08:17:41.491+0000] {dag.py:3954} INFO - Setting next_dagrun for tutorial to 2025-07-22 00:00:00+00:00, run_after=2025-07-23 00:00:00+00:00
[2025-07-23T08:17:41.584+0000] {processor.py:183} INFO - Processing /home/airflow/.local/lib/python3.12/site-packages/airflow/example_dags/tutorial.py took 0.464 seconds
[2025-07-23T08:18:12.587+0000] {processor.py:161} INFO - Started process (PID=547) to work on /home/airflow/.local/lib/python3.12/site-packages/airflow/example_dags/tutorial.py
[2025-07-23T08:18:12.590+0000] {processor.py:830} INFO - Processing file /home/airflow/.local/lib/python3.12/site-packages/airflow/example_dags/tutorial.py for tasks to queue
[2025-07-23T08:18:12.594+0000] {logging_mixin.py:188} INFO - [2025-07-23T08:18:12.593+0000] {dagbag.py:545} INFO - Filling up the DagBag from /home/airflow/.local/lib/python3.12/site-packages/airflow/example_dags/tutorial.py
[2025-07-23T08:18:12.629+0000] {processor.py:840} INFO - DAG(s) 'tutorial' retrieved from /home/airflow/.local/lib/python3.12/site-packages/airflow/example_dags/tutorial.py
[2025-07-23T08:18:12.673+0000] {logging_mixin.py:188} INFO - [2025-07-23T08:18:12.672+0000] {dag.py:3096} INFO - Sync 1 DAGs
[2025-07-23T08:18:12.727+0000] {logging_mixin.py:188} INFO - [2025-07-23T08:18:12.726+0000] {dag.py:3954} INFO - Setting next_dagrun for tutorial to 2025-07-22 00:00:00+00:00, run_after=2025-07-23 00:00:00+00:00
[2025-07-23T08:18:12.776+0000] {processor.py:183} INFO - Processing /home/airflow/.local/lib/python3.12/site-packages/airflow/example_dags/tutorial.py took 0.216 seconds
[2025-07-23T08:18:43.748+0000] {processor.py:161} INFO - Started process (PID=604) to work on /home/airflow/.local/lib/python3.12/site-packages/airflow/example_dags/tutorial.py
[2025-07-23T08:18:43.752+0000] {processor.py:830} INFO - Processing file /home/airflow/.local/lib/python3.12/site-packages/airflow/example_dags/tutorial.py for tasks to queue
[2025-07-23T08:18:43.756+0000] {logging_mixin.py:188} INFO - [2025-07-23T08:18:43.755+0000] {dagbag.py:545} INFO - Filling up the DagBag from /home/airflow/.local/lib/python3.12/site-packages/airflow/example_dags/tutorial.py
[2025-07-23T08:18:43.778+0000] {processor.py:840} INFO - DAG(s) 'tutorial' retrieved from /home/airflow/.local/lib/python3.12/site-packages/airflow/example_dags/tutorial.py
[2025-07-23T08:18:43.878+0000] {logging_mixin.py:188} INFO - [2025-07-23T08:18:43.878+0000] {dag.py:3096} INFO - Sync 1 DAGs
[2025-07-23T08:18:43.980+0000] {logging_mixin.py:188} INFO - [2025-07-23T08:18:43.980+0000] {dag.py:3954} INFO - Setting next_dagrun for tutorial to 2025-07-22 00:00:00+00:00, run_after=2025-07-23 00:00:00+00:00
[2025-07-23T08:18:44.109+0000] {processor.py:183} INFO - Processing /home/airflow/.local/lib/python3.12/site-packages/airflow/example_dags/tutorial.py took 0.428 seconds
[2025-07-23T08:19:16.260+0000] {processor.py:161} INFO - Started process (PID=662) to work on /home/airflow/.local/lib/python3.12/site-packages/airflow/example_dags/tutorial.py
[2025-07-23T08:19:16.262+0000] {processor.py:830} INFO - Processing file /home/airflow/.local/lib/python3.12/site-packages/airflow/example_dags/tutorial.py for tasks to queue
[2025-07-23T08:19:16.277+0000] {logging_mixin.py:188} INFO - [2025-07-23T08:19:16.276+0000] {dagbag.py:545} INFO - Filling up the DagBag from /home/airflow/.local/lib/python3.12/site-packages/airflow/example_dags/tutorial.py
[2025-07-23T08:19:16.313+0000] {processor.py:840} INFO - DAG(s) 'tutorial' retrieved from /home/airflow/.local/lib/python3.12/site-packages/airflow/example_dags/tutorial.py
[2025-07-23T08:19:16.376+0000] {logging_mixin.py:188} INFO - [2025-07-23T08:19:16.376+0000] {dag.py:3096} INFO - Sync 1 DAGs
[2025-07-23T08:19:16.459+0000] {logging_mixin.py:188} INFO - [2025-07-23T08:19:16.458+0000] {dag.py:3954} INFO - Setting next_dagrun for tutorial to 2025-07-22 00:00:00+00:00, run_after=2025-07-23 00:00:00+00:00
[2025-07-23T08:19:20.229+0000] {processor.py:183} INFO - Processing /home/airflow/.local/lib/python3.12/site-packages/airflow/example_dags/tutorial.py took 4.002 seconds
[2025-07-23T08:19:51.373+0000] {processor.py:161} INFO - Started process (PID=720) to work on /home/airflow/.local/lib/python3.12/site-packages/airflow/example_dags/tutorial.py
[2025-07-23T08:19:51.381+0000] {processor.py:830} INFO - Processing file /home/airflow/.local/lib/python3.12/site-packages/airflow/example_dags/tutorial.py for tasks to queue
[2025-07-23T08:19:51.423+0000] {logging_mixin.py:188} INFO - [2025-07-23T08:19:51.393+0000] {dagbag.py:545} INFO - Filling up the DagBag from /home/airflow/.local/lib/python3.12/site-packages/airflow/example_dags/tutorial.py
[2025-07-23T08:19:51.502+0000] {processor.py:840} INFO - DAG(s) 'tutorial' retrieved from /home/airflow/.local/lib/python3.12/site-packages/airflow/example_dags/tutorial.py
[2025-07-23T08:19:51.638+0000] {logging_mixin.py:188} INFO - [2025-07-23T08:19:51.638+0000] {dag.py:3096} INFO - Sync 1 DAGs
[2025-07-23T08:19:51.848+0000] {logging_mixin.py:188} INFO - [2025-07-23T08:19:51.839+0000] {dag.py:3954} INFO - Setting next_dagrun for tutorial to 2025-07-22 00:00:00+00:00, run_after=2025-07-23 00:00:00+00:00
[2025-07-23T08:19:51.980+0000] {processor.py:183} INFO - Processing /home/airflow/.local/lib/python3.12/site-packages/airflow/example_dags/tutorial.py took 0.647 seconds
[2025-07-23T08:20:22.338+0000] {processor.py:161} INFO - Started process (PID=777) to work on /home/airflow/.local/lib/python3.12/site-packages/airflow/example_dags/tutorial.py
[2025-07-23T08:20:22.343+0000] {processor.py:830} INFO - Processing file /home/airflow/.local/lib/python3.12/site-packages/airflow/example_dags/tutorial.py for tasks to queue
[2025-07-23T08:20:22.351+0000] {logging_mixin.py:188} INFO - [2025-07-23T08:20:22.350+0000] {dagbag.py:545} INFO - Filling up the DagBag from /home/airflow/.local/lib/python3.12/site-packages/airflow/example_dags/tutorial.py
[2025-07-23T08:20:22.413+0000] {processor.py:840} INFO - DAG(s) 'tutorial' retrieved from /home/airflow/.local/lib/python3.12/site-packages/airflow/example_dags/tutorial.py
[2025-07-23T08:20:23.078+0000] {logging_mixin.py:188} INFO - [2025-07-23T08:20:23.076+0000] {dag.py:3096} INFO - Sync 1 DAGs
[2025-07-23T08:20:23.164+0000] {logging_mixin.py:188} INFO - [2025-07-23T08:20:23.164+0000] {dag.py:3954} INFO - Setting next_dagrun for tutorial to 2025-07-22 00:00:00+00:00, run_after=2025-07-23 00:00:00+00:00
[2025-07-23T08:20:23.307+0000] {processor.py:183} INFO - Processing /home/airflow/.local/lib/python3.12/site-packages/airflow/example_dags/tutorial.py took 1.013 seconds
[2025-07-23T08:20:57.625+0000] {processor.py:161} INFO - Started process (PID=840) to work on /home/airflow/.local/lib/python3.12/site-packages/airflow/example_dags/tutorial.py
[2025-07-23T08:20:57.642+0000] {processor.py:830} INFO - Processing file /home/airflow/.local/lib/python3.12/site-packages/airflow/example_dags/tutorial.py for tasks to queue
[2025-07-23T08:20:57.648+0000] {logging_mixin.py:188} INFO - [2025-07-23T08:20:57.647+0000] {dagbag.py:545} INFO - Filling up the DagBag from /home/airflow/.local/lib/python3.12/site-packages/airflow/example_dags/tutorial.py
[2025-07-23T08:20:57.675+0000] {processor.py:840} INFO - DAG(s) 'tutorial' retrieved from /home/airflow/.local/lib/python3.12/site-packages/airflow/example_dags/tutorial.py
[2025-07-23T08:20:57.790+0000] {logging_mixin.py:188} INFO - [2025-07-23T08:20:57.789+0000] {dag.py:3096} INFO - Sync 1 DAGs
[2025-07-23T08:20:57.953+0000] {logging_mixin.py:188} INFO - [2025-07-23T08:20:57.952+0000] {dag.py:3954} INFO - Setting next_dagrun for tutorial to 2025-07-22 00:00:00+00:00, run_after=2025-07-23 00:00:00+00:00
[2025-07-23T08:20:58.075+0000] {processor.py:183} INFO - Processing /home/airflow/.local/lib/python3.12/site-packages/airflow/example_dags/tutorial.py took 0.488 seconds
[2025-07-23T08:21:30.773+0000] {processor.py:161} INFO - Started process (PID=899) to work on /home/airflow/.local/lib/python3.12/site-packages/airflow/example_dags/tutorial.py
[2025-07-23T08:21:30.824+0000] {processor.py:830} INFO - Processing file /home/airflow/.local/lib/python3.12/site-packages/airflow/example_dags/tutorial.py for tasks to queue
[2025-07-23T08:21:30.828+0000] {logging_mixin.py:188} INFO - [2025-07-23T08:21:30.827+0000] {dagbag.py:545} INFO - Filling up the DagBag from /home/airflow/.local/lib/python3.12/site-packages/airflow/example_dags/tutorial.py
[2025-07-23T08:21:30.921+0000] {processor.py:840} INFO - DAG(s) 'tutorial' retrieved from /home/airflow/.local/lib/python3.12/site-packages/airflow/example_dags/tutorial.py
[2025-07-23T08:21:31.165+0000] {logging_mixin.py:188} INFO - [2025-07-23T08:21:31.164+0000] {dag.py:3096} INFO - Sync 1 DAGs
[2025-07-23T08:21:31.441+0000] {logging_mixin.py:188} INFO - [2025-07-23T08:21:31.440+0000] {dag.py:3954} INFO - Setting next_dagrun for tutorial to 2025-07-22 00:00:00+00:00, run_after=2025-07-23 00:00:00+00:00
[2025-07-23T08:21:31.706+0000] {processor.py:183} INFO - Processing /home/airflow/.local/lib/python3.12/site-packages/airflow/example_dags/tutorial.py took 0.999 seconds
[2025-07-23T08:22:02.011+0000] {processor.py:161} INFO - Started process (PID=957) to work on /home/airflow/.local/lib/python3.12/site-packages/airflow/example_dags/tutorial.py
[2025-07-23T08:22:02.024+0000] {processor.py:830} INFO - Processing file /home/airflow/.local/lib/python3.12/site-packages/airflow/example_dags/tutorial.py for tasks to queue
[2025-07-23T08:22:02.041+0000] {logging_mixin.py:188} INFO - [2025-07-23T08:22:02.037+0000] {dagbag.py:545} INFO - Filling up the DagBag from /home/airflow/.local/lib/python3.12/site-packages/airflow/example_dags/tutorial.py
[2025-07-23T08:22:02.080+0000] {processor.py:840} INFO - DAG(s) 'tutorial' retrieved from /home/airflow/.local/lib/python3.12/site-packages/airflow/example_dags/tutorial.py
[2025-07-23T08:22:02.267+0000] {logging_mixin.py:188} INFO - [2025-07-23T08:22:02.267+0000] {dag.py:3096} INFO - Sync 1 DAGs
[2025-07-23T08:22:02.514+0000] {logging_mixin.py:188} INFO - [2025-07-23T08:22:02.514+0000] {dag.py:3954} INFO - Setting next_dagrun for tutorial to 2025-07-22 00:00:00+00:00, run_after=2025-07-23 00:00:00+00:00
[2025-07-23T08:22:02.800+0000] {processor.py:183} INFO - Processing /home/airflow/.local/lib/python3.12/site-packages/airflow/example_dags/tutorial.py took 0.877 seconds
[2025-07-23T08:22:33.254+0000] {processor.py:161} INFO - Started process (PID=1014) to work on /home/airflow/.local/lib/python3.12/site-packages/airflow/example_dags/tutorial.py
[2025-07-23T08:22:33.256+0000] {processor.py:830} INFO - Processing file /home/airflow/.local/lib/python3.12/site-packages/airflow/example_dags/tutorial.py for tasks to queue
[2025-07-23T08:22:33.269+0000] {logging_mixin.py:188} INFO - [2025-07-23T08:22:33.268+0000] {dagbag.py:545} INFO - Filling up the DagBag from /home/airflow/.local/lib/python3.12/site-packages/airflow/example_dags/tutorial.py
[2025-07-23T08:22:33.292+0000] {processor.py:840} INFO - DAG(s) 'tutorial' retrieved from /home/airflow/.local/lib/python3.12/site-packages/airflow/example_dags/tutorial.py
[2025-07-23T08:22:33.452+0000] {logging_mixin.py:188} INFO - [2025-07-23T08:22:33.451+0000] {dag.py:3096} INFO - Sync 1 DAGs
[2025-07-23T08:22:33.626+0000] {logging_mixin.py:188} INFO - [2025-07-23T08:22:33.625+0000] {dag.py:3954} INFO - Setting next_dagrun for tutorial to 2025-07-22 00:00:00+00:00, run_after=2025-07-23 00:00:00+00:00
[2025-07-23T08:22:33.874+0000] {processor.py:183} INFO - Processing /home/airflow/.local/lib/python3.12/site-packages/airflow/example_dags/tutorial.py took 0.574 seconds
[2025-07-23T08:23:10.692+0000] {processor.py:161} INFO - Started process (PID=1072) to work on /home/airflow/.local/lib/python3.12/site-packages/airflow/example_dags/tutorial.py
[2025-07-23T08:23:10.708+0000] {processor.py:830} INFO - Processing file /home/airflow/.local/lib/python3.12/site-packages/airflow/example_dags/tutorial.py for tasks to queue
[2025-07-23T08:23:10.741+0000] {logging_mixin.py:188} INFO - [2025-07-23T08:23:10.740+0000] {dagbag.py:545} INFO - Filling up the DagBag from /home/airflow/.local/lib/python3.12/site-packages/airflow/example_dags/tutorial.py
[2025-07-23T08:23:10.794+0000] {processor.py:840} INFO - DAG(s) 'tutorial' retrieved from /home/airflow/.local/lib/python3.12/site-packages/airflow/example_dags/tutorial.py
[2025-07-23T08:23:11.046+0000] {logging_mixin.py:188} INFO - [2025-07-23T08:23:11.046+0000] {dag.py:3096} INFO - Sync 1 DAGs
[2025-07-23T08:23:11.241+0000] {logging_mixin.py:188} INFO - [2025-07-23T08:23:11.240+0000] {dag.py:3954} INFO - Setting next_dagrun for tutorial to 2025-07-22 00:00:00+00:00, run_after=2025-07-23 00:00:00+00:00
[2025-07-23T08:23:11.576+0000] {processor.py:183} INFO - Processing /home/airflow/.local/lib/python3.12/site-packages/airflow/example_dags/tutorial.py took 1.012 seconds
[2025-07-23T08:23:50.288+0000] {processor.py:161} INFO - Started process (PID=1123) to work on /home/airflow/.local/lib/python3.12/site-packages/airflow/example_dags/tutorial.py
[2025-07-23T08:23:50.293+0000] {processor.py:830} INFO - Processing file /home/airflow/.local/lib/python3.12/site-packages/airflow/example_dags/tutorial.py for tasks to queue
[2025-07-23T08:23:50.314+0000] {logging_mixin.py:188} INFO - [2025-07-23T08:23:50.305+0000] {dagbag.py:545} INFO - Filling up the DagBag from /home/airflow/.local/lib/python3.12/site-packages/airflow/example_dags/tutorial.py
[2025-07-23T08:23:50.378+0000] {processor.py:840} INFO - DAG(s) 'tutorial' retrieved from /home/airflow/.local/lib/python3.12/site-packages/airflow/example_dags/tutorial.py
[2025-07-23T08:23:50.483+0000] {logging_mixin.py:188} INFO - [2025-07-23T08:23:50.480+0000] {dag.py:3096} INFO - Sync 1 DAGs
[2025-07-23T08:23:50.606+0000] {logging_mixin.py:188} INFO - [2025-07-23T08:23:50.606+0000] {dag.py:3954} INFO - Setting next_dagrun for tutorial to 2025-07-22 00:00:00+00:00, run_after=2025-07-23 00:00:00+00:00
[2025-07-23T08:23:50.787+0000] {processor.py:183} INFO - Processing /home/airflow/.local/lib/python3.12/site-packages/airflow/example_dags/tutorial.py took 0.541 seconds
[2025-07-23T08:24:22.342+0000] {processor.py:161} INFO - Started process (PID=1181) to work on /home/airflow/.local/lib/python3.12/site-packages/airflow/example_dags/tutorial.py
[2025-07-23T08:24:22.345+0000] {processor.py:830} INFO - Processing file /home/airflow/.local/lib/python3.12/site-packages/airflow/example_dags/tutorial.py for tasks to queue
[2025-07-23T08:24:22.353+0000] {logging_mixin.py:188} INFO - [2025-07-23T08:24:22.351+0000] {dagbag.py:545} INFO - Filling up the DagBag from /home/airflow/.local/lib/python3.12/site-packages/airflow/example_dags/tutorial.py
[2025-07-23T08:24:22.376+0000] {processor.py:840} INFO - DAG(s) 'tutorial' retrieved from /home/airflow/.local/lib/python3.12/site-packages/airflow/example_dags/tutorial.py
[2025-07-23T08:24:22.466+0000] {logging_mixin.py:188} INFO - [2025-07-23T08:24:22.466+0000] {dag.py:3096} INFO - Sync 1 DAGs
[2025-07-23T08:24:22.541+0000] {logging_mixin.py:188} INFO - [2025-07-23T08:24:22.541+0000] {dag.py:3954} INFO - Setting next_dagrun for tutorial to 2025-07-22 00:00:00+00:00, run_after=2025-07-23 00:00:00+00:00
[2025-07-23T08:24:22.640+0000] {processor.py:183} INFO - Processing /home/airflow/.local/lib/python3.12/site-packages/airflow/example_dags/tutorial.py took 0.350 seconds
[2025-07-23T08:24:53.323+0000] {processor.py:161} INFO - Started process (PID=1238) to work on /home/airflow/.local/lib/python3.12/site-packages/airflow/example_dags/tutorial.py
[2025-07-23T08:24:53.334+0000] {processor.py:830} INFO - Processing file /home/airflow/.local/lib/python3.12/site-packages/airflow/example_dags/tutorial.py for tasks to queue
[2025-07-23T08:24:53.347+0000] {logging_mixin.py:188} INFO - [2025-07-23T08:24:53.346+0000] {dagbag.py:545} INFO - Filling up the DagBag from /home/airflow/.local/lib/python3.12/site-packages/airflow/example_dags/tutorial.py
[2025-07-23T08:24:53.359+0000] {processor.py:840} INFO - DAG(s) 'tutorial' retrieved from /home/airflow/.local/lib/python3.12/site-packages/airflow/example_dags/tutorial.py
[2025-07-23T08:24:53.493+0000] {logging_mixin.py:188} INFO - [2025-07-23T08:24:53.493+0000] {dag.py:3096} INFO - Sync 1 DAGs
[2025-07-23T08:24:53.867+0000] {logging_mixin.py:188} INFO - [2025-07-23T08:24:53.863+0000] {dag.py:3954} INFO - Setting next_dagrun for tutorial to 2025-07-22 00:00:00+00:00, run_after=2025-07-23 00:00:00+00:00
[2025-07-23T08:24:54.028+0000] {processor.py:183} INFO - Processing /home/airflow/.local/lib/python3.12/site-packages/airflow/example_dags/tutorial.py took 0.744 seconds
[2025-07-23T08:25:25.030+0000] {processor.py:161} INFO - Started process (PID=1296) to work on /home/airflow/.local/lib/python3.12/site-packages/airflow/example_dags/tutorial.py
[2025-07-23T08:25:25.032+0000] {processor.py:830} INFO - Processing file /home/airflow/.local/lib/python3.12/site-packages/airflow/example_dags/tutorial.py for tasks to queue
[2025-07-23T08:25:25.036+0000] {logging_mixin.py:188} INFO - [2025-07-23T08:25:25.036+0000] {dagbag.py:545} INFO - Filling up the DagBag from /home/airflow/.local/lib/python3.12/site-packages/airflow/example_dags/tutorial.py
[2025-07-23T08:25:25.081+0000] {processor.py:840} INFO - DAG(s) 'tutorial' retrieved from /home/airflow/.local/lib/python3.12/site-packages/airflow/example_dags/tutorial.py
[2025-07-23T08:25:25.125+0000] {logging_mixin.py:188} INFO - [2025-07-23T08:25:25.125+0000] {dag.py:3096} INFO - Sync 1 DAGs
[2025-07-23T08:25:25.243+0000] {logging_mixin.py:188} INFO - [2025-07-23T08:25:25.243+0000] {dag.py:3954} INFO - Setting next_dagrun for tutorial to 2025-07-22 00:00:00+00:00, run_after=2025-07-23 00:00:00+00:00
[2025-07-23T08:25:25.448+0000] {processor.py:183} INFO - Processing /home/airflow/.local/lib/python3.12/site-packages/airflow/example_dags/tutorial.py took 0.457 seconds
[2025-07-23T08:25:56.445+0000] {processor.py:161} INFO - Started process (PID=1354) to work on /home/airflow/.local/lib/python3.12/site-packages/airflow/example_dags/tutorial.py
[2025-07-23T08:25:56.457+0000] {processor.py:830} INFO - Processing file /home/airflow/.local/lib/python3.12/site-packages/airflow/example_dags/tutorial.py for tasks to queue
[2025-07-23T08:25:56.468+0000] {logging_mixin.py:188} INFO - [2025-07-23T08:25:56.468+0000] {dagbag.py:545} INFO - Filling up the DagBag from /home/airflow/.local/lib/python3.12/site-packages/airflow/example_dags/tutorial.py
[2025-07-23T08:25:56.496+0000] {processor.py:840} INFO - DAG(s) 'tutorial' retrieved from /home/airflow/.local/lib/python3.12/site-packages/airflow/example_dags/tutorial.py
[2025-07-23T08:25:56.636+0000] {logging_mixin.py:188} INFO - [2025-07-23T08:25:56.635+0000] {dag.py:3096} INFO - Sync 1 DAGs
[2025-07-23T08:25:56.824+0000] {logging_mixin.py:188} INFO - [2025-07-23T08:25:56.822+0000] {dag.py:3954} INFO - Setting next_dagrun for tutorial to 2025-07-22 00:00:00+00:00, run_after=2025-07-23 00:00:00+00:00
[2025-07-23T08:25:56.942+0000] {processor.py:183} INFO - Processing /home/airflow/.local/lib/python3.12/site-packages/airflow/example_dags/tutorial.py took 0.518 seconds
[2025-07-23T08:26:27.168+0000] {processor.py:161} INFO - Started process (PID=1412) to work on /home/airflow/.local/lib/python3.12/site-packages/airflow/example_dags/tutorial.py
[2025-07-23T08:26:27.170+0000] {processor.py:830} INFO - Processing file /home/airflow/.local/lib/python3.12/site-packages/airflow/example_dags/tutorial.py for tasks to queue
[2025-07-23T08:26:27.186+0000] {logging_mixin.py:188} INFO - [2025-07-23T08:26:27.185+0000] {dagbag.py:545} INFO - Filling up the DagBag from /home/airflow/.local/lib/python3.12/site-packages/airflow/example_dags/tutorial.py
[2025-07-23T08:26:27.220+0000] {processor.py:840} INFO - DAG(s) 'tutorial' retrieved from /home/airflow/.local/lib/python3.12/site-packages/airflow/example_dags/tutorial.py
[2025-07-23T08:26:27.353+0000] {logging_mixin.py:188} INFO - [2025-07-23T08:26:27.353+0000] {dag.py:3096} INFO - Sync 1 DAGs
[2025-07-23T08:26:27.434+0000] {logging_mixin.py:188} INFO - [2025-07-23T08:26:27.431+0000] {dag.py:3954} INFO - Setting next_dagrun for tutorial to 2025-07-22 00:00:00+00:00, run_after=2025-07-23 00:00:00+00:00
[2025-07-23T08:26:27.494+0000] {processor.py:183} INFO - Processing /home/airflow/.local/lib/python3.12/site-packages/airflow/example_dags/tutorial.py took 0.389 seconds
[2025-07-23T08:26:57.577+0000] {processor.py:161} INFO - Started process (PID=1469) to work on /home/airflow/.local/lib/python3.12/site-packages/airflow/example_dags/tutorial.py
[2025-07-23T08:26:57.579+0000] {processor.py:830} INFO - Processing file /home/airflow/.local/lib/python3.12/site-packages/airflow/example_dags/tutorial.py for tasks to queue
[2025-07-23T08:26:57.583+0000] {logging_mixin.py:188} INFO - [2025-07-23T08:26:57.582+0000] {dagbag.py:545} INFO - Filling up the DagBag from /home/airflow/.local/lib/python3.12/site-packages/airflow/example_dags/tutorial.py
[2025-07-23T08:26:57.594+0000] {processor.py:840} INFO - DAG(s) 'tutorial' retrieved from /home/airflow/.local/lib/python3.12/site-packages/airflow/example_dags/tutorial.py
[2025-07-23T08:26:57.665+0000] {logging_mixin.py:188} INFO - [2025-07-23T08:26:57.665+0000] {dag.py:3096} INFO - Sync 1 DAGs
[2025-07-23T08:26:57.745+0000] {logging_mixin.py:188} INFO - [2025-07-23T08:26:57.744+0000] {dag.py:3954} INFO - Setting next_dagrun for tutorial to 2025-07-22 00:00:00+00:00, run_after=2025-07-23 00:00:00+00:00
[2025-07-23T08:26:57.806+0000] {processor.py:183} INFO - Processing /home/airflow/.local/lib/python3.12/site-packages/airflow/example_dags/tutorial.py took 0.242 seconds
[2025-07-23T08:27:41.689+0000] {processor.py:161} INFO - Started process (PID=1533) to work on /home/airflow/.local/lib/python3.12/site-packages/airflow/example_dags/tutorial.py
[2025-07-23T08:27:41.763+0000] {processor.py:830} INFO - Processing file /home/airflow/.local/lib/python3.12/site-packages/airflow/example_dags/tutorial.py for tasks to queue
[2025-07-23T08:27:41.816+0000] {logging_mixin.py:188} INFO - [2025-07-23T08:27:41.815+0000] {dagbag.py:545} INFO - Filling up the DagBag from /home/airflow/.local/lib/python3.12/site-packages/airflow/example_dags/tutorial.py
[2025-07-23T08:27:41.960+0000] {processor.py:840} INFO - DAG(s) 'tutorial' retrieved from /home/airflow/.local/lib/python3.12/site-packages/airflow/example_dags/tutorial.py
[2025-07-23T08:27:42.349+0000] {logging_mixin.py:188} INFO - [2025-07-23T08:27:42.340+0000] {dag.py:3096} INFO - Sync 1 DAGs
[2025-07-23T08:27:43.218+0000] {logging_mixin.py:188} INFO - [2025-07-23T08:27:43.218+0000] {dag.py:3954} INFO - Setting next_dagrun for tutorial to 2025-07-22 00:00:00+00:00, run_after=2025-07-23 00:00:00+00:00
[2025-07-23T08:27:43.716+0000] {processor.py:183} INFO - Processing /home/airflow/.local/lib/python3.12/site-packages/airflow/example_dags/tutorial.py took 2.083 seconds
[2025-07-23T08:28:14.651+0000] {processor.py:161} INFO - Started process (PID=1592) to work on /home/airflow/.local/lib/python3.12/site-packages/airflow/example_dags/tutorial.py
[2025-07-23T08:28:14.653+0000] {processor.py:830} INFO - Processing file /home/airflow/.local/lib/python3.12/site-packages/airflow/example_dags/tutorial.py for tasks to queue
[2025-07-23T08:28:14.662+0000] {logging_mixin.py:188} INFO - [2025-07-23T08:28:14.661+0000] {dagbag.py:545} INFO - Filling up the DagBag from /home/airflow/.local/lib/python3.12/site-packages/airflow/example_dags/tutorial.py
[2025-07-23T08:28:14.686+0000] {processor.py:840} INFO - DAG(s) 'tutorial' retrieved from /home/airflow/.local/lib/python3.12/site-packages/airflow/example_dags/tutorial.py
[2025-07-23T08:28:14.794+0000] {logging_mixin.py:188} INFO - [2025-07-23T08:28:14.794+0000] {dag.py:3096} INFO - Sync 1 DAGs
[2025-07-23T08:28:14.859+0000] {logging_mixin.py:188} INFO - [2025-07-23T08:28:14.859+0000] {dag.py:3954} INFO - Setting next_dagrun for tutorial to 2025-07-22 00:00:00+00:00, run_after=2025-07-23 00:00:00+00:00
[2025-07-23T08:28:15.007+0000] {processor.py:183} INFO - Processing /home/airflow/.local/lib/python3.12/site-packages/airflow/example_dags/tutorial.py took 0.371 seconds
[2025-07-23T08:28:45.844+0000] {processor.py:161} INFO - Started process (PID=1651) to work on /home/airflow/.local/lib/python3.12/site-packages/airflow/example_dags/tutorial.py
[2025-07-23T08:28:45.847+0000] {processor.py:830} INFO - Processing file /home/airflow/.local/lib/python3.12/site-packages/airflow/example_dags/tutorial.py for tasks to queue
[2025-07-23T08:28:45.855+0000] {logging_mixin.py:188} INFO - [2025-07-23T08:28:45.853+0000] {dagbag.py:545} INFO - Filling up the DagBag from /home/airflow/.local/lib/python3.12/site-packages/airflow/example_dags/tutorial.py
[2025-07-23T08:28:45.895+0000] {processor.py:840} INFO - DAG(s) 'tutorial' retrieved from /home/airflow/.local/lib/python3.12/site-packages/airflow/example_dags/tutorial.py
[2025-07-23T08:28:46.012+0000] {logging_mixin.py:188} INFO - [2025-07-23T08:28:46.011+0000] {dag.py:3096} INFO - Sync 1 DAGs
[2025-07-23T08:28:46.154+0000] {logging_mixin.py:188} INFO - [2025-07-23T08:28:46.154+0000] {dag.py:3954} INFO - Setting next_dagrun for tutorial to 2025-07-22 00:00:00+00:00, run_after=2025-07-23 00:00:00+00:00
[2025-07-23T08:28:46.330+0000] {processor.py:183} INFO - Processing /home/airflow/.local/lib/python3.12/site-packages/airflow/example_dags/tutorial.py took 0.528 seconds
[2025-07-23T08:29:16.594+0000] {processor.py:161} INFO - Started process (PID=1709) to work on /home/airflow/.local/lib/python3.12/site-packages/airflow/example_dags/tutorial.py
[2025-07-23T08:29:16.596+0000] {processor.py:830} INFO - Processing file /home/airflow/.local/lib/python3.12/site-packages/airflow/example_dags/tutorial.py for tasks to queue
[2025-07-23T08:29:16.600+0000] {logging_mixin.py:188} INFO - [2025-07-23T08:29:16.599+0000] {dagbag.py:545} INFO - Filling up the DagBag from /home/airflow/.local/lib/python3.12/site-packages/airflow/example_dags/tutorial.py
[2025-07-23T08:29:16.613+0000] {processor.py:840} INFO - DAG(s) 'tutorial' retrieved from /home/airflow/.local/lib/python3.12/site-packages/airflow/example_dags/tutorial.py
[2025-07-23T08:29:16.657+0000] {logging_mixin.py:188} INFO - [2025-07-23T08:29:16.656+0000] {dag.py:3096} INFO - Sync 1 DAGs
[2025-07-23T08:29:16.711+0000] {logging_mixin.py:188} INFO - [2025-07-23T08:29:16.710+0000] {dag.py:3954} INFO - Setting next_dagrun for tutorial to 2025-07-22 00:00:00+00:00, run_after=2025-07-23 00:00:00+00:00
[2025-07-23T08:29:16.755+0000] {processor.py:183} INFO - Processing /home/airflow/.local/lib/python3.12/site-packages/airflow/example_dags/tutorial.py took 0.173 seconds
[2025-07-23T08:29:47.815+0000] {processor.py:161} INFO - Started process (PID=1766) to work on /home/airflow/.local/lib/python3.12/site-packages/airflow/example_dags/tutorial.py
[2025-07-23T08:29:47.828+0000] {processor.py:830} INFO - Processing file /home/airflow/.local/lib/python3.12/site-packages/airflow/example_dags/tutorial.py for tasks to queue
[2025-07-23T08:29:47.838+0000] {logging_mixin.py:188} INFO - [2025-07-23T08:29:47.837+0000] {dagbag.py:545} INFO - Filling up the DagBag from /home/airflow/.local/lib/python3.12/site-packages/airflow/example_dags/tutorial.py
[2025-07-23T08:29:47.861+0000] {processor.py:840} INFO - DAG(s) 'tutorial' retrieved from /home/airflow/.local/lib/python3.12/site-packages/airflow/example_dags/tutorial.py
[2025-07-23T08:29:47.930+0000] {logging_mixin.py:188} INFO - [2025-07-23T08:29:47.930+0000] {dag.py:3096} INFO - Sync 1 DAGs
[2025-07-23T08:29:48.035+0000] {logging_mixin.py:188} INFO - [2025-07-23T08:29:48.035+0000] {dag.py:3954} INFO - Setting next_dagrun for tutorial to 2025-07-22 00:00:00+00:00, run_after=2025-07-23 00:00:00+00:00
[2025-07-23T08:29:48.173+0000] {processor.py:183} INFO - Processing /home/airflow/.local/lib/python3.12/site-packages/airflow/example_dags/tutorial.py took 0.385 seconds
[2025-07-23T08:30:18.744+0000] {processor.py:161} INFO - Started process (PID=1824) to work on /home/airflow/.local/lib/python3.12/site-packages/airflow/example_dags/tutorial.py
[2025-07-23T08:30:18.761+0000] {processor.py:830} INFO - Processing file /home/airflow/.local/lib/python3.12/site-packages/airflow/example_dags/tutorial.py for tasks to queue
[2025-07-23T08:30:18.765+0000] {logging_mixin.py:188} INFO - [2025-07-23T08:30:18.764+0000] {dagbag.py:545} INFO - Filling up the DagBag from /home/airflow/.local/lib/python3.12/site-packages/airflow/example_dags/tutorial.py
[2025-07-23T08:30:18.791+0000] {processor.py:840} INFO - DAG(s) 'tutorial' retrieved from /home/airflow/.local/lib/python3.12/site-packages/airflow/example_dags/tutorial.py
[2025-07-23T08:30:18.879+0000] {logging_mixin.py:188} INFO - [2025-07-23T08:30:18.878+0000] {dag.py:3096} INFO - Sync 1 DAGs
[2025-07-23T08:30:18.970+0000] {logging_mixin.py:188} INFO - [2025-07-23T08:30:18.970+0000] {dag.py:3954} INFO - Setting next_dagrun for tutorial to 2025-07-22 00:00:00+00:00, run_after=2025-07-23 00:00:00+00:00
[2025-07-23T08:30:19.048+0000] {processor.py:183} INFO - Processing /home/airflow/.local/lib/python3.12/site-packages/airflow/example_dags/tutorial.py took 0.337 seconds
[2025-07-23T08:30:49.586+0000] {processor.py:161} INFO - Started process (PID=1881) to work on /home/airflow/.local/lib/python3.12/site-packages/airflow/example_dags/tutorial.py
[2025-07-23T08:30:49.592+0000] {processor.py:830} INFO - Processing file /home/airflow/.local/lib/python3.12/site-packages/airflow/example_dags/tutorial.py for tasks to queue
[2025-07-23T08:30:49.604+0000] {logging_mixin.py:188} INFO - [2025-07-23T08:30:49.603+0000] {dagbag.py:545} INFO - Filling up the DagBag from /home/airflow/.local/lib/python3.12/site-packages/airflow/example_dags/tutorial.py
[2025-07-23T08:30:49.626+0000] {processor.py:840} INFO - DAG(s) 'tutorial' retrieved from /home/airflow/.local/lib/python3.12/site-packages/airflow/example_dags/tutorial.py
[2025-07-23T08:30:49.717+0000] {logging_mixin.py:188} INFO - [2025-07-23T08:30:49.717+0000] {dag.py:3096} INFO - Sync 1 DAGs
[2025-07-23T08:30:49.854+0000] {logging_mixin.py:188} INFO - [2025-07-23T08:30:49.853+0000] {dag.py:3954} INFO - Setting next_dagrun for tutorial to 2025-07-22 00:00:00+00:00, run_after=2025-07-23 00:00:00+00:00
[2025-07-23T08:30:49.954+0000] {processor.py:183} INFO - Processing /home/airflow/.local/lib/python3.12/site-packages/airflow/example_dags/tutorial.py took 0.380 seconds
[2025-07-23T08:31:20.653+0000] {processor.py:161} INFO - Started process (PID=1940) to work on /home/airflow/.local/lib/python3.12/site-packages/airflow/example_dags/tutorial.py
[2025-07-23T08:31:20.663+0000] {processor.py:830} INFO - Processing file /home/airflow/.local/lib/python3.12/site-packages/airflow/example_dags/tutorial.py for tasks to queue
[2025-07-23T08:31:20.669+0000] {logging_mixin.py:188} INFO - [2025-07-23T08:31:20.668+0000] {dagbag.py:545} INFO - Filling up the DagBag from /home/airflow/.local/lib/python3.12/site-packages/airflow/example_dags/tutorial.py
[2025-07-23T08:31:20.710+0000] {processor.py:840} INFO - DAG(s) 'tutorial' retrieved from /home/airflow/.local/lib/python3.12/site-packages/airflow/example_dags/tutorial.py
[2025-07-23T08:31:20.835+0000] {logging_mixin.py:188} INFO - [2025-07-23T08:31:20.832+0000] {dag.py:3096} INFO - Sync 1 DAGs
[2025-07-23T08:31:21.114+0000] {logging_mixin.py:188} INFO - [2025-07-23T08:31:21.113+0000] {dag.py:3954} INFO - Setting next_dagrun for tutorial to 2025-07-22 00:00:00+00:00, run_after=2025-07-23 00:00:00+00:00
[2025-07-23T08:31:21.211+0000] {processor.py:183} INFO - Processing /home/airflow/.local/lib/python3.12/site-packages/airflow/example_dags/tutorial.py took 0.586 seconds
[2025-07-23T08:31:53.056+0000] {processor.py:161} INFO - Started process (PID=1998) to work on /home/airflow/.local/lib/python3.12/site-packages/airflow/example_dags/tutorial.py
[2025-07-23T08:31:53.058+0000] {processor.py:830} INFO - Processing file /home/airflow/.local/lib/python3.12/site-packages/airflow/example_dags/tutorial.py for tasks to queue
[2025-07-23T08:31:53.062+0000] {logging_mixin.py:188} INFO - [2025-07-23T08:31:53.062+0000] {dagbag.py:545} INFO - Filling up the DagBag from /home/airflow/.local/lib/python3.12/site-packages/airflow/example_dags/tutorial.py
[2025-07-23T08:31:53.077+0000] {processor.py:840} INFO - DAG(s) 'tutorial' retrieved from /home/airflow/.local/lib/python3.12/site-packages/airflow/example_dags/tutorial.py
[2025-07-23T08:31:53.131+0000] {logging_mixin.py:188} INFO - [2025-07-23T08:31:53.130+0000] {dag.py:3096} INFO - Sync 1 DAGs
[2025-07-23T08:31:53.196+0000] {logging_mixin.py:188} INFO - [2025-07-23T08:31:53.195+0000] {dag.py:3954} INFO - Setting next_dagrun for tutorial to 2025-07-22 00:00:00+00:00, run_after=2025-07-23 00:00:00+00:00
[2025-07-23T08:31:53.584+0000] {processor.py:183} INFO - Processing /home/airflow/.local/lib/python3.12/site-packages/airflow/example_dags/tutorial.py took 0.547 seconds
[2025-07-23T08:32:25.192+0000] {processor.py:161} INFO - Started process (PID=2057) to work on /home/airflow/.local/lib/python3.12/site-packages/airflow/example_dags/tutorial.py
[2025-07-23T08:32:25.201+0000] {processor.py:830} INFO - Processing file /home/airflow/.local/lib/python3.12/site-packages/airflow/example_dags/tutorial.py for tasks to queue
[2025-07-23T08:32:25.210+0000] {logging_mixin.py:188} INFO - [2025-07-23T08:32:25.209+0000] {dagbag.py:545} INFO - Filling up the DagBag from /home/airflow/.local/lib/python3.12/site-packages/airflow/example_dags/tutorial.py
[2025-07-23T08:32:25.257+0000] {processor.py:840} INFO - DAG(s) 'tutorial' retrieved from /home/airflow/.local/lib/python3.12/site-packages/airflow/example_dags/tutorial.py
[2025-07-23T08:32:25.365+0000] {logging_mixin.py:188} INFO - [2025-07-23T08:32:25.364+0000] {dag.py:3096} INFO - Sync 1 DAGs
[2025-07-23T08:32:25.460+0000] {logging_mixin.py:188} INFO - [2025-07-23T08:32:25.459+0000] {dag.py:3954} INFO - Setting next_dagrun for tutorial to 2025-07-22 00:00:00+00:00, run_after=2025-07-23 00:00:00+00:00
[2025-07-23T08:32:25.567+0000] {processor.py:183} INFO - Processing /home/airflow/.local/lib/python3.12/site-packages/airflow/example_dags/tutorial.py took 0.432 seconds
[2025-07-23T08:35:06.165+0000] {processor.py:161} INFO - Started process (PID=89) to work on /home/airflow/.local/lib/python3.12/site-packages/airflow/example_dags/tutorial.py
[2025-07-23T08:35:06.167+0000] {processor.py:830} INFO - Processing file /home/airflow/.local/lib/python3.12/site-packages/airflow/example_dags/tutorial.py for tasks to queue
[2025-07-23T08:35:06.171+0000] {logging_mixin.py:188} INFO - [2025-07-23T08:35:06.170+0000] {dagbag.py:545} INFO - Filling up the DagBag from /home/airflow/.local/lib/python3.12/site-packages/airflow/example_dags/tutorial.py
[2025-07-23T08:35:06.190+0000] {processor.py:840} INFO - DAG(s) 'tutorial' retrieved from /home/airflow/.local/lib/python3.12/site-packages/airflow/example_dags/tutorial.py
[2025-07-23T08:35:06.578+0000] {logging_mixin.py:188} INFO - [2025-07-23T08:35:06.578+0000] {dag.py:3096} INFO - Sync 1 DAGs
[2025-07-23T08:35:06.753+0000] {logging_mixin.py:188} INFO - [2025-07-23T08:35:06.752+0000] {dag.py:3954} INFO - Setting next_dagrun for tutorial to 2025-07-22 00:00:00+00:00, run_after=2025-07-23 00:00:00+00:00
[2025-07-23T08:35:06.810+0000] {processor.py:183} INFO - Processing /home/airflow/.local/lib/python3.12/site-packages/airflow/example_dags/tutorial.py took 0.551 seconds
[2025-07-23T08:35:40.563+0000] {processor.py:161} INFO - Started process (PID=153) to work on /home/airflow/.local/lib/python3.12/site-packages/airflow/example_dags/tutorial.py
[2025-07-23T08:35:40.580+0000] {processor.py:830} INFO - Processing file /home/airflow/.local/lib/python3.12/site-packages/airflow/example_dags/tutorial.py for tasks to queue
[2025-07-23T08:35:40.585+0000] {logging_mixin.py:188} INFO - [2025-07-23T08:35:40.584+0000] {dagbag.py:545} INFO - Filling up the DagBag from /home/airflow/.local/lib/python3.12/site-packages/airflow/example_dags/tutorial.py
[2025-07-23T08:35:40.625+0000] {processor.py:840} INFO - DAG(s) 'tutorial' retrieved from /home/airflow/.local/lib/python3.12/site-packages/airflow/example_dags/tutorial.py
[2025-07-23T08:35:40.807+0000] {logging_mixin.py:188} INFO - [2025-07-23T08:35:40.806+0000] {dag.py:3096} INFO - Sync 1 DAGs
[2025-07-23T08:35:40.989+0000] {logging_mixin.py:188} INFO - [2025-07-23T08:35:40.988+0000] {dag.py:3954} INFO - Setting next_dagrun for tutorial to 2025-07-22 00:00:00+00:00, run_after=2025-07-23 00:00:00+00:00
[2025-07-23T08:35:41.119+0000] {processor.py:183} INFO - Processing /home/airflow/.local/lib/python3.12/site-packages/airflow/example_dags/tutorial.py took 0.586 seconds
[2025-07-23T08:36:11.909+0000] {processor.py:161} INFO - Started process (PID=211) to work on /home/airflow/.local/lib/python3.12/site-packages/airflow/example_dags/tutorial.py
[2025-07-23T08:36:11.913+0000] {processor.py:830} INFO - Processing file /home/airflow/.local/lib/python3.12/site-packages/airflow/example_dags/tutorial.py for tasks to queue
[2025-07-23T08:36:11.921+0000] {logging_mixin.py:188} INFO - [2025-07-23T08:36:11.920+0000] {dagbag.py:545} INFO - Filling up the DagBag from /home/airflow/.local/lib/python3.12/site-packages/airflow/example_dags/tutorial.py
[2025-07-23T08:36:11.946+0000] {processor.py:840} INFO - DAG(s) 'tutorial' retrieved from /home/airflow/.local/lib/python3.12/site-packages/airflow/example_dags/tutorial.py
[2025-07-23T08:36:12.008+0000] {logging_mixin.py:188} INFO - [2025-07-23T08:36:12.007+0000] {dag.py:3096} INFO - Sync 1 DAGs
[2025-07-23T08:36:12.096+0000] {logging_mixin.py:188} INFO - [2025-07-23T08:36:12.096+0000] {dag.py:3954} INFO - Setting next_dagrun for tutorial to 2025-07-22 00:00:00+00:00, run_after=2025-07-23 00:00:00+00:00
[2025-07-23T08:36:12.167+0000] {processor.py:183} INFO - Processing /home/airflow/.local/lib/python3.12/site-packages/airflow/example_dags/tutorial.py took 0.321 seconds
[2025-07-23T08:36:43.786+0000] {processor.py:161} INFO - Started process (PID=270) to work on /home/airflow/.local/lib/python3.12/site-packages/airflow/example_dags/tutorial.py
[2025-07-23T08:36:43.794+0000] {processor.py:830} INFO - Processing file /home/airflow/.local/lib/python3.12/site-packages/airflow/example_dags/tutorial.py for tasks to queue
[2025-07-23T08:36:43.805+0000] {logging_mixin.py:188} INFO - [2025-07-23T08:36:43.804+0000] {dagbag.py:545} INFO - Filling up the DagBag from /home/airflow/.local/lib/python3.12/site-packages/airflow/example_dags/tutorial.py
[2025-07-23T08:36:43.832+0000] {processor.py:840} INFO - DAG(s) 'tutorial' retrieved from /home/airflow/.local/lib/python3.12/site-packages/airflow/example_dags/tutorial.py
[2025-07-23T08:36:43.972+0000] {logging_mixin.py:188} INFO - [2025-07-23T08:36:43.971+0000] {dag.py:3096} INFO - Sync 1 DAGs
[2025-07-23T08:36:44.122+0000] {logging_mixin.py:188} INFO - [2025-07-23T08:36:44.121+0000] {dag.py:3954} INFO - Setting next_dagrun for tutorial to 2025-07-22 00:00:00+00:00, run_after=2025-07-23 00:00:00+00:00
[2025-07-23T08:36:44.245+0000] {processor.py:183} INFO - Processing /home/airflow/.local/lib/python3.12/site-packages/airflow/example_dags/tutorial.py took 0.475 seconds
[2025-07-23T08:37:14.880+0000] {processor.py:161} INFO - Started process (PID=329) to work on /home/airflow/.local/lib/python3.12/site-packages/airflow/example_dags/tutorial.py
[2025-07-23T08:37:14.897+0000] {processor.py:830} INFO - Processing file /home/airflow/.local/lib/python3.12/site-packages/airflow/example_dags/tutorial.py for tasks to queue
[2025-07-23T08:37:14.917+0000] {logging_mixin.py:188} INFO - [2025-07-23T08:37:14.916+0000] {dagbag.py:545} INFO - Filling up the DagBag from /home/airflow/.local/lib/python3.12/site-packages/airflow/example_dags/tutorial.py
[2025-07-23T08:37:14.955+0000] {processor.py:840} INFO - DAG(s) 'tutorial' retrieved from /home/airflow/.local/lib/python3.12/site-packages/airflow/example_dags/tutorial.py
[2025-07-23T08:37:15.224+0000] {logging_mixin.py:188} INFO - [2025-07-23T08:37:15.196+0000] {dag.py:3096} INFO - Sync 1 DAGs
[2025-07-23T08:37:15.467+0000] {logging_mixin.py:188} INFO - [2025-07-23T08:37:15.467+0000] {dag.py:3954} INFO - Setting next_dagrun for tutorial to 2025-07-22 00:00:00+00:00, run_after=2025-07-23 00:00:00+00:00
[2025-07-23T08:37:15.679+0000] {processor.py:183} INFO - Processing /home/airflow/.local/lib/python3.12/site-packages/airflow/example_dags/tutorial.py took 0.819 seconds
[2025-07-23T08:37:48.073+0000] {processor.py:161} INFO - Started process (PID=386) to work on /home/airflow/.local/lib/python3.12/site-packages/airflow/example_dags/tutorial.py
[2025-07-23T08:37:48.096+0000] {processor.py:830} INFO - Processing file /home/airflow/.local/lib/python3.12/site-packages/airflow/example_dags/tutorial.py for tasks to queue
[2025-07-23T08:37:48.118+0000] {logging_mixin.py:188} INFO - [2025-07-23T08:37:48.117+0000] {dagbag.py:545} INFO - Filling up the DagBag from /home/airflow/.local/lib/python3.12/site-packages/airflow/example_dags/tutorial.py
[2025-07-23T08:37:48.174+0000] {processor.py:840} INFO - DAG(s) 'tutorial' retrieved from /home/airflow/.local/lib/python3.12/site-packages/airflow/example_dags/tutorial.py
[2025-07-23T08:37:48.341+0000] {logging_mixin.py:188} INFO - [2025-07-23T08:37:48.340+0000] {dag.py:3096} INFO - Sync 1 DAGs
[2025-07-23T08:37:48.597+0000] {logging_mixin.py:188} INFO - [2025-07-23T08:37:48.596+0000] {dag.py:3954} INFO - Setting next_dagrun for tutorial to 2025-07-22 00:00:00+00:00, run_after=2025-07-23 00:00:00+00:00
[2025-07-23T08:37:48.833+0000] {processor.py:183} INFO - Processing /home/airflow/.local/lib/python3.12/site-packages/airflow/example_dags/tutorial.py took 0.809 seconds
[2025-07-23T08:38:37.706+0000] {processor.py:161} INFO - Started process (PID=444) to work on /home/airflow/.local/lib/python3.12/site-packages/airflow/example_dags/tutorial.py
[2025-07-23T08:38:37.736+0000] {processor.py:830} INFO - Processing file /home/airflow/.local/lib/python3.12/site-packages/airflow/example_dags/tutorial.py for tasks to queue
[2025-07-23T08:38:37.752+0000] {logging_mixin.py:188} INFO - [2025-07-23T08:38:37.742+0000] {dagbag.py:545} INFO - Filling up the DagBag from /home/airflow/.local/lib/python3.12/site-packages/airflow/example_dags/tutorial.py
[2025-07-23T08:38:37.800+0000] {processor.py:840} INFO - DAG(s) 'tutorial' retrieved from /home/airflow/.local/lib/python3.12/site-packages/airflow/example_dags/tutorial.py
[2025-07-23T08:38:37.960+0000] {logging_mixin.py:188} INFO - [2025-07-23T08:38:37.959+0000] {dag.py:3096} INFO - Sync 1 DAGs
[2025-07-23T08:38:38.268+0000] {logging_mixin.py:188} INFO - [2025-07-23T08:38:38.268+0000] {dag.py:3954} INFO - Setting next_dagrun for tutorial to 2025-07-22 00:00:00+00:00, run_after=2025-07-23 00:00:00+00:00
[2025-07-23T08:38:38.541+0000] {processor.py:183} INFO - Processing /home/airflow/.local/lib/python3.12/site-packages/airflow/example_dags/tutorial.py took 0.913 seconds
[2025-07-23T08:39:45.693+0000] {processor.py:161} INFO - Started process (PID=508) to work on /home/airflow/.local/lib/python3.12/site-packages/airflow/example_dags/tutorial.py
[2025-07-23T08:39:45.697+0000] {processor.py:830} INFO - Processing file /home/airflow/.local/lib/python3.12/site-packages/airflow/example_dags/tutorial.py for tasks to queue
[2025-07-23T08:39:45.759+0000] {logging_mixin.py:188} INFO - [2025-07-23T08:39:45.758+0000] {dagbag.py:545} INFO - Filling up the DagBag from /home/airflow/.local/lib/python3.12/site-packages/airflow/example_dags/tutorial.py
[2025-07-23T08:39:45.968+0000] {processor.py:840} INFO - DAG(s) 'tutorial' retrieved from /home/airflow/.local/lib/python3.12/site-packages/airflow/example_dags/tutorial.py
[2025-07-23T08:39:46.349+0000] {logging_mixin.py:188} INFO - [2025-07-23T08:39:46.349+0000] {dag.py:3096} INFO - Sync 1 DAGs
[2025-07-23T08:39:46.700+0000] {logging_mixin.py:188} INFO - [2025-07-23T08:39:46.700+0000] {dag.py:3954} INFO - Setting next_dagrun for tutorial to 2025-07-22 00:00:00+00:00, run_after=2025-07-23 00:00:00+00:00
[2025-07-23T08:39:47.166+0000] {processor.py:183} INFO - Processing /home/airflow/.local/lib/python3.12/site-packages/airflow/example_dags/tutorial.py took 1.615 seconds
[2025-07-23T08:40:27.372+0000] {processor.py:161} INFO - Started process (PID=569) to work on /home/airflow/.local/lib/python3.12/site-packages/airflow/example_dags/tutorial.py
[2025-07-23T08:40:27.386+0000] {processor.py:830} INFO - Processing file /home/airflow/.local/lib/python3.12/site-packages/airflow/example_dags/tutorial.py for tasks to queue
[2025-07-23T08:40:27.403+0000] {logging_mixin.py:188} INFO - [2025-07-23T08:40:27.402+0000] {dagbag.py:545} INFO - Filling up the DagBag from /home/airflow/.local/lib/python3.12/site-packages/airflow/example_dags/tutorial.py
[2025-07-23T08:40:27.513+0000] {processor.py:840} INFO - DAG(s) 'tutorial' retrieved from /home/airflow/.local/lib/python3.12/site-packages/airflow/example_dags/tutorial.py
[2025-07-23T08:40:27.728+0000] {logging_mixin.py:188} INFO - [2025-07-23T08:40:27.727+0000] {dag.py:3096} INFO - Sync 1 DAGs
[2025-07-23T08:40:28.025+0000] {logging_mixin.py:188} INFO - [2025-07-23T08:40:28.024+0000] {dag.py:3954} INFO - Setting next_dagrun for tutorial to 2025-07-22 00:00:00+00:00, run_after=2025-07-23 00:00:00+00:00
[2025-07-23T08:40:28.291+0000] {processor.py:183} INFO - Processing /home/airflow/.local/lib/python3.12/site-packages/airflow/example_dags/tutorial.py took 1.054 seconds
[2025-07-23T09:00:54.999+0000] {processor.py:161} INFO - Started process (PID=59) to work on /home/airflow/.local/lib/python3.12/site-packages/airflow/example_dags/tutorial.py
[2025-07-23T09:00:55.015+0000] {processor.py:830} INFO - Processing file /home/airflow/.local/lib/python3.12/site-packages/airflow/example_dags/tutorial.py for tasks to queue
[2025-07-23T09:00:55.061+0000] {logging_mixin.py:188} INFO - [2025-07-23T09:00:55.032+0000] {dagbag.py:545} INFO - Filling up the DagBag from /home/airflow/.local/lib/python3.12/site-packages/airflow/example_dags/tutorial.py
[2025-07-23T09:00:55.213+0000] {processor.py:840} INFO - DAG(s) 'tutorial' retrieved from /home/airflow/.local/lib/python3.12/site-packages/airflow/example_dags/tutorial.py
[2025-07-23T09:00:55.430+0000] {logging_mixin.py:188} INFO - [2025-07-23T09:00:55.429+0000] {dag.py:3096} INFO - Sync 1 DAGs
[2025-07-23T09:00:55.679+0000] {logging_mixin.py:188} INFO - [2025-07-23T09:00:55.678+0000] {dag.py:3954} INFO - Setting next_dagrun for tutorial to 2025-07-22 00:00:00+00:00, run_after=2025-07-23 00:00:00+00:00
[2025-07-23T09:00:55.980+0000] {processor.py:183} INFO - Processing /home/airflow/.local/lib/python3.12/site-packages/airflow/example_dags/tutorial.py took 1.070 seconds
[2025-07-23T09:01:40.254+0000] {processor.py:161} INFO - Started process (PID=118) to work on /home/airflow/.local/lib/python3.12/site-packages/airflow/example_dags/tutorial.py
[2025-07-23T09:01:40.268+0000] {processor.py:830} INFO - Processing file /home/airflow/.local/lib/python3.12/site-packages/airflow/example_dags/tutorial.py for tasks to queue
[2025-07-23T09:01:40.301+0000] {logging_mixin.py:188} INFO - [2025-07-23T09:01:40.301+0000] {dagbag.py:545} INFO - Filling up the DagBag from /home/airflow/.local/lib/python3.12/site-packages/airflow/example_dags/tutorial.py
[2025-07-23T09:01:40.397+0000] {processor.py:840} INFO - DAG(s) 'tutorial' retrieved from /home/airflow/.local/lib/python3.12/site-packages/airflow/example_dags/tutorial.py
[2025-07-23T09:01:40.825+0000] {logging_mixin.py:188} INFO - [2025-07-23T09:01:40.824+0000] {dag.py:3096} INFO - Sync 1 DAGs
[2025-07-23T09:01:41.815+0000] {logging_mixin.py:188} INFO - [2025-07-23T09:01:41.815+0000] {dag.py:3954} INFO - Setting next_dagrun for tutorial to 2025-07-22 00:00:00+00:00, run_after=2025-07-23 00:00:00+00:00
[2025-07-23T09:01:42.199+0000] {processor.py:183} INFO - Processing /home/airflow/.local/lib/python3.12/site-packages/airflow/example_dags/tutorial.py took 2.031 seconds
[2025-07-23T09:02:15.451+0000] {processor.py:161} INFO - Started process (PID=177) to work on /home/airflow/.local/lib/python3.12/site-packages/airflow/example_dags/tutorial.py
[2025-07-23T09:02:15.468+0000] {processor.py:830} INFO - Processing file /home/airflow/.local/lib/python3.12/site-packages/airflow/example_dags/tutorial.py for tasks to queue
[2025-07-23T09:02:15.494+0000] {logging_mixin.py:188} INFO - [2025-07-23T09:02:15.493+0000] {dagbag.py:545} INFO - Filling up the DagBag from /home/airflow/.local/lib/python3.12/site-packages/airflow/example_dags/tutorial.py
[2025-07-23T09:02:15.580+0000] {processor.py:840} INFO - DAG(s) 'tutorial' retrieved from /home/airflow/.local/lib/python3.12/site-packages/airflow/example_dags/tutorial.py
[2025-07-23T09:02:15.761+0000] {logging_mixin.py:188} INFO - [2025-07-23T09:02:15.760+0000] {dag.py:3096} INFO - Sync 1 DAGs
[2025-07-23T09:02:15.961+0000] {logging_mixin.py:188} INFO - [2025-07-23T09:02:15.960+0000] {dag.py:3954} INFO - Setting next_dagrun for tutorial to 2025-07-22 00:00:00+00:00, run_after=2025-07-23 00:00:00+00:00
[2025-07-23T09:02:16.124+0000] {processor.py:183} INFO - Processing /home/airflow/.local/lib/python3.12/site-packages/airflow/example_dags/tutorial.py took 0.719 seconds
[2025-07-23T09:02:50.278+0000] {processor.py:161} INFO - Started process (PID=233) to work on /home/airflow/.local/lib/python3.12/site-packages/airflow/example_dags/tutorial.py
[2025-07-23T09:02:50.281+0000] {processor.py:830} INFO - Processing file /home/airflow/.local/lib/python3.12/site-packages/airflow/example_dags/tutorial.py for tasks to queue
[2025-07-23T09:02:50.283+0000] {logging_mixin.py:188} INFO - [2025-07-23T09:02:50.282+0000] {dagbag.py:545} INFO - Filling up the DagBag from /home/airflow/.local/lib/python3.12/site-packages/airflow/example_dags/tutorial.py
[2025-07-23T09:02:50.317+0000] {processor.py:840} INFO - DAG(s) 'tutorial' retrieved from /home/airflow/.local/lib/python3.12/site-packages/airflow/example_dags/tutorial.py
[2025-07-23T09:02:50.502+0000] {logging_mixin.py:188} INFO - [2025-07-23T09:02:50.501+0000] {dag.py:3096} INFO - Sync 1 DAGs
[2025-07-23T09:02:50.627+0000] {logging_mixin.py:188} INFO - [2025-07-23T09:02:50.627+0000] {dag.py:3954} INFO - Setting next_dagrun for tutorial to 2025-07-22 00:00:00+00:00, run_after=2025-07-23 00:00:00+00:00
[2025-07-23T09:02:50.872+0000] {processor.py:183} INFO - Processing /home/airflow/.local/lib/python3.12/site-packages/airflow/example_dags/tutorial.py took 0.628 seconds
[2025-07-23T09:03:21.384+0000] {processor.py:161} INFO - Started process (PID=285) to work on /home/airflow/.local/lib/python3.12/site-packages/airflow/example_dags/tutorial.py
[2025-07-23T09:03:21.396+0000] {processor.py:830} INFO - Processing file /home/airflow/.local/lib/python3.12/site-packages/airflow/example_dags/tutorial.py for tasks to queue
[2025-07-23T09:03:21.413+0000] {logging_mixin.py:188} INFO - [2025-07-23T09:03:21.412+0000] {dagbag.py:545} INFO - Filling up the DagBag from /home/airflow/.local/lib/python3.12/site-packages/airflow/example_dags/tutorial.py
[2025-07-23T09:03:21.441+0000] {processor.py:840} INFO - DAG(s) 'tutorial' retrieved from /home/airflow/.local/lib/python3.12/site-packages/airflow/example_dags/tutorial.py
[2025-07-23T09:03:21.590+0000] {logging_mixin.py:188} INFO - [2025-07-23T09:03:21.589+0000] {dag.py:3096} INFO - Sync 1 DAGs
[2025-07-23T09:03:21.665+0000] {logging_mixin.py:188} INFO - [2025-07-23T09:03:21.664+0000] {dag.py:3954} INFO - Setting next_dagrun for tutorial to 2025-07-22 00:00:00+00:00, run_after=2025-07-23 00:00:00+00:00
[2025-07-23T09:03:21.729+0000] {processor.py:183} INFO - Processing /home/airflow/.local/lib/python3.12/site-packages/airflow/example_dags/tutorial.py took 0.365 seconds
[2025-07-23T09:03:52.111+0000] {processor.py:161} INFO - Started process (PID=344) to work on /home/airflow/.local/lib/python3.12/site-packages/airflow/example_dags/tutorial.py
[2025-07-23T09:03:52.113+0000] {processor.py:830} INFO - Processing file /home/airflow/.local/lib/python3.12/site-packages/airflow/example_dags/tutorial.py for tasks to queue
[2025-07-23T09:03:52.116+0000] {logging_mixin.py:188} INFO - [2025-07-23T09:03:52.115+0000] {dagbag.py:545} INFO - Filling up the DagBag from /home/airflow/.local/lib/python3.12/site-packages/airflow/example_dags/tutorial.py
[2025-07-23T09:03:52.137+0000] {processor.py:840} INFO - DAG(s) 'tutorial' retrieved from /home/airflow/.local/lib/python3.12/site-packages/airflow/example_dags/tutorial.py
[2025-07-23T09:03:52.195+0000] {logging_mixin.py:188} INFO - [2025-07-23T09:03:52.195+0000] {dag.py:3096} INFO - Sync 1 DAGs
[2025-07-23T09:03:52.243+0000] {logging_mixin.py:188} INFO - [2025-07-23T09:03:52.242+0000] {dag.py:3954} INFO - Setting next_dagrun for tutorial to 2025-07-22 00:00:00+00:00, run_after=2025-07-23 00:00:00+00:00
[2025-07-23T09:03:52.291+0000] {processor.py:183} INFO - Processing /home/airflow/.local/lib/python3.12/site-packages/airflow/example_dags/tutorial.py took 0.198 seconds
[2025-07-23T09:04:31.723+0000] {processor.py:161} INFO - Started process (PID=403) to work on /home/airflow/.local/lib/python3.12/site-packages/airflow/example_dags/tutorial.py
[2025-07-23T09:04:31.725+0000] {processor.py:830} INFO - Processing file /home/airflow/.local/lib/python3.12/site-packages/airflow/example_dags/tutorial.py for tasks to queue
[2025-07-23T09:04:31.728+0000] {logging_mixin.py:188} INFO - [2025-07-23T09:04:31.727+0000] {dagbag.py:545} INFO - Filling up the DagBag from /home/airflow/.local/lib/python3.12/site-packages/airflow/example_dags/tutorial.py
[2025-07-23T09:04:31.740+0000] {processor.py:840} INFO - DAG(s) 'tutorial' retrieved from /home/airflow/.local/lib/python3.12/site-packages/airflow/example_dags/tutorial.py
[2025-07-23T09:04:31.792+0000] {logging_mixin.py:188} INFO - [2025-07-23T09:04:31.789+0000] {dag.py:3096} INFO - Sync 1 DAGs
[2025-07-23T09:04:31.931+0000] {logging_mixin.py:188} INFO - [2025-07-23T09:04:31.931+0000] {dag.py:3954} INFO - Setting next_dagrun for tutorial to 2025-07-22 00:00:00+00:00, run_after=2025-07-23 00:00:00+00:00
[2025-07-23T09:04:32.022+0000] {processor.py:183} INFO - Processing /home/airflow/.local/lib/python3.12/site-packages/airflow/example_dags/tutorial.py took 0.312 seconds
[2025-07-23T09:05:03.006+0000] {processor.py:161} INFO - Started process (PID=462) to work on /home/airflow/.local/lib/python3.12/site-packages/airflow/example_dags/tutorial.py
[2025-07-23T09:05:03.007+0000] {processor.py:830} INFO - Processing file /home/airflow/.local/lib/python3.12/site-packages/airflow/example_dags/tutorial.py for tasks to queue
[2025-07-23T09:05:03.010+0000] {logging_mixin.py:188} INFO - [2025-07-23T09:05:03.008+0000] {dagbag.py:545} INFO - Filling up the DagBag from /home/airflow/.local/lib/python3.12/site-packages/airflow/example_dags/tutorial.py
[2025-07-23T09:05:03.021+0000] {processor.py:840} INFO - DAG(s) 'tutorial' retrieved from /home/airflow/.local/lib/python3.12/site-packages/airflow/example_dags/tutorial.py
[2025-07-23T09:05:03.051+0000] {logging_mixin.py:188} INFO - [2025-07-23T09:05:03.050+0000] {dag.py:3096} INFO - Sync 1 DAGs
[2025-07-23T09:05:03.110+0000] {logging_mixin.py:188} INFO - [2025-07-23T09:05:03.109+0000] {dag.py:3954} INFO - Setting next_dagrun for tutorial to 2025-07-22 00:00:00+00:00, run_after=2025-07-23 00:00:00+00:00
[2025-07-23T09:05:03.153+0000] {processor.py:183} INFO - Processing /home/airflow/.local/lib/python3.12/site-packages/airflow/example_dags/tutorial.py took 0.158 seconds
[2025-07-23T09:05:35.555+0000] {processor.py:161} INFO - Started process (PID=522) to work on /home/airflow/.local/lib/python3.12/site-packages/airflow/example_dags/tutorial.py
[2025-07-23T09:05:35.558+0000] {processor.py:830} INFO - Processing file /home/airflow/.local/lib/python3.12/site-packages/airflow/example_dags/tutorial.py for tasks to queue
[2025-07-23T09:05:35.560+0000] {logging_mixin.py:188} INFO - [2025-07-23T09:05:35.559+0000] {dagbag.py:545} INFO - Filling up the DagBag from /home/airflow/.local/lib/python3.12/site-packages/airflow/example_dags/tutorial.py
[2025-07-23T09:05:35.580+0000] {processor.py:840} INFO - DAG(s) 'tutorial' retrieved from /home/airflow/.local/lib/python3.12/site-packages/airflow/example_dags/tutorial.py
[2025-07-23T09:05:35.974+0000] {logging_mixin.py:188} INFO - [2025-07-23T09:05:35.974+0000] {dag.py:3096} INFO - Sync 1 DAGs
[2025-07-23T09:05:36.033+0000] {logging_mixin.py:188} INFO - [2025-07-23T09:05:36.033+0000] {dag.py:3954} INFO - Setting next_dagrun for tutorial to 2025-07-22 00:00:00+00:00, run_after=2025-07-23 00:00:00+00:00
[2025-07-23T09:05:36.131+0000] {processor.py:183} INFO - Processing /home/airflow/.local/lib/python3.12/site-packages/airflow/example_dags/tutorial.py took 0.590 seconds
[2025-07-23T09:06:06.496+0000] {processor.py:161} INFO - Started process (PID=581) to work on /home/airflow/.local/lib/python3.12/site-packages/airflow/example_dags/tutorial.py
[2025-07-23T09:06:06.498+0000] {processor.py:830} INFO - Processing file /home/airflow/.local/lib/python3.12/site-packages/airflow/example_dags/tutorial.py for tasks to queue
[2025-07-23T09:06:06.500+0000] {logging_mixin.py:188} INFO - [2025-07-23T09:06:06.499+0000] {dagbag.py:545} INFO - Filling up the DagBag from /home/airflow/.local/lib/python3.12/site-packages/airflow/example_dags/tutorial.py
[2025-07-23T09:06:06.513+0000] {processor.py:840} INFO - DAG(s) 'tutorial' retrieved from /home/airflow/.local/lib/python3.12/site-packages/airflow/example_dags/tutorial.py
[2025-07-23T09:06:06.558+0000] {logging_mixin.py:188} INFO - [2025-07-23T09:06:06.558+0000] {dag.py:3096} INFO - Sync 1 DAGs
[2025-07-23T09:06:06.611+0000] {logging_mixin.py:188} INFO - [2025-07-23T09:06:06.610+0000] {dag.py:3954} INFO - Setting next_dagrun for tutorial to 2025-07-22 00:00:00+00:00, run_after=2025-07-23 00:00:00+00:00
[2025-07-23T09:06:06.649+0000] {processor.py:183} INFO - Processing /home/airflow/.local/lib/python3.12/site-packages/airflow/example_dags/tutorial.py took 0.187 seconds
[2025-07-23T09:06:36.804+0000] {processor.py:161} INFO - Started process (PID=633) to work on /home/airflow/.local/lib/python3.12/site-packages/airflow/example_dags/tutorial.py
[2025-07-23T09:06:36.806+0000] {processor.py:830} INFO - Processing file /home/airflow/.local/lib/python3.12/site-packages/airflow/example_dags/tutorial.py for tasks to queue
[2025-07-23T09:06:36.807+0000] {logging_mixin.py:188} INFO - [2025-07-23T09:06:36.807+0000] {dagbag.py:545} INFO - Filling up the DagBag from /home/airflow/.local/lib/python3.12/site-packages/airflow/example_dags/tutorial.py
[2025-07-23T09:06:36.815+0000] {processor.py:840} INFO - DAG(s) 'tutorial' retrieved from /home/airflow/.local/lib/python3.12/site-packages/airflow/example_dags/tutorial.py
[2025-07-23T09:06:36.845+0000] {logging_mixin.py:188} INFO - [2025-07-23T09:06:36.844+0000] {dag.py:3096} INFO - Sync 1 DAGs
[2025-07-23T09:06:36.876+0000] {logging_mixin.py:188} INFO - [2025-07-23T09:06:36.876+0000] {dag.py:3954} INFO - Setting next_dagrun for tutorial to 2025-07-22 00:00:00+00:00, run_after=2025-07-23 00:00:00+00:00
[2025-07-23T09:06:36.906+0000] {processor.py:183} INFO - Processing /home/airflow/.local/lib/python3.12/site-packages/airflow/example_dags/tutorial.py took 0.112 seconds
[2025-07-23T09:07:07.065+0000] {processor.py:161} INFO - Started process (PID=692) to work on /home/airflow/.local/lib/python3.12/site-packages/airflow/example_dags/tutorial.py
[2025-07-23T09:07:07.067+0000] {processor.py:830} INFO - Processing file /home/airflow/.local/lib/python3.12/site-packages/airflow/example_dags/tutorial.py for tasks to queue
[2025-07-23T09:07:07.069+0000] {logging_mixin.py:188} INFO - [2025-07-23T09:07:07.068+0000] {dagbag.py:545} INFO - Filling up the DagBag from /home/airflow/.local/lib/python3.12/site-packages/airflow/example_dags/tutorial.py
[2025-07-23T09:07:07.085+0000] {processor.py:840} INFO - DAG(s) 'tutorial' retrieved from /home/airflow/.local/lib/python3.12/site-packages/airflow/example_dags/tutorial.py
[2025-07-23T09:07:07.122+0000] {logging_mixin.py:188} INFO - [2025-07-23T09:07:07.122+0000] {dag.py:3096} INFO - Sync 1 DAGs
[2025-07-23T09:07:07.198+0000] {logging_mixin.py:188} INFO - [2025-07-23T09:07:07.195+0000] {dag.py:3954} INFO - Setting next_dagrun for tutorial to 2025-07-22 00:00:00+00:00, run_after=2025-07-23 00:00:00+00:00
[2025-07-23T09:07:07.250+0000] {processor.py:183} INFO - Processing /home/airflow/.local/lib/python3.12/site-packages/airflow/example_dags/tutorial.py took 0.199 seconds
