[2025-07-23T08:14:08.508+0000] {processor.py:161} INFO - Started process (PID=103) to work on /home/airflow/.local/lib/python3.12/site-packages/airflow/example_dags/tutorial_taskflow_api_virtualenv.py
[2025-07-23T08:14:08.530+0000] {processor.py:830} INFO - Processing file /home/airflow/.local/lib/python3.12/site-packages/airflow/example_dags/tutorial_taskflow_api_virtualenv.py for tasks to queue
[2025-07-23T08:14:08.535+0000] {logging_mixin.py:188} INFO - [2025-07-23T08:14:08.534+0000] {dagbag.py:545} INFO - Filling up the DagBag from /home/airflow/.local/lib/python3.12/site-packages/airflow/example_dags/tutorial_taskflow_api_virtualenv.py
[2025-07-23T08:14:08.604+0000] {processor.py:840} INFO - DAG(s) 'tutorial_taskflow_api_virtualenv' retrieved from /home/airflow/.local/lib/python3.12/site-packages/airflow/example_dags/tutorial_taskflow_api_virtualenv.py
[2025-07-23T08:14:09.451+0000] {logging_mixin.py:188} INFO - [2025-07-23T08:14:09.451+0000] {dag.py:3096} INFO - Sync 1 DAGs
[2025-07-23T08:14:09.525+0000] {logging_mixin.py:188} INFO - [2025-07-23T08:14:09.525+0000] {dag.py:3954} INFO - Setting next_dagrun for tutorial_taskflow_api_virtualenv to None, run_after=None
[2025-07-23T08:14:09.679+0000] {processor.py:183} INFO - Processing /home/airflow/.local/lib/python3.12/site-packages/airflow/example_dags/tutorial_taskflow_api_virtualenv.py took 1.204 seconds
[2025-07-23T08:14:39.965+0000] {processor.py:161} INFO - Started process (PID=160) to work on /home/airflow/.local/lib/python3.12/site-packages/airflow/example_dags/tutorial_taskflow_api_virtualenv.py
[2025-07-23T08:14:39.967+0000] {processor.py:830} INFO - Processing file /home/airflow/.local/lib/python3.12/site-packages/airflow/example_dags/tutorial_taskflow_api_virtualenv.py for tasks to queue
[2025-07-23T08:14:39.971+0000] {logging_mixin.py:188} INFO - [2025-07-23T08:14:39.970+0000] {dagbag.py:545} INFO - Filling up the DagBag from /home/airflow/.local/lib/python3.12/site-packages/airflow/example_dags/tutorial_taskflow_api_virtualenv.py
[2025-07-23T08:14:40.000+0000] {processor.py:840} INFO - DAG(s) 'tutorial_taskflow_api_virtualenv' retrieved from /home/airflow/.local/lib/python3.12/site-packages/airflow/example_dags/tutorial_taskflow_api_virtualenv.py
[2025-07-23T08:14:40.044+0000] {logging_mixin.py:188} INFO - [2025-07-23T08:14:40.043+0000] {dag.py:3096} INFO - Sync 1 DAGs
[2025-07-23T08:14:40.076+0000] {logging_mixin.py:188} INFO - [2025-07-23T08:14:40.075+0000] {dag.py:3954} INFO - Setting next_dagrun for tutorial_taskflow_api_virtualenv to None, run_after=None
[2025-07-23T08:14:40.123+0000] {processor.py:183} INFO - Processing /home/airflow/.local/lib/python3.12/site-packages/airflow/example_dags/tutorial_taskflow_api_virtualenv.py took 0.175 seconds
[2025-07-23T08:15:10.444+0000] {processor.py:161} INFO - Started process (PID=218) to work on /home/airflow/.local/lib/python3.12/site-packages/airflow/example_dags/tutorial_taskflow_api_virtualenv.py
[2025-07-23T08:15:10.447+0000] {processor.py:830} INFO - Processing file /home/airflow/.local/lib/python3.12/site-packages/airflow/example_dags/tutorial_taskflow_api_virtualenv.py for tasks to queue
[2025-07-23T08:15:10.453+0000] {logging_mixin.py:188} INFO - [2025-07-23T08:15:10.452+0000] {dagbag.py:545} INFO - Filling up the DagBag from /home/airflow/.local/lib/python3.12/site-packages/airflow/example_dags/tutorial_taskflow_api_virtualenv.py
[2025-07-23T08:15:10.542+0000] {processor.py:840} INFO - DAG(s) 'tutorial_taskflow_api_virtualenv' retrieved from /home/airflow/.local/lib/python3.12/site-packages/airflow/example_dags/tutorial_taskflow_api_virtualenv.py
[2025-07-23T08:15:10.666+0000] {logging_mixin.py:188} INFO - [2025-07-23T08:15:10.666+0000] {dag.py:3096} INFO - Sync 1 DAGs
[2025-07-23T08:15:10.729+0000] {logging_mixin.py:188} INFO - [2025-07-23T08:15:10.729+0000] {dag.py:3954} INFO - Setting next_dagrun for tutorial_taskflow_api_virtualenv to None, run_after=None
[2025-07-23T08:15:10.865+0000] {processor.py:183} INFO - Processing /home/airflow/.local/lib/python3.12/site-packages/airflow/example_dags/tutorial_taskflow_api_virtualenv.py took 0.474 seconds
[2025-07-23T08:15:42.190+0000] {processor.py:161} INFO - Started process (PID=275) to work on /home/airflow/.local/lib/python3.12/site-packages/airflow/example_dags/tutorial_taskflow_api_virtualenv.py
[2025-07-23T08:15:42.202+0000] {processor.py:830} INFO - Processing file /home/airflow/.local/lib/python3.12/site-packages/airflow/example_dags/tutorial_taskflow_api_virtualenv.py for tasks to queue
[2025-07-23T08:15:42.209+0000] {logging_mixin.py:188} INFO - [2025-07-23T08:15:42.207+0000] {dagbag.py:545} INFO - Filling up the DagBag from /home/airflow/.local/lib/python3.12/site-packages/airflow/example_dags/tutorial_taskflow_api_virtualenv.py
[2025-07-23T08:15:42.325+0000] {processor.py:840} INFO - DAG(s) 'tutorial_taskflow_api_virtualenv' retrieved from /home/airflow/.local/lib/python3.12/site-packages/airflow/example_dags/tutorial_taskflow_api_virtualenv.py
[2025-07-23T08:15:42.519+0000] {logging_mixin.py:188} INFO - [2025-07-23T08:15:42.518+0000] {dag.py:3096} INFO - Sync 1 DAGs
[2025-07-23T08:15:42.629+0000] {logging_mixin.py:188} INFO - [2025-07-23T08:15:42.629+0000] {dag.py:3954} INFO - Setting next_dagrun for tutorial_taskflow_api_virtualenv to None, run_after=None
[2025-07-23T08:15:42.775+0000] {processor.py:183} INFO - Processing /home/airflow/.local/lib/python3.12/site-packages/airflow/example_dags/tutorial_taskflow_api_virtualenv.py took 0.688 seconds
[2025-07-23T08:16:14.068+0000] {processor.py:161} INFO - Started process (PID=333) to work on /home/airflow/.local/lib/python3.12/site-packages/airflow/example_dags/tutorial_taskflow_api_virtualenv.py
[2025-07-23T08:16:14.093+0000] {processor.py:830} INFO - Processing file /home/airflow/.local/lib/python3.12/site-packages/airflow/example_dags/tutorial_taskflow_api_virtualenv.py for tasks to queue
[2025-07-23T08:16:14.113+0000] {logging_mixin.py:188} INFO - [2025-07-23T08:16:14.112+0000] {dagbag.py:545} INFO - Filling up the DagBag from /home/airflow/.local/lib/python3.12/site-packages/airflow/example_dags/tutorial_taskflow_api_virtualenv.py
[2025-07-23T08:16:14.244+0000] {processor.py:840} INFO - DAG(s) 'tutorial_taskflow_api_virtualenv' retrieved from /home/airflow/.local/lib/python3.12/site-packages/airflow/example_dags/tutorial_taskflow_api_virtualenv.py
[2025-07-23T08:16:14.646+0000] {logging_mixin.py:188} INFO - [2025-07-23T08:16:14.644+0000] {dag.py:3096} INFO - Sync 1 DAGs
[2025-07-23T08:16:14.870+0000] {logging_mixin.py:188} INFO - [2025-07-23T08:16:14.869+0000] {dag.py:3954} INFO - Setting next_dagrun for tutorial_taskflow_api_virtualenv to None, run_after=None
[2025-07-23T08:16:15.259+0000] {processor.py:183} INFO - Processing /home/airflow/.local/lib/python3.12/site-packages/airflow/example_dags/tutorial_taskflow_api_virtualenv.py took 1.287 seconds
[2025-07-23T08:16:46.180+0000] {processor.py:161} INFO - Started process (PID=391) to work on /home/airflow/.local/lib/python3.12/site-packages/airflow/example_dags/tutorial_taskflow_api_virtualenv.py
[2025-07-23T08:16:46.183+0000] {processor.py:830} INFO - Processing file /home/airflow/.local/lib/python3.12/site-packages/airflow/example_dags/tutorial_taskflow_api_virtualenv.py for tasks to queue
[2025-07-23T08:16:46.196+0000] {logging_mixin.py:188} INFO - [2025-07-23T08:16:46.196+0000] {dagbag.py:545} INFO - Filling up the DagBag from /home/airflow/.local/lib/python3.12/site-packages/airflow/example_dags/tutorial_taskflow_api_virtualenv.py
[2025-07-23T08:16:46.254+0000] {processor.py:840} INFO - DAG(s) 'tutorial_taskflow_api_virtualenv' retrieved from /home/airflow/.local/lib/python3.12/site-packages/airflow/example_dags/tutorial_taskflow_api_virtualenv.py
[2025-07-23T08:16:46.349+0000] {logging_mixin.py:188} INFO - [2025-07-23T08:16:46.349+0000] {dag.py:3096} INFO - Sync 1 DAGs
[2025-07-23T08:16:46.473+0000] {logging_mixin.py:188} INFO - [2025-07-23T08:16:46.472+0000] {dag.py:3954} INFO - Setting next_dagrun for tutorial_taskflow_api_virtualenv to None, run_after=None
[2025-07-23T08:16:46.612+0000] {processor.py:183} INFO - Processing /home/airflow/.local/lib/python3.12/site-packages/airflow/example_dags/tutorial_taskflow_api_virtualenv.py took 0.496 seconds
[2025-07-23T08:17:18.791+0000] {processor.py:161} INFO - Started process (PID=449) to work on /home/airflow/.local/lib/python3.12/site-packages/airflow/example_dags/tutorial_taskflow_api_virtualenv.py
[2025-07-23T08:17:18.800+0000] {processor.py:830} INFO - Processing file /home/airflow/.local/lib/python3.12/site-packages/airflow/example_dags/tutorial_taskflow_api_virtualenv.py for tasks to queue
[2025-07-23T08:17:18.804+0000] {logging_mixin.py:188} INFO - [2025-07-23T08:17:18.803+0000] {dagbag.py:545} INFO - Filling up the DagBag from /home/airflow/.local/lib/python3.12/site-packages/airflow/example_dags/tutorial_taskflow_api_virtualenv.py
[2025-07-23T08:17:18.838+0000] {processor.py:840} INFO - DAG(s) 'tutorial_taskflow_api_virtualenv' retrieved from /home/airflow/.local/lib/python3.12/site-packages/airflow/example_dags/tutorial_taskflow_api_virtualenv.py
[2025-07-23T08:17:18.880+0000] {logging_mixin.py:188} INFO - [2025-07-23T08:17:18.880+0000] {dag.py:3096} INFO - Sync 1 DAGs
[2025-07-23T08:17:18.911+0000] {logging_mixin.py:188} INFO - [2025-07-23T08:17:18.910+0000] {dag.py:3954} INFO - Setting next_dagrun for tutorial_taskflow_api_virtualenv to None, run_after=None
[2025-07-23T08:17:19.004+0000] {processor.py:183} INFO - Processing /home/airflow/.local/lib/python3.12/site-packages/airflow/example_dags/tutorial_taskflow_api_virtualenv.py took 0.237 seconds
[2025-07-23T08:17:49.435+0000] {processor.py:161} INFO - Started process (PID=506) to work on /home/airflow/.local/lib/python3.12/site-packages/airflow/example_dags/tutorial_taskflow_api_virtualenv.py
[2025-07-23T08:17:49.437+0000] {processor.py:830} INFO - Processing file /home/airflow/.local/lib/python3.12/site-packages/airflow/example_dags/tutorial_taskflow_api_virtualenv.py for tasks to queue
[2025-07-23T08:17:49.439+0000] {logging_mixin.py:188} INFO - [2025-07-23T08:17:49.439+0000] {dagbag.py:545} INFO - Filling up the DagBag from /home/airflow/.local/lib/python3.12/site-packages/airflow/example_dags/tutorial_taskflow_api_virtualenv.py
[2025-07-23T08:17:49.458+0000] {processor.py:840} INFO - DAG(s) 'tutorial_taskflow_api_virtualenv' retrieved from /home/airflow/.local/lib/python3.12/site-packages/airflow/example_dags/tutorial_taskflow_api_virtualenv.py
[2025-07-23T08:17:49.495+0000] {logging_mixin.py:188} INFO - [2025-07-23T08:17:49.495+0000] {dag.py:3096} INFO - Sync 1 DAGs
[2025-07-23T08:17:49.527+0000] {logging_mixin.py:188} INFO - [2025-07-23T08:17:49.527+0000] {dag.py:3954} INFO - Setting next_dagrun for tutorial_taskflow_api_virtualenv to None, run_after=None
[2025-07-23T08:17:49.609+0000] {processor.py:183} INFO - Processing /home/airflow/.local/lib/python3.12/site-packages/airflow/example_dags/tutorial_taskflow_api_virtualenv.py took 0.185 seconds
[2025-07-23T08:18:20.008+0000] {processor.py:161} INFO - Started process (PID=562) to work on /home/airflow/.local/lib/python3.12/site-packages/airflow/example_dags/tutorial_taskflow_api_virtualenv.py
[2025-07-23T08:18:20.010+0000] {processor.py:830} INFO - Processing file /home/airflow/.local/lib/python3.12/site-packages/airflow/example_dags/tutorial_taskflow_api_virtualenv.py for tasks to queue
[2025-07-23T08:18:20.019+0000] {logging_mixin.py:188} INFO - [2025-07-23T08:18:20.017+0000] {dagbag.py:545} INFO - Filling up the DagBag from /home/airflow/.local/lib/python3.12/site-packages/airflow/example_dags/tutorial_taskflow_api_virtualenv.py
[2025-07-23T08:18:20.091+0000] {processor.py:840} INFO - DAG(s) 'tutorial_taskflow_api_virtualenv' retrieved from /home/airflow/.local/lib/python3.12/site-packages/airflow/example_dags/tutorial_taskflow_api_virtualenv.py
[2025-07-23T08:18:20.160+0000] {logging_mixin.py:188} INFO - [2025-07-23T08:18:20.160+0000] {dag.py:3096} INFO - Sync 1 DAGs
[2025-07-23T08:18:20.231+0000] {logging_mixin.py:188} INFO - [2025-07-23T08:18:20.230+0000] {dag.py:3954} INFO - Setting next_dagrun for tutorial_taskflow_api_virtualenv to None, run_after=None
[2025-07-23T08:18:20.408+0000] {processor.py:183} INFO - Processing /home/airflow/.local/lib/python3.12/site-packages/airflow/example_dags/tutorial_taskflow_api_virtualenv.py took 0.427 seconds
[2025-07-23T08:18:50.648+0000] {processor.py:161} INFO - Started process (PID=620) to work on /home/airflow/.local/lib/python3.12/site-packages/airflow/example_dags/tutorial_taskflow_api_virtualenv.py
[2025-07-23T08:18:50.658+0000] {processor.py:830} INFO - Processing file /home/airflow/.local/lib/python3.12/site-packages/airflow/example_dags/tutorial_taskflow_api_virtualenv.py for tasks to queue
[2025-07-23T08:18:50.678+0000] {logging_mixin.py:188} INFO - [2025-07-23T08:18:50.677+0000] {dagbag.py:545} INFO - Filling up the DagBag from /home/airflow/.local/lib/python3.12/site-packages/airflow/example_dags/tutorial_taskflow_api_virtualenv.py
[2025-07-23T08:18:50.748+0000] {processor.py:840} INFO - DAG(s) 'tutorial_taskflow_api_virtualenv' retrieved from /home/airflow/.local/lib/python3.12/site-packages/airflow/example_dags/tutorial_taskflow_api_virtualenv.py
[2025-07-23T08:18:50.912+0000] {logging_mixin.py:188} INFO - [2025-07-23T08:18:50.911+0000] {dag.py:3096} INFO - Sync 1 DAGs
[2025-07-23T08:18:51.042+0000] {logging_mixin.py:188} INFO - [2025-07-23T08:18:51.042+0000] {dag.py:3954} INFO - Setting next_dagrun for tutorial_taskflow_api_virtualenv to None, run_after=None
[2025-07-23T08:18:51.355+0000] {processor.py:183} INFO - Processing /home/airflow/.local/lib/python3.12/site-packages/airflow/example_dags/tutorial_taskflow_api_virtualenv.py took 0.749 seconds
[2025-07-23T08:19:26.765+0000] {processor.py:161} INFO - Started process (PID=684) to work on /home/airflow/.local/lib/python3.12/site-packages/airflow/example_dags/tutorial_taskflow_api_virtualenv.py
[2025-07-23T08:19:26.786+0000] {processor.py:830} INFO - Processing file /home/airflow/.local/lib/python3.12/site-packages/airflow/example_dags/tutorial_taskflow_api_virtualenv.py for tasks to queue
[2025-07-23T08:19:26.792+0000] {logging_mixin.py:188} INFO - [2025-07-23T08:19:26.790+0000] {dagbag.py:545} INFO - Filling up the DagBag from /home/airflow/.local/lib/python3.12/site-packages/airflow/example_dags/tutorial_taskflow_api_virtualenv.py
[2025-07-23T08:19:26.894+0000] {processor.py:840} INFO - DAG(s) 'tutorial_taskflow_api_virtualenv' retrieved from /home/airflow/.local/lib/python3.12/site-packages/airflow/example_dags/tutorial_taskflow_api_virtualenv.py
[2025-07-23T08:19:26.975+0000] {logging_mixin.py:188} INFO - [2025-07-23T08:19:26.974+0000] {dag.py:3096} INFO - Sync 1 DAGs
[2025-07-23T08:19:27.035+0000] {logging_mixin.py:188} INFO - [2025-07-23T08:19:27.035+0000] {dag.py:3954} INFO - Setting next_dagrun for tutorial_taskflow_api_virtualenv to None, run_after=None
[2025-07-23T08:19:27.112+0000] {processor.py:183} INFO - Processing /home/airflow/.local/lib/python3.12/site-packages/airflow/example_dags/tutorial_taskflow_api_virtualenv.py took 0.453 seconds
[2025-07-23T08:19:58.644+0000] {processor.py:161} INFO - Started process (PID=741) to work on /home/airflow/.local/lib/python3.12/site-packages/airflow/example_dags/tutorial_taskflow_api_virtualenv.py
[2025-07-23T08:19:58.646+0000] {processor.py:830} INFO - Processing file /home/airflow/.local/lib/python3.12/site-packages/airflow/example_dags/tutorial_taskflow_api_virtualenv.py for tasks to queue
[2025-07-23T08:19:58.656+0000] {logging_mixin.py:188} INFO - [2025-07-23T08:19:58.656+0000] {dagbag.py:545} INFO - Filling up the DagBag from /home/airflow/.local/lib/python3.12/site-packages/airflow/example_dags/tutorial_taskflow_api_virtualenv.py
[2025-07-23T08:19:58.727+0000] {processor.py:840} INFO - DAG(s) 'tutorial_taskflow_api_virtualenv' retrieved from /home/airflow/.local/lib/python3.12/site-packages/airflow/example_dags/tutorial_taskflow_api_virtualenv.py
[2025-07-23T08:19:58.798+0000] {logging_mixin.py:188} INFO - [2025-07-23T08:19:58.792+0000] {dag.py:3096} INFO - Sync 1 DAGs
[2025-07-23T08:19:58.875+0000] {logging_mixin.py:188} INFO - [2025-07-23T08:19:58.875+0000] {dag.py:3954} INFO - Setting next_dagrun for tutorial_taskflow_api_virtualenv to None, run_after=None
[2025-07-23T08:19:59.127+0000] {processor.py:183} INFO - Processing /home/airflow/.local/lib/python3.12/site-packages/airflow/example_dags/tutorial_taskflow_api_virtualenv.py took 0.549 seconds
[2025-07-23T08:20:29.902+0000] {processor.py:161} INFO - Started process (PID=799) to work on /home/airflow/.local/lib/python3.12/site-packages/airflow/example_dags/tutorial_taskflow_api_virtualenv.py
[2025-07-23T08:20:29.928+0000] {processor.py:830} INFO - Processing file /home/airflow/.local/lib/python3.12/site-packages/airflow/example_dags/tutorial_taskflow_api_virtualenv.py for tasks to queue
[2025-07-23T08:20:29.959+0000] {logging_mixin.py:188} INFO - [2025-07-23T08:20:29.958+0000] {dagbag.py:545} INFO - Filling up the DagBag from /home/airflow/.local/lib/python3.12/site-packages/airflow/example_dags/tutorial_taskflow_api_virtualenv.py
[2025-07-23T08:20:30.051+0000] {processor.py:840} INFO - DAG(s) 'tutorial_taskflow_api_virtualenv' retrieved from /home/airflow/.local/lib/python3.12/site-packages/airflow/example_dags/tutorial_taskflow_api_virtualenv.py
[2025-07-23T08:20:30.936+0000] {logging_mixin.py:188} INFO - [2025-07-23T08:20:30.934+0000] {dag.py:3096} INFO - Sync 1 DAGs
[2025-07-23T08:20:31.063+0000] {logging_mixin.py:188} INFO - [2025-07-23T08:20:31.052+0000] {dag.py:3954} INFO - Setting next_dagrun for tutorial_taskflow_api_virtualenv to None, run_after=None
[2025-07-23T08:20:31.227+0000] {processor.py:183} INFO - Processing /home/airflow/.local/lib/python3.12/site-packages/airflow/example_dags/tutorial_taskflow_api_virtualenv.py took 1.355 seconds
[2025-07-23T08:21:07.692+0000] {processor.py:161} INFO - Started process (PID=858) to work on /home/airflow/.local/lib/python3.12/site-packages/airflow/example_dags/tutorial_taskflow_api_virtualenv.py
[2025-07-23T08:21:07.705+0000] {processor.py:830} INFO - Processing file /home/airflow/.local/lib/python3.12/site-packages/airflow/example_dags/tutorial_taskflow_api_virtualenv.py for tasks to queue
[2025-07-23T08:21:07.724+0000] {logging_mixin.py:188} INFO - [2025-07-23T08:21:07.723+0000] {dagbag.py:545} INFO - Filling up the DagBag from /home/airflow/.local/lib/python3.12/site-packages/airflow/example_dags/tutorial_taskflow_api_virtualenv.py
[2025-07-23T08:21:07.834+0000] {processor.py:840} INFO - DAG(s) 'tutorial_taskflow_api_virtualenv' retrieved from /home/airflow/.local/lib/python3.12/site-packages/airflow/example_dags/tutorial_taskflow_api_virtualenv.py
[2025-07-23T08:21:08.192+0000] {logging_mixin.py:188} INFO - [2025-07-23T08:21:08.191+0000] {dag.py:3096} INFO - Sync 1 DAGs
[2025-07-23T08:21:08.363+0000] {logging_mixin.py:188} INFO - [2025-07-23T08:21:08.363+0000] {dag.py:3954} INFO - Setting next_dagrun for tutorial_taskflow_api_virtualenv to None, run_after=None
[2025-07-23T08:21:08.570+0000] {processor.py:183} INFO - Processing /home/airflow/.local/lib/python3.12/site-packages/airflow/example_dags/tutorial_taskflow_api_virtualenv.py took 0.906 seconds
[2025-07-23T08:21:43.188+0000] {processor.py:161} INFO - Started process (PID=917) to work on /home/airflow/.local/lib/python3.12/site-packages/airflow/example_dags/tutorial_taskflow_api_virtualenv.py
[2025-07-23T08:21:43.190+0000] {processor.py:830} INFO - Processing file /home/airflow/.local/lib/python3.12/site-packages/airflow/example_dags/tutorial_taskflow_api_virtualenv.py for tasks to queue
[2025-07-23T08:21:43.206+0000] {logging_mixin.py:188} INFO - [2025-07-23T08:21:43.205+0000] {dagbag.py:545} INFO - Filling up the DagBag from /home/airflow/.local/lib/python3.12/site-packages/airflow/example_dags/tutorial_taskflow_api_virtualenv.py
[2025-07-23T08:21:43.269+0000] {processor.py:840} INFO - DAG(s) 'tutorial_taskflow_api_virtualenv' retrieved from /home/airflow/.local/lib/python3.12/site-packages/airflow/example_dags/tutorial_taskflow_api_virtualenv.py
[2025-07-23T08:21:43.378+0000] {logging_mixin.py:188} INFO - [2025-07-23T08:21:43.377+0000] {dag.py:3096} INFO - Sync 1 DAGs
[2025-07-23T08:21:43.459+0000] {logging_mixin.py:188} INFO - [2025-07-23T08:21:43.458+0000] {dag.py:3954} INFO - Setting next_dagrun for tutorial_taskflow_api_virtualenv to None, run_after=None
[2025-07-23T08:21:43.570+0000] {processor.py:183} INFO - Processing /home/airflow/.local/lib/python3.12/site-packages/airflow/example_dags/tutorial_taskflow_api_virtualenv.py took 0.431 seconds
[2025-07-23T08:22:15.827+0000] {processor.py:161} INFO - Started process (PID=975) to work on /home/airflow/.local/lib/python3.12/site-packages/airflow/example_dags/tutorial_taskflow_api_virtualenv.py
[2025-07-23T08:22:15.842+0000] {processor.py:830} INFO - Processing file /home/airflow/.local/lib/python3.12/site-packages/airflow/example_dags/tutorial_taskflow_api_virtualenv.py for tasks to queue
[2025-07-23T08:22:15.855+0000] {logging_mixin.py:188} INFO - [2025-07-23T08:22:15.854+0000] {dagbag.py:545} INFO - Filling up the DagBag from /home/airflow/.local/lib/python3.12/site-packages/airflow/example_dags/tutorial_taskflow_api_virtualenv.py
[2025-07-23T08:22:15.944+0000] {processor.py:840} INFO - DAG(s) 'tutorial_taskflow_api_virtualenv' retrieved from /home/airflow/.local/lib/python3.12/site-packages/airflow/example_dags/tutorial_taskflow_api_virtualenv.py
[2025-07-23T08:22:16.141+0000] {logging_mixin.py:188} INFO - [2025-07-23T08:22:16.140+0000] {dag.py:3096} INFO - Sync 1 DAGs
[2025-07-23T08:22:16.283+0000] {logging_mixin.py:188} INFO - [2025-07-23T08:22:16.283+0000] {dag.py:3954} INFO - Setting next_dagrun for tutorial_taskflow_api_virtualenv to None, run_after=None
[2025-07-23T08:22:16.509+0000] {processor.py:183} INFO - Processing /home/airflow/.local/lib/python3.12/site-packages/airflow/example_dags/tutorial_taskflow_api_virtualenv.py took 0.753 seconds
[2025-07-23T08:22:47.909+0000] {processor.py:161} INFO - Started process (PID=1032) to work on /home/airflow/.local/lib/python3.12/site-packages/airflow/example_dags/tutorial_taskflow_api_virtualenv.py
[2025-07-23T08:22:47.918+0000] {processor.py:830} INFO - Processing file /home/airflow/.local/lib/python3.12/site-packages/airflow/example_dags/tutorial_taskflow_api_virtualenv.py for tasks to queue
[2025-07-23T08:22:47.951+0000] {logging_mixin.py:188} INFO - [2025-07-23T08:22:47.949+0000] {dagbag.py:545} INFO - Filling up the DagBag from /home/airflow/.local/lib/python3.12/site-packages/airflow/example_dags/tutorial_taskflow_api_virtualenv.py
[2025-07-23T08:22:48.092+0000] {processor.py:840} INFO - DAG(s) 'tutorial_taskflow_api_virtualenv' retrieved from /home/airflow/.local/lib/python3.12/site-packages/airflow/example_dags/tutorial_taskflow_api_virtualenv.py
[2025-07-23T08:22:48.382+0000] {logging_mixin.py:188} INFO - [2025-07-23T08:22:48.382+0000] {dag.py:3096} INFO - Sync 1 DAGs
[2025-07-23T08:22:48.519+0000] {logging_mixin.py:188} INFO - [2025-07-23T08:22:48.519+0000] {dag.py:3954} INFO - Setting next_dagrun for tutorial_taskflow_api_virtualenv to None, run_after=None
[2025-07-23T08:22:48.756+0000] {processor.py:183} INFO - Processing /home/airflow/.local/lib/python3.12/site-packages/airflow/example_dags/tutorial_taskflow_api_virtualenv.py took 0.984 seconds
[2025-07-23T08:23:39.619+0000] {processor.py:161} INFO - Started process (PID=1104) to work on /home/airflow/.local/lib/python3.12/site-packages/airflow/example_dags/tutorial_taskflow_api_virtualenv.py
[2025-07-23T08:23:39.642+0000] {processor.py:830} INFO - Processing file /home/airflow/.local/lib/python3.12/site-packages/airflow/example_dags/tutorial_taskflow_api_virtualenv.py for tasks to queue
[2025-07-23T08:23:39.700+0000] {logging_mixin.py:188} INFO - [2025-07-23T08:23:39.699+0000] {dagbag.py:545} INFO - Filling up the DagBag from /home/airflow/.local/lib/python3.12/site-packages/airflow/example_dags/tutorial_taskflow_api_virtualenv.py
[2025-07-23T08:23:39.895+0000] {processor.py:840} INFO - DAG(s) 'tutorial_taskflow_api_virtualenv' retrieved from /home/airflow/.local/lib/python3.12/site-packages/airflow/example_dags/tutorial_taskflow_api_virtualenv.py
[2025-07-23T08:23:40.146+0000] {logging_mixin.py:188} INFO - [2025-07-23T08:23:40.146+0000] {dag.py:3096} INFO - Sync 1 DAGs
[2025-07-23T08:23:40.340+0000] {logging_mixin.py:188} INFO - [2025-07-23T08:23:40.339+0000] {dag.py:3954} INFO - Setting next_dagrun for tutorial_taskflow_api_virtualenv to None, run_after=None
[2025-07-23T08:23:40.626+0000] {processor.py:183} INFO - Processing /home/airflow/.local/lib/python3.12/site-packages/airflow/example_dags/tutorial_taskflow_api_virtualenv.py took 1.123 seconds
[2025-07-23T08:24:11.399+0000] {processor.py:161} INFO - Started process (PID=1162) to work on /home/airflow/.local/lib/python3.12/site-packages/airflow/example_dags/tutorial_taskflow_api_virtualenv.py
[2025-07-23T08:24:11.426+0000] {processor.py:830} INFO - Processing file /home/airflow/.local/lib/python3.12/site-packages/airflow/example_dags/tutorial_taskflow_api_virtualenv.py for tasks to queue
[2025-07-23T08:24:11.445+0000] {logging_mixin.py:188} INFO - [2025-07-23T08:24:11.444+0000] {dagbag.py:545} INFO - Filling up the DagBag from /home/airflow/.local/lib/python3.12/site-packages/airflow/example_dags/tutorial_taskflow_api_virtualenv.py
[2025-07-23T08:24:11.516+0000] {processor.py:840} INFO - DAG(s) 'tutorial_taskflow_api_virtualenv' retrieved from /home/airflow/.local/lib/python3.12/site-packages/airflow/example_dags/tutorial_taskflow_api_virtualenv.py
[2025-07-23T08:24:11.891+0000] {logging_mixin.py:188} INFO - [2025-07-23T08:24:11.890+0000] {dag.py:3096} INFO - Sync 1 DAGs
[2025-07-23T08:24:12.163+0000] {logging_mixin.py:188} INFO - [2025-07-23T08:24:12.162+0000] {dag.py:3954} INFO - Setting next_dagrun for tutorial_taskflow_api_virtualenv to None, run_after=None
[2025-07-23T08:24:12.534+0000] {processor.py:183} INFO - Processing /home/airflow/.local/lib/python3.12/site-packages/airflow/example_dags/tutorial_taskflow_api_virtualenv.py took 1.190 seconds
[2025-07-23T08:24:42.911+0000] {processor.py:161} INFO - Started process (PID=1219) to work on /home/airflow/.local/lib/python3.12/site-packages/airflow/example_dags/tutorial_taskflow_api_virtualenv.py
[2025-07-23T08:24:42.913+0000] {processor.py:830} INFO - Processing file /home/airflow/.local/lib/python3.12/site-packages/airflow/example_dags/tutorial_taskflow_api_virtualenv.py for tasks to queue
[2025-07-23T08:24:42.925+0000] {logging_mixin.py:188} INFO - [2025-07-23T08:24:42.925+0000] {dagbag.py:545} INFO - Filling up the DagBag from /home/airflow/.local/lib/python3.12/site-packages/airflow/example_dags/tutorial_taskflow_api_virtualenv.py
[2025-07-23T08:24:42.967+0000] {processor.py:840} INFO - DAG(s) 'tutorial_taskflow_api_virtualenv' retrieved from /home/airflow/.local/lib/python3.12/site-packages/airflow/example_dags/tutorial_taskflow_api_virtualenv.py
[2025-07-23T08:24:43.030+0000] {logging_mixin.py:188} INFO - [2025-07-23T08:24:43.029+0000] {dag.py:3096} INFO - Sync 1 DAGs
[2025-07-23T08:24:43.066+0000] {logging_mixin.py:188} INFO - [2025-07-23T08:24:43.065+0000] {dag.py:3954} INFO - Setting next_dagrun for tutorial_taskflow_api_virtualenv to None, run_after=None
[2025-07-23T08:24:43.155+0000] {processor.py:183} INFO - Processing /home/airflow/.local/lib/python3.12/site-packages/airflow/example_dags/tutorial_taskflow_api_virtualenv.py took 0.277 seconds
[2025-07-23T08:25:13.271+0000] {processor.py:161} INFO - Started process (PID=1277) to work on /home/airflow/.local/lib/python3.12/site-packages/airflow/example_dags/tutorial_taskflow_api_virtualenv.py
[2025-07-23T08:25:13.273+0000] {processor.py:830} INFO - Processing file /home/airflow/.local/lib/python3.12/site-packages/airflow/example_dags/tutorial_taskflow_api_virtualenv.py for tasks to queue
[2025-07-23T08:25:13.278+0000] {logging_mixin.py:188} INFO - [2025-07-23T08:25:13.277+0000] {dagbag.py:545} INFO - Filling up the DagBag from /home/airflow/.local/lib/python3.12/site-packages/airflow/example_dags/tutorial_taskflow_api_virtualenv.py
[2025-07-23T08:25:13.314+0000] {processor.py:840} INFO - DAG(s) 'tutorial_taskflow_api_virtualenv' retrieved from /home/airflow/.local/lib/python3.12/site-packages/airflow/example_dags/tutorial_taskflow_api_virtualenv.py
[2025-07-23T08:25:13.371+0000] {logging_mixin.py:188} INFO - [2025-07-23T08:25:13.371+0000] {dag.py:3096} INFO - Sync 1 DAGs
[2025-07-23T08:25:13.404+0000] {logging_mixin.py:188} INFO - [2025-07-23T08:25:13.403+0000] {dag.py:3954} INFO - Setting next_dagrun for tutorial_taskflow_api_virtualenv to None, run_after=None
[2025-07-23T08:25:13.476+0000] {processor.py:183} INFO - Processing /home/airflow/.local/lib/python3.12/site-packages/airflow/example_dags/tutorial_taskflow_api_virtualenv.py took 0.218 seconds
[2025-07-23T08:25:43.942+0000] {processor.py:161} INFO - Started process (PID=1335) to work on /home/airflow/.local/lib/python3.12/site-packages/airflow/example_dags/tutorial_taskflow_api_virtualenv.py
[2025-07-23T08:25:43.944+0000] {processor.py:830} INFO - Processing file /home/airflow/.local/lib/python3.12/site-packages/airflow/example_dags/tutorial_taskflow_api_virtualenv.py for tasks to queue
[2025-07-23T08:25:43.948+0000] {logging_mixin.py:188} INFO - [2025-07-23T08:25:43.948+0000] {dagbag.py:545} INFO - Filling up the DagBag from /home/airflow/.local/lib/python3.12/site-packages/airflow/example_dags/tutorial_taskflow_api_virtualenv.py
[2025-07-23T08:25:43.970+0000] {processor.py:840} INFO - DAG(s) 'tutorial_taskflow_api_virtualenv' retrieved from /home/airflow/.local/lib/python3.12/site-packages/airflow/example_dags/tutorial_taskflow_api_virtualenv.py
[2025-07-23T08:25:44.003+0000] {logging_mixin.py:188} INFO - [2025-07-23T08:25:44.003+0000] {dag.py:3096} INFO - Sync 1 DAGs
[2025-07-23T08:25:44.029+0000] {logging_mixin.py:188} INFO - [2025-07-23T08:25:44.029+0000] {dag.py:3954} INFO - Setting next_dagrun for tutorial_taskflow_api_virtualenv to None, run_after=None
[2025-07-23T08:25:44.080+0000] {processor.py:183} INFO - Processing /home/airflow/.local/lib/python3.12/site-packages/airflow/example_dags/tutorial_taskflow_api_virtualenv.py took 0.147 seconds
[2025-07-23T08:26:14.731+0000] {processor.py:161} INFO - Started process (PID=1392) to work on /home/airflow/.local/lib/python3.12/site-packages/airflow/example_dags/tutorial_taskflow_api_virtualenv.py
[2025-07-23T08:26:14.741+0000] {processor.py:830} INFO - Processing file /home/airflow/.local/lib/python3.12/site-packages/airflow/example_dags/tutorial_taskflow_api_virtualenv.py for tasks to queue
[2025-07-23T08:26:14.747+0000] {logging_mixin.py:188} INFO - [2025-07-23T08:26:14.746+0000] {dagbag.py:545} INFO - Filling up the DagBag from /home/airflow/.local/lib/python3.12/site-packages/airflow/example_dags/tutorial_taskflow_api_virtualenv.py
[2025-07-23T08:26:14.811+0000] {processor.py:840} INFO - DAG(s) 'tutorial_taskflow_api_virtualenv' retrieved from /home/airflow/.local/lib/python3.12/site-packages/airflow/example_dags/tutorial_taskflow_api_virtualenv.py
[2025-07-23T08:26:14.969+0000] {logging_mixin.py:188} INFO - [2025-07-23T08:26:14.968+0000] {dag.py:3096} INFO - Sync 1 DAGs
[2025-07-23T08:26:15.048+0000] {logging_mixin.py:188} INFO - [2025-07-23T08:26:15.048+0000] {dag.py:3954} INFO - Setting next_dagrun for tutorial_taskflow_api_virtualenv to None, run_after=None
[2025-07-23T08:26:15.276+0000] {processor.py:183} INFO - Processing /home/airflow/.local/lib/python3.12/site-packages/airflow/example_dags/tutorial_taskflow_api_virtualenv.py took 0.577 seconds
[2025-07-23T08:26:46.060+0000] {processor.py:161} INFO - Started process (PID=1449) to work on /home/airflow/.local/lib/python3.12/site-packages/airflow/example_dags/tutorial_taskflow_api_virtualenv.py
[2025-07-23T08:26:46.069+0000] {processor.py:830} INFO - Processing file /home/airflow/.local/lib/python3.12/site-packages/airflow/example_dags/tutorial_taskflow_api_virtualenv.py for tasks to queue
[2025-07-23T08:26:46.073+0000] {logging_mixin.py:188} INFO - [2025-07-23T08:26:46.072+0000] {dagbag.py:545} INFO - Filling up the DagBag from /home/airflow/.local/lib/python3.12/site-packages/airflow/example_dags/tutorial_taskflow_api_virtualenv.py
[2025-07-23T08:26:46.127+0000] {processor.py:840} INFO - DAG(s) 'tutorial_taskflow_api_virtualenv' retrieved from /home/airflow/.local/lib/python3.12/site-packages/airflow/example_dags/tutorial_taskflow_api_virtualenv.py
[2025-07-23T08:26:46.214+0000] {logging_mixin.py:188} INFO - [2025-07-23T08:26:46.213+0000] {dag.py:3096} INFO - Sync 1 DAGs
[2025-07-23T08:26:46.294+0000] {logging_mixin.py:188} INFO - [2025-07-23T08:26:46.293+0000] {dag.py:3954} INFO - Setting next_dagrun for tutorial_taskflow_api_virtualenv to None, run_after=None
[2025-07-23T08:26:46.503+0000] {processor.py:183} INFO - Processing /home/airflow/.local/lib/python3.12/site-packages/airflow/example_dags/tutorial_taskflow_api_virtualenv.py took 0.489 seconds
[2025-07-23T08:27:24.525+0000] {processor.py:161} INFO - Started process (PID=1507) to work on /home/airflow/.local/lib/python3.12/site-packages/airflow/example_dags/tutorial_taskflow_api_virtualenv.py
[2025-07-23T08:27:24.572+0000] {processor.py:830} INFO - Processing file /home/airflow/.local/lib/python3.12/site-packages/airflow/example_dags/tutorial_taskflow_api_virtualenv.py for tasks to queue
[2025-07-23T08:27:24.633+0000] {logging_mixin.py:188} INFO - [2025-07-23T08:27:24.632+0000] {dagbag.py:545} INFO - Filling up the DagBag from /home/airflow/.local/lib/python3.12/site-packages/airflow/example_dags/tutorial_taskflow_api_virtualenv.py
[2025-07-23T08:27:24.841+0000] {processor.py:840} INFO - DAG(s) 'tutorial_taskflow_api_virtualenv' retrieved from /home/airflow/.local/lib/python3.12/site-packages/airflow/example_dags/tutorial_taskflow_api_virtualenv.py
[2025-07-23T08:27:25.173+0000] {logging_mixin.py:188} INFO - [2025-07-23T08:27:25.164+0000] {dag.py:3096} INFO - Sync 1 DAGs
[2025-07-23T08:27:25.316+0000] {logging_mixin.py:188} INFO - [2025-07-23T08:27:25.316+0000] {dag.py:3954} INFO - Setting next_dagrun for tutorial_taskflow_api_virtualenv to None, run_after=None
[2025-07-23T08:27:25.683+0000] {processor.py:183} INFO - Processing /home/airflow/.local/lib/python3.12/site-packages/airflow/example_dags/tutorial_taskflow_api_virtualenv.py took 1.225 seconds
[2025-07-23T08:27:56.567+0000] {processor.py:161} INFO - Started process (PID=1564) to work on /home/airflow/.local/lib/python3.12/site-packages/airflow/example_dags/tutorial_taskflow_api_virtualenv.py
[2025-07-23T08:27:56.569+0000] {processor.py:830} INFO - Processing file /home/airflow/.local/lib/python3.12/site-packages/airflow/example_dags/tutorial_taskflow_api_virtualenv.py for tasks to queue
[2025-07-23T08:27:56.574+0000] {logging_mixin.py:188} INFO - [2025-07-23T08:27:56.573+0000] {dagbag.py:545} INFO - Filling up the DagBag from /home/airflow/.local/lib/python3.12/site-packages/airflow/example_dags/tutorial_taskflow_api_virtualenv.py
[2025-07-23T08:27:56.629+0000] {processor.py:840} INFO - DAG(s) 'tutorial_taskflow_api_virtualenv' retrieved from /home/airflow/.local/lib/python3.12/site-packages/airflow/example_dags/tutorial_taskflow_api_virtualenv.py
[2025-07-23T08:27:56.742+0000] {logging_mixin.py:188} INFO - [2025-07-23T08:27:56.742+0000] {dag.py:3096} INFO - Sync 1 DAGs
[2025-07-23T08:27:56.808+0000] {logging_mixin.py:188} INFO - [2025-07-23T08:27:56.807+0000] {dag.py:3954} INFO - Setting next_dagrun for tutorial_taskflow_api_virtualenv to None, run_after=None
[2025-07-23T08:27:56.925+0000] {processor.py:183} INFO - Processing /home/airflow/.local/lib/python3.12/site-packages/airflow/example_dags/tutorial_taskflow_api_virtualenv.py took 0.380 seconds
[2025-07-23T08:28:28.955+0000] {processor.py:161} INFO - Started process (PID=1622) to work on /home/airflow/.local/lib/python3.12/site-packages/airflow/example_dags/tutorial_taskflow_api_virtualenv.py
[2025-07-23T08:28:28.969+0000] {processor.py:830} INFO - Processing file /home/airflow/.local/lib/python3.12/site-packages/airflow/example_dags/tutorial_taskflow_api_virtualenv.py for tasks to queue
[2025-07-23T08:28:28.975+0000] {logging_mixin.py:188} INFO - [2025-07-23T08:28:28.975+0000] {dagbag.py:545} INFO - Filling up the DagBag from /home/airflow/.local/lib/python3.12/site-packages/airflow/example_dags/tutorial_taskflow_api_virtualenv.py
[2025-07-23T08:28:29.045+0000] {processor.py:840} INFO - DAG(s) 'tutorial_taskflow_api_virtualenv' retrieved from /home/airflow/.local/lib/python3.12/site-packages/airflow/example_dags/tutorial_taskflow_api_virtualenv.py
[2025-07-23T08:28:29.205+0000] {logging_mixin.py:188} INFO - [2025-07-23T08:28:29.204+0000] {dag.py:3096} INFO - Sync 1 DAGs
[2025-07-23T08:28:29.274+0000] {logging_mixin.py:188} INFO - [2025-07-23T08:28:29.274+0000] {dag.py:3954} INFO - Setting next_dagrun for tutorial_taskflow_api_virtualenv to None, run_after=None
[2025-07-23T08:28:29.416+0000] {processor.py:183} INFO - Processing /home/airflow/.local/lib/python3.12/site-packages/airflow/example_dags/tutorial_taskflow_api_virtualenv.py took 0.501 seconds
[2025-07-23T08:29:00.284+0000] {processor.py:161} INFO - Started process (PID=1679) to work on /home/airflow/.local/lib/python3.12/site-packages/airflow/example_dags/tutorial_taskflow_api_virtualenv.py
[2025-07-23T08:29:00.303+0000] {processor.py:830} INFO - Processing file /home/airflow/.local/lib/python3.12/site-packages/airflow/example_dags/tutorial_taskflow_api_virtualenv.py for tasks to queue
[2025-07-23T08:29:00.313+0000] {logging_mixin.py:188} INFO - [2025-07-23T08:29:00.312+0000] {dagbag.py:545} INFO - Filling up the DagBag from /home/airflow/.local/lib/python3.12/site-packages/airflow/example_dags/tutorial_taskflow_api_virtualenv.py
[2025-07-23T08:29:00.417+0000] {processor.py:840} INFO - DAG(s) 'tutorial_taskflow_api_virtualenv' retrieved from /home/airflow/.local/lib/python3.12/site-packages/airflow/example_dags/tutorial_taskflow_api_virtualenv.py
[2025-07-23T08:29:00.534+0000] {logging_mixin.py:188} INFO - [2025-07-23T08:29:00.533+0000] {dag.py:3096} INFO - Sync 1 DAGs
[2025-07-23T08:29:00.573+0000] {logging_mixin.py:188} INFO - [2025-07-23T08:29:00.573+0000] {dag.py:3954} INFO - Setting next_dagrun for tutorial_taskflow_api_virtualenv to None, run_after=None
[2025-07-23T08:29:00.624+0000] {processor.py:183} INFO - Processing /home/airflow/.local/lib/python3.12/site-packages/airflow/example_dags/tutorial_taskflow_api_virtualenv.py took 0.396 seconds
[2025-07-23T08:29:31.165+0000] {processor.py:161} INFO - Started process (PID=1737) to work on /home/airflow/.local/lib/python3.12/site-packages/airflow/example_dags/tutorial_taskflow_api_virtualenv.py
[2025-07-23T08:29:31.167+0000] {processor.py:830} INFO - Processing file /home/airflow/.local/lib/python3.12/site-packages/airflow/example_dags/tutorial_taskflow_api_virtualenv.py for tasks to queue
[2025-07-23T08:29:31.188+0000] {logging_mixin.py:188} INFO - [2025-07-23T08:29:31.187+0000] {dagbag.py:545} INFO - Filling up the DagBag from /home/airflow/.local/lib/python3.12/site-packages/airflow/example_dags/tutorial_taskflow_api_virtualenv.py
[2025-07-23T08:29:31.347+0000] {processor.py:840} INFO - DAG(s) 'tutorial_taskflow_api_virtualenv' retrieved from /home/airflow/.local/lib/python3.12/site-packages/airflow/example_dags/tutorial_taskflow_api_virtualenv.py
[2025-07-23T08:29:31.491+0000] {logging_mixin.py:188} INFO - [2025-07-23T08:29:31.486+0000] {dag.py:3096} INFO - Sync 1 DAGs
[2025-07-23T08:29:31.716+0000] {logging_mixin.py:188} INFO - [2025-07-23T08:29:31.715+0000] {dag.py:3954} INFO - Setting next_dagrun for tutorial_taskflow_api_virtualenv to None, run_after=None
[2025-07-23T08:29:32.004+0000] {processor.py:183} INFO - Processing /home/airflow/.local/lib/python3.12/site-packages/airflow/example_dags/tutorial_taskflow_api_virtualenv.py took 0.856 seconds
[2025-07-23T08:30:02.608+0000] {processor.py:161} INFO - Started process (PID=1796) to work on /home/airflow/.local/lib/python3.12/site-packages/airflow/example_dags/tutorial_taskflow_api_virtualenv.py
[2025-07-23T08:30:02.610+0000] {processor.py:830} INFO - Processing file /home/airflow/.local/lib/python3.12/site-packages/airflow/example_dags/tutorial_taskflow_api_virtualenv.py for tasks to queue
[2025-07-23T08:30:02.615+0000] {logging_mixin.py:188} INFO - [2025-07-23T08:30:02.615+0000] {dagbag.py:545} INFO - Filling up the DagBag from /home/airflow/.local/lib/python3.12/site-packages/airflow/example_dags/tutorial_taskflow_api_virtualenv.py
[2025-07-23T08:30:02.638+0000] {processor.py:840} INFO - DAG(s) 'tutorial_taskflow_api_virtualenv' retrieved from /home/airflow/.local/lib/python3.12/site-packages/airflow/example_dags/tutorial_taskflow_api_virtualenv.py
[2025-07-23T08:30:02.681+0000] {logging_mixin.py:188} INFO - [2025-07-23T08:30:02.681+0000] {dag.py:3096} INFO - Sync 1 DAGs
[2025-07-23T08:30:02.711+0000] {logging_mixin.py:188} INFO - [2025-07-23T08:30:02.710+0000] {dag.py:3954} INFO - Setting next_dagrun for tutorial_taskflow_api_virtualenv to None, run_after=None
[2025-07-23T08:30:02.757+0000] {processor.py:183} INFO - Processing /home/airflow/.local/lib/python3.12/site-packages/airflow/example_dags/tutorial_taskflow_api_virtualenv.py took 0.161 seconds
[2025-07-23T08:30:33.941+0000] {processor.py:161} INFO - Started process (PID=1853) to work on /home/airflow/.local/lib/python3.12/site-packages/airflow/example_dags/tutorial_taskflow_api_virtualenv.py
[2025-07-23T08:30:33.962+0000] {processor.py:830} INFO - Processing file /home/airflow/.local/lib/python3.12/site-packages/airflow/example_dags/tutorial_taskflow_api_virtualenv.py for tasks to queue
[2025-07-23T08:30:33.972+0000] {logging_mixin.py:188} INFO - [2025-07-23T08:30:33.971+0000] {dagbag.py:545} INFO - Filling up the DagBag from /home/airflow/.local/lib/python3.12/site-packages/airflow/example_dags/tutorial_taskflow_api_virtualenv.py
[2025-07-23T08:30:34.031+0000] {processor.py:840} INFO - DAG(s) 'tutorial_taskflow_api_virtualenv' retrieved from /home/airflow/.local/lib/python3.12/site-packages/airflow/example_dags/tutorial_taskflow_api_virtualenv.py
[2025-07-23T08:30:34.112+0000] {logging_mixin.py:188} INFO - [2025-07-23T08:30:34.111+0000] {dag.py:3096} INFO - Sync 1 DAGs
[2025-07-23T08:30:34.175+0000] {logging_mixin.py:188} INFO - [2025-07-23T08:30:34.175+0000] {dag.py:3954} INFO - Setting next_dagrun for tutorial_taskflow_api_virtualenv to None, run_after=None
[2025-07-23T08:30:34.579+0000] {processor.py:183} INFO - Processing /home/airflow/.local/lib/python3.12/site-packages/airflow/example_dags/tutorial_taskflow_api_virtualenv.py took 0.665 seconds
[2025-07-23T08:31:05.056+0000] {processor.py:161} INFO - Started process (PID=1911) to work on /home/airflow/.local/lib/python3.12/site-packages/airflow/example_dags/tutorial_taskflow_api_virtualenv.py
[2025-07-23T08:31:05.058+0000] {processor.py:830} INFO - Processing file /home/airflow/.local/lib/python3.12/site-packages/airflow/example_dags/tutorial_taskflow_api_virtualenv.py for tasks to queue
[2025-07-23T08:31:05.062+0000] {logging_mixin.py:188} INFO - [2025-07-23T08:31:05.061+0000] {dagbag.py:545} INFO - Filling up the DagBag from /home/airflow/.local/lib/python3.12/site-packages/airflow/example_dags/tutorial_taskflow_api_virtualenv.py
[2025-07-23T08:31:05.125+0000] {processor.py:840} INFO - DAG(s) 'tutorial_taskflow_api_virtualenv' retrieved from /home/airflow/.local/lib/python3.12/site-packages/airflow/example_dags/tutorial_taskflow_api_virtualenv.py
[2025-07-23T08:31:05.182+0000] {logging_mixin.py:188} INFO - [2025-07-23T08:31:05.181+0000] {dag.py:3096} INFO - Sync 1 DAGs
[2025-07-23T08:31:05.213+0000] {logging_mixin.py:188} INFO - [2025-07-23T08:31:05.213+0000] {dag.py:3954} INFO - Setting next_dagrun for tutorial_taskflow_api_virtualenv to None, run_after=None
[2025-07-23T08:31:05.264+0000] {processor.py:183} INFO - Processing /home/airflow/.local/lib/python3.12/site-packages/airflow/example_dags/tutorial_taskflow_api_virtualenv.py took 0.223 seconds
[2025-07-23T08:31:35.962+0000] {processor.py:161} INFO - Started process (PID=1970) to work on /home/airflow/.local/lib/python3.12/site-packages/airflow/example_dags/tutorial_taskflow_api_virtualenv.py
[2025-07-23T08:31:35.966+0000] {processor.py:830} INFO - Processing file /home/airflow/.local/lib/python3.12/site-packages/airflow/example_dags/tutorial_taskflow_api_virtualenv.py for tasks to queue
[2025-07-23T08:31:35.981+0000] {logging_mixin.py:188} INFO - [2025-07-23T08:31:35.977+0000] {dagbag.py:545} INFO - Filling up the DagBag from /home/airflow/.local/lib/python3.12/site-packages/airflow/example_dags/tutorial_taskflow_api_virtualenv.py
[2025-07-23T08:31:36.055+0000] {processor.py:840} INFO - DAG(s) 'tutorial_taskflow_api_virtualenv' retrieved from /home/airflow/.local/lib/python3.12/site-packages/airflow/example_dags/tutorial_taskflow_api_virtualenv.py
[2025-07-23T08:31:36.140+0000] {logging_mixin.py:188} INFO - [2025-07-23T08:31:36.139+0000] {dag.py:3096} INFO - Sync 1 DAGs
[2025-07-23T08:31:36.234+0000] {logging_mixin.py:188} INFO - [2025-07-23T08:31:36.233+0000] {dag.py:3954} INFO - Setting next_dagrun for tutorial_taskflow_api_virtualenv to None, run_after=None
[2025-07-23T08:31:36.348+0000] {processor.py:183} INFO - Processing /home/airflow/.local/lib/python3.12/site-packages/airflow/example_dags/tutorial_taskflow_api_virtualenv.py took 0.404 seconds
[2025-07-23T08:32:08.697+0000] {processor.py:161} INFO - Started process (PID=2034) to work on /home/airflow/.local/lib/python3.12/site-packages/airflow/example_dags/tutorial_taskflow_api_virtualenv.py
[2025-07-23T08:32:08.747+0000] {processor.py:830} INFO - Processing file /home/airflow/.local/lib/python3.12/site-packages/airflow/example_dags/tutorial_taskflow_api_virtualenv.py for tasks to queue
[2025-07-23T08:32:08.763+0000] {logging_mixin.py:188} INFO - [2025-07-23T08:32:08.763+0000] {dagbag.py:545} INFO - Filling up the DagBag from /home/airflow/.local/lib/python3.12/site-packages/airflow/example_dags/tutorial_taskflow_api_virtualenv.py
[2025-07-23T08:32:08.860+0000] {processor.py:840} INFO - DAG(s) 'tutorial_taskflow_api_virtualenv' retrieved from /home/airflow/.local/lib/python3.12/site-packages/airflow/example_dags/tutorial_taskflow_api_virtualenv.py
[2025-07-23T08:32:09.075+0000] {logging_mixin.py:188} INFO - [2025-07-23T08:32:09.075+0000] {dag.py:3096} INFO - Sync 1 DAGs
[2025-07-23T08:32:09.307+0000] {logging_mixin.py:188} INFO - [2025-07-23T08:32:09.306+0000] {dag.py:3954} INFO - Setting next_dagrun for tutorial_taskflow_api_virtualenv to None, run_after=None
[2025-07-23T08:32:09.564+0000] {processor.py:183} INFO - Processing /home/airflow/.local/lib/python3.12/site-packages/airflow/example_dags/tutorial_taskflow_api_virtualenv.py took 0.937 seconds
[2025-07-23T08:35:10.843+0000] {processor.py:161} INFO - Started process (PID=110) to work on /home/airflow/.local/lib/python3.12/site-packages/airflow/example_dags/tutorial_taskflow_api_virtualenv.py
[2025-07-23T08:35:10.845+0000] {processor.py:830} INFO - Processing file /home/airflow/.local/lib/python3.12/site-packages/airflow/example_dags/tutorial_taskflow_api_virtualenv.py for tasks to queue
[2025-07-23T08:35:10.851+0000] {logging_mixin.py:188} INFO - [2025-07-23T08:35:10.851+0000] {dagbag.py:545} INFO - Filling up the DagBag from /home/airflow/.local/lib/python3.12/site-packages/airflow/example_dags/tutorial_taskflow_api_virtualenv.py
[2025-07-23T08:35:10.916+0000] {processor.py:840} INFO - DAG(s) 'tutorial_taskflow_api_virtualenv' retrieved from /home/airflow/.local/lib/python3.12/site-packages/airflow/example_dags/tutorial_taskflow_api_virtualenv.py
[2025-07-23T08:35:11.940+0000] {logging_mixin.py:188} INFO - [2025-07-23T08:35:11.940+0000] {dag.py:3096} INFO - Sync 1 DAGs
[2025-07-23T08:35:12.110+0000] {logging_mixin.py:188} INFO - [2025-07-23T08:35:12.110+0000] {dag.py:3954} INFO - Setting next_dagrun for tutorial_taskflow_api_virtualenv to None, run_after=None
[2025-07-23T08:35:12.389+0000] {processor.py:183} INFO - Processing /home/airflow/.local/lib/python3.12/site-packages/airflow/example_dags/tutorial_taskflow_api_virtualenv.py took 1.568 seconds
[2025-07-23T08:35:46.626+0000] {processor.py:161} INFO - Started process (PID=168) to work on /home/airflow/.local/lib/python3.12/site-packages/airflow/example_dags/tutorial_taskflow_api_virtualenv.py
[2025-07-23T08:35:46.636+0000] {processor.py:830} INFO - Processing file /home/airflow/.local/lib/python3.12/site-packages/airflow/example_dags/tutorial_taskflow_api_virtualenv.py for tasks to queue
[2025-07-23T08:35:46.640+0000] {logging_mixin.py:188} INFO - [2025-07-23T08:35:46.640+0000] {dagbag.py:545} INFO - Filling up the DagBag from /home/airflow/.local/lib/python3.12/site-packages/airflow/example_dags/tutorial_taskflow_api_virtualenv.py
[2025-07-23T08:35:46.678+0000] {processor.py:840} INFO - DAG(s) 'tutorial_taskflow_api_virtualenv' retrieved from /home/airflow/.local/lib/python3.12/site-packages/airflow/example_dags/tutorial_taskflow_api_virtualenv.py
[2025-07-23T08:35:46.721+0000] {logging_mixin.py:188} INFO - [2025-07-23T08:35:46.721+0000] {dag.py:3096} INFO - Sync 1 DAGs
[2025-07-23T08:35:46.760+0000] {logging_mixin.py:188} INFO - [2025-07-23T08:35:46.759+0000] {dag.py:3954} INFO - Setting next_dagrun for tutorial_taskflow_api_virtualenv to None, run_after=None
[2025-07-23T08:35:46.841+0000] {processor.py:183} INFO - Processing /home/airflow/.local/lib/python3.12/site-packages/airflow/example_dags/tutorial_taskflow_api_virtualenv.py took 0.243 seconds
[2025-07-23T08:36:17.926+0000] {processor.py:161} INFO - Started process (PID=226) to work on /home/airflow/.local/lib/python3.12/site-packages/airflow/example_dags/tutorial_taskflow_api_virtualenv.py
[2025-07-23T08:36:17.937+0000] {processor.py:830} INFO - Processing file /home/airflow/.local/lib/python3.12/site-packages/airflow/example_dags/tutorial_taskflow_api_virtualenv.py for tasks to queue
[2025-07-23T08:36:17.949+0000] {logging_mixin.py:188} INFO - [2025-07-23T08:36:17.949+0000] {dagbag.py:545} INFO - Filling up the DagBag from /home/airflow/.local/lib/python3.12/site-packages/airflow/example_dags/tutorial_taskflow_api_virtualenv.py
[2025-07-23T08:36:17.984+0000] {processor.py:840} INFO - DAG(s) 'tutorial_taskflow_api_virtualenv' retrieved from /home/airflow/.local/lib/python3.12/site-packages/airflow/example_dags/tutorial_taskflow_api_virtualenv.py
[2025-07-23T08:36:18.034+0000] {logging_mixin.py:188} INFO - [2025-07-23T08:36:18.033+0000] {dag.py:3096} INFO - Sync 1 DAGs
[2025-07-23T08:36:18.085+0000] {logging_mixin.py:188} INFO - [2025-07-23T08:36:18.084+0000] {dag.py:3954} INFO - Setting next_dagrun for tutorial_taskflow_api_virtualenv to None, run_after=None
[2025-07-23T08:36:18.205+0000] {processor.py:183} INFO - Processing /home/airflow/.local/lib/python3.12/site-packages/airflow/example_dags/tutorial_taskflow_api_virtualenv.py took 0.329 seconds
[2025-07-23T08:36:49.363+0000] {processor.py:161} INFO - Started process (PID=285) to work on /home/airflow/.local/lib/python3.12/site-packages/airflow/example_dags/tutorial_taskflow_api_virtualenv.py
[2025-07-23T08:36:49.365+0000] {processor.py:830} INFO - Processing file /home/airflow/.local/lib/python3.12/site-packages/airflow/example_dags/tutorial_taskflow_api_virtualenv.py for tasks to queue
[2025-07-23T08:36:49.376+0000] {logging_mixin.py:188} INFO - [2025-07-23T08:36:49.375+0000] {dagbag.py:545} INFO - Filling up the DagBag from /home/airflow/.local/lib/python3.12/site-packages/airflow/example_dags/tutorial_taskflow_api_virtualenv.py
[2025-07-23T08:36:49.465+0000] {processor.py:840} INFO - DAG(s) 'tutorial_taskflow_api_virtualenv' retrieved from /home/airflow/.local/lib/python3.12/site-packages/airflow/example_dags/tutorial_taskflow_api_virtualenv.py
[2025-07-23T08:36:49.584+0000] {logging_mixin.py:188} INFO - [2025-07-23T08:36:49.584+0000] {dag.py:3096} INFO - Sync 1 DAGs
[2025-07-23T08:36:49.651+0000] {logging_mixin.py:188} INFO - [2025-07-23T08:36:49.651+0000] {dag.py:3954} INFO - Setting next_dagrun for tutorial_taskflow_api_virtualenv to None, run_after=None
[2025-07-23T08:36:49.858+0000] {processor.py:183} INFO - Processing /home/airflow/.local/lib/python3.12/site-packages/airflow/example_dags/tutorial_taskflow_api_virtualenv.py took 0.565 seconds
[2025-07-23T08:37:20.229+0000] {processor.py:161} INFO - Started process (PID=344) to work on /home/airflow/.local/lib/python3.12/site-packages/airflow/example_dags/tutorial_taskflow_api_virtualenv.py
[2025-07-23T08:37:20.246+0000] {processor.py:830} INFO - Processing file /home/airflow/.local/lib/python3.12/site-packages/airflow/example_dags/tutorial_taskflow_api_virtualenv.py for tasks to queue
[2025-07-23T08:37:20.266+0000] {logging_mixin.py:188} INFO - [2025-07-23T08:37:20.266+0000] {dagbag.py:545} INFO - Filling up the DagBag from /home/airflow/.local/lib/python3.12/site-packages/airflow/example_dags/tutorial_taskflow_api_virtualenv.py
[2025-07-23T08:37:20.394+0000] {processor.py:840} INFO - DAG(s) 'tutorial_taskflow_api_virtualenv' retrieved from /home/airflow/.local/lib/python3.12/site-packages/airflow/example_dags/tutorial_taskflow_api_virtualenv.py
[2025-07-23T08:37:20.613+0000] {logging_mixin.py:188} INFO - [2025-07-23T08:37:20.613+0000] {dag.py:3096} INFO - Sync 1 DAGs
[2025-07-23T08:37:20.709+0000] {logging_mixin.py:188} INFO - [2025-07-23T08:37:20.704+0000] {dag.py:3954} INFO - Setting next_dagrun for tutorial_taskflow_api_virtualenv to None, run_after=None
[2025-07-23T08:37:20.924+0000] {processor.py:183} INFO - Processing /home/airflow/.local/lib/python3.12/site-packages/airflow/example_dags/tutorial_taskflow_api_virtualenv.py took 0.761 seconds
[2025-07-23T08:37:56.922+0000] {processor.py:161} INFO - Started process (PID=401) to work on /home/airflow/.local/lib/python3.12/site-packages/airflow/example_dags/tutorial_taskflow_api_virtualenv.py
[2025-07-23T08:37:56.965+0000] {processor.py:830} INFO - Processing file /home/airflow/.local/lib/python3.12/site-packages/airflow/example_dags/tutorial_taskflow_api_virtualenv.py for tasks to queue
[2025-07-23T08:37:56.982+0000] {logging_mixin.py:188} INFO - [2025-07-23T08:37:56.981+0000] {dagbag.py:545} INFO - Filling up the DagBag from /home/airflow/.local/lib/python3.12/site-packages/airflow/example_dags/tutorial_taskflow_api_virtualenv.py
[2025-07-23T08:37:57.225+0000] {processor.py:840} INFO - DAG(s) 'tutorial_taskflow_api_virtualenv' retrieved from /home/airflow/.local/lib/python3.12/site-packages/airflow/example_dags/tutorial_taskflow_api_virtualenv.py
[2025-07-23T08:37:57.629+0000] {logging_mixin.py:188} INFO - [2025-07-23T08:37:57.628+0000] {dag.py:3096} INFO - Sync 1 DAGs
[2025-07-23T08:37:57.939+0000] {logging_mixin.py:188} INFO - [2025-07-23T08:37:57.938+0000] {dag.py:3954} INFO - Setting next_dagrun for tutorial_taskflow_api_virtualenv to None, run_after=None
[2025-07-23T08:37:58.315+0000] {processor.py:183} INFO - Processing /home/airflow/.local/lib/python3.12/site-packages/airflow/example_dags/tutorial_taskflow_api_virtualenv.py took 1.505 seconds
[2025-07-23T08:38:52.704+0000] {processor.py:161} INFO - Started process (PID=465) to work on /home/airflow/.local/lib/python3.12/site-packages/airflow/example_dags/tutorial_taskflow_api_virtualenv.py
[2025-07-23T08:38:52.736+0000] {processor.py:830} INFO - Processing file /home/airflow/.local/lib/python3.12/site-packages/airflow/example_dags/tutorial_taskflow_api_virtualenv.py for tasks to queue
[2025-07-23T08:38:52.868+0000] {logging_mixin.py:188} INFO - [2025-07-23T08:38:52.867+0000] {dagbag.py:545} INFO - Filling up the DagBag from /home/airflow/.local/lib/python3.12/site-packages/airflow/example_dags/tutorial_taskflow_api_virtualenv.py
[2025-07-23T08:38:53.036+0000] {processor.py:840} INFO - DAG(s) 'tutorial_taskflow_api_virtualenv' retrieved from /home/airflow/.local/lib/python3.12/site-packages/airflow/example_dags/tutorial_taskflow_api_virtualenv.py
[2025-07-23T08:38:53.509+0000] {logging_mixin.py:188} INFO - [2025-07-23T08:38:53.508+0000] {dag.py:3096} INFO - Sync 1 DAGs
[2025-07-23T08:38:53.827+0000] {logging_mixin.py:188} INFO - [2025-07-23T08:38:53.827+0000] {dag.py:3954} INFO - Setting next_dagrun for tutorial_taskflow_api_virtualenv to None, run_after=None
[2025-07-23T08:38:54.457+0000] {processor.py:183} INFO - Processing /home/airflow/.local/lib/python3.12/site-packages/airflow/example_dags/tutorial_taskflow_api_virtualenv.py took 1.816 seconds
[2025-07-23T08:40:00.304+0000] {processor.py:161} INFO - Started process (PID=528) to work on /home/airflow/.local/lib/python3.12/site-packages/airflow/example_dags/tutorial_taskflow_api_virtualenv.py
[2025-07-23T08:40:00.363+0000] {processor.py:830} INFO - Processing file /home/airflow/.local/lib/python3.12/site-packages/airflow/example_dags/tutorial_taskflow_api_virtualenv.py for tasks to queue
[2025-07-23T08:40:00.382+0000] {logging_mixin.py:188} INFO - [2025-07-23T08:40:00.367+0000] {dagbag.py:545} INFO - Filling up the DagBag from /home/airflow/.local/lib/python3.12/site-packages/airflow/example_dags/tutorial_taskflow_api_virtualenv.py
[2025-07-23T08:40:00.552+0000] {processor.py:840} INFO - DAG(s) 'tutorial_taskflow_api_virtualenv' retrieved from /home/airflow/.local/lib/python3.12/site-packages/airflow/example_dags/tutorial_taskflow_api_virtualenv.py
[2025-07-23T08:40:00.787+0000] {logging_mixin.py:188} INFO - [2025-07-23T08:40:00.787+0000] {dag.py:3096} INFO - Sync 1 DAGs
[2025-07-23T08:40:01.059+0000] {logging_mixin.py:188} INFO - [2025-07-23T08:40:01.058+0000] {dag.py:3954} INFO - Setting next_dagrun for tutorial_taskflow_api_virtualenv to None, run_after=None
[2025-07-23T08:40:01.444+0000] {processor.py:183} INFO - Processing /home/airflow/.local/lib/python3.12/site-packages/airflow/example_dags/tutorial_taskflow_api_virtualenv.py took 1.204 seconds
[2025-07-23T08:40:46.361+0000] {processor.py:161} INFO - Started process (PID=594) to work on /home/airflow/.local/lib/python3.12/site-packages/airflow/example_dags/tutorial_taskflow_api_virtualenv.py
[2025-07-23T08:40:46.365+0000] {processor.py:830} INFO - Processing file /home/airflow/.local/lib/python3.12/site-packages/airflow/example_dags/tutorial_taskflow_api_virtualenv.py for tasks to queue
[2025-07-23T08:40:46.414+0000] {logging_mixin.py:188} INFO - [2025-07-23T08:40:46.400+0000] {dagbag.py:545} INFO - Filling up the DagBag from /home/airflow/.local/lib/python3.12/site-packages/airflow/example_dags/tutorial_taskflow_api_virtualenv.py
[2025-07-23T08:40:46.520+0000] {processor.py:840} INFO - DAG(s) 'tutorial_taskflow_api_virtualenv' retrieved from /home/airflow/.local/lib/python3.12/site-packages/airflow/example_dags/tutorial_taskflow_api_virtualenv.py
[2025-07-23T08:40:46.677+0000] {logging_mixin.py:188} INFO - [2025-07-23T08:40:46.676+0000] {dag.py:3096} INFO - Sync 1 DAGs
[2025-07-23T08:40:46.789+0000] {logging_mixin.py:188} INFO - [2025-07-23T08:40:46.789+0000] {dag.py:3954} INFO - Setting next_dagrun for tutorial_taskflow_api_virtualenv to None, run_after=None
[2025-07-23T08:40:46.986+0000] {processor.py:183} INFO - Processing /home/airflow/.local/lib/python3.12/site-packages/airflow/example_dags/tutorial_taskflow_api_virtualenv.py took 0.693 seconds
[2025-07-23T09:01:09.042+0000] {processor.py:161} INFO - Started process (PID=74) to work on /home/airflow/.local/lib/python3.12/site-packages/airflow/example_dags/tutorial_taskflow_api_virtualenv.py
[2025-07-23T09:01:09.054+0000] {processor.py:830} INFO - Processing file /home/airflow/.local/lib/python3.12/site-packages/airflow/example_dags/tutorial_taskflow_api_virtualenv.py for tasks to queue
[2025-07-23T09:01:09.071+0000] {logging_mixin.py:188} INFO - [2025-07-23T09:01:09.070+0000] {dagbag.py:545} INFO - Filling up the DagBag from /home/airflow/.local/lib/python3.12/site-packages/airflow/example_dags/tutorial_taskflow_api_virtualenv.py
[2025-07-23T09:01:09.176+0000] {processor.py:840} INFO - DAG(s) 'tutorial_taskflow_api_virtualenv' retrieved from /home/airflow/.local/lib/python3.12/site-packages/airflow/example_dags/tutorial_taskflow_api_virtualenv.py
[2025-07-23T09:01:10.425+0000] {logging_mixin.py:188} INFO - [2025-07-23T09:01:10.425+0000] {dag.py:3096} INFO - Sync 1 DAGs
[2025-07-23T09:01:10.587+0000] {logging_mixin.py:188} INFO - [2025-07-23T09:01:10.587+0000] {dag.py:3954} INFO - Setting next_dagrun for tutorial_taskflow_api_virtualenv to None, run_after=None
[2025-07-23T09:01:10.806+0000] {processor.py:183} INFO - Processing /home/airflow/.local/lib/python3.12/site-packages/airflow/example_dags/tutorial_taskflow_api_virtualenv.py took 1.861 seconds
[2025-07-23T09:01:49.666+0000] {processor.py:161} INFO - Started process (PID=133) to work on /home/airflow/.local/lib/python3.12/site-packages/airflow/example_dags/tutorial_taskflow_api_virtualenv.py
[2025-07-23T09:01:49.669+0000] {processor.py:830} INFO - Processing file /home/airflow/.local/lib/python3.12/site-packages/airflow/example_dags/tutorial_taskflow_api_virtualenv.py for tasks to queue
[2025-07-23T09:01:49.672+0000] {logging_mixin.py:188} INFO - [2025-07-23T09:01:49.671+0000] {dagbag.py:545} INFO - Filling up the DagBag from /home/airflow/.local/lib/python3.12/site-packages/airflow/example_dags/tutorial_taskflow_api_virtualenv.py
[2025-07-23T09:01:49.738+0000] {processor.py:840} INFO - DAG(s) 'tutorial_taskflow_api_virtualenv' retrieved from /home/airflow/.local/lib/python3.12/site-packages/airflow/example_dags/tutorial_taskflow_api_virtualenv.py
[2025-07-23T09:01:49.873+0000] {logging_mixin.py:188} INFO - [2025-07-23T09:01:49.873+0000] {dag.py:3096} INFO - Sync 1 DAGs
[2025-07-23T09:01:50.003+0000] {logging_mixin.py:188} INFO - [2025-07-23T09:01:50.003+0000] {dag.py:3954} INFO - Setting next_dagrun for tutorial_taskflow_api_virtualenv to None, run_after=None
[2025-07-23T09:01:50.211+0000] {processor.py:183} INFO - Processing /home/airflow/.local/lib/python3.12/site-packages/airflow/example_dags/tutorial_taskflow_api_virtualenv.py took 0.581 seconds
[2025-07-23T09:02:25.919+0000] {processor.py:161} INFO - Started process (PID=192) to work on /home/airflow/.local/lib/python3.12/site-packages/airflow/example_dags/tutorial_taskflow_api_virtualenv.py
[2025-07-23T09:02:25.935+0000] {processor.py:830} INFO - Processing file /home/airflow/.local/lib/python3.12/site-packages/airflow/example_dags/tutorial_taskflow_api_virtualenv.py for tasks to queue
[2025-07-23T09:02:25.951+0000] {logging_mixin.py:188} INFO - [2025-07-23T09:02:25.951+0000] {dagbag.py:545} INFO - Filling up the DagBag from /home/airflow/.local/lib/python3.12/site-packages/airflow/example_dags/tutorial_taskflow_api_virtualenv.py
[2025-07-23T09:02:26.001+0000] {processor.py:840} INFO - DAG(s) 'tutorial_taskflow_api_virtualenv' retrieved from /home/airflow/.local/lib/python3.12/site-packages/airflow/example_dags/tutorial_taskflow_api_virtualenv.py
[2025-07-23T09:02:26.124+0000] {logging_mixin.py:188} INFO - [2025-07-23T09:02:26.124+0000] {dag.py:3096} INFO - Sync 1 DAGs
[2025-07-23T09:02:26.210+0000] {logging_mixin.py:188} INFO - [2025-07-23T09:02:26.210+0000] {dag.py:3954} INFO - Setting next_dagrun for tutorial_taskflow_api_virtualenv to None, run_after=None
[2025-07-23T09:02:26.365+0000] {processor.py:183} INFO - Processing /home/airflow/.local/lib/python3.12/site-packages/airflow/example_dags/tutorial_taskflow_api_virtualenv.py took 0.499 seconds
[2025-07-23T09:03:03.040+0000] {processor.py:161} INFO - Started process (PID=253) to work on /home/airflow/.local/lib/python3.12/site-packages/airflow/example_dags/tutorial_taskflow_api_virtualenv.py
[2025-07-23T09:03:03.042+0000] {processor.py:830} INFO - Processing file /home/airflow/.local/lib/python3.12/site-packages/airflow/example_dags/tutorial_taskflow_api_virtualenv.py for tasks to queue
[2025-07-23T09:03:03.044+0000] {logging_mixin.py:188} INFO - [2025-07-23T09:03:03.043+0000] {dagbag.py:545} INFO - Filling up the DagBag from /home/airflow/.local/lib/python3.12/site-packages/airflow/example_dags/tutorial_taskflow_api_virtualenv.py
[2025-07-23T09:03:03.067+0000] {processor.py:840} INFO - DAG(s) 'tutorial_taskflow_api_virtualenv' retrieved from /home/airflow/.local/lib/python3.12/site-packages/airflow/example_dags/tutorial_taskflow_api_virtualenv.py
[2025-07-23T09:03:03.108+0000] {logging_mixin.py:188} INFO - [2025-07-23T09:03:03.107+0000] {dag.py:3096} INFO - Sync 1 DAGs
[2025-07-23T09:03:03.166+0000] {logging_mixin.py:188} INFO - [2025-07-23T09:03:03.165+0000] {dag.py:3954} INFO - Setting next_dagrun for tutorial_taskflow_api_virtualenv to None, run_after=None
[2025-07-23T09:03:03.225+0000] {processor.py:183} INFO - Processing /home/airflow/.local/lib/python3.12/site-packages/airflow/example_dags/tutorial_taskflow_api_virtualenv.py took 0.196 seconds
[2025-07-23T09:03:38.340+0000] {processor.py:161} INFO - Started process (PID=315) to work on /home/airflow/.local/lib/python3.12/site-packages/airflow/example_dags/tutorial_taskflow_api_virtualenv.py
[2025-07-23T09:03:38.345+0000] {processor.py:830} INFO - Processing file /home/airflow/.local/lib/python3.12/site-packages/airflow/example_dags/tutorial_taskflow_api_virtualenv.py for tasks to queue
[2025-07-23T09:03:38.363+0000] {logging_mixin.py:188} INFO - [2025-07-23T09:03:38.363+0000] {dagbag.py:545} INFO - Filling up the DagBag from /home/airflow/.local/lib/python3.12/site-packages/airflow/example_dags/tutorial_taskflow_api_virtualenv.py
[2025-07-23T09:03:38.398+0000] {processor.py:840} INFO - DAG(s) 'tutorial_taskflow_api_virtualenv' retrieved from /home/airflow/.local/lib/python3.12/site-packages/airflow/example_dags/tutorial_taskflow_api_virtualenv.py
[2025-07-23T09:03:38.544+0000] {logging_mixin.py:188} INFO - [2025-07-23T09:03:38.543+0000] {dag.py:3096} INFO - Sync 1 DAGs
[2025-07-23T09:03:38.599+0000] {logging_mixin.py:188} INFO - [2025-07-23T09:03:38.598+0000] {dag.py:3954} INFO - Setting next_dagrun for tutorial_taskflow_api_virtualenv to None, run_after=None
[2025-07-23T09:03:38.689+0000] {processor.py:183} INFO - Processing /home/airflow/.local/lib/python3.12/site-packages/airflow/example_dags/tutorial_taskflow_api_virtualenv.py took 0.369 seconds
[2025-07-23T09:04:14.376+0000] {processor.py:161} INFO - Started process (PID=374) to work on /home/airflow/.local/lib/python3.12/site-packages/airflow/example_dags/tutorial_taskflow_api_virtualenv.py
[2025-07-23T09:04:14.401+0000] {processor.py:830} INFO - Processing file /home/airflow/.local/lib/python3.12/site-packages/airflow/example_dags/tutorial_taskflow_api_virtualenv.py for tasks to queue
[2025-07-23T09:04:14.420+0000] {logging_mixin.py:188} INFO - [2025-07-23T09:04:14.418+0000] {dagbag.py:545} INFO - Filling up the DagBag from /home/airflow/.local/lib/python3.12/site-packages/airflow/example_dags/tutorial_taskflow_api_virtualenv.py
[2025-07-23T09:04:14.542+0000] {processor.py:840} INFO - DAG(s) 'tutorial_taskflow_api_virtualenv' retrieved from /home/airflow/.local/lib/python3.12/site-packages/airflow/example_dags/tutorial_taskflow_api_virtualenv.py
[2025-07-23T09:04:14.834+0000] {logging_mixin.py:188} INFO - [2025-07-23T09:04:14.833+0000] {dag.py:3096} INFO - Sync 1 DAGs
[2025-07-23T09:04:15.009+0000] {logging_mixin.py:188} INFO - [2025-07-23T09:04:15.008+0000] {dag.py:3954} INFO - Setting next_dagrun for tutorial_taskflow_api_virtualenv to None, run_after=None
[2025-07-23T09:04:15.253+0000] {processor.py:183} INFO - Processing /home/airflow/.local/lib/python3.12/site-packages/airflow/example_dags/tutorial_taskflow_api_virtualenv.py took 0.907 seconds
[2025-07-23T09:04:45.926+0000] {processor.py:161} INFO - Started process (PID=426) to work on /home/airflow/.local/lib/python3.12/site-packages/airflow/example_dags/tutorial_taskflow_api_virtualenv.py
[2025-07-23T09:04:45.941+0000] {processor.py:830} INFO - Processing file /home/airflow/.local/lib/python3.12/site-packages/airflow/example_dags/tutorial_taskflow_api_virtualenv.py for tasks to queue
[2025-07-23T09:04:45.960+0000] {logging_mixin.py:188} INFO - [2025-07-23T09:04:45.959+0000] {dagbag.py:545} INFO - Filling up the DagBag from /home/airflow/.local/lib/python3.12/site-packages/airflow/example_dags/tutorial_taskflow_api_virtualenv.py
[2025-07-23T09:04:46.081+0000] {processor.py:840} INFO - DAG(s) 'tutorial_taskflow_api_virtualenv' retrieved from /home/airflow/.local/lib/python3.12/site-packages/airflow/example_dags/tutorial_taskflow_api_virtualenv.py
[2025-07-23T09:04:46.238+0000] {logging_mixin.py:188} INFO - [2025-07-23T09:04:46.238+0000] {dag.py:3096} INFO - Sync 1 DAGs
[2025-07-23T09:04:46.309+0000] {logging_mixin.py:188} INFO - [2025-07-23T09:04:46.297+0000] {dag.py:3954} INFO - Setting next_dagrun for tutorial_taskflow_api_virtualenv to None, run_after=None
[2025-07-23T09:04:46.508+0000] {processor.py:183} INFO - Processing /home/airflow/.local/lib/python3.12/site-packages/airflow/example_dags/tutorial_taskflow_api_virtualenv.py took 0.632 seconds
[2025-07-23T09:05:16.989+0000] {processor.py:161} INFO - Started process (PID=485) to work on /home/airflow/.local/lib/python3.12/site-packages/airflow/example_dags/tutorial_taskflow_api_virtualenv.py
[2025-07-23T09:05:16.991+0000] {processor.py:830} INFO - Processing file /home/airflow/.local/lib/python3.12/site-packages/airflow/example_dags/tutorial_taskflow_api_virtualenv.py for tasks to queue
[2025-07-23T09:05:16.994+0000] {logging_mixin.py:188} INFO - [2025-07-23T09:05:16.993+0000] {dagbag.py:545} INFO - Filling up the DagBag from /home/airflow/.local/lib/python3.12/site-packages/airflow/example_dags/tutorial_taskflow_api_virtualenv.py
[2025-07-23T09:05:17.026+0000] {processor.py:840} INFO - DAG(s) 'tutorial_taskflow_api_virtualenv' retrieved from /home/airflow/.local/lib/python3.12/site-packages/airflow/example_dags/tutorial_taskflow_api_virtualenv.py
[2025-07-23T09:05:17.061+0000] {logging_mixin.py:188} INFO - [2025-07-23T09:05:17.060+0000] {dag.py:3096} INFO - Sync 1 DAGs
[2025-07-23T09:05:17.109+0000] {logging_mixin.py:188} INFO - [2025-07-23T09:05:17.105+0000] {dag.py:3954} INFO - Setting next_dagrun for tutorial_taskflow_api_virtualenv to None, run_after=None
[2025-07-23T09:05:17.186+0000] {processor.py:183} INFO - Processing /home/airflow/.local/lib/python3.12/site-packages/airflow/example_dags/tutorial_taskflow_api_virtualenv.py took 0.219 seconds
[2025-07-23T09:05:47.834+0000] {processor.py:161} INFO - Started process (PID=545) to work on /home/airflow/.local/lib/python3.12/site-packages/airflow/example_dags/tutorial_taskflow_api_virtualenv.py
[2025-07-23T09:05:47.837+0000] {processor.py:830} INFO - Processing file /home/airflow/.local/lib/python3.12/site-packages/airflow/example_dags/tutorial_taskflow_api_virtualenv.py for tasks to queue
[2025-07-23T09:05:47.844+0000] {logging_mixin.py:188} INFO - [2025-07-23T09:05:47.839+0000] {dagbag.py:545} INFO - Filling up the DagBag from /home/airflow/.local/lib/python3.12/site-packages/airflow/example_dags/tutorial_taskflow_api_virtualenv.py
[2025-07-23T09:05:47.972+0000] {processor.py:840} INFO - DAG(s) 'tutorial_taskflow_api_virtualenv' retrieved from /home/airflow/.local/lib/python3.12/site-packages/airflow/example_dags/tutorial_taskflow_api_virtualenv.py
[2025-07-23T09:05:48.051+0000] {logging_mixin.py:188} INFO - [2025-07-23T09:05:48.051+0000] {dag.py:3096} INFO - Sync 1 DAGs
[2025-07-23T09:05:48.160+0000] {logging_mixin.py:188} INFO - [2025-07-23T09:05:48.160+0000] {dag.py:3954} INFO - Setting next_dagrun for tutorial_taskflow_api_virtualenv to None, run_after=None
[2025-07-23T09:05:48.357+0000] {processor.py:183} INFO - Processing /home/airflow/.local/lib/python3.12/site-packages/airflow/example_dags/tutorial_taskflow_api_virtualenv.py took 0.543 seconds
[2025-07-23T09:06:18.923+0000] {processor.py:161} INFO - Started process (PID=604) to work on /home/airflow/.local/lib/python3.12/site-packages/airflow/example_dags/tutorial_taskflow_api_virtualenv.py
[2025-07-23T09:06:18.932+0000] {processor.py:830} INFO - Processing file /home/airflow/.local/lib/python3.12/site-packages/airflow/example_dags/tutorial_taskflow_api_virtualenv.py for tasks to queue
[2025-07-23T09:06:18.948+0000] {logging_mixin.py:188} INFO - [2025-07-23T09:06:18.948+0000] {dagbag.py:545} INFO - Filling up the DagBag from /home/airflow/.local/lib/python3.12/site-packages/airflow/example_dags/tutorial_taskflow_api_virtualenv.py
[2025-07-23T09:06:19.014+0000] {processor.py:840} INFO - DAG(s) 'tutorial_taskflow_api_virtualenv' retrieved from /home/airflow/.local/lib/python3.12/site-packages/airflow/example_dags/tutorial_taskflow_api_virtualenv.py
[2025-07-23T09:06:19.570+0000] {logging_mixin.py:188} INFO - [2025-07-23T09:06:19.569+0000] {dag.py:3096} INFO - Sync 1 DAGs
[2025-07-23T09:06:19.595+0000] {logging_mixin.py:188} INFO - [2025-07-23T09:06:19.595+0000] {dag.py:3954} INFO - Setting next_dagrun for tutorial_taskflow_api_virtualenv to None, run_after=None
[2025-07-23T09:06:19.675+0000] {processor.py:183} INFO - Processing /home/airflow/.local/lib/python3.12/site-packages/airflow/example_dags/tutorial_taskflow_api_virtualenv.py took 0.787 seconds
[2025-07-23T09:06:49.739+0000] {processor.py:161} INFO - Started process (PID=664) to work on /home/airflow/.local/lib/python3.12/site-packages/airflow/example_dags/tutorial_taskflow_api_virtualenv.py
[2025-07-23T09:06:49.741+0000] {processor.py:830} INFO - Processing file /home/airflow/.local/lib/python3.12/site-packages/airflow/example_dags/tutorial_taskflow_api_virtualenv.py for tasks to queue
[2025-07-23T09:06:49.744+0000] {logging_mixin.py:188} INFO - [2025-07-23T09:06:49.742+0000] {dagbag.py:545} INFO - Filling up the DagBag from /home/airflow/.local/lib/python3.12/site-packages/airflow/example_dags/tutorial_taskflow_api_virtualenv.py
[2025-07-23T09:06:49.766+0000] {processor.py:840} INFO - DAG(s) 'tutorial_taskflow_api_virtualenv' retrieved from /home/airflow/.local/lib/python3.12/site-packages/airflow/example_dags/tutorial_taskflow_api_virtualenv.py
[2025-07-23T09:06:49.808+0000] {logging_mixin.py:188} INFO - [2025-07-23T09:06:49.807+0000] {dag.py:3096} INFO - Sync 1 DAGs
[2025-07-23T09:06:49.836+0000] {logging_mixin.py:188} INFO - [2025-07-23T09:06:49.835+0000] {dag.py:3954} INFO - Setting next_dagrun for tutorial_taskflow_api_virtualenv to None, run_after=None
[2025-07-23T09:06:49.886+0000] {processor.py:183} INFO - Processing /home/airflow/.local/lib/python3.12/site-packages/airflow/example_dags/tutorial_taskflow_api_virtualenv.py took 0.158 seconds
