[2025-07-23T08:13:47.151+0000] {processor.py:161} INFO - Started process (PID=68) to work on /home/airflow/.local/lib/python3.12/site-packages/airflow/example_dags/tutorial_dag.py
[2025-07-23T08:13:47.153+0000] {processor.py:830} INFO - Processing file /home/airflow/.local/lib/python3.12/site-packages/airflow/example_dags/tutorial_dag.py for tasks to queue
[2025-07-23T08:13:47.160+0000] {logging_mixin.py:188} INFO - [2025-07-23T08:13:47.159+0000] {dagbag.py:545} INFO - Filling up the DagBag from /home/airflow/.local/lib/python3.12/site-packages/airflow/example_dags/tutorial_dag.py
[2025-07-23T08:13:47.217+0000] {processor.py:840} INFO - DAG(s) 'tutorial_dag' retrieved from /home/airflow/.local/lib/python3.12/site-packages/airflow/example_dags/tutorial_dag.py
[2025-07-23T08:13:47.931+0000] {logging_mixin.py:188} INFO - [2025-07-23T08:13:47.931+0000] {dag.py:3096} INFO - Sync 1 DAGs
[2025-07-23T08:13:47.993+0000] {logging_mixin.py:188} INFO - [2025-07-23T08:13:47.992+0000] {dag.py:3954} INFO - Setting next_dagrun for tutorial_dag to None, run_after=None
[2025-07-23T08:13:48.118+0000] {processor.py:183} INFO - Processing /home/airflow/.local/lib/python3.12/site-packages/airflow/example_dags/tutorial_dag.py took 1.030 seconds
[2025-07-23T08:14:20.983+0000] {processor.py:161} INFO - Started process (PID=130) to work on /home/airflow/.local/lib/python3.12/site-packages/airflow/example_dags/tutorial_dag.py
[2025-07-23T08:14:20.985+0000] {processor.py:830} INFO - Processing file /home/airflow/.local/lib/python3.12/site-packages/airflow/example_dags/tutorial_dag.py for tasks to queue
[2025-07-23T08:14:20.989+0000] {logging_mixin.py:188} INFO - [2025-07-23T08:14:20.988+0000] {dagbag.py:545} INFO - Filling up the DagBag from /home/airflow/.local/lib/python3.12/site-packages/airflow/example_dags/tutorial_dag.py
[2025-07-23T08:14:21.005+0000] {processor.py:840} INFO - DAG(s) 'tutorial_dag' retrieved from /home/airflow/.local/lib/python3.12/site-packages/airflow/example_dags/tutorial_dag.py
[2025-07-23T08:14:21.062+0000] {logging_mixin.py:188} INFO - [2025-07-23T08:14:21.062+0000] {dag.py:3096} INFO - Sync 1 DAGs
[2025-07-23T08:14:21.108+0000] {logging_mixin.py:188} INFO - [2025-07-23T08:14:21.108+0000] {dag.py:3954} INFO - Setting next_dagrun for tutorial_dag to None, run_after=None
[2025-07-23T08:14:21.248+0000] {processor.py:183} INFO - Processing /home/airflow/.local/lib/python3.12/site-packages/airflow/example_dags/tutorial_dag.py took 0.277 seconds
[2025-07-23T08:14:52.774+0000] {processor.py:161} INFO - Started process (PID=186) to work on /home/airflow/.local/lib/python3.12/site-packages/airflow/example_dags/tutorial_dag.py
[2025-07-23T08:14:52.789+0000] {processor.py:830} INFO - Processing file /home/airflow/.local/lib/python3.12/site-packages/airflow/example_dags/tutorial_dag.py for tasks to queue
[2025-07-23T08:14:52.799+0000] {logging_mixin.py:188} INFO - [2025-07-23T08:14:52.798+0000] {dagbag.py:545} INFO - Filling up the DagBag from /home/airflow/.local/lib/python3.12/site-packages/airflow/example_dags/tutorial_dag.py
[2025-07-23T08:14:52.819+0000] {processor.py:840} INFO - DAG(s) 'tutorial_dag' retrieved from /home/airflow/.local/lib/python3.12/site-packages/airflow/example_dags/tutorial_dag.py
[2025-07-23T08:14:52.901+0000] {logging_mixin.py:188} INFO - [2025-07-23T08:14:52.900+0000] {dag.py:3096} INFO - Sync 1 DAGs
[2025-07-23T08:14:52.947+0000] {logging_mixin.py:188} INFO - [2025-07-23T08:14:52.946+0000] {dag.py:3954} INFO - Setting next_dagrun for tutorial_dag to None, run_after=None
[2025-07-23T08:14:53.053+0000] {processor.py:183} INFO - Processing /home/airflow/.local/lib/python3.12/site-packages/airflow/example_dags/tutorial_dag.py took 0.320 seconds
[2025-07-23T08:15:25.005+0000] {processor.py:161} INFO - Started process (PID=243) to work on /home/airflow/.local/lib/python3.12/site-packages/airflow/example_dags/tutorial_dag.py
[2025-07-23T08:15:25.007+0000] {processor.py:830} INFO - Processing file /home/airflow/.local/lib/python3.12/site-packages/airflow/example_dags/tutorial_dag.py for tasks to queue
[2025-07-23T08:15:25.011+0000] {logging_mixin.py:188} INFO - [2025-07-23T08:15:25.010+0000] {dagbag.py:545} INFO - Filling up the DagBag from /home/airflow/.local/lib/python3.12/site-packages/airflow/example_dags/tutorial_dag.py
[2025-07-23T08:15:25.074+0000] {processor.py:840} INFO - DAG(s) 'tutorial_dag' retrieved from /home/airflow/.local/lib/python3.12/site-packages/airflow/example_dags/tutorial_dag.py
[2025-07-23T08:15:25.155+0000] {logging_mixin.py:188} INFO - [2025-07-23T08:15:25.155+0000] {dag.py:3096} INFO - Sync 1 DAGs
[2025-07-23T08:15:25.220+0000] {logging_mixin.py:188} INFO - [2025-07-23T08:15:25.219+0000] {dag.py:3954} INFO - Setting next_dagrun for tutorial_dag to None, run_after=None
[2025-07-23T08:15:25.279+0000] {processor.py:183} INFO - Processing /home/airflow/.local/lib/python3.12/site-packages/airflow/example_dags/tutorial_dag.py took 0.332 seconds
[2025-07-23T08:15:57.052+0000] {processor.py:161} INFO - Started process (PID=300) to work on /home/airflow/.local/lib/python3.12/site-packages/airflow/example_dags/tutorial_dag.py
[2025-07-23T08:15:57.057+0000] {processor.py:830} INFO - Processing file /home/airflow/.local/lib/python3.12/site-packages/airflow/example_dags/tutorial_dag.py for tasks to queue
[2025-07-23T08:15:57.062+0000] {logging_mixin.py:188} INFO - [2025-07-23T08:15:57.061+0000] {dagbag.py:545} INFO - Filling up the DagBag from /home/airflow/.local/lib/python3.12/site-packages/airflow/example_dags/tutorial_dag.py
[2025-07-23T08:15:57.074+0000] {processor.py:840} INFO - DAG(s) 'tutorial_dag' retrieved from /home/airflow/.local/lib/python3.12/site-packages/airflow/example_dags/tutorial_dag.py
[2025-07-23T08:15:57.144+0000] {logging_mixin.py:188} INFO - [2025-07-23T08:15:57.143+0000] {dag.py:3096} INFO - Sync 1 DAGs
[2025-07-23T08:15:57.207+0000] {logging_mixin.py:188} INFO - [2025-07-23T08:15:57.206+0000] {dag.py:3954} INFO - Setting next_dagrun for tutorial_dag to None, run_after=None
[2025-07-23T08:15:57.295+0000] {processor.py:183} INFO - Processing /home/airflow/.local/lib/python3.12/site-packages/airflow/example_dags/tutorial_dag.py took 0.266 seconds
[2025-07-23T08:16:32.092+0000] {processor.py:161} INFO - Started process (PID=358) to work on /home/airflow/.local/lib/python3.12/site-packages/airflow/example_dags/tutorial_dag.py
[2025-07-23T08:16:32.097+0000] {processor.py:830} INFO - Processing file /home/airflow/.local/lib/python3.12/site-packages/airflow/example_dags/tutorial_dag.py for tasks to queue
[2025-07-23T08:16:32.107+0000] {logging_mixin.py:188} INFO - [2025-07-23T08:16:32.105+0000] {dagbag.py:545} INFO - Filling up the DagBag from /home/airflow/.local/lib/python3.12/site-packages/airflow/example_dags/tutorial_dag.py
[2025-07-23T08:16:32.219+0000] {processor.py:840} INFO - DAG(s) 'tutorial_dag' retrieved from /home/airflow/.local/lib/python3.12/site-packages/airflow/example_dags/tutorial_dag.py
[2025-07-23T08:16:32.531+0000] {logging_mixin.py:188} INFO - [2025-07-23T08:16:32.531+0000] {dag.py:3096} INFO - Sync 1 DAGs
[2025-07-23T08:16:32.655+0000] {logging_mixin.py:188} INFO - [2025-07-23T08:16:32.655+0000] {dag.py:3954} INFO - Setting next_dagrun for tutorial_dag to None, run_after=None
[2025-07-23T08:16:32.929+0000] {processor.py:183} INFO - Processing /home/airflow/.local/lib/python3.12/site-packages/airflow/example_dags/tutorial_dag.py took 0.892 seconds
[2025-07-23T08:17:03.123+0000] {processor.py:161} INFO - Started process (PID=416) to work on /home/airflow/.local/lib/python3.12/site-packages/airflow/example_dags/tutorial_dag.py
[2025-07-23T08:17:03.127+0000] {processor.py:830} INFO - Processing file /home/airflow/.local/lib/python3.12/site-packages/airflow/example_dags/tutorial_dag.py for tasks to queue
[2025-07-23T08:17:03.131+0000] {logging_mixin.py:188} INFO - [2025-07-23T08:17:03.131+0000] {dagbag.py:545} INFO - Filling up the DagBag from /home/airflow/.local/lib/python3.12/site-packages/airflow/example_dags/tutorial_dag.py
[2025-07-23T08:17:03.142+0000] {processor.py:840} INFO - DAG(s) 'tutorial_dag' retrieved from /home/airflow/.local/lib/python3.12/site-packages/airflow/example_dags/tutorial_dag.py
[2025-07-23T08:17:03.184+0000] {logging_mixin.py:188} INFO - [2025-07-23T08:17:03.184+0000] {dag.py:3096} INFO - Sync 1 DAGs
[2025-07-23T08:17:03.212+0000] {logging_mixin.py:188} INFO - [2025-07-23T08:17:03.212+0000] {dag.py:3954} INFO - Setting next_dagrun for tutorial_dag to None, run_after=None
[2025-07-23T08:17:03.291+0000] {processor.py:183} INFO - Processing /home/airflow/.local/lib/python3.12/site-packages/airflow/example_dags/tutorial_dag.py took 0.180 seconds
[2025-07-23T08:17:34.534+0000] {processor.py:161} INFO - Started process (PID=473) to work on /home/airflow/.local/lib/python3.12/site-packages/airflow/example_dags/tutorial_dag.py
[2025-07-23T08:17:34.536+0000] {processor.py:830} INFO - Processing file /home/airflow/.local/lib/python3.12/site-packages/airflow/example_dags/tutorial_dag.py for tasks to queue
[2025-07-23T08:17:34.542+0000] {logging_mixin.py:188} INFO - [2025-07-23T08:17:34.541+0000] {dagbag.py:545} INFO - Filling up the DagBag from /home/airflow/.local/lib/python3.12/site-packages/airflow/example_dags/tutorial_dag.py
[2025-07-23T08:17:34.567+0000] {processor.py:840} INFO - DAG(s) 'tutorial_dag' retrieved from /home/airflow/.local/lib/python3.12/site-packages/airflow/example_dags/tutorial_dag.py
[2025-07-23T08:17:34.754+0000] {logging_mixin.py:188} INFO - [2025-07-23T08:17:34.753+0000] {dag.py:3096} INFO - Sync 1 DAGs
[2025-07-23T08:17:34.821+0000] {logging_mixin.py:188} INFO - [2025-07-23T08:17:34.820+0000] {dag.py:3954} INFO - Setting next_dagrun for tutorial_dag to None, run_after=None
[2025-07-23T08:17:34.970+0000] {processor.py:183} INFO - Processing /home/airflow/.local/lib/python3.12/site-packages/airflow/example_dags/tutorial_dag.py took 0.476 seconds
[2025-07-23T08:18:05.320+0000] {processor.py:161} INFO - Started process (PID=531) to work on /home/airflow/.local/lib/python3.12/site-packages/airflow/example_dags/tutorial_dag.py
[2025-07-23T08:18:05.334+0000] {processor.py:830} INFO - Processing file /home/airflow/.local/lib/python3.12/site-packages/airflow/example_dags/tutorial_dag.py for tasks to queue
[2025-07-23T08:18:05.339+0000] {logging_mixin.py:188} INFO - [2025-07-23T08:18:05.338+0000] {dagbag.py:545} INFO - Filling up the DagBag from /home/airflow/.local/lib/python3.12/site-packages/airflow/example_dags/tutorial_dag.py
[2025-07-23T08:18:05.377+0000] {processor.py:840} INFO - DAG(s) 'tutorial_dag' retrieved from /home/airflow/.local/lib/python3.12/site-packages/airflow/example_dags/tutorial_dag.py
[2025-07-23T08:18:05.652+0000] {logging_mixin.py:188} INFO - [2025-07-23T08:18:05.651+0000] {dag.py:3096} INFO - Sync 1 DAGs
[2025-07-23T08:18:05.817+0000] {logging_mixin.py:188} INFO - [2025-07-23T08:18:05.817+0000] {dag.py:3954} INFO - Setting next_dagrun for tutorial_dag to None, run_after=None
[2025-07-23T08:18:05.937+0000] {processor.py:183} INFO - Processing /home/airflow/.local/lib/python3.12/site-packages/airflow/example_dags/tutorial_dag.py took 0.645 seconds
[2025-07-23T08:18:36.228+0000] {processor.py:161} INFO - Started process (PID=588) to work on /home/airflow/.local/lib/python3.12/site-packages/airflow/example_dags/tutorial_dag.py
[2025-07-23T08:18:36.230+0000] {processor.py:830} INFO - Processing file /home/airflow/.local/lib/python3.12/site-packages/airflow/example_dags/tutorial_dag.py for tasks to queue
[2025-07-23T08:18:36.235+0000] {logging_mixin.py:188} INFO - [2025-07-23T08:18:36.234+0000] {dagbag.py:545} INFO - Filling up the DagBag from /home/airflow/.local/lib/python3.12/site-packages/airflow/example_dags/tutorial_dag.py
[2025-07-23T08:18:36.265+0000] {processor.py:840} INFO - DAG(s) 'tutorial_dag' retrieved from /home/airflow/.local/lib/python3.12/site-packages/airflow/example_dags/tutorial_dag.py
[2025-07-23T08:18:36.359+0000] {logging_mixin.py:188} INFO - [2025-07-23T08:18:36.359+0000] {dag.py:3096} INFO - Sync 1 DAGs
[2025-07-23T08:18:36.431+0000] {logging_mixin.py:188} INFO - [2025-07-23T08:18:36.431+0000] {dag.py:3954} INFO - Setting next_dagrun for tutorial_dag to None, run_after=None
[2025-07-23T08:18:36.526+0000] {processor.py:183} INFO - Processing /home/airflow/.local/lib/python3.12/site-packages/airflow/example_dags/tutorial_dag.py took 0.337 seconds
[2025-07-23T08:19:06.685+0000] {processor.py:161} INFO - Started process (PID=646) to work on /home/airflow/.local/lib/python3.12/site-packages/airflow/example_dags/tutorial_dag.py
[2025-07-23T08:19:06.696+0000] {processor.py:830} INFO - Processing file /home/airflow/.local/lib/python3.12/site-packages/airflow/example_dags/tutorial_dag.py for tasks to queue
[2025-07-23T08:19:06.700+0000] {logging_mixin.py:188} INFO - [2025-07-23T08:19:06.699+0000] {dagbag.py:545} INFO - Filling up the DagBag from /home/airflow/.local/lib/python3.12/site-packages/airflow/example_dags/tutorial_dag.py
[2025-07-23T08:19:06.715+0000] {processor.py:840} INFO - DAG(s) 'tutorial_dag' retrieved from /home/airflow/.local/lib/python3.12/site-packages/airflow/example_dags/tutorial_dag.py
[2025-07-23T08:19:06.758+0000] {logging_mixin.py:188} INFO - [2025-07-23T08:19:06.757+0000] {dag.py:3096} INFO - Sync 1 DAGs
[2025-07-23T08:19:06.790+0000] {logging_mixin.py:188} INFO - [2025-07-23T08:19:06.789+0000] {dag.py:3954} INFO - Setting next_dagrun for tutorial_dag to None, run_after=None
[2025-07-23T08:19:06.844+0000] {processor.py:183} INFO - Processing /home/airflow/.local/lib/python3.12/site-packages/airflow/example_dags/tutorial_dag.py took 0.183 seconds
[2025-07-23T08:19:37.846+0000] {processor.py:161} INFO - Started process (PID=704) to work on /home/airflow/.local/lib/python3.12/site-packages/airflow/example_dags/tutorial_dag.py
[2025-07-23T08:19:37.853+0000] {processor.py:830} INFO - Processing file /home/airflow/.local/lib/python3.12/site-packages/airflow/example_dags/tutorial_dag.py for tasks to queue
[2025-07-23T08:19:37.874+0000] {logging_mixin.py:188} INFO - [2025-07-23T08:19:37.873+0000] {dagbag.py:545} INFO - Filling up the DagBag from /home/airflow/.local/lib/python3.12/site-packages/airflow/example_dags/tutorial_dag.py
[2025-07-23T08:19:37.901+0000] {processor.py:840} INFO - DAG(s) 'tutorial_dag' retrieved from /home/airflow/.local/lib/python3.12/site-packages/airflow/example_dags/tutorial_dag.py
[2025-07-23T08:19:38.041+0000] {logging_mixin.py:188} INFO - [2025-07-23T08:19:38.041+0000] {dag.py:3096} INFO - Sync 1 DAGs
[2025-07-23T08:19:38.083+0000] {logging_mixin.py:188} INFO - [2025-07-23T08:19:38.082+0000] {dag.py:3954} INFO - Setting next_dagrun for tutorial_dag to None, run_after=None
[2025-07-23T08:19:38.150+0000] {processor.py:183} INFO - Processing /home/airflow/.local/lib/python3.12/site-packages/airflow/example_dags/tutorial_dag.py took 0.330 seconds
[2025-07-23T08:20:08.635+0000] {processor.py:161} INFO - Started process (PID=761) to work on /home/airflow/.local/lib/python3.12/site-packages/airflow/example_dags/tutorial_dag.py
[2025-07-23T08:20:08.637+0000] {processor.py:830} INFO - Processing file /home/airflow/.local/lib/python3.12/site-packages/airflow/example_dags/tutorial_dag.py for tasks to queue
[2025-07-23T08:20:08.646+0000] {logging_mixin.py:188} INFO - [2025-07-23T08:20:08.645+0000] {dagbag.py:545} INFO - Filling up the DagBag from /home/airflow/.local/lib/python3.12/site-packages/airflow/example_dags/tutorial_dag.py
[2025-07-23T08:20:08.695+0000] {processor.py:840} INFO - DAG(s) 'tutorial_dag' retrieved from /home/airflow/.local/lib/python3.12/site-packages/airflow/example_dags/tutorial_dag.py
[2025-07-23T08:20:08.816+0000] {logging_mixin.py:188} INFO - [2025-07-23T08:20:08.816+0000] {dag.py:3096} INFO - Sync 1 DAGs
[2025-07-23T08:20:08.965+0000] {logging_mixin.py:188} INFO - [2025-07-23T08:20:08.964+0000] {dag.py:3954} INFO - Setting next_dagrun for tutorial_dag to None, run_after=None
[2025-07-23T08:20:10.997+0000] {processor.py:183} INFO - Processing /home/airflow/.local/lib/python3.12/site-packages/airflow/example_dags/tutorial_dag.py took 2.409 seconds
[2025-07-23T08:20:46.523+0000] {processor.py:161} INFO - Started process (PID=819) to work on /home/airflow/.local/lib/python3.12/site-packages/airflow/example_dags/tutorial_dag.py
[2025-07-23T08:20:46.525+0000] {processor.py:830} INFO - Processing file /home/airflow/.local/lib/python3.12/site-packages/airflow/example_dags/tutorial_dag.py for tasks to queue
[2025-07-23T08:20:46.529+0000] {logging_mixin.py:188} INFO - [2025-07-23T08:20:46.528+0000] {dagbag.py:545} INFO - Filling up the DagBag from /home/airflow/.local/lib/python3.12/site-packages/airflow/example_dags/tutorial_dag.py
[2025-07-23T08:20:46.571+0000] {processor.py:840} INFO - DAG(s) 'tutorial_dag' retrieved from /home/airflow/.local/lib/python3.12/site-packages/airflow/example_dags/tutorial_dag.py
[2025-07-23T08:20:47.256+0000] {logging_mixin.py:188} INFO - [2025-07-23T08:20:47.255+0000] {dag.py:3096} INFO - Sync 1 DAGs
[2025-07-23T08:20:47.347+0000] {logging_mixin.py:188} INFO - [2025-07-23T08:20:47.346+0000] {dag.py:3954} INFO - Setting next_dagrun for tutorial_dag to None, run_after=None
[2025-07-23T08:20:47.534+0000] {processor.py:183} INFO - Processing /home/airflow/.local/lib/python3.12/site-packages/airflow/example_dags/tutorial_dag.py took 1.054 seconds
[2025-07-23T08:21:18.109+0000] {processor.py:161} INFO - Started process (PID=875) to work on /home/airflow/.local/lib/python3.12/site-packages/airflow/example_dags/tutorial_dag.py
[2025-07-23T08:21:18.111+0000] {processor.py:830} INFO - Processing file /home/airflow/.local/lib/python3.12/site-packages/airflow/example_dags/tutorial_dag.py for tasks to queue
[2025-07-23T08:21:18.125+0000] {logging_mixin.py:188} INFO - [2025-07-23T08:21:18.125+0000] {dagbag.py:545} INFO - Filling up the DagBag from /home/airflow/.local/lib/python3.12/site-packages/airflow/example_dags/tutorial_dag.py
[2025-07-23T08:21:18.161+0000] {processor.py:840} INFO - DAG(s) 'tutorial_dag' retrieved from /home/airflow/.local/lib/python3.12/site-packages/airflow/example_dags/tutorial_dag.py
[2025-07-23T08:21:18.238+0000] {logging_mixin.py:188} INFO - [2025-07-23T08:21:18.238+0000] {dag.py:3096} INFO - Sync 1 DAGs
[2025-07-23T08:21:18.318+0000] {logging_mixin.py:188} INFO - [2025-07-23T08:21:18.317+0000] {dag.py:3954} INFO - Setting next_dagrun for tutorial_dag to None, run_after=None
[2025-07-23T08:21:18.418+0000] {processor.py:183} INFO - Processing /home/airflow/.local/lib/python3.12/site-packages/airflow/example_dags/tutorial_dag.py took 0.343 seconds
[2025-07-23T08:21:49.295+0000] {processor.py:161} INFO - Started process (PID=929) to work on /home/airflow/.local/lib/python3.12/site-packages/airflow/example_dags/tutorial_dag.py
[2025-07-23T08:21:49.311+0000] {processor.py:830} INFO - Processing file /home/airflow/.local/lib/python3.12/site-packages/airflow/example_dags/tutorial_dag.py for tasks to queue
[2025-07-23T08:21:49.324+0000] {logging_mixin.py:188} INFO - [2025-07-23T08:21:49.314+0000] {dagbag.py:545} INFO - Filling up the DagBag from /home/airflow/.local/lib/python3.12/site-packages/airflow/example_dags/tutorial_dag.py
[2025-07-23T08:21:49.352+0000] {processor.py:840} INFO - DAG(s) 'tutorial_dag' retrieved from /home/airflow/.local/lib/python3.12/site-packages/airflow/example_dags/tutorial_dag.py
[2025-07-23T08:21:49.607+0000] {logging_mixin.py:188} INFO - [2025-07-23T08:21:49.607+0000] {dag.py:3096} INFO - Sync 1 DAGs
[2025-07-23T08:21:49.746+0000] {logging_mixin.py:188} INFO - [2025-07-23T08:21:49.745+0000] {dag.py:3954} INFO - Setting next_dagrun for tutorial_dag to None, run_after=None
[2025-07-23T08:21:49.812+0000] {processor.py:183} INFO - Processing /home/airflow/.local/lib/python3.12/site-packages/airflow/example_dags/tutorial_dag.py took 0.541 seconds
[2025-07-23T08:22:21.637+0000] {processor.py:161} INFO - Started process (PID=985) to work on /home/airflow/.local/lib/python3.12/site-packages/airflow/example_dags/tutorial_dag.py
[2025-07-23T08:22:21.638+0000] {processor.py:830} INFO - Processing file /home/airflow/.local/lib/python3.12/site-packages/airflow/example_dags/tutorial_dag.py for tasks to queue
[2025-07-23T08:22:21.698+0000] {logging_mixin.py:188} INFO - [2025-07-23T08:22:21.686+0000] {dagbag.py:545} INFO - Filling up the DagBag from /home/airflow/.local/lib/python3.12/site-packages/airflow/example_dags/tutorial_dag.py
[2025-07-23T08:22:21.776+0000] {processor.py:840} INFO - DAG(s) 'tutorial_dag' retrieved from /home/airflow/.local/lib/python3.12/site-packages/airflow/example_dags/tutorial_dag.py
[2025-07-23T08:22:21.904+0000] {logging_mixin.py:188} INFO - [2025-07-23T08:22:21.903+0000] {dag.py:3096} INFO - Sync 1 DAGs
[2025-07-23T08:22:21.965+0000] {logging_mixin.py:188} INFO - [2025-07-23T08:22:21.964+0000] {dag.py:3954} INFO - Setting next_dagrun for tutorial_dag to None, run_after=None
[2025-07-23T08:22:22.180+0000] {processor.py:183} INFO - Processing /home/airflow/.local/lib/python3.12/site-packages/airflow/example_dags/tutorial_dag.py took 0.680 seconds
[2025-07-23T08:22:54.863+0000] {processor.py:161} INFO - Started process (PID=1042) to work on /home/airflow/.local/lib/python3.12/site-packages/airflow/example_dags/tutorial_dag.py
[2025-07-23T08:22:54.865+0000] {processor.py:830} INFO - Processing file /home/airflow/.local/lib/python3.12/site-packages/airflow/example_dags/tutorial_dag.py for tasks to queue
[2025-07-23T08:22:54.876+0000] {logging_mixin.py:188} INFO - [2025-07-23T08:22:54.875+0000] {dagbag.py:545} INFO - Filling up the DagBag from /home/airflow/.local/lib/python3.12/site-packages/airflow/example_dags/tutorial_dag.py
[2025-07-23T08:22:54.922+0000] {processor.py:840} INFO - DAG(s) 'tutorial_dag' retrieved from /home/airflow/.local/lib/python3.12/site-packages/airflow/example_dags/tutorial_dag.py
[2025-07-23T08:22:55.258+0000] {logging_mixin.py:188} INFO - [2025-07-23T08:22:55.257+0000] {dag.py:3096} INFO - Sync 1 DAGs
[2025-07-23T08:22:55.369+0000] {logging_mixin.py:188} INFO - [2025-07-23T08:22:55.369+0000] {dag.py:3954} INFO - Setting next_dagrun for tutorial_dag to None, run_after=None
[2025-07-23T08:22:55.513+0000] {processor.py:183} INFO - Processing /home/airflow/.local/lib/python3.12/site-packages/airflow/example_dags/tutorial_dag.py took 0.673 seconds
[2025-07-23T08:23:35.717+0000] {processor.py:161} INFO - Started process (PID=1100) to work on /home/airflow/.local/lib/python3.12/site-packages/airflow/example_dags/tutorial_dag.py
[2025-07-23T08:23:35.780+0000] {processor.py:830} INFO - Processing file /home/airflow/.local/lib/python3.12/site-packages/airflow/example_dags/tutorial_dag.py for tasks to queue
[2025-07-23T08:23:35.846+0000] {logging_mixin.py:188} INFO - [2025-07-23T08:23:35.818+0000] {dagbag.py:545} INFO - Filling up the DagBag from /home/airflow/.local/lib/python3.12/site-packages/airflow/example_dags/tutorial_dag.py
[2025-07-23T08:23:35.928+0000] {processor.py:840} INFO - DAG(s) 'tutorial_dag' retrieved from /home/airflow/.local/lib/python3.12/site-packages/airflow/example_dags/tutorial_dag.py
[2025-07-23T08:23:36.149+0000] {logging_mixin.py:188} INFO - [2025-07-23T08:23:36.148+0000] {dag.py:3096} INFO - Sync 1 DAGs
[2025-07-23T08:23:36.375+0000] {logging_mixin.py:188} INFO - [2025-07-23T08:23:36.374+0000] {dag.py:3954} INFO - Setting next_dagrun for tutorial_dag to None, run_after=None
[2025-07-23T08:23:36.754+0000] {processor.py:183} INFO - Processing /home/airflow/.local/lib/python3.12/site-packages/airflow/example_dags/tutorial_dag.py took 1.123 seconds
[2025-07-23T08:24:07.918+0000] {processor.py:161} INFO - Started process (PID=1158) to work on /home/airflow/.local/lib/python3.12/site-packages/airflow/example_dags/tutorial_dag.py
[2025-07-23T08:24:07.923+0000] {processor.py:830} INFO - Processing file /home/airflow/.local/lib/python3.12/site-packages/airflow/example_dags/tutorial_dag.py for tasks to queue
[2025-07-23T08:24:07.944+0000] {logging_mixin.py:188} INFO - [2025-07-23T08:24:07.944+0000] {dagbag.py:545} INFO - Filling up the DagBag from /home/airflow/.local/lib/python3.12/site-packages/airflow/example_dags/tutorial_dag.py
[2025-07-23T08:24:07.974+0000] {processor.py:840} INFO - DAG(s) 'tutorial_dag' retrieved from /home/airflow/.local/lib/python3.12/site-packages/airflow/example_dags/tutorial_dag.py
[2025-07-23T08:24:08.133+0000] {logging_mixin.py:188} INFO - [2025-07-23T08:24:08.133+0000] {dag.py:3096} INFO - Sync 1 DAGs
[2025-07-23T08:24:08.233+0000] {logging_mixin.py:188} INFO - [2025-07-23T08:24:08.233+0000] {dag.py:3954} INFO - Setting next_dagrun for tutorial_dag to None, run_after=None
[2025-07-23T08:24:08.368+0000] {processor.py:183} INFO - Processing /home/airflow/.local/lib/python3.12/site-packages/airflow/example_dags/tutorial_dag.py took 0.466 seconds
[2025-07-23T08:24:38.866+0000] {processor.py:161} INFO - Started process (PID=1215) to work on /home/airflow/.local/lib/python3.12/site-packages/airflow/example_dags/tutorial_dag.py
[2025-07-23T08:24:38.883+0000] {processor.py:830} INFO - Processing file /home/airflow/.local/lib/python3.12/site-packages/airflow/example_dags/tutorial_dag.py for tasks to queue
[2025-07-23T08:24:38.893+0000] {logging_mixin.py:188} INFO - [2025-07-23T08:24:38.893+0000] {dagbag.py:545} INFO - Filling up the DagBag from /home/airflow/.local/lib/python3.12/site-packages/airflow/example_dags/tutorial_dag.py
[2025-07-23T08:24:38.918+0000] {processor.py:840} INFO - DAG(s) 'tutorial_dag' retrieved from /home/airflow/.local/lib/python3.12/site-packages/airflow/example_dags/tutorial_dag.py
[2025-07-23T08:24:38.999+0000] {logging_mixin.py:188} INFO - [2025-07-23T08:24:38.998+0000] {dag.py:3096} INFO - Sync 1 DAGs
[2025-07-23T08:24:39.062+0000] {logging_mixin.py:188} INFO - [2025-07-23T08:24:39.062+0000] {dag.py:3954} INFO - Setting next_dagrun for tutorial_dag to None, run_after=None
[2025-07-23T08:24:39.134+0000] {processor.py:183} INFO - Processing /home/airflow/.local/lib/python3.12/site-packages/airflow/example_dags/tutorial_dag.py took 0.294 seconds
[2025-07-23T08:25:09.439+0000] {processor.py:161} INFO - Started process (PID=1272) to work on /home/airflow/.local/lib/python3.12/site-packages/airflow/example_dags/tutorial_dag.py
[2025-07-23T08:25:09.445+0000] {processor.py:830} INFO - Processing file /home/airflow/.local/lib/python3.12/site-packages/airflow/example_dags/tutorial_dag.py for tasks to queue
[2025-07-23T08:25:09.452+0000] {logging_mixin.py:188} INFO - [2025-07-23T08:25:09.451+0000] {dagbag.py:545} INFO - Filling up the DagBag from /home/airflow/.local/lib/python3.12/site-packages/airflow/example_dags/tutorial_dag.py
[2025-07-23T08:25:09.472+0000] {processor.py:840} INFO - DAG(s) 'tutorial_dag' retrieved from /home/airflow/.local/lib/python3.12/site-packages/airflow/example_dags/tutorial_dag.py
[2025-07-23T08:25:09.520+0000] {logging_mixin.py:188} INFO - [2025-07-23T08:25:09.520+0000] {dag.py:3096} INFO - Sync 1 DAGs
[2025-07-23T08:25:09.550+0000] {logging_mixin.py:188} INFO - [2025-07-23T08:25:09.549+0000] {dag.py:3954} INFO - Setting next_dagrun for tutorial_dag to None, run_after=None
[2025-07-23T08:25:09.652+0000] {processor.py:183} INFO - Processing /home/airflow/.local/lib/python3.12/site-packages/airflow/example_dags/tutorial_dag.py took 0.226 seconds
[2025-07-23T08:25:39.872+0000] {processor.py:161} INFO - Started process (PID=1330) to work on /home/airflow/.local/lib/python3.12/site-packages/airflow/example_dags/tutorial_dag.py
[2025-07-23T08:25:39.876+0000] {processor.py:830} INFO - Processing file /home/airflow/.local/lib/python3.12/site-packages/airflow/example_dags/tutorial_dag.py for tasks to queue
[2025-07-23T08:25:39.889+0000] {logging_mixin.py:188} INFO - [2025-07-23T08:25:39.889+0000] {dagbag.py:545} INFO - Filling up the DagBag from /home/airflow/.local/lib/python3.12/site-packages/airflow/example_dags/tutorial_dag.py
[2025-07-23T08:25:39.923+0000] {processor.py:840} INFO - DAG(s) 'tutorial_dag' retrieved from /home/airflow/.local/lib/python3.12/site-packages/airflow/example_dags/tutorial_dag.py
[2025-07-23T08:25:40.028+0000] {logging_mixin.py:188} INFO - [2025-07-23T08:25:40.028+0000] {dag.py:3096} INFO - Sync 1 DAGs
[2025-07-23T08:25:40.108+0000] {logging_mixin.py:188} INFO - [2025-07-23T08:25:40.104+0000] {dag.py:3954} INFO - Setting next_dagrun for tutorial_dag to None, run_after=None
[2025-07-23T08:25:40.185+0000] {processor.py:183} INFO - Processing /home/airflow/.local/lib/python3.12/site-packages/airflow/example_dags/tutorial_dag.py took 0.351 seconds
[2025-07-23T08:26:10.690+0000] {processor.py:161} INFO - Started process (PID=1387) to work on /home/airflow/.local/lib/python3.12/site-packages/airflow/example_dags/tutorial_dag.py
[2025-07-23T08:26:10.708+0000] {processor.py:830} INFO - Processing file /home/airflow/.local/lib/python3.12/site-packages/airflow/example_dags/tutorial_dag.py for tasks to queue
[2025-07-23T08:26:10.712+0000] {logging_mixin.py:188} INFO - [2025-07-23T08:26:10.711+0000] {dagbag.py:545} INFO - Filling up the DagBag from /home/airflow/.local/lib/python3.12/site-packages/airflow/example_dags/tutorial_dag.py
[2025-07-23T08:26:10.727+0000] {processor.py:840} INFO - DAG(s) 'tutorial_dag' retrieved from /home/airflow/.local/lib/python3.12/site-packages/airflow/example_dags/tutorial_dag.py
[2025-07-23T08:26:11.062+0000] {logging_mixin.py:188} INFO - [2025-07-23T08:26:11.061+0000] {dag.py:3096} INFO - Sync 1 DAGs
[2025-07-23T08:26:11.255+0000] {logging_mixin.py:188} INFO - [2025-07-23T08:26:11.254+0000] {dag.py:3954} INFO - Setting next_dagrun for tutorial_dag to None, run_after=None
[2025-07-23T08:26:11.346+0000] {processor.py:183} INFO - Processing /home/airflow/.local/lib/python3.12/site-packages/airflow/example_dags/tutorial_dag.py took 0.680 seconds
[2025-07-23T08:26:41.638+0000] {processor.py:161} INFO - Started process (PID=1444) to work on /home/airflow/.local/lib/python3.12/site-packages/airflow/example_dags/tutorial_dag.py
[2025-07-23T08:26:41.643+0000] {processor.py:830} INFO - Processing file /home/airflow/.local/lib/python3.12/site-packages/airflow/example_dags/tutorial_dag.py for tasks to queue
[2025-07-23T08:26:41.679+0000] {logging_mixin.py:188} INFO - [2025-07-23T08:26:41.674+0000] {dagbag.py:545} INFO - Filling up the DagBag from /home/airflow/.local/lib/python3.12/site-packages/airflow/example_dags/tutorial_dag.py
[2025-07-23T08:26:41.731+0000] {processor.py:840} INFO - DAG(s) 'tutorial_dag' retrieved from /home/airflow/.local/lib/python3.12/site-packages/airflow/example_dags/tutorial_dag.py
[2025-07-23T08:26:41.838+0000] {logging_mixin.py:188} INFO - [2025-07-23T08:26:41.837+0000] {dag.py:3096} INFO - Sync 1 DAGs
[2025-07-23T08:26:41.940+0000] {logging_mixin.py:188} INFO - [2025-07-23T08:26:41.927+0000] {dag.py:3954} INFO - Setting next_dagrun for tutorial_dag to None, run_after=None
[2025-07-23T08:26:42.070+0000] {processor.py:183} INFO - Processing /home/airflow/.local/lib/python3.12/site-packages/airflow/example_dags/tutorial_dag.py took 0.463 seconds
[2025-07-23T08:27:18.624+0000] {processor.py:161} INFO - Started process (PID=1503) to work on /home/airflow/.local/lib/python3.12/site-packages/airflow/example_dags/tutorial_dag.py
[2025-07-23T08:27:18.732+0000] {processor.py:830} INFO - Processing file /home/airflow/.local/lib/python3.12/site-packages/airflow/example_dags/tutorial_dag.py for tasks to queue
[2025-07-23T08:27:18.800+0000] {logging_mixin.py:188} INFO - [2025-07-23T08:27:18.799+0000] {dagbag.py:545} INFO - Filling up the DagBag from /home/airflow/.local/lib/python3.12/site-packages/airflow/example_dags/tutorial_dag.py
[2025-07-23T08:27:18.910+0000] {processor.py:840} INFO - DAG(s) 'tutorial_dag' retrieved from /home/airflow/.local/lib/python3.12/site-packages/airflow/example_dags/tutorial_dag.py
[2025-07-23T08:27:19.105+0000] {logging_mixin.py:188} INFO - [2025-07-23T08:27:19.104+0000] {dag.py:3096} INFO - Sync 1 DAGs
[2025-07-23T08:27:19.295+0000] {logging_mixin.py:188} INFO - [2025-07-23T08:27:19.294+0000] {dag.py:3954} INFO - Setting next_dagrun for tutorial_dag to None, run_after=None
[2025-07-23T08:27:19.556+0000] {processor.py:183} INFO - Processing /home/airflow/.local/lib/python3.12/site-packages/airflow/example_dags/tutorial_dag.py took 1.000 seconds
[2025-07-23T08:27:54.510+0000] {processor.py:161} INFO - Started process (PID=1560) to work on /home/airflow/.local/lib/python3.12/site-packages/airflow/example_dags/tutorial_dag.py
[2025-07-23T08:27:54.515+0000] {processor.py:830} INFO - Processing file /home/airflow/.local/lib/python3.12/site-packages/airflow/example_dags/tutorial_dag.py for tasks to queue
[2025-07-23T08:27:54.533+0000] {logging_mixin.py:188} INFO - [2025-07-23T08:27:54.532+0000] {dagbag.py:545} INFO - Filling up the DagBag from /home/airflow/.local/lib/python3.12/site-packages/airflow/example_dags/tutorial_dag.py
[2025-07-23T08:27:54.560+0000] {processor.py:840} INFO - DAG(s) 'tutorial_dag' retrieved from /home/airflow/.local/lib/python3.12/site-packages/airflow/example_dags/tutorial_dag.py
[2025-07-23T08:27:54.660+0000] {logging_mixin.py:188} INFO - [2025-07-23T08:27:54.659+0000] {dag.py:3096} INFO - Sync 1 DAGs
[2025-07-23T08:27:54.742+0000] {logging_mixin.py:188} INFO - [2025-07-23T08:27:54.737+0000] {dag.py:3954} INFO - Setting next_dagrun for tutorial_dag to None, run_after=None
[2025-07-23T08:27:54.839+0000] {processor.py:183} INFO - Processing /home/airflow/.local/lib/python3.12/site-packages/airflow/example_dags/tutorial_dag.py took 0.370 seconds
[2025-07-23T08:28:25.153+0000] {processor.py:161} INFO - Started process (PID=1616) to work on /home/airflow/.local/lib/python3.12/site-packages/airflow/example_dags/tutorial_dag.py
[2025-07-23T08:28:25.166+0000] {processor.py:830} INFO - Processing file /home/airflow/.local/lib/python3.12/site-packages/airflow/example_dags/tutorial_dag.py for tasks to queue
[2025-07-23T08:28:25.182+0000] {logging_mixin.py:188} INFO - [2025-07-23T08:28:25.181+0000] {dagbag.py:545} INFO - Filling up the DagBag from /home/airflow/.local/lib/python3.12/site-packages/airflow/example_dags/tutorial_dag.py
[2025-07-23T08:28:25.216+0000] {processor.py:840} INFO - DAG(s) 'tutorial_dag' retrieved from /home/airflow/.local/lib/python3.12/site-packages/airflow/example_dags/tutorial_dag.py
[2025-07-23T08:28:25.374+0000] {logging_mixin.py:188} INFO - [2025-07-23T08:28:25.374+0000] {dag.py:3096} INFO - Sync 1 DAGs
[2025-07-23T08:28:25.514+0000] {logging_mixin.py:188} INFO - [2025-07-23T08:28:25.514+0000] {dag.py:3954} INFO - Setting next_dagrun for tutorial_dag to None, run_after=None
[2025-07-23T08:28:25.706+0000] {processor.py:183} INFO - Processing /home/airflow/.local/lib/python3.12/site-packages/airflow/example_dags/tutorial_dag.py took 0.595 seconds
[2025-07-23T08:28:56.578+0000] {processor.py:161} INFO - Started process (PID=1673) to work on /home/airflow/.local/lib/python3.12/site-packages/airflow/example_dags/tutorial_dag.py
[2025-07-23T08:28:56.582+0000] {processor.py:830} INFO - Processing file /home/airflow/.local/lib/python3.12/site-packages/airflow/example_dags/tutorial_dag.py for tasks to queue
[2025-07-23T08:28:56.595+0000] {logging_mixin.py:188} INFO - [2025-07-23T08:28:56.594+0000] {dagbag.py:545} INFO - Filling up the DagBag from /home/airflow/.local/lib/python3.12/site-packages/airflow/example_dags/tutorial_dag.py
[2025-07-23T08:28:56.617+0000] {processor.py:840} INFO - DAG(s) 'tutorial_dag' retrieved from /home/airflow/.local/lib/python3.12/site-packages/airflow/example_dags/tutorial_dag.py
[2025-07-23T08:28:56.797+0000] {logging_mixin.py:188} INFO - [2025-07-23T08:28:56.797+0000] {dag.py:3096} INFO - Sync 1 DAGs
[2025-07-23T08:28:56.939+0000] {logging_mixin.py:188} INFO - [2025-07-23T08:28:56.939+0000] {dag.py:3954} INFO - Setting next_dagrun for tutorial_dag to None, run_after=None
[2025-07-23T08:28:57.134+0000] {processor.py:183} INFO - Processing /home/airflow/.local/lib/python3.12/site-packages/airflow/example_dags/tutorial_dag.py took 0.610 seconds
[2025-07-23T08:29:27.828+0000] {processor.py:161} INFO - Started process (PID=1731) to work on /home/airflow/.local/lib/python3.12/site-packages/airflow/example_dags/tutorial_dag.py
[2025-07-23T08:29:27.833+0000] {processor.py:830} INFO - Processing file /home/airflow/.local/lib/python3.12/site-packages/airflow/example_dags/tutorial_dag.py for tasks to queue
[2025-07-23T08:29:27.847+0000] {logging_mixin.py:188} INFO - [2025-07-23T08:29:27.846+0000] {dagbag.py:545} INFO - Filling up the DagBag from /home/airflow/.local/lib/python3.12/site-packages/airflow/example_dags/tutorial_dag.py
[2025-07-23T08:29:27.885+0000] {processor.py:840} INFO - DAG(s) 'tutorial_dag' retrieved from /home/airflow/.local/lib/python3.12/site-packages/airflow/example_dags/tutorial_dag.py
[2025-07-23T08:29:27.958+0000] {logging_mixin.py:188} INFO - [2025-07-23T08:29:27.958+0000] {dag.py:3096} INFO - Sync 1 DAGs
[2025-07-23T08:29:28.000+0000] {logging_mixin.py:188} INFO - [2025-07-23T08:29:27.999+0000] {dag.py:3954} INFO - Setting next_dagrun for tutorial_dag to None, run_after=None
[2025-07-23T08:29:28.048+0000] {processor.py:183} INFO - Processing /home/airflow/.local/lib/python3.12/site-packages/airflow/example_dags/tutorial_dag.py took 0.245 seconds
[2025-07-23T08:29:58.141+0000] {processor.py:161} INFO - Started process (PID=1788) to work on /home/airflow/.local/lib/python3.12/site-packages/airflow/example_dags/tutorial_dag.py
[2025-07-23T08:29:58.143+0000] {processor.py:830} INFO - Processing file /home/airflow/.local/lib/python3.12/site-packages/airflow/example_dags/tutorial_dag.py for tasks to queue
[2025-07-23T08:29:58.147+0000] {logging_mixin.py:188} INFO - [2025-07-23T08:29:58.146+0000] {dagbag.py:545} INFO - Filling up the DagBag from /home/airflow/.local/lib/python3.12/site-packages/airflow/example_dags/tutorial_dag.py
[2025-07-23T08:29:58.165+0000] {processor.py:840} INFO - DAG(s) 'tutorial_dag' retrieved from /home/airflow/.local/lib/python3.12/site-packages/airflow/example_dags/tutorial_dag.py
[2025-07-23T08:29:58.212+0000] {logging_mixin.py:188} INFO - [2025-07-23T08:29:58.211+0000] {dag.py:3096} INFO - Sync 1 DAGs
[2025-07-23T08:29:58.246+0000] {logging_mixin.py:188} INFO - [2025-07-23T08:29:58.245+0000] {dag.py:3954} INFO - Setting next_dagrun for tutorial_dag to None, run_after=None
[2025-07-23T08:29:58.319+0000] {processor.py:183} INFO - Processing /home/airflow/.local/lib/python3.12/site-packages/airflow/example_dags/tutorial_dag.py took 0.195 seconds
[2025-07-23T08:30:28.543+0000] {processor.py:161} INFO - Started process (PID=1843) to work on /home/airflow/.local/lib/python3.12/site-packages/airflow/example_dags/tutorial_dag.py
[2025-07-23T08:30:28.550+0000] {processor.py:830} INFO - Processing file /home/airflow/.local/lib/python3.12/site-packages/airflow/example_dags/tutorial_dag.py for tasks to queue
[2025-07-23T08:30:28.555+0000] {logging_mixin.py:188} INFO - [2025-07-23T08:30:28.554+0000] {dagbag.py:545} INFO - Filling up the DagBag from /home/airflow/.local/lib/python3.12/site-packages/airflow/example_dags/tutorial_dag.py
[2025-07-23T08:30:28.573+0000] {processor.py:840} INFO - DAG(s) 'tutorial_dag' retrieved from /home/airflow/.local/lib/python3.12/site-packages/airflow/example_dags/tutorial_dag.py
[2025-07-23T08:30:28.641+0000] {logging_mixin.py:188} INFO - [2025-07-23T08:30:28.641+0000] {dag.py:3096} INFO - Sync 1 DAGs
[2025-07-23T08:30:28.678+0000] {logging_mixin.py:188} INFO - [2025-07-23T08:30:28.677+0000] {dag.py:3954} INFO - Setting next_dagrun for tutorial_dag to None, run_after=None
[2025-07-23T08:30:28.782+0000] {processor.py:183} INFO - Processing /home/airflow/.local/lib/python3.12/site-packages/airflow/example_dags/tutorial_dag.py took 0.263 seconds
[2025-07-23T08:30:58.901+0000] {processor.py:161} INFO - Started process (PID=1900) to work on /home/airflow/.local/lib/python3.12/site-packages/airflow/example_dags/tutorial_dag.py
[2025-07-23T08:30:58.902+0000] {processor.py:830} INFO - Processing file /home/airflow/.local/lib/python3.12/site-packages/airflow/example_dags/tutorial_dag.py for tasks to queue
[2025-07-23T08:30:58.905+0000] {logging_mixin.py:188} INFO - [2025-07-23T08:30:58.905+0000] {dagbag.py:545} INFO - Filling up the DagBag from /home/airflow/.local/lib/python3.12/site-packages/airflow/example_dags/tutorial_dag.py
[2025-07-23T08:30:58.913+0000] {processor.py:840} INFO - DAG(s) 'tutorial_dag' retrieved from /home/airflow/.local/lib/python3.12/site-packages/airflow/example_dags/tutorial_dag.py
[2025-07-23T08:30:58.960+0000] {logging_mixin.py:188} INFO - [2025-07-23T08:30:58.960+0000] {dag.py:3096} INFO - Sync 1 DAGs
[2025-07-23T08:30:59.013+0000] {logging_mixin.py:188} INFO - [2025-07-23T08:30:59.013+0000] {dag.py:3954} INFO - Setting next_dagrun for tutorial_dag to None, run_after=None
[2025-07-23T08:30:59.089+0000] {processor.py:183} INFO - Processing /home/airflow/.local/lib/python3.12/site-packages/airflow/example_dags/tutorial_dag.py took 0.202 seconds
[2025-07-23T08:31:29.279+0000] {processor.py:161} INFO - Started process (PID=1957) to work on /home/airflow/.local/lib/python3.12/site-packages/airflow/example_dags/tutorial_dag.py
[2025-07-23T08:31:29.295+0000] {processor.py:830} INFO - Processing file /home/airflow/.local/lib/python3.12/site-packages/airflow/example_dags/tutorial_dag.py for tasks to queue
[2025-07-23T08:31:29.302+0000] {logging_mixin.py:188} INFO - [2025-07-23T08:31:29.301+0000] {dagbag.py:545} INFO - Filling up the DagBag from /home/airflow/.local/lib/python3.12/site-packages/airflow/example_dags/tutorial_dag.py
[2025-07-23T08:31:29.313+0000] {processor.py:840} INFO - DAG(s) 'tutorial_dag' retrieved from /home/airflow/.local/lib/python3.12/site-packages/airflow/example_dags/tutorial_dag.py
[2025-07-23T08:31:29.388+0000] {logging_mixin.py:188} INFO - [2025-07-23T08:31:29.388+0000] {dag.py:3096} INFO - Sync 1 DAGs
[2025-07-23T08:31:29.446+0000] {logging_mixin.py:188} INFO - [2025-07-23T08:31:29.446+0000] {dag.py:3954} INFO - Setting next_dagrun for tutorial_dag to None, run_after=None
[2025-07-23T08:31:29.526+0000] {processor.py:183} INFO - Processing /home/airflow/.local/lib/python3.12/site-packages/airflow/example_dags/tutorial_dag.py took 0.259 seconds
[2025-07-23T08:31:59.632+0000] {processor.py:161} INFO - Started process (PID=2015) to work on /home/airflow/.local/lib/python3.12/site-packages/airflow/example_dags/tutorial_dag.py
[2025-07-23T08:31:59.634+0000] {processor.py:830} INFO - Processing file /home/airflow/.local/lib/python3.12/site-packages/airflow/example_dags/tutorial_dag.py for tasks to queue
[2025-07-23T08:31:59.637+0000] {logging_mixin.py:188} INFO - [2025-07-23T08:31:59.636+0000] {dagbag.py:545} INFO - Filling up the DagBag from /home/airflow/.local/lib/python3.12/site-packages/airflow/example_dags/tutorial_dag.py
[2025-07-23T08:31:59.645+0000] {processor.py:840} INFO - DAG(s) 'tutorial_dag' retrieved from /home/airflow/.local/lib/python3.12/site-packages/airflow/example_dags/tutorial_dag.py
[2025-07-23T08:31:59.684+0000] {logging_mixin.py:188} INFO - [2025-07-23T08:31:59.684+0000] {dag.py:3096} INFO - Sync 1 DAGs
[2025-07-23T08:31:59.933+0000] {logging_mixin.py:188} INFO - [2025-07-23T08:31:59.932+0000] {dag.py:3954} INFO - Setting next_dagrun for tutorial_dag to None, run_after=None
[2025-07-23T08:31:59.974+0000] {processor.py:183} INFO - Processing /home/airflow/.local/lib/python3.12/site-packages/airflow/example_dags/tutorial_dag.py took 0.354 seconds
[2025-07-23T08:35:00.196+0000] {processor.py:161} INFO - Started process (PID=74) to work on /home/airflow/.local/lib/python3.12/site-packages/airflow/example_dags/tutorial_dag.py
[2025-07-23T08:35:00.198+0000] {processor.py:830} INFO - Processing file /home/airflow/.local/lib/python3.12/site-packages/airflow/example_dags/tutorial_dag.py for tasks to queue
[2025-07-23T08:35:00.201+0000] {logging_mixin.py:188} INFO - [2025-07-23T08:35:00.201+0000] {dagbag.py:545} INFO - Filling up the DagBag from /home/airflow/.local/lib/python3.12/site-packages/airflow/example_dags/tutorial_dag.py
[2025-07-23T08:35:00.219+0000] {processor.py:840} INFO - DAG(s) 'tutorial_dag' retrieved from /home/airflow/.local/lib/python3.12/site-packages/airflow/example_dags/tutorial_dag.py
[2025-07-23T08:35:00.573+0000] {logging_mixin.py:188} INFO - [2025-07-23T08:35:00.573+0000] {dag.py:3096} INFO - Sync 1 DAGs
[2025-07-23T08:35:00.609+0000] {logging_mixin.py:188} INFO - [2025-07-23T08:35:00.609+0000] {dag.py:3954} INFO - Setting next_dagrun for tutorial_dag to None, run_after=None
[2025-07-23T08:35:00.650+0000] {processor.py:183} INFO - Processing /home/airflow/.local/lib/python3.12/site-packages/airflow/example_dags/tutorial_dag.py took 0.472 seconds
[2025-07-23T08:35:30.743+0000] {processor.py:161} INFO - Started process (PID=132) to work on /home/airflow/.local/lib/python3.12/site-packages/airflow/example_dags/tutorial_dag.py
[2025-07-23T08:35:30.744+0000] {processor.py:830} INFO - Processing file /home/airflow/.local/lib/python3.12/site-packages/airflow/example_dags/tutorial_dag.py for tasks to queue
[2025-07-23T08:35:30.747+0000] {logging_mixin.py:188} INFO - [2025-07-23T08:35:30.747+0000] {dagbag.py:545} INFO - Filling up the DagBag from /home/airflow/.local/lib/python3.12/site-packages/airflow/example_dags/tutorial_dag.py
[2025-07-23T08:35:30.761+0000] {processor.py:840} INFO - DAG(s) 'tutorial_dag' retrieved from /home/airflow/.local/lib/python3.12/site-packages/airflow/example_dags/tutorial_dag.py
[2025-07-23T08:35:30.796+0000] {logging_mixin.py:188} INFO - [2025-07-23T08:35:30.795+0000] {dag.py:3096} INFO - Sync 1 DAGs
[2025-07-23T08:35:30.830+0000] {logging_mixin.py:188} INFO - [2025-07-23T08:35:30.829+0000] {dag.py:3954} INFO - Setting next_dagrun for tutorial_dag to None, run_after=None
[2025-07-23T08:35:30.869+0000] {processor.py:183} INFO - Processing /home/airflow/.local/lib/python3.12/site-packages/airflow/example_dags/tutorial_dag.py took 0.139 seconds
[2025-07-23T08:36:03.142+0000] {processor.py:161} INFO - Started process (PID=190) to work on /home/airflow/.local/lib/python3.12/site-packages/airflow/example_dags/tutorial_dag.py
[2025-07-23T08:36:03.146+0000] {processor.py:830} INFO - Processing file /home/airflow/.local/lib/python3.12/site-packages/airflow/example_dags/tutorial_dag.py for tasks to queue
[2025-07-23T08:36:03.154+0000] {logging_mixin.py:188} INFO - [2025-07-23T08:36:03.149+0000] {dagbag.py:545} INFO - Filling up the DagBag from /home/airflow/.local/lib/python3.12/site-packages/airflow/example_dags/tutorial_dag.py
[2025-07-23T08:36:03.184+0000] {processor.py:840} INFO - DAG(s) 'tutorial_dag' retrieved from /home/airflow/.local/lib/python3.12/site-packages/airflow/example_dags/tutorial_dag.py
[2025-07-23T08:36:03.287+0000] {logging_mixin.py:188} INFO - [2025-07-23T08:36:03.286+0000] {dag.py:3096} INFO - Sync 1 DAGs
[2025-07-23T08:36:03.372+0000] {logging_mixin.py:188} INFO - [2025-07-23T08:36:03.370+0000] {dag.py:3954} INFO - Setting next_dagrun for tutorial_dag to None, run_after=None
[2025-07-23T08:36:03.524+0000] {processor.py:183} INFO - Processing /home/airflow/.local/lib/python3.12/site-packages/airflow/example_dags/tutorial_dag.py took 0.503 seconds
[2025-07-23T08:36:33.839+0000] {processor.py:161} INFO - Started process (PID=248) to work on /home/airflow/.local/lib/python3.12/site-packages/airflow/example_dags/tutorial_dag.py
[2025-07-23T08:36:33.841+0000] {processor.py:830} INFO - Processing file /home/airflow/.local/lib/python3.12/site-packages/airflow/example_dags/tutorial_dag.py for tasks to queue
[2025-07-23T08:36:33.845+0000] {logging_mixin.py:188} INFO - [2025-07-23T08:36:33.844+0000] {dagbag.py:545} INFO - Filling up the DagBag from /home/airflow/.local/lib/python3.12/site-packages/airflow/example_dags/tutorial_dag.py
[2025-07-23T08:36:33.856+0000] {processor.py:840} INFO - DAG(s) 'tutorial_dag' retrieved from /home/airflow/.local/lib/python3.12/site-packages/airflow/example_dags/tutorial_dag.py
[2025-07-23T08:36:33.910+0000] {logging_mixin.py:188} INFO - [2025-07-23T08:36:33.910+0000] {dag.py:3096} INFO - Sync 1 DAGs
[2025-07-23T08:36:33.951+0000] {logging_mixin.py:188} INFO - [2025-07-23T08:36:33.950+0000] {dag.py:3954} INFO - Setting next_dagrun for tutorial_dag to None, run_after=None
[2025-07-23T08:36:34.006+0000] {processor.py:183} INFO - Processing /home/airflow/.local/lib/python3.12/site-packages/airflow/example_dags/tutorial_dag.py took 0.180 seconds
[2025-07-23T08:37:04.976+0000] {processor.py:161} INFO - Started process (PID=307) to work on /home/airflow/.local/lib/python3.12/site-packages/airflow/example_dags/tutorial_dag.py
[2025-07-23T08:37:05.022+0000] {processor.py:830} INFO - Processing file /home/airflow/.local/lib/python3.12/site-packages/airflow/example_dags/tutorial_dag.py for tasks to queue
[2025-07-23T08:37:05.039+0000] {logging_mixin.py:188} INFO - [2025-07-23T08:37:05.038+0000] {dagbag.py:545} INFO - Filling up the DagBag from /home/airflow/.local/lib/python3.12/site-packages/airflow/example_dags/tutorial_dag.py
[2025-07-23T08:37:05.090+0000] {processor.py:840} INFO - DAG(s) 'tutorial_dag' retrieved from /home/airflow/.local/lib/python3.12/site-packages/airflow/example_dags/tutorial_dag.py
[2025-07-23T08:37:05.230+0000] {logging_mixin.py:188} INFO - [2025-07-23T08:37:05.229+0000] {dag.py:3096} INFO - Sync 1 DAGs
[2025-07-23T08:37:05.353+0000] {logging_mixin.py:188} INFO - [2025-07-23T08:37:05.353+0000] {dag.py:3954} INFO - Setting next_dagrun for tutorial_dag to None, run_after=None
[2025-07-23T08:37:05.461+0000] {processor.py:183} INFO - Processing /home/airflow/.local/lib/python3.12/site-packages/airflow/example_dags/tutorial_dag.py took 0.546 seconds
[2025-07-23T08:37:40.850+0000] {processor.py:161} INFO - Started process (PID=366) to work on /home/airflow/.local/lib/python3.12/site-packages/airflow/example_dags/tutorial_dag.py
[2025-07-23T08:37:40.852+0000] {processor.py:830} INFO - Processing file /home/airflow/.local/lib/python3.12/site-packages/airflow/example_dags/tutorial_dag.py for tasks to queue
[2025-07-23T08:37:40.891+0000] {logging_mixin.py:188} INFO - [2025-07-23T08:37:40.865+0000] {dagbag.py:545} INFO - Filling up the DagBag from /home/airflow/.local/lib/python3.12/site-packages/airflow/example_dags/tutorial_dag.py
[2025-07-23T08:37:40.958+0000] {processor.py:840} INFO - DAG(s) 'tutorial_dag' retrieved from /home/airflow/.local/lib/python3.12/site-packages/airflow/example_dags/tutorial_dag.py
[2025-07-23T08:37:41.110+0000] {logging_mixin.py:188} INFO - [2025-07-23T08:37:41.110+0000] {dag.py:3096} INFO - Sync 1 DAGs
[2025-07-23T08:37:41.221+0000] {logging_mixin.py:188} INFO - [2025-07-23T08:37:41.220+0000] {dag.py:3954} INFO - Setting next_dagrun for tutorial_dag to None, run_after=None
[2025-07-23T08:37:41.332+0000] {processor.py:183} INFO - Processing /home/airflow/.local/lib/python3.12/site-packages/airflow/example_dags/tutorial_dag.py took 0.626 seconds
[2025-07-23T08:38:18.774+0000] {processor.py:161} INFO - Started process (PID=429) to work on /home/airflow/.local/lib/python3.12/site-packages/airflow/example_dags/tutorial_dag.py
[2025-07-23T08:38:18.788+0000] {processor.py:830} INFO - Processing file /home/airflow/.local/lib/python3.12/site-packages/airflow/example_dags/tutorial_dag.py for tasks to queue
[2025-07-23T08:38:18.804+0000] {logging_mixin.py:188} INFO - [2025-07-23T08:38:18.804+0000] {dagbag.py:545} INFO - Filling up the DagBag from /home/airflow/.local/lib/python3.12/site-packages/airflow/example_dags/tutorial_dag.py
[2025-07-23T08:38:18.904+0000] {processor.py:840} INFO - DAG(s) 'tutorial_dag' retrieved from /home/airflow/.local/lib/python3.12/site-packages/airflow/example_dags/tutorial_dag.py
[2025-07-23T08:38:19.177+0000] {logging_mixin.py:188} INFO - [2025-07-23T08:38:19.176+0000] {dag.py:3096} INFO - Sync 1 DAGs
[2025-07-23T08:38:19.288+0000] {logging_mixin.py:188} INFO - [2025-07-23T08:38:19.288+0000] {dag.py:3954} INFO - Setting next_dagrun for tutorial_dag to None, run_after=None
[2025-07-23T08:38:19.457+0000] {processor.py:183} INFO - Processing /home/airflow/.local/lib/python3.12/site-packages/airflow/example_dags/tutorial_dag.py took 0.794 seconds
[2025-07-23T08:39:04.962+0000] {processor.py:161} INFO - Started process (PID=475) to work on /home/airflow/.local/lib/python3.12/site-packages/airflow/example_dags/tutorial_dag.py
[2025-07-23T08:39:04.978+0000] {processor.py:830} INFO - Processing file /home/airflow/.local/lib/python3.12/site-packages/airflow/example_dags/tutorial_dag.py for tasks to queue
[2025-07-23T08:39:04.981+0000] {logging_mixin.py:188} INFO - [2025-07-23T08:39:04.981+0000] {dagbag.py:545} INFO - Filling up the DagBag from /home/airflow/.local/lib/python3.12/site-packages/airflow/example_dags/tutorial_dag.py
[2025-07-23T08:39:05.042+0000] {processor.py:840} INFO - DAG(s) 'tutorial_dag' retrieved from /home/airflow/.local/lib/python3.12/site-packages/airflow/example_dags/tutorial_dag.py
[2025-07-23T08:39:05.887+0000] {logging_mixin.py:188} INFO - [2025-07-23T08:39:05.886+0000] {dag.py:3096} INFO - Sync 1 DAGs
[2025-07-23T08:39:06.626+0000] {logging_mixin.py:188} INFO - [2025-07-23T08:39:06.625+0000] {dag.py:3954} INFO - Setting next_dagrun for tutorial_dag to None, run_after=None
[2025-07-23T08:39:07.221+0000] {processor.py:183} INFO - Processing /home/airflow/.local/lib/python3.12/site-packages/airflow/example_dags/tutorial_dag.py took 2.337 seconds
[2025-07-23T08:40:07.228+0000] {processor.py:161} INFO - Started process (PID=537) to work on /home/airflow/.local/lib/python3.12/site-packages/airflow/example_dags/tutorial_dag.py
[2025-07-23T08:40:07.235+0000] {processor.py:830} INFO - Processing file /home/airflow/.local/lib/python3.12/site-packages/airflow/example_dags/tutorial_dag.py for tasks to queue
[2025-07-23T08:40:07.238+0000] {logging_mixin.py:188} INFO - [2025-07-23T08:40:07.238+0000] {dagbag.py:545} INFO - Filling up the DagBag from /home/airflow/.local/lib/python3.12/site-packages/airflow/example_dags/tutorial_dag.py
[2025-07-23T08:40:07.269+0000] {processor.py:840} INFO - DAG(s) 'tutorial_dag' retrieved from /home/airflow/.local/lib/python3.12/site-packages/airflow/example_dags/tutorial_dag.py
[2025-07-23T08:40:07.453+0000] {logging_mixin.py:188} INFO - [2025-07-23T08:40:07.452+0000] {dag.py:3096} INFO - Sync 1 DAGs
[2025-07-23T08:40:07.556+0000] {logging_mixin.py:188} INFO - [2025-07-23T08:40:07.552+0000] {dag.py:3954} INFO - Setting next_dagrun for tutorial_dag to None, run_after=None
[2025-07-23T08:40:07.757+0000] {processor.py:183} INFO - Processing /home/airflow/.local/lib/python3.12/site-packages/airflow/example_dags/tutorial_dag.py took 0.585 seconds
[2025-07-23T08:40:44.944+0000] {processor.py:161} INFO - Started process (PID=591) to work on /home/airflow/.local/lib/python3.12/site-packages/airflow/example_dags/tutorial_dag.py
[2025-07-23T08:40:44.948+0000] {processor.py:830} INFO - Processing file /home/airflow/.local/lib/python3.12/site-packages/airflow/example_dags/tutorial_dag.py for tasks to queue
[2025-07-23T08:40:44.952+0000] {logging_mixin.py:188} INFO - [2025-07-23T08:40:44.952+0000] {dagbag.py:545} INFO - Filling up the DagBag from /home/airflow/.local/lib/python3.12/site-packages/airflow/example_dags/tutorial_dag.py
[2025-07-23T08:40:44.974+0000] {processor.py:840} INFO - DAG(s) 'tutorial_dag' retrieved from /home/airflow/.local/lib/python3.12/site-packages/airflow/example_dags/tutorial_dag.py
[2025-07-23T08:40:45.077+0000] {logging_mixin.py:188} INFO - [2025-07-23T08:40:45.076+0000] {dag.py:3096} INFO - Sync 1 DAGs
[2025-07-23T08:40:45.131+0000] {logging_mixin.py:188} INFO - [2025-07-23T08:40:45.130+0000] {dag.py:3954} INFO - Setting next_dagrun for tutorial_dag to None, run_after=None
[2025-07-23T08:40:45.241+0000] {processor.py:183} INFO - Processing /home/airflow/.local/lib/python3.12/site-packages/airflow/example_dags/tutorial_dag.py took 0.319 seconds
[2025-07-23T09:00:40.834+0000] {processor.py:161} INFO - Started process (PID=36) to work on /home/airflow/.local/lib/python3.12/site-packages/airflow/example_dags/tutorial_dag.py
[2025-07-23T09:00:40.836+0000] {processor.py:830} INFO - Processing file /home/airflow/.local/lib/python3.12/site-packages/airflow/example_dags/tutorial_dag.py for tasks to queue
[2025-07-23T09:00:40.859+0000] {logging_mixin.py:188} INFO - [2025-07-23T09:00:40.858+0000] {dagbag.py:545} INFO - Filling up the DagBag from /home/airflow/.local/lib/python3.12/site-packages/airflow/example_dags/tutorial_dag.py
[2025-07-23T09:00:40.931+0000] {processor.py:840} INFO - DAG(s) 'tutorial_dag' retrieved from /home/airflow/.local/lib/python3.12/site-packages/airflow/example_dags/tutorial_dag.py
[2025-07-23T09:00:41.025+0000] {logging_mixin.py:188} INFO - [2025-07-23T09:00:41.024+0000] {dag.py:3096} INFO - Sync 1 DAGs
[2025-07-23T09:00:41.321+0000] {logging_mixin.py:188} INFO - [2025-07-23T09:00:41.320+0000] {dag.py:3954} INFO - Setting next_dagrun for tutorial_dag to None, run_after=None
[2025-07-23T09:00:42.024+0000] {processor.py:183} INFO - Processing /home/airflow/.local/lib/python3.12/site-packages/airflow/example_dags/tutorial_dag.py took 1.241 seconds
[2025-07-23T09:01:26.190+0000] {processor.py:161} INFO - Started process (PID=103) to work on /home/airflow/.local/lib/python3.12/site-packages/airflow/example_dags/tutorial_dag.py
[2025-07-23T09:01:26.192+0000] {processor.py:830} INFO - Processing file /home/airflow/.local/lib/python3.12/site-packages/airflow/example_dags/tutorial_dag.py for tasks to queue
[2025-07-23T09:01:26.204+0000] {logging_mixin.py:188} INFO - [2025-07-23T09:01:26.203+0000] {dagbag.py:545} INFO - Filling up the DagBag from /home/airflow/.local/lib/python3.12/site-packages/airflow/example_dags/tutorial_dag.py
[2025-07-23T09:01:26.222+0000] {processor.py:840} INFO - DAG(s) 'tutorial_dag' retrieved from /home/airflow/.local/lib/python3.12/site-packages/airflow/example_dags/tutorial_dag.py
[2025-07-23T09:01:26.316+0000] {logging_mixin.py:188} INFO - [2025-07-23T09:01:26.316+0000] {dag.py:3096} INFO - Sync 1 DAGs
[2025-07-23T09:01:26.365+0000] {logging_mixin.py:188} INFO - [2025-07-23T09:01:26.365+0000] {dag.py:3954} INFO - Setting next_dagrun for tutorial_dag to None, run_after=None
[2025-07-23T09:01:26.463+0000] {processor.py:183} INFO - Processing /home/airflow/.local/lib/python3.12/site-packages/airflow/example_dags/tutorial_dag.py took 0.321 seconds
[2025-07-23T09:01:56.660+0000] {processor.py:161} INFO - Started process (PID=153) to work on /home/airflow/.local/lib/python3.12/site-packages/airflow/example_dags/tutorial_dag.py
[2025-07-23T09:01:56.665+0000] {processor.py:830} INFO - Processing file /home/airflow/.local/lib/python3.12/site-packages/airflow/example_dags/tutorial_dag.py for tasks to queue
[2025-07-23T09:01:56.667+0000] {logging_mixin.py:188} INFO - [2025-07-23T09:01:56.666+0000] {dagbag.py:545} INFO - Filling up the DagBag from /home/airflow/.local/lib/python3.12/site-packages/airflow/example_dags/tutorial_dag.py
[2025-07-23T09:01:56.700+0000] {processor.py:840} INFO - DAG(s) 'tutorial_dag' retrieved from /home/airflow/.local/lib/python3.12/site-packages/airflow/example_dags/tutorial_dag.py
[2025-07-23T09:01:56.820+0000] {logging_mixin.py:188} INFO - [2025-07-23T09:01:56.819+0000] {dag.py:3096} INFO - Sync 1 DAGs
[2025-07-23T09:01:56.907+0000] {logging_mixin.py:188} INFO - [2025-07-23T09:01:56.907+0000] {dag.py:3954} INFO - Setting next_dagrun for tutorial_dag to None, run_after=None
[2025-07-23T09:01:57.055+0000] {processor.py:183} INFO - Processing /home/airflow/.local/lib/python3.12/site-packages/airflow/example_dags/tutorial_dag.py took 0.431 seconds
[2025-07-23T09:02:36.029+0000] {processor.py:161} INFO - Started process (PID=212) to work on /home/airflow/.local/lib/python3.12/site-packages/airflow/example_dags/tutorial_dag.py
[2025-07-23T09:02:36.045+0000] {processor.py:830} INFO - Processing file /home/airflow/.local/lib/python3.12/site-packages/airflow/example_dags/tutorial_dag.py for tasks to queue
[2025-07-23T09:02:36.063+0000] {logging_mixin.py:188} INFO - [2025-07-23T09:02:36.062+0000] {dagbag.py:545} INFO - Filling up the DagBag from /home/airflow/.local/lib/python3.12/site-packages/airflow/example_dags/tutorial_dag.py
[2025-07-23T09:02:36.119+0000] {processor.py:840} INFO - DAG(s) 'tutorial_dag' retrieved from /home/airflow/.local/lib/python3.12/site-packages/airflow/example_dags/tutorial_dag.py
[2025-07-23T09:02:36.338+0000] {logging_mixin.py:188} INFO - [2025-07-23T09:02:36.338+0000] {dag.py:3096} INFO - Sync 1 DAGs
[2025-07-23T09:02:36.514+0000] {logging_mixin.py:188} INFO - [2025-07-23T09:02:36.502+0000] {dag.py:3954} INFO - Setting next_dagrun for tutorial_dag to None, run_after=None
[2025-07-23T09:02:36.831+0000] {processor.py:183} INFO - Processing /home/airflow/.local/lib/python3.12/site-packages/airflow/example_dags/tutorial_dag.py took 0.852 seconds
[2025-07-23T09:03:08.160+0000] {processor.py:161} INFO - Started process (PID=266) to work on /home/airflow/.local/lib/python3.12/site-packages/airflow/example_dags/tutorial_dag.py
[2025-07-23T09:03:08.162+0000] {processor.py:830} INFO - Processing file /home/airflow/.local/lib/python3.12/site-packages/airflow/example_dags/tutorial_dag.py for tasks to queue
[2025-07-23T09:03:08.164+0000] {logging_mixin.py:188} INFO - [2025-07-23T09:03:08.163+0000] {dagbag.py:545} INFO - Filling up the DagBag from /home/airflow/.local/lib/python3.12/site-packages/airflow/example_dags/tutorial_dag.py
[2025-07-23T09:03:08.175+0000] {processor.py:840} INFO - DAG(s) 'tutorial_dag' retrieved from /home/airflow/.local/lib/python3.12/site-packages/airflow/example_dags/tutorial_dag.py
[2025-07-23T09:03:08.227+0000] {logging_mixin.py:188} INFO - [2025-07-23T09:03:08.226+0000] {dag.py:3096} INFO - Sync 1 DAGs
[2025-07-23T09:03:08.266+0000] {logging_mixin.py:188} INFO - [2025-07-23T09:03:08.266+0000] {dag.py:3954} INFO - Setting next_dagrun for tutorial_dag to None, run_after=None
[2025-07-23T09:03:08.304+0000] {processor.py:183} INFO - Processing /home/airflow/.local/lib/python3.12/site-packages/airflow/example_dags/tutorial_dag.py took 0.154 seconds
[2025-07-23T09:03:39.606+0000] {processor.py:161} INFO - Started process (PID=320) to work on /home/airflow/.local/lib/python3.12/site-packages/airflow/example_dags/tutorial_dag.py
[2025-07-23T09:03:39.609+0000] {processor.py:830} INFO - Processing file /home/airflow/.local/lib/python3.12/site-packages/airflow/example_dags/tutorial_dag.py for tasks to queue
[2025-07-23T09:03:39.620+0000] {logging_mixin.py:188} INFO - [2025-07-23T09:03:39.619+0000] {dagbag.py:545} INFO - Filling up the DagBag from /home/airflow/.local/lib/python3.12/site-packages/airflow/example_dags/tutorial_dag.py
[2025-07-23T09:03:39.639+0000] {processor.py:840} INFO - DAG(s) 'tutorial_dag' retrieved from /home/airflow/.local/lib/python3.12/site-packages/airflow/example_dags/tutorial_dag.py
[2025-07-23T09:03:39.771+0000] {logging_mixin.py:188} INFO - [2025-07-23T09:03:39.770+0000] {dag.py:3096} INFO - Sync 1 DAGs
[2025-07-23T09:03:39.852+0000] {logging_mixin.py:188} INFO - [2025-07-23T09:03:39.852+0000] {dag.py:3954} INFO - Setting next_dagrun for tutorial_dag to None, run_after=None
[2025-07-23T09:03:40.068+0000] {processor.py:183} INFO - Processing /home/airflow/.local/lib/python3.12/site-packages/airflow/example_dags/tutorial_dag.py took 0.477 seconds
[2025-07-23T09:04:18.585+0000] {processor.py:161} INFO - Started process (PID=379) to work on /home/airflow/.local/lib/python3.12/site-packages/airflow/example_dags/tutorial_dag.py
[2025-07-23T09:04:18.598+0000] {processor.py:830} INFO - Processing file /home/airflow/.local/lib/python3.12/site-packages/airflow/example_dags/tutorial_dag.py for tasks to queue
[2025-07-23T09:04:18.675+0000] {logging_mixin.py:188} INFO - [2025-07-23T09:04:18.635+0000] {dagbag.py:545} INFO - Filling up the DagBag from /home/airflow/.local/lib/python3.12/site-packages/airflow/example_dags/tutorial_dag.py
[2025-07-23T09:04:18.827+0000] {processor.py:840} INFO - DAG(s) 'tutorial_dag' retrieved from /home/airflow/.local/lib/python3.12/site-packages/airflow/example_dags/tutorial_dag.py
[2025-07-23T09:04:19.172+0000] {logging_mixin.py:188} INFO - [2025-07-23T09:04:19.169+0000] {dag.py:3096} INFO - Sync 1 DAGs
[2025-07-23T09:04:19.405+0000] {logging_mixin.py:188} INFO - [2025-07-23T09:04:19.404+0000] {dag.py:3954} INFO - Setting next_dagrun for tutorial_dag to None, run_after=None
[2025-07-23T09:04:19.912+0000] {processor.py:183} INFO - Processing /home/airflow/.local/lib/python3.12/site-packages/airflow/example_dags/tutorial_dag.py took 1.364 seconds
[2025-07-23T09:04:50.343+0000] {processor.py:161} INFO - Started process (PID=438) to work on /home/airflow/.local/lib/python3.12/site-packages/airflow/example_dags/tutorial_dag.py
[2025-07-23T09:04:50.355+0000] {processor.py:830} INFO - Processing file /home/airflow/.local/lib/python3.12/site-packages/airflow/example_dags/tutorial_dag.py for tasks to queue
[2025-07-23T09:04:50.397+0000] {logging_mixin.py:188} INFO - [2025-07-23T09:04:50.397+0000] {dagbag.py:545} INFO - Filling up the DagBag from /home/airflow/.local/lib/python3.12/site-packages/airflow/example_dags/tutorial_dag.py
[2025-07-23T09:04:50.469+0000] {processor.py:840} INFO - DAG(s) 'tutorial_dag' retrieved from /home/airflow/.local/lib/python3.12/site-packages/airflow/example_dags/tutorial_dag.py
[2025-07-23T09:04:50.849+0000] {logging_mixin.py:188} INFO - [2025-07-23T09:04:50.821+0000] {dag.py:3096} INFO - Sync 1 DAGs
[2025-07-23T09:04:51.326+0000] {logging_mixin.py:188} INFO - [2025-07-23T09:04:51.325+0000] {dag.py:3954} INFO - Setting next_dagrun for tutorial_dag to None, run_after=None
[2025-07-23T09:04:51.781+0000] {processor.py:183} INFO - Processing /home/airflow/.local/lib/python3.12/site-packages/airflow/example_dags/tutorial_dag.py took 1.476 seconds
[2025-07-23T09:05:22.555+0000] {processor.py:161} INFO - Started process (PID=490) to work on /home/airflow/.local/lib/python3.12/site-packages/airflow/example_dags/tutorial_dag.py
[2025-07-23T09:05:22.557+0000] {processor.py:830} INFO - Processing file /home/airflow/.local/lib/python3.12/site-packages/airflow/example_dags/tutorial_dag.py for tasks to queue
[2025-07-23T09:05:22.560+0000] {logging_mixin.py:188} INFO - [2025-07-23T09:05:22.559+0000] {dagbag.py:545} INFO - Filling up the DagBag from /home/airflow/.local/lib/python3.12/site-packages/airflow/example_dags/tutorial_dag.py
[2025-07-23T09:05:22.573+0000] {processor.py:840} INFO - DAG(s) 'tutorial_dag' retrieved from /home/airflow/.local/lib/python3.12/site-packages/airflow/example_dags/tutorial_dag.py
[2025-07-23T09:05:22.941+0000] {logging_mixin.py:188} INFO - [2025-07-23T09:05:22.940+0000] {dag.py:3096} INFO - Sync 1 DAGs
[2025-07-23T09:05:23.000+0000] {logging_mixin.py:188} INFO - [2025-07-23T09:05:23.000+0000] {dag.py:3954} INFO - Setting next_dagrun for tutorial_dag to None, run_after=None
[2025-07-23T09:05:23.083+0000] {processor.py:183} INFO - Processing /home/airflow/.local/lib/python3.12/site-packages/airflow/example_dags/tutorial_dag.py took 0.546 seconds
[2025-07-23T09:05:53.500+0000] {processor.py:161} INFO - Started process (PID=550) to work on /home/airflow/.local/lib/python3.12/site-packages/airflow/example_dags/tutorial_dag.py
[2025-07-23T09:05:53.502+0000] {processor.py:830} INFO - Processing file /home/airflow/.local/lib/python3.12/site-packages/airflow/example_dags/tutorial_dag.py for tasks to queue
[2025-07-23T09:05:53.503+0000] {logging_mixin.py:188} INFO - [2025-07-23T09:05:53.503+0000] {dagbag.py:545} INFO - Filling up the DagBag from /home/airflow/.local/lib/python3.12/site-packages/airflow/example_dags/tutorial_dag.py
[2025-07-23T09:05:53.511+0000] {processor.py:840} INFO - DAG(s) 'tutorial_dag' retrieved from /home/airflow/.local/lib/python3.12/site-packages/airflow/example_dags/tutorial_dag.py
[2025-07-23T09:05:53.554+0000] {logging_mixin.py:188} INFO - [2025-07-23T09:05:53.554+0000] {dag.py:3096} INFO - Sync 1 DAGs
[2025-07-23T09:05:53.587+0000] {logging_mixin.py:188} INFO - [2025-07-23T09:05:53.586+0000] {dag.py:3954} INFO - Setting next_dagrun for tutorial_dag to None, run_after=None
[2025-07-23T09:05:53.629+0000] {processor.py:183} INFO - Processing /home/airflow/.local/lib/python3.12/site-packages/airflow/example_dags/tutorial_dag.py took 0.140 seconds
[2025-07-23T09:06:23.771+0000] {processor.py:161} INFO - Started process (PID=608) to work on /home/airflow/.local/lib/python3.12/site-packages/airflow/example_dags/tutorial_dag.py
[2025-07-23T09:06:23.773+0000] {processor.py:830} INFO - Processing file /home/airflow/.local/lib/python3.12/site-packages/airflow/example_dags/tutorial_dag.py for tasks to queue
[2025-07-23T09:06:23.774+0000] {logging_mixin.py:188} INFO - [2025-07-23T09:06:23.774+0000] {dagbag.py:545} INFO - Filling up the DagBag from /home/airflow/.local/lib/python3.12/site-packages/airflow/example_dags/tutorial_dag.py
[2025-07-23T09:06:23.783+0000] {processor.py:840} INFO - DAG(s) 'tutorial_dag' retrieved from /home/airflow/.local/lib/python3.12/site-packages/airflow/example_dags/tutorial_dag.py
[2025-07-23T09:06:23.818+0000] {logging_mixin.py:188} INFO - [2025-07-23T09:06:23.818+0000] {dag.py:3096} INFO - Sync 1 DAGs
[2025-07-23T09:06:23.840+0000] {logging_mixin.py:188} INFO - [2025-07-23T09:06:23.839+0000] {dag.py:3954} INFO - Setting next_dagrun for tutorial_dag to None, run_after=None
[2025-07-23T09:06:23.884+0000] {processor.py:183} INFO - Processing /home/airflow/.local/lib/python3.12/site-packages/airflow/example_dags/tutorial_dag.py took 0.123 seconds
[2025-07-23T09:06:53.986+0000] {processor.py:161} INFO - Started process (PID=667) to work on /home/airflow/.local/lib/python3.12/site-packages/airflow/example_dags/tutorial_dag.py
[2025-07-23T09:06:53.988+0000] {processor.py:830} INFO - Processing file /home/airflow/.local/lib/python3.12/site-packages/airflow/example_dags/tutorial_dag.py for tasks to queue
[2025-07-23T09:06:53.989+0000] {logging_mixin.py:188} INFO - [2025-07-23T09:06:53.989+0000] {dagbag.py:545} INFO - Filling up the DagBag from /home/airflow/.local/lib/python3.12/site-packages/airflow/example_dags/tutorial_dag.py
[2025-07-23T09:06:53.996+0000] {processor.py:840} INFO - DAG(s) 'tutorial_dag' retrieved from /home/airflow/.local/lib/python3.12/site-packages/airflow/example_dags/tutorial_dag.py
[2025-07-23T09:06:54.029+0000] {logging_mixin.py:188} INFO - [2025-07-23T09:06:54.029+0000] {dag.py:3096} INFO - Sync 1 DAGs
[2025-07-23T09:06:54.048+0000] {logging_mixin.py:188} INFO - [2025-07-23T09:06:54.048+0000] {dag.py:3954} INFO - Setting next_dagrun for tutorial_dag to None, run_after=None
[2025-07-23T09:06:54.081+0000] {processor.py:183} INFO - Processing /home/airflow/.local/lib/python3.12/site-packages/airflow/example_dags/tutorial_dag.py took 0.103 seconds
